2026-02-20 11:13:45,328 - WARNING - w_style=213.6385 looks high for Projected SWD loss. Recommended start range is [5, 20].
2026-02-20 11:13:45,328 - INFO - Active losses: w_style, w_moment, w_identity, w_structure
2026-02-20 11:13:45,354 - INFO - Device: cuda
2026-02-20 11:13:45,354 - INFO - Seed: 42
2026-02-20 11:13:45,354 - INFO - Loading latent dataset from ..\..\sdxl-256-overfit50
2026-02-20 11:13:45,360 - INFO -   style=photo id=0 count=10
2026-02-20 11:13:45,364 - INFO -   style=Hayao id=1 count=10
2026-02-20 11:13:45,367 - INFO -   style=monet id=2 count=10
2026-02-20 11:13:45,370 - INFO -   style=cezanne id=3 count=10
2026-02-20 11:13:45,373 - INFO -   style=vangogh id=4 count=10
2026-02-20 11:13:45,432 - INFO - Dataset preloaded to cuda: 0.00GB across 5 style pools.
2026-02-20 11:13:45,433 - INFO - DataLoader | batch=50 workers=0 pin_memory=False persistent_workers=False preload_to_gpu=True
2026-02-20 11:13:45,477 - INFO - Model params: 7,153,476
2026-02-20 11:13:45,480 - INFO - Adding NCE Projector params to optimizer: 4 tensors
2026-02-20 11:13:46,126 - INFO - No checkpoint found, start from scratch.
2026-02-20 11:13:48,454 - INFO - [Epoch 1 Step 10/1000] loss=7427.3390 style=33.2238 mom=0.5977 struct=3.9509 tv=0.0000 idt=0.0490 it/s=4.30 eta=230.4s
2026-02-20 11:13:49,644 - INFO - [Epoch 1 Step 20/1000] loss=7570.7684 style=33.8390 mom=0.6029 struct=3.9657 tv=0.0000 idt=0.0676 it/s=5.69 eta=172.4s
2026-02-20 11:13:50,829 - INFO - [Epoch 1 Step 30/1000] loss=7528.1201 style=33.5938 mom=0.6031 struct=3.9697 tv=0.0000 idt=0.0848 it/s=6.38 eta=152.1s
2026-02-20 11:13:52,014 - INFO - [Epoch 1 Step 40/1000] loss=7474.5834 style=33.3040 mom=0.6020 struct=3.9636 tv=0.0000 idt=0.1008 it/s=6.79 eta=141.3s
2026-02-20 11:13:53,204 - INFO - [Epoch 1 Step 50/1000] loss=7476.7955 style=33.2652 mom=0.6039 struct=3.9625 tv=0.0000 idt=0.1192 it/s=7.07 eta=134.5s
2026-02-20 11:13:54,382 - INFO - [Epoch 1 Step 60/1000] loss=7394.7181 style=32.8250 mom=0.6037 struct=3.9699 tv=0.0000 idt=0.1402 it/s=7.27 eta=129.3s
2026-02-20 11:13:55,567 - INFO - [Epoch 1 Step 70/1000] loss=7295.7651 style=32.3049 mom=0.6014 struct=3.9739 tv=0.0000 idt=0.1625 it/s=7.41 eta=125.4s
2026-02-20 11:13:56,750 - INFO - [Epoch 1 Step 80/1000] loss=7264.4657 style=32.0765 mom=0.6024 struct=3.9808 tv=0.0000 idt=0.1932 it/s=7.53 eta=122.2s
2026-02-20 11:13:57,933 - INFO - [Epoch 1 Step 90/1000] loss=7178.1944 style=31.5879 mom=0.6019 struct=3.9864 tv=0.0000 idt=0.2256 it/s=7.62 eta=119.4s
2026-02-20 11:13:59,116 - INFO - [Epoch 1 Step 100/1000] loss=7098.0981 style=31.1288 mom=0.6022 struct=3.9941 tv=0.0000 idt=0.2573 it/s=7.70 eta=116.9s
2026-02-20 11:14:00,298 - INFO - [Epoch 1 Step 110/1000] loss=7021.6120 style=30.7279 mom=0.6007 struct=4.0017 tv=0.0000 idt=0.2736 it/s=7.76 eta=114.7s
2026-02-20 11:14:01,479 - INFO - [Epoch 1 Step 120/1000] loss=6936.9256 style=30.2771 mom=0.6000 struct=4.0081 tv=0.0000 idt=0.2943 it/s=7.82 eta=112.6s
2026-02-20 11:14:02,654 - INFO - [Epoch 1 Step 130/1000] loss=6867.8880 style=29.9028 mom=0.5978 struct=4.0161 tv=0.0000 idt=0.3140 it/s=7.87 eta=110.6s
2026-02-20 11:14:03,844 - INFO - [Epoch 1 Step 140/1000] loss=6782.1715 style=29.4604 mom=0.5966 struct=4.0218 tv=0.0000 idt=0.3298 it/s=7.90 eta=108.8s
2026-02-20 11:14:05,026 - INFO - [Epoch 1 Step 150/1000] loss=6725.3564 style=29.1356 mom=0.5959 struct=4.0291 tv=0.0000 idt=0.3521 it/s=7.94 eta=107.1s
2026-02-20 11:14:06,208 - INFO - [Epoch 1 Step 160/1000] loss=6659.0615 style=28.7811 mom=0.5940 struct=4.0374 tv=0.0000 idt=0.3690 it/s=7.97 eta=105.4s
2026-02-20 11:14:07,390 - INFO - [Epoch 1 Step 170/1000] loss=6591.2739 style=28.3992 mom=0.5917 struct=4.0473 tv=0.0000 idt=0.3938 it/s=8.00 eta=103.8s
2026-02-20 11:14:08,572 - INFO - [Epoch 1 Step 180/1000] loss=6519.9085 style=28.0251 mom=0.5901 struct=4.0563 tv=0.0000 idt=0.4090 it/s=8.02 eta=102.2s
2026-02-20 11:14:09,769 - INFO - [Epoch 1 Step 190/1000] loss=6463.2663 style=27.7090 mom=0.5876 struct=4.0676 tv=0.0000 idt=0.4285 it/s=8.04 eta=100.8s
2026-02-20 11:14:10,947 - INFO - [Epoch 1 Step 200/1000] loss=6404.8499 style=27.3979 mom=0.5852 struct=4.0782 tv=0.0000 idt=0.4429 it/s=8.06 eta=99.3s
2026-02-20 11:14:12,132 - INFO - [Epoch 1 Step 210/1000] loss=6339.1623 style=27.0496 mom=0.5828 struct=4.0863 tv=0.0000 idt=0.4587 it/s=8.08 eta=97.8s
2026-02-20 11:14:13,306 - INFO - [Epoch 1 Step 220/1000] loss=6273.9714 style=26.7187 mom=0.5796 struct=4.0948 tv=0.0000 idt=0.4689 it/s=8.09 eta=96.4s
2026-02-20 11:14:14,505 - INFO - [Epoch 1 Step 230/1000] loss=6222.7950 style=26.4397 mom=0.5769 struct=4.1060 tv=0.0000 idt=0.4840 it/s=8.10 eta=95.0s
2026-02-20 11:14:15,688 - INFO - [Epoch 1 Step 240/1000] loss=6175.9289 style=26.1799 mom=0.5744 struct=4.1177 tv=0.0000 idt=0.4994 it/s=8.12 eta=93.6s
2026-02-20 11:14:16,871 - INFO - [Epoch 1 Step 250/1000] loss=6134.6340 style=25.9401 mom=0.5722 struct=4.1272 tv=0.0000 idt=0.5173 it/s=8.13 eta=92.2s
2026-02-20 11:14:18,054 - INFO - [Epoch 1 Step 260/1000] loss=6098.9957 style=25.7478 mom=0.5703 struct=4.1366 tv=0.0000 idt=0.5269 it/s=8.14 eta=90.9s
2026-02-20 11:14:19,685 - INFO - [Epoch 1 Step 270/1000] loss=6058.6083 style=25.5252 mom=0.5683 struct=4.1452 tv=0.0000 idt=0.5397 it/s=8.05 eta=90.7s
2026-02-20 11:14:21,359 - INFO - [Epoch 1 Step 280/1000] loss=6019.9817 style=25.3158 mom=0.5665 struct=4.1560 tv=0.0000 idt=0.5504 it/s=7.95 eta=90.6s
2026-02-20 11:14:23,003 - INFO - [Epoch 1 Step 290/1000] loss=5982.7684 style=25.1147 mom=0.5653 struct=4.1647 tv=0.0000 idt=0.5604 it/s=7.86 eta=90.3s
2026-02-20 11:14:24,651 - INFO - [Epoch 1 Step 300/1000] loss=5947.9101 style=24.9257 mom=0.5637 struct=4.1711 tv=0.0000 idt=0.5704 it/s=7.79 eta=89.9s
2026-02-20 11:14:26,299 - INFO - [Epoch 1 Step 310/1000] loss=5923.8167 style=24.7880 mom=0.5626 struct=4.1791 tv=0.0000 idt=0.5796 it/s=7.72 eta=89.4s
2026-02-20 11:14:27,943 - INFO - [Epoch 1 Step 320/1000] loss=5888.9731 style=24.5971 mom=0.5609 struct=4.1895 tv=0.0000 idt=0.5900 it/s=7.65 eta=88.9s
2026-02-20 11:14:29,589 - INFO - [Epoch 1 Step 330/1000] loss=5855.7653 style=24.4286 mom=0.5593 struct=4.1966 tv=0.0000 idt=0.5949 it/s=7.59 eta=88.2s
2026-02-20 11:14:31,232 - INFO - [Epoch 1 Step 340/1000] loss=5827.9547 style=24.2799 mom=0.5584 struct=4.2042 tv=0.0000 idt=0.6017 it/s=7.54 eta=87.6s
2026-02-20 11:14:32,885 - INFO - [Epoch 1 Step 350/1000] loss=5801.8588 style=24.1374 mom=0.5576 struct=4.2123 tv=0.0000 idt=0.6091 it/s=7.49 eta=86.8s
2026-02-20 11:14:34,526 - INFO - [Epoch 1 Step 360/1000] loss=5769.9970 style=23.9720 mom=0.5564 struct=4.2200 tv=0.0000 idt=0.6151 it/s=7.44 eta=86.0s
2026-02-20 11:14:36,168 - INFO - [Epoch 1 Step 370/1000] loss=5742.6451 style=23.8327 mom=0.5550 struct=4.2272 tv=0.0000 idt=0.6193 it/s=7.39 eta=85.2s
2026-02-20 11:14:37,808 - INFO - [Epoch 1 Step 380/1000] loss=5714.4458 style=23.6921 mom=0.5536 struct=4.2349 tv=0.0000 idt=0.6224 it/s=7.35 eta=84.3s
2026-02-20 11:14:39,446 - INFO - [Epoch 1 Step 390/1000] loss=5690.5354 style=23.5612 mom=0.5526 struct=4.2422 tv=0.0000 idt=0.6294 it/s=7.31 eta=83.4s
2026-02-20 11:14:41,086 - INFO - [Epoch 1 Step 400/1000] loss=5669.1793 style=23.4517 mom=0.5515 struct=4.2476 tv=0.0000 idt=0.6329 it/s=7.28 eta=82.4s
2026-02-20 11:14:42,725 - INFO - [Epoch 1 Step 410/1000] loss=5647.7431 style=23.3423 mom=0.5504 struct=4.2544 tv=0.0000 idt=0.6362 it/s=7.24 eta=81.4s
2026-02-20 11:14:44,378 - INFO - [Epoch 1 Step 420/1000] loss=5630.2329 style=23.2410 mom=0.5494 struct=4.2619 tv=0.0000 idt=0.6434 it/s=7.21 eta=80.4s
2026-02-20 11:14:46,016 - INFO - [Epoch 1 Step 430/1000] loss=5616.1874 style=23.1727 mom=0.5486 struct=4.2664 tv=0.0000 idt=0.6442 it/s=7.18 eta=79.4s
2026-02-20 11:14:47,654 - INFO - [Epoch 1 Step 440/1000] loss=5603.2899 style=23.0932 mom=0.5478 struct=4.2731 tv=0.0000 idt=0.6513 it/s=7.15 eta=78.3s
2026-02-20 11:14:49,292 - INFO - [Epoch 1 Step 450/1000] loss=5584.2292 style=22.9896 mom=0.5467 struct=4.2786 tv=0.0000 idt=0.6567 it/s=7.12 eta=77.2s
2026-02-20 11:14:50,931 - INFO - [Epoch 1 Step 460/1000] loss=5563.0229 style=22.8930 mom=0.5460 struct=4.2829 tv=0.0000 idt=0.6555 it/s=7.10 eta=76.1s
2026-02-20 11:14:52,569 - INFO - [Epoch 1 Step 470/1000] loss=5545.1884 style=22.8036 mom=0.5450 struct=4.2884 tv=0.0000 idt=0.6576 it/s=7.07 eta=74.9s
2026-02-20 11:14:54,209 - INFO - [Epoch 1 Step 480/1000] loss=5526.0868 style=22.7054 mom=0.5442 struct=4.2938 tv=0.0000 idt=0.6608 it/s=7.05 eta=73.8s
2026-02-20 11:14:55,848 - INFO - [Epoch 1 Step 490/1000] loss=5507.5984 style=22.6064 mom=0.5432 struct=4.2999 tv=0.0000 idt=0.6654 it/s=7.03 eta=72.6s
2026-02-20 11:14:57,485 - INFO - [Epoch 1 Step 500/1000] loss=5488.5580 style=22.5115 mom=0.5421 struct=4.3055 tv=0.0000 idt=0.6675 it/s=7.01 eta=71.4s
2026-02-20 11:14:59,124 - INFO - [Epoch 1 Step 510/1000] loss=5468.5044 style=22.4125 mom=0.5408 struct=4.3099 tv=0.0000 idt=0.6695 it/s=6.99 eta=70.1s
2026-02-20 11:15:00,759 - INFO - [Epoch 1 Step 520/1000] loss=5457.5690 style=22.3573 mom=0.5405 struct=4.3140 tv=0.0000 idt=0.6708 it/s=6.97 eta=68.9s
2026-02-20 11:15:02,394 - INFO - [Epoch 1 Step 530/1000] loss=5444.4374 style=22.2910 mom=0.5400 struct=4.3181 tv=0.0000 idt=0.6725 it/s=6.95 eta=67.6s
2026-02-20 11:15:04,027 - INFO - [Epoch 1 Step 540/1000] loss=5427.6854 style=22.2103 mom=0.5394 struct=4.3237 tv=0.0000 idt=0.6731 it/s=6.93 eta=66.4s
2026-02-20 11:15:05,662 - INFO - [Epoch 1 Step 550/1000] loss=5411.5747 style=22.1331 mom=0.5388 struct=4.3292 tv=0.0000 idt=0.6735 it/s=6.92 eta=65.1s
2026-02-20 11:15:07,297 - INFO - [Epoch 1 Step 560/1000] loss=5395.3604 style=22.0573 mom=0.5381 struct=4.3359 tv=0.0000 idt=0.6731 it/s=6.90 eta=63.8s
2026-02-20 11:15:08,931 - INFO - [Epoch 1 Step 570/1000] loss=5378.7150 style=21.9785 mom=0.5373 struct=4.3399 tv=0.0000 idt=0.6733 it/s=6.88 eta=62.5s
2026-02-20 11:15:10,569 - INFO - [Epoch 1 Step 580/1000] loss=5363.0712 style=21.9026 mom=0.5365 struct=4.3442 tv=0.0000 idt=0.6742 it/s=6.87 eta=61.1s
2026-02-20 11:15:12,203 - INFO - [Epoch 1 Step 590/1000] loss=5347.0076 style=21.8320 mom=0.5359 struct=4.3472 tv=0.0000 idt=0.6724 it/s=6.85 eta=59.8s
2026-02-20 11:15:13,863 - INFO - [Epoch 1 Step 600/1000] loss=5333.4096 style=21.7644 mom=0.5351 struct=4.3518 tv=0.0000 idt=0.6738 it/s=6.84 eta=58.5s
2026-02-20 11:15:15,496 - INFO - [Epoch 1 Step 610/1000] loss=5318.8703 style=21.6987 mom=0.5346 struct=4.3565 tv=0.0000 idt=0.6726 it/s=6.83 eta=57.1s
2026-02-20 11:15:17,132 - INFO - [Epoch 1 Step 620/1000] loss=5304.5258 style=21.6322 mom=0.5337 struct=4.3620 tv=0.0000 idt=0.6722 it/s=6.81 eta=55.8s
2026-02-20 11:15:18,768 - INFO - [Epoch 1 Step 630/1000] loss=5292.2207 style=21.5798 mom=0.5334 struct=4.3661 tv=0.0000 idt=0.6700 it/s=6.80 eta=54.4s
2026-02-20 11:15:20,401 - INFO - [Epoch 1 Step 640/1000] loss=5276.5123 style=21.5069 mom=0.5326 struct=4.3701 tv=0.0000 idt=0.6696 it/s=6.79 eta=53.0s
2026-02-20 11:15:22,034 - INFO - [Epoch 1 Step 650/1000] loss=5262.0534 style=21.4436 mom=0.5319 struct=4.3731 tv=0.0000 idt=0.6679 it/s=6.78 eta=51.6s
2026-02-20 11:15:23,670 - INFO - [Epoch 1 Step 660/1000] loss=5246.6506 style=21.3742 mom=0.5311 struct=4.3768 tv=0.0000 idt=0.6668 it/s=6.77 eta=50.2s
2026-02-20 11:15:25,325 - INFO - [Epoch 1 Step 670/1000] loss=5235.2196 style=21.3186 mom=0.5306 struct=4.3816 tv=0.0000 idt=0.6673 it/s=6.75 eta=48.9s
2026-02-20 11:15:26,959 - INFO - [Epoch 1 Step 680/1000] loss=5225.0511 style=21.2724 mom=0.5303 struct=4.3844 tv=0.0000 idt=0.6666 it/s=6.74 eta=47.5s
2026-02-20 11:15:28,595 - INFO - [Epoch 1 Step 690/1000] loss=5211.6161 style=21.2112 mom=0.5296 struct=4.3872 tv=0.0000 idt=0.6660 it/s=6.73 eta=46.0s
2026-02-20 11:15:30,231 - INFO - [Epoch 1 Step 700/1000] loss=5197.9484 style=21.1509 mom=0.5288 struct=4.3895 tv=0.0000 idt=0.6647 it/s=6.72 eta=44.6s
2026-02-20 11:15:31,865 - INFO - [Epoch 1 Step 710/1000] loss=5188.5904 style=21.1065 mom=0.5285 struct=4.3944 tv=0.0000 idt=0.6646 it/s=6.71 eta=43.2s
2026-02-20 11:15:33,499 - INFO - [Epoch 1 Step 720/1000] loss=5172.4020 style=21.0364 mom=0.5280 struct=4.3973 tv=0.0000 idt=0.6623 it/s=6.71 eta=41.8s
2026-02-20 11:15:35,129 - INFO - [Epoch 1 Step 730/1000] loss=5160.9377 style=20.9880 mom=0.5275 struct=4.3993 tv=0.0000 idt=0.6602 it/s=6.70 eta=40.3s
2026-02-20 11:15:36,766 - INFO - [Epoch 1 Step 740/1000] loss=5151.7033 style=20.9464 mom=0.5269 struct=4.4026 tv=0.0000 idt=0.6595 it/s=6.69 eta=38.9s
2026-02-20 11:15:38,398 - INFO - [Epoch 1 Step 750/1000] loss=5139.3462 style=20.8951 mom=0.5262 struct=4.4060 tv=0.0000 idt=0.6569 it/s=6.68 eta=37.4s
2026-02-20 11:15:40,030 - INFO - [Epoch 1 Step 760/1000] loss=5130.6136 style=20.8564 mom=0.5259 struct=4.4097 tv=0.0000 idt=0.6558 it/s=6.67 eta=36.0s
2026-02-20 11:15:41,663 - INFO - [Epoch 1 Step 770/1000] loss=5119.1435 style=20.8074 mom=0.5253 struct=4.4123 tv=0.0000 idt=0.6540 it/s=6.66 eta=34.5s
2026-02-20 11:15:43,296 - INFO - [Epoch 1 Step 780/1000] loss=5107.8276 style=20.7596 mom=0.5246 struct=4.4153 tv=0.0000 idt=0.6520 it/s=6.66 eta=33.0s
2026-02-20 11:15:44,928 - INFO - [Epoch 1 Step 790/1000] loss=5096.7740 style=20.7149 mom=0.5240 struct=4.4188 tv=0.0000 idt=0.6492 it/s=6.65 eta=31.6s
2026-02-20 11:15:46,563 - INFO - [Epoch 1 Step 800/1000] loss=5086.1914 style=20.6670 mom=0.5235 struct=4.4220 tv=0.0000 idt=0.6484 it/s=6.64 eta=30.1s
2026-02-20 11:15:48,196 - INFO - [Epoch 1 Step 810/1000] loss=5075.9493 style=20.6222 mom=0.5229 struct=4.4251 tv=0.0000 idt=0.6471 it/s=6.64 eta=28.6s
2026-02-20 11:15:49,840 - INFO - [Epoch 1 Step 820/1000] loss=5066.7442 style=20.5814 mom=0.5225 struct=4.4277 tv=0.0000 idt=0.6461 it/s=6.63 eta=27.2s
2026-02-20 11:15:51,472 - INFO - [Epoch 1 Step 830/1000] loss=5056.9501 style=20.5405 mom=0.5221 struct=4.4307 tv=0.0000 idt=0.6441 it/s=6.62 eta=25.7s
2026-02-20 11:15:53,106 - INFO - [Epoch 1 Step 840/1000] loss=5046.4833 style=20.4975 mom=0.5216 struct=4.4333 tv=0.0000 idt=0.6418 it/s=6.62 eta=24.2s
2026-02-20 11:15:54,750 - INFO - [Epoch 1 Step 850/1000] loss=5036.5554 style=20.4576 mom=0.5211 struct=4.4367 tv=0.0000 idt=0.6391 it/s=6.61 eta=22.7s
2026-02-20 11:15:56,384 - INFO - [Epoch 1 Step 860/1000] loss=5026.3645 style=20.4172 mom=0.5208 struct=4.4399 tv=0.0000 idt=0.6361 it/s=6.60 eta=21.2s
2026-02-20 11:15:58,013 - INFO - [Epoch 1 Step 870/1000] loss=5018.5550 style=20.3863 mom=0.5207 struct=4.4427 tv=0.0000 idt=0.6337 it/s=6.60 eta=19.7s
2026-02-20 11:15:59,647 - INFO - [Epoch 1 Step 880/1000] loss=5009.8730 style=20.3513 mom=0.5203 struct=4.4461 tv=0.0000 idt=0.6313 it/s=6.59 eta=18.2s
2026-02-20 11:16:01,278 - INFO - [Epoch 1 Step 890/1000] loss=4998.6435 style=20.3025 mom=0.5197 struct=4.4481 tv=0.0000 idt=0.6299 it/s=6.59 eta=16.7s
2026-02-20 11:16:02,909 - INFO - [Epoch 1 Step 900/1000] loss=4989.7908 style=20.2637 mom=0.5193 struct=4.4512 tv=0.0000 idt=0.6287 it/s=6.58 eta=15.2s
2026-02-20 11:16:04,541 - INFO - [Epoch 1 Step 910/1000] loss=4980.9233 style=20.2264 mom=0.5188 struct=4.4531 tv=0.0000 idt=0.6271 it/s=6.57 eta=13.7s
2026-02-20 11:16:06,173 - INFO - [Epoch 1 Step 920/1000] loss=4973.8257 style=20.1989 mom=0.5184 struct=4.4556 tv=0.0000 idt=0.6248 it/s=6.57 eta=12.2s
2026-02-20 11:16:07,803 - INFO - [Epoch 1 Step 930/1000] loss=4964.8197 style=20.1648 mom=0.5182 struct=4.4578 tv=0.0000 idt=0.6216 it/s=6.56 eta=10.7s
2026-02-20 11:16:09,434 - INFO - [Epoch 1 Step 940/1000] loss=4956.9170 style=20.1318 mom=0.5179 struct=4.4609 tv=0.0000 idt=0.6199 it/s=6.56 eta=9.1s
2026-02-20 11:16:11,066 - INFO - [Epoch 1 Step 950/1000] loss=4948.8239 style=20.1005 mom=0.5175 struct=4.4629 tv=0.0000 idt=0.6173 it/s=6.55 eta=7.6s
2026-02-20 11:16:12,699 - INFO - [Epoch 1 Step 960/1000] loss=4940.4999 style=20.0695 mom=0.5172 struct=4.4650 tv=0.0000 idt=0.6141 it/s=6.55 eta=6.1s
2026-02-20 11:16:14,331 - INFO - [Epoch 1 Step 970/1000] loss=4933.8389 style=20.0417 mom=0.5169 struct=4.4677 tv=0.0000 idt=0.6127 it/s=6.55 eta=4.6s
2026-02-20 11:16:15,962 - INFO - [Epoch 1 Step 980/1000] loss=4928.3636 style=20.0200 mom=0.5166 struct=4.4705 tv=0.0000 idt=0.6111 it/s=6.54 eta=3.1s
2026-02-20 11:16:17,597 - INFO - [Epoch 1 Step 990/1000] loss=4922.4302 style=19.9980 mom=0.5164 struct=4.4736 tv=0.0000 idt=0.6086 it/s=6.54 eta=1.5s
2026-02-20 11:16:19,230 - INFO - [Epoch 1 Step 1000/1000] loss=4913.1928 style=19.9589 mom=0.5160 struct=4.4765 tv=0.0000 idt=0.6069 it/s=6.53 eta=0.0s
2026-02-20 11:16:19,232 - INFO - Epoch 1/1 | loss=4913.1928 style_swd=19.9589 mom=0.5160 struct=4.4765 tv=0.0000 idt=0.6069 steps=1.0 h=1.00 s=1.00 lr=5.00e-04 data=1.2s comp=151.9s
2026-02-20 11:16:19,318 - INFO - Saved checkpoint: G:\GitHub\Latent_Style\Cycle-NCE\ssim-optun-nce\trial_0196\epoch_0001.pt (step=1000)
2026-02-20 11:16:19,319 - INFO - Running full eval for epoch 1 -> G:\GitHub\Latent_Style\Cycle-NCE\ssim-optun-nce\trial_0196\full_eval\epoch_0001
2026-02-20 11:17:12,298 - INFO - Full eval completed for epoch 1. Log: G:\GitHub\Latent_Style\Cycle-NCE\ssim-optun-nce\trial_0196\logs\full_eval_epoch_0001.log
2026-02-20 11:17:12,299 - INFO - Training completed.
