2026-02-20 13:47:58,347 - WARNING - w_style=204.4393 looks high for Projected SWD loss. Recommended start range is [5, 20].
2026-02-20 13:47:58,347 - INFO - Active losses: w_style, w_moment, w_identity, w_structure
2026-02-20 13:47:58,371 - INFO - Device: cuda
2026-02-20 13:47:58,371 - INFO - Seed: 42
2026-02-20 13:47:58,371 - INFO - Loading latent dataset from ..\..\sdxl-256-overfit50
2026-02-20 13:47:58,377 - INFO -   style=photo id=0 count=10
2026-02-20 13:47:58,381 - INFO -   style=Hayao id=1 count=10
2026-02-20 13:47:58,385 - INFO -   style=monet id=2 count=10
2026-02-20 13:47:58,388 - INFO -   style=cezanne id=3 count=10
2026-02-20 13:47:58,391 - INFO -   style=vangogh id=4 count=10
2026-02-20 13:47:58,444 - INFO - Dataset preloaded to cuda: 0.00GB across 5 style pools.
2026-02-20 13:47:58,445 - INFO - DataLoader | batch=50 workers=0 pin_memory=False persistent_workers=False preload_to_gpu=True
2026-02-20 13:47:58,492 - INFO - Model params: 7,153,476
2026-02-20 13:47:58,494 - INFO - Adding NCE Projector params to optimizer: 4 tensors
2026-02-20 13:47:59,127 - INFO - No checkpoint found, start from scratch.
2026-02-20 13:48:01,786 - INFO - [Epoch 1 Step 10/1000] loss=7089.4273 style=33.2237 mom=0.5977 struct=3.9509 tv=0.0000 idt=0.0490 it/s=3.76 eta=263.2s
2026-02-20 13:48:03,414 - INFO - [Epoch 1 Step 20/1000] loss=7226.6744 style=33.8390 mom=0.6029 struct=3.9657 tv=0.0000 idt=0.0676 it/s=4.67 eta=210.0s
2026-02-20 13:48:05,048 - INFO - [Epoch 1 Step 30/1000] loss=7185.8268 style=33.5937 mom=0.6031 struct=3.9697 tv=0.0000 idt=0.0848 it/s=5.07 eta=191.4s
2026-02-20 13:48:06,683 - INFO - [Epoch 1 Step 40/1000] loss=7134.6155 style=33.3039 mom=0.6020 struct=3.9636 tv=0.0000 idt=0.1008 it/s=5.29 eta=181.3s
2026-02-20 13:48:08,318 - INFO - [Epoch 1 Step 50/1000] loss=7136.7438 style=33.2648 mom=0.6039 struct=3.9625 tv=0.0000 idt=0.1193 it/s=5.44 eta=174.6s
2026-02-20 13:48:09,954 - INFO - [Epoch 1 Step 60/1000] loss=7058.0990 style=32.8244 mom=0.6037 struct=3.9699 tv=0.0000 idt=0.1403 it/s=5.54 eta=169.6s
2026-02-20 13:48:11,586 - INFO - [Epoch 1 Step 70/1000] loss=6963.2733 style=32.3038 mom=0.6014 struct=3.9740 tv=0.0000 idt=0.1627 it/s=5.62 eta=165.5s
2026-02-20 13:48:13,224 - INFO - [Epoch 1 Step 80/1000] loss=6933.2240 style=32.0750 mom=0.6024 struct=3.9809 tv=0.0000 idt=0.1934 it/s=5.68 eta=162.1s
2026-02-20 13:48:14,862 - INFO - [Epoch 1 Step 90/1000] loss=6850.5551 style=31.5857 mom=0.6019 struct=3.9865 tv=0.0000 idt=0.2259 it/s=5.72 eta=159.1s
2026-02-20 13:48:16,498 - INFO - [Epoch 1 Step 100/1000] loss=6773.7157 style=31.1259 mom=0.6022 struct=3.9943 tv=0.0000 idt=0.2576 it/s=5.76 eta=156.3s
2026-02-20 13:48:18,137 - INFO - [Epoch 1 Step 110/1000] loss=6700.2515 style=30.7244 mom=0.6007 struct=4.0019 tv=0.0000 idt=0.2739 it/s=5.79 eta=153.8s
2026-02-20 13:48:19,774 - INFO - [Epoch 1 Step 120/1000] loss=6619.1288 style=30.2730 mom=0.6000 struct=4.0084 tv=0.0000 idt=0.2947 it/s=5.81 eta=151.4s
2026-02-20 13:48:21,407 - INFO - [Epoch 1 Step 130/1000] loss=6553.1762 style=29.8995 mom=0.5978 struct=4.0164 tv=0.0000 idt=0.3145 it/s=5.83 eta=149.1s
2026-02-20 13:48:23,043 - INFO - [Epoch 1 Step 140/1000] loss=6471.0758 style=29.4571 mom=0.5966 struct=4.0221 tv=0.0000 idt=0.3303 it/s=5.85 eta=146.9s
2026-02-20 13:48:24,678 - INFO - [Epoch 1 Step 150/1000] loss=6416.8155 style=29.1326 mom=0.5959 struct=4.0296 tv=0.0000 idt=0.3527 it/s=5.87 eta=144.8s
2026-02-20 13:48:26,312 - INFO - [Epoch 1 Step 160/1000] loss=6353.3259 style=28.7783 mom=0.5939 struct=4.0378 tv=0.0000 idt=0.3697 it/s=5.89 eta=142.7s
2026-02-20 13:48:27,947 - INFO - [Epoch 1 Step 170/1000] loss=6288.5281 style=28.3970 mom=0.5917 struct=4.0478 tv=0.0000 idt=0.3946 it/s=5.90 eta=140.7s
2026-02-20 13:48:29,585 - INFO - [Epoch 1 Step 180/1000] loss=6220.0075 style=28.0223 mom=0.5901 struct=4.0568 tv=0.0000 idt=0.4098 it/s=5.91 eta=138.7s
2026-02-20 13:48:31,220 - INFO - [Epoch 1 Step 190/1000] loss=6165.6244 style=27.7056 mom=0.5875 struct=4.0682 tv=0.0000 idt=0.4294 it/s=5.92 eta=136.8s
2026-02-20 13:48:32,861 - INFO - [Epoch 1 Step 200/1000] loss=6109.5635 style=27.3941 mom=0.5851 struct=4.0789 tv=0.0000 idt=0.4438 it/s=5.93 eta=134.9s
2026-02-20 13:48:34,498 - INFO - [Epoch 1 Step 210/1000] loss=6046.5927 style=27.0457 mom=0.5827 struct=4.0871 tv=0.0000 idt=0.4597 it/s=5.94 eta=133.1s
2026-02-20 13:48:36,131 - INFO - [Epoch 1 Step 220/1000] loss=5984.0801 style=26.7144 mom=0.5796 struct=4.0957 tv=0.0000 idt=0.4700 it/s=5.95 eta=131.2s
2026-02-20 13:48:37,772 - INFO - [Epoch 1 Step 230/1000] loss=5934.9079 style=26.4350 mom=0.5769 struct=4.1069 tv=0.0000 idt=0.4852 it/s=5.95 eta=129.4s
2026-02-20 13:48:39,404 - INFO - [Epoch 1 Step 240/1000] loss=5889.8683 style=26.1747 mom=0.5743 struct=4.1188 tv=0.0000 idt=0.5006 it/s=5.96 eta=127.5s
2026-02-20 13:48:41,040 - INFO - [Epoch 1 Step 250/1000] loss=5850.3191 style=25.9348 mom=0.5722 struct=4.1284 tv=0.0000 idt=0.5186 it/s=5.96 eta=125.7s
2026-02-20 13:48:42,673 - INFO - [Epoch 1 Step 260/1000] loss=5816.0850 style=25.7423 mom=0.5702 struct=4.1379 tv=0.0000 idt=0.5283 it/s=5.97 eta=123.9s
2026-02-20 13:48:44,307 - INFO - [Epoch 1 Step 270/1000] loss=5777.3815 style=25.5197 mom=0.5682 struct=4.1466 tv=0.0000 idt=0.5412 it/s=5.98 eta=122.2s
2026-02-20 13:48:45,946 - INFO - [Epoch 1 Step 280/1000] loss=5740.2974 style=25.3100 mom=0.5664 struct=4.1574 tv=0.0000 idt=0.5519 it/s=5.98 eta=120.4s
2026-02-20 13:48:47,577 - INFO - [Epoch 1 Step 290/1000] loss=5704.5865 style=25.1087 mom=0.5652 struct=4.1663 tv=0.0000 idt=0.5620 it/s=5.99 eta=118.6s
2026-02-20 13:48:49,212 - INFO - [Epoch 1 Step 300/1000] loss=5671.1495 style=24.9195 mom=0.5636 struct=4.1728 tv=0.0000 idt=0.5720 it/s=5.99 eta=116.9s
2026-02-20 13:48:50,846 - INFO - [Epoch 1 Step 310/1000] loss=5648.0154 style=24.7817 mom=0.5625 struct=4.1808 tv=0.0000 idt=0.5813 it/s=5.99 eta=115.1s
2026-02-20 13:48:52,479 - INFO - [Epoch 1 Step 320/1000] loss=5614.5097 style=24.5905 mom=0.5608 struct=4.1914 tv=0.0000 idt=0.5916 it/s=6.00 eta=113.4s
2026-02-20 13:48:54,113 - INFO - [Epoch 1 Step 330/1000] loss=5582.6518 style=24.4220 mom=0.5592 struct=4.1986 tv=0.0000 idt=0.5965 it/s=6.00 eta=111.6s
2026-02-20 13:48:55,748 - INFO - [Epoch 1 Step 340/1000] loss=5555.9810 style=24.2733 mom=0.5583 struct=4.2063 tv=0.0000 idt=0.6033 it/s=6.00 eta=109.9s
2026-02-20 13:48:57,386 - INFO - [Epoch 1 Step 350/1000] loss=5530.9218 style=24.1306 mom=0.5575 struct=4.2144 tv=0.0000 idt=0.6107 it/s=6.01 eta=108.2s
2026-02-20 13:48:59,021 - INFO - [Epoch 1 Step 360/1000] loss=5500.3712 style=23.9653 mom=0.5563 struct=4.2222 tv=0.0000 idt=0.6167 it/s=6.01 eta=106.5s
2026-02-20 13:49:00,655 - INFO - [Epoch 1 Step 370/1000] loss=5474.1513 style=23.8261 mom=0.5549 struct=4.2295 tv=0.0000 idt=0.6209 it/s=6.01 eta=104.8s
2026-02-20 13:49:02,291 - INFO - [Epoch 1 Step 380/1000] loss=5447.1040 style=23.6855 mom=0.5535 struct=4.2371 tv=0.0000 idt=0.6240 it/s=6.02 eta=103.1s
2026-02-20 13:49:03,934 - INFO - [Epoch 1 Step 390/1000] loss=5424.1632 style=23.5547 mom=0.5525 struct=4.2445 tv=0.0000 idt=0.6310 it/s=6.02 eta=101.4s
2026-02-20 13:49:05,566 - INFO - [Epoch 1 Step 400/1000] loss=5403.6752 style=23.4452 mom=0.5514 struct=4.2500 tv=0.0000 idt=0.6346 it/s=6.02 eta=99.7s
2026-02-20 13:49:07,211 - INFO - [Epoch 1 Step 410/1000] loss=5383.1042 style=23.3358 mom=0.5503 struct=4.2569 tv=0.0000 idt=0.6379 it/s=6.02 eta=98.0s
2026-02-20 13:49:08,846 - INFO - [Epoch 1 Step 420/1000] loss=5366.3386 style=23.2346 mom=0.5493 struct=4.2644 tv=0.0000 idt=0.6451 it/s=6.02 eta=96.3s
2026-02-20 13:49:10,488 - INFO - [Epoch 1 Step 430/1000] loss=5352.8509 style=23.1663 mom=0.5484 struct=4.2689 tv=0.0000 idt=0.6460 it/s=6.03 eta=94.6s
2026-02-20 13:49:12,134 - INFO - [Epoch 1 Step 440/1000] loss=5340.4918 style=23.0870 mom=0.5477 struct=4.2757 tv=0.0000 idt=0.6530 it/s=6.03 eta=92.9s
2026-02-20 13:49:13,767 - INFO - [Epoch 1 Step 450/1000] loss=5322.2085 style=22.9834 mom=0.5466 struct=4.2813 tv=0.0000 idt=0.6584 it/s=6.03 eta=91.2s
2026-02-20 13:49:15,402 - INFO - [Epoch 1 Step 460/1000] loss=5301.9031 style=22.8870 mom=0.5459 struct=4.2856 tv=0.0000 idt=0.6572 it/s=6.03 eta=89.5s
2026-02-20 13:49:17,038 - INFO - [Epoch 1 Step 470/1000] loss=5284.7947 style=22.7977 mom=0.5449 struct=4.2911 tv=0.0000 idt=0.6593 it/s=6.03 eta=87.9s
2026-02-20 13:49:18,669 - INFO - [Epoch 1 Step 480/1000] loss=5266.5130 style=22.6997 mom=0.5441 struct=4.2966 tv=0.0000 idt=0.6625 it/s=6.03 eta=86.2s
2026-02-20 13:49:20,308 - INFO - [Epoch 1 Step 490/1000] loss=5248.7783 style=22.6008 mom=0.5431 struct=4.3028 tv=0.0000 idt=0.6671 it/s=6.04 eta=84.5s
2026-02-20 13:49:21,943 - INFO - [Epoch 1 Step 500/1000] loss=5230.5907 style=22.5061 mom=0.5419 struct=4.3084 tv=0.0000 idt=0.6693 it/s=6.04 eta=82.8s
2026-02-20 13:49:23,579 - INFO - [Epoch 1 Step 510/1000] loss=5211.3751 style=22.4072 mom=0.5407 struct=4.3129 tv=0.0000 idt=0.6713 it/s=6.04 eta=81.1s
2026-02-20 13:49:25,218 - INFO - [Epoch 1 Step 520/1000] loss=5200.8951 style=22.3520 mom=0.5404 struct=4.3170 tv=0.0000 idt=0.6727 it/s=6.04 eta=79.5s
2026-02-20 13:49:26,851 - INFO - [Epoch 1 Step 530/1000] loss=5188.2918 style=22.2856 mom=0.5398 struct=4.3211 tv=0.0000 idt=0.6744 it/s=6.04 eta=77.8s
2026-02-20 13:49:28,502 - INFO - [Epoch 1 Step 540/1000] loss=5172.2589 style=22.2051 mom=0.5392 struct=4.3268 tv=0.0000 idt=0.6750 it/s=6.04 eta=76.1s
2026-02-20 13:49:30,148 - INFO - [Epoch 1 Step 550/1000] loss=5156.8258 style=22.1280 mom=0.5387 struct=4.3324 tv=0.0000 idt=0.6754 it/s=6.04 eta=74.5s
2026-02-20 13:49:31,782 - INFO - [Epoch 1 Step 560/1000] loss=5141.2824 style=22.0522 mom=0.5380 struct=4.3392 tv=0.0000 idt=0.6751 it/s=6.04 eta=72.8s
2026-02-20 13:49:33,419 - INFO - [Epoch 1 Step 570/1000] loss=5125.3565 style=21.9734 mom=0.5372 struct=4.3431 tv=0.0000 idt=0.6754 it/s=6.05 eta=71.1s
2026-02-20 13:49:35,053 - INFO - [Epoch 1 Step 580/1000] loss=5110.3885 style=21.8975 mom=0.5364 struct=4.3475 tv=0.0000 idt=0.6764 it/s=6.05 eta=69.5s
2026-02-20 13:49:36,687 - INFO - [Epoch 1 Step 590/1000] loss=5094.9613 style=21.8267 mom=0.5357 struct=4.3506 tv=0.0000 idt=0.6746 it/s=6.05 eta=67.8s
2026-02-20 13:49:38,322 - INFO - [Epoch 1 Step 600/1000] loss=5081.8977 style=21.7593 mom=0.5349 struct=4.3552 tv=0.0000 idt=0.6759 it/s=6.05 eta=66.1s
2026-02-20 13:49:39,960 - INFO - [Epoch 1 Step 610/1000] loss=5067.9337 style=21.6933 mom=0.5345 struct=4.3600 tv=0.0000 idt=0.6748 it/s=6.05 eta=64.5s
2026-02-20 13:49:41,610 - INFO - [Epoch 1 Step 620/1000] loss=5054.1708 style=21.6267 mom=0.5336 struct=4.3655 tv=0.0000 idt=0.6744 it/s=6.05 eta=62.8s
2026-02-20 13:49:43,242 - INFO - [Epoch 1 Step 630/1000] loss=5042.3866 style=21.5742 mom=0.5332 struct=4.3697 tv=0.0000 idt=0.6722 it/s=6.05 eta=61.1s
2026-02-20 13:49:44,877 - INFO - [Epoch 1 Step 640/1000] loss=5027.3520 style=21.5014 mom=0.5325 struct=4.3738 tv=0.0000 idt=0.6719 it/s=6.05 eta=59.5s
2026-02-20 13:49:46,510 - INFO - [Epoch 1 Step 650/1000] loss=5013.4677 style=21.4380 mom=0.5317 struct=4.3768 tv=0.0000 idt=0.6702 it/s=6.05 eta=57.8s
2026-02-20 13:49:48,146 - INFO - [Epoch 1 Step 660/1000] loss=4998.7204 style=21.3686 mom=0.5309 struct=4.3805 tv=0.0000 idt=0.6692 it/s=6.05 eta=56.2s
2026-02-20 13:49:49,780 - INFO - [Epoch 1 Step 670/1000] loss=4987.7518 style=21.3131 mom=0.5305 struct=4.3853 tv=0.0000 idt=0.6697 it/s=6.05 eta=54.5s
2026-02-20 13:49:51,416 - INFO - [Epoch 1 Step 680/1000] loss=4978.0250 style=21.2670 mom=0.5302 struct=4.3881 tv=0.0000 idt=0.6691 it/s=6.06 eta=52.8s
2026-02-20 13:49:53,048 - INFO - [Epoch 1 Step 690/1000] loss=4965.1726 style=21.2059 mom=0.5295 struct=4.3910 tv=0.0000 idt=0.6684 it/s=6.06 eta=51.2s
2026-02-20 13:49:54,685 - INFO - [Epoch 1 Step 700/1000] loss=4952.0865 style=21.1455 mom=0.5287 struct=4.3934 tv=0.0000 idt=0.6671 it/s=6.06 eta=49.5s
2026-02-20 13:49:56,321 - INFO - [Epoch 1 Step 710/1000] loss=4943.1215 style=21.1013 mom=0.5283 struct=4.3983 tv=0.0000 idt=0.6670 it/s=6.06 eta=47.9s
2026-02-20 13:49:57,972 - INFO - [Epoch 1 Step 720/1000] loss=4927.6293 style=21.0313 mom=0.5278 struct=4.4012 tv=0.0000 idt=0.6648 it/s=6.06 eta=46.2s
2026-02-20 13:49:59,604 - INFO - [Epoch 1 Step 730/1000] loss=4916.6508 style=20.9830 mom=0.5273 struct=4.4032 tv=0.0000 idt=0.6627 it/s=6.06 eta=44.6s
2026-02-20 13:50:01,236 - INFO - [Epoch 1 Step 740/1000] loss=4907.8073 style=20.9413 mom=0.5268 struct=4.4066 tv=0.0000 idt=0.6620 it/s=6.06 eta=42.9s
2026-02-20 13:50:02,874 - INFO - [Epoch 1 Step 750/1000] loss=4895.9789 style=20.8901 mom=0.5261 struct=4.4101 tv=0.0000 idt=0.6595 it/s=6.06 eta=41.2s
2026-02-20 13:50:04,509 - INFO - [Epoch 1 Step 760/1000] loss=4887.6147 style=20.8515 mom=0.5257 struct=4.4138 tv=0.0000 idt=0.6584 it/s=6.06 eta=39.6s
2026-02-20 13:50:06,149 - INFO - [Epoch 1 Step 770/1000] loss=4876.6146 style=20.8023 mom=0.5251 struct=4.4164 tv=0.0000 idt=0.6567 it/s=6.06 eta=37.9s
2026-02-20 13:50:07,784 - INFO - [Epoch 1 Step 780/1000] loss=4865.7481 style=20.7544 mom=0.5245 struct=4.4194 tv=0.0000 idt=0.6546 it/s=6.06 eta=36.3s
2026-02-20 13:50:09,424 - INFO - [Epoch 1 Step 790/1000] loss=4855.1885 style=20.7100 mom=0.5239 struct=4.4230 tv=0.0000 idt=0.6518 it/s=6.06 eta=34.6s
2026-02-20 13:50:11,077 - INFO - [Epoch 1 Step 800/1000] loss=4845.0393 style=20.6621 mom=0.5234 struct=4.4262 tv=0.0000 idt=0.6511 it/s=6.06 eta=33.0s
2026-02-20 13:50:12,715 - INFO - [Epoch 1 Step 810/1000] loss=4835.2341 style=20.6172 mom=0.5228 struct=4.4294 tv=0.0000 idt=0.6499 it/s=6.06 eta=31.3s
2026-02-20 13:50:14,346 - INFO - [Epoch 1 Step 820/1000] loss=4826.3890 style=20.5764 mom=0.5224 struct=4.4320 tv=0.0000 idt=0.6489 it/s=6.06 eta=29.7s
2026-02-20 13:50:15,985 - INFO - [Epoch 1 Step 830/1000] loss=4816.9883 style=20.5353 mom=0.5219 struct=4.4350 tv=0.0000 idt=0.6469 it/s=6.06 eta=28.0s
2026-02-20 13:50:17,619 - INFO - [Epoch 1 Step 840/1000] loss=4806.9430 style=20.4924 mom=0.5214 struct=4.4376 tv=0.0000 idt=0.6445 it/s=6.07 eta=26.4s
2026-02-20 13:50:19,252 - INFO - [Epoch 1 Step 850/1000] loss=4797.4223 style=20.4524 mom=0.5210 struct=4.4411 tv=0.0000 idt=0.6419 it/s=6.07 eta=24.7s
2026-02-20 13:50:20,887 - INFO - [Epoch 1 Step 860/1000] loss=4787.6616 style=20.4121 mom=0.5207 struct=4.4443 tv=0.0000 idt=0.6389 it/s=6.07 eta=23.1s
2026-02-20 13:50:22,522 - INFO - [Epoch 1 Step 870/1000] loss=4780.1692 style=20.3812 mom=0.5205 struct=4.4472 tv=0.0000 idt=0.6365 it/s=6.07 eta=21.4s
2026-02-20 13:50:24,157 - INFO - [Epoch 1 Step 880/1000] loss=4771.8538 style=20.3463 mom=0.5201 struct=4.4506 tv=0.0000 idt=0.6341 it/s=6.07 eta=19.8s
2026-02-20 13:50:25,793 - INFO - [Epoch 1 Step 890/1000] loss=4761.0871 style=20.2975 mom=0.5196 struct=4.4526 tv=0.0000 idt=0.6327 it/s=6.07 eta=18.1s
2026-02-20 13:50:27,428 - INFO - [Epoch 1 Step 900/1000] loss=4752.5910 style=20.2589 mom=0.5192 struct=4.4557 tv=0.0000 idt=0.6315 it/s=6.07 eta=16.5s
2026-02-20 13:50:29,065 - INFO - [Epoch 1 Step 910/1000] loss=4744.0780 style=20.2216 mom=0.5187 struct=4.4577 tv=0.0000 idt=0.6299 it/s=6.07 eta=14.8s
2026-02-20 13:50:30,700 - INFO - [Epoch 1 Step 920/1000] loss=4737.2405 style=20.1939 mom=0.5183 struct=4.4603 tv=0.0000 idt=0.6276 it/s=6.07 eta=13.2s
2026-02-20 13:50:32,334 - INFO - [Epoch 1 Step 930/1000] loss=4728.5983 style=20.1599 mom=0.5180 struct=4.4625 tv=0.0000 idt=0.6243 it/s=6.07 eta=11.5s
2026-02-20 13:50:33,997 - INFO - [Epoch 1 Step 940/1000] loss=4720.9891 style=20.1268 mom=0.5177 struct=4.4656 tv=0.0000 idt=0.6226 it/s=6.07 eta=9.9s
2026-02-20 13:50:35,646 - INFO - [Epoch 1 Step 950/1000] loss=4713.2277 style=20.0956 mom=0.5174 struct=4.4677 tv=0.0000 idt=0.6200 it/s=6.07 eta=8.2s
2026-02-20 13:50:37,287 - INFO - [Epoch 1 Step 960/1000] loss=4705.2196 style=20.0645 mom=0.5171 struct=4.4698 tv=0.0000 idt=0.6168 it/s=6.07 eta=6.6s
2026-02-20 13:50:38,916 - INFO - [Epoch 1 Step 970/1000] loss=4698.8040 style=20.0366 mom=0.5167 struct=4.4726 tv=0.0000 idt=0.6154 it/s=6.07 eta=4.9s
2026-02-20 13:50:40,549 - INFO - [Epoch 1 Step 980/1000] loss=4693.5636 style=20.0150 mom=0.5164 struct=4.4754 tv=0.0000 idt=0.6137 it/s=6.07 eta=3.3s
2026-02-20 13:50:42,195 - INFO - [Epoch 1 Step 990/1000] loss=4687.8658 style=19.9930 mom=0.5162 struct=4.4785 tv=0.0000 idt=0.6113 it/s=6.07 eta=1.6s
2026-02-20 13:50:43,825 - INFO - [Epoch 1 Step 1000/1000] loss=4679.0004 style=19.9540 mom=0.5158 struct=4.4815 tv=0.0000 idt=0.6096 it/s=6.07 eta=0.0s
2026-02-20 13:50:43,828 - INFO - Epoch 1/1 | loss=4679.0004 style_swd=19.9540 mom=0.5158 struct=4.4815 tv=0.0000 idt=0.6096 steps=1.0 h=1.00 s=1.00 lr=5.00e-04 data=1.2s comp=163.5s
2026-02-20 13:50:43,912 - INFO - Saved checkpoint: G:\GitHub\Latent_Style\Cycle-NCE\ssim-optun-nce\trial_0238\epoch_0001.pt (step=1000)
2026-02-20 13:50:43,912 - INFO - Running full eval for epoch 1 -> G:\GitHub\Latent_Style\Cycle-NCE\ssim-optun-nce\trial_0238\full_eval\epoch_0001
2026-02-20 13:51:37,076 - INFO - Full eval completed for epoch 1. Log: G:\GitHub\Latent_Style\Cycle-NCE\ssim-optun-nce\trial_0238\logs\full_eval_epoch_0001.log
2026-02-20 13:51:37,076 - INFO - Training completed.
