2026-02-20 12:16:03,419 - WARNING - w_style=220.3652 looks high for Projected SWD loss. Recommended start range is [5, 20].
2026-02-20 12:16:03,419 - INFO - Active losses: w_style, w_moment, w_identity, w_structure
2026-02-20 12:16:03,444 - INFO - Device: cuda
2026-02-20 12:16:03,444 - INFO - Seed: 42
2026-02-20 12:16:03,444 - INFO - Loading latent dataset from ..\..\sdxl-256-overfit50
2026-02-20 12:16:03,450 - INFO -   style=photo id=0 count=10
2026-02-20 12:16:03,453 - INFO -   style=Hayao id=1 count=10
2026-02-20 12:16:03,457 - INFO -   style=monet id=2 count=10
2026-02-20 12:16:03,460 - INFO -   style=cezanne id=3 count=10
2026-02-20 12:16:03,464 - INFO -   style=vangogh id=4 count=10
2026-02-20 12:16:03,518 - INFO - Dataset preloaded to cuda: 0.00GB across 5 style pools.
2026-02-20 12:16:03,519 - INFO - DataLoader | batch=50 workers=0 pin_memory=False persistent_workers=False preload_to_gpu=True
2026-02-20 12:16:03,562 - INFO - Model params: 7,153,476
2026-02-20 12:16:03,564 - INFO - Adding NCE Projector params to optimizer: 4 tensors
2026-02-20 12:16:04,207 - INFO - No checkpoint found, start from scratch.
2026-02-20 12:16:06,927 - INFO - [Epoch 1 Step 10/1000] loss=7649.8095 style=33.2428 mom=0.5985 struct=3.9506 tv=0.0000 idt=0.0508 it/s=3.68 eta=269.2s
2026-02-20 12:16:08,562 - INFO - [Epoch 1 Step 20/1000] loss=7789.7419 style=33.8311 mom=0.6037 struct=3.9659 tv=0.0000 idt=0.0704 it/s=4.59 eta=213.3s
2026-02-20 12:16:10,201 - INFO - [Epoch 1 Step 30/1000] loss=7740.9132 style=33.5715 mom=0.6037 struct=3.9701 tv=0.0000 idt=0.0890 it/s=5.01 eta=193.8s
2026-02-20 12:16:11,834 - INFO - [Epoch 1 Step 40/1000] loss=7680.6427 style=33.2610 mom=0.6025 struct=3.9644 tv=0.0000 idt=0.1088 it/s=5.25 eta=183.0s
2026-02-20 12:16:13,470 - INFO - [Epoch 1 Step 50/1000] loss=7673.4788 style=33.1816 mom=0.6040 struct=3.9632 tv=0.0000 idt=0.1318 it/s=5.40 eta=176.0s
2026-02-20 12:16:15,112 - INFO - [Epoch 1 Step 60/1000] loss=7573.9195 style=32.6764 mom=0.6031 struct=3.9692 tv=0.0000 idt=0.1584 it/s=5.50 eta=170.8s
2026-02-20 12:16:16,747 - INFO - [Epoch 1 Step 70/1000] loss=7453.9147 style=32.0786 mom=0.5998 struct=3.9719 tv=0.0000 idt=0.1865 it/s=5.58 eta=166.6s
2026-02-20 12:16:18,380 - INFO - [Epoch 1 Step 80/1000] loss=7403.7323 style=31.7787 mom=0.5999 struct=3.9782 tv=0.0000 idt=0.2221 it/s=5.64 eta=163.0s
2026-02-20 12:16:20,011 - INFO - [Epoch 1 Step 90/1000] loss=7297.9856 style=31.2231 mom=0.5987 struct=3.9844 tv=0.0000 idt=0.2601 it/s=5.69 eta=159.8s
2026-02-20 12:16:21,641 - INFO - [Epoch 1 Step 100/1000] loss=7195.9278 style=30.7040 mom=0.5979 struct=3.9920 tv=0.0000 idt=0.2878 it/s=5.74 eta=156.9s
2026-02-20 12:16:23,272 - INFO - [Epoch 1 Step 110/1000] loss=7104.3838 style=30.2433 mom=0.5953 struct=4.0007 tv=0.0000 idt=0.3108 it/s=5.77 eta=154.2s
2026-02-20 12:16:24,901 - INFO - [Epoch 1 Step 120/1000] loss=7007.4666 style=29.7481 mom=0.5934 struct=4.0085 tv=0.0000 idt=0.3387 it/s=5.80 eta=151.7s
2026-02-20 12:16:26,535 - INFO - [Epoch 1 Step 130/1000] loss=6926.1093 style=29.3312 mom=0.5902 struct=4.0184 tv=0.0000 idt=0.3631 it/s=5.82 eta=149.4s
2026-02-20 12:16:28,174 - INFO - [Epoch 1 Step 140/1000] loss=6825.4802 style=28.8346 mom=0.5879 struct=4.0271 tv=0.0000 idt=0.3834 it/s=5.84 eta=147.2s
2026-02-20 12:16:29,815 - INFO - [Epoch 1 Step 150/1000] loss=6753.8535 style=28.4469 mom=0.5864 struct=4.0390 tv=0.0000 idt=0.4144 it/s=5.86 eta=145.1s
2026-02-20 12:16:31,452 - INFO - [Epoch 1 Step 160/1000] loss=6672.7405 style=28.0263 mom=0.5833 struct=4.0524 tv=0.0000 idt=0.4408 it/s=5.87 eta=143.0s
2026-02-20 12:16:33,084 - INFO - [Epoch 1 Step 170/1000] loss=6595.8711 style=27.6146 mom=0.5807 struct=4.0678 tv=0.0000 idt=0.4720 it/s=5.89 eta=141.0s
2026-02-20 12:16:34,717 - INFO - [Epoch 1 Step 180/1000] loss=6512.8791 style=27.1930 mom=0.5782 struct=4.0825 tv=0.0000 idt=0.4942 it/s=5.90 eta=139.0s
2026-02-20 12:16:36,361 - INFO - [Epoch 1 Step 190/1000] loss=6446.4998 style=26.8454 mom=0.5750 struct=4.0980 tv=0.0000 idt=0.5173 it/s=5.91 eta=137.1s
2026-02-20 12:16:37,993 - INFO - [Epoch 1 Step 200/1000] loss=6381.8277 style=26.5105 mom=0.5724 struct=4.1150 tv=0.0000 idt=0.5375 it/s=5.92 eta=135.1s
2026-02-20 12:16:39,626 - INFO - [Epoch 1 Step 210/1000] loss=6314.5490 style=26.1682 mom=0.5699 struct=4.1257 tv=0.0000 idt=0.5562 it/s=5.93 eta=133.2s
2026-02-20 12:16:41,268 - INFO - [Epoch 1 Step 220/1000] loss=6245.4182 style=25.8283 mom=0.5665 struct=4.1377 tv=0.0000 idt=0.5696 it/s=5.94 eta=131.4s
2026-02-20 12:16:42,906 - INFO - [Epoch 1 Step 230/1000] loss=6192.2622 style=25.5553 mom=0.5639 struct=4.1509 tv=0.0000 idt=0.5854 it/s=5.94 eta=129.6s
2026-02-20 12:16:44,539 - INFO - [Epoch 1 Step 240/1000] loss=6142.0282 style=25.2917 mom=0.5613 struct=4.1653 tv=0.0000 idt=0.6030 it/s=5.95 eta=127.7s
2026-02-20 12:16:46,171 - INFO - [Epoch 1 Step 250/1000] loss=6100.2638 style=25.0580 mom=0.5591 struct=4.1781 tv=0.0000 idt=0.6249 it/s=5.96 eta=125.9s
2026-02-20 12:16:47,806 - INFO - [Epoch 1 Step 260/1000] loss=6063.7168 style=24.8686 mom=0.5572 struct=4.1900 tv=0.0000 idt=0.6364 it/s=5.96 eta=124.1s
2026-02-20 12:16:49,451 - INFO - [Epoch 1 Step 270/1000] loss=6021.4043 style=24.6446 mom=0.5552 struct=4.2010 tv=0.0000 idt=0.6522 it/s=5.97 eta=122.3s
2026-02-20 12:16:51,101 - INFO - [Epoch 1 Step 280/1000] loss=5981.1205 style=24.4383 mom=0.5536 struct=4.2109 tv=0.0000 idt=0.6637 it/s=5.97 eta=120.6s
2026-02-20 12:16:52,742 - INFO - [Epoch 1 Step 290/1000] loss=5943.6428 style=24.2451 mom=0.5523 struct=4.2204 tv=0.0000 idt=0.6749 it/s=5.98 eta=118.8s
2026-02-20 12:16:54,393 - INFO - [Epoch 1 Step 300/1000] loss=5908.4827 style=24.0634 mom=0.5508 struct=4.2280 tv=0.0000 idt=0.6859 it/s=5.98 eta=117.1s
2026-02-20 12:16:56,038 - INFO - [Epoch 1 Step 310/1000] loss=5884.6168 style=23.9285 mom=0.5497 struct=4.2362 tv=0.0000 idt=0.6990 it/s=5.98 eta=115.4s
2026-02-20 12:16:57,682 - INFO - [Epoch 1 Step 320/1000] loss=5849.7620 style=23.7465 mom=0.5480 struct=4.2463 tv=0.0000 idt=0.7107 it/s=5.98 eta=113.6s
2026-02-20 12:16:59,332 - INFO - [Epoch 1 Step 330/1000] loss=5815.3638 style=23.5768 mom=0.5464 struct=4.2540 tv=0.0000 idt=0.7174 it/s=5.99 eta=111.9s
2026-02-20 12:17:00,964 - INFO - [Epoch 1 Step 340/1000] loss=5788.0089 style=23.4306 mom=0.5454 struct=4.2628 tv=0.0000 idt=0.7280 it/s=5.99 eta=110.2s
2026-02-20 12:17:02,599 - INFO - [Epoch 1 Step 350/1000] loss=5761.6197 style=23.2922 mom=0.5446 struct=4.2707 tv=0.0000 idt=0.7370 it/s=5.99 eta=108.4s
2026-02-20 12:17:04,230 - INFO - [Epoch 1 Step 360/1000] loss=5729.9194 style=23.1285 mom=0.5434 struct=4.2788 tv=0.0000 idt=0.7466 it/s=6.00 eta=106.7s
2026-02-20 12:17:05,876 - INFO - [Epoch 1 Step 370/1000] loss=5702.8035 style=22.9925 mom=0.5421 struct=4.2860 tv=0.0000 idt=0.7530 it/s=6.00 eta=105.0s
2026-02-20 12:17:07,506 - INFO - [Epoch 1 Step 380/1000] loss=5674.2141 style=22.8526 mom=0.5408 struct=4.2936 tv=0.0000 idt=0.7579 it/s=6.00 eta=103.3s
2026-02-20 12:17:09,143 - INFO - [Epoch 1 Step 390/1000] loss=5648.9018 style=22.7192 mom=0.5396 struct=4.3017 tv=0.0000 idt=0.7669 it/s=6.01 eta=101.6s
2026-02-20 12:17:10,772 - INFO - [Epoch 1 Step 400/1000] loss=5626.6064 style=22.6037 mom=0.5384 struct=4.3076 tv=0.0000 idt=0.7740 it/s=6.01 eta=99.8s
2026-02-20 12:17:12,403 - INFO - [Epoch 1 Step 410/1000] loss=5605.2730 style=22.4956 mom=0.5374 struct=4.3148 tv=0.0000 idt=0.7794 it/s=6.01 eta=98.1s
2026-02-20 12:17:14,035 - INFO - [Epoch 1 Step 420/1000] loss=5586.9651 style=22.3936 mom=0.5364 struct=4.3225 tv=0.0000 idt=0.7885 it/s=6.01 eta=96.4s
2026-02-20 12:17:15,666 - INFO - [Epoch 1 Step 430/1000] loss=5572.8460 style=22.3205 mom=0.5356 struct=4.3267 tv=0.0000 idt=0.7930 it/s=6.02 eta=94.7s
2026-02-20 12:17:17,300 - INFO - [Epoch 1 Step 440/1000] loss=5559.9889 style=22.2398 mom=0.5348 struct=4.3325 tv=0.0000 idt=0.8040 it/s=6.02 eta=93.0s
2026-02-20 12:17:18,930 - INFO - [Epoch 1 Step 450/1000] loss=5541.2757 style=22.1363 mom=0.5337 struct=4.3387 tv=0.0000 idt=0.8132 it/s=6.02 eta=91.3s
2026-02-20 12:17:20,562 - INFO - [Epoch 1 Step 460/1000] loss=5520.3758 style=22.0376 mom=0.5331 struct=4.3434 tv=0.0000 idt=0.8150 it/s=6.02 eta=89.6s
2026-02-20 12:17:22,193 - INFO - [Epoch 1 Step 470/1000] loss=5502.8028 style=21.9479 mom=0.5320 struct=4.3492 tv=0.0000 idt=0.8199 it/s=6.03 eta=87.9s
2026-02-20 12:17:23,824 - INFO - [Epoch 1 Step 480/1000] loss=5483.9534 style=21.8538 mom=0.5312 struct=4.3540 tv=0.0000 idt=0.8240 it/s=6.03 eta=86.3s
2026-02-20 12:17:25,456 - INFO - [Epoch 1 Step 490/1000] loss=5464.7855 style=21.7512 mom=0.5302 struct=4.3602 tv=0.0000 idt=0.8317 it/s=6.03 eta=84.6s
2026-02-20 12:17:27,091 - INFO - [Epoch 1 Step 500/1000] loss=5446.5378 style=21.6564 mom=0.5291 struct=4.3652 tv=0.0000 idt=0.8377 it/s=6.03 eta=82.9s
2026-02-20 12:17:28,723 - INFO - [Epoch 1 Step 510/1000] loss=5426.8352 style=21.5567 mom=0.5277 struct=4.3712 tv=0.0000 idt=0.8429 it/s=6.03 eta=81.2s
2026-02-20 12:17:30,355 - INFO - [Epoch 1 Step 520/1000] loss=5416.7392 style=21.5024 mom=0.5274 struct=4.3752 tv=0.0000 idt=0.8468 it/s=6.04 eta=79.5s
2026-02-20 12:17:31,988 - INFO - [Epoch 1 Step 530/1000] loss=5403.8325 style=21.4342 mom=0.5268 struct=4.3795 tv=0.0000 idt=0.8515 it/s=6.04 eta=77.8s
2026-02-20 12:17:33,622 - INFO - [Epoch 1 Step 540/1000] loss=5387.7967 style=21.3551 mom=0.5263 struct=4.3847 tv=0.0000 idt=0.8544 it/s=6.04 eta=76.2s
2026-02-20 12:17:35,255 - INFO - [Epoch 1 Step 550/1000] loss=5372.6553 style=21.2783 mom=0.5257 struct=4.3900 tv=0.0000 idt=0.8582 it/s=6.04 eta=74.5s
2026-02-20 12:17:36,884 - INFO - [Epoch 1 Step 560/1000] loss=5357.7918 style=21.2030 mom=0.5250 struct=4.3967 tv=0.0000 idt=0.8617 it/s=6.04 eta=72.8s
2026-02-20 12:17:38,516 - INFO - [Epoch 1 Step 570/1000] loss=5341.6916 style=21.1236 mom=0.5242 struct=4.4001 tv=0.0000 idt=0.8649 it/s=6.04 eta=71.1s
2026-02-20 12:17:40,145 - INFO - [Epoch 1 Step 580/1000] loss=5327.0432 style=21.0493 mom=0.5235 struct=4.4042 tv=0.0000 idt=0.8687 it/s=6.05 eta=69.5s
2026-02-20 12:17:41,784 - INFO - [Epoch 1 Step 590/1000] loss=5311.5166 style=20.9771 mom=0.5228 struct=4.4072 tv=0.0000 idt=0.8696 it/s=6.05 eta=67.8s
2026-02-20 12:17:43,430 - INFO - [Epoch 1 Step 600/1000] loss=5299.2237 style=20.9143 mom=0.5221 struct=4.4107 tv=0.0000 idt=0.8731 it/s=6.05 eta=66.1s
2026-02-20 12:17:45,060 - INFO - [Epoch 1 Step 610/1000] loss=5286.5556 style=20.8523 mom=0.5216 struct=4.4151 tv=0.0000 idt=0.8752 it/s=6.05 eta=64.5s
2026-02-20 12:17:46,693 - INFO - [Epoch 1 Step 620/1000] loss=5272.6876 style=20.7832 mom=0.5206 struct=4.4204 tv=0.0000 idt=0.8781 it/s=6.05 eta=62.8s
2026-02-20 12:17:48,323 - INFO - [Epoch 1 Step 630/1000] loss=5261.4411 style=20.7295 mom=0.5203 struct=4.4238 tv=0.0000 idt=0.8792 it/s=6.05 eta=61.1s
2026-02-20 12:17:49,953 - INFO - [Epoch 1 Step 640/1000] loss=5247.9066 style=20.6616 mom=0.5195 struct=4.4279 tv=0.0000 idt=0.8824 it/s=6.05 eta=59.5s
2026-02-20 12:17:51,583 - INFO - [Epoch 1 Step 650/1000] loss=5236.0298 style=20.6059 mom=0.5188 struct=4.4303 tv=0.0000 idt=0.8834 it/s=6.05 eta=57.8s
2026-02-20 12:17:53,213 - INFO - [Epoch 1 Step 660/1000] loss=5221.8208 style=20.5377 mom=0.5180 struct=4.4336 tv=0.0000 idt=0.8853 it/s=6.05 eta=56.2s
2026-02-20 12:17:54,851 - INFO - [Epoch 1 Step 670/1000] loss=5210.7384 style=20.4805 mom=0.5175 struct=4.4381 tv=0.0000 idt=0.8885 it/s=6.06 eta=54.5s
2026-02-20 12:17:56,483 - INFO - [Epoch 1 Step 680/1000] loss=5200.7513 style=20.4313 mom=0.5172 struct=4.4407 tv=0.0000 idt=0.8904 it/s=6.06 eta=52.8s
2026-02-20 12:17:58,114 - INFO - [Epoch 1 Step 690/1000] loss=5188.7105 style=20.3751 mom=0.5166 struct=4.4429 tv=0.0000 idt=0.8912 it/s=6.06 eta=51.2s
2026-02-20 12:17:59,748 - INFO - [Epoch 1 Step 700/1000] loss=5175.9007 style=20.3184 mom=0.5157 struct=4.4444 tv=0.0000 idt=0.8907 it/s=6.06 eta=49.5s
2026-02-20 12:18:01,379 - INFO - [Epoch 1 Step 710/1000] loss=5167.7426 style=20.2764 mom=0.5154 struct=4.4488 tv=0.0000 idt=0.8929 it/s=6.06 eta=47.9s
2026-02-20 12:18:03,016 - INFO - [Epoch 1 Step 720/1000] loss=5153.4261 style=20.2124 mom=0.5150 struct=4.4515 tv=0.0000 idt=0.8923 it/s=6.06 eta=46.2s
2026-02-20 12:18:04,648 - INFO - [Epoch 1 Step 730/1000] loss=5143.5245 style=20.1681 mom=0.5146 struct=4.4533 tv=0.0000 idt=0.8920 it/s=6.06 eta=44.5s
2026-02-20 12:18:06,279 - INFO - [Epoch 1 Step 740/1000] loss=5134.4506 style=20.1255 mom=0.5141 struct=4.4559 tv=0.0000 idt=0.8926 it/s=6.06 eta=42.9s
2026-02-20 12:18:07,939 - INFO - [Epoch 1 Step 750/1000] loss=5123.6150 style=20.0765 mom=0.5134 struct=4.4590 tv=0.0000 idt=0.8925 it/s=6.06 eta=41.2s
2026-02-20 12:18:09,574 - INFO - [Epoch 1 Step 760/1000] loss=5116.1937 style=20.0404 mom=0.5131 struct=4.4623 tv=0.0000 idt=0.8935 it/s=6.06 eta=39.6s
2026-02-20 12:18:11,203 - INFO - [Epoch 1 Step 770/1000] loss=5105.6660 style=19.9926 mom=0.5126 struct=4.4648 tv=0.0000 idt=0.8935 it/s=6.06 eta=37.9s
2026-02-20 12:18:12,849 - INFO - [Epoch 1 Step 780/1000] loss=5095.3436 style=19.9480 mom=0.5120 struct=4.4665 tv=0.0000 idt=0.8925 it/s=6.06 eta=36.3s
2026-02-20 12:18:14,481 - INFO - [Epoch 1 Step 790/1000] loss=5085.9097 style=19.9067 mom=0.5114 struct=4.4703 tv=0.0000 idt=0.8916 it/s=6.06 eta=34.6s
2026-02-20 12:18:16,110 - INFO - [Epoch 1 Step 800/1000] loss=5075.7955 style=19.8601 mom=0.5110 struct=4.4729 tv=0.0000 idt=0.8919 it/s=6.07 eta=33.0s
2026-02-20 12:18:17,749 - INFO - [Epoch 1 Step 810/1000] loss=5066.2663 style=19.8164 mom=0.5105 struct=4.4756 tv=0.0000 idt=0.8921 it/s=6.07 eta=31.3s
2026-02-20 12:18:19,378 - INFO - [Epoch 1 Step 820/1000] loss=5057.7142 style=19.7767 mom=0.5101 struct=4.4781 tv=0.0000 idt=0.8924 it/s=6.07 eta=29.7s
2026-02-20 12:18:21,011 - INFO - [Epoch 1 Step 830/1000] loss=5049.1393 style=19.7395 mom=0.5097 struct=4.4806 tv=0.0000 idt=0.8915 it/s=6.07 eta=28.0s
2026-02-20 12:18:22,641 - INFO - [Epoch 1 Step 840/1000] loss=5039.6584 style=19.6981 mom=0.5092 struct=4.4830 tv=0.0000 idt=0.8906 it/s=6.07 eta=26.4s
2026-02-20 12:18:24,274 - INFO - [Epoch 1 Step 850/1000] loss=5030.8526 style=19.6604 mom=0.5088 struct=4.4868 tv=0.0000 idt=0.8892 it/s=6.07 eta=24.7s
2026-02-20 12:18:25,906 - INFO - [Epoch 1 Step 860/1000] loss=5021.5451 style=19.6214 mom=0.5087 struct=4.4888 tv=0.0000 idt=0.8875 it/s=6.07 eta=23.1s
2026-02-20 12:18:27,537 - INFO - [Epoch 1 Step 870/1000] loss=5014.8617 style=19.5930 mom=0.5086 struct=4.4913 tv=0.0000 idt=0.8863 it/s=6.07 eta=21.4s
2026-02-20 12:18:29,168 - INFO - [Epoch 1 Step 880/1000] loss=5006.6323 style=19.5570 mom=0.5082 struct=4.4939 tv=0.0000 idt=0.8855 it/s=6.07 eta=19.8s
2026-02-20 12:18:30,804 - INFO - [Epoch 1 Step 890/1000] loss=4996.3092 style=19.5109 mom=0.5077 struct=4.4955 tv=0.0000 idt=0.8852 it/s=6.07 eta=18.1s
2026-02-20 12:18:32,434 - INFO - [Epoch 1 Step 900/1000] loss=4988.0347 style=19.4756 mom=0.5073 struct=4.4983 tv=0.0000 idt=0.8839 it/s=6.07 eta=16.5s
2026-02-20 12:18:34,069 - INFO - [Epoch 1 Step 910/1000] loss=4979.9952 style=19.4398 mom=0.5069 struct=4.5000 tv=0.0000 idt=0.8836 it/s=6.07 eta=14.8s
2026-02-20 12:18:35,698 - INFO - [Epoch 1 Step 920/1000] loss=4973.9562 style=19.4159 mom=0.5066 struct=4.5021 tv=0.0000 idt=0.8818 it/s=6.07 eta=13.2s
2026-02-20 12:18:37,335 - INFO - [Epoch 1 Step 930/1000] loss=4965.9718 style=19.3835 mom=0.5064 struct=4.5036 tv=0.0000 idt=0.8798 it/s=6.07 eta=11.5s
2026-02-20 12:18:38,964 - INFO - [Epoch 1 Step 940/1000] loss=4959.1749 style=19.3538 mom=0.5062 struct=4.5060 tv=0.0000 idt=0.8790 it/s=6.07 eta=9.9s
2026-02-20 12:18:40,595 - INFO - [Epoch 1 Step 950/1000] loss=4952.0136 style=19.3238 mom=0.5059 struct=4.5078 tv=0.0000 idt=0.8777 it/s=6.07 eta=8.2s
2026-02-20 12:18:42,226 - INFO - [Epoch 1 Step 960/1000] loss=4944.0504 style=19.2921 mom=0.5056 struct=4.5098 tv=0.0000 idt=0.8754 it/s=6.08 eta=6.6s
2026-02-20 12:18:43,856 - INFO - [Epoch 1 Step 970/1000] loss=4938.1100 style=19.2661 mom=0.5053 struct=4.5119 tv=0.0000 idt=0.8748 it/s=6.08 eta=4.9s
2026-02-20 12:18:45,487 - INFO - [Epoch 1 Step 980/1000] loss=4933.5131 style=19.2465 mom=0.5051 struct=4.5146 tv=0.0000 idt=0.8740 it/s=6.08 eta=3.3s
2026-02-20 12:18:47,116 - INFO - [Epoch 1 Step 990/1000] loss=4928.7044 style=19.2271 mom=0.5049 struct=4.5172 tv=0.0000 idt=0.8726 it/s=6.08 eta=1.6s
2026-02-20 12:18:48,749 - INFO - [Epoch 1 Step 1000/1000] loss=4920.1106 style=19.1903 mom=0.5046 struct=4.5199 tv=0.0000 idt=0.8714 it/s=6.08 eta=0.0s
2026-02-20 12:18:48,751 - INFO - Epoch 1/1 | loss=4920.1106 style_swd=19.1903 mom=0.5046 struct=4.5199 tv=0.0000 idt=0.8714 steps=1.0 h=1.00 s=1.00 lr=5.00e-04 data=1.2s comp=163.3s
2026-02-20 12:18:48,838 - INFO - Saved checkpoint: G:\GitHub\Latent_Style\Cycle-NCE\ssim-optun-nce\trial_0213\epoch_0001.pt (step=1000)
2026-02-20 12:18:48,838 - INFO - Running full eval for epoch 1 -> G:\GitHub\Latent_Style\Cycle-NCE\ssim-optun-nce\trial_0213\full_eval\epoch_0001
2026-02-20 12:19:41,459 - INFO - Full eval completed for epoch 1. Log: G:\GitHub\Latent_Style\Cycle-NCE\ssim-optun-nce\trial_0213\logs\full_eval_epoch_0001.log
2026-02-20 12:19:41,459 - INFO - Training completed.
