2026-02-20 11:53:59,833 - WARNING - w_style=290.8459 looks high for Projected SWD loss. Recommended start range is [5, 20].
2026-02-20 11:53:59,833 - INFO - Active losses: w_style, w_moment, w_identity, w_structure
2026-02-20 11:53:59,867 - INFO - Device: cuda
2026-02-20 11:53:59,867 - INFO - Seed: 42
2026-02-20 11:53:59,867 - INFO - Loading latent dataset from ..\..\sdxl-256-overfit50
2026-02-20 11:53:59,874 - INFO -   style=photo id=0 count=10
2026-02-20 11:53:59,877 - INFO -   style=Hayao id=1 count=10
2026-02-20 11:53:59,881 - INFO -   style=monet id=2 count=10
2026-02-20 11:53:59,884 - INFO -   style=cezanne id=3 count=10
2026-02-20 11:53:59,887 - INFO -   style=vangogh id=4 count=10
2026-02-20 11:53:59,940 - INFO - Dataset preloaded to cuda: 0.00GB across 5 style pools.
2026-02-20 11:53:59,942 - INFO - DataLoader | batch=50 workers=0 pin_memory=False persistent_workers=False preload_to_gpu=True
2026-02-20 11:53:59,984 - INFO - Model params: 7,153,476
2026-02-20 11:53:59,986 - INFO - Adding NCE Projector params to optimizer: 4 tensors
2026-02-20 11:54:00,624 - INFO - No checkpoint found, start from scratch.
2026-02-20 11:54:03,312 - INFO - [Epoch 1 Step 10/1000] loss=10006.3195 style=33.2398 mom=0.5975 struct=3.9506 tv=0.0000 idt=0.0401 it/s=3.72 eta=266.0s
2026-02-20 11:54:04,937 - INFO - [Epoch 1 Step 20/1000] loss=10199.7095 style=33.8421 mom=0.6029 struct=3.9663 tv=0.0000 idt=0.0700 it/s=4.64 eta=211.3s
2026-02-20 11:54:06,570 - INFO - [Epoch 1 Step 30/1000] loss=10138.1681 style=33.5926 mom=0.6030 struct=3.9704 tv=0.0000 idt=0.0897 it/s=5.05 eta=192.2s
2026-02-20 11:54:08,201 - INFO - [Epoch 1 Step 40/1000] loss=10058.0885 style=33.2828 mom=0.6017 struct=3.9643 tv=0.0000 idt=0.1091 it/s=5.28 eta=181.8s
2026-02-20 11:54:09,831 - INFO - [Epoch 1 Step 50/1000] loss=10040.8822 style=33.1779 mom=0.6028 struct=3.9613 tv=0.0000 idt=0.1332 it/s=5.43 eta=174.9s
2026-02-20 11:54:11,477 - INFO - [Epoch 1 Step 60/1000] loss=9899.1326 style=32.6361 mom=0.6015 struct=3.9659 tv=0.0000 idt=0.1622 it/s=5.53 eta=170.0s
2026-02-20 11:54:13,110 - INFO - [Epoch 1 Step 70/1000] loss=9735.1364 style=32.0187 mom=0.5981 struct=3.9681 tv=0.0000 idt=0.1916 it/s=5.61 eta=165.9s
2026-02-20 11:54:14,743 - INFO - [Epoch 1 Step 80/1000] loss=9663.2731 style=31.7020 mom=0.5981 struct=3.9744 tv=0.0000 idt=0.2280 it/s=5.67 eta=162.4s
2026-02-20 11:54:16,398 - INFO - [Epoch 1 Step 90/1000] loss=9513.8543 style=31.1226 mom=0.5960 struct=3.9798 tv=0.0000 idt=0.2631 it/s=5.71 eta=159.5s
2026-02-20 11:54:18,027 - INFO - [Epoch 1 Step 100/1000] loss=9372.2391 style=30.5673 mom=0.5951 struct=3.9905 tv=0.0000 idt=0.2987 it/s=5.75 eta=156.6s
2026-02-20 11:54:19,659 - INFO - [Epoch 1 Step 110/1000] loss=9251.6086 style=30.1103 mom=0.5924 struct=3.9989 tv=0.0000 idt=0.3213 it/s=5.78 eta=154.0s
2026-02-20 11:54:21,292 - INFO - [Epoch 1 Step 120/1000] loss=9112.6045 style=29.5788 mom=0.5908 struct=4.0095 tv=0.0000 idt=0.3493 it/s=5.81 eta=151.6s
2026-02-20 11:54:22,921 - INFO - [Epoch 1 Step 130/1000] loss=8998.9619 style=29.1376 mom=0.5873 struct=4.0225 tv=0.0000 idt=0.3761 it/s=5.83 eta=149.2s
2026-02-20 11:54:24,551 - INFO - [Epoch 1 Step 140/1000] loss=8871.4227 style=28.6546 mom=0.5855 struct=4.0318 tv=0.0000 idt=0.3996 it/s=5.85 eta=147.0s
2026-02-20 11:54:26,183 - INFO - [Epoch 1 Step 150/1000] loss=8777.9099 style=28.2723 mom=0.5836 struct=4.0432 tv=0.0000 idt=0.4314 it/s=5.87 eta=144.8s
2026-02-20 11:54:27,826 - INFO - [Epoch 1 Step 160/1000] loss=8675.4690 style=27.8703 mom=0.5811 struct=4.0557 tv=0.0000 idt=0.4576 it/s=5.88 eta=142.8s
2026-02-20 11:54:29,476 - INFO - [Epoch 1 Step 170/1000] loss=8573.3457 style=27.4589 mom=0.5782 struct=4.0702 tv=0.0000 idt=0.4892 it/s=5.89 eta=140.9s
2026-02-20 11:54:31,106 - INFO - [Epoch 1 Step 180/1000] loss=8463.3528 style=27.0374 mom=0.5756 struct=4.0844 tv=0.0000 idt=0.5118 it/s=5.91 eta=138.9s
2026-02-20 11:54:32,738 - INFO - [Epoch 1 Step 190/1000] loss=8375.5469 style=26.6864 mom=0.5724 struct=4.1009 tv=0.0000 idt=0.5375 it/s=5.92 eta=136.9s
2026-02-20 11:54:34,367 - INFO - [Epoch 1 Step 200/1000] loss=8291.1823 style=26.3558 mom=0.5697 struct=4.1156 tv=0.0000 idt=0.5586 it/s=5.93 eta=135.0s
2026-02-20 11:54:35,997 - INFO - [Epoch 1 Step 210/1000] loss=8202.9479 style=26.0124 mom=0.5674 struct=4.1272 tv=0.0000 idt=0.5796 it/s=5.94 eta=133.1s
2026-02-20 11:54:37,628 - INFO - [Epoch 1 Step 220/1000] loss=8108.8523 style=25.6634 mom=0.5640 struct=4.1387 tv=0.0000 idt=0.5932 it/s=5.95 eta=131.2s
2026-02-20 11:54:39,259 - INFO - [Epoch 1 Step 230/1000] loss=8037.6078 style=25.3885 mom=0.5614 struct=4.1510 tv=0.0000 idt=0.6089 it/s=5.95 eta=129.3s
2026-02-20 11:54:40,889 - INFO - [Epoch 1 Step 240/1000] loss=7970.4284 style=25.1209 mom=0.5588 struct=4.1646 tv=0.0000 idt=0.6280 it/s=5.96 eta=127.5s
2026-02-20 11:54:42,515 - INFO - [Epoch 1 Step 250/1000] loss=7916.0019 style=24.8872 mom=0.5566 struct=4.1779 tv=0.0000 idt=0.6522 it/s=5.97 eta=125.7s
2026-02-20 11:54:44,144 - INFO - [Epoch 1 Step 260/1000] loss=7867.8484 style=24.6987 mom=0.5547 struct=4.1882 tv=0.0000 idt=0.6641 it/s=5.97 eta=123.9s
2026-02-20 11:54:45,774 - INFO - [Epoch 1 Step 270/1000] loss=7815.6982 style=24.4916 mom=0.5530 struct=4.1974 tv=0.0000 idt=0.6786 it/s=5.98 eta=122.1s
2026-02-20 11:54:47,400 - INFO - [Epoch 1 Step 280/1000] loss=7764.1078 style=24.2861 mom=0.5513 struct=4.2094 tv=0.0000 idt=0.6931 it/s=5.99 eta=120.3s
2026-02-20 11:54:49,029 - INFO - [Epoch 1 Step 290/1000] loss=7716.2918 style=24.1023 mom=0.5501 struct=4.2179 tv=0.0000 idt=0.7030 it/s=5.99 eta=118.5s
2026-02-20 11:54:50,658 - INFO - [Epoch 1 Step 300/1000] loss=7669.7902 style=23.9189 mom=0.5485 struct=4.2255 tv=0.0000 idt=0.7153 it/s=6.00 eta=116.7s
2026-02-20 11:54:52,301 - INFO - [Epoch 1 Step 310/1000] loss=7639.2482 style=23.7885 mom=0.5473 struct=4.2340 tv=0.0000 idt=0.7284 it/s=6.00 eta=115.0s
2026-02-20 11:54:53,929 - INFO - [Epoch 1 Step 320/1000] loss=7592.7210 style=23.6050 mom=0.5456 struct=4.2441 tv=0.0000 idt=0.7406 it/s=6.00 eta=113.3s
2026-02-20 11:54:55,557 - INFO - [Epoch 1 Step 330/1000] loss=7549.6158 style=23.4424 mom=0.5440 struct=4.2511 tv=0.0000 idt=0.7481 it/s=6.01 eta=111.5s
2026-02-20 11:54:57,188 - INFO - [Epoch 1 Step 340/1000] loss=7513.6017 style=23.2986 mom=0.5431 struct=4.2594 tv=0.0000 idt=0.7582 it/s=6.01 eta=109.8s
2026-02-20 11:54:58,819 - INFO - [Epoch 1 Step 350/1000] loss=7479.1704 style=23.1624 mom=0.5423 struct=4.2669 tv=0.0000 idt=0.7673 it/s=6.01 eta=108.1s
2026-02-20 11:55:00,447 - INFO - [Epoch 1 Step 360/1000] loss=7438.8694 style=23.0022 mom=0.5411 struct=4.2758 tv=0.0000 idt=0.7784 it/s=6.02 eta=106.4s
2026-02-20 11:55:02,076 - INFO - [Epoch 1 Step 370/1000] loss=7403.9936 style=22.8691 mom=0.5398 struct=4.2825 tv=0.0000 idt=0.7852 it/s=6.02 eta=104.6s
2026-02-20 11:55:03,707 - INFO - [Epoch 1 Step 380/1000] loss=7368.0733 style=22.7337 mom=0.5385 struct=4.2897 tv=0.0000 idt=0.7913 it/s=6.02 eta=102.9s
2026-02-20 11:55:05,336 - INFO - [Epoch 1 Step 390/1000] loss=7337.5191 style=22.6088 mom=0.5374 struct=4.2981 tv=0.0000 idt=0.8015 it/s=6.03 eta=101.2s
2026-02-20 11:55:06,967 - INFO - [Epoch 1 Step 400/1000] loss=7310.5586 style=22.4992 mom=0.5363 struct=4.3049 tv=0.0000 idt=0.8102 it/s=6.03 eta=99.5s
2026-02-20 11:55:08,602 - INFO - [Epoch 1 Step 410/1000] loss=7284.1654 style=22.3936 mom=0.5352 struct=4.3123 tv=0.0000 idt=0.8178 it/s=6.03 eta=97.8s
2026-02-20 11:55:10,236 - INFO - [Epoch 1 Step 420/1000] loss=7260.8518 style=22.2951 mom=0.5342 struct=4.3199 tv=0.0000 idt=0.8272 it/s=6.03 eta=96.1s
2026-02-20 11:55:11,867 - INFO - [Epoch 1 Step 430/1000] loss=7242.7587 style=22.2229 mom=0.5333 struct=4.3247 tv=0.0000 idt=0.8323 it/s=6.04 eta=94.4s
2026-02-20 11:55:13,501 - INFO - [Epoch 1 Step 440/1000] loss=7226.0518 style=22.1441 mom=0.5325 struct=4.3312 tv=0.0000 idt=0.8434 it/s=6.04 eta=92.8s
2026-02-20 11:55:15,130 - INFO - [Epoch 1 Step 450/1000] loss=7200.6821 style=22.0392 mom=0.5314 struct=4.3376 tv=0.0000 idt=0.8525 it/s=6.04 eta=91.1s
2026-02-20 11:55:16,761 - INFO - [Epoch 1 Step 460/1000] loss=7174.1672 style=21.9438 mom=0.5308 struct=4.3420 tv=0.0000 idt=0.8546 it/s=6.04 eta=89.4s
2026-02-20 11:55:18,390 - INFO - [Epoch 1 Step 470/1000] loss=7151.0214 style=21.8527 mom=0.5297 struct=4.3483 tv=0.0000 idt=0.8605 it/s=6.04 eta=87.7s
2026-02-20 11:55:20,022 - INFO - [Epoch 1 Step 480/1000] loss=7127.3751 style=21.7618 mom=0.5290 struct=4.3531 tv=0.0000 idt=0.8654 it/s=6.05 eta=86.0s
2026-02-20 11:55:21,650 - INFO - [Epoch 1 Step 490/1000] loss=7103.1305 style=21.6631 mom=0.5280 struct=4.3596 tv=0.0000 idt=0.8733 it/s=6.05 eta=84.3s
2026-02-20 11:55:23,286 - INFO - [Epoch 1 Step 500/1000] loss=7080.5143 style=21.5734 mom=0.5270 struct=4.3643 tv=0.0000 idt=0.8795 it/s=6.05 eta=82.7s
2026-02-20 11:55:24,916 - INFO - [Epoch 1 Step 510/1000] loss=7054.9059 style=21.4733 mom=0.5257 struct=4.3700 tv=0.0000 idt=0.8859 it/s=6.05 eta=81.0s
2026-02-20 11:55:26,547 - INFO - [Epoch 1 Step 520/1000] loss=7042.1187 style=21.4210 mom=0.5253 struct=4.3740 tv=0.0000 idt=0.8900 it/s=6.05 eta=79.3s
2026-02-20 11:55:28,185 - INFO - [Epoch 1 Step 530/1000] loss=7025.5266 style=21.3519 mom=0.5247 struct=4.3790 tv=0.0000 idt=0.8962 it/s=6.05 eta=77.6s
2026-02-20 11:55:29,813 - INFO - [Epoch 1 Step 540/1000] loss=7005.0282 style=21.2746 mom=0.5241 struct=4.3843 tv=0.0000 idt=0.8995 it/s=6.05 eta=76.0s
2026-02-20 11:55:31,442 - INFO - [Epoch 1 Step 550/1000] loss=6985.2033 style=21.1977 mom=0.5235 struct=4.3900 tv=0.0000 idt=0.9038 it/s=6.06 eta=74.3s
2026-02-20 11:55:33,070 - INFO - [Epoch 1 Step 560/1000] loss=6965.6455 style=21.1231 mom=0.5229 struct=4.3961 tv=0.0000 idt=0.9074 it/s=6.06 eta=72.6s
2026-02-20 11:55:34,699 - INFO - [Epoch 1 Step 570/1000] loss=6944.5269 style=21.0425 mom=0.5221 struct=4.4000 tv=0.0000 idt=0.9116 it/s=6.06 eta=71.0s
2026-02-20 11:55:36,326 - INFO - [Epoch 1 Step 580/1000] loss=6925.4986 style=20.9689 mom=0.5213 struct=4.4042 tv=0.0000 idt=0.9158 it/s=6.06 eta=69.3s
2026-02-20 11:55:37,960 - INFO - [Epoch 1 Step 590/1000] loss=6905.1920 style=20.8963 mom=0.5206 struct=4.4073 tv=0.0000 idt=0.9172 it/s=6.06 eta=67.6s
2026-02-20 11:55:39,589 - INFO - [Epoch 1 Step 600/1000] loss=6888.6406 style=20.8314 mom=0.5199 struct=4.4110 tv=0.0000 idt=0.9214 it/s=6.06 eta=66.0s
2026-02-20 11:55:41,220 - INFO - [Epoch 1 Step 610/1000] loss=6872.5165 style=20.7690 mom=0.5194 struct=4.4159 tv=0.0000 idt=0.9248 it/s=6.06 eta=64.3s
2026-02-20 11:55:42,848 - INFO - [Epoch 1 Step 620/1000] loss=6854.7579 style=20.6995 mom=0.5184 struct=4.4213 tv=0.0000 idt=0.9291 it/s=6.07 eta=62.7s
2026-02-20 11:55:44,477 - INFO - [Epoch 1 Step 630/1000] loss=6840.3335 style=20.6463 mom=0.5181 struct=4.4254 tv=0.0000 idt=0.9308 it/s=6.07 eta=61.0s
2026-02-20 11:55:46,110 - INFO - [Epoch 1 Step 640/1000] loss=6822.6957 style=20.5784 mom=0.5173 struct=4.4299 tv=0.0000 idt=0.9345 it/s=6.07 eta=59.3s
2026-02-20 11:55:47,738 - INFO - [Epoch 1 Step 650/1000] loss=6807.2869 style=20.5227 mom=0.5167 struct=4.4326 tv=0.0000 idt=0.9359 it/s=6.07 eta=57.7s
2026-02-20 11:55:49,370 - INFO - [Epoch 1 Step 660/1000] loss=6789.4545 style=20.4558 mom=0.5159 struct=4.4358 tv=0.0000 idt=0.9388 it/s=6.07 eta=56.0s
2026-02-20 11:55:50,997 - INFO - [Epoch 1 Step 670/1000] loss=6775.5762 style=20.3996 mom=0.5154 struct=4.4401 tv=0.0000 idt=0.9431 it/s=6.07 eta=54.4s
2026-02-20 11:55:52,625 - INFO - [Epoch 1 Step 680/1000] loss=6763.0496 style=20.3513 mom=0.5150 struct=4.4430 tv=0.0000 idt=0.9457 it/s=6.07 eta=52.7s
2026-02-20 11:55:54,278 - INFO - [Epoch 1 Step 690/1000] loss=6747.8645 style=20.2958 mom=0.5145 struct=4.4450 tv=0.0000 idt=0.9475 it/s=6.07 eta=51.1s
2026-02-20 11:55:55,912 - INFO - [Epoch 1 Step 700/1000] loss=6731.8502 style=20.2391 mom=0.5137 struct=4.4466 tv=0.0000 idt=0.9485 it/s=6.07 eta=49.4s
2026-02-20 11:55:57,545 - INFO - [Epoch 1 Step 710/1000] loss=6722.1044 style=20.1982 mom=0.5134 struct=4.4511 tv=0.0000 idt=0.9521 it/s=6.07 eta=47.8s
2026-02-20 11:55:59,176 - INFO - [Epoch 1 Step 720/1000] loss=6704.2623 style=20.1355 mom=0.5130 struct=4.4539 tv=0.0000 idt=0.9527 it/s=6.07 eta=46.1s
2026-02-20 11:56:00,805 - INFO - [Epoch 1 Step 730/1000] loss=6692.1157 style=20.0916 mom=0.5126 struct=4.4558 tv=0.0000 idt=0.9538 it/s=6.07 eta=44.5s
2026-02-20 11:56:02,435 - INFO - [Epoch 1 Step 740/1000] loss=6680.5380 style=20.0470 mom=0.5120 struct=4.4587 tv=0.0000 idt=0.9563 it/s=6.08 eta=42.8s
2026-02-20 11:56:04,073 - INFO - [Epoch 1 Step 750/1000] loss=6666.3943 style=19.9979 mom=0.5114 struct=4.4616 tv=0.0000 idt=0.9564 it/s=6.08 eta=41.1s
2026-02-20 11:56:05,700 - INFO - [Epoch 1 Step 760/1000] loss=6657.1303 style=19.9614 mom=0.5111 struct=4.4648 tv=0.0000 idt=0.9588 it/s=6.08 eta=39.5s
2026-02-20 11:56:07,338 - INFO - [Epoch 1 Step 770/1000] loss=6644.4629 style=19.9159 mom=0.5107 struct=4.4670 tv=0.0000 idt=0.9597 it/s=6.08 eta=37.8s
2026-02-20 11:56:08,987 - INFO - [Epoch 1 Step 780/1000] loss=6631.6411 style=19.8707 mom=0.5101 struct=4.4684 tv=0.0000 idt=0.9604 it/s=6.08 eta=36.2s
2026-02-20 11:56:10,626 - INFO - [Epoch 1 Step 790/1000] loss=6619.4892 style=19.8283 mom=0.5095 struct=4.4721 tv=0.0000 idt=0.9606 it/s=6.08 eta=34.6s
2026-02-20 11:56:12,257 - INFO - [Epoch 1 Step 800/1000] loss=6606.1988 style=19.7811 mom=0.5091 struct=4.4746 tv=0.0000 idt=0.9613 it/s=6.08 eta=32.9s
2026-02-20 11:56:13,893 - INFO - [Epoch 1 Step 810/1000] loss=6593.8781 style=19.7356 mom=0.5086 struct=4.4773 tv=0.0000 idt=0.9629 it/s=6.08 eta=31.3s
2026-02-20 11:56:15,529 - INFO - [Epoch 1 Step 820/1000] loss=6583.0370 style=19.6959 mom=0.5082 struct=4.4801 tv=0.0000 idt=0.9640 it/s=6.08 eta=29.6s
2026-02-20 11:56:17,174 - INFO - [Epoch 1 Step 830/1000] loss=6571.8883 style=19.6565 mom=0.5077 struct=4.4825 tv=0.0000 idt=0.9645 it/s=6.08 eta=28.0s
2026-02-20 11:56:18,805 - INFO - [Epoch 1 Step 840/1000] loss=6559.9353 style=19.6145 mom=0.5072 struct=4.4847 tv=0.0000 idt=0.9650 it/s=6.08 eta=26.3s
2026-02-20 11:56:20,452 - INFO - [Epoch 1 Step 850/1000] loss=6548.8695 style=19.5765 mom=0.5069 struct=4.4883 tv=0.0000 idt=0.9647 it/s=6.08 eta=24.7s
2026-02-20 11:56:22,080 - INFO - [Epoch 1 Step 860/1000] loss=6537.1825 style=19.5380 mom=0.5067 struct=4.4902 tv=0.0000 idt=0.9638 it/s=6.08 eta=23.0s
2026-02-20 11:56:23,711 - INFO - [Epoch 1 Step 870/1000] loss=6529.1649 style=19.5100 mom=0.5066 struct=4.4924 tv=0.0000 idt=0.9638 it/s=6.08 eta=21.4s
2026-02-20 11:56:25,352 - INFO - [Epoch 1 Step 880/1000] loss=6519.1498 style=19.4741 mom=0.5063 struct=4.4954 tv=0.0000 idt=0.9644 it/s=6.08 eta=19.7s
2026-02-20 11:56:26,978 - INFO - [Epoch 1 Step 890/1000] loss=6505.9212 style=19.4269 mom=0.5057 struct=4.4969 tv=0.0000 idt=0.9654 it/s=6.08 eta=18.1s
2026-02-20 11:56:28,608 - INFO - [Epoch 1 Step 900/1000] loss=6495.7989 style=19.3929 mom=0.5054 struct=4.4992 tv=0.0000 idt=0.9648 it/s=6.08 eta=16.4s
2026-02-20 11:56:30,241 - INFO - [Epoch 1 Step 910/1000] loss=6485.4796 style=19.3565 mom=0.5050 struct=4.5008 tv=0.0000 idt=0.9653 it/s=6.08 eta=14.8s
2026-02-20 11:56:31,880 - INFO - [Epoch 1 Step 920/1000] loss=6478.2078 style=19.3320 mom=0.5046 struct=4.5026 tv=0.0000 idt=0.9650 it/s=6.08 eta=13.2s
2026-02-20 11:56:33,525 - INFO - [Epoch 1 Step 930/1000] loss=6468.6393 style=19.2996 mom=0.5044 struct=4.5044 tv=0.0000 idt=0.9647 it/s=6.08 eta=11.5s
2026-02-20 11:56:35,156 - INFO - [Epoch 1 Step 940/1000] loss=6459.8091 style=19.2682 mom=0.5041 struct=4.5068 tv=0.0000 idt=0.9651 it/s=6.08 eta=9.9s
2026-02-20 11:56:36,786 - INFO - [Epoch 1 Step 950/1000] loss=6451.0283 style=19.2388 mom=0.5039 struct=4.5086 tv=0.0000 idt=0.9646 it/s=6.08 eta=8.2s
2026-02-20 11:56:38,417 - INFO - [Epoch 1 Step 960/1000] loss=6441.6150 style=19.2082 mom=0.5036 struct=4.5100 tv=0.0000 idt=0.9636 it/s=6.08 eta=6.6s
2026-02-20 11:56:40,048 - INFO - [Epoch 1 Step 970/1000] loss=6433.9293 style=19.1802 mom=0.5033 struct=4.5120 tv=0.0000 idt=0.9644 it/s=6.08 eta=4.9s
2026-02-20 11:56:41,680 - INFO - [Epoch 1 Step 980/1000] loss=6428.4974 style=19.1611 mom=0.5031 struct=4.5144 tv=0.0000 idt=0.9644 it/s=6.08 eta=3.3s
2026-02-20 11:56:43,311 - INFO - [Epoch 1 Step 990/1000] loss=6422.4711 style=19.1399 mom=0.5030 struct=4.5171 tv=0.0000 idt=0.9645 it/s=6.09 eta=1.6s
2026-02-20 11:56:44,941 - INFO - [Epoch 1 Step 1000/1000] loss=6411.7367 style=19.1032 mom=0.5027 struct=4.5195 tv=0.0000 idt=0.9643 it/s=6.09 eta=0.0s
2026-02-20 11:56:44,943 - INFO - Epoch 1/1 | loss=6411.7367 style_swd=19.1032 mom=0.5027 struct=4.5195 tv=0.0000 idt=0.9643 steps=1.0 h=1.00 s=1.00 lr=5.00e-04 data=1.2s comp=163.1s
2026-02-20 11:56:45,031 - INFO - Saved checkpoint: G:\GitHub\Latent_Style\Cycle-NCE\ssim-optun-nce\trial_0207\epoch_0001.pt (step=1000)
2026-02-20 11:56:45,032 - INFO - Running full eval for epoch 1 -> G:\GitHub\Latent_Style\Cycle-NCE\ssim-optun-nce\trial_0207\full_eval\epoch_0001
2026-02-20 11:57:37,822 - INFO - Full eval completed for epoch 1. Log: G:\GitHub\Latent_Style\Cycle-NCE\ssim-optun-nce\trial_0207\logs\full_eval_epoch_0001.log
2026-02-20 11:57:37,822 - INFO - Training completed.
