2026-02-20 14:41:07,151 - WARNING - w_style=226.2709 looks high for Projected SWD loss. Recommended start range is [5, 20].
2026-02-20 14:41:07,151 - INFO - Active losses: w_style, w_moment, w_identity, w_structure
2026-02-20 14:41:07,760 - INFO - Device: cuda
2026-02-20 14:41:07,760 - INFO - Seed: 42
2026-02-20 14:41:07,760 - INFO - Loading latent dataset from ..\..\sdxl-256-overfit50
2026-02-20 14:41:07,773 - INFO -   style=photo id=0 count=10
2026-02-20 14:41:07,776 - INFO -   style=Hayao id=1 count=10
2026-02-20 14:41:07,780 - INFO -   style=monet id=2 count=10
2026-02-20 14:41:07,782 - INFO -   style=cezanne id=3 count=10
2026-02-20 14:41:07,786 - INFO -   style=vangogh id=4 count=10
2026-02-20 14:41:07,830 - INFO - Dataset preloaded to cuda: 0.00GB across 5 style pools.
2026-02-20 14:41:07,832 - INFO - DataLoader | batch=50 workers=0 pin_memory=False persistent_workers=False preload_to_gpu=True
2026-02-20 14:41:07,874 - INFO - Model params: 7,153,476
2026-02-20 14:41:07,876 - INFO - Adding NCE Projector params to optimizer: 4 tensors
2026-02-20 14:41:08,519 - INFO - No checkpoint found, start from scratch.
2026-02-20 14:41:10,857 - INFO - [Epoch 1 Step 10/1000] loss=7783.8367 style=33.2297 mom=0.5977 struct=3.9507 tv=0.0000 idt=0.0480 it/s=4.28 eta=231.3s
2026-02-20 14:41:12,045 - INFO - [Epoch 1 Step 20/1000] loss=7937.9516 style=33.8516 mom=0.6029 struct=3.9651 tv=0.0000 idt=0.0651 it/s=5.67 eta=172.7s
2026-02-20 14:41:13,247 - INFO - [Epoch 1 Step 30/1000] loss=7896.1646 style=33.6151 mom=0.6030 struct=3.9687 tv=0.0000 idt=0.0811 it/s=6.35 eta=152.8s
2026-02-20 14:41:14,442 - INFO - [Epoch 1 Step 40/1000] loss=7843.0101 style=33.3378 mom=0.6018 struct=3.9622 tv=0.0000 idt=0.0949 it/s=6.75 eta=142.1s
2026-02-20 14:41:15,636 - INFO - [Epoch 1 Step 50/1000] loss=7849.6217 style=33.3180 mom=0.6037 struct=3.9605 tv=0.0000 idt=0.1102 it/s=7.03 eta=135.2s
2026-02-20 14:41:16,831 - INFO - [Epoch 1 Step 60/1000] loss=7769.8493 style=32.9109 mom=0.6038 struct=3.9685 tv=0.0000 idt=0.1268 it/s=7.22 eta=130.2s
2026-02-20 14:41:18,028 - INFO - [Epoch 1 Step 70/1000] loss=7677.9478 style=32.4525 mom=0.6021 struct=3.9729 tv=0.0000 idt=0.1430 it/s=7.36 eta=126.3s
2026-02-20 14:41:19,231 - INFO - [Epoch 1 Step 80/1000] loss=7660.8885 style=32.3057 mom=0.6036 struct=3.9789 tv=0.0000 idt=0.1649 it/s=7.47 eta=123.2s
2026-02-20 14:41:20,426 - INFO - [Epoch 1 Step 90/1000] loss=7583.1113 style=31.8822 mom=0.6039 struct=3.9843 tv=0.0000 idt=0.1895 it/s=7.56 eta=120.4s
2026-02-20 14:41:21,621 - INFO - [Epoch 1 Step 100/1000] loss=7511.5524 style=31.4850 mom=0.6048 struct=3.9907 tv=0.0000 idt=0.2144 it/s=7.63 eta=117.9s
2026-02-20 14:41:22,814 - INFO - [Epoch 1 Step 110/1000] loss=7441.8733 style=31.1177 mom=0.6038 struct=3.9981 tv=0.0000 idt=0.2326 it/s=7.70 eta=115.7s
2026-02-20 14:41:24,013 - INFO - [Epoch 1 Step 120/1000] loss=7358.4605 style=30.6938 mom=0.6036 struct=4.0038 tv=0.0000 idt=0.2496 it/s=7.75 eta=113.6s
2026-02-20 14:41:25,205 - INFO - [Epoch 1 Step 130/1000] loss=7288.9827 style=30.3408 mom=0.6021 struct=4.0110 tv=0.0000 idt=0.2636 it/s=7.79 eta=111.7s
2026-02-20 14:41:26,401 - INFO - [Epoch 1 Step 140/1000] loss=7200.2416 style=29.9138 mom=0.6013 struct=4.0167 tv=0.0000 idt=0.2742 it/s=7.83 eta=109.8s
2026-02-20 14:41:27,595 - INFO - [Epoch 1 Step 150/1000] loss=7141.4420 style=29.6035 mom=0.6013 struct=4.0234 tv=0.0000 idt=0.2896 it/s=7.86 eta=108.1s
2026-02-20 14:41:28,786 - INFO - [Epoch 1 Step 160/1000] loss=7073.9729 style=29.2721 mom=0.6000 struct=4.0305 tv=0.0000 idt=0.2997 it/s=7.89 eta=106.4s
2026-02-20 14:41:29,984 - INFO - [Epoch 1 Step 170/1000] loss=7003.3664 style=28.8973 mom=0.5984 struct=4.0392 tv=0.0000 idt=0.3190 it/s=7.92 eta=104.8s
2026-02-20 14:41:31,177 - INFO - [Epoch 1 Step 180/1000] loss=6933.1397 style=28.5481 mom=0.5972 struct=4.0470 tv=0.0000 idt=0.3308 it/s=7.94 eta=103.2s
2026-02-20 14:41:32,373 - INFO - [Epoch 1 Step 190/1000] loss=6873.9037 style=28.2440 mom=0.5950 struct=4.0568 tv=0.0000 idt=0.3436 it/s=7.97 eta=101.7s
2026-02-20 14:41:33,566 - INFO - [Epoch 1 Step 200/1000] loss=6815.9412 style=27.9490 mom=0.5930 struct=4.0675 tv=0.0000 idt=0.3552 it/s=7.99 eta=100.2s
2026-02-20 14:41:34,759 - INFO - [Epoch 1 Step 210/1000] loss=6749.7859 style=27.6255 mom=0.5912 struct=4.0745 tv=0.0000 idt=0.3647 it/s=8.00 eta=98.7s
2026-02-20 14:41:35,955 - INFO - [Epoch 1 Step 220/1000] loss=6683.5219 style=27.3065 mom=0.5884 struct=4.0825 tv=0.0000 idt=0.3727 it/s=8.02 eta=97.3s
2026-02-20 14:41:37,149 - INFO - [Epoch 1 Step 230/1000] loss=6630.9233 style=27.0452 mom=0.5862 struct=4.0909 tv=0.0000 idt=0.3813 it/s=8.03 eta=95.8s
2026-02-20 14:41:38,341 - INFO - [Epoch 1 Step 240/1000] loss=6584.0361 style=26.8080 mom=0.5840 struct=4.1010 tv=0.0000 idt=0.3903 it/s=8.05 eta=94.4s
2026-02-20 14:41:39,533 - INFO - [Epoch 1 Step 250/1000] loss=6537.4121 style=26.5663 mom=0.5820 struct=4.1102 tv=0.0000 idt=0.4011 it/s=8.06 eta=93.0s
2026-02-20 14:41:40,734 - INFO - [Epoch 1 Step 260/1000] loss=6498.0399 style=26.3750 mom=0.5802 struct=4.1209 tv=0.0000 idt=0.4060 it/s=8.07 eta=91.7s
2026-02-20 14:41:41,927 - INFO - [Epoch 1 Step 270/1000] loss=6453.4256 style=26.1503 mom=0.5784 struct=4.1292 tv=0.0000 idt=0.4142 it/s=8.08 eta=90.3s
2026-02-20 14:41:43,121 - INFO - [Epoch 1 Step 280/1000] loss=6411.6972 style=25.9481 mom=0.5769 struct=4.1400 tv=0.0000 idt=0.4192 it/s=8.09 eta=89.0s
2026-02-20 14:41:44,315 - INFO - [Epoch 1 Step 290/1000] loss=6371.8076 style=25.7576 mom=0.5758 struct=4.1474 tv=0.0000 idt=0.4233 it/s=8.10 eta=87.6s
2026-02-20 14:41:45,507 - INFO - [Epoch 1 Step 300/1000] loss=6334.8828 style=25.5667 mom=0.5741 struct=4.1548 tv=0.0000 idt=0.4317 it/s=8.11 eta=86.3s
2026-02-20 14:41:46,717 - INFO - [Epoch 1 Step 310/1000] loss=6308.9422 style=25.4300 mom=0.5729 struct=4.1628 tv=0.0000 idt=0.4382 it/s=8.12 eta=85.0s
2026-02-20 14:41:47,908 - INFO - [Epoch 1 Step 320/1000] loss=6268.9589 style=25.2346 mom=0.5712 struct=4.1731 tv=0.0000 idt=0.4435 it/s=8.12 eta=83.7s
2026-02-20 14:41:49,100 - INFO - [Epoch 1 Step 330/1000] loss=6231.7822 style=25.0639 mom=0.5696 struct=4.1804 tv=0.0000 idt=0.4452 it/s=8.13 eta=82.4s
2026-02-20 14:41:50,291 - INFO - [Epoch 1 Step 340/1000] loss=6200.6563 style=24.9132 mom=0.5687 struct=4.1891 tv=0.0000 idt=0.4488 it/s=8.14 eta=81.1s
2026-02-20 14:41:51,489 - INFO - [Epoch 1 Step 350/1000] loss=6170.7961 style=24.7693 mom=0.5678 struct=4.1976 tv=0.0000 idt=0.4521 it/s=8.15 eta=79.8s
2026-02-20 14:41:52,681 - INFO - [Epoch 1 Step 360/1000] loss=6134.4821 style=24.5930 mom=0.5665 struct=4.2069 tv=0.0000 idt=0.4566 it/s=8.15 eta=78.5s
2026-02-20 14:41:53,872 - INFO - [Epoch 1 Step 370/1000] loss=6103.2727 style=24.4526 mom=0.5651 struct=4.2142 tv=0.0000 idt=0.4570 it/s=8.16 eta=77.2s
2026-02-20 14:41:55,067 - INFO - [Epoch 1 Step 380/1000] loss=6069.8588 style=24.3080 mom=0.5636 struct=4.2229 tv=0.0000 idt=0.4556 it/s=8.16 eta=75.9s
2026-02-20 14:41:56,261 - INFO - [Epoch 1 Step 390/1000] loss=6042.6164 style=24.1751 mom=0.5625 struct=4.2305 tv=0.0000 idt=0.4591 it/s=8.17 eta=74.7s
2026-02-20 14:41:57,452 - INFO - [Epoch 1 Step 400/1000] loss=6018.6584 style=24.0629 mom=0.5613 struct=4.2363 tv=0.0000 idt=0.4609 it/s=8.17 eta=73.4s
2026-02-20 14:41:58,643 - INFO - [Epoch 1 Step 410/1000] loss=5993.7401 style=23.9501 mom=0.5601 struct=4.2440 tv=0.0000 idt=0.4613 it/s=8.18 eta=72.1s
2026-02-20 14:41:59,836 - INFO - [Epoch 1 Step 420/1000] loss=5971.4665 style=23.8434 mom=0.5590 struct=4.2514 tv=0.0000 idt=0.4635 it/s=8.18 eta=70.9s
2026-02-20 14:42:01,046 - INFO - [Epoch 1 Step 430/1000] loss=5953.1171 style=23.7644 mom=0.5580 struct=4.2579 tv=0.0000 idt=0.4625 it/s=8.19 eta=69.6s
2026-02-20 14:42:02,236 - INFO - [Epoch 1 Step 440/1000] loss=5936.8632 style=23.6782 mom=0.5571 struct=4.2655 tv=0.0000 idt=0.4666 it/s=8.19 eta=68.4s
2026-02-20 14:42:03,428 - INFO - [Epoch 1 Step 450/1000] loss=5914.8704 style=23.5756 mom=0.5560 struct=4.2719 tv=0.0000 idt=0.4680 it/s=8.20 eta=67.1s
2026-02-20 14:42:04,620 - INFO - [Epoch 1 Step 460/1000] loss=5889.6841 style=23.4708 mom=0.5551 struct=4.2773 tv=0.0000 idt=0.4657 it/s=8.20 eta=65.9s
2026-02-20 14:42:06,380 - INFO - [Epoch 1 Step 470/1000] loss=5868.0026 style=23.3772 mom=0.5540 struct=4.2821 tv=0.0000 idt=0.4648 it/s=8.12 eta=65.2s
2026-02-20 14:42:08,055 - INFO - [Epoch 1 Step 480/1000] loss=5844.8427 style=23.2711 mom=0.5531 struct=4.2886 tv=0.0000 idt=0.4656 it/s=8.06 eta=64.5s
2026-02-20 14:42:09,714 - INFO - [Epoch 1 Step 490/1000] loss=5822.8691 style=23.1706 mom=0.5520 struct=4.2944 tv=0.0000 idt=0.4664 it/s=8.01 eta=63.7s
2026-02-20 14:42:11,370 - INFO - [Epoch 1 Step 500/1000] loss=5800.0576 style=23.0703 mom=0.5508 struct=4.3005 tv=0.0000 idt=0.4660 it/s=7.96 eta=62.8s
2026-02-20 14:42:13,036 - INFO - [Epoch 1 Step 510/1000] loss=5776.6664 style=22.9695 mom=0.5496 struct=4.3059 tv=0.0000 idt=0.4649 it/s=7.91 eta=62.0s
2026-02-20 14:42:14,684 - INFO - [Epoch 1 Step 520/1000] loss=5762.5769 style=22.9094 mom=0.5492 struct=4.3102 tv=0.0000 idt=0.4640 it/s=7.86 eta=61.1s
2026-02-20 14:42:16,334 - INFO - [Epoch 1 Step 530/1000] loss=5747.3842 style=22.8433 mom=0.5487 struct=4.3145 tv=0.0000 idt=0.4634 it/s=7.82 eta=60.1s
2026-02-20 14:42:17,987 - INFO - [Epoch 1 Step 540/1000] loss=5727.9664 style=22.7613 mom=0.5480 struct=4.3212 tv=0.0000 idt=0.4619 it/s=7.77 eta=59.2s
2026-02-20 14:42:19,634 - INFO - [Epoch 1 Step 550/1000] loss=5709.0944 style=22.6817 mom=0.5473 struct=4.3274 tv=0.0000 idt=0.4603 it/s=7.73 eta=58.2s
2026-02-20 14:42:21,286 - INFO - [Epoch 1 Step 560/1000] loss=5690.1406 style=22.6021 mom=0.5465 struct=4.3345 tv=0.0000 idt=0.4586 it/s=7.70 eta=57.2s
2026-02-20 14:42:22,931 - INFO - [Epoch 1 Step 570/1000] loss=5671.0439 style=22.5200 mom=0.5456 struct=4.3394 tv=0.0000 idt=0.4577 it/s=7.66 eta=56.1s
2026-02-20 14:42:24,577 - INFO - [Epoch 1 Step 580/1000] loss=5652.8666 style=22.4413 mom=0.5448 struct=4.3441 tv=0.0000 idt=0.4569 it/s=7.63 eta=55.1s
2026-02-20 14:42:26,217 - INFO - [Epoch 1 Step 590/1000] loss=5634.2507 style=22.3666 mom=0.5440 struct=4.3477 tv=0.0000 idt=0.4544 it/s=7.59 eta=54.0s
2026-02-20 14:42:27,863 - INFO - [Epoch 1 Step 600/1000] loss=5618.0291 style=22.2960 mom=0.5432 struct=4.3525 tv=0.0000 idt=0.4538 it/s=7.56 eta=52.9s
2026-02-20 14:42:29,504 - INFO - [Epoch 1 Step 610/1000] loss=5600.6613 style=22.2240 mom=0.5425 struct=4.3581 tv=0.0000 idt=0.4520 it/s=7.53 eta=51.8s
2026-02-20 14:42:31,146 - INFO - [Epoch 1 Step 620/1000] loss=5584.3331 style=22.1564 mom=0.5416 struct=4.3633 tv=0.0000 idt=0.4503 it/s=7.50 eta=50.6s
2026-02-20 14:42:32,427 - INFO - [Epoch 1 Step 630/1000] loss=5569.8339 style=22.0993 mom=0.5412 struct=4.3672 tv=0.0000 idt=0.4479 it/s=7.51 eta=49.3s
2026-02-20 14:42:33,616 - INFO - [Epoch 1 Step 640/1000] loss=5550.9790 style=22.0199 mom=0.5403 struct=4.3721 tv=0.0000 idt=0.4464 it/s=7.52 eta=47.9s
2026-02-20 14:42:34,809 - INFO - [Epoch 1 Step 650/1000] loss=5534.8211 style=21.9552 mom=0.5395 struct=4.3758 tv=0.0000 idt=0.4442 it/s=7.53 eta=46.5s
2026-02-20 14:42:36,004 - INFO - [Epoch 1 Step 660/1000] loss=5516.7153 style=21.8782 mom=0.5386 struct=4.3800 tv=0.0000 idt=0.4430 it/s=7.54 eta=45.1s
2026-02-20 14:42:37,192 - INFO - [Epoch 1 Step 670/1000] loss=5502.7563 style=21.8174 mom=0.5381 struct=4.3849 tv=0.0000 idt=0.4425 it/s=7.56 eta=43.7s
2026-02-20 14:42:38,394 - INFO - [Epoch 1 Step 680/1000] loss=5490.0549 style=21.7652 mom=0.5378 struct=4.3883 tv=0.0000 idt=0.4411 it/s=7.57 eta=42.3s
2026-02-20 14:42:39,591 - INFO - [Epoch 1 Step 690/1000] loss=5474.5039 style=21.6989 mom=0.5370 struct=4.3915 tv=0.0000 idt=0.4402 it/s=7.58 eta=40.9s
2026-02-20 14:42:40,790 - INFO - [Epoch 1 Step 700/1000] loss=5458.7561 style=21.6342 mom=0.5361 struct=4.3948 tv=0.0000 idt=0.4385 it/s=7.59 eta=39.5s
2026-02-20 14:42:41,980 - INFO - [Epoch 1 Step 710/1000] loss=5446.5227 style=21.5844 mom=0.5357 struct=4.4000 tv=0.0000 idt=0.4369 it/s=7.60 eta=38.2s
2026-02-20 14:42:43,182 - INFO - [Epoch 1 Step 720/1000] loss=5428.1727 style=21.5086 mom=0.5351 struct=4.4042 tv=0.0000 idt=0.4350 it/s=7.61 eta=36.8s
2026-02-20 14:42:44,372 - INFO - [Epoch 1 Step 730/1000] loss=5414.0900 style=21.4546 mom=0.5345 struct=4.4070 tv=0.0000 idt=0.4323 it/s=7.62 eta=35.5s
2026-02-20 14:42:45,570 - INFO - [Epoch 1 Step 740/1000] loss=5402.9536 style=21.4055 mom=0.5338 struct=4.4110 tv=0.0000 idt=0.4320 it/s=7.62 eta=34.1s
2026-02-20 14:42:46,761 - INFO - [Epoch 1 Step 750/1000] loss=5388.5936 style=21.3515 mom=0.5330 struct=4.4145 tv=0.0000 idt=0.4289 it/s=7.63 eta=32.7s
2026-02-20 14:42:47,944 - INFO - [Epoch 1 Step 760/1000] loss=5378.7010 style=21.3085 mom=0.5326 struct=4.4190 tv=0.0000 idt=0.4284 it/s=7.64 eta=31.4s
2026-02-20 14:42:49,137 - INFO - [Epoch 1 Step 770/1000] loss=5364.9742 style=21.2544 mom=0.5319 struct=4.4227 tv=0.0000 idt=0.4262 it/s=7.65 eta=30.1s
2026-02-20 14:42:50,324 - INFO - [Epoch 1 Step 780/1000] loss=5351.4998 style=21.2028 mom=0.5312 struct=4.4258 tv=0.0000 idt=0.4236 it/s=7.66 eta=28.7s
2026-02-20 14:42:51,513 - INFO - [Epoch 1 Step 790/1000] loss=5338.7046 style=21.1532 mom=0.5304 struct=4.4302 tv=0.0000 idt=0.4212 it/s=7.67 eta=27.4s
2026-02-20 14:42:52,706 - INFO - [Epoch 1 Step 800/1000] loss=5327.6349 style=21.1067 mom=0.5300 struct=4.4339 tv=0.0000 idt=0.4202 it/s=7.68 eta=26.0s
2026-02-20 14:42:53,898 - INFO - [Epoch 1 Step 810/1000] loss=5315.7992 style=21.0572 mom=0.5293 struct=4.4375 tv=0.0000 idt=0.4192 it/s=7.69 eta=24.7s
2026-02-20 14:42:55,098 - INFO - [Epoch 1 Step 820/1000] loss=5304.8528 style=21.0106 mom=0.5288 struct=4.4404 tv=0.0000 idt=0.4185 it/s=7.69 eta=23.4s
2026-02-20 14:42:56,286 - INFO - [Epoch 1 Step 830/1000] loss=5294.0253 style=20.9688 mom=0.5283 struct=4.4438 tv=0.0000 idt=0.4164 it/s=7.70 eta=22.1s
2026-02-20 14:42:57,480 - INFO - [Epoch 1 Step 840/1000] loss=5282.0761 style=20.9223 mom=0.5277 struct=4.4470 tv=0.0000 idt=0.4143 it/s=7.71 eta=20.8s
2026-02-20 14:42:58,672 - INFO - [Epoch 1 Step 850/1000] loss=5269.7885 style=20.8751 mom=0.5272 struct=4.4509 tv=0.0000 idt=0.4118 it/s=7.72 eta=19.4s
2026-02-20 14:42:59,865 - INFO - [Epoch 1 Step 860/1000] loss=5258.4381 style=20.8320 mom=0.5269 struct=4.4545 tv=0.0000 idt=0.4094 it/s=7.72 eta=18.1s
2026-02-20 14:43:01,063 - INFO - [Epoch 1 Step 870/1000] loss=5249.2713 style=20.7975 mom=0.5267 struct=4.4576 tv=0.0000 idt=0.4074 it/s=7.73 eta=16.8s
2026-02-20 14:43:02,251 - INFO - [Epoch 1 Step 880/1000] loss=5239.1490 style=20.7582 mom=0.5262 struct=4.4613 tv=0.0000 idt=0.4055 it/s=7.74 eta=15.5s
2026-02-20 14:43:03,439 - INFO - [Epoch 1 Step 890/1000] loss=5227.0958 style=20.7075 mom=0.5256 struct=4.4634 tv=0.0000 idt=0.4046 it/s=7.74 eta=14.2s
2026-02-20 14:43:04,635 - INFO - [Epoch 1 Step 900/1000] loss=5216.7112 style=20.6650 mom=0.5251 struct=4.4668 tv=0.0000 idt=0.4033 it/s=7.75 eta=12.9s
2026-02-20 14:43:05,825 - INFO - [Epoch 1 Step 910/1000] loss=5206.8070 style=20.6244 mom=0.5246 struct=4.4690 tv=0.0000 idt=0.4022 it/s=7.76 eta=11.6s
2026-02-20 14:43:07,017 - INFO - [Epoch 1 Step 920/1000] loss=5198.6995 style=20.5938 mom=0.5241 struct=4.4718 tv=0.0000 idt=0.4005 it/s=7.76 eta=10.3s
2026-02-20 14:43:08,209 - INFO - [Epoch 1 Step 930/1000] loss=5188.6022 style=20.5549 mom=0.5239 struct=4.4746 tv=0.0000 idt=0.3985 it/s=7.77 eta=9.0s
2026-02-20 14:43:09,404 - INFO - [Epoch 1 Step 940/1000] loss=5179.5439 style=20.5198 mom=0.5235 struct=4.4778 tv=0.0000 idt=0.3968 it/s=7.78 eta=7.7s
2026-02-20 14:43:10,591 - INFO - [Epoch 1 Step 950/1000] loss=5170.8153 style=20.4873 mom=0.5231 struct=4.4800 tv=0.0000 idt=0.3948 it/s=7.78 eta=6.4s
2026-02-20 14:43:11,771 - INFO - [Epoch 1 Step 960/1000] loss=5162.0657 style=20.4544 mom=0.5227 struct=4.4822 tv=0.0000 idt=0.3928 it/s=7.79 eta=5.1s
2026-02-20 14:43:12,966 - INFO - [Epoch 1 Step 970/1000] loss=5154.7234 style=20.4237 mom=0.5224 struct=4.4848 tv=0.0000 idt=0.3922 it/s=7.79 eta=3.8s
2026-02-20 14:43:14,154 - INFO - [Epoch 1 Step 980/1000] loss=5148.2006 style=20.3981 mom=0.5220 struct=4.4876 tv=0.0000 idt=0.3910 it/s=7.80 eta=2.6s
2026-02-20 14:43:15,340 - INFO - [Epoch 1 Step 990/1000] loss=5141.5499 style=20.3741 mom=0.5218 struct=4.4910 tv=0.0000 idt=0.3891 it/s=7.81 eta=1.3s
2026-02-20 14:43:16,526 - INFO - [Epoch 1 Step 1000/1000] loss=5131.3025 style=20.3322 mom=0.5213 struct=4.4943 tv=0.0000 idt=0.3879 it/s=7.81 eta=0.0s
2026-02-20 14:43:16,528 - INFO - Epoch 1/1 | loss=5131.3025 style_swd=20.3322 mom=0.5213 struct=4.4943 tv=0.0000 idt=0.3879 steps=1.0 h=1.00 s=1.00 lr=5.00e-04 data=1.2s comp=126.8s
2026-02-20 14:43:16,607 - INFO - Saved checkpoint: G:\GitHub\Latent_Style\Cycle-NCE\ssim-optun-nce\trial_0253\epoch_0001.pt (step=1000)
2026-02-20 14:43:16,608 - INFO - Running full eval for epoch 1 -> G:\GitHub\Latent_Style\Cycle-NCE\ssim-optun-nce\trial_0253\full_eval\epoch_0001
2026-02-20 14:43:59,507 - INFO - Full eval completed for epoch 1. Log: G:\GitHub\Latent_Style\Cycle-NCE\ssim-optun-nce\trial_0253\logs\full_eval_epoch_0001.log
2026-02-20 14:43:59,507 - INFO - Training completed.
