G:\GitHub\Latent_Style\Related_Works\external\CUT\models\networks.py:569: UserWarning: To copy construct from a tensor, it is recommended to use sourceTensor.detach().clone() or sourceTensor.detach().clone().requires_grad_(True), rather than torch.tensor(sourceTensor).
  patch_id = torch.tensor(patch_id, dtype=torch.long, device=feat.device)
G:\GitHub\Latent_Style\Related_Works\external\CUT\models\base_model.py:161: UserWarning: Converting a tensor with requires_grad=True to a scalar may lead to unexpected behavior.
Consider using tensor.detach() first. (Triggered internally at C:\actions-runner\_work\pytorch\pytorch\pytorch\torch\csrc\autograd\generated\python_variable_methods.cpp:837.)
  errors_ret[name] = float(getattr(self, 'loss_' + name))  # float(...) works for both scalar tensor and float number
----------------- Options ---------------
                 CUT_mode: CUT                           
               batch_size: 6                             	[default: 1]
                    beta1: 0.5                           
                    beta2: 0.999                         
          checkpoints_dir: G:\GitHub\Latent_Style\Related_Works\runs\cut_5x5\checkpoints	[default: ./checkpoints]
           continue_train: False                         
                crop_size: 256                           
                 dataroot: G:\GitHub\Latent_Style\Related_Works\runs\cut_5x5\datasets\to_monet	[default: placeholder]
             dataset_mode: unaligned                     
                direction: AtoB                          
              display_env: main                          
             display_freq: 400                           
               display_id: -1                            	[default: None]
            display_ncols: 4                             
             display_port: 8097                          
           display_server: http://localhost              
          display_winsize: 256                           
               easy_label: experiment_name               
                    epoch: latest                        
              epoch_count: 1                             
          evaluation_freq: 5000                          
        flip_equivariance: False                         
                 gan_mode: lsgan                         
                  gpu_ids: 0                             
                init_gain: 0.02                          
                init_type: xavier                        
                 input_nc: 3                             
                  isTrain: True                          	[default: None]
               lambda_GAN: 1.0                           
               lambda_NCE: 1.0                           
                load_size: 256                           	[default: 286]
                       lr: 0.0002                        
           lr_decay_iters: 50                            
                lr_policy: linear                        
         max_dataset_size: inf                           
                    model: cut                           
                 n_epochs: 20                            	[default: 200]
           n_epochs_decay: 0                             	[default: 200]
               n_layers_D: 3                             
                     name: cut_to_monet                  	[default: experiment_name]
                    nce_T: 0.07                          
                  nce_idt: False                         	[default: True]
nce_includes_all_negatives_from_minibatch: False                         
               nce_layers: 0,4,8                         	[default: 0,4,8,12,16]
                      ndf: 48                            	[default: 64]
                     netD: basic                         
                     netF: mlp_sample                    
                  netF_nc: 256                           
                     netG: resnet_6blocks                	[default: resnet_9blocks]
                      ngf: 48                            	[default: 64]
             no_antialias: False                         
          no_antialias_up: False                         
               no_dropout: True                          
                  no_flip: False                         
                  no_html: False                         
                    normD: instance                      
                    normG: instance                      
              num_patches: 160                           	[default: 256]
              num_threads: 4                             
                output_nc: 3                             
                    phase: train                         
                pool_size: 0                             
               preprocess: resize_and_crop               
          pretrained_name: None                          
               print_freq: 100                           
         random_scale_max: 3.0                           
             save_by_iter: False                         
          save_epoch_freq: 10                            	[default: 5]
         save_latest_freq: 5000                          
           serial_batches: False                         
stylegan2_G_num_downsampling: 1                             
                   suffix:                               
         update_html_freq: 1000                          
                  verbose: False                         
----------------- End -------------------
dataset [UnalignedDataset] was created
model [CUTModel] was created
The number of training images = 9389
create web directory G:\GitHub\Latent_Style\Related_Works\runs\cut_5x5\checkpoints\cut_to_monet\web...
---------- Networks initialized -------------
[Network G] Total number of parameters : 4.413 M
[Network F] Total number of parameters : 0.273 M
[Network D] Total number of parameters : 1.557 M
-----------------------------------------------
(epoch: 1, iters: 300, time: 0.096, data: 7.890) G_GAN: 0.266 D_real: 0.282 D_fake: 0.233 G: 4.469 NCE: 4.203 
(epoch: 1, iters: 600, time: 0.089, data: 0.002) G_GAN: 0.256 D_real: 0.247 D_fake: 0.280 G: 4.133 NCE: 3.877 
(epoch: 1, iters: 900, time: 0.083, data: 0.001) G_GAN: 0.288 D_real: 0.215 D_fake: 0.263 G: 3.850 NCE: 3.562 
(epoch: 1, iters: 1200, time: 0.079, data: 0.001) G_GAN: 0.292 D_real: 0.238 D_fake: 0.263 G: 3.895 NCE: 3.603 
(epoch: 1, iters: 1500, time: 0.075, data: 0.001) G_GAN: 0.333 D_real: 0.243 D_fake: 0.180 G: 4.445 NCE: 4.112 
(epoch: 1, iters: 1800, time: 0.073, data: 0.001) G_GAN: 0.283 D_real: 0.269 D_fake: 0.221 G: 3.321 NCE: 3.038 
(epoch: 1, iters: 2100, time: 0.071, data: 0.001) G_GAN: 0.293 D_real: 0.255 D_fake: 0.225 G: 3.140 NCE: 2.847 
(epoch: 1, iters: 2400, time: 0.069, data: 0.001) G_GAN: 0.301 D_real: 0.240 D_fake: 0.245 G: 2.906 NCE: 2.605 
(epoch: 1, iters: 2700, time: 0.068, data: 0.001) G_GAN: 0.288 D_real: 0.230 D_fake: 0.254 G: 2.748 NCE: 2.460 
(epoch: 1, iters: 3000, time: 0.067, data: 0.001) G_GAN: 0.410 D_real: 0.218 D_fake: 0.263 G: 2.877 NCE: 2.467 
(epoch: 1, iters: 3300, time: 0.066, data: 0.002) G_GAN: 0.320 D_real: 0.234 D_fake: 0.208 G: 3.015 NCE: 2.695 
(epoch: 1, iters: 3600, time: 0.065, data: 0.001) G_GAN: 0.285 D_real: 0.206 D_fake: 0.218 G: 2.756 NCE: 2.470 
(epoch: 1, iters: 3900, time: 0.065, data: 0.002) G_GAN: 0.311 D_real: 0.272 D_fake: 0.169 G: 2.782 NCE: 2.471 
(epoch: 1, iters: 4200, time: 0.064, data: 0.002) G_GAN: 0.243 D_real: 0.309 D_fake: 0.186 G: 2.567 NCE: 2.324 
(epoch: 1, iters: 4500, time: 0.064, data: 0.001) G_GAN: 0.576 D_real: 0.120 D_fake: 0.104 G: 2.694 NCE: 2.117 
(epoch: 1, iters: 4800, time: 0.064, data: 0.001) G_GAN: 0.349 D_real: 0.218 D_fake: 0.174 G: 2.545 NCE: 2.196 
(epoch: 1, iters: 5100, time: 0.064, data: 0.002) G_GAN: 0.361 D_real: 0.177 D_fake: 0.217 G: 2.578 NCE: 2.217 
(epoch: 1, iters: 5400, time: 0.064, data: 0.001) G_GAN: 0.523 D_real: 0.123 D_fake: 0.139 G: 2.828 NCE: 2.305 
(epoch: 1, iters: 5700, time: 0.065, data: 0.001) G_GAN: 0.482 D_real: 0.150 D_fake: 0.128 G: 2.559 NCE: 2.077 
(epoch: 1, iters: 6000, time: 0.065, data: 0.002) G_GAN: 0.337 D_real: 0.168 D_fake: 0.255 G: 2.618 NCE: 2.281 
(epoch: 1, iters: 6300, time: 0.065, data: 0.002) G_GAN: 0.358 D_real: 0.478 D_fake: 0.114 G: 2.473 NCE: 2.115 
(epoch: 1, iters: 6600, time: 0.065, data: 0.002) G_GAN: 0.365 D_real: 0.221 D_fake: 0.178 G: 2.578 NCE: 2.213 
(epoch: 1, iters: 6900, time: 0.065, data: 0.001) G_GAN: 0.366 D_real: 0.266 D_fake: 0.126 G: 2.691 NCE: 2.325 
(epoch: 1, iters: 7200, time: 0.065, data: 0.001) G_GAN: 0.422 D_real: 0.167 D_fake: 0.178 G: 2.554 NCE: 2.132 
(epoch: 1, iters: 7500, time: 0.065, data: 0.001) G_GAN: 0.489 D_real: 0.169 D_fake: 0.149 G: 2.462 NCE: 1.973 
(epoch: 1, iters: 7800, time: 0.064, data: 0.001) G_GAN: 0.302 D_real: 0.337 D_fake: 0.139 G: 2.209 NCE: 1.907 
(epoch: 1, iters: 8100, time: 0.064, data: 0.002) G_GAN: 0.430 D_real: 0.447 D_fake: 0.220 G: 2.476 NCE: 2.046 
(epoch: 1, iters: 8400, time: 0.064, data: 0.001) G_GAN: 0.296 D_real: 0.327 D_fake: 0.136 G: 2.145 NCE: 1.849 
(epoch: 1, iters: 8700, time: 0.064, data: 0.001) G_GAN: 0.336 D_real: 0.201 D_fake: 0.316 G: 2.467 NCE: 2.132 
(epoch: 1, iters: 9000, time: 0.064, data: 0.001) G_GAN: 0.379 D_real: 0.189 D_fake: 0.191 G: 2.527 NCE: 2.148 
(epoch: 1, iters: 9300, time: 0.064, data: 0.002) G_GAN: 0.337 D_real: 0.180 D_fake: 0.334 G: 2.085 NCE: 1.748 
End of epoch 1 / 20 	 Time Taken: 616 sec
learning rate = 0.0002000
(epoch: 2, iters: 216, time: 0.064, data: 0.002) G_GAN: 0.355 D_real: 0.205 D_fake: 0.298 G: 2.265 NCE: 1.910 
(epoch: 2, iters: 516, time: 0.064, data: 0.002) G_GAN: 0.362 D_real: 0.345 D_fake: 0.211 G: 2.176 NCE: 1.813 
(epoch: 2, iters: 816, time: 0.064, data: 0.001) G_GAN: 0.466 D_real: 0.158 D_fake: 0.204 G: 2.259 NCE: 1.793 
(epoch: 2, iters: 1116, time: 0.064, data: 0.002) G_GAN: 0.425 D_real: 0.201 D_fake: 0.160 G: 2.128 NCE: 1.703 
(epoch: 2, iters: 1416, time: 0.064, data: 0.002) G_GAN: 0.430 D_real: 0.219 D_fake: 0.213 G: 2.256 NCE: 1.825 
(epoch: 2, iters: 1716, time: 0.064, data: 0.002) G_GAN: 0.219 D_real: 0.185 D_fake: 0.367 G: 1.996 NCE: 1.776 
(epoch: 2, iters: 2016, time: 0.064, data: 0.001) G_GAN: 0.349 D_real: 0.273 D_fake: 0.112 G: 2.196 NCE: 1.846 
(epoch: 2, iters: 2316, time: 0.065, data: 0.002) G_GAN: 0.312 D_real: 0.235 D_fake: 0.196 G: 2.167 NCE: 1.854 
(epoch: 2, iters: 2616, time: 0.065, data: 0.001) G_GAN: 0.554 D_real: 0.156 D_fake: 0.229 G: 2.475 NCE: 1.920 
(epoch: 2, iters: 2916, time: 0.065, data: 0.001) G_GAN: 0.492 D_real: 0.254 D_fake: 0.158 G: 2.532 NCE: 2.041 
(epoch: 2, iters: 3216, time: 0.065, data: 0.002) G_GAN: 0.301 D_real: 0.220 D_fake: 0.356 G: 2.038 NCE: 1.737 
(epoch: 2, iters: 3516, time: 0.064, data: 0.002) G_GAN: 0.783 D_real: 0.118 D_fake: 0.264 G: 2.607 NCE: 1.824 
(epoch: 2, iters: 3816, time: 0.064, data: 0.002) G_GAN: 0.515 D_real: 0.144 D_fake: 0.224 G: 2.238 NCE: 1.723 
(epoch: 2, iters: 4116, time: 0.064, data: 0.002) G_GAN: 0.275 D_real: 0.224 D_fake: 0.162 G: 2.130 NCE: 1.855 
(epoch: 2, iters: 4416, time: 0.064, data: 0.001) G_GAN: 0.361 D_real: 0.204 D_fake: 0.214 G: 2.141 NCE: 1.780 
(epoch: 2, iters: 4716, time: 0.064, data: 0.002) G_GAN: 0.446 D_real: 0.200 D_fake: 0.211 G: 2.408 NCE: 1.962 
(epoch: 2, iters: 5016, time: 0.064, data: 0.003) G_GAN: 0.403 D_real: 0.258 D_fake: 0.194 G: 1.975 NCE: 1.571 
(epoch: 2, iters: 5316, time: 0.065, data: 0.002) G_GAN: 0.307 D_real: 0.196 D_fake: 0.289 G: 2.208 NCE: 1.901 
(epoch: 2, iters: 5616, time: 0.065, data: 0.002) G_GAN: 0.376 D_real: 0.183 D_fake: 0.285 G: 2.172 NCE: 1.796 
saving the latest model (epoch 2, total_iters 15000)
cut_to_monet
(epoch: 2, iters: 5916, time: 0.064, data: 0.001) G_GAN: 0.309 D_real: 0.405 D_fake: 0.175 G: 2.702 NCE: 2.393 
(epoch: 2, iters: 6216, time: 0.064, data: 0.002) G_GAN: 0.381 D_real: 0.146 D_fake: 0.190 G: 2.248 NCE: 1.867 
(epoch: 2, iters: 6516, time: 0.064, data: 0.001) G_GAN: 0.508 D_real: 0.126 D_fake: 0.250 G: 2.446 NCE: 1.938 
(epoch: 2, iters: 6816, time: 0.064, data: 0.002) G_GAN: 0.411 D_real: 0.120 D_fake: 0.343 G: 2.145 NCE: 1.733 
(epoch: 2, iters: 7116, time: 0.064, data: 0.002) G_GAN: 0.427 D_real: 0.174 D_fake: 0.204 G: 2.300 NCE: 1.873 
(epoch: 2, iters: 7416, time: 0.064, data: 0.001) G_GAN: 0.326 D_real: 0.282 D_fake: 0.195 G: 1.911 NCE: 1.585 
(epoch: 2, iters: 7716, time: 0.064, data: 0.002) G_GAN: 0.257 D_real: 0.333 D_fake: 0.229 G: 2.247 NCE: 1.989 
(epoch: 2, iters: 8016, time: 0.064, data: 0.001) G_GAN: 0.384 D_real: 0.213 D_fake: 0.163 G: 2.513 NCE: 2.129 
(epoch: 2, iters: 8316, time: 0.064, data: 0.002) G_GAN: 0.389 D_real: 0.129 D_fake: 0.170 G: 2.123 NCE: 1.734 
(epoch: 2, iters: 8616, time: 0.065, data: 0.002) G_GAN: 0.281 D_real: 0.480 D_fake: 0.101 G: 2.087 NCE: 1.806 
(epoch: 2, iters: 8916, time: 0.065, data: 0.002) G_GAN: 0.407 D_real: 0.292 D_fake: 0.200 G: 2.220 NCE: 1.813 
(epoch: 2, iters: 9216, time: 0.064, data: 0.001) G_GAN: 0.309 D_real: 0.399 D_fake: 0.077 G: 2.157 NCE: 1.847 
End of epoch 2 / 20 	 Time Taken: 613 sec
learning rate = 0.0002000
(epoch: 3, iters: 132, time: 0.064, data: 0.002) G_GAN: 0.485 D_real: 0.149 D_fake: 0.187 G: 2.601 NCE: 2.116 
(epoch: 3, iters: 432, time: 0.064, data: 0.001) G_GAN: 0.328 D_real: 0.248 D_fake: 0.217 G: 2.349 NCE: 2.021 
(epoch: 3, iters: 732, time: 0.064, data: 0.002) G_GAN: 0.429 D_real: 0.211 D_fake: 0.226 G: 2.157 NCE: 1.728 
(epoch: 3, iters: 1032, time: 0.064, data: 0.002) G_GAN: 0.281 D_real: 0.275 D_fake: 0.239 G: 1.862 NCE: 1.580 
(epoch: 3, iters: 1332, time: 0.063, data: 0.002) G_GAN: 0.506 D_real: 0.139 D_fake: 0.178 G: 2.620 NCE: 2.113 
(epoch: 3, iters: 1632, time: 0.063, data: 0.001) G_GAN: 0.453 D_real: 0.144 D_fake: 0.374 G: 2.177 NCE: 1.725 
(epoch: 3, iters: 1932, time: 0.063, data: 0.001) G_GAN: 0.375 D_real: 0.204 D_fake: 0.164 G: 2.106 NCE: 1.731 
(epoch: 3, iters: 2232, time: 0.063, data: 0.002) G_GAN: 0.373 D_real: 0.193 D_fake: 0.218 G: 2.122 NCE: 1.749 
(epoch: 3, iters: 2532, time: 0.063, data: 0.002) G_GAN: 0.297 D_real: 0.266 D_fake: 0.275 G: 2.125 NCE: 1.828 
(epoch: 3, iters: 2832, time: 0.063, data: 0.002) G_GAN: 0.262 D_real: 0.357 D_fake: 0.162 G: 2.052 NCE: 1.790 
(epoch: 3, iters: 3132, time: 0.063, data: 0.001) G_GAN: 0.294 D_real: 0.279 D_fake: 0.324 G: 1.932 NCE: 1.638 
(epoch: 3, iters: 3432, time: 0.063, data: 0.002) G_GAN: 0.445 D_real: 0.113 D_fake: 0.339 G: 2.100 NCE: 1.655 
(epoch: 3, iters: 3732, time: 0.063, data: 0.002) G_GAN: 0.296 D_real: 0.371 D_fake: 0.113 G: 2.168 NCE: 1.873 
(epoch: 3, iters: 4032, time: 0.063, data: 0.002) G_GAN: 0.356 D_real: 0.206 D_fake: 0.279 G: 2.129 NCE: 1.773 
(epoch: 3, iters: 4332, time: 0.062, data: 0.001) G_GAN: 0.359 D_real: 0.259 D_fake: 0.166 G: 2.293 NCE: 1.934 
(epoch: 3, iters: 4632, time: 0.062, data: 0.002) G_GAN: 0.290 D_real: 0.519 D_fake: 0.080 G: 1.971 NCE: 1.680 
(epoch: 3, iters: 4932, time: 0.062, data: 0.001) G_GAN: 0.366 D_real: 0.203 D_fake: 0.123 G: 1.852 NCE: 1.486 
(epoch: 3, iters: 5232, time: 0.062, data: 0.003) G_GAN: 0.452 D_real: 0.089 D_fake: 0.348 G: 1.945 NCE: 1.493 
(epoch: 3, iters: 5532, time: 0.062, data: 0.002) G_GAN: 0.486 D_real: 0.212 D_fake: 0.288 G: 2.219 NCE: 1.733 
(epoch: 3, iters: 5832, time: 0.063, data: 0.002) G_GAN: 0.333 D_real: 0.286 D_fake: 0.250 G: 2.298 NCE: 1.965 
(epoch: 3, iters: 6132, time: 0.062, data: 0.002) G_GAN: 0.361 D_real: 0.298 D_fake: 0.126 G: 2.083 NCE: 1.722 
(epoch: 3, iters: 6432, time: 0.062, data: 0.002) G_GAN: 0.345 D_real: 0.230 D_fake: 0.220 G: 1.922 NCE: 1.577 
(epoch: 3, iters: 6732, time: 0.062, data: 0.002) G_GAN: 0.390 D_real: 0.205 D_fake: 0.249 G: 2.121 NCE: 1.731 
(epoch: 3, iters: 7032, time: 0.062, data: 0.002) G_GAN: 0.452 D_real: 0.200 D_fake: 0.227 G: 2.458 NCE: 2.006 
(epoch: 3, iters: 7332, time: 0.062, data: 0.001) G_GAN: 0.325 D_real: 0.296 D_fake: 0.248 G: 2.244 NCE: 1.918 
(epoch: 3, iters: 7632, time: 0.062, data: 0.003) G_GAN: 0.410 D_real: 0.194 D_fake: 0.256 G: 2.068 NCE: 1.658 
(epoch: 3, iters: 7932, time: 0.062, data: 0.002) G_GAN: 0.316 D_real: 0.209 D_fake: 0.246 G: 2.173 NCE: 1.857 
(epoch: 3, iters: 8232, time: 0.062, data: 0.001) G_GAN: 0.410 D_real: 0.254 D_fake: 0.206 G: 2.026 NCE: 1.616 
(epoch: 3, iters: 8532, time: 0.062, data: 0.001) G_GAN: 0.549 D_real: 0.084 D_fake: 0.262 G: 1.997 NCE: 1.448 
(epoch: 3, iters: 8832, time: 0.062, data: 0.002) G_GAN: 0.512 D_real: 0.180 D_fake: 0.317 G: 2.175 NCE: 1.663 
(epoch: 3, iters: 9132, time: 0.062, data: 0.002) G_GAN: 0.296 D_real: 0.328 D_fake: 0.262 G: 2.071 NCE: 1.775 
End of epoch 3 / 20 	 Time Taken: 597 sec
learning rate = 0.0002000
(epoch: 4, iters: 48, time: 0.062, data: 0.002) G_GAN: 0.324 D_real: 0.260 D_fake: 0.173 G: 1.962 NCE: 1.638 
(epoch: 4, iters: 348, time: 0.062, data: 0.002) G_GAN: 0.375 D_real: 0.170 D_fake: 0.342 G: 1.987 NCE: 1.612 
(epoch: 4, iters: 648, time: 0.062, data: 0.002) G_GAN: 0.457 D_real: 0.161 D_fake: 0.166 G: 2.072 NCE: 1.615 
(epoch: 4, iters: 948, time: 0.062, data: 0.001) G_GAN: 0.361 D_real: 0.175 D_fake: 0.357 G: 2.416 NCE: 2.055 
(epoch: 4, iters: 1248, time: 0.063, data: 0.002) G_GAN: 0.215 D_real: 0.367 D_fake: 0.124 G: 2.126 NCE: 1.911 
(epoch: 4, iters: 1548, time: 0.062, data: 0.001) G_GAN: 0.353 D_real: 0.249 D_fake: 0.167 G: 2.015 NCE: 1.663 
(epoch: 4, iters: 1848, time: 0.062, data: 0.001) G_GAN: 0.415 D_real: 0.081 D_fake: 0.365 G: 2.257 NCE: 1.841 
saving the latest model (epoch 4, total_iters 30000)
cut_to_monet
(epoch: 4, iters: 2148, time: 0.063, data: 0.002) G_GAN: 0.254 D_real: 0.203 D_fake: 0.206 G: 1.823 NCE: 1.569 
(epoch: 4, iters: 2448, time: 0.063, data: 0.002) G_GAN: 0.315 D_real: 0.220 D_fake: 0.186 G: 2.061 NCE: 1.745 
(epoch: 4, iters: 2748, time: 0.063, data: 0.002) G_GAN: 0.329 D_real: 0.293 D_fake: 0.275 G: 2.149 NCE: 1.820 
(epoch: 4, iters: 3048, time: 0.063, data: 0.003) G_GAN: 0.352 D_real: 0.176 D_fake: 0.256 G: 2.153 NCE: 1.801 
(epoch: 4, iters: 3348, time: 0.064, data: 0.001) G_GAN: 0.283 D_real: 0.250 D_fake: 0.208 G: 1.910 NCE: 1.627 
(epoch: 4, iters: 3648, time: 0.064, data: 0.002) G_GAN: 0.407 D_real: 0.156 D_fake: 0.232 G: 2.238 NCE: 1.831 
(epoch: 4, iters: 3948, time: 0.064, data: 0.002) G_GAN: 0.319 D_real: 0.206 D_fake: 0.258 G: 2.009 NCE: 1.689 
(epoch: 4, iters: 4248, time: 0.064, data: 0.002) G_GAN: 0.348 D_real: 0.189 D_fake: 0.216 G: 2.223 NCE: 1.875 
(epoch: 4, iters: 4548, time: 0.064, data: 0.002) G_GAN: 0.317 D_real: 0.270 D_fake: 0.210 G: 2.026 NCE: 1.709 
(epoch: 4, iters: 4848, time: 0.063, data: 0.002) G_GAN: 0.303 D_real: 0.248 D_fake: 0.191 G: 1.890 NCE: 1.587 
(epoch: 4, iters: 5148, time: 0.063, data: 0.002) G_GAN: 0.385 D_real: 0.225 D_fake: 0.294 G: 2.335 NCE: 1.949 
(epoch: 4, iters: 5448, time: 0.063, data: 0.001) G_GAN: 0.390 D_real: 0.168 D_fake: 0.206 G: 2.261 NCE: 1.871 
(epoch: 4, iters: 5748, time: 0.063, data: 0.002) G_GAN: 0.302 D_real: 0.192 D_fake: 0.234 G: 1.948 NCE: 1.646 
(epoch: 4, iters: 6048, time: 0.062, data: 0.002) G_GAN: 0.270 D_real: 0.256 D_fake: 0.233 G: 1.913 NCE: 1.643 
(epoch: 4, iters: 6348, time: 0.062, data: 0.002) G_GAN: 0.405 D_real: 0.306 D_fake: 0.180 G: 2.137 NCE: 1.732 
(epoch: 4, iters: 6648, time: 0.062, data: 0.001) G_GAN: 0.353 D_real: 0.165 D_fake: 0.306 G: 1.814 NCE: 1.462 
(epoch: 4, iters: 6948, time: 0.062, data: 0.001) G_GAN: 0.316 D_real: 0.212 D_fake: 0.268 G: 2.083 NCE: 1.767 
(epoch: 4, iters: 7248, time: 0.061, data: 0.002) G_GAN: 0.206 D_real: 0.393 D_fake: 0.201 G: 1.968 NCE: 1.761 
(epoch: 4, iters: 7548, time: 0.061, data: 0.001) G_GAN: 0.294 D_real: 0.206 D_fake: 0.277 G: 1.939 NCE: 1.645 
(epoch: 4, iters: 7848, time: 0.061, data: 0.001) G_GAN: 0.313 D_real: 0.284 D_fake: 0.183 G: 2.175 NCE: 1.862 
(epoch: 4, iters: 8148, time: 0.061, data: 0.001) G_GAN: 0.293 D_real: 0.220 D_fake: 0.340 G: 1.950 NCE: 1.657 
(epoch: 4, iters: 8448, time: 0.061, data: 0.001) G_GAN: 0.238 D_real: 0.425 D_fake: 0.144 G: 2.095 NCE: 1.857 
(epoch: 4, iters: 8748, time: 0.061, data: 0.001) G_GAN: 0.351 D_real: 0.304 D_fake: 0.169 G: 2.205 NCE: 1.855 
(epoch: 4, iters: 9048, time: 0.061, data: 0.001) G_GAN: 0.359 D_real: 0.158 D_fake: 0.292 G: 2.184 NCE: 1.824 
(epoch: 4, iters: 9348, time: 0.061, data: 0.001) G_GAN: 0.376 D_real: 0.131 D_fake: 0.320 G: 1.942 NCE: 1.565 
End of epoch 4 / 20 	 Time Taken: 595 sec
learning rate = 0.0002000
(epoch: 5, iters: 264, time: 0.061, data: 0.001) G_GAN: 0.339 D_real: 0.292 D_fake: 0.199 G: 2.030 NCE: 1.691 
(epoch: 5, iters: 564, time: 0.062, data: 0.001) G_GAN: 0.357 D_real: 0.268 D_fake: 0.220 G: 1.916 NCE: 1.559 
(epoch: 5, iters: 864, time: 0.063, data: 0.002) G_GAN: 0.353 D_real: 0.388 D_fake: 0.108 G: 1.960 NCE: 1.607 
(epoch: 5, iters: 1164, time: 0.063, data: 0.001) G_GAN: 0.457 D_real: 0.165 D_fake: 0.256 G: 2.264 NCE: 1.807 
(epoch: 5, iters: 1464, time: 0.063, data: 0.002) G_GAN: 0.332 D_real: 0.213 D_fake: 0.247 G: 2.006 NCE: 1.674 
(epoch: 5, iters: 1764, time: 0.064, data: 0.002) G_GAN: 0.362 D_real: 0.297 D_fake: 0.262 G: 2.181 NCE: 1.819 
(epoch: 5, iters: 2064, time: 0.064, data: 0.001) G_GAN: 0.456 D_real: 0.121 D_fake: 0.250 G: 2.156 NCE: 1.700 
(epoch: 5, iters: 2364, time: 0.064, data: 0.001) G_GAN: 0.272 D_real: 0.318 D_fake: 0.181 G: 1.951 NCE: 1.679 
(epoch: 5, iters: 2664, time: 0.064, data: 0.002) G_GAN: 0.361 D_real: 0.268 D_fake: 0.203 G: 2.129 NCE: 1.768 
(epoch: 5, iters: 2964, time: 0.064, data: 0.002) G_GAN: 0.312 D_real: 0.248 D_fake: 0.177 G: 1.796 NCE: 1.484 
(epoch: 5, iters: 3264, time: 0.064, data: 0.001) G_GAN: 0.257 D_real: 0.210 D_fake: 0.268 G: 1.988 NCE: 1.731 
(epoch: 5, iters: 3564, time: 0.065, data: 0.001) G_GAN: 0.333 D_real: 0.245 D_fake: 0.182 G: 1.909 NCE: 1.577 
(epoch: 5, iters: 3864, time: 0.065, data: 0.001) G_GAN: 0.382 D_real: 0.242 D_fake: 0.297 G: 2.234 NCE: 1.852 
(epoch: 5, iters: 4164, time: 0.064, data: 0.002) G_GAN: 0.343 D_real: 0.231 D_fake: 0.224 G: 2.277 NCE: 1.933 
(epoch: 5, iters: 4464, time: 0.065, data: 0.002) G_GAN: 0.280 D_real: 0.309 D_fake: 0.178 G: 1.968 NCE: 1.688 
(epoch: 5, iters: 4764, time: 0.065, data: 0.002) G_GAN: 0.309 D_real: 0.348 D_fake: 0.163 G: 2.187 NCE: 1.878 
(epoch: 5, iters: 5064, time: 0.067, data: 0.003) G_GAN: 0.385 D_real: 0.151 D_fake: 0.278 G: 2.386 NCE: 2.001 
(epoch: 5, iters: 5364, time: 0.068, data: 0.002) G_GAN: 0.269 D_real: 0.327 D_fake: 0.247 G: 1.921 NCE: 1.652 
(epoch: 5, iters: 5664, time: 0.067, data: 0.003) G_GAN: 0.402 D_real: 0.189 D_fake: 0.309 G: 1.985 NCE: 1.583 
(epoch: 5, iters: 5964, time: 0.066, data: 0.002) G_GAN: 0.489 D_real: 0.147 D_fake: 0.252 G: 2.159 NCE: 1.670 
(epoch: 5, iters: 6264, time: 0.066, data: 0.001) G_GAN: 0.278 D_real: 0.158 D_fake: 0.285 G: 2.070 NCE: 1.792 
(epoch: 5, iters: 6564, time: 0.065, data: 0.002) G_GAN: 0.236 D_real: 0.271 D_fake: 0.254 G: 1.837 NCE: 1.601 
(epoch: 5, iters: 6864, time: 0.065, data: 0.002) G_GAN: 0.186 D_real: 0.440 D_fake: 0.080 G: 1.813 NCE: 1.627 
(epoch: 5, iters: 7164, time: 0.064, data: 0.002) G_GAN: 0.209 D_real: 0.451 D_fake: 0.131 G: 2.126 NCE: 1.917 
(epoch: 5, iters: 7464, time: 0.064, data: 0.002) G_GAN: 0.391 D_real: 0.157 D_fake: 0.275 G: 1.922 NCE: 1.530 
saving the latest model (epoch 5, total_iters 45000)
cut_to_monet
(epoch: 5, iters: 7764, time: 0.063, data: 0.002) G_GAN: 0.310 D_real: 0.184 D_fake: 0.296 G: 2.099 NCE: 1.789 
(epoch: 5, iters: 8064, time: 0.063, data: 0.001) G_GAN: 0.269 D_real: 0.282 D_fake: 0.131 G: 1.757 NCE: 1.488 
(epoch: 5, iters: 8364, time: 0.063, data: 0.001) G_GAN: 0.393 D_real: 0.170 D_fake: 0.256 G: 2.058 NCE: 1.666 
(epoch: 5, iters: 8664, time: 0.062, data: 0.002) G_GAN: 0.369 D_real: 0.207 D_fake: 0.212 G: 2.198 NCE: 1.830 
(epoch: 5, iters: 8964, time: 0.062, data: 0.004) G_GAN: 0.291 D_real: 0.228 D_fake: 0.165 G: 2.250 NCE: 1.959 
(epoch: 5, iters: 9264, time: 0.062, data: 0.001) G_GAN: 0.325 D_real: 0.300 D_fake: 0.114 G: 1.895 NCE: 1.569 
End of epoch 5 / 20 	 Time Taken: 613 sec
learning rate = 0.0002000
(epoch: 6, iters: 180, time: 0.062, data: 0.002) G_GAN: 0.386 D_real: 0.235 D_fake: 0.136 G: 2.217 NCE: 1.831 
(epoch: 6, iters: 480, time: 0.062, data: 0.002) G_GAN: 0.349 D_real: 0.156 D_fake: 0.462 G: 1.969 NCE: 1.620 
(epoch: 6, iters: 780, time: 0.062, data: 0.002) G_GAN: 0.354 D_real: 0.235 D_fake: 0.177 G: 1.816 NCE: 1.462 
(epoch: 6, iters: 1080, time: 0.062, data: 0.002) G_GAN: 0.430 D_real: 0.153 D_fake: 0.492 G: 2.240 NCE: 1.810 
(epoch: 6, iters: 1380, time: 0.062, data: 0.002) G_GAN: 0.319 D_real: 0.252 D_fake: 0.176 G: 1.931 NCE: 1.612 
(epoch: 6, iters: 1680, time: 0.062, data: 0.001) G_GAN: 0.331 D_real: 0.177 D_fake: 0.347 G: 2.027 NCE: 1.697 
(epoch: 6, iters: 1980, time: 0.062, data: 0.002) G_GAN: 0.351 D_real: 0.211 D_fake: 0.310 G: 2.090 NCE: 1.739 
(epoch: 6, iters: 2280, time: 0.062, data: 0.001) G_GAN: 0.240 D_real: 0.340 D_fake: 0.178 G: 1.796 NCE: 1.556 
(epoch: 6, iters: 2580, time: 0.062, data: 0.001) G_GAN: 0.370 D_real: 0.195 D_fake: 0.261 G: 2.148 NCE: 1.777 
(epoch: 6, iters: 2880, time: 0.062, data: 0.001) G_GAN: 0.452 D_real: 0.173 D_fake: 0.206 G: 2.088 NCE: 1.636 
(epoch: 6, iters: 3180, time: 0.062, data: 0.001) G_GAN: 0.334 D_real: 0.184 D_fake: 0.303 G: 1.854 NCE: 1.520 
(epoch: 6, iters: 3480, time: 0.062, data: 0.004) G_GAN: 0.446 D_real: 0.172 D_fake: 0.291 G: 2.184 NCE: 1.739 
(epoch: 6, iters: 3780, time: 0.062, data: 0.001) G_GAN: 0.524 D_real: 0.274 D_fake: 0.274 G: 2.073 NCE: 1.549 
(epoch: 6, iters: 4080, time: 0.062, data: 0.003) G_GAN: 0.337 D_real: 0.215 D_fake: 0.253 G: 2.192 NCE: 1.856 
(epoch: 6, iters: 4380, time: 0.062, data: 0.003) G_GAN: 0.318 D_real: 0.252 D_fake: 0.213 G: 2.014 NCE: 1.696 
(epoch: 6, iters: 4680, time: 0.062, data: 0.003) G_GAN: 0.453 D_real: 0.233 D_fake: 0.143 G: 1.933 NCE: 1.481 
(epoch: 6, iters: 4980, time: 0.062, data: 0.002) G_GAN: 0.531 D_real: 0.143 D_fake: 0.205 G: 2.283 NCE: 1.752 
(epoch: 6, iters: 5280, time: 0.062, data: 0.003) G_GAN: 0.335 D_real: 0.200 D_fake: 0.284 G: 1.969 NCE: 1.634 
(epoch: 6, iters: 5580, time: 0.062, data: 0.001) G_GAN: 0.307 D_real: 0.271 D_fake: 0.248 G: 2.225 NCE: 1.918 
(epoch: 6, iters: 5880, time: 0.063, data: 0.002) G_GAN: 0.430 D_real: 0.108 D_fake: 0.403 G: 1.930 NCE: 1.500 
(epoch: 6, iters: 6180, time: 0.064, data: 0.002) G_GAN: 0.355 D_real: 0.253 D_fake: 0.209 G: 2.231 NCE: 1.876 
(epoch: 6, iters: 6480, time: 0.064, data: 0.002) G_GAN: 0.349 D_real: 0.220 D_fake: 0.260 G: 1.985 NCE: 1.636 
(epoch: 6, iters: 6780, time: 0.064, data: 0.003) G_GAN: 0.368 D_real: 0.218 D_fake: 0.262 G: 1.999 NCE: 1.631 
(epoch: 6, iters: 7080, time: 0.063, data: 0.001) G_GAN: 0.237 D_real: 0.362 D_fake: 0.142 G: 2.109 NCE: 1.871 
(epoch: 6, iters: 7380, time: 0.063, data: 0.002) G_GAN: 0.348 D_real: 0.185 D_fake: 0.227 G: 2.051 NCE: 1.703 
(epoch: 6, iters: 7680, time: 0.063, data: 0.001) G_GAN: 0.415 D_real: 0.183 D_fake: 0.274 G: 1.922 NCE: 1.507 
(epoch: 6, iters: 7980, time: 0.063, data: 0.002) G_GAN: 0.381 D_real: 0.203 D_fake: 0.325 G: 2.120 NCE: 1.739 
(epoch: 6, iters: 8280, time: 0.063, data: 0.003) G_GAN: 0.320 D_real: 0.221 D_fake: 0.267 G: 2.036 NCE: 1.716 
(epoch: 6, iters: 8580, time: 0.062, data: 0.001) G_GAN: 0.372 D_real: 0.204 D_fake: 0.275 G: 2.267 NCE: 1.896 
(epoch: 6, iters: 8880, time: 0.062, data: 0.002) G_GAN: 0.465 D_real: 0.154 D_fake: 0.213 G: 2.203 NCE: 1.738 
(epoch: 6, iters: 9180, time: 0.062, data: 0.002) G_GAN: 0.349 D_real: 0.194 D_fake: 0.245 G: 2.047 NCE: 1.698 
End of epoch 6 / 20 	 Time Taken: 599 sec
learning rate = 0.0002000
(epoch: 7, iters: 96, time: 0.062, data: 0.001) G_GAN: 0.407 D_real: 0.280 D_fake: 0.170 G: 2.236 NCE: 1.829 
(epoch: 7, iters: 396, time: 0.062, data: 0.002) G_GAN: 0.440 D_real: 0.236 D_fake: 0.168 G: 2.140 NCE: 1.699 
(epoch: 7, iters: 696, time: 0.062, data: 0.002) G_GAN: 0.266 D_real: 0.347 D_fake: 0.298 G: 1.966 NCE: 1.700 
(epoch: 7, iters: 996, time: 0.062, data: 0.002) G_GAN: 0.246 D_real: 0.421 D_fake: 0.199 G: 1.787 NCE: 1.541 
(epoch: 7, iters: 1296, time: 0.062, data: 0.002) G_GAN: 0.431 D_real: 0.218 D_fake: 0.132 G: 2.100 NCE: 1.669 
(epoch: 7, iters: 1596, time: 0.062, data: 0.001) G_GAN: 0.367 D_real: 0.210 D_fake: 0.275 G: 2.181 NCE: 1.814 
(epoch: 7, iters: 1896, time: 0.062, data: 0.001) G_GAN: 0.429 D_real: 0.147 D_fake: 0.293 G: 2.076 NCE: 1.647 
(epoch: 7, iters: 2196, time: 0.062, data: 0.002) G_GAN: 0.437 D_real: 0.153 D_fake: 0.285 G: 2.053 NCE: 1.616 
(epoch: 7, iters: 2496, time: 0.062, data: 0.002) G_GAN: 0.336 D_real: 0.250 D_fake: 0.198 G: 2.124 NCE: 1.788 
(epoch: 7, iters: 2796, time: 0.062, data: 0.002) G_GAN: 0.539 D_real: 0.183 D_fake: 0.337 G: 2.260 NCE: 1.721 
(epoch: 7, iters: 3096, time: 0.062, data: 0.002) G_GAN: 0.250 D_real: 0.311 D_fake: 0.174 G: 1.807 NCE: 1.557 
(epoch: 7, iters: 3396, time: 0.062, data: 0.002) G_GAN: 0.407 D_real: 0.213 D_fake: 0.145 G: 2.040 NCE: 1.634 
(epoch: 7, iters: 3696, time: 0.062, data: 0.002) G_GAN: 0.273 D_real: 0.310 D_fake: 0.243 G: 1.887 NCE: 1.614 
saving the latest model (epoch 7, total_iters 60000)
cut_to_monet
(epoch: 7, iters: 3996, time: 0.062, data: 0.002) G_GAN: 0.382 D_real: 0.202 D_fake: 0.247 G: 2.099 NCE: 1.717 
(epoch: 7, iters: 4296, time: 0.062, data: 0.002) G_GAN: 0.407 D_real: 0.122 D_fake: 0.407 G: 2.059 NCE: 1.652 
(epoch: 7, iters: 4596, time: 0.062, data: 0.002) G_GAN: 0.287 D_real: 0.275 D_fake: 0.204 G: 1.697 NCE: 1.410 
(epoch: 7, iters: 4896, time: 0.062, data: 0.002) G_GAN: 0.440 D_real: 0.183 D_fake: 0.297 G: 1.963 NCE: 1.523 
(epoch: 7, iters: 5196, time: 0.062, data: 0.002) G_GAN: 0.290 D_real: 0.315 D_fake: 0.180 G: 1.853 NCE: 1.563 
(epoch: 7, iters: 5496, time: 0.062, data: 0.001) G_GAN: 0.448 D_real: 0.114 D_fake: 0.423 G: 2.265 NCE: 1.817 
(epoch: 7, iters: 5796, time: 0.062, data: 0.001) G_GAN: 0.351 D_real: 0.222 D_fake: 0.363 G: 1.951 NCE: 1.600 
(epoch: 7, iters: 6096, time: 0.062, data: 0.001) G_GAN: 0.423 D_real: 0.261 D_fake: 0.174 G: 2.116 NCE: 1.693 
(epoch: 7, iters: 6396, time: 0.062, data: 0.002) G_GAN: 0.209 D_real: 0.355 D_fake: 0.214 G: 1.691 NCE: 1.482 
(epoch: 7, iters: 6696, time: 0.062, data: 0.002) G_GAN: 0.352 D_real: 0.245 D_fake: 0.204 G: 1.886 NCE: 1.535 
(epoch: 7, iters: 6996, time: 0.062, data: 0.002) G_GAN: 0.262 D_real: 0.321 D_fake: 0.250 G: 2.010 NCE: 1.748 
(epoch: 7, iters: 7296, time: 0.062, data: 0.003) G_GAN: 0.283 D_real: 0.270 D_fake: 0.188 G: 1.979 NCE: 1.696 
(epoch: 7, iters: 7596, time: 0.062, data: 0.002) G_GAN: 0.398 D_real: 0.153 D_fake: 0.353 G: 2.465 NCE: 2.067 
(epoch: 7, iters: 7896, time: 0.062, data: 0.003) G_GAN: 0.254 D_real: 0.340 D_fake: 0.180 G: 1.944 NCE: 1.690 
(epoch: 7, iters: 8196, time: 0.062, data: 0.002) G_GAN: 0.243 D_real: 0.243 D_fake: 0.257 G: 1.752 NCE: 1.509 
(epoch: 7, iters: 8496, time: 0.062, data: 0.002) G_GAN: 0.330 D_real: 0.213 D_fake: 0.343 G: 2.031 NCE: 1.701 
(epoch: 7, iters: 8796, time: 0.062, data: 0.001) G_GAN: 0.486 D_real: 0.096 D_fake: 0.397 G: 2.099 NCE: 1.613 
(epoch: 7, iters: 9096, time: 0.062, data: 0.002) G_GAN: 0.229 D_real: 0.287 D_fake: 0.314 G: 1.664 NCE: 1.435 
End of epoch 7 / 20 	 Time Taken: 592 sec
learning rate = 0.0002000
(epoch: 8, iters: 12, time: 0.062, data: 0.001) G_GAN: 0.354 D_real: 0.274 D_fake: 0.133 G: 1.901 NCE: 1.547 
(epoch: 8, iters: 312, time: 0.062, data: 0.002) G_GAN: 0.378 D_real: 0.260 D_fake: 0.127 G: 2.024 NCE: 1.646 
(epoch: 8, iters: 612, time: 0.062, data: 0.003) G_GAN: 0.308 D_real: 0.299 D_fake: 0.273 G: 2.096 NCE: 1.788 
(epoch: 8, iters: 912, time: 0.062, data: 0.002) G_GAN: 0.390 D_real: 0.195 D_fake: 0.263 G: 2.050 NCE: 1.660 
(epoch: 8, iters: 1212, time: 0.062, data: 0.004) G_GAN: 0.349 D_real: 0.265 D_fake: 0.211 G: 1.945 NCE: 1.596 
(epoch: 8, iters: 1512, time: 0.062, data: 0.002) G_GAN: 0.586 D_real: 0.119 D_fake: 0.199 G: 2.139 NCE: 1.553 
(epoch: 8, iters: 1812, time: 0.062, data: 0.003) G_GAN: 0.391 D_real: 0.259 D_fake: 0.158 G: 2.158 NCE: 1.767 
(epoch: 8, iters: 2112, time: 0.062, data: 0.002) G_GAN: 0.592 D_real: 0.044 D_fake: 0.548 G: 2.380 NCE: 1.787 
(epoch: 8, iters: 2412, time: 0.062, data: 0.003) G_GAN: 0.238 D_real: 0.360 D_fake: 0.151 G: 1.783 NCE: 1.545 
(epoch: 8, iters: 2712, time: 0.062, data: 0.002) G_GAN: 0.319 D_real: 0.269 D_fake: 0.205 G: 2.126 NCE: 1.807 
(epoch: 8, iters: 3012, time: 0.062, data: 0.001) G_GAN: 0.325 D_real: 0.143 D_fake: 0.450 G: 1.973 NCE: 1.648 
(epoch: 8, iters: 3312, time: 0.062, data: 0.004) G_GAN: 0.358 D_real: 0.229 D_fake: 0.265 G: 1.843 NCE: 1.485 
(epoch: 8, iters: 3612, time: 0.062, data: 0.002) G_GAN: 0.426 D_real: 0.109 D_fake: 0.290 G: 1.747 NCE: 1.321 
(epoch: 8, iters: 3912, time: 0.062, data: 0.003) G_GAN: 0.360 D_real: 0.172 D_fake: 0.371 G: 1.929 NCE: 1.569 
(epoch: 8, iters: 4212, time: 0.062, data: 0.002) G_GAN: 0.342 D_real: 0.252 D_fake: 0.143 G: 1.830 NCE: 1.488 
(epoch: 8, iters: 4512, time: 0.062, data: 0.004) G_GAN: 0.398 D_real: 0.143 D_fake: 0.277 G: 1.947 NCE: 1.549 
(epoch: 8, iters: 4812, time: 0.062, data: 0.001) G_GAN: 0.388 D_real: 0.250 D_fake: 0.293 G: 2.051 NCE: 1.664 
(epoch: 8, iters: 5112, time: 0.062, data: 0.002) G_GAN: 0.357 D_real: 0.177 D_fake: 0.233 G: 2.033 NCE: 1.676 
(epoch: 8, iters: 5412, time: 0.062, data: 0.002) G_GAN: 0.327 D_real: 0.199 D_fake: 0.283 G: 1.823 NCE: 1.496 
(epoch: 8, iters: 5712, time: 0.062, data: 0.001) G_GAN: 0.270 D_real: 0.362 D_fake: 0.173 G: 2.082 NCE: 1.812 
(epoch: 8, iters: 6012, time: 0.062, data: 0.005) G_GAN: 0.359 D_real: 0.302 D_fake: 0.211 G: 1.898 NCE: 1.539 
(epoch: 8, iters: 6312, time: 0.062, data: 0.004) G_GAN: 0.395 D_real: 0.149 D_fake: 0.366 G: 2.233 NCE: 1.838 
(epoch: 8, iters: 6612, time: 0.062, data: 0.006) G_GAN: 0.345 D_real: 0.199 D_fake: 0.246 G: 1.959 NCE: 1.614 
(epoch: 8, iters: 6912, time: 0.062, data: 0.001) G_GAN: 0.419 D_real: 0.288 D_fake: 0.175 G: 1.973 NCE: 1.554 
(epoch: 8, iters: 7212, time: 0.062, data: 0.004) G_GAN: 0.396 D_real: 0.223 D_fake: 0.146 G: 2.081 NCE: 1.685 
(epoch: 8, iters: 7512, time: 0.062, data: 0.003) G_GAN: 0.453 D_real: 0.121 D_fake: 0.450 G: 2.274 NCE: 1.821 
(epoch: 8, iters: 7812, time: 0.062, data: 0.003) G_GAN: 0.370 D_real: 0.216 D_fake: 0.223 G: 2.070 NCE: 1.699 
(epoch: 8, iters: 8112, time: 0.062, data: 0.001) G_GAN: 0.414 D_real: 0.226 D_fake: 0.259 G: 2.030 NCE: 1.616 
(epoch: 8, iters: 8412, time: 0.062, data: 0.002) G_GAN: 0.361 D_real: 0.184 D_fake: 0.286 G: 1.929 NCE: 1.569 
(epoch: 8, iters: 8712, time: 0.062, data: 0.002) G_GAN: 0.392 D_real: 0.203 D_fake: 0.195 G: 2.039 NCE: 1.647 
(epoch: 8, iters: 9012, time: 0.065, data: 0.001) G_GAN: 0.306 D_real: 0.367 D_fake: 0.211 G: 1.958 NCE: 1.651 
(epoch: 8, iters: 9312, time: 0.066, data: 0.003) G_GAN: 0.383 D_real: 0.187 D_fake: 0.234 G: 2.132 NCE: 1.749 
saving the latest model (epoch 8, total_iters 75000)
cut_to_monet
End of epoch 8 / 20 	 Time Taken: 601 sec
learning rate = 0.0002000
(epoch: 9, iters: 228, time: 0.067, data: 0.003) G_GAN: 0.538 D_real: 0.120 D_fake: 0.269 G: 2.242 NCE: 1.705 
(epoch: 9, iters: 528, time: 0.066, data: 0.003) G_GAN: 0.464 D_real: 0.166 D_fake: 0.181 G: 2.036 NCE: 1.571 
(epoch: 9, iters: 828, time: 0.065, data: 0.002) G_GAN: 0.315 D_real: 0.314 D_fake: 0.193 G: 2.205 NCE: 1.889 
(epoch: 9, iters: 1128, time: 0.065, data: 0.004) G_GAN: 0.356 D_real: 0.240 D_fake: 0.222 G: 1.914 NCE: 1.559 
(epoch: 9, iters: 1428, time: 0.064, data: 0.002) G_GAN: 0.321 D_real: 0.229 D_fake: 0.163 G: 1.842 NCE: 1.521 
(epoch: 9, iters: 1728, time: 0.064, data: 0.005) G_GAN: 0.472 D_real: 0.205 D_fake: 0.222 G: 1.916 NCE: 1.443 
(epoch: 9, iters: 2028, time: 0.064, data: 0.001) G_GAN: 0.398 D_real: 0.190 D_fake: 0.226 G: 1.864 NCE: 1.466 
(epoch: 9, iters: 2328, time: 0.064, data: 0.002) G_GAN: 0.363 D_real: 0.158 D_fake: 0.326 G: 1.969 NCE: 1.606 
(epoch: 9, iters: 2628, time: 0.064, data: 0.002) G_GAN: 0.317 D_real: 0.213 D_fake: 0.269 G: 1.989 NCE: 1.672 
(epoch: 9, iters: 2928, time: 0.064, data: 0.002) G_GAN: 0.430 D_real: 0.209 D_fake: 0.196 G: 2.046 NCE: 1.615 
(epoch: 9, iters: 3228, time: 0.064, data: 0.002) G_GAN: 0.337 D_real: 0.308 D_fake: 0.145 G: 1.807 NCE: 1.471 
(epoch: 9, iters: 3528, time: 0.064, data: 0.003) G_GAN: 0.407 D_real: 0.228 D_fake: 0.208 G: 2.171 NCE: 1.764 
(epoch: 9, iters: 3828, time: 0.064, data: 0.003) G_GAN: 0.394 D_real: 0.223 D_fake: 0.201 G: 2.000 NCE: 1.607 
(epoch: 9, iters: 4128, time: 0.063, data: 0.002) G_GAN: 0.343 D_real: 0.246 D_fake: 0.129 G: 2.239 NCE: 1.896 
(epoch: 9, iters: 4428, time: 0.064, data: 0.002) G_GAN: 0.304 D_real: 0.270 D_fake: 0.250 G: 1.851 NCE: 1.547 
(epoch: 9, iters: 4728, time: 0.064, data: 0.002) G_GAN: 0.415 D_real: 0.140 D_fake: 0.278 G: 2.071 NCE: 1.656 
(epoch: 9, iters: 5028, time: 0.064, data: 0.001) G_GAN: 0.289 D_real: 0.327 D_fake: 0.261 G: 1.816 NCE: 1.527 
(epoch: 9, iters: 5328, time: 0.064, data: 0.002) G_GAN: 0.265 D_real: 0.339 D_fake: 0.203 G: 1.991 NCE: 1.726 
(epoch: 9, iters: 5628, time: 0.063, data: 0.002) G_GAN: 0.285 D_real: 0.229 D_fake: 0.185 G: 1.770 NCE: 1.485 
(epoch: 9, iters: 5928, time: 0.063, data: 0.002) G_GAN: 0.412 D_real: 0.282 D_fake: 0.103 G: 2.107 NCE: 1.695 
(epoch: 9, iters: 6228, time: 0.063, data: 0.001) G_GAN: 0.341 D_real: 0.237 D_fake: 0.230 G: 1.723 NCE: 1.381 
(epoch: 9, iters: 6528, time: 0.062, data: 0.003) G_GAN: 0.392 D_real: 0.189 D_fake: 0.191 G: 1.915 NCE: 1.524 
(epoch: 9, iters: 6828, time: 0.062, data: 0.002) G_GAN: 0.348 D_real: 0.255 D_fake: 0.183 G: 1.807 NCE: 1.459 
(epoch: 9, iters: 7128, time: 0.062, data: 0.001) G_GAN: 0.411 D_real: 0.250 D_fake: 0.185 G: 1.973 NCE: 1.563 
(epoch: 9, iters: 7428, time: 0.062, data: 0.002) G_GAN: 0.342 D_real: 0.234 D_fake: 0.216 G: 1.803 NCE: 1.460 
(epoch: 9, iters: 7728, time: 0.062, data: 0.002) G_GAN: 0.319 D_real: 0.227 D_fake: 0.219 G: 1.952 NCE: 1.633 
(epoch: 9, iters: 8028, time: 0.062, data: 0.002) G_GAN: 0.404 D_real: 0.202 D_fake: 0.232 G: 1.951 NCE: 1.547 
(epoch: 9, iters: 8328, time: 0.062, data: 0.002) G_GAN: 0.400 D_real: 0.134 D_fake: 0.400 G: 2.096 NCE: 1.696 
(epoch: 9, iters: 8628, time: 0.062, data: 0.002) G_GAN: 0.426 D_real: 0.234 D_fake: 0.202 G: 2.026 NCE: 1.600 
(epoch: 9, iters: 8928, time: 0.062, data: 0.002) G_GAN: 0.415 D_real: 0.169 D_fake: 0.220 G: 1.990 NCE: 1.575 
(epoch: 9, iters: 9228, time: 0.063, data: 0.002) G_GAN: 0.266 D_real: 0.448 D_fake: 0.112 G: 1.998 NCE: 1.731 
End of epoch 9 / 20 	 Time Taken: 605 sec
learning rate = 0.0002000
(epoch: 10, iters: 144, time: 0.063, data: 0.002) G_GAN: 0.440 D_real: 0.179 D_fake: 0.364 G: 2.080 NCE: 1.639 
(epoch: 10, iters: 444, time: 0.063, data: 0.002) G_GAN: 0.273 D_real: 0.332 D_fake: 0.265 G: 1.917 NCE: 1.644 
(epoch: 10, iters: 744, time: 0.063, data: 0.002) G_GAN: 0.355 D_real: 0.176 D_fake: 0.302 G: 2.125 NCE: 1.770 
(epoch: 10, iters: 1044, time: 0.063, data: 0.001) G_GAN: 0.456 D_real: 0.151 D_fake: 0.298 G: 2.145 NCE: 1.690 
(epoch: 10, iters: 1344, time: 0.063, data: 0.002) G_GAN: 0.384 D_real: 0.180 D_fake: 0.249 G: 2.095 NCE: 1.711 
(epoch: 10, iters: 1644, time: 0.063, data: 0.002) G_GAN: 0.389 D_real: 0.218 D_fake: 0.214 G: 1.974 NCE: 1.585 
(epoch: 10, iters: 1944, time: 0.063, data: 0.001) G_GAN: 0.435 D_real: 0.169 D_fake: 0.299 G: 1.931 NCE: 1.496 
(epoch: 10, iters: 2244, time: 0.062, data: 0.001) G_GAN: 0.456 D_real: 0.134 D_fake: 0.505 G: 2.105 NCE: 1.650 
(epoch: 10, iters: 2544, time: 0.062, data: 0.002) G_GAN: 0.308 D_real: 0.287 D_fake: 0.179 G: 1.849 NCE: 1.541 
(epoch: 10, iters: 2844, time: 0.062, data: 0.002) G_GAN: 0.409 D_real: 0.232 D_fake: 0.237 G: 2.053 NCE: 1.644 
(epoch: 10, iters: 3144, time: 0.062, data: 0.002) G_GAN: 0.335 D_real: 0.254 D_fake: 0.158 G: 1.831 NCE: 1.496 
(epoch: 10, iters: 3444, time: 0.062, data: 0.002) G_GAN: 0.386 D_real: 0.193 D_fake: 0.191 G: 1.863 NCE: 1.476 
(epoch: 10, iters: 3744, time: 0.062, data: 0.001) G_GAN: 0.339 D_real: 0.290 D_fake: 0.133 G: 1.961 NCE: 1.622 
(epoch: 10, iters: 4044, time: 0.063, data: 0.001) G_GAN: 0.522 D_real: 0.190 D_fake: 0.224 G: 2.363 NCE: 1.841 
(epoch: 10, iters: 4344, time: 0.063, data: 0.002) G_GAN: 0.495 D_real: 0.152 D_fake: 0.242 G: 2.233 NCE: 1.738 
(epoch: 10, iters: 4644, time: 0.069, data: 0.002) G_GAN: 0.577 D_real: 0.123 D_fake: 0.204 G: 2.118 NCE: 1.541 
(epoch: 10, iters: 4944, time: 0.074, data: 0.001) G_GAN: 0.494 D_real: 0.144 D_fake: 0.299 G: 2.214 NCE: 1.720 
(epoch: 10, iters: 5244, time: 0.079, data: 0.001) G_GAN: 0.416 D_real: 0.207 D_fake: 0.146 G: 1.805 NCE: 1.389 
(epoch: 10, iters: 5544, time: 0.082, data: 0.001) G_GAN: 0.495 D_real: 0.168 D_fake: 0.227 G: 2.090 NCE: 1.596 
saving the latest model (epoch 10, total_iters 90000)
cut_to_monet
(epoch: 10, iters: 5844, time: 0.084, data: 0.002) G_GAN: 0.258 D_real: 0.319 D_fake: 0.193 G: 1.700 NCE: 1.442 
(epoch: 10, iters: 6144, time: 0.086, data: 0.002) G_GAN: 0.274 D_real: 0.336 D_fake: 0.219 G: 1.789 NCE: 1.516 
(epoch: 10, iters: 6444, time: 0.088, data: 0.002) G_GAN: 0.446 D_real: 0.235 D_fake: 0.210 G: 2.138 NCE: 1.691 
(epoch: 10, iters: 6744, time: 0.089, data: 0.001) G_GAN: 0.420 D_real: 0.185 D_fake: 0.143 G: 2.390 NCE: 1.970 
(epoch: 10, iters: 7044, time: 0.090, data: 0.002) G_GAN: 0.344 D_real: 0.185 D_fake: 0.247 G: 1.917 NCE: 1.572 
(epoch: 10, iters: 7344, time: 0.091, data: 0.001) G_GAN: 0.324 D_real: 0.212 D_fake: 0.320 G: 1.817 NCE: 1.494 
(epoch: 10, iters: 7644, time: 0.091, data: 0.002) G_GAN: 0.281 D_real: 0.489 D_fake: 0.108 G: 1.921 NCE: 1.641 
(epoch: 10, iters: 7944, time: 0.091, data: 0.001) G_GAN: 0.484 D_real: 0.143 D_fake: 0.267 G: 2.074 NCE: 1.590 
(epoch: 10, iters: 8244, time: 0.092, data: 0.001) G_GAN: 0.565 D_real: 0.166 D_fake: 0.164 G: 2.099 NCE: 1.534 
(epoch: 10, iters: 8544, time: 0.092, data: 0.002) G_GAN: 0.328 D_real: 0.305 D_fake: 0.214 G: 2.057 NCE: 1.728 
(epoch: 10, iters: 8844, time: 0.092, data: 0.002) G_GAN: 0.339 D_real: 0.255 D_fake: 0.245 G: 2.098 NCE: 1.759 
(epoch: 10, iters: 9144, time: 0.093, data: 0.002) G_GAN: 0.383 D_real: 0.311 D_fake: 0.179 G: 2.060 NCE: 1.677 
saving the model at the end of epoch 10, iters 93840
End of epoch 10 / 20 	 Time Taken: 751 sec
learning rate = 0.0002000
(epoch: 11, iters: 60, time: 0.093, data: 0.002) G_GAN: 0.535 D_real: 0.144 D_fake: 0.195 G: 2.254 NCE: 1.719 
(epoch: 11, iters: 360, time: 0.093, data: 0.001) G_GAN: 0.377 D_real: 0.204 D_fake: 0.176 G: 2.070 NCE: 1.693 
(epoch: 11, iters: 660, time: 0.093, data: 0.001) G_GAN: 0.329 D_real: 0.238 D_fake: 0.235 G: 1.872 NCE: 1.543 
(epoch: 11, iters: 960, time: 0.093, data: 0.002) G_GAN: 0.403 D_real: 0.254 D_fake: 0.231 G: 2.333 NCE: 1.930 
(epoch: 11, iters: 1260, time: 0.093, data: 0.001) G_GAN: 0.337 D_real: 0.284 D_fake: 0.179 G: 1.952 NCE: 1.616 
(epoch: 11, iters: 1560, time: 0.093, data: 0.001) G_GAN: 0.328 D_real: 0.319 D_fake: 0.134 G: 1.996 NCE: 1.669 
(epoch: 11, iters: 1860, time: 0.093, data: 0.002) G_GAN: 0.426 D_real: 0.301 D_fake: 0.168 G: 2.308 NCE: 1.881 
(epoch: 11, iters: 2160, time: 0.093, data: 0.002) G_GAN: 0.473 D_real: 0.211 D_fake: 0.218 G: 2.329 NCE: 1.856 
(epoch: 11, iters: 2460, time: 0.093, data: 0.001) G_GAN: 0.369 D_real: 0.143 D_fake: 0.284 G: 1.992 NCE: 1.624 
(epoch: 11, iters: 2760, time: 0.093, data: 0.001) G_GAN: 0.377 D_real: 0.251 D_fake: 0.229 G: 1.801 NCE: 1.424 
(epoch: 11, iters: 3060, time: 0.087, data: 0.002) G_GAN: 0.391 D_real: 0.187 D_fake: 0.221 G: 1.910 NCE: 1.518 
(epoch: 11, iters: 3360, time: 0.082, data: 0.003) G_GAN: 0.441 D_real: 0.178 D_fake: 0.254 G: 1.981 NCE: 1.540 
(epoch: 11, iters: 3660, time: 0.077, data: 0.004) G_GAN: 0.347 D_real: 0.301 D_fake: 0.229 G: 1.882 NCE: 1.535 
(epoch: 11, iters: 3960, time: 0.074, data: 0.003) G_GAN: 0.425 D_real: 0.117 D_fake: 0.271 G: 1.986 NCE: 1.561 
(epoch: 11, iters: 4260, time: 0.071, data: 0.004) G_GAN: 0.405 D_real: 0.181 D_fake: 0.244 G: 1.915 NCE: 1.510 
(epoch: 11, iters: 4560, time: 0.069, data: 0.001) G_GAN: 0.374 D_real: 0.254 D_fake: 0.300 G: 1.914 NCE: 1.539 
(epoch: 11, iters: 4860, time: 0.068, data: 0.002) G_GAN: 0.452 D_real: 0.127 D_fake: 0.270 G: 1.958 NCE: 1.506 
(epoch: 11, iters: 5160, time: 0.067, data: 0.001) G_GAN: 0.367 D_real: 0.236 D_fake: 0.240 G: 1.852 NCE: 1.485 
(epoch: 11, iters: 5460, time: 0.066, data: 0.001) G_GAN: 0.485 D_real: 0.239 D_fake: 0.200 G: 2.347 NCE: 1.862 
(epoch: 11, iters: 5760, time: 0.065, data: 0.002) G_GAN: 0.278 D_real: 0.314 D_fake: 0.149 G: 1.835 NCE: 1.557 
(epoch: 11, iters: 6060, time: 0.064, data: 0.003) G_GAN: 0.413 D_real: 0.244 D_fake: 0.256 G: 2.220 NCE: 1.806 
(epoch: 11, iters: 6360, time: 0.064, data: 0.003) G_GAN: 0.360 D_real: 0.258 D_fake: 0.125 G: 1.957 NCE: 1.596 
(epoch: 11, iters: 6660, time: 0.064, data: 0.001) G_GAN: 0.567 D_real: 0.121 D_fake: 0.286 G: 2.141 NCE: 1.574 
(epoch: 11, iters: 6960, time: 0.063, data: 0.002) G_GAN: 0.288 D_real: 0.271 D_fake: 0.165 G: 1.789 NCE: 1.502 
(epoch: 11, iters: 7260, time: 0.063, data: 0.002) G_GAN: 0.281 D_real: 0.275 D_fake: 0.219 G: 1.772 NCE: 1.492 
(epoch: 11, iters: 7560, time: 0.063, data: 0.003) G_GAN: 0.387 D_real: 0.191 D_fake: 0.210 G: 1.873 NCE: 1.486 
(epoch: 11, iters: 7860, time: 0.063, data: 0.003) G_GAN: 0.264 D_real: 0.230 D_fake: 0.182 G: 1.922 NCE: 1.659 
(epoch: 11, iters: 8160, time: 0.063, data: 0.002) G_GAN: 0.439 D_real: 0.201 D_fake: 0.201 G: 2.462 NCE: 2.023 
(epoch: 11, iters: 8460, time: 0.063, data: 0.002) G_GAN: 0.386 D_real: 0.153 D_fake: 0.369 G: 2.241 NCE: 1.855 
(epoch: 11, iters: 8760, time: 0.062, data: 0.003) G_GAN: 0.388 D_real: 0.189 D_fake: 0.225 G: 1.759 NCE: 1.371 
(epoch: 11, iters: 9060, time: 0.062, data: 0.001) G_GAN: 0.343 D_real: 0.237 D_fake: 0.229 G: 1.949 NCE: 1.606 
(epoch: 11, iters: 9360, time: 0.063, data: 0.002) G_GAN: 0.372 D_real: 0.207 D_fake: 0.229 G: 1.924 NCE: 1.552 
End of epoch 11 / 20 	 Time Taken: 683 sec
learning rate = 0.0002000
(epoch: 12, iters: 276, time: 0.063, data: 0.001) G_GAN: 0.457 D_real: 0.129 D_fake: 0.262 G: 2.060 NCE: 1.603 
(epoch: 12, iters: 576, time: 0.063, data: 0.001) G_GAN: 0.308 D_real: 0.369 D_fake: 0.111 G: 1.931 NCE: 1.623 
(epoch: 12, iters: 876, time: 0.063, data: 0.002) G_GAN: 0.476 D_real: 0.205 D_fake: 0.409 G: 2.248 NCE: 1.772 
(epoch: 12, iters: 1176, time: 0.062, data: 0.002) G_GAN: 0.369 D_real: 0.241 D_fake: 0.160 G: 1.888 NCE: 1.519 
(epoch: 12, iters: 1476, time: 0.062, data: 0.001) G_GAN: 0.311 D_real: 0.262 D_fake: 0.298 G: 1.881 NCE: 1.569 
(epoch: 12, iters: 1776, time: 0.062, data: 0.002) G_GAN: 0.328 D_real: 0.271 D_fake: 0.172 G: 1.808 NCE: 1.480 
saving the latest model (epoch 12, total_iters 105000)
cut_to_monet
(epoch: 12, iters: 2076, time: 0.062, data: 0.001) G_GAN: 0.286 D_real: 0.364 D_fake: 0.188 G: 2.013 NCE: 1.727 
(epoch: 12, iters: 2376, time: 0.062, data: 0.001) G_GAN: 0.231 D_real: 0.412 D_fake: 0.115 G: 1.944 NCE: 1.713 
(epoch: 12, iters: 2676, time: 0.062, data: 0.001) G_GAN: 0.436 D_real: 0.208 D_fake: 0.162 G: 2.082 NCE: 1.646 
(epoch: 12, iters: 2976, time: 0.062, data: 0.002) G_GAN: 0.308 D_real: 0.274 D_fake: 0.207 G: 1.791 NCE: 1.483 
(epoch: 12, iters: 3276, time: 0.062, data: 0.001) G_GAN: 0.312 D_real: 0.324 D_fake: 0.166 G: 1.921 NCE: 1.609 
(epoch: 12, iters: 3576, time: 0.062, data: 0.002) G_GAN: 0.464 D_real: 0.189 D_fake: 0.271 G: 2.041 NCE: 1.578 
(epoch: 12, iters: 3876, time: 0.062, data: 0.001) G_GAN: 0.313 D_real: 0.270 D_fake: 0.224 G: 1.824 NCE: 1.511 
(epoch: 12, iters: 4176, time: 0.062, data: 0.001) G_GAN: 0.329 D_real: 0.152 D_fake: 0.301 G: 1.782 NCE: 1.453 
(epoch: 12, iters: 4476, time: 0.064, data: 0.002) G_GAN: 0.432 D_real: 0.184 D_fake: 0.228 G: 2.155 NCE: 1.722 
(epoch: 12, iters: 4776, time: 0.070, data: 0.001) G_GAN: 0.388 D_real: 0.256 D_fake: 0.385 G: 1.861 NCE: 1.473 
(epoch: 12, iters: 5076, time: 0.076, data: 0.002) G_GAN: 0.323 D_real: 0.255 D_fake: 0.165 G: 1.821 NCE: 1.499 
(epoch: 12, iters: 5376, time: 0.079, data: 0.001) G_GAN: 0.422 D_real: 0.195 D_fake: 0.261 G: 2.183 NCE: 1.761 
(epoch: 12, iters: 5676, time: 0.082, data: 0.002) G_GAN: 0.308 D_real: 0.237 D_fake: 0.266 G: 1.876 NCE: 1.568 
(epoch: 12, iters: 5976, time: 0.085, data: 0.002) G_GAN: 0.419 D_real: 0.231 D_fake: 0.201 G: 2.074 NCE: 1.655 
(epoch: 12, iters: 6276, time: 0.087, data: 0.002) G_GAN: 0.311 D_real: 0.358 D_fake: 0.144 G: 1.916 NCE: 1.605 
(epoch: 12, iters: 6576, time: 0.088, data: 0.002) G_GAN: 0.394 D_real: 0.216 D_fake: 0.260 G: 1.935 NCE: 1.541 
(epoch: 12, iters: 6876, time: 0.089, data: 0.001) G_GAN: 0.448 D_real: 0.177 D_fake: 0.258 G: 1.933 NCE: 1.486 
(epoch: 12, iters: 7176, time: 0.090, data: 0.002) G_GAN: 0.348 D_real: 0.240 D_fake: 0.179 G: 1.942 NCE: 1.594 
(epoch: 12, iters: 7476, time: 0.091, data: 0.002) G_GAN: 0.398 D_real: 0.225 D_fake: 0.147 G: 2.002 NCE: 1.604 
(epoch: 12, iters: 7776, time: 0.092, data: 0.003) G_GAN: 0.439 D_real: 0.223 D_fake: 0.137 G: 1.934 NCE: 1.495 
(epoch: 12, iters: 8076, time: 0.089, data: 0.002) G_GAN: 0.465 D_real: 0.117 D_fake: 0.369 G: 1.945 NCE: 1.481 
(epoch: 12, iters: 8376, time: 0.083, data: 0.003) G_GAN: 0.321 D_real: 0.277 D_fake: 0.191 G: 2.002 NCE: 1.681 
(epoch: 12, iters: 8676, time: 0.079, data: 0.002) G_GAN: 0.444 D_real: 0.144 D_fake: 0.262 G: 2.083 NCE: 1.640 
(epoch: 12, iters: 8976, time: 0.075, data: 0.003) G_GAN: 0.359 D_real: 0.293 D_fake: 0.217 G: 2.137 NCE: 1.778 
(epoch: 12, iters: 9276, time: 0.072, data: 0.002) G_GAN: 0.441 D_real: 0.197 D_fake: 0.239 G: 2.083 NCE: 1.642 
End of epoch 12 / 20 	 Time Taken: 705 sec
learning rate = 0.0002000
(epoch: 13, iters: 192, time: 0.070, data: 0.002) G_GAN: 0.372 D_real: 0.215 D_fake: 0.197 G: 2.127 NCE: 1.755 
(epoch: 13, iters: 492, time: 0.069, data: 0.002) G_GAN: 0.328 D_real: 0.302 D_fake: 0.148 G: 1.922 NCE: 1.593 
(epoch: 13, iters: 792, time: 0.067, data: 0.004) G_GAN: 0.449 D_real: 0.243 D_fake: 0.205 G: 2.064 NCE: 1.615 
(epoch: 13, iters: 1092, time: 0.066, data: 0.003) G_GAN: 0.297 D_real: 0.246 D_fake: 0.243 G: 1.837 NCE: 1.540 
(epoch: 13, iters: 1392, time: 0.065, data: 0.002) G_GAN: 0.324 D_real: 0.261 D_fake: 0.297 G: 1.837 NCE: 1.513 
(epoch: 13, iters: 1692, time: 0.065, data: 0.002) G_GAN: 0.431 D_real: 0.206 D_fake: 0.135 G: 1.906 NCE: 1.475 
(epoch: 13, iters: 1992, time: 0.065, data: 0.003) G_GAN: 0.418 D_real: 0.213 D_fake: 0.210 G: 1.841 NCE: 1.423 
(epoch: 13, iters: 2292, time: 0.064, data: 0.001) G_GAN: 0.258 D_real: 0.306 D_fake: 0.264 G: 1.929 NCE: 1.671 
(epoch: 13, iters: 2592, time: 0.064, data: 0.001) G_GAN: 0.374 D_real: 0.218 D_fake: 0.387 G: 1.979 NCE: 1.605 
(epoch: 13, iters: 2892, time: 0.063, data: 0.001) G_GAN: 0.310 D_real: 0.417 D_fake: 0.114 G: 1.914 NCE: 1.603 
(epoch: 13, iters: 3192, time: 0.063, data: 0.002) G_GAN: 0.371 D_real: 0.197 D_fake: 0.283 G: 1.956 NCE: 1.585 
(epoch: 13, iters: 3492, time: 0.063, data: 0.002) G_GAN: 0.437 D_real: 0.140 D_fake: 0.280 G: 1.973 NCE: 1.537 
(epoch: 13, iters: 3792, time: 0.063, data: 0.002) G_GAN: 0.315 D_real: 0.255 D_fake: 0.199 G: 1.922 NCE: 1.607 
(epoch: 13, iters: 4092, time: 0.063, data: 0.003) G_GAN: 0.441 D_real: 0.284 D_fake: 0.225 G: 2.018 NCE: 1.577 
(epoch: 13, iters: 4392, time: 0.063, data: 0.002) G_GAN: 0.322 D_real: 0.266 D_fake: 0.179 G: 1.972 NCE: 1.650 
(epoch: 13, iters: 4692, time: 0.063, data: 0.001) G_GAN: 0.400 D_real: 0.148 D_fake: 0.345 G: 2.069 NCE: 1.670 
(epoch: 13, iters: 4992, time: 0.063, data: 0.003) G_GAN: 0.410 D_real: 0.166 D_fake: 0.201 G: 1.964 NCE: 1.554 
(epoch: 13, iters: 5292, time: 0.063, data: 0.002) G_GAN: 0.442 D_real: 0.222 D_fake: 0.145 G: 2.118 NCE: 1.676 
(epoch: 13, iters: 5592, time: 0.063, data: 0.002) G_GAN: 0.309 D_real: 0.363 D_fake: 0.278 G: 1.933 NCE: 1.624 
(epoch: 13, iters: 5892, time: 0.063, data: 0.003) G_GAN: 0.260 D_real: 0.334 D_fake: 0.213 G: 1.925 NCE: 1.665 
(epoch: 13, iters: 6192, time: 0.063, data: 0.002) G_GAN: 0.428 D_real: 0.140 D_fake: 0.338 G: 1.918 NCE: 1.490 
(epoch: 13, iters: 6492, time: 0.063, data: 0.002) G_GAN: 0.333 D_real: 0.203 D_fake: 0.258 G: 1.802 NCE: 1.470 
(epoch: 13, iters: 6792, time: 0.063, data: 0.002) G_GAN: 0.391 D_real: 0.198 D_fake: 0.127 G: 2.046 NCE: 1.656 
(epoch: 13, iters: 7092, time: 0.063, data: 0.004) G_GAN: 0.395 D_real: 0.191 D_fake: 0.260 G: 2.049 NCE: 1.654 
(epoch: 13, iters: 7392, time: 0.063, data: 0.003) G_GAN: 0.409 D_real: 0.227 D_fake: 0.188 G: 1.998 NCE: 1.589 
saving the latest model (epoch 13, total_iters 120000)
cut_to_monet
(epoch: 13, iters: 7692, time: 0.063, data: 0.002) G_GAN: 0.434 D_real: 0.206 D_fake: 0.263 G: 2.186 NCE: 1.753 
(epoch: 13, iters: 7992, time: 0.063, data: 0.002) G_GAN: 0.457 D_real: 0.218 D_fake: 0.190 G: 1.862 NCE: 1.404 
(epoch: 13, iters: 8292, time: 0.063, data: 0.002) G_GAN: 0.297 D_real: 0.182 D_fake: 0.369 G: 1.780 NCE: 1.483 
(epoch: 13, iters: 8592, time: 0.063, data: 0.002) G_GAN: 0.357 D_real: 0.169 D_fake: 0.316 G: 2.010 NCE: 1.654 
(epoch: 13, iters: 8892, time: 0.063, data: 0.002) G_GAN: 0.477 D_real: 0.218 D_fake: 0.206 G: 1.938 NCE: 1.461 
(epoch: 13, iters: 9192, time: 0.063, data: 0.002) G_GAN: 0.447 D_real: 0.218 D_fake: 0.225 G: 1.962 NCE: 1.516 
End of epoch 13 / 20 	 Time Taken: 602 sec
learning rate = 0.0002000
(epoch: 14, iters: 108, time: 0.063, data: 0.002) G_GAN: 0.477 D_real: 0.263 D_fake: 0.175 G: 2.050 NCE: 1.572 
(epoch: 14, iters: 408, time: 0.063, data: 0.002) G_GAN: 0.366 D_real: 0.248 D_fake: 0.209 G: 1.885 NCE: 1.519 
(epoch: 14, iters: 708, time: 0.063, data: 0.001) G_GAN: 0.419 D_real: 0.181 D_fake: 0.255 G: 1.978 NCE: 1.558 
(epoch: 14, iters: 1008, time: 0.063, data: 0.002) G_GAN: 0.393 D_real: 0.216 D_fake: 0.201 G: 1.740 NCE: 1.346 
(epoch: 14, iters: 1308, time: 0.063, data: 0.003) G_GAN: 0.406 D_real: 0.295 D_fake: 0.137 G: 2.074 NCE: 1.667 
(epoch: 14, iters: 1608, time: 0.063, data: 0.003) G_GAN: 0.377 D_real: 0.214 D_fake: 0.225 G: 1.995 NCE: 1.618 
(epoch: 14, iters: 1908, time: 0.063, data: 0.003) G_GAN: 0.406 D_real: 0.225 D_fake: 0.172 G: 1.929 NCE: 1.522 
(epoch: 14, iters: 2208, time: 0.063, data: 0.001) G_GAN: 0.310 D_real: 0.276 D_fake: 0.211 G: 1.833 NCE: 1.522 
(epoch: 14, iters: 2508, time: 0.063, data: 0.002) G_GAN: 0.415 D_real: 0.256 D_fake: 0.150 G: 2.073 NCE: 1.658 
(epoch: 14, iters: 2808, time: 0.062, data: 0.002) G_GAN: 0.494 D_real: 0.167 D_fake: 0.282 G: 2.036 NCE: 1.542 
(epoch: 14, iters: 3108, time: 0.062, data: 0.002) G_GAN: 0.471 D_real: 0.138 D_fake: 0.267 G: 2.025 NCE: 1.554 
(epoch: 14, iters: 3408, time: 0.062, data: 0.001) G_GAN: 0.299 D_real: 0.237 D_fake: 0.245 G: 1.908 NCE: 1.610 
(epoch: 14, iters: 3708, time: 0.062, data: 0.002) G_GAN: 0.505 D_real: 0.128 D_fake: 0.238 G: 2.095 NCE: 1.590 
(epoch: 14, iters: 4008, time: 0.062, data: 0.002) G_GAN: 0.494 D_real: 0.208 D_fake: 0.187 G: 2.015 NCE: 1.521 
(epoch: 14, iters: 4308, time: 0.062, data: 0.001) G_GAN: 0.351 D_real: 0.253 D_fake: 0.241 G: 1.920 NCE: 1.569 
(epoch: 14, iters: 4608, time: 0.062, data: 0.001) G_GAN: 0.318 D_real: 0.373 D_fake: 0.107 G: 1.924 NCE: 1.606 
(epoch: 14, iters: 4908, time: 0.062, data: 0.002) G_GAN: 0.379 D_real: 0.212 D_fake: 0.205 G: 1.800 NCE: 1.422 
(epoch: 14, iters: 5208, time: 0.062, data: 0.002) G_GAN: 0.453 D_real: 0.109 D_fake: 0.284 G: 2.047 NCE: 1.593 
(epoch: 14, iters: 5508, time: 0.062, data: 0.004) G_GAN: 0.377 D_real: 0.263 D_fake: 0.171 G: 1.911 NCE: 1.534 
(epoch: 14, iters: 5808, time: 0.062, data: 0.002) G_GAN: 0.398 D_real: 0.179 D_fake: 0.353 G: 1.951 NCE: 1.553 
(epoch: 14, iters: 6108, time: 0.062, data: 0.002) G_GAN: 0.250 D_real: 0.445 D_fake: 0.171 G: 1.974 NCE: 1.724 
(epoch: 14, iters: 6408, time: 0.062, data: 0.002) G_GAN: 0.505 D_real: 0.137 D_fake: 0.219 G: 1.907 NCE: 1.402 
(epoch: 14, iters: 6708, time: 0.062, data: 0.002) G_GAN: 0.357 D_real: 0.244 D_fake: 0.209 G: 1.894 NCE: 1.537 
(epoch: 14, iters: 7008, time: 0.062, data: 0.002) G_GAN: 0.313 D_real: 0.288 D_fake: 0.234 G: 1.867 NCE: 1.554 
(epoch: 14, iters: 7308, time: 0.062, data: 0.002) G_GAN: 0.399 D_real: 0.176 D_fake: 0.285 G: 1.993 NCE: 1.594 
(epoch: 14, iters: 7608, time: 0.062, data: 0.002) G_GAN: 0.399 D_real: 0.278 D_fake: 0.196 G: 1.849 NCE: 1.450 
(epoch: 14, iters: 7908, time: 0.062, data: 0.002) G_GAN: 0.288 D_real: 0.398 D_fake: 0.135 G: 1.903 NCE: 1.615 
(epoch: 14, iters: 8208, time: 0.062, data: 0.002) G_GAN: 0.326 D_real: 0.298 D_fake: 0.214 G: 1.876 NCE: 1.550 
(epoch: 14, iters: 8508, time: 0.062, data: 0.002) G_GAN: 0.291 D_real: 0.374 D_fake: 0.152 G: 1.943 NCE: 1.652 
(epoch: 14, iters: 8808, time: 0.062, data: 0.004) G_GAN: 0.318 D_real: 0.258 D_fake: 0.272 G: 1.848 NCE: 1.530 
(epoch: 14, iters: 9108, time: 0.062, data: 0.001) G_GAN: 0.372 D_real: 0.215 D_fake: 0.212 G: 2.073 NCE: 1.701 
End of epoch 14 / 20 	 Time Taken: 596 sec
learning rate = 0.0002000
(epoch: 15, iters: 24, time: 0.062, data: 0.002) G_GAN: 0.343 D_real: 0.273 D_fake: 0.166 G: 1.977 NCE: 1.634 
(epoch: 15, iters: 324, time: 0.064, data: 0.003) G_GAN: 0.345 D_real: 0.254 D_fake: 0.194 G: 1.790 NCE: 1.445 
(epoch: 15, iters: 624, time: 0.065, data: 0.003) G_GAN: 0.451 D_real: 0.250 D_fake: 0.184 G: 2.110 NCE: 1.659 
(epoch: 15, iters: 924, time: 0.064, data: 0.004) G_GAN: 0.333 D_real: 0.271 D_fake: 0.250 G: 1.889 NCE: 1.556 
(epoch: 15, iters: 1224, time: 0.064, data: 0.002) G_GAN: 0.390 D_real: 0.150 D_fake: 0.314 G: 2.085 NCE: 1.695 
(epoch: 15, iters: 1524, time: 0.063, data: 0.002) G_GAN: 0.356 D_real: 0.233 D_fake: 0.247 G: 1.860 NCE: 1.504 
(epoch: 15, iters: 1824, time: 0.063, data: 0.002) G_GAN: 0.434 D_real: 0.165 D_fake: 0.285 G: 2.012 NCE: 1.579 
(epoch: 15, iters: 2124, time: 0.063, data: 0.002) G_GAN: 0.251 D_real: 0.438 D_fake: 0.158 G: 1.893 NCE: 1.642 
(epoch: 15, iters: 2424, time: 0.063, data: 0.002) G_GAN: 0.520 D_real: 0.134 D_fake: 0.197 G: 1.969 NCE: 1.449 
(epoch: 15, iters: 2724, time: 0.063, data: 0.002) G_GAN: 0.346 D_real: 0.146 D_fake: 0.462 G: 2.542 NCE: 2.196 
(epoch: 15, iters: 3024, time: 0.063, data: 0.004) G_GAN: 0.346 D_real: 0.277 D_fake: 0.205 G: 2.025 NCE: 1.679 
(epoch: 15, iters: 3324, time: 0.062, data: 0.002) G_GAN: 0.448 D_real: 0.231 D_fake: 0.232 G: 2.183 NCE: 1.734 
(epoch: 15, iters: 3624, time: 0.062, data: 0.002) G_GAN: 0.455 D_real: 0.193 D_fake: 0.208 G: 2.223 NCE: 1.767 
saving the latest model (epoch 15, total_iters 135000)
cut_to_monet
(epoch: 15, iters: 3924, time: 0.062, data: 0.002) G_GAN: 0.426 D_real: 0.219 D_fake: 0.223 G: 2.127 NCE: 1.701 
(epoch: 15, iters: 4224, time: 0.062, data: 0.003) G_GAN: 0.314 D_real: 0.238 D_fake: 0.204 G: 1.795 NCE: 1.481 
(epoch: 15, iters: 4524, time: 0.062, data: 0.003) G_GAN: 0.367 D_real: 0.187 D_fake: 0.256 G: 1.875 NCE: 1.509 
(epoch: 15, iters: 4824, time: 0.062, data: 0.002) G_GAN: 0.467 D_real: 0.199 D_fake: 0.164 G: 1.963 NCE: 1.496 
(epoch: 15, iters: 5124, time: 0.062, data: 0.002) G_GAN: 0.598 D_real: 0.108 D_fake: 0.270 G: 2.127 NCE: 1.529 
(epoch: 15, iters: 5424, time: 0.062, data: 0.001) G_GAN: 0.458 D_real: 0.242 D_fake: 0.138 G: 1.934 NCE: 1.476 
(epoch: 15, iters: 5724, time: 0.062, data: 0.002) G_GAN: 0.515 D_real: 0.189 D_fake: 0.263 G: 1.951 NCE: 1.435 
(epoch: 15, iters: 6024, time: 0.063, data: 0.004) G_GAN: 0.417 D_real: 0.127 D_fake: 0.514 G: 1.981 NCE: 1.564 
(epoch: 15, iters: 6324, time: 0.063, data: 0.002) G_GAN: 0.407 D_real: 0.210 D_fake: 0.222 G: 2.030 NCE: 1.623 
(epoch: 15, iters: 6624, time: 0.063, data: 0.002) G_GAN: 0.406 D_real: 0.241 D_fake: 0.223 G: 2.018 NCE: 1.612 
(epoch: 15, iters: 6924, time: 0.064, data: 0.002) G_GAN: 0.330 D_real: 0.275 D_fake: 0.125 G: 1.838 NCE: 1.508 
(epoch: 15, iters: 7224, time: 0.065, data: 0.002) G_GAN: 0.449 D_real: 0.168 D_fake: 0.226 G: 2.421 NCE: 1.972 
(epoch: 15, iters: 7524, time: 0.065, data: 0.001) G_GAN: 0.355 D_real: 0.263 D_fake: 0.145 G: 2.037 NCE: 1.682 
(epoch: 15, iters: 7824, time: 0.065, data: 0.003) G_GAN: 0.452 D_real: 0.208 D_fake: 0.212 G: 1.854 NCE: 1.402 
(epoch: 15, iters: 8124, time: 0.064, data: 0.002) G_GAN: 0.423 D_real: 0.171 D_fake: 0.275 G: 1.979 NCE: 1.555 
(epoch: 15, iters: 8424, time: 0.064, data: 0.003) G_GAN: 0.464 D_real: 0.194 D_fake: 0.150 G: 2.010 NCE: 1.545 
(epoch: 15, iters: 8724, time: 0.064, data: 0.004) G_GAN: 0.372 D_real: 0.177 D_fake: 0.260 G: 1.913 NCE: 1.541 
(epoch: 15, iters: 9024, time: 0.064, data: 0.002) G_GAN: 0.439 D_real: 0.195 D_fake: 0.216 G: 1.937 NCE: 1.498 
(epoch: 15, iters: 9324, time: 0.063, data: 0.001) G_GAN: 0.489 D_real: 0.172 D_fake: 0.328 G: 2.040 NCE: 1.552 
End of epoch 15 / 20 	 Time Taken: 609 sec
learning rate = 0.0002000
(epoch: 16, iters: 240, time: 0.063, data: 0.002) G_GAN: 0.328 D_real: 0.233 D_fake: 0.198 G: 1.824 NCE: 1.496 
(epoch: 16, iters: 540, time: 0.063, data: 0.004) G_GAN: 0.376 D_real: 0.220 D_fake: 0.225 G: 1.867 NCE: 1.491 
(epoch: 16, iters: 840, time: 0.063, data: 0.001) G_GAN: 0.507 D_real: 0.211 D_fake: 0.165 G: 2.127 NCE: 1.620 
(epoch: 16, iters: 1140, time: 0.063, data: 0.002) G_GAN: 0.447 D_real: 0.190 D_fake: 0.187 G: 2.068 NCE: 1.620 
(epoch: 16, iters: 1440, time: 0.063, data: 0.002) G_GAN: 0.523 D_real: 0.148 D_fake: 0.164 G: 1.858 NCE: 1.335 
(epoch: 16, iters: 1740, time: 0.063, data: 0.002) G_GAN: 0.345 D_real: 0.209 D_fake: 0.244 G: 1.912 NCE: 1.567 
(epoch: 16, iters: 2040, time: 0.063, data: 0.002) G_GAN: 0.395 D_real: 0.202 D_fake: 0.213 G: 2.046 NCE: 1.651 
(epoch: 16, iters: 2340, time: 0.064, data: 0.003) G_GAN: 0.577 D_real: 0.150 D_fake: 0.330 G: 2.299 NCE: 1.722 
(epoch: 16, iters: 2640, time: 0.063, data: 0.001) G_GAN: 0.336 D_real: 0.334 D_fake: 0.224 G: 1.917 NCE: 1.581 
(epoch: 16, iters: 2940, time: 0.063, data: 0.002) G_GAN: 0.395 D_real: 0.251 D_fake: 0.152 G: 2.120 NCE: 1.725 
(epoch: 16, iters: 3240, time: 0.063, data: 0.001) G_GAN: 0.458 D_real: 0.133 D_fake: 0.279 G: 1.997 NCE: 1.539 
(epoch: 16, iters: 3540, time: 0.065, data: 0.002) G_GAN: 0.568 D_real: 0.112 D_fake: 0.278 G: 2.132 NCE: 1.564 
(epoch: 16, iters: 3840, time: 0.065, data: 0.003) G_GAN: 0.425 D_real: 0.198 D_fake: 0.224 G: 2.030 NCE: 1.605 
(epoch: 16, iters: 4140, time: 0.065, data: 0.002) G_GAN: 0.335 D_real: 0.229 D_fake: 0.240 G: 1.746 NCE: 1.411 
(epoch: 16, iters: 4440, time: 0.064, data: 0.001) G_GAN: 0.390 D_real: 0.387 D_fake: 0.171 G: 2.038 NCE: 1.648 
(epoch: 16, iters: 4740, time: 0.064, data: 0.001) G_GAN: 0.318 D_real: 0.278 D_fake: 0.228 G: 2.126 NCE: 1.808 
(epoch: 16, iters: 5040, time: 0.064, data: 0.004) G_GAN: 0.456 D_real: 0.147 D_fake: 0.269 G: 1.843 NCE: 1.387 
(epoch: 16, iters: 5340, time: 0.063, data: 0.003) G_GAN: 0.431 D_real: 0.211 D_fake: 0.263 G: 1.940 NCE: 1.509 
(epoch: 16, iters: 5640, time: 0.063, data: 0.001) G_GAN: 0.434 D_real: 0.202 D_fake: 0.147 G: 2.041 NCE: 1.607 
(epoch: 16, iters: 5940, time: 0.063, data: 0.002) G_GAN: 0.357 D_real: 0.299 D_fake: 0.174 G: 2.056 NCE: 1.699 
(epoch: 16, iters: 6240, time: 0.063, data: 0.002) G_GAN: 0.305 D_real: 0.333 D_fake: 0.249 G: 1.769 NCE: 1.464 
(epoch: 16, iters: 6540, time: 0.063, data: 0.003) G_GAN: 0.342 D_real: 0.308 D_fake: 0.129 G: 1.865 NCE: 1.523 
(epoch: 16, iters: 6840, time: 0.063, data: 0.002) G_GAN: 0.335 D_real: 0.258 D_fake: 0.227 G: 1.981 NCE: 1.645 
(epoch: 16, iters: 7140, time: 0.063, data: 0.001) G_GAN: 0.393 D_real: 0.263 D_fake: 0.156 G: 1.897 NCE: 1.504 
(epoch: 16, iters: 7440, time: 0.063, data: 0.004) G_GAN: 0.373 D_real: 0.220 D_fake: 0.204 G: 1.888 NCE: 1.515 
(epoch: 16, iters: 7740, time: 0.063, data: 0.002) G_GAN: 0.316 D_real: 0.390 D_fake: 0.218 G: 1.968 NCE: 1.653 
(epoch: 16, iters: 8040, time: 0.063, data: 0.002) G_GAN: 0.426 D_real: 0.099 D_fake: 0.352 G: 2.009 NCE: 1.583 
(epoch: 16, iters: 8340, time: 0.064, data: 0.002) G_GAN: 0.335 D_real: 0.368 D_fake: 0.181 G: 1.909 NCE: 1.574 
(epoch: 16, iters: 8640, time: 0.065, data: 0.002) G_GAN: 0.507 D_real: 0.166 D_fake: 0.182 G: 1.901 NCE: 1.394 
(epoch: 16, iters: 8940, time: 0.065, data: 0.002) G_GAN: 0.321 D_real: 0.379 D_fake: 0.107 G: 1.890 NCE: 1.569 
(epoch: 16, iters: 9240, time: 0.065, data: 0.002) G_GAN: 0.389 D_real: 0.264 D_fake: 0.238 G: 1.962 NCE: 1.573 
saving the latest model (epoch 16, total_iters 150000)
cut_to_monet
End of epoch 16 / 20 	 Time Taken: 612 sec
learning rate = 0.0002000
(epoch: 17, iters: 156, time: 0.065, data: 0.002) G_GAN: 0.560 D_real: 0.120 D_fake: 0.303 G: 2.328 NCE: 1.767 
(epoch: 17, iters: 456, time: 0.065, data: 0.002) G_GAN: 0.394 D_real: 0.259 D_fake: 0.191 G: 1.961 NCE: 1.567 
(epoch: 17, iters: 756, time: 0.065, data: 0.002) G_GAN: 0.368 D_real: 0.187 D_fake: 0.218 G: 1.773 NCE: 1.405 
(epoch: 17, iters: 1056, time: 0.064, data: 0.001) G_GAN: 0.340 D_real: 0.278 D_fake: 0.201 G: 1.949 NCE: 1.609 
(epoch: 17, iters: 1356, time: 0.064, data: 0.004) G_GAN: 0.420 D_real: 0.145 D_fake: 0.355 G: 2.014 NCE: 1.595 
(epoch: 17, iters: 1656, time: 0.064, data: 0.002) G_GAN: 0.429 D_real: 0.217 D_fake: 0.211 G: 2.067 NCE: 1.638 
(epoch: 17, iters: 1956, time: 0.063, data: 0.004) G_GAN: 0.430 D_real: 0.194 D_fake: 0.247 G: 1.897 NCE: 1.467 
(epoch: 17, iters: 2256, time: 0.063, data: 0.002) G_GAN: 0.318 D_real: 0.254 D_fake: 0.203 G: 1.875 NCE: 1.557 
(epoch: 17, iters: 2556, time: 0.063, data: 0.004) G_GAN: 0.554 D_real: 0.088 D_fake: 0.337 G: 2.218 NCE: 1.665 
(epoch: 17, iters: 2856, time: 0.063, data: 0.002) G_GAN: 0.417 D_real: 0.176 D_fake: 0.275 G: 1.932 NCE: 1.516 
(epoch: 17, iters: 3156, time: 0.063, data: 0.002) G_GAN: 0.344 D_real: 0.326 D_fake: 0.172 G: 1.868 NCE: 1.525 
(epoch: 17, iters: 3456, time: 0.063, data: 0.001) G_GAN: 0.470 D_real: 0.197 D_fake: 0.183 G: 1.849 NCE: 1.379 
(epoch: 17, iters: 3756, time: 0.063, data: 0.002) G_GAN: 0.402 D_real: 0.207 D_fake: 0.199 G: 1.926 NCE: 1.524 
(epoch: 17, iters: 4056, time: 0.063, data: 0.002) G_GAN: 0.514 D_real: 0.162 D_fake: 0.283 G: 2.444 NCE: 1.929 
(epoch: 17, iters: 4356, time: 0.063, data: 0.001) G_GAN: 0.371 D_real: 0.204 D_fake: 0.200 G: 1.972 NCE: 1.601 
(epoch: 17, iters: 4656, time: 0.063, data: 0.003) G_GAN: 0.566 D_real: 0.120 D_fake: 0.140 G: 2.157 NCE: 1.591 
(epoch: 17, iters: 4956, time: 0.063, data: 0.003) G_GAN: 0.305 D_real: 0.317 D_fake: 0.125 G: 1.730 NCE: 1.424 
(epoch: 17, iters: 5256, time: 0.063, data: 0.002) G_GAN: 0.460 D_real: 0.235 D_fake: 0.121 G: 1.958 NCE: 1.498 
(epoch: 17, iters: 5556, time: 0.063, data: 0.002) G_GAN: 0.285 D_real: 0.328 D_fake: 0.194 G: 1.914 NCE: 1.628 
(epoch: 17, iters: 5856, time: 0.063, data: 0.002) G_GAN: 0.434 D_real: 0.212 D_fake: 0.263 G: 2.080 NCE: 1.645 
(epoch: 17, iters: 6156, time: 0.063, data: 0.002) G_GAN: 0.469 D_real: 0.208 D_fake: 0.159 G: 2.335 NCE: 1.866 
(epoch: 17, iters: 6456, time: 0.063, data: 0.004) G_GAN: 0.384 D_real: 0.183 D_fake: 0.195 G: 2.038 NCE: 1.654 
(epoch: 17, iters: 6756, time: 0.063, data: 0.001) G_GAN: 0.401 D_real: 0.368 D_fake: 0.204 G: 1.823 NCE: 1.422 
(epoch: 17, iters: 7056, time: 0.063, data: 0.002) G_GAN: 0.569 D_real: 0.135 D_fake: 0.184 G: 2.386 NCE: 1.817 
(epoch: 17, iters: 7356, time: 0.063, data: 0.005) G_GAN: 0.401 D_real: 0.204 D_fake: 0.223 G: 1.770 NCE: 1.370 
(epoch: 17, iters: 7656, time: 0.063, data: 0.003) G_GAN: 0.386 D_real: 0.256 D_fake: 0.225 G: 2.131 NCE: 1.745 
(epoch: 17, iters: 7956, time: 0.063, data: 0.002) G_GAN: 0.393 D_real: 0.220 D_fake: 0.253 G: 1.955 NCE: 1.562 
(epoch: 17, iters: 8256, time: 0.063, data: 0.002) G_GAN: 0.436 D_real: 0.132 D_fake: 0.359 G: 1.895 NCE: 1.459 
(epoch: 17, iters: 8556, time: 0.063, data: 0.003) G_GAN: 0.528 D_real: 0.225 D_fake: 0.228 G: 2.314 NCE: 1.785 
(epoch: 17, iters: 8856, time: 0.063, data: 0.003) G_GAN: 0.443 D_real: 0.196 D_fake: 0.325 G: 1.899 NCE: 1.456 
(epoch: 17, iters: 9156, time: 0.063, data: 0.001) G_GAN: 0.382 D_real: 0.174 D_fake: 0.281 G: 1.888 NCE: 1.506 
End of epoch 17 / 20 	 Time Taken: 604 sec
learning rate = 0.0002000
(epoch: 18, iters: 72, time: 0.063, data: 0.003) G_GAN: 0.596 D_real: 0.084 D_fake: 0.253 G: 2.169 NCE: 1.573 
(epoch: 18, iters: 372, time: 0.063, data: 0.001) G_GAN: 0.423 D_real: 0.210 D_fake: 0.145 G: 2.061 NCE: 1.638 
(epoch: 18, iters: 672, time: 0.063, data: 0.002) G_GAN: 0.392 D_real: 0.146 D_fake: 0.300 G: 2.165 NCE: 1.772 
(epoch: 18, iters: 972, time: 0.063, data: 0.002) G_GAN: 0.244 D_real: 0.453 D_fake: 0.159 G: 2.000 NCE: 1.756 
(epoch: 18, iters: 1272, time: 0.063, data: 0.002) G_GAN: 0.369 D_real: 0.347 D_fake: 0.154 G: 1.940 NCE: 1.571 
(epoch: 18, iters: 1572, time: 0.063, data: 0.004) G_GAN: 0.479 D_real: 0.195 D_fake: 0.166 G: 2.203 NCE: 1.723 
(epoch: 18, iters: 1872, time: 0.063, data: 0.003) G_GAN: 0.455 D_real: 0.244 D_fake: 0.229 G: 2.186 NCE: 1.731 
(epoch: 18, iters: 2172, time: 0.063, data: 0.002) G_GAN: 0.319 D_real: 0.247 D_fake: 0.270 G: 1.875 NCE: 1.556 
(epoch: 18, iters: 2472, time: 0.063, data: 0.002) G_GAN: 0.411 D_real: 0.242 D_fake: 0.151 G: 1.993 NCE: 1.582 
(epoch: 18, iters: 2772, time: 0.063, data: 0.002) G_GAN: 0.420 D_real: 0.227 D_fake: 0.174 G: 2.035 NCE: 1.615 
(epoch: 18, iters: 3072, time: 0.063, data: 0.002) G_GAN: 0.372 D_real: 0.231 D_fake: 0.227 G: 1.953 NCE: 1.581 
(epoch: 18, iters: 3372, time: 0.063, data: 0.004) G_GAN: 0.546 D_real: 0.183 D_fake: 0.207 G: 2.189 NCE: 1.643 
(epoch: 18, iters: 3672, time: 0.063, data: 0.002) G_GAN: 0.351 D_real: 0.279 D_fake: 0.138 G: 1.865 NCE: 1.513 
(epoch: 18, iters: 3972, time: 0.063, data: 0.002) G_GAN: 0.443 D_real: 0.149 D_fake: 0.271 G: 1.980 NCE: 1.537 
(epoch: 18, iters: 4272, time: 0.063, data: 0.002) G_GAN: 0.294 D_real: 0.273 D_fake: 0.158 G: 1.879 NCE: 1.584 
(epoch: 18, iters: 4572, time: 0.063, data: 0.003) G_GAN: 0.496 D_real: 0.131 D_fake: 0.303 G: 2.044 NCE: 1.548 
(epoch: 18, iters: 4872, time: 0.065, data: 0.002) G_GAN: 0.557 D_real: 0.171 D_fake: 0.151 G: 2.109 NCE: 1.553 
(epoch: 18, iters: 5172, time: 0.065, data: 0.005) G_GAN: 0.527 D_real: 0.126 D_fake: 0.295 G: 2.091 NCE: 1.563 
(epoch: 18, iters: 5472, time: 0.065, data: 0.002) G_GAN: 0.318 D_real: 0.370 D_fake: 0.211 G: 1.940 NCE: 1.622 
saving the latest model (epoch 18, total_iters 165000)
cut_to_monet
(epoch: 18, iters: 5772, time: 0.066, data: 0.001) G_GAN: 0.521 D_real: 0.216 D_fake: 0.217 G: 2.071 NCE: 1.549 
(epoch: 18, iters: 6072, time: 0.066, data: 0.002) G_GAN: 0.389 D_real: 0.254 D_fake: 0.146 G: 1.969 NCE: 1.580 
(epoch: 18, iters: 6372, time: 0.065, data: 0.002) G_GAN: 0.408 D_real: 0.131 D_fake: 0.230 G: 1.886 NCE: 1.478 
(epoch: 18, iters: 6672, time: 0.065, data: 0.002) G_GAN: 0.509 D_real: 0.119 D_fake: 0.280 G: 2.096 NCE: 1.587 
(epoch: 18, iters: 6972, time: 0.064, data: 0.001) G_GAN: 0.378 D_real: 0.269 D_fake: 0.125 G: 1.900 NCE: 1.522 
(epoch: 18, iters: 7272, time: 0.064, data: 0.001) G_GAN: 0.338 D_real: 0.255 D_fake: 0.192 G: 2.023 NCE: 1.685 
(epoch: 18, iters: 7572, time: 0.064, data: 0.002) G_GAN: 0.364 D_real: 0.319 D_fake: 0.129 G: 1.832 NCE: 1.467 
(epoch: 18, iters: 7872, time: 0.063, data: 0.004) G_GAN: 0.380 D_real: 0.228 D_fake: 0.332 G: 1.967 NCE: 1.587 
(epoch: 18, iters: 8172, time: 0.063, data: 0.002) G_GAN: 0.472 D_real: 0.141 D_fake: 0.163 G: 1.939 NCE: 1.467 
(epoch: 18, iters: 8472, time: 0.063, data: 0.002) G_GAN: 0.418 D_real: 0.301 D_fake: 0.214 G: 2.055 NCE: 1.637 
(epoch: 18, iters: 8772, time: 0.063, data: 0.001) G_GAN: 0.515 D_real: 0.126 D_fake: 0.244 G: 2.169 NCE: 1.654 
(epoch: 18, iters: 9072, time: 0.063, data: 0.002) G_GAN: 0.427 D_real: 0.125 D_fake: 0.332 G: 1.890 NCE: 1.463 
(epoch: 18, iters: 9372, time: 0.063, data: 0.002) G_GAN: 0.427 D_real: 0.154 D_fake: 0.212 G: 1.904 NCE: 1.477 
End of epoch 18 / 20 	 Time Taken: 610 sec
learning rate = 0.0002000
(epoch: 19, iters: 288, time: 0.063, data: 0.003) G_GAN: 0.421 D_real: 0.195 D_fake: 0.216 G: 2.077 NCE: 1.657 
(epoch: 19, iters: 588, time: 0.063, data: 0.002) G_GAN: 0.426 D_real: 0.126 D_fake: 0.346 G: 1.964 NCE: 1.538 
(epoch: 19, iters: 888, time: 0.063, data: 0.002) G_GAN: 0.435 D_real: 0.174 D_fake: 0.272 G: 2.509 NCE: 2.074 
(epoch: 19, iters: 1188, time: 0.063, data: 0.001) G_GAN: 0.364 D_real: 0.216 D_fake: 0.235 G: 2.108 NCE: 1.744 
(epoch: 19, iters: 1488, time: 0.063, data: 0.002) G_GAN: 0.338 D_real: 0.274 D_fake: 0.251 G: 1.934 NCE: 1.596 
(epoch: 19, iters: 1788, time: 0.063, data: 0.002) G_GAN: 0.416 D_real: 0.164 D_fake: 0.241 G: 2.514 NCE: 2.098 
(epoch: 19, iters: 2088, time: 0.063, data: 0.003) G_GAN: 0.453 D_real: 0.209 D_fake: 0.168 G: 1.915 NCE: 1.461 
(epoch: 19, iters: 2388, time: 0.063, data: 0.004) G_GAN: 0.441 D_real: 0.315 D_fake: 0.144 G: 2.155 NCE: 1.714 
(epoch: 19, iters: 2688, time: 0.063, data: 0.001) G_GAN: 0.346 D_real: 0.299 D_fake: 0.159 G: 1.789 NCE: 1.444 
(epoch: 19, iters: 2988, time: 0.063, data: 0.003) G_GAN: 0.461 D_real: 0.146 D_fake: 0.365 G: 2.105 NCE: 1.644 
(epoch: 19, iters: 3288, time: 0.063, data: 0.002) G_GAN: 0.399 D_real: 0.193 D_fake: 0.226 G: 1.887 NCE: 1.488 
(epoch: 19, iters: 3588, time: 0.063, data: 0.002) G_GAN: 0.268 D_real: 0.305 D_fake: 0.244 G: 1.857 NCE: 1.589 
(epoch: 19, iters: 3888, time: 0.063, data: 0.002) G_GAN: 0.536 D_real: 0.107 D_fake: 0.210 G: 2.107 NCE: 1.571 
(epoch: 19, iters: 4188, time: 0.063, data: 0.002) G_GAN: 0.503 D_real: 0.166 D_fake: 0.218 G: 2.262 NCE: 1.759 
(epoch: 19, iters: 4488, time: 0.063, data: 0.001) G_GAN: 0.297 D_real: 0.288 D_fake: 0.169 G: 1.874 NCE: 1.577 
(epoch: 19, iters: 4788, time: 0.063, data: 0.001) G_GAN: 0.409 D_real: 0.222 D_fake: 0.237 G: 1.996 NCE: 1.587 
(epoch: 19, iters: 5088, time: 0.063, data: 0.002) G_GAN: 0.430 D_real: 0.298 D_fake: 0.090 G: 1.979 NCE: 1.549 
(epoch: 19, iters: 5388, time: 0.063, data: 0.002) G_GAN: 0.366 D_real: 0.247 D_fake: 0.112 G: 1.973 NCE: 1.607 
(epoch: 19, iters: 5688, time: 0.063, data: 0.001) G_GAN: 0.500 D_real: 0.196 D_fake: 0.149 G: 1.916 NCE: 1.416 
(epoch: 19, iters: 5988, time: 0.063, data: 0.001) G_GAN: 0.480 D_real: 0.162 D_fake: 0.256 G: 2.090 NCE: 1.611 
(epoch: 19, iters: 6288, time: 0.063, data: 0.002) G_GAN: 0.472 D_real: 0.211 D_fake: 0.173 G: 1.945 NCE: 1.473 
(epoch: 19, iters: 6588, time: 0.062, data: 0.004) G_GAN: 0.422 D_real: 0.275 D_fake: 0.104 G: 1.898 NCE: 1.476 
(epoch: 19, iters: 6888, time: 0.062, data: 0.001) G_GAN: 0.538 D_real: 0.119 D_fake: 0.211 G: 2.242 NCE: 1.704 
(epoch: 19, iters: 7188, time: 0.062, data: 0.001) G_GAN: 0.506 D_real: 0.189 D_fake: 0.156 G: 2.209 NCE: 1.703 
(epoch: 19, iters: 7488, time: 0.062, data: 0.001) G_GAN: 0.534 D_real: 0.117 D_fake: 0.177 G: 2.096 NCE: 1.563 
(epoch: 19, iters: 7788, time: 0.062, data: 0.002) G_GAN: 0.387 D_real: 0.289 D_fake: 0.141 G: 1.978 NCE: 1.591 
(epoch: 19, iters: 8088, time: 0.062, data: 0.002) G_GAN: 0.494 D_real: 0.160 D_fake: 0.161 G: 2.244 NCE: 1.750 
(epoch: 19, iters: 8388, time: 0.062, data: 0.002) G_GAN: 0.434 D_real: 0.214 D_fake: 0.166 G: 2.028 NCE: 1.594 
(epoch: 19, iters: 8688, time: 0.062, data: 0.002) G_GAN: 0.405 D_real: 0.246 D_fake: 0.239 G: 1.914 NCE: 1.510 
(epoch: 19, iters: 8988, time: 0.062, data: 0.001) G_GAN: 0.426 D_real: 0.225 D_fake: 0.169 G: 1.944 NCE: 1.519 
(epoch: 19, iters: 9288, time: 0.062, data: 0.002) G_GAN: 0.484 D_real: 0.180 D_fake: 0.175 G: 1.972 NCE: 1.488 
End of epoch 19 / 20 	 Time Taken: 600 sec
learning rate = 0.0002000
(epoch: 20, iters: 204, time: 0.062, data: 0.001) G_GAN: 0.406 D_real: 0.211 D_fake: 0.251 G: 2.123 NCE: 1.716 
(epoch: 20, iters: 504, time: 0.066, data: 0.001) G_GAN: 0.453 D_real: 0.251 D_fake: 0.141 G: 1.953 NCE: 1.499 
(epoch: 20, iters: 804, time: 0.072, data: 0.002) G_GAN: 0.434 D_real: 0.241 D_fake: 0.189 G: 2.139 NCE: 1.705 
(epoch: 20, iters: 1104, time: 0.077, data: 0.001) G_GAN: 0.349 D_real: 0.235 D_fake: 0.263 G: 2.159 NCE: 1.810 
(epoch: 20, iters: 1404, time: 0.081, data: 0.002) G_GAN: 0.372 D_real: 0.247 D_fake: 0.193 G: 1.944 NCE: 1.572 
(epoch: 20, iters: 1704, time: 0.083, data: 0.002) G_GAN: 0.335 D_real: 0.373 D_fake: 0.215 G: 1.814 NCE: 1.479 
saving the latest model (epoch 20, total_iters 180000)
cut_to_monet
(epoch: 20, iters: 2004, time: 0.086, data: 0.002) G_GAN: 0.482 D_real: 0.157 D_fake: 0.258 G: 2.041 NCE: 1.559 
(epoch: 20, iters: 2304, time: 0.087, data: 0.001) G_GAN: 0.378 D_real: 0.228 D_fake: 0.227 G: 2.051 NCE: 1.673 
(epoch: 20, iters: 2604, time: 0.089, data: 0.002) G_GAN: 0.501 D_real: 0.220 D_fake: 0.140 G: 2.089 NCE: 1.588 
(epoch: 20, iters: 2904, time: 0.090, data: 0.001) G_GAN: 0.389 D_real: 0.205 D_fake: 0.260 G: 2.101 NCE: 1.712 
(epoch: 20, iters: 3204, time: 0.090, data: 0.002) G_GAN: 0.363 D_real: 0.194 D_fake: 0.287 G: 1.919 NCE: 1.557 
(epoch: 20, iters: 3504, time: 0.091, data: 0.003) G_GAN: 0.440 D_real: 0.253 D_fake: 0.296 G: 2.080 NCE: 1.640 
(epoch: 20, iters: 3804, time: 0.092, data: 0.002) G_GAN: 0.540 D_real: 0.129 D_fake: 0.230 G: 2.221 NCE: 1.681 
(epoch: 20, iters: 4104, time: 0.092, data: 0.001) G_GAN: 0.528 D_real: 0.196 D_fake: 0.165 G: 2.293 NCE: 1.765 
(epoch: 20, iters: 4404, time: 0.092, data: 0.001) G_GAN: 0.332 D_real: 0.387 D_fake: 0.108 G: 1.930 NCE: 1.598 
(epoch: 20, iters: 4704, time: 0.092, data: 0.002) G_GAN: 0.529 D_real: 0.215 D_fake: 0.251 G: 2.144 NCE: 1.615 
(epoch: 20, iters: 5004, time: 0.093, data: 0.002) G_GAN: 0.473 D_real: 0.174 D_fake: 0.262 G: 2.024 NCE: 1.551 
(epoch: 20, iters: 5304, time: 0.093, data: 0.002) G_GAN: 0.515 D_real: 0.145 D_fake: 0.195 G: 2.027 NCE: 1.511 
(epoch: 20, iters: 5604, time: 0.093, data: 0.002) G_GAN: 0.449 D_real: 0.171 D_fake: 0.179 G: 2.016 NCE: 1.566 
(epoch: 20, iters: 5904, time: 0.093, data: 0.002) G_GAN: 0.444 D_real: 0.156 D_fake: 0.242 G: 2.006 NCE: 1.563 
(epoch: 20, iters: 6204, time: 0.093, data: 0.002) G_GAN: 0.393 D_real: 0.313 D_fake: 0.142 G: 2.000 NCE: 1.606 
(epoch: 20, iters: 6504, time: 0.093, data: 0.001) G_GAN: 0.434 D_real: 0.309 D_fake: 0.155 G: 1.872 NCE: 1.438 
(epoch: 20, iters: 6804, time: 0.093, data: 0.001) G_GAN: 0.442 D_real: 0.244 D_fake: 0.170 G: 2.177 NCE: 1.734 
(epoch: 20, iters: 7104, time: 0.093, data: 0.002) G_GAN: 0.549 D_real: 0.146 D_fake: 0.203 G: 2.121 NCE: 1.572 
(epoch: 20, iters: 7404, time: 0.093, data: 0.001) G_GAN: 0.445 D_real: 0.281 D_fake: 0.111 G: 2.049 NCE: 1.605 
(epoch: 20, iters: 7704, time: 0.093, data: 0.002) G_GAN: 0.419 D_real: 0.223 D_fake: 0.185 G: 1.926 NCE: 1.507 
(epoch: 20, iters: 8004, time: 0.093, data: 0.002) G_GAN: 0.269 D_real: 0.339 D_fake: 0.141 G: 1.863 NCE: 1.593 
(epoch: 20, iters: 8304, time: 0.093, data: 0.002) G_GAN: 0.434 D_real: 0.195 D_fake: 0.137 G: 2.050 NCE: 1.616 
(epoch: 20, iters: 8604, time: 0.093, data: 0.002) G_GAN: 0.527 D_real: 0.174 D_fake: 0.156 G: 2.069 NCE: 1.542 
(epoch: 20, iters: 8904, time: 0.093, data: 0.001) G_GAN: 0.381 D_real: 0.276 D_fake: 0.123 G: 1.878 NCE: 1.497 
(epoch: 20, iters: 9204, time: 0.093, data: 0.002) G_GAN: 0.435 D_real: 0.173 D_fake: 0.234 G: 2.143 NCE: 1.708 
saving the model at the end of epoch 20, iters 187680
End of epoch 20 / 20 	 Time Taken: 877 sec
learning rate = 0.0000000
