G:\GitHub\Latent_Style\Related_Works\external\CUT\models\networks.py:569: UserWarning: To copy construct from a tensor, it is recommended to use sourceTensor.detach().clone() or sourceTensor.detach().clone().requires_grad_(True), rather than torch.tensor(sourceTensor).
  patch_id = torch.tensor(patch_id, dtype=torch.long, device=feat.device)
G:\GitHub\Latent_Style\Related_Works\external\CUT\models\base_model.py:161: UserWarning: Converting a tensor with requires_grad=True to a scalar may lead to unexpected behavior.
Consider using tensor.detach() first. (Triggered internally at C:\actions-runner\_work\pytorch\pytorch\pytorch\torch\csrc\autograd\generated\python_variable_methods.cpp:837.)
  errors_ret[name] = float(getattr(self, 'loss_' + name))  # float(...) works for both scalar tensor and float number
----------------- Options ---------------
                 CUT_mode: CUT                           
               batch_size: 6                             	[default: 1]
                    beta1: 0.5                           
                    beta2: 0.999                         
          checkpoints_dir: G:\GitHub\Latent_Style\Related_Works\runs\cut_5x5\checkpoints	[default: ./checkpoints]
           continue_train: False                         
                crop_size: 256                           
                 dataroot: G:\GitHub\Latent_Style\Related_Works\runs\cut_5x5\datasets\to_vangogh	[default: placeholder]
             dataset_mode: unaligned                     
                direction: AtoB                          
              display_env: main                          
             display_freq: 400                           
               display_id: -1                            	[default: None]
            display_ncols: 4                             
             display_port: 8097                          
           display_server: http://localhost              
          display_winsize: 256                           
               easy_label: experiment_name               
                    epoch: latest                        
              epoch_count: 1                             
          evaluation_freq: 5000                          
        flip_equivariance: False                         
                 gan_mode: lsgan                         
                  gpu_ids: 0                             
                init_gain: 0.02                          
                init_type: xavier                        
                 input_nc: 3                             
                  isTrain: True                          	[default: None]
               lambda_GAN: 1.0                           
               lambda_NCE: 1.0                           
                load_size: 256                           	[default: 286]
                       lr: 0.0002                        
           lr_decay_iters: 50                            
                lr_policy: linear                        
         max_dataset_size: inf                           
                    model: cut                           
                 n_epochs: 20                            	[default: 200]
           n_epochs_decay: 0                             	[default: 200]
               n_layers_D: 3                             
                     name: cut_to_vangogh                	[default: experiment_name]
                    nce_T: 0.07                          
                  nce_idt: False                         	[default: True]
nce_includes_all_negatives_from_minibatch: False                         
               nce_layers: 0,4,8                         	[default: 0,4,8,12,16]
                      ndf: 48                            	[default: 64]
                     netD: basic                         
                     netF: mlp_sample                    
                  netF_nc: 256                           
                     netG: resnet_6blocks                	[default: resnet_9blocks]
                      ngf: 48                            	[default: 64]
             no_antialias: False                         
          no_antialias_up: False                         
               no_dropout: True                          
                  no_flip: False                         
                  no_html: False                         
                    normD: instance                      
                    normG: instance                      
              num_patches: 160                           	[default: 256]
              num_threads: 4                             
                output_nc: 3                             
                    phase: train                         
                pool_size: 0                             
               preprocess: resize_and_crop               
          pretrained_name: None                          
               print_freq: 100                           
         random_scale_max: 3.0                           
             save_by_iter: False                         
          save_epoch_freq: 10                            	[default: 5]
         save_latest_freq: 5000                          
           serial_batches: False                         
stylegan2_G_num_downsampling: 1                             
                   suffix:                               
         update_html_freq: 1000                          
                  verbose: False                         
----------------- End -------------------
dataset [UnalignedDataset] was created
model [CUTModel] was created
The number of training images = 9761
create web directory G:\GitHub\Latent_Style\Related_Works\runs\cut_5x5\checkpoints\cut_to_vangogh\web...
---------- Networks initialized -------------
[Network G] Total number of parameters : 4.413 M
[Network F] Total number of parameters : 0.273 M
[Network D] Total number of parameters : 1.557 M
-----------------------------------------------
(epoch: 1, iters: 300, time: 0.096, data: 8.485) G_GAN: 0.272 D_real: 0.271 D_fake: 0.235 G: 4.477 NCE: 4.205 
(epoch: 1, iters: 600, time: 0.088, data: 0.002) G_GAN: 0.282 D_real: 0.238 D_fake: 0.236 G: 4.329 NCE: 4.048 
(epoch: 1, iters: 900, time: 0.083, data: 0.002) G_GAN: 0.278 D_real: 0.258 D_fake: 0.240 G: 3.827 NCE: 3.549 
(epoch: 1, iters: 1200, time: 0.078, data: 0.001) G_GAN: 0.251 D_real: 0.284 D_fake: 0.237 G: 3.451 NCE: 3.200 
(epoch: 1, iters: 1500, time: 0.075, data: 0.001) G_GAN: 0.288 D_real: 0.237 D_fake: 0.231 G: 3.394 NCE: 3.107 
(epoch: 1, iters: 1800, time: 0.072, data: 0.002) G_GAN: 0.255 D_real: 0.246 D_fake: 0.217 G: 2.736 NCE: 2.481 
(epoch: 1, iters: 2100, time: 0.070, data: 0.001) G_GAN: 0.269 D_real: 0.246 D_fake: 0.218 G: 3.251 NCE: 2.982 
(epoch: 1, iters: 2400, time: 0.069, data: 0.003) G_GAN: 0.297 D_real: 0.213 D_fake: 0.298 G: 3.340 NCE: 3.042 
(epoch: 1, iters: 2700, time: 0.068, data: 0.002) G_GAN: 0.165 D_real: 0.572 D_fake: 0.129 G: 2.587 NCE: 2.422 
(epoch: 1, iters: 3000, time: 0.067, data: 0.002) G_GAN: 0.269 D_real: 0.207 D_fake: 0.257 G: 2.678 NCE: 2.409 
(epoch: 1, iters: 3300, time: 0.066, data: 0.002) G_GAN: 0.269 D_real: 0.285 D_fake: 0.248 G: 2.577 NCE: 2.308 
(epoch: 1, iters: 3600, time: 0.065, data: 0.003) G_GAN: 0.294 D_real: 0.222 D_fake: 0.241 G: 2.523 NCE: 2.229 
(epoch: 1, iters: 3900, time: 0.064, data: 0.002) G_GAN: 0.323 D_real: 0.256 D_fake: 0.189 G: 2.463 NCE: 2.140 
(epoch: 1, iters: 4200, time: 0.064, data: 0.003) G_GAN: 0.311 D_real: 0.311 D_fake: 0.195 G: 2.699 NCE: 2.388 
(epoch: 1, iters: 4500, time: 0.064, data: 0.001) G_GAN: 0.298 D_real: 0.258 D_fake: 0.250 G: 2.654 NCE: 2.356 
(epoch: 1, iters: 4800, time: 0.064, data: 0.001) G_GAN: 0.293 D_real: 0.228 D_fake: 0.203 G: 2.492 NCE: 2.198 
(epoch: 1, iters: 5100, time: 0.063, data: 0.001) G_GAN: 0.310 D_real: 0.170 D_fake: 0.321 G: 2.434 NCE: 2.124 
(epoch: 1, iters: 5400, time: 0.063, data: 0.002) G_GAN: 0.401 D_real: 0.203 D_fake: 0.225 G: 2.517 NCE: 2.117 
(epoch: 1, iters: 5700, time: 0.063, data: 0.001) G_GAN: 0.308 D_real: 0.333 D_fake: 0.159 G: 2.521 NCE: 2.213 
(epoch: 1, iters: 6000, time: 0.063, data: 0.002) G_GAN: 0.257 D_real: 0.282 D_fake: 0.138 G: 2.647 NCE: 2.390 
(epoch: 1, iters: 6300, time: 0.063, data: 0.002) G_GAN: 0.311 D_real: 0.222 D_fake: 0.195 G: 2.210 NCE: 1.899 
(epoch: 1, iters: 6600, time: 0.063, data: 0.002) G_GAN: 0.517 D_real: 0.459 D_fake: 0.217 G: 2.674 NCE: 2.156 
(epoch: 1, iters: 6900, time: 0.063, data: 0.002) G_GAN: 0.394 D_real: 0.230 D_fake: 0.198 G: 2.505 NCE: 2.111 
(epoch: 1, iters: 7200, time: 0.063, data: 0.001) G_GAN: 0.381 D_real: 0.349 D_fake: 0.124 G: 2.409 NCE: 2.028 
(epoch: 1, iters: 7500, time: 0.063, data: 0.002) G_GAN: 0.366 D_real: 0.183 D_fake: 0.244 G: 2.503 NCE: 2.137 
(epoch: 1, iters: 7800, time: 0.063, data: 0.001) G_GAN: 0.405 D_real: 0.118 D_fake: 0.239 G: 2.336 NCE: 1.931 
(epoch: 1, iters: 8100, time: 0.063, data: 0.002) G_GAN: 0.291 D_real: 0.250 D_fake: 0.158 G: 2.128 NCE: 1.837 
(epoch: 1, iters: 8400, time: 0.063, data: 0.002) G_GAN: 0.423 D_real: 0.196 D_fake: 0.258 G: 2.350 NCE: 1.927 
(epoch: 1, iters: 8700, time: 0.063, data: 0.001) G_GAN: 0.408 D_real: 0.224 D_fake: 0.254 G: 2.342 NCE: 1.934 
(epoch: 1, iters: 9000, time: 0.063, data: 0.002) G_GAN: 0.436 D_real: 0.145 D_fake: 0.304 G: 2.715 NCE: 2.279 
(epoch: 1, iters: 9300, time: 0.063, data: 0.001) G_GAN: 0.570 D_real: 0.199 D_fake: 0.120 G: 2.344 NCE: 1.775 
(epoch: 1, iters: 9600, time: 0.063, data: 0.002) G_GAN: 0.395 D_real: 0.182 D_fake: 0.209 G: 2.290 NCE: 1.895 
End of epoch 1 / 20 	 Time Taken: 632 sec
learning rate = 0.0002000
(epoch: 2, iters: 144, time: 0.063, data: 0.001) G_GAN: 0.405 D_real: 0.227 D_fake: 0.240 G: 2.179 NCE: 1.774 
(epoch: 2, iters: 444, time: 0.063, data: 0.002) G_GAN: 0.339 D_real: 0.259 D_fake: 0.212 G: 2.276 NCE: 1.937 
(epoch: 2, iters: 744, time: 0.063, data: 0.002) G_GAN: 0.301 D_real: 0.358 D_fake: 0.107 G: 2.420 NCE: 2.118 
(epoch: 2, iters: 1044, time: 0.063, data: 0.002) G_GAN: 0.399 D_real: 0.333 D_fake: 0.098 G: 2.406 NCE: 2.006 
(epoch: 2, iters: 1344, time: 0.063, data: 0.002) G_GAN: 0.452 D_real: 0.299 D_fake: 0.218 G: 2.340 NCE: 1.888 
(epoch: 2, iters: 1644, time: 0.063, data: 0.002) G_GAN: 0.377 D_real: 0.202 D_fake: 0.270 G: 2.381 NCE: 2.005 
(epoch: 2, iters: 1944, time: 0.063, data: 0.002) G_GAN: 0.324 D_real: 0.187 D_fake: 0.244 G: 2.226 NCE: 1.902 
(epoch: 2, iters: 2244, time: 0.063, data: 0.001) G_GAN: 0.421 D_real: 0.134 D_fake: 0.227 G: 2.414 NCE: 1.993 
(epoch: 2, iters: 2544, time: 0.063, data: 0.002) G_GAN: 0.368 D_real: 0.222 D_fake: 0.158 G: 2.107 NCE: 1.739 
(epoch: 2, iters: 2844, time: 0.063, data: 0.001) G_GAN: 0.334 D_real: 0.263 D_fake: 0.238 G: 2.394 NCE: 2.060 
(epoch: 2, iters: 3144, time: 0.063, data: 0.001) G_GAN: 0.451 D_real: 0.187 D_fake: 0.198 G: 2.407 NCE: 1.956 
(epoch: 2, iters: 3444, time: 0.063, data: 0.002) G_GAN: 0.501 D_real: 0.123 D_fake: 0.430 G: 2.375 NCE: 1.874 
(epoch: 2, iters: 3744, time: 0.063, data: 0.002) G_GAN: 0.325 D_real: 0.190 D_fake: 0.196 G: 2.215 NCE: 1.890 
(epoch: 2, iters: 4044, time: 0.063, data: 0.002) G_GAN: 0.484 D_real: 0.196 D_fake: 0.222 G: 2.461 NCE: 1.977 
(epoch: 2, iters: 4344, time: 0.063, data: 0.002) G_GAN: 0.497 D_real: 0.123 D_fake: 0.303 G: 2.365 NCE: 1.869 
(epoch: 2, iters: 4644, time: 0.063, data: 0.002) G_GAN: 0.301 D_real: 0.228 D_fake: 0.216 G: 2.048 NCE: 1.748 
(epoch: 2, iters: 4944, time: 0.064, data: 0.002) G_GAN: 0.395 D_real: 0.198 D_fake: 0.243 G: 2.187 NCE: 1.792 
(epoch: 2, iters: 5244, time: 0.064, data: 0.002) G_GAN: 0.318 D_real: 0.291 D_fake: 0.191 G: 2.074 NCE: 1.756 
saving the latest model (epoch 2, total_iters 15000)
cut_to_vangogh
(epoch: 2, iters: 5544, time: 0.063, data: 0.002) G_GAN: 0.412 D_real: 0.244 D_fake: 0.256 G: 2.371 NCE: 1.958 
(epoch: 2, iters: 5844, time: 0.063, data: 0.002) G_GAN: 0.471 D_real: 0.347 D_fake: 0.229 G: 2.311 NCE: 1.840 
(epoch: 2, iters: 6144, time: 0.063, data: 0.001) G_GAN: 0.391 D_real: 0.203 D_fake: 0.231 G: 2.259 NCE: 1.869 
(epoch: 2, iters: 6444, time: 0.063, data: 0.002) G_GAN: 0.382 D_real: 0.224 D_fake: 0.185 G: 2.082 NCE: 1.700 
(epoch: 2, iters: 6744, time: 0.063, data: 0.002) G_GAN: 0.298 D_real: 0.331 D_fake: 0.158 G: 2.048 NCE: 1.750 
(epoch: 2, iters: 7044, time: 0.063, data: 0.002) G_GAN: 0.346 D_real: 0.251 D_fake: 0.189 G: 2.009 NCE: 1.662 
(epoch: 2, iters: 7344, time: 0.063, data: 0.002) G_GAN: 0.542 D_real: 0.152 D_fake: 0.202 G: 2.266 NCE: 1.724 
(epoch: 2, iters: 7644, time: 0.063, data: 0.001) G_GAN: 0.365 D_real: 0.186 D_fake: 0.372 G: 2.131 NCE: 1.766 
(epoch: 2, iters: 7944, time: 0.063, data: 0.002) G_GAN: 0.446 D_real: 0.130 D_fake: 0.204 G: 2.212 NCE: 1.766 
(epoch: 2, iters: 8244, time: 0.063, data: 0.001) G_GAN: 0.687 D_real: 0.061 D_fake: 0.274 G: 2.457 NCE: 1.770 
(epoch: 2, iters: 8544, time: 0.063, data: 0.001) G_GAN: 0.508 D_real: 0.109 D_fake: 0.195 G: 2.444 NCE: 1.936 
(epoch: 2, iters: 8844, time: 0.063, data: 0.002) G_GAN: 0.335 D_real: 0.307 D_fake: 0.179 G: 2.386 NCE: 2.051 
(epoch: 2, iters: 9144, time: 0.064, data: 0.002) G_GAN: 0.344 D_real: 0.273 D_fake: 0.214 G: 2.135 NCE: 1.791 
(epoch: 2, iters: 9444, time: 0.064, data: 0.002) G_GAN: 0.453 D_real: 0.153 D_fake: 0.262 G: 2.180 NCE: 1.728 
(epoch: 2, iters: 9744, time: 0.064, data: 0.002) G_GAN: 0.451 D_real: 0.205 D_fake: 0.193 G: 2.521 NCE: 2.070 
End of epoch 2 / 20 	 Time Taken: 629 sec
learning rate = 0.0002000
(epoch: 3, iters: 288, time: 0.064, data: 0.001) G_GAN: 0.333 D_real: 0.221 D_fake: 0.256 G: 2.043 NCE: 1.710 
(epoch: 3, iters: 588, time: 0.064, data: 0.001) G_GAN: 0.399 D_real: 0.199 D_fake: 0.159 G: 2.108 NCE: 1.709 
(epoch: 3, iters: 888, time: 0.064, data: 0.002) G_GAN: 0.295 D_real: 0.323 D_fake: 0.175 G: 1.937 NCE: 1.641 
(epoch: 3, iters: 1188, time: 0.064, data: 0.002) G_GAN: 0.269 D_real: 0.362 D_fake: 0.205 G: 2.043 NCE: 1.773 
(epoch: 3, iters: 1488, time: 0.064, data: 0.002) G_GAN: 0.269 D_real: 0.201 D_fake: 0.343 G: 1.996 NCE: 1.727 
(epoch: 3, iters: 1788, time: 0.063, data: 0.002) G_GAN: 0.246 D_real: 0.297 D_fake: 0.233 G: 1.861 NCE: 1.615 
(epoch: 3, iters: 2088, time: 0.064, data: 0.002) G_GAN: 0.403 D_real: 0.269 D_fake: 0.114 G: 2.253 NCE: 1.850 
(epoch: 3, iters: 2388, time: 0.064, data: 0.002) G_GAN: 0.320 D_real: 0.224 D_fake: 0.191 G: 2.211 NCE: 1.891 
(epoch: 3, iters: 2688, time: 0.064, data: 0.001) G_GAN: 0.379 D_real: 0.259 D_fake: 0.247 G: 2.440 NCE: 2.061 
(epoch: 3, iters: 2988, time: 0.064, data: 0.001) G_GAN: 0.393 D_real: 0.143 D_fake: 0.318 G: 2.341 NCE: 1.947 
(epoch: 3, iters: 3288, time: 0.065, data: 0.002) G_GAN: 0.391 D_real: 0.245 D_fake: 0.138 G: 2.257 NCE: 1.866 
(epoch: 3, iters: 3588, time: 0.065, data: 0.002) G_GAN: 0.364 D_real: 0.212 D_fake: 0.184 G: 2.321 NCE: 1.958 
(epoch: 3, iters: 3888, time: 0.065, data: 0.001) G_GAN: 0.354 D_real: 0.361 D_fake: 0.211 G: 2.093 NCE: 1.739 
(epoch: 3, iters: 4188, time: 0.066, data: 0.002) G_GAN: 0.293 D_real: 0.275 D_fake: 0.196 G: 1.893 NCE: 1.600 
(epoch: 3, iters: 4488, time: 0.066, data: 0.002) G_GAN: 0.398 D_real: 0.174 D_fake: 0.287 G: 2.108 NCE: 1.711 
(epoch: 3, iters: 4788, time: 0.066, data: 0.001) G_GAN: 0.411 D_real: 0.209 D_fake: 0.247 G: 2.034 NCE: 1.622 
(epoch: 3, iters: 5088, time: 0.066, data: 0.001) G_GAN: 0.311 D_real: 0.308 D_fake: 0.176 G: 2.079 NCE: 1.768 
(epoch: 3, iters: 5388, time: 0.066, data: 0.002) G_GAN: 0.327 D_real: 0.236 D_fake: 0.227 G: 2.011 NCE: 1.684 
(epoch: 3, iters: 5688, time: 0.066, data: 0.001) G_GAN: 0.519 D_real: 0.160 D_fake: 0.183 G: 2.119 NCE: 1.601 
(epoch: 3, iters: 5988, time: 0.066, data: 0.002) G_GAN: 0.385 D_real: 0.183 D_fake: 0.298 G: 2.493 NCE: 2.108 
(epoch: 3, iters: 6288, time: 0.066, data: 0.002) G_GAN: 0.418 D_real: 0.262 D_fake: 0.308 G: 2.305 NCE: 1.887 
(epoch: 3, iters: 6588, time: 0.066, data: 0.002) G_GAN: 0.497 D_real: 0.187 D_fake: 0.259 G: 2.187 NCE: 1.691 
(epoch: 3, iters: 6888, time: 0.066, data: 0.001) G_GAN: 0.338 D_real: 0.150 D_fake: 0.423 G: 2.093 NCE: 1.755 
(epoch: 3, iters: 7188, time: 0.066, data: 0.001) G_GAN: 0.385 D_real: 0.191 D_fake: 0.194 G: 2.393 NCE: 2.008 
(epoch: 3, iters: 7488, time: 0.066, data: 0.002) G_GAN: 0.287 D_real: 0.364 D_fake: 0.208 G: 2.002 NCE: 1.714 
(epoch: 3, iters: 7788, time: 0.066, data: 0.002) G_GAN: 0.371 D_real: 0.315 D_fake: 0.187 G: 2.102 NCE: 1.730 
(epoch: 3, iters: 8088, time: 0.066, data: 0.002) G_GAN: 0.471 D_real: 0.142 D_fake: 0.318 G: 2.346 NCE: 1.875 
(epoch: 3, iters: 8388, time: 0.066, data: 0.002) G_GAN: 0.594 D_real: 0.113 D_fake: 0.319 G: 2.394 NCE: 1.800 
(epoch: 3, iters: 8688, time: 0.066, data: 0.002) G_GAN: 0.433 D_real: 0.134 D_fake: 0.259 G: 2.192 NCE: 1.759 
(epoch: 3, iters: 8988, time: 0.066, data: 0.001) G_GAN: 0.346 D_real: 0.232 D_fake: 0.195 G: 2.175 NCE: 1.828 
(epoch: 3, iters: 9288, time: 0.066, data: 0.002) G_GAN: 0.370 D_real: 0.234 D_fake: 0.224 G: 2.122 NCE: 1.752 
(epoch: 3, iters: 9588, time: 0.066, data: 0.002) G_GAN: 0.375 D_real: 0.232 D_fake: 0.140 G: 2.066 NCE: 1.691 
End of epoch 3 / 20 	 Time Taken: 649 sec
learning rate = 0.0002000
(epoch: 4, iters: 132, time: 0.066, data: 0.002) G_GAN: 0.321 D_real: 0.295 D_fake: 0.250 G: 2.186 NCE: 1.865 
(epoch: 4, iters: 432, time: 0.066, data: 0.002) G_GAN: 0.282 D_real: 0.389 D_fake: 0.081 G: 2.122 NCE: 1.840 
(epoch: 4, iters: 732, time: 0.066, data: 0.002) G_GAN: 0.384 D_real: 0.160 D_fake: 0.205 G: 1.903 NCE: 1.519 
saving the latest model (epoch 4, total_iters 30000)
cut_to_vangogh
(epoch: 4, iters: 1032, time: 0.066, data: 0.001) G_GAN: 0.315 D_real: 0.325 D_fake: 0.168 G: 2.398 NCE: 2.084 
(epoch: 4, iters: 1332, time: 0.066, data: 0.001) G_GAN: 0.500 D_real: 0.201 D_fake: 0.252 G: 2.314 NCE: 1.814 
(epoch: 4, iters: 1632, time: 0.066, data: 0.002) G_GAN: 0.280 D_real: 0.305 D_fake: 0.183 G: 2.059 NCE: 1.779 
(epoch: 4, iters: 1932, time: 0.066, data: 0.001) G_GAN: 0.549 D_real: 0.161 D_fake: 0.307 G: 2.321 NCE: 1.771 
(epoch: 4, iters: 2232, time: 0.066, data: 0.002) G_GAN: 0.324 D_real: 0.212 D_fake: 0.315 G: 1.944 NCE: 1.620 
(epoch: 4, iters: 2532, time: 0.066, data: 0.001) G_GAN: 0.403 D_real: 0.228 D_fake: 0.233 G: 1.942 NCE: 1.538 
(epoch: 4, iters: 2832, time: 0.066, data: 0.001) G_GAN: 0.351 D_real: 0.327 D_fake: 0.131 G: 2.009 NCE: 1.658 
(epoch: 4, iters: 3132, time: 0.066, data: 0.001) G_GAN: 0.299 D_real: 0.321 D_fake: 0.135 G: 2.166 NCE: 1.867 
(epoch: 4, iters: 3432, time: 0.066, data: 0.001) G_GAN: 0.400 D_real: 0.218 D_fake: 0.140 G: 2.371 NCE: 1.970 
(epoch: 4, iters: 3732, time: 0.066, data: 0.001) G_GAN: 0.531 D_real: 0.124 D_fake: 0.249 G: 2.079 NCE: 1.548 
(epoch: 4, iters: 4032, time: 0.066, data: 0.002) G_GAN: 0.578 D_real: 0.163 D_fake: 0.135 G: 2.238 NCE: 1.660 
(epoch: 4, iters: 4332, time: 0.066, data: 0.002) G_GAN: 0.577 D_real: 0.062 D_fake: 0.332 G: 2.607 NCE: 2.029 
(epoch: 4, iters: 4632, time: 0.066, data: 0.002) G_GAN: 0.410 D_real: 0.151 D_fake: 0.265 G: 2.287 NCE: 1.877 
(epoch: 4, iters: 4932, time: 0.066, data: 0.001) G_GAN: 0.426 D_real: 0.587 D_fake: 0.149 G: 2.321 NCE: 1.895 
(epoch: 4, iters: 5232, time: 0.066, data: 0.002) G_GAN: 0.311 D_real: 0.295 D_fake: 0.197 G: 2.052 NCE: 1.741 
(epoch: 4, iters: 5532, time: 0.066, data: 0.002) G_GAN: 0.199 D_real: 0.452 D_fake: 0.137 G: 1.806 NCE: 1.607 
(epoch: 4, iters: 5832, time: 0.066, data: 0.001) G_GAN: 0.457 D_real: 0.225 D_fake: 0.325 G: 2.551 NCE: 2.093 
(epoch: 4, iters: 6132, time: 0.066, data: 0.002) G_GAN: 0.328 D_real: 0.254 D_fake: 0.281 G: 2.015 NCE: 1.687 
(epoch: 4, iters: 6432, time: 0.066, data: 0.002) G_GAN: 0.413 D_real: 0.147 D_fake: 0.263 G: 2.233 NCE: 1.819 
(epoch: 4, iters: 6732, time: 0.066, data: 0.002) G_GAN: 0.439 D_real: 0.167 D_fake: 0.326 G: 2.062 NCE: 1.623 
(epoch: 4, iters: 7032, time: 0.066, data: 0.002) G_GAN: 0.257 D_real: 0.264 D_fake: 0.284 G: 2.011 NCE: 1.754 
(epoch: 4, iters: 7332, time: 0.065, data: 0.001) G_GAN: 0.357 D_real: 0.279 D_fake: 0.182 G: 2.105 NCE: 1.748 
(epoch: 4, iters: 7632, time: 0.065, data: 0.001) G_GAN: 0.316 D_real: 0.363 D_fake: 0.113 G: 2.151 NCE: 1.835 
(epoch: 4, iters: 7932, time: 0.065, data: 0.002) G_GAN: 0.451 D_real: 0.212 D_fake: 0.277 G: 2.125 NCE: 1.674 
(epoch: 4, iters: 8232, time: 0.065, data: 0.001) G_GAN: 0.372 D_real: 0.301 D_fake: 0.177 G: 2.232 NCE: 1.860 
(epoch: 4, iters: 8532, time: 0.065, data: 0.002) G_GAN: 0.478 D_real: 0.202 D_fake: 0.194 G: 2.131 NCE: 1.653 
(epoch: 4, iters: 8832, time: 0.065, data: 0.002) G_GAN: 0.379 D_real: 0.261 D_fake: 0.142 G: 2.233 NCE: 1.854 
(epoch: 4, iters: 9132, time: 0.066, data: 0.002) G_GAN: 0.319 D_real: 0.384 D_fake: 0.114 G: 2.278 NCE: 1.959 
(epoch: 4, iters: 9432, time: 0.066, data: 0.002) G_GAN: 0.412 D_real: 0.211 D_fake: 0.226 G: 2.066 NCE: 1.654 
(epoch: 4, iters: 9732, time: 0.065, data: 0.002) G_GAN: 0.464 D_real: 0.201 D_fake: 0.210 G: 2.119 NCE: 1.655 
End of epoch 4 / 20 	 Time Taken: 652 sec
learning rate = 0.0002000
(epoch: 5, iters: 276, time: 0.066, data: 0.002) G_GAN: 0.319 D_real: 0.244 D_fake: 0.173 G: 1.958 NCE: 1.639 
(epoch: 5, iters: 576, time: 0.066, data: 0.002) G_GAN: 0.485 D_real: 0.160 D_fake: 0.216 G: 2.396 NCE: 1.911 
(epoch: 5, iters: 876, time: 0.066, data: 0.002) G_GAN: 0.410 D_real: 0.232 D_fake: 0.213 G: 2.275 NCE: 1.865 
(epoch: 5, iters: 1176, time: 0.066, data: 0.002) G_GAN: 0.361 D_real: 0.209 D_fake: 0.176 G: 2.052 NCE: 1.691 
(epoch: 5, iters: 1476, time: 0.066, data: 0.001) G_GAN: 0.442 D_real: 0.150 D_fake: 0.173 G: 2.168 NCE: 1.726 
(epoch: 5, iters: 1776, time: 0.066, data: 0.001) G_GAN: 0.395 D_real: 0.221 D_fake: 0.226 G: 2.092 NCE: 1.697 
(epoch: 5, iters: 2076, time: 0.066, data: 0.002) G_GAN: 0.328 D_real: 0.233 D_fake: 0.204 G: 2.213 NCE: 1.884 
(epoch: 5, iters: 2376, time: 0.066, data: 0.002) G_GAN: 0.316 D_real: 0.204 D_fake: 0.269 G: 2.255 NCE: 1.939 
(epoch: 5, iters: 2676, time: 0.066, data: 0.002) G_GAN: 0.332 D_real: 0.229 D_fake: 0.281 G: 1.924 NCE: 1.593 
(epoch: 5, iters: 2976, time: 0.066, data: 0.001) G_GAN: 0.490 D_real: 0.209 D_fake: 0.145 G: 2.702 NCE: 2.213 
(epoch: 5, iters: 3276, time: 0.065, data: 0.001) G_GAN: 0.244 D_real: 0.418 D_fake: 0.235 G: 2.408 NCE: 2.165 
(epoch: 5, iters: 3576, time: 0.065, data: 0.002) G_GAN: 0.495 D_real: 0.101 D_fake: 0.317 G: 2.468 NCE: 1.973 
(epoch: 5, iters: 3876, time: 0.065, data: 0.002) G_GAN: 0.532 D_real: 0.097 D_fake: 0.318 G: 2.315 NCE: 1.783 
(epoch: 5, iters: 4176, time: 0.065, data: 0.002) G_GAN: 0.373 D_real: 0.385 D_fake: 0.097 G: 2.481 NCE: 2.109 
(epoch: 5, iters: 4476, time: 0.065, data: 0.002) G_GAN: 0.453 D_real: 0.192 D_fake: 0.184 G: 2.173 NCE: 1.721 
(epoch: 5, iters: 4776, time: 0.065, data: 0.001) G_GAN: 0.634 D_real: 0.037 D_fake: 0.566 G: 2.547 NCE: 1.913 
(epoch: 5, iters: 5076, time: 0.065, data: 0.002) G_GAN: 0.420 D_real: 0.235 D_fake: 0.229 G: 2.024 NCE: 1.604 
(epoch: 5, iters: 5376, time: 0.066, data: 0.001) G_GAN: 0.322 D_real: 0.293 D_fake: 0.130 G: 1.988 NCE: 1.666 
(epoch: 5, iters: 5676, time: 0.066, data: 0.001) G_GAN: 0.485 D_real: 0.141 D_fake: 0.322 G: 2.266 NCE: 1.781 
(epoch: 5, iters: 5976, time: 0.066, data: 0.001) G_GAN: 0.370 D_real: 0.222 D_fake: 0.287 G: 2.162 NCE: 1.792 
saving the latest model (epoch 5, total_iters 45000)
cut_to_vangogh
(epoch: 5, iters: 6276, time: 0.066, data: 0.002) G_GAN: 0.451 D_real: 0.134 D_fake: 0.282 G: 2.127 NCE: 1.676 
(epoch: 5, iters: 6576, time: 0.066, data: 0.002) G_GAN: 0.436 D_real: 0.236 D_fake: 0.257 G: 2.295 NCE: 1.859 
(epoch: 5, iters: 6876, time: 0.066, data: 0.001) G_GAN: 0.349 D_real: 0.289 D_fake: 0.097 G: 2.082 NCE: 1.732 
(epoch: 5, iters: 7176, time: 0.067, data: 0.002) G_GAN: 0.395 D_real: 0.288 D_fake: 0.319 G: 2.222 NCE: 1.827 
(epoch: 5, iters: 7476, time: 0.067, data: 0.001) G_GAN: 0.350 D_real: 0.260 D_fake: 0.233 G: 2.177 NCE: 1.827 
(epoch: 5, iters: 7776, time: 0.067, data: 0.002) G_GAN: 0.332 D_real: 0.304 D_fake: 0.244 G: 2.037 NCE: 1.705 
(epoch: 5, iters: 8076, time: 0.067, data: 0.004) G_GAN: 0.443 D_real: 0.231 D_fake: 0.251 G: 2.177 NCE: 1.734 
(epoch: 5, iters: 8376, time: 0.067, data: 0.002) G_GAN: 0.267 D_real: 0.309 D_fake: 0.203 G: 2.178 NCE: 1.911 
(epoch: 5, iters: 8676, time: 0.067, data: 0.001) G_GAN: 0.451 D_real: 0.167 D_fake: 0.229 G: 2.035 NCE: 1.585 
(epoch: 5, iters: 8976, time: 0.066, data: 0.002) G_GAN: 0.260 D_real: 0.399 D_fake: 0.126 G: 2.048 NCE: 1.788 
(epoch: 5, iters: 9276, time: 0.066, data: 0.001) G_GAN: 0.497 D_real: 0.196 D_fake: 0.225 G: 2.478 NCE: 1.981 
(epoch: 5, iters: 9576, time: 0.067, data: 0.001) G_GAN: 0.593 D_real: 0.111 D_fake: 0.250 G: 2.464 NCE: 1.871 
End of epoch 5 / 20 	 Time Taken: 657 sec
learning rate = 0.0002000
(epoch: 6, iters: 120, time: 0.067, data: 0.002) G_GAN: 0.347 D_real: 0.286 D_fake: 0.167 G: 1.982 NCE: 1.635 
(epoch: 6, iters: 420, time: 0.066, data: 0.001) G_GAN: 0.434 D_real: 0.261 D_fake: 0.230 G: 2.201 NCE: 1.766 
(epoch: 6, iters: 720, time: 0.066, data: 0.002) G_GAN: 0.538 D_real: 0.125 D_fake: 0.214 G: 2.412 NCE: 1.874 
(epoch: 6, iters: 1020, time: 0.066, data: 0.001) G_GAN: 0.476 D_real: 0.136 D_fake: 0.250 G: 2.163 NCE: 1.688 
(epoch: 6, iters: 1320, time: 0.065, data: 0.001) G_GAN: 0.615 D_real: 0.112 D_fake: 0.205 G: 2.223 NCE: 1.607 
(epoch: 6, iters: 1620, time: 0.065, data: 0.002) G_GAN: 0.484 D_real: 0.200 D_fake: 0.236 G: 2.214 NCE: 1.729 
(epoch: 6, iters: 1920, time: 0.064, data: 0.002) G_GAN: 0.332 D_real: 0.260 D_fake: 0.149 G: 1.875 NCE: 1.543 
(epoch: 6, iters: 2220, time: 0.064, data: 0.002) G_GAN: 0.405 D_real: 0.215 D_fake: 0.266 G: 2.265 NCE: 1.860 
(epoch: 6, iters: 2520, time: 0.064, data: 0.002) G_GAN: 0.333 D_real: 0.255 D_fake: 0.116 G: 2.091 NCE: 1.758 
(epoch: 6, iters: 2820, time: 0.064, data: 0.002) G_GAN: 0.434 D_real: 0.137 D_fake: 0.312 G: 2.005 NCE: 1.571 
(epoch: 6, iters: 3120, time: 0.063, data: 0.001) G_GAN: 0.410 D_real: 0.200 D_fake: 0.274 G: 2.457 NCE: 2.048 
(epoch: 6, iters: 3420, time: 0.063, data: 0.002) G_GAN: 0.391 D_real: 0.163 D_fake: 0.313 G: 2.320 NCE: 1.929 
(epoch: 6, iters: 3720, time: 0.063, data: 0.003) G_GAN: 0.392 D_real: 0.198 D_fake: 0.241 G: 2.161 NCE: 1.769 
(epoch: 6, iters: 4020, time: 0.063, data: 0.002) G_GAN: 0.346 D_real: 0.258 D_fake: 0.188 G: 1.932 NCE: 1.586 
(epoch: 6, iters: 4320, time: 0.063, data: 0.002) G_GAN: 0.314 D_real: 0.292 D_fake: 0.346 G: 2.104 NCE: 1.790 
(epoch: 6, iters: 4620, time: 0.063, data: 0.001) G_GAN: 0.505 D_real: 0.180 D_fake: 0.196 G: 2.247 NCE: 1.742 
(epoch: 6, iters: 4920, time: 0.063, data: 0.002) G_GAN: 0.382 D_real: 0.263 D_fake: 0.198 G: 2.195 NCE: 1.813 
(epoch: 6, iters: 5220, time: 0.063, data: 0.002) G_GAN: 0.426 D_real: 0.229 D_fake: 0.190 G: 2.262 NCE: 1.836 
(epoch: 6, iters: 5520, time: 0.064, data: 0.001) G_GAN: 0.306 D_real: 0.415 D_fake: 0.218 G: 2.189 NCE: 1.882 
(epoch: 6, iters: 5820, time: 0.064, data: 0.002) G_GAN: 0.354 D_real: 0.195 D_fake: 0.182 G: 2.029 NCE: 1.675 
(epoch: 6, iters: 6120, time: 0.066, data: 0.002) G_GAN: 0.388 D_real: 0.248 D_fake: 0.118 G: 2.306 NCE: 1.918 
(epoch: 6, iters: 6420, time: 0.068, data: 0.002) G_GAN: 0.506 D_real: 0.173 D_fake: 0.174 G: 2.366 NCE: 1.860 
(epoch: 6, iters: 6720, time: 0.069, data: 0.003) G_GAN: 0.453 D_real: 0.253 D_fake: 0.237 G: 2.063 NCE: 1.610 
(epoch: 6, iters: 7020, time: 0.070, data: 0.002) G_GAN: 0.449 D_real: 0.155 D_fake: 0.221 G: 2.097 NCE: 1.648 
(epoch: 6, iters: 7320, time: 0.071, data: 0.002) G_GAN: 0.469 D_real: 0.190 D_fake: 0.136 G: 2.211 NCE: 1.742 
(epoch: 6, iters: 7620, time: 0.071, data: 0.001) G_GAN: 0.462 D_real: 0.204 D_fake: 0.198 G: 2.310 NCE: 1.848 
(epoch: 6, iters: 7920, time: 0.071, data: 0.002) G_GAN: 0.610 D_real: 0.118 D_fake: 0.243 G: 2.295 NCE: 1.685 
(epoch: 6, iters: 8220, time: 0.071, data: 0.003) G_GAN: 0.408 D_real: 0.161 D_fake: 0.211 G: 2.152 NCE: 1.743 
(epoch: 6, iters: 8520, time: 0.072, data: 0.003) G_GAN: 0.438 D_real: 0.195 D_fake: 0.160 G: 2.897 NCE: 2.459 
(epoch: 6, iters: 8820, time: 0.072, data: 0.001) G_GAN: 0.392 D_real: 0.182 D_fake: 0.181 G: 2.116 NCE: 1.724 
(epoch: 6, iters: 9120, time: 0.072, data: 0.001) G_GAN: 0.923 D_real: 0.173 D_fake: 0.329 G: 2.627 NCE: 1.704 
(epoch: 6, iters: 9420, time: 0.072, data: 0.002) G_GAN: 0.389 D_real: 0.243 D_fake: 0.156 G: 2.088 NCE: 1.699 
(epoch: 6, iters: 9720, time: 0.070, data: 0.002) G_GAN: 0.346 D_real: 0.273 D_fake: 0.157 G: 2.258 NCE: 1.912 
End of epoch 6 / 20 	 Time Taken: 665 sec
learning rate = 0.0002000
(epoch: 7, iters: 264, time: 0.069, data: 0.001) G_GAN: 0.493 D_real: 0.201 D_fake: 0.247 G: 2.104 NCE: 1.611 
(epoch: 7, iters: 564, time: 0.068, data: 0.001) G_GAN: 0.508 D_real: 0.145 D_fake: 0.314 G: 2.404 NCE: 1.896 
(epoch: 7, iters: 864, time: 0.067, data: 0.002) G_GAN: 0.440 D_real: 0.150 D_fake: 0.213 G: 2.188 NCE: 1.748 
(epoch: 7, iters: 1164, time: 0.066, data: 0.002) G_GAN: 0.340 D_real: 0.194 D_fake: 0.242 G: 2.060 NCE: 1.719 
(epoch: 7, iters: 1464, time: 0.066, data: 0.001) G_GAN: 0.395 D_real: 0.196 D_fake: 0.449 G: 2.101 NCE: 1.707 
saving the latest model (epoch 7, total_iters 60000)
cut_to_vangogh
(epoch: 7, iters: 1764, time: 0.066, data: 0.001) G_GAN: 0.416 D_real: 0.199 D_fake: 0.175 G: 2.120 NCE: 1.704 
(epoch: 7, iters: 2064, time: 0.065, data: 0.002) G_GAN: 0.567 D_real: 0.151 D_fake: 0.289 G: 2.384 NCE: 1.817 
(epoch: 7, iters: 2364, time: 0.066, data: 0.001) G_GAN: 0.699 D_real: 0.149 D_fake: 0.270 G: 2.582 NCE: 1.883 
(epoch: 7, iters: 2664, time: 0.066, data: 0.001) G_GAN: 0.410 D_real: 0.188 D_fake: 0.204 G: 2.018 NCE: 1.608 
(epoch: 7, iters: 2964, time: 0.066, data: 0.002) G_GAN: 0.536 D_real: 0.143 D_fake: 0.205 G: 2.175 NCE: 1.639 
(epoch: 7, iters: 3264, time: 0.066, data: 0.001) G_GAN: 0.432 D_real: 0.192 D_fake: 0.307 G: 2.045 NCE: 1.613 
(epoch: 7, iters: 3564, time: 0.066, data: 0.003) G_GAN: 0.380 D_real: 0.218 D_fake: 0.276 G: 2.120 NCE: 1.740 
(epoch: 7, iters: 3864, time: 0.065, data: 0.003) G_GAN: 0.349 D_real: 0.284 D_fake: 0.146 G: 2.044 NCE: 1.695 
(epoch: 7, iters: 4164, time: 0.065, data: 0.002) G_GAN: 0.341 D_real: 0.222 D_fake: 0.155 G: 2.120 NCE: 1.779 
(epoch: 7, iters: 4464, time: 0.065, data: 0.001) G_GAN: 0.380 D_real: 0.209 D_fake: 0.163 G: 2.401 NCE: 2.021 
(epoch: 7, iters: 4764, time: 0.065, data: 0.002) G_GAN: 0.594 D_real: 0.068 D_fake: 0.316 G: 2.270 NCE: 1.677 
(epoch: 7, iters: 5064, time: 0.065, data: 0.002) G_GAN: 0.404 D_real: 0.156 D_fake: 0.269 G: 2.444 NCE: 2.039 
(epoch: 7, iters: 5364, time: 0.065, data: 0.001) G_GAN: 0.426 D_real: 0.158 D_fake: 0.271 G: 2.094 NCE: 1.669 
(epoch: 7, iters: 5664, time: 0.064, data: 0.001) G_GAN: 0.495 D_real: 0.233 D_fake: 0.284 G: 2.552 NCE: 2.057 
(epoch: 7, iters: 5964, time: 0.064, data: 0.002) G_GAN: 0.359 D_real: 0.302 D_fake: 0.128 G: 2.102 NCE: 1.743 
(epoch: 7, iters: 6264, time: 0.064, data: 0.002) G_GAN: 0.442 D_real: 0.102 D_fake: 0.447 G: 2.144 NCE: 1.703 
(epoch: 7, iters: 6564, time: 0.064, data: 0.002) G_GAN: 0.430 D_real: 0.230 D_fake: 0.237 G: 2.300 NCE: 1.869 
(epoch: 7, iters: 6864, time: 0.064, data: 0.002) G_GAN: 0.517 D_real: 0.245 D_fake: 0.254 G: 2.422 NCE: 1.904 
(epoch: 7, iters: 7164, time: 0.064, data: 0.002) G_GAN: 0.474 D_real: 0.164 D_fake: 0.240 G: 2.112 NCE: 1.639 
(epoch: 7, iters: 7464, time: 0.064, data: 0.001) G_GAN: 0.398 D_real: 0.238 D_fake: 0.101 G: 2.089 NCE: 1.691 
(epoch: 7, iters: 7764, time: 0.064, data: 0.001) G_GAN: 0.470 D_real: 0.135 D_fake: 0.289 G: 2.219 NCE: 1.750 
(epoch: 7, iters: 8064, time: 0.064, data: 0.002) G_GAN: 0.615 D_real: 0.164 D_fake: 0.255 G: 2.314 NCE: 1.699 
(epoch: 7, iters: 8364, time: 0.064, data: 0.002) G_GAN: 0.594 D_real: 0.128 D_fake: 0.386 G: 2.323 NCE: 1.728 
(epoch: 7, iters: 8664, time: 0.064, data: 0.002) G_GAN: 0.467 D_real: 0.215 D_fake: 0.256 G: 2.198 NCE: 1.731 
(epoch: 7, iters: 8964, time: 0.065, data: 0.002) G_GAN: 0.492 D_real: 0.248 D_fake: 0.100 G: 2.275 NCE: 1.783 
(epoch: 7, iters: 9264, time: 0.064, data: 0.002) G_GAN: 0.486 D_real: 0.141 D_fake: 0.124 G: 2.119 NCE: 1.633 
(epoch: 7, iters: 9564, time: 0.064, data: 0.002) G_GAN: 0.571 D_real: 0.094 D_fake: 0.265 G: 2.323 NCE: 1.752 
End of epoch 7 / 20 	 Time Taken: 642 sec
learning rate = 0.0002000
(epoch: 8, iters: 108, time: 0.064, data: 0.003) G_GAN: 0.441 D_real: 0.327 D_fake: 0.100 G: 2.258 NCE: 1.817 
(epoch: 8, iters: 408, time: 0.064, data: 0.002) G_GAN: 0.487 D_real: 0.157 D_fake: 0.370 G: 2.153 NCE: 1.666 
(epoch: 8, iters: 708, time: 0.064, data: 0.002) G_GAN: 0.358 D_real: 0.252 D_fake: 0.214 G: 1.976 NCE: 1.618 
(epoch: 8, iters: 1008, time: 0.064, data: 0.002) G_GAN: 0.557 D_real: 0.153 D_fake: 0.270 G: 2.482 NCE: 1.926 
(epoch: 8, iters: 1308, time: 0.064, data: 0.002) G_GAN: 0.447 D_real: 0.187 D_fake: 0.208 G: 2.119 NCE: 1.672 
(epoch: 8, iters: 1608, time: 0.064, data: 0.001) G_GAN: 0.670 D_real: 0.133 D_fake: 0.290 G: 2.530 NCE: 1.860 
(epoch: 8, iters: 1908, time: 0.064, data: 0.002) G_GAN: 0.640 D_real: 0.160 D_fake: 0.106 G: 2.385 NCE: 1.745 
(epoch: 8, iters: 2208, time: 0.064, data: 0.002) G_GAN: 0.494 D_real: 0.189 D_fake: 0.187 G: 2.483 NCE: 1.990 
(epoch: 8, iters: 2508, time: 0.064, data: 0.001) G_GAN: 0.570 D_real: 0.204 D_fake: 0.128 G: 2.265 NCE: 1.696 
(epoch: 8, iters: 2808, time: 0.065, data: 0.002) G_GAN: 0.361 D_real: 0.369 D_fake: 0.144 G: 2.076 NCE: 1.715 
(epoch: 8, iters: 3108, time: 0.066, data: 0.001) G_GAN: 0.508 D_real: 0.146 D_fake: 0.259 G: 2.208 NCE: 1.700 
(epoch: 8, iters: 3408, time: 0.065, data: 0.002) G_GAN: 0.532 D_real: 0.106 D_fake: 0.380 G: 2.234 NCE: 1.703 
(epoch: 8, iters: 3708, time: 0.065, data: 0.001) G_GAN: 0.310 D_real: 0.432 D_fake: 0.062 G: 2.136 NCE: 1.825 
(epoch: 8, iters: 4008, time: 0.065, data: 0.001) G_GAN: 0.381 D_real: 0.307 D_fake: 0.163 G: 2.198 NCE: 1.817 
(epoch: 8, iters: 4308, time: 0.066, data: 0.002) G_GAN: 0.466 D_real: 0.275 D_fake: 0.149 G: 2.226 NCE: 1.760 
(epoch: 8, iters: 4608, time: 0.066, data: 0.001) G_GAN: 0.645 D_real: 0.253 D_fake: 0.357 G: 2.466 NCE: 1.821 
(epoch: 8, iters: 4908, time: 0.065, data: 0.002) G_GAN: 0.461 D_real: 0.129 D_fake: 0.303 G: 2.246 NCE: 1.785 
(epoch: 8, iters: 5208, time: 0.065, data: 0.001) G_GAN: 0.492 D_real: 0.376 D_fake: 0.063 G: 2.293 NCE: 1.801 
(epoch: 8, iters: 5508, time: 0.064, data: 0.001) G_GAN: 0.591 D_real: 0.103 D_fake: 0.239 G: 2.216 NCE: 1.626 
(epoch: 8, iters: 5808, time: 0.064, data: 0.002) G_GAN: 0.348 D_real: 0.291 D_fake: 0.212 G: 2.175 NCE: 1.827 
(epoch: 8, iters: 6108, time: 0.064, data: 0.002) G_GAN: 0.542 D_real: 0.144 D_fake: 0.103 G: 2.183 NCE: 1.640 
(epoch: 8, iters: 6408, time: 0.063, data: 0.002) G_GAN: 0.406 D_real: 0.452 D_fake: 0.211 G: 2.250 NCE: 1.844 
(epoch: 8, iters: 6708, time: 0.063, data: 0.002) G_GAN: 0.624 D_real: 0.150 D_fake: 0.134 G: 2.432 NCE: 1.807 
saving the latest model (epoch 8, total_iters 75000)
cut_to_vangogh
(epoch: 8, iters: 7008, time: 0.063, data: 0.001) G_GAN: 0.634 D_real: 0.176 D_fake: 0.278 G: 2.389 NCE: 1.756 
(epoch: 8, iters: 7308, time: 0.063, data: 0.002) G_GAN: 0.532 D_real: 0.141 D_fake: 0.216 G: 2.184 NCE: 1.652 
(epoch: 8, iters: 7608, time: 0.063, data: 0.001) G_GAN: 0.301 D_real: 0.251 D_fake: 0.235 G: 1.869 NCE: 1.568 
(epoch: 8, iters: 7908, time: 0.063, data: 0.001) G_GAN: 0.506 D_real: 0.127 D_fake: 0.175 G: 2.234 NCE: 1.729 
(epoch: 8, iters: 8208, time: 0.063, data: 0.002) G_GAN: 0.480 D_real: 0.293 D_fake: 0.133 G: 2.597 NCE: 2.118 
(epoch: 8, iters: 8508, time: 0.063, data: 0.001) G_GAN: 0.460 D_real: 0.150 D_fake: 0.273 G: 2.238 NCE: 1.779 
(epoch: 8, iters: 8808, time: 0.063, data: 0.002) G_GAN: 0.316 D_real: 0.480 D_fake: 0.161 G: 2.023 NCE: 1.707 
(epoch: 8, iters: 9108, time: 0.065, data: 0.001) G_GAN: 0.477 D_real: 0.177 D_fake: 0.212 G: 2.231 NCE: 1.754 
(epoch: 8, iters: 9408, time: 0.071, data: 0.002) G_GAN: 0.478 D_real: 0.242 D_fake: 0.259 G: 2.322 NCE: 1.844 
(epoch: 8, iters: 9708, time: 0.076, data: 0.001) G_GAN: 0.530 D_real: 0.273 D_fake: 0.091 G: 2.259 NCE: 1.729 
End of epoch 8 / 20 	 Time Taken: 657 sec
learning rate = 0.0002000
(epoch: 9, iters: 252, time: 0.080, data: 0.002) G_GAN: 0.521 D_real: 0.146 D_fake: 0.265 G: 2.164 NCE: 1.643 
(epoch: 9, iters: 552, time: 0.078, data: 0.002) G_GAN: 0.460 D_real: 0.206 D_fake: 0.116 G: 2.259 NCE: 1.798 
(epoch: 9, iters: 852, time: 0.075, data: 0.001) G_GAN: 0.510 D_real: 0.116 D_fake: 0.195 G: 2.203 NCE: 1.694 
(epoch: 9, iters: 1152, time: 0.072, data: 0.002) G_GAN: 0.657 D_real: 0.079 D_fake: 0.236 G: 2.323 NCE: 1.666 
(epoch: 9, iters: 1452, time: 0.071, data: 0.001) G_GAN: 0.510 D_real: 0.166 D_fake: 0.084 G: 2.867 NCE: 2.358 
(epoch: 9, iters: 1752, time: 0.069, data: 0.002) G_GAN: 0.499 D_real: 0.271 D_fake: 0.357 G: 2.274 NCE: 1.775 
(epoch: 9, iters: 2052, time: 0.069, data: 0.002) G_GAN: 0.639 D_real: 0.174 D_fake: 0.146 G: 2.616 NCE: 1.977 
(epoch: 9, iters: 2352, time: 0.068, data: 0.002) G_GAN: 0.519 D_real: 0.150 D_fake: 0.255 G: 2.157 NCE: 1.638 
(epoch: 9, iters: 2652, time: 0.067, data: 0.002) G_GAN: 0.359 D_real: 0.268 D_fake: 0.202 G: 2.163 NCE: 1.804 
(epoch: 9, iters: 2952, time: 0.067, data: 0.002) G_GAN: 0.473 D_real: 0.158 D_fake: 0.332 G: 2.252 NCE: 1.779 
(epoch: 9, iters: 3252, time: 0.066, data: 0.001) G_GAN: 0.555 D_real: 0.155 D_fake: 0.195 G: 2.214 NCE: 1.659 
(epoch: 9, iters: 3552, time: 0.066, data: 0.002) G_GAN: 0.516 D_real: 0.150 D_fake: 0.183 G: 2.446 NCE: 1.930 
(epoch: 9, iters: 3852, time: 0.066, data: 0.002) G_GAN: 0.346 D_real: 0.347 D_fake: 0.122 G: 2.009 NCE: 1.663 
(epoch: 9, iters: 4152, time: 0.066, data: 0.002) G_GAN: 0.493 D_real: 0.138 D_fake: 0.292 G: 2.355 NCE: 1.863 
(epoch: 9, iters: 4452, time: 0.066, data: 0.001) G_GAN: 0.546 D_real: 0.159 D_fake: 0.210 G: 2.129 NCE: 1.583 
(epoch: 9, iters: 4752, time: 0.066, data: 0.002) G_GAN: 0.500 D_real: 0.194 D_fake: 0.265 G: 2.368 NCE: 1.868 
(epoch: 9, iters: 5052, time: 0.065, data: 0.002) G_GAN: 0.961 D_real: 0.101 D_fake: 0.286 G: 2.655 NCE: 1.694 
(epoch: 9, iters: 5352, time: 0.065, data: 0.002) G_GAN: 0.565 D_real: 0.176 D_fake: 0.194 G: 2.333 NCE: 1.769 
(epoch: 9, iters: 5652, time: 0.065, data: 0.001) G_GAN: 0.567 D_real: 0.178 D_fake: 0.167 G: 2.343 NCE: 1.776 
(epoch: 9, iters: 5952, time: 0.065, data: 0.002) G_GAN: 0.587 D_real: 0.124 D_fake: 0.364 G: 2.367 NCE: 1.780 
(epoch: 9, iters: 6252, time: 0.065, data: 0.001) G_GAN: 0.683 D_real: 0.140 D_fake: 0.153 G: 2.634 NCE: 1.951 
(epoch: 9, iters: 6552, time: 0.064, data: 0.001) G_GAN: 0.573 D_real: 0.180 D_fake: 0.233 G: 2.659 NCE: 2.086 
(epoch: 9, iters: 6852, time: 0.064, data: 0.002) G_GAN: 0.633 D_real: 0.087 D_fake: 0.258 G: 2.386 NCE: 1.752 
(epoch: 9, iters: 7152, time: 0.063, data: 0.001) G_GAN: 0.733 D_real: 0.118 D_fake: 0.142 G: 2.683 NCE: 1.951 
(epoch: 9, iters: 7452, time: 0.063, data: 0.002) G_GAN: 0.403 D_real: 0.330 D_fake: 0.076 G: 2.114 NCE: 1.710 
(epoch: 9, iters: 7752, time: 0.063, data: 0.002) G_GAN: 0.502 D_real: 0.112 D_fake: 0.219 G: 2.320 NCE: 1.819 
(epoch: 9, iters: 8052, time: 0.062, data: 0.001) G_GAN: 0.551 D_real: 0.126 D_fake: 0.131 G: 2.287 NCE: 1.737 
(epoch: 9, iters: 8352, time: 0.062, data: 0.002) G_GAN: 0.618 D_real: 0.223 D_fake: 0.154 G: 2.453 NCE: 1.835 
(epoch: 9, iters: 8652, time: 0.062, data: 0.001) G_GAN: 0.504 D_real: 0.358 D_fake: 0.159 G: 2.285 NCE: 1.781 
(epoch: 9, iters: 8952, time: 0.062, data: 0.001) G_GAN: 0.650 D_real: 0.199 D_fake: 0.176 G: 2.587 NCE: 1.938 
(epoch: 9, iters: 9252, time: 0.062, data: 0.001) G_GAN: 0.511 D_real: 0.165 D_fake: 0.228 G: 2.434 NCE: 1.923 
(epoch: 9, iters: 9552, time: 0.062, data: 0.002) G_GAN: 0.428 D_real: 0.237 D_fake: 0.274 G: 2.187 NCE: 1.759 
End of epoch 9 / 20 	 Time Taken: 643 sec
learning rate = 0.0002000
(epoch: 10, iters: 96, time: 0.063, data: 0.002) G_GAN: 0.587 D_real: 0.206 D_fake: 0.103 G: 2.464 NCE: 1.877 
(epoch: 10, iters: 396, time: 0.063, data: 0.003) G_GAN: 0.587 D_real: 0.086 D_fake: 0.151 G: 2.444 NCE: 1.857 
(epoch: 10, iters: 696, time: 0.064, data: 0.002) G_GAN: 0.678 D_real: 0.053 D_fake: 0.227 G: 2.460 NCE: 1.782 
(epoch: 10, iters: 996, time: 0.064, data: 0.002) G_GAN: 0.499 D_real: 0.152 D_fake: 0.176 G: 2.356 NCE: 1.857 
(epoch: 10, iters: 1296, time: 0.064, data: 0.001) G_GAN: 0.504 D_real: 0.223 D_fake: 0.110 G: 2.209 NCE: 1.705 
(epoch: 10, iters: 1596, time: 0.065, data: 0.001) G_GAN: 1.089 D_real: 0.077 D_fake: 0.218 G: 3.094 NCE: 2.005 
(epoch: 10, iters: 1896, time: 0.066, data: 0.003) G_GAN: 0.478 D_real: 0.229 D_fake: 0.240 G: 2.345 NCE: 1.867 
(epoch: 10, iters: 2196, time: 0.065, data: 0.002) G_GAN: 0.480 D_real: 0.246 D_fake: 0.089 G: 2.366 NCE: 1.886 
saving the latest model (epoch 10, total_iters 90000)
cut_to_vangogh
(epoch: 10, iters: 2496, time: 0.065, data: 0.002) G_GAN: 0.728 D_real: 0.136 D_fake: 0.161 G: 2.597 NCE: 1.868 
(epoch: 10, iters: 2796, time: 0.066, data: 0.001) G_GAN: 0.486 D_real: 0.207 D_fake: 0.140 G: 2.431 NCE: 1.945 
(epoch: 10, iters: 3096, time: 0.066, data: 0.001) G_GAN: 0.645 D_real: 0.168 D_fake: 0.156 G: 2.726 NCE: 2.081 
(epoch: 10, iters: 3396, time: 0.068, data: 0.003) G_GAN: 0.628 D_real: 0.162 D_fake: 0.111 G: 2.421 NCE: 1.792 
(epoch: 10, iters: 3696, time: 0.069, data: 0.003) G_GAN: 0.650 D_real: 0.191 D_fake: 0.211 G: 2.398 NCE: 1.748 
(epoch: 10, iters: 3996, time: 0.070, data: 0.002) G_GAN: 0.579 D_real: 0.171 D_fake: 0.132 G: 2.392 NCE: 1.813 
(epoch: 10, iters: 4296, time: 0.068, data: 0.002) G_GAN: 0.684 D_real: 0.117 D_fake: 0.177 G: 2.566 NCE: 1.882 
(epoch: 10, iters: 4596, time: 0.068, data: 0.001) G_GAN: 0.477 D_real: 0.212 D_fake: 0.071 G: 2.336 NCE: 1.859 
(epoch: 10, iters: 4896, time: 0.068, data: 0.002) G_GAN: 0.598 D_real: 0.245 D_fake: 0.128 G: 2.349 NCE: 1.752 
(epoch: 10, iters: 5196, time: 0.069, data: 0.001) G_GAN: 0.602 D_real: 0.134 D_fake: 0.145 G: 2.784 NCE: 2.182 
(epoch: 10, iters: 5496, time: 0.069, data: 0.003) G_GAN: 0.610 D_real: 0.175 D_fake: 0.174 G: 2.356 NCE: 1.745 
(epoch: 10, iters: 5796, time: 0.068, data: 0.002) G_GAN: 0.474 D_real: 0.195 D_fake: 0.204 G: 2.263 NCE: 1.789 
(epoch: 10, iters: 6096, time: 0.070, data: 0.001) G_GAN: 0.660 D_real: 0.092 D_fake: 0.204 G: 2.553 NCE: 1.893 
(epoch: 10, iters: 6396, time: 0.070, data: 0.002) G_GAN: 0.468 D_real: 0.236 D_fake: 0.153 G: 2.185 NCE: 1.717 
(epoch: 10, iters: 6696, time: 0.070, data: 0.002) G_GAN: 0.708 D_real: 0.175 D_fake: 0.103 G: 2.568 NCE: 1.860 
(epoch: 10, iters: 6996, time: 0.070, data: 0.001) G_GAN: 0.862 D_real: 0.144 D_fake: 0.152 G: 2.660 NCE: 1.798 
(epoch: 10, iters: 7296, time: 0.070, data: 0.001) G_GAN: 0.862 D_real: 0.100 D_fake: 0.207 G: 2.713 NCE: 1.850 
(epoch: 10, iters: 7596, time: 0.068, data: 0.001) G_GAN: 0.414 D_real: 0.246 D_fake: 0.075 G: 2.178 NCE: 1.764 
(epoch: 10, iters: 7896, time: 0.068, data: 0.001) G_GAN: 0.541 D_real: 0.294 D_fake: 0.061 G: 2.305 NCE: 1.764 
(epoch: 10, iters: 8196, time: 0.068, data: 0.002) G_GAN: 0.600 D_real: 0.203 D_fake: 0.218 G: 2.413 NCE: 1.813 
(epoch: 10, iters: 8496, time: 0.068, data: 0.002) G_GAN: 0.609 D_real: 0.122 D_fake: 0.249 G: 2.367 NCE: 1.758 
(epoch: 10, iters: 8796, time: 0.068, data: 0.001) G_GAN: 0.352 D_real: 0.275 D_fake: 0.224 G: 2.303 NCE: 1.951 
(epoch: 10, iters: 9096, time: 0.068, data: 0.002) G_GAN: 0.455 D_real: 0.288 D_fake: 0.188 G: 2.220 NCE: 1.764 
(epoch: 10, iters: 9396, time: 0.067, data: 0.002) G_GAN: 0.646 D_real: 0.114 D_fake: 0.266 G: 2.432 NCE: 1.786 
(epoch: 10, iters: 9696, time: 0.066, data: 0.001) G_GAN: 0.750 D_real: 0.095 D_fake: 0.160 G: 2.641 NCE: 1.891 
saving the model at the end of epoch 10, iters 97560
End of epoch 10 / 20 	 Time Taken: 672 sec
learning rate = 0.0002000
(epoch: 11, iters: 240, time: 0.066, data: 0.001) G_GAN: 0.557 D_real: 0.196 D_fake: 0.137 G: 2.460 NCE: 1.903 
(epoch: 11, iters: 540, time: 0.066, data: 0.002) G_GAN: 0.727 D_real: 0.300 D_fake: 0.208 G: 2.613 NCE: 1.886 
(epoch: 11, iters: 840, time: 0.066, data: 0.002) G_GAN: 0.529 D_real: 0.230 D_fake: 0.134 G: 2.374 NCE: 1.845 
(epoch: 11, iters: 1140, time: 0.066, data: 0.001) G_GAN: 0.629 D_real: 0.191 D_fake: 0.194 G: 2.335 NCE: 1.706 
(epoch: 11, iters: 1440, time: 0.066, data: 0.002) G_GAN: 0.516 D_real: 0.181 D_fake: 0.137 G: 2.389 NCE: 1.873 
(epoch: 11, iters: 1740, time: 0.065, data: 0.002) G_GAN: 0.488 D_real: 0.216 D_fake: 0.141 G: 2.227 NCE: 1.739 
(epoch: 11, iters: 2040, time: 0.066, data: 0.001) G_GAN: 0.486 D_real: 0.324 D_fake: 0.200 G: 2.166 NCE: 1.681 
(epoch: 11, iters: 2340, time: 0.065, data: 0.002) G_GAN: 0.582 D_real: 0.179 D_fake: 0.182 G: 2.435 NCE: 1.853 
(epoch: 11, iters: 2640, time: 0.065, data: 0.001) G_GAN: 0.473 D_real: 0.248 D_fake: 0.078 G: 2.508 NCE: 2.034 
(epoch: 11, iters: 2940, time: 0.065, data: 0.002) G_GAN: 0.849 D_real: 0.213 D_fake: 0.391 G: 2.660 NCE: 1.811 
(epoch: 11, iters: 3240, time: 0.066, data: 0.001) G_GAN: 0.562 D_real: 0.270 D_fake: 0.085 G: 2.492 NCE: 1.929 
(epoch: 11, iters: 3540, time: 0.066, data: 0.004) G_GAN: 0.628 D_real: 0.098 D_fake: 0.254 G: 2.357 NCE: 1.729 
(epoch: 11, iters: 3840, time: 0.067, data: 0.002) G_GAN: 0.559 D_real: 0.174 D_fake: 0.220 G: 2.407 NCE: 1.848 
(epoch: 11, iters: 4140, time: 0.068, data: 0.002) G_GAN: 0.766 D_real: 0.125 D_fake: 0.100 G: 2.774 NCE: 2.008 
(epoch: 11, iters: 4440, time: 0.069, data: 0.004) G_GAN: 0.617 D_real: 0.154 D_fake: 0.231 G: 2.581 NCE: 1.964 
(epoch: 11, iters: 4740, time: 0.071, data: 0.003) G_GAN: 0.462 D_real: 0.215 D_fake: 0.128 G: 2.218 NCE: 1.755 
(epoch: 11, iters: 5040, time: 0.069, data: 0.003) G_GAN: 0.716 D_real: 0.227 D_fake: 0.532 G: 2.678 NCE: 1.962 
(epoch: 11, iters: 5340, time: 0.069, data: 0.002) G_GAN: 0.922 D_real: 0.051 D_fake: 0.255 G: 2.658 NCE: 1.736 
(epoch: 11, iters: 5640, time: 0.068, data: 0.002) G_GAN: 0.535 D_real: 0.273 D_fake: 0.179 G: 2.264 NCE: 1.729 
(epoch: 11, iters: 5940, time: 0.067, data: 0.001) G_GAN: 0.554 D_real: 0.177 D_fake: 0.232 G: 2.277 NCE: 1.723 
(epoch: 11, iters: 6240, time: 0.067, data: 0.001) G_GAN: 0.748 D_real: 0.165 D_fake: 0.092 G: 2.530 NCE: 1.782 
(epoch: 11, iters: 6540, time: 0.067, data: 0.002) G_GAN: 0.535 D_real: 0.175 D_fake: 0.128 G: 2.259 NCE: 1.725 
(epoch: 11, iters: 6840, time: 0.066, data: 0.001) G_GAN: 0.490 D_real: 0.203 D_fake: 0.089 G: 2.356 NCE: 1.866 
(epoch: 11, iters: 7140, time: 0.066, data: 0.001) G_GAN: 0.541 D_real: 0.260 D_fake: 0.081 G: 2.416 NCE: 1.875 
(epoch: 11, iters: 7440, time: 0.066, data: 0.001) G_GAN: 0.512 D_real: 0.219 D_fake: 0.181 G: 2.162 NCE: 1.650 
saving the latest model (epoch 11, total_iters 105000)
cut_to_vangogh
(epoch: 11, iters: 7740, time: 0.066, data: 0.001) G_GAN: 0.844 D_real: 0.089 D_fake: 0.154 G: 2.680 NCE: 1.836 
(epoch: 11, iters: 8040, time: 0.065, data: 0.002) G_GAN: 0.486 D_real: 0.257 D_fake: 0.135 G: 2.526 NCE: 2.040 
(epoch: 11, iters: 8340, time: 0.065, data: 0.002) G_GAN: 0.709 D_real: 0.134 D_fake: 0.132 G: 2.621 NCE: 1.913 
(epoch: 11, iters: 8640, time: 0.064, data: 0.002) G_GAN: 0.584 D_real: 0.180 D_fake: 0.184 G: 2.390 NCE: 1.806 
(epoch: 11, iters: 8940, time: 0.064, data: 0.001) G_GAN: 0.702 D_real: 0.122 D_fake: 0.178 G: 2.913 NCE: 2.211 
(epoch: 11, iters: 9240, time: 0.063, data: 0.001) G_GAN: 0.694 D_real: 0.110 D_fake: 0.401 G: 2.336 NCE: 1.643 
(epoch: 11, iters: 9540, time: 0.063, data: 0.002) G_GAN: 0.492 D_real: 0.242 D_fake: 0.150 G: 2.198 NCE: 1.706 
End of epoch 11 / 20 	 Time Taken: 653 sec
learning rate = 0.0002000
(epoch: 12, iters: 84, time: 0.063, data: 0.001) G_GAN: 0.470 D_real: 0.290 D_fake: 0.076 G: 2.225 NCE: 1.755 
(epoch: 12, iters: 384, time: 0.063, data: 0.002) G_GAN: 0.512 D_real: 0.166 D_fake: 0.155 G: 2.134 NCE: 1.622 
(epoch: 12, iters: 684, time: 0.063, data: 0.001) G_GAN: 0.660 D_real: 0.171 D_fake: 0.149 G: 2.412 NCE: 1.752 
(epoch: 12, iters: 984, time: 0.063, data: 0.002) G_GAN: 0.688 D_real: 0.090 D_fake: 0.157 G: 2.429 NCE: 1.741 
(epoch: 12, iters: 1284, time: 0.062, data: 0.001) G_GAN: 0.764 D_real: 0.191 D_fake: 0.189 G: 2.509 NCE: 1.745 
(epoch: 12, iters: 1584, time: 0.062, data: 0.002) G_GAN: 0.832 D_real: 0.257 D_fake: 0.115 G: 2.647 NCE: 1.815 
(epoch: 12, iters: 1884, time: 0.062, data: 0.001) G_GAN: 0.594 D_real: 0.118 D_fake: 0.348 G: 2.349 NCE: 1.754 
(epoch: 12, iters: 2184, time: 0.062, data: 0.001) G_GAN: 0.657 D_real: 0.106 D_fake: 0.173 G: 2.436 NCE: 1.778 
(epoch: 12, iters: 2484, time: 0.062, data: 0.002) G_GAN: 0.649 D_real: 0.153 D_fake: 0.122 G: 2.307 NCE: 1.658 
(epoch: 12, iters: 2784, time: 0.069, data: 0.001) G_GAN: 0.493 D_real: 0.175 D_fake: 0.113 G: 2.206 NCE: 1.713 
(epoch: 12, iters: 3084, time: 0.074, data: 0.001) G_GAN: 0.638 D_real: 0.210 D_fake: 0.156 G: 2.469 NCE: 1.831 
(epoch: 12, iters: 3384, time: 0.077, data: 0.002) G_GAN: 0.420 D_real: 0.390 D_fake: 0.119 G: 2.113 NCE: 1.693 
(epoch: 12, iters: 3684, time: 0.080, data: 0.002) G_GAN: 0.569 D_real: 0.215 D_fake: 0.151 G: 2.506 NCE: 1.937 
(epoch: 12, iters: 3984, time: 0.081, data: 0.002) G_GAN: 0.534 D_real: 0.265 D_fake: 0.121 G: 2.317 NCE: 1.783 
(epoch: 12, iters: 4284, time: 0.077, data: 0.001) G_GAN: 0.716 D_real: 0.134 D_fake: 0.137 G: 2.558 NCE: 1.842 
(epoch: 12, iters: 4584, time: 0.074, data: 0.001) G_GAN: 0.615 D_real: 0.198 D_fake: 0.154 G: 2.526 NCE: 1.910 
(epoch: 12, iters: 4884, time: 0.072, data: 0.002) G_GAN: 0.792 D_real: 0.124 D_fake: 0.143 G: 2.393 NCE: 1.601 
(epoch: 12, iters: 5184, time: 0.070, data: 0.002) G_GAN: 0.812 D_real: 0.143 D_fake: 0.105 G: 2.575 NCE: 1.763 
(epoch: 12, iters: 5484, time: 0.069, data: 0.001) G_GAN: 0.808 D_real: 0.148 D_fake: 0.166 G: 2.784 NCE: 1.976 
(epoch: 12, iters: 5784, time: 0.068, data: 0.002) G_GAN: 0.713 D_real: 0.110 D_fake: 0.123 G: 2.786 NCE: 2.073 
(epoch: 12, iters: 6084, time: 0.067, data: 0.001) G_GAN: 0.679 D_real: 0.106 D_fake: 0.154 G: 2.459 NCE: 1.779 
(epoch: 12, iters: 6384, time: 0.067, data: 0.002) G_GAN: 0.890 D_real: 0.049 D_fake: 0.243 G: 2.623 NCE: 1.734 
(epoch: 12, iters: 6684, time: 0.066, data: 0.002) G_GAN: 0.745 D_real: 0.138 D_fake: 0.135 G: 2.767 NCE: 2.022 
(epoch: 12, iters: 6984, time: 0.066, data: 0.001) G_GAN: 0.791 D_real: 0.087 D_fake: 0.191 G: 2.743 NCE: 1.951 
(epoch: 12, iters: 7284, time: 0.065, data: 0.002) G_GAN: 0.507 D_real: 0.213 D_fake: 0.143 G: 2.162 NCE: 1.654 
(epoch: 12, iters: 7584, time: 0.065, data: 0.001) G_GAN: 0.625 D_real: 0.183 D_fake: 0.083 G: 2.510 NCE: 1.884 
(epoch: 12, iters: 7884, time: 0.065, data: 0.001) G_GAN: 0.498 D_real: 0.348 D_fake: 0.127 G: 2.069 NCE: 1.571 
(epoch: 12, iters: 8184, time: 0.065, data: 0.001) G_GAN: 0.434 D_real: 0.352 D_fake: 0.080 G: 2.227 NCE: 1.792 
(epoch: 12, iters: 8484, time: 0.065, data: 0.001) G_GAN: 0.717 D_real: 0.101 D_fake: 0.203 G: 2.690 NCE: 1.974 
(epoch: 12, iters: 8784, time: 0.065, data: 0.002) G_GAN: 0.707 D_real: 0.123 D_fake: 0.204 G: 2.574 NCE: 1.867 
(epoch: 12, iters: 9084, time: 0.064, data: 0.001) G_GAN: 0.578 D_real: 0.157 D_fake: 0.164 G: 2.480 NCE: 1.902 
(epoch: 12, iters: 9384, time: 0.064, data: 0.001) G_GAN: 0.564 D_real: 0.160 D_fake: 0.113 G: 2.263 NCE: 1.699 
(epoch: 12, iters: 9684, time: 0.064, data: 0.002) G_GAN: 0.654 D_real: 0.330 D_fake: 0.065 G: 2.488 NCE: 1.835 
End of epoch 12 / 20 	 Time Taken: 669 sec
learning rate = 0.0002000
(epoch: 13, iters: 228, time: 0.064, data: 0.002) G_GAN: 0.595 D_real: 0.239 D_fake: 0.153 G: 2.456 NCE: 1.861 
(epoch: 13, iters: 528, time: 0.064, data: 0.001) G_GAN: 0.619 D_real: 0.166 D_fake: 0.094 G: 2.574 NCE: 1.955 
(epoch: 13, iters: 828, time: 0.064, data: 0.001) G_GAN: 0.574 D_real: 0.223 D_fake: 0.089 G: 2.539 NCE: 1.965 
(epoch: 13, iters: 1128, time: 0.063, data: 0.001) G_GAN: 0.901 D_real: 0.127 D_fake: 0.249 G: 2.507 NCE: 1.605 
(epoch: 13, iters: 1428, time: 0.063, data: 0.002) G_GAN: 0.807 D_real: 0.101 D_fake: 0.227 G: 2.540 NCE: 1.733 
(epoch: 13, iters: 1728, time: 0.063, data: 0.002) G_GAN: 0.633 D_real: 0.141 D_fake: 0.092 G: 2.494 NCE: 1.861 
(epoch: 13, iters: 2028, time: 0.063, data: 0.002) G_GAN: 0.607 D_real: 0.158 D_fake: 0.165 G: 2.270 NCE: 1.664 
(epoch: 13, iters: 2328, time: 0.063, data: 0.001) G_GAN: 0.615 D_real: 0.165 D_fake: 0.102 G: 2.389 NCE: 1.774 
(epoch: 13, iters: 2628, time: 0.063, data: 0.001) G_GAN: 0.520 D_real: 0.131 D_fake: 0.300 G: 2.196 NCE: 1.676 
(epoch: 13, iters: 2928, time: 0.063, data: 0.003) G_GAN: 0.774 D_real: 0.112 D_fake: 0.191 G: 2.500 NCE: 1.726 
saving the latest model (epoch 13, total_iters 120000)
cut_to_vangogh
(epoch: 13, iters: 3228, time: 0.063, data: 0.001) G_GAN: 0.748 D_real: 0.129 D_fake: 0.144 G: 2.532 NCE: 1.783 
(epoch: 13, iters: 3528, time: 0.063, data: 0.002) G_GAN: 0.812 D_real: 0.079 D_fake: 0.130 G: 2.578 NCE: 1.765 
(epoch: 13, iters: 3828, time: 0.063, data: 0.002) G_GAN: 0.792 D_real: 0.081 D_fake: 0.116 G: 2.537 NCE: 1.745 
(epoch: 13, iters: 4128, time: 0.065, data: 0.001) G_GAN: 0.756 D_real: 0.089 D_fake: 0.184 G: 2.677 NCE: 1.921 
(epoch: 13, iters: 4428, time: 0.071, data: 0.002) G_GAN: 0.417 D_real: 0.405 D_fake: 0.078 G: 2.255 NCE: 1.837 
(epoch: 13, iters: 4728, time: 0.075, data: 0.002) G_GAN: 0.509 D_real: 0.256 D_fake: 0.080 G: 2.344 NCE: 1.835 
(epoch: 13, iters: 5028, time: 0.078, data: 0.001) G_GAN: 0.801 D_real: 0.129 D_fake: 0.106 G: 2.701 NCE: 1.899 
(epoch: 13, iters: 5328, time: 0.081, data: 0.002) G_GAN: 0.726 D_real: 0.079 D_fake: 0.288 G: 2.584 NCE: 1.858 
(epoch: 13, iters: 5628, time: 0.083, data: 0.002) G_GAN: 0.621 D_real: 0.184 D_fake: 0.136 G: 2.440 NCE: 1.819 
(epoch: 13, iters: 5928, time: 0.084, data: 0.001) G_GAN: 0.967 D_real: 0.110 D_fake: 0.143 G: 2.588 NCE: 1.621 
(epoch: 13, iters: 6228, time: 0.085, data: 0.001) G_GAN: 0.542 D_real: 0.195 D_fake: 0.115 G: 2.681 NCE: 2.139 
(epoch: 13, iters: 6528, time: 0.086, data: 0.001) G_GAN: 0.691 D_real: 0.176 D_fake: 0.169 G: 2.533 NCE: 1.842 
(epoch: 13, iters: 6828, time: 0.087, data: 0.001) G_GAN: 0.699 D_real: 0.158 D_fake: 0.189 G: 2.624 NCE: 1.925 
(epoch: 13, iters: 7128, time: 0.087, data: 0.002) G_GAN: 1.101 D_real: 0.068 D_fake: 0.300 G: 2.809 NCE: 1.707 
(epoch: 13, iters: 7428, time: 0.088, data: 0.002) G_GAN: 0.589 D_real: 0.230 D_fake: 0.069 G: 2.267 NCE: 1.678 
(epoch: 13, iters: 7728, time: 0.088, data: 0.001) G_GAN: 0.648 D_real: 0.226 D_fake: 0.155 G: 2.454 NCE: 1.807 
(epoch: 13, iters: 8028, time: 0.088, data: 0.002) G_GAN: 0.672 D_real: 0.098 D_fake: 0.212 G: 2.334 NCE: 1.662 
(epoch: 13, iters: 8328, time: 0.088, data: 0.001) G_GAN: 0.663 D_real: 0.095 D_fake: 0.306 G: 2.447 NCE: 1.784 
(epoch: 13, iters: 8628, time: 0.088, data: 0.002) G_GAN: 0.525 D_real: 0.286 D_fake: 0.054 G: 2.232 NCE: 1.707 
(epoch: 13, iters: 8928, time: 0.088, data: 0.002) G_GAN: 0.683 D_real: 0.203 D_fake: 0.152 G: 2.391 NCE: 1.708 
(epoch: 13, iters: 9228, time: 0.088, data: 0.001) G_GAN: 0.590 D_real: 0.135 D_fake: 0.117 G: 2.331 NCE: 1.741 
(epoch: 13, iters: 9528, time: 0.089, data: 0.001) G_GAN: 0.608 D_real: 0.128 D_fake: 0.143 G: 2.301 NCE: 1.693 
End of epoch 13 / 20 	 Time Taken: 776 sec
learning rate = 0.0002000
(epoch: 14, iters: 72, time: 0.089, data: 0.001) G_GAN: 0.764 D_real: 0.097 D_fake: 0.111 G: 2.649 NCE: 1.884 
(epoch: 14, iters: 372, time: 0.089, data: 0.002) G_GAN: 0.751 D_real: 0.139 D_fake: 0.120 G: 2.391 NCE: 1.640 
(epoch: 14, iters: 672, time: 0.089, data: 0.002) G_GAN: 0.677 D_real: 0.119 D_fake: 0.058 G: 2.640 NCE: 1.963 
(epoch: 14, iters: 972, time: 0.089, data: 0.002) G_GAN: 0.829 D_real: 0.108 D_fake: 0.123 G: 2.479 NCE: 1.650 
(epoch: 14, iters: 1272, time: 0.089, data: 0.001) G_GAN: 0.754 D_real: 0.134 D_fake: 0.130 G: 2.769 NCE: 2.016 
(epoch: 14, iters: 1572, time: 0.089, data: 0.002) G_GAN: 1.066 D_real: 0.061 D_fake: 0.083 G: 2.770 NCE: 1.703 
(epoch: 14, iters: 1872, time: 0.089, data: 0.002) G_GAN: 0.549 D_real: 0.179 D_fake: 0.084 G: 2.278 NCE: 1.729 
(epoch: 14, iters: 2172, time: 0.089, data: 0.001) G_GAN: 0.792 D_real: 0.095 D_fake: 0.225 G: 2.699 NCE: 1.907 
(epoch: 14, iters: 2472, time: 0.089, data: 0.002) G_GAN: 0.703 D_real: 0.091 D_fake: 0.328 G: 2.433 NCE: 1.730 
(epoch: 14, iters: 2772, time: 0.089, data: 0.001) G_GAN: 0.852 D_real: 0.157 D_fake: 0.116 G: 2.658 NCE: 1.806 
(epoch: 14, iters: 3072, time: 0.089, data: 0.001) G_GAN: 0.716 D_real: 0.079 D_fake: 0.183 G: 2.571 NCE: 1.855 
(epoch: 14, iters: 3372, time: 0.089, data: 0.001) G_GAN: 0.706 D_real: 0.122 D_fake: 0.195 G: 2.312 NCE: 1.606 
(epoch: 14, iters: 3672, time: 0.089, data: 0.002) G_GAN: 0.744 D_real: 0.086 D_fake: 0.168 G: 2.487 NCE: 1.742 
(epoch: 14, iters: 3972, time: 0.089, data: 0.002) G_GAN: 0.659 D_real: 0.111 D_fake: 0.143 G: 2.415 NCE: 1.756 
(epoch: 14, iters: 4272, time: 0.089, data: 0.001) G_GAN: 0.782 D_real: 0.066 D_fake: 0.151 G: 2.630 NCE: 1.848 
(epoch: 14, iters: 4572, time: 0.089, data: 0.002) G_GAN: 1.004 D_real: 0.074 D_fake: 0.149 G: 2.752 NCE: 1.748 
(epoch: 14, iters: 4872, time: 0.089, data: 0.001) G_GAN: 0.748 D_real: 0.105 D_fake: 0.097 G: 2.389 NCE: 1.640 
(epoch: 14, iters: 5172, time: 0.089, data: 0.002) G_GAN: 0.642 D_real: 0.140 D_fake: 0.142 G: 2.463 NCE: 1.821 
(epoch: 14, iters: 5472, time: 0.089, data: 0.001) G_GAN: 1.060 D_real: 0.049 D_fake: 0.189 G: 2.910 NCE: 1.850 
(epoch: 14, iters: 5772, time: 0.089, data: 0.002) G_GAN: 0.754 D_real: 0.075 D_fake: 0.153 G: 2.595 NCE: 1.842 
(epoch: 14, iters: 6072, time: 0.089, data: 0.001) G_GAN: 0.964 D_real: 0.103 D_fake: 0.117 G: 2.788 NCE: 1.824 
(epoch: 14, iters: 6372, time: 0.089, data: 0.002) G_GAN: 0.770 D_real: 0.162 D_fake: 0.218 G: 2.627 NCE: 1.856 
(epoch: 14, iters: 6672, time: 0.089, data: 0.001) G_GAN: 0.920 D_real: 0.083 D_fake: 0.248 G: 2.753 NCE: 1.833 
(epoch: 14, iters: 6972, time: 0.089, data: 0.001) G_GAN: 0.868 D_real: 0.070 D_fake: 0.147 G: 2.757 NCE: 1.888 
(epoch: 14, iters: 7272, time: 0.089, data: 0.002) G_GAN: 0.708 D_real: 0.139 D_fake: 0.065 G: 2.714 NCE: 2.006 
(epoch: 14, iters: 7572, time: 0.089, data: 0.001) G_GAN: 0.552 D_real: 0.218 D_fake: 0.063 G: 2.376 NCE: 1.825 
(epoch: 14, iters: 7872, time: 0.089, data: 0.002) G_GAN: 0.856 D_real: 0.095 D_fake: 0.176 G: 2.659 NCE: 1.803 
(epoch: 14, iters: 8172, time: 0.089, data: 0.002) G_GAN: 0.743 D_real: 0.140 D_fake: 0.098 G: 2.414 NCE: 1.671 
saving the latest model (epoch 14, total_iters 135000)
cut_to_vangogh
(epoch: 14, iters: 8472, time: 0.088, data: 0.002) G_GAN: 0.897 D_real: 0.052 D_fake: 0.193 G: 2.467 NCE: 1.570 
(epoch: 14, iters: 8772, time: 0.088, data: 0.001) G_GAN: 0.594 D_real: 0.091 D_fake: 0.234 G: 2.556 NCE: 1.962 
(epoch: 14, iters: 9072, time: 0.088, data: 0.002) G_GAN: 0.692 D_real: 0.091 D_fake: 0.160 G: 2.529 NCE: 1.837 
(epoch: 14, iters: 9372, time: 0.089, data: 0.001) G_GAN: 0.682 D_real: 0.072 D_fake: 0.233 G: 2.489 NCE: 1.808 
(epoch: 14, iters: 9672, time: 0.089, data: 0.002) G_GAN: 0.872 D_real: 0.187 D_fake: 0.060 G: 2.798 NCE: 1.927 
End of epoch 14 / 20 	 Time Taken: 876 sec
learning rate = 0.0002000
(epoch: 15, iters: 216, time: 0.089, data: 0.002) G_GAN: 0.745 D_real: 0.112 D_fake: 0.155 G: 2.845 NCE: 2.100 
(epoch: 15, iters: 516, time: 0.089, data: 0.001) G_GAN: 1.047 D_real: 0.095 D_fake: 0.082 G: 2.849 NCE: 1.802 
(epoch: 15, iters: 816, time: 0.089, data: 0.002) G_GAN: 0.749 D_real: 0.171 D_fake: 0.210 G: 2.368 NCE: 1.619 
(epoch: 15, iters: 1116, time: 0.089, data: 0.002) G_GAN: 0.986 D_real: 0.060 D_fake: 0.286 G: 2.747 NCE: 1.761 
(epoch: 15, iters: 1416, time: 0.089, data: 0.002) G_GAN: 0.678 D_real: 0.125 D_fake: 0.232 G: 2.344 NCE: 1.666 
(epoch: 15, iters: 1716, time: 0.088, data: 0.001) G_GAN: 0.838 D_real: 0.080 D_fake: 0.203 G: 2.508 NCE: 1.669 
(epoch: 15, iters: 2016, time: 0.088, data: 0.002) G_GAN: 0.760 D_real: 0.074 D_fake: 0.094 G: 2.505 NCE: 1.745 
(epoch: 15, iters: 2316, time: 0.088, data: 0.002) G_GAN: 0.705 D_real: 0.105 D_fake: 0.125 G: 2.720 NCE: 2.016 
(epoch: 15, iters: 2616, time: 0.088, data: 0.002) G_GAN: 0.711 D_real: 0.107 D_fake: 0.185 G: 2.558 NCE: 1.847 
(epoch: 15, iters: 2916, time: 0.088, data: 0.002) G_GAN: 0.696 D_real: 0.102 D_fake: 0.124 G: 2.521 NCE: 1.824 
(epoch: 15, iters: 3216, time: 0.088, data: 0.001) G_GAN: 0.750 D_real: 0.114 D_fake: 0.123 G: 2.511 NCE: 1.761 
(epoch: 15, iters: 3516, time: 0.088, data: 0.002) G_GAN: 0.627 D_real: 0.096 D_fake: 0.220 G: 2.461 NCE: 1.834 
(epoch: 15, iters: 3816, time: 0.088, data: 0.002) G_GAN: 0.812 D_real: 0.057 D_fake: 0.171 G: 2.617 NCE: 1.805 
(epoch: 15, iters: 4116, time: 0.088, data: 0.001) G_GAN: 0.581 D_real: 0.174 D_fake: 0.105 G: 2.224 NCE: 1.643 
(epoch: 15, iters: 4416, time: 0.088, data: 0.001) G_GAN: 0.668 D_real: 0.102 D_fake: 0.207 G: 2.305 NCE: 1.637 
(epoch: 15, iters: 4716, time: 0.088, data: 0.001) G_GAN: 0.637 D_real: 0.216 D_fake: 0.081 G: 2.292 NCE: 1.654 
(epoch: 15, iters: 5016, time: 0.088, data: 0.002) G_GAN: 0.647 D_real: 0.169 D_fake: 0.045 G: 2.675 NCE: 2.028 
(epoch: 15, iters: 5316, time: 0.088, data: 0.001) G_GAN: 0.618 D_real: 0.134 D_fake: 0.109 G: 2.374 NCE: 1.756 
(epoch: 15, iters: 5616, time: 0.088, data: 0.002) G_GAN: 0.801 D_real: 0.103 D_fake: 0.126 G: 2.937 NCE: 2.136 
(epoch: 15, iters: 5916, time: 0.088, data: 0.001) G_GAN: 0.769 D_real: 0.128 D_fake: 0.094 G: 2.627 NCE: 1.858 
(epoch: 15, iters: 6216, time: 0.088, data: 0.001) G_GAN: 0.669 D_real: 0.116 D_fake: 0.163 G: 2.469 NCE: 1.800 
(epoch: 15, iters: 6516, time: 0.088, data: 0.002) G_GAN: 0.712 D_real: 0.103 D_fake: 0.079 G: 2.780 NCE: 2.068 
(epoch: 15, iters: 6816, time: 0.088, data: 0.002) G_GAN: 1.021 D_real: 0.041 D_fake: 0.108 G: 2.820 NCE: 1.799 
(epoch: 15, iters: 7116, time: 0.088, data: 0.001) G_GAN: 0.573 D_real: 0.189 D_fake: 0.205 G: 2.426 NCE: 1.853 
(epoch: 15, iters: 7416, time: 0.088, data: 0.002) G_GAN: 0.768 D_real: 0.163 D_fake: 0.049 G: 2.439 NCE: 1.671 
(epoch: 15, iters: 7716, time: 0.088, data: 0.001) G_GAN: 0.794 D_real: 0.092 D_fake: 0.167 G: 2.453 NCE: 1.659 
(epoch: 15, iters: 8016, time: 0.088, data: 0.002) G_GAN: 0.612 D_real: 0.210 D_fake: 0.046 G: 2.403 NCE: 1.791 
(epoch: 15, iters: 8316, time: 0.088, data: 0.002) G_GAN: 0.987 D_real: 0.063 D_fake: 0.303 G: 2.906 NCE: 1.919 
(epoch: 15, iters: 8616, time: 0.088, data: 0.002) G_GAN: 0.692 D_real: 0.266 D_fake: 0.089 G: 2.522 NCE: 1.830 
(epoch: 15, iters: 8916, time: 0.088, data: 0.001) G_GAN: 0.844 D_real: 0.106 D_fake: 0.157 G: 2.674 NCE: 1.830 
(epoch: 15, iters: 9216, time: 0.088, data: 0.002) G_GAN: 0.769 D_real: 0.098 D_fake: 0.157 G: 2.531 NCE: 1.762 
(epoch: 15, iters: 9516, time: 0.089, data: 0.001) G_GAN: 0.764 D_real: 0.076 D_fake: 0.148 G: 2.430 NCE: 1.666 
End of epoch 15 / 20 	 Time Taken: 873 sec
learning rate = 0.0002000
(epoch: 16, iters: 60, time: 0.089, data: 0.002) G_GAN: 0.596 D_real: 0.151 D_fake: 0.141 G: 2.617 NCE: 2.021 
(epoch: 16, iters: 360, time: 0.089, data: 0.002) G_GAN: 0.701 D_real: 0.075 D_fake: 0.144 G: 3.087 NCE: 2.386 
(epoch: 16, iters: 660, time: 0.089, data: 0.002) G_GAN: 0.728 D_real: 0.236 D_fake: 0.100 G: 2.750 NCE: 2.022 
(epoch: 16, iters: 960, time: 0.089, data: 0.001) G_GAN: 0.987 D_real: 0.087 D_fake: 0.070 G: 2.664 NCE: 1.677 
(epoch: 16, iters: 1260, time: 0.089, data: 0.002) G_GAN: 0.817 D_real: 0.064 D_fake: 0.093 G: 2.628 NCE: 1.810 
(epoch: 16, iters: 1560, time: 0.089, data: 0.001) G_GAN: 0.892 D_real: 0.167 D_fake: 0.077 G: 2.995 NCE: 2.103 
(epoch: 16, iters: 1860, time: 0.089, data: 0.001) G_GAN: 0.703 D_real: 0.087 D_fake: 0.106 G: 2.721 NCE: 2.018 
(epoch: 16, iters: 2160, time: 0.089, data: 0.001) G_GAN: 0.839 D_real: 0.093 D_fake: 0.065 G: 2.721 NCE: 1.882 
(epoch: 16, iters: 2460, time: 0.089, data: 0.002) G_GAN: 0.723 D_real: 0.123 D_fake: 0.084 G: 2.627 NCE: 1.904 
(epoch: 16, iters: 2760, time: 0.089, data: 0.002) G_GAN: 0.657 D_real: 0.094 D_fake: 0.159 G: 2.426 NCE: 1.769 
(epoch: 16, iters: 3060, time: 0.089, data: 0.002) G_GAN: 0.871 D_real: 0.221 D_fake: 0.117 G: 2.718 NCE: 1.847 
(epoch: 16, iters: 3360, time: 0.089, data: 0.002) G_GAN: 0.538 D_real: 0.255 D_fake: 0.080 G: 2.412 NCE: 1.874 
(epoch: 16, iters: 3660, time: 0.089, data: 0.001) G_GAN: 0.814 D_real: 0.077 D_fake: 0.086 G: 2.763 NCE: 1.949 
saving the latest model (epoch 16, total_iters 150000)
cut_to_vangogh
(epoch: 16, iters: 3960, time: 0.089, data: 0.001) G_GAN: 0.688 D_real: 0.103 D_fake: 0.231 G: 2.298 NCE: 1.610 
(epoch: 16, iters: 4260, time: 0.089, data: 0.002) G_GAN: 0.618 D_real: 0.234 D_fake: 0.050 G: 2.288 NCE: 1.670 
(epoch: 16, iters: 4560, time: 0.089, data: 0.002) G_GAN: 0.824 D_real: 0.191 D_fake: 0.213 G: 2.477 NCE: 1.652 
(epoch: 16, iters: 4860, time: 0.089, data: 0.001) G_GAN: 0.776 D_real: 0.107 D_fake: 0.079 G: 2.537 NCE: 1.761 
(epoch: 16, iters: 5160, time: 0.089, data: 0.001) G_GAN: 0.769 D_real: 0.108 D_fake: 0.078 G: 2.626 NCE: 1.857 
(epoch: 16, iters: 5460, time: 0.089, data: 0.002) G_GAN: 0.782 D_real: 0.219 D_fake: 0.083 G: 2.580 NCE: 1.798 
(epoch: 16, iters: 5760, time: 0.090, data: 0.001) G_GAN: 0.753 D_real: 0.123 D_fake: 0.137 G: 2.488 NCE: 1.735 
(epoch: 16, iters: 6060, time: 0.090, data: 0.001) G_GAN: 1.019 D_real: 0.039 D_fake: 0.111 G: 2.826 NCE: 1.806 
(epoch: 16, iters: 6360, time: 0.090, data: 0.002) G_GAN: 0.739 D_real: 0.091 D_fake: 0.189 G: 2.443 NCE: 1.704 
(epoch: 16, iters: 6660, time: 0.090, data: 0.002) G_GAN: 0.975 D_real: 0.042 D_fake: 0.097 G: 2.873 NCE: 1.898 
(epoch: 16, iters: 6960, time: 0.090, data: 0.002) G_GAN: 0.631 D_real: 0.089 D_fake: 0.133 G: 2.549 NCE: 1.918 
(epoch: 16, iters: 7260, time: 0.090, data: 0.001) G_GAN: 0.850 D_real: 0.090 D_fake: 0.136 G: 2.600 NCE: 1.749 
(epoch: 16, iters: 7560, time: 0.090, data: 0.002) G_GAN: 0.818 D_real: 0.109 D_fake: 0.434 G: 2.757 NCE: 1.939 
(epoch: 16, iters: 7860, time: 0.090, data: 0.001) G_GAN: 0.748 D_real: 0.108 D_fake: 0.207 G: 2.581 NCE: 1.833 
(epoch: 16, iters: 8160, time: 0.090, data: 0.002) G_GAN: 0.742 D_real: 0.151 D_fake: 0.072 G: 2.401 NCE: 1.659 
(epoch: 16, iters: 8460, time: 0.090, data: 0.002) G_GAN: 0.969 D_real: 0.079 D_fake: 0.162 G: 3.038 NCE: 2.069 
(epoch: 16, iters: 8760, time: 0.090, data: 0.002) G_GAN: 1.293 D_real: 0.060 D_fake: 0.368 G: 3.288 NCE: 1.996 
(epoch: 16, iters: 9060, time: 0.090, data: 0.001) G_GAN: 0.667 D_real: 0.193 D_fake: 0.036 G: 2.505 NCE: 1.838 
(epoch: 16, iters: 9360, time: 0.090, data: 0.001) G_GAN: 0.863 D_real: 0.104 D_fake: 0.147 G: 2.656 NCE: 1.793 
(epoch: 16, iters: 9660, time: 0.090, data: 0.001) G_GAN: 0.705 D_real: 0.147 D_fake: 0.065 G: 2.561 NCE: 1.856 
End of epoch 16 / 20 	 Time Taken: 884 sec
learning rate = 0.0002000
(epoch: 17, iters: 204, time: 0.090, data: 0.002) G_GAN: 0.683 D_real: 0.124 D_fake: 0.111 G: 2.468 NCE: 1.785 
(epoch: 17, iters: 504, time: 0.090, data: 0.002) G_GAN: 0.772 D_real: 0.047 D_fake: 0.148 G: 2.592 NCE: 1.821 
(epoch: 17, iters: 804, time: 0.090, data: 0.001) G_GAN: 0.751 D_real: 0.138 D_fake: 0.085 G: 2.491 NCE: 1.741 
(epoch: 17, iters: 1104, time: 0.090, data: 0.002) G_GAN: 0.908 D_real: 0.050 D_fake: 0.061 G: 2.931 NCE: 2.024 
(epoch: 17, iters: 1404, time: 0.090, data: 0.001) G_GAN: 0.933 D_real: 0.068 D_fake: 0.304 G: 2.672 NCE: 1.739 
(epoch: 17, iters: 1704, time: 0.090, data: 0.002) G_GAN: 0.806 D_real: 0.086 D_fake: 0.174 G: 2.468 NCE: 1.662 
(epoch: 17, iters: 2004, time: 0.090, data: 0.001) G_GAN: 0.903 D_real: 0.085 D_fake: 0.112 G: 2.623 NCE: 1.720 
(epoch: 17, iters: 2304, time: 0.090, data: 0.002) G_GAN: 0.716 D_real: 0.152 D_fake: 0.121 G: 2.431 NCE: 1.715 
(epoch: 17, iters: 2604, time: 0.090, data: 0.001) G_GAN: 0.674 D_real: 0.153 D_fake: 0.083 G: 2.603 NCE: 1.929 
(epoch: 17, iters: 2904, time: 0.090, data: 0.001) G_GAN: 0.856 D_real: 0.146 D_fake: 0.109 G: 2.582 NCE: 1.726 
(epoch: 17, iters: 3204, time: 0.090, data: 0.002) G_GAN: 0.824 D_real: 0.121 D_fake: 0.137 G: 2.681 NCE: 1.857 
(epoch: 17, iters: 3504, time: 0.090, data: 0.001) G_GAN: 0.763 D_real: 0.098 D_fake: 0.172 G: 2.560 NCE: 1.797 
(epoch: 17, iters: 3804, time: 0.090, data: 0.002) G_GAN: 0.807 D_real: 0.127 D_fake: 0.097 G: 2.714 NCE: 1.907 
(epoch: 17, iters: 4104, time: 0.090, data: 0.002) G_GAN: 0.858 D_real: 0.112 D_fake: 0.116 G: 2.745 NCE: 1.887 
(epoch: 17, iters: 4404, time: 0.090, data: 0.001) G_GAN: 0.820 D_real: 0.053 D_fake: 0.090 G: 2.636 NCE: 1.817 
(epoch: 17, iters: 4704, time: 0.090, data: 0.001) G_GAN: 0.685 D_real: 0.134 D_fake: 0.070 G: 2.502 NCE: 1.818 
(epoch: 17, iters: 5004, time: 0.090, data: 0.002) G_GAN: 0.727 D_real: 0.094 D_fake: 0.226 G: 2.612 NCE: 1.884 
(epoch: 17, iters: 5304, time: 0.090, data: 0.001) G_GAN: 0.547 D_real: 0.222 D_fake: 0.048 G: 2.436 NCE: 1.889 
(epoch: 17, iters: 5604, time: 0.090, data: 0.001) G_GAN: 0.632 D_real: 0.131 D_fake: 0.085 G: 2.424 NCE: 1.791 
(epoch: 17, iters: 5904, time: 0.090, data: 0.002) G_GAN: 0.902 D_real: 0.080 D_fake: 0.106 G: 2.709 NCE: 1.808 
(epoch: 17, iters: 6204, time: 0.090, data: 0.002) G_GAN: 1.093 D_real: 0.053 D_fake: 0.123 G: 3.053 NCE: 1.960 
(epoch: 17, iters: 6504, time: 0.089, data: 0.002) G_GAN: 0.844 D_real: 0.079 D_fake: 0.184 G: 2.720 NCE: 1.876 
(epoch: 17, iters: 6804, time: 0.083, data: 0.001) G_GAN: 0.815 D_real: 0.071 D_fake: 0.138 G: 2.479 NCE: 1.664 
(epoch: 17, iters: 7104, time: 0.082, data: 0.001) G_GAN: 0.658 D_real: 0.118 D_fake: 0.080 G: 2.537 NCE: 1.878 
(epoch: 17, iters: 7404, time: 0.084, data: 0.001) G_GAN: 0.912 D_real: 0.044 D_fake: 0.238 G: 2.678 NCE: 1.767 
(epoch: 17, iters: 7704, time: 0.085, data: 0.002) G_GAN: 0.624 D_real: 0.142 D_fake: 0.085 G: 2.460 NCE: 1.836 
(epoch: 17, iters: 8004, time: 0.086, data: 0.002) G_GAN: 0.832 D_real: 0.094 D_fake: 0.174 G: 2.982 NCE: 2.150 
(epoch: 17, iters: 8304, time: 0.087, data: 0.002) G_GAN: 0.778 D_real: 0.106 D_fake: 0.093 G: 2.515 NCE: 1.737 
(epoch: 17, iters: 8604, time: 0.087, data: 0.001) G_GAN: 0.763 D_real: 0.122 D_fake: 0.076 G: 2.483 NCE: 1.720 
(epoch: 17, iters: 8904, time: 0.088, data: 0.001) G_GAN: 0.764 D_real: 0.133 D_fake: 0.115 G: 2.368 NCE: 1.603 
saving the latest model (epoch 17, total_iters 165000)
cut_to_vangogh
(epoch: 17, iters: 9204, time: 0.088, data: 0.003) G_GAN: 0.726 D_real: 0.137 D_fake: 0.130 G: 2.338 NCE: 1.612 
(epoch: 17, iters: 9504, time: 0.088, data: 0.001) G_GAN: 0.764 D_real: 0.170 D_fake: 0.043 G: 2.636 NCE: 1.872 
End of epoch 17 / 20 	 Time Taken: 873 sec
learning rate = 0.0002000
(epoch: 18, iters: 48, time: 0.089, data: 0.002) G_GAN: 0.543 D_real: 0.223 D_fake: 0.059 G: 2.350 NCE: 1.808 
(epoch: 18, iters: 348, time: 0.089, data: 0.001) G_GAN: 0.751 D_real: 0.096 D_fake: 0.112 G: 2.468 NCE: 1.718 
(epoch: 18, iters: 648, time: 0.089, data: 0.002) G_GAN: 0.873 D_real: 0.052 D_fake: 0.200 G: 2.722 NCE: 1.849 
(epoch: 18, iters: 948, time: 0.089, data: 0.001) G_GAN: 0.618 D_real: 0.159 D_fake: 0.180 G: 2.231 NCE: 1.613 
(epoch: 18, iters: 1248, time: 0.089, data: 0.002) G_GAN: 0.692 D_real: 0.111 D_fake: 0.086 G: 2.567 NCE: 1.874 
(epoch: 18, iters: 1548, time: 0.089, data: 0.001) G_GAN: 0.849 D_real: 0.172 D_fake: 0.201 G: 2.624 NCE: 1.775 
(epoch: 18, iters: 1848, time: 0.089, data: 0.002) G_GAN: 0.539 D_real: 0.170 D_fake: 0.062 G: 2.485 NCE: 1.947 
(epoch: 18, iters: 2148, time: 0.089, data: 0.002) G_GAN: 0.984 D_real: 0.242 D_fake: 0.170 G: 2.819 NCE: 1.835 
(epoch: 18, iters: 2448, time: 0.089, data: 0.001) G_GAN: 1.227 D_real: 0.091 D_fake: 0.267 G: 3.059 NCE: 1.832 
(epoch: 18, iters: 2748, time: 0.089, data: 0.001) G_GAN: 1.006 D_real: 0.119 D_fake: 0.078 G: 2.776 NCE: 1.770 
(epoch: 18, iters: 3048, time: 0.089, data: 0.001) G_GAN: 0.869 D_real: 0.068 D_fake: 0.157 G: 2.761 NCE: 1.891 
(epoch: 18, iters: 3348, time: 0.089, data: 0.001) G_GAN: 0.554 D_real: 0.195 D_fake: 0.071 G: 2.380 NCE: 1.826 
(epoch: 18, iters: 3648, time: 0.086, data: 0.002) G_GAN: 0.927 D_real: 0.057 D_fake: 0.087 G: 2.859 NCE: 1.932 
(epoch: 18, iters: 3948, time: 0.081, data: 0.001) G_GAN: 0.889 D_real: 0.069 D_fake: 0.073 G: 2.718 NCE: 1.829 
(epoch: 18, iters: 4248, time: 0.078, data: 0.001) G_GAN: 0.636 D_real: 0.132 D_fake: 0.141 G: 2.448 NCE: 1.812 
(epoch: 18, iters: 4548, time: 0.075, data: 0.001) G_GAN: 1.025 D_real: 0.042 D_fake: 0.114 G: 3.216 NCE: 2.191 
(epoch: 18, iters: 4848, time: 0.072, data: 0.001) G_GAN: 0.941 D_real: 0.075 D_fake: 0.103 G: 2.901 NCE: 1.960 
(epoch: 18, iters: 5148, time: 0.070, data: 0.001) G_GAN: 0.740 D_real: 0.119 D_fake: 0.077 G: 2.459 NCE: 1.719 
(epoch: 18, iters: 5448, time: 0.069, data: 0.001) G_GAN: 0.916 D_real: 0.075 D_fake: 0.135 G: 2.851 NCE: 1.935 
(epoch: 18, iters: 5748, time: 0.068, data: 0.002) G_GAN: 0.741 D_real: 0.179 D_fake: 0.067 G: 2.548 NCE: 1.807 
(epoch: 18, iters: 6048, time: 0.067, data: 0.002) G_GAN: 0.754 D_real: 0.068 D_fake: 0.177 G: 2.511 NCE: 1.758 
(epoch: 18, iters: 6348, time: 0.066, data: 0.002) G_GAN: 0.632 D_real: 0.166 D_fake: 0.082 G: 2.244 NCE: 1.613 
(epoch: 18, iters: 6648, time: 0.066, data: 0.002) G_GAN: 0.897 D_real: 0.103 D_fake: 0.085 G: 2.711 NCE: 1.814 
(epoch: 18, iters: 6948, time: 0.066, data: 0.002) G_GAN: 0.733 D_real: 0.090 D_fake: 0.069 G: 2.396 NCE: 1.663 
(epoch: 18, iters: 7248, time: 0.065, data: 0.002) G_GAN: 1.035 D_real: 0.090 D_fake: 0.255 G: 2.980 NCE: 1.945 
(epoch: 18, iters: 7548, time: 0.065, data: 0.002) G_GAN: 0.650 D_real: 0.164 D_fake: 0.111 G: 2.553 NCE: 1.904 
(epoch: 18, iters: 7848, time: 0.065, data: 0.001) G_GAN: 0.777 D_real: 0.065 D_fake: 0.087 G: 2.427 NCE: 1.650 
(epoch: 18, iters: 8148, time: 0.064, data: 0.002) G_GAN: 0.825 D_real: 0.086 D_fake: 0.143 G: 2.601 NCE: 1.776 
(epoch: 18, iters: 8448, time: 0.064, data: 0.002) G_GAN: 0.665 D_real: 0.169 D_fake: 0.077 G: 2.533 NCE: 1.869 
(epoch: 18, iters: 8748, time: 0.064, data: 0.002) G_GAN: 0.826 D_real: 0.078 D_fake: 0.235 G: 2.727 NCE: 1.902 
(epoch: 18, iters: 9048, time: 0.064, data: 0.002) G_GAN: 0.875 D_real: 0.084 D_fake: 0.155 G: 2.811 NCE: 1.935 
(epoch: 18, iters: 9348, time: 0.064, data: 0.001) G_GAN: 0.885 D_real: 0.060 D_fake: 0.199 G: 2.580 NCE: 1.695 
(epoch: 18, iters: 9648, time: 0.064, data: 0.001) G_GAN: 0.736 D_real: 0.102 D_fake: 0.196 G: 2.424 NCE: 1.687 
End of epoch 18 / 20 	 Time Taken: 723 sec
learning rate = 0.0002000
(epoch: 19, iters: 192, time: 0.064, data: 0.002) G_GAN: 0.641 D_real: 0.110 D_fake: 0.101 G: 2.579 NCE: 1.938 
(epoch: 19, iters: 492, time: 0.064, data: 0.001) G_GAN: 0.886 D_real: 0.067 D_fake: 0.093 G: 2.923 NCE: 2.038 
(epoch: 19, iters: 792, time: 0.064, data: 0.002) G_GAN: 0.828 D_real: 0.059 D_fake: 0.110 G: 2.672 NCE: 1.844 
(epoch: 19, iters: 1092, time: 0.064, data: 0.002) G_GAN: 0.975 D_real: 0.106 D_fake: 0.120 G: 2.663 NCE: 1.688 
(epoch: 19, iters: 1392, time: 0.065, data: 0.001) G_GAN: 0.931 D_real: 0.115 D_fake: 0.099 G: 2.983 NCE: 2.052 
(epoch: 19, iters: 1692, time: 0.065, data: 0.002) G_GAN: 0.667 D_real: 0.107 D_fake: 0.103 G: 2.618 NCE: 1.951 
(epoch: 19, iters: 1992, time: 0.065, data: 0.001) G_GAN: 1.082 D_real: 0.092 D_fake: 0.130 G: 2.660 NCE: 1.578 
(epoch: 19, iters: 2292, time: 0.066, data: 0.002) G_GAN: 0.569 D_real: 0.248 D_fake: 0.079 G: 2.315 NCE: 1.746 
(epoch: 19, iters: 2592, time: 0.066, data: 0.002) G_GAN: 0.802 D_real: 0.070 D_fake: 0.097 G: 2.441 NCE: 1.639 
(epoch: 19, iters: 2892, time: 0.066, data: 0.001) G_GAN: 0.521 D_real: 0.219 D_fake: 0.060 G: 2.215 NCE: 1.693 
(epoch: 19, iters: 3192, time: 0.066, data: 0.002) G_GAN: 0.944 D_real: 0.065 D_fake: 0.121 G: 2.615 NCE: 1.670 
(epoch: 19, iters: 3492, time: 0.069, data: 0.002) G_GAN: 0.915 D_real: 0.070 D_fake: 0.136 G: 2.631 NCE: 1.715 
(epoch: 19, iters: 3792, time: 0.070, data: 0.006) G_GAN: 0.666 D_real: 0.099 D_fake: 0.114 G: 2.417 NCE: 1.751 
(epoch: 19, iters: 4092, time: 0.069, data: 0.002) G_GAN: 0.842 D_real: 0.054 D_fake: 0.092 G: 2.562 NCE: 1.720 
(epoch: 19, iters: 4392, time: 0.068, data: 0.002) G_GAN: 0.821 D_real: 0.085 D_fake: 0.224 G: 2.596 NCE: 1.775 
saving the latest model (epoch 19, total_iters 180000)
cut_to_vangogh
(epoch: 19, iters: 4692, time: 0.067, data: 0.002) G_GAN: 1.024 D_real: 0.074 D_fake: 0.173 G: 2.840 NCE: 1.816 
(epoch: 19, iters: 4992, time: 0.067, data: 0.002) G_GAN: 0.823 D_real: 0.066 D_fake: 0.035 G: 2.572 NCE: 1.749 
(epoch: 19, iters: 5292, time: 0.066, data: 0.002) G_GAN: 0.656 D_real: 0.194 D_fake: 0.096 G: 2.643 NCE: 1.986 
(epoch: 19, iters: 5592, time: 0.068, data: 0.001) G_GAN: 0.974 D_real: 0.066 D_fake: 0.058 G: 2.720 NCE: 1.746 
(epoch: 19, iters: 5892, time: 0.067, data: 0.002) G_GAN: 0.910 D_real: 0.080 D_fake: 0.163 G: 2.815 NCE: 1.905 
(epoch: 19, iters: 6192, time: 0.068, data: 0.002) G_GAN: 0.703 D_real: 0.146 D_fake: 0.069 G: 2.574 NCE: 1.871 
(epoch: 19, iters: 6492, time: 0.067, data: 0.002) G_GAN: 0.963 D_real: 0.056 D_fake: 0.122 G: 2.675 NCE: 1.711 
(epoch: 19, iters: 6792, time: 0.067, data: 0.002) G_GAN: 0.596 D_real: 0.300 D_fake: 0.108 G: 2.396 NCE: 1.800 
(epoch: 19, iters: 7092, time: 0.067, data: 0.001) G_GAN: 0.836 D_real: 0.072 D_fake: 0.092 G: 2.589 NCE: 1.753 
(epoch: 19, iters: 7392, time: 0.066, data: 0.001) G_GAN: 0.945 D_real: 0.078 D_fake: 0.115 G: 2.867 NCE: 1.922 
(epoch: 19, iters: 7692, time: 0.066, data: 0.001) G_GAN: 0.811 D_real: 0.164 D_fake: 0.068 G: 2.510 NCE: 1.699 
(epoch: 19, iters: 7992, time: 0.065, data: 0.002) G_GAN: 0.711 D_real: 0.160 D_fake: 0.080 G: 2.616 NCE: 1.904 
(epoch: 19, iters: 8292, time: 0.065, data: 0.002) G_GAN: 0.475 D_real: 0.329 D_fake: 0.120 G: 2.342 NCE: 1.867 
(epoch: 19, iters: 8592, time: 0.065, data: 0.002) G_GAN: 0.843 D_real: 0.128 D_fake: 0.096 G: 2.494 NCE: 1.651 
(epoch: 19, iters: 8892, time: 0.065, data: 0.002) G_GAN: 0.831 D_real: 0.084 D_fake: 0.086 G: 2.489 NCE: 1.659 
(epoch: 19, iters: 9192, time: 0.065, data: 0.002) G_GAN: 0.820 D_real: 0.104 D_fake: 0.110 G: 2.545 NCE: 1.725 
(epoch: 19, iters: 9492, time: 0.064, data: 0.002) G_GAN: 0.700 D_real: 0.149 D_fake: 0.094 G: 2.516 NCE: 1.816 
End of epoch 19 / 20 	 Time Taken: 658 sec
learning rate = 0.0002000
(epoch: 20, iters: 36, time: 0.065, data: 0.001) G_GAN: 0.672 D_real: 0.102 D_fake: 0.100 G: 2.365 NCE: 1.693 
(epoch: 20, iters: 336, time: 0.064, data: 0.001) G_GAN: 0.938 D_real: 0.074 D_fake: 0.122 G: 2.699 NCE: 1.762 
(epoch: 20, iters: 636, time: 0.064, data: 0.002) G_GAN: 0.658 D_real: 0.142 D_fake: 0.111 G: 2.454 NCE: 1.797 
(epoch: 20, iters: 936, time: 0.064, data: 0.001) G_GAN: 0.840 D_real: 0.087 D_fake: 0.145 G: 2.651 NCE: 1.811 
(epoch: 20, iters: 1236, time: 0.064, data: 0.001) G_GAN: 0.772 D_real: 0.121 D_fake: 0.090 G: 2.641 NCE: 1.869 
(epoch: 20, iters: 1536, time: 0.064, data: 0.002) G_GAN: 1.311 D_real: 0.064 D_fake: 0.371 G: 3.009 NCE: 1.698 
(epoch: 20, iters: 1836, time: 0.064, data: 0.001) G_GAN: 0.789 D_real: 0.093 D_fake: 0.101 G: 2.578 NCE: 1.788 
(epoch: 20, iters: 2136, time: 0.064, data: 0.002) G_GAN: 0.801 D_real: 0.100 D_fake: 0.140 G: 2.624 NCE: 1.822 
(epoch: 20, iters: 2436, time: 0.064, data: 0.002) G_GAN: 0.780 D_real: 0.153 D_fake: 0.110 G: 2.497 NCE: 1.717 
(epoch: 20, iters: 2736, time: 0.064, data: 0.001) G_GAN: 0.835 D_real: 0.068 D_fake: 0.109 G: 2.550 NCE: 1.716 
(epoch: 20, iters: 3036, time: 0.064, data: 0.001) G_GAN: 0.536 D_real: 0.216 D_fake: 0.084 G: 2.346 NCE: 1.811 
(epoch: 20, iters: 3336, time: 0.064, data: 0.003) G_GAN: 0.785 D_real: 0.048 D_fake: 0.152 G: 2.500 NCE: 1.715 
(epoch: 20, iters: 3636, time: 0.064, data: 0.001) G_GAN: 0.769 D_real: 0.169 D_fake: 0.172 G: 2.548 NCE: 1.779 
(epoch: 20, iters: 3936, time: 0.064, data: 0.003) G_GAN: 0.920 D_real: 0.083 D_fake: 0.179 G: 2.603 NCE: 1.682 
(epoch: 20, iters: 4236, time: 0.064, data: 0.002) G_GAN: 1.181 D_real: 0.070 D_fake: 0.191 G: 2.874 NCE: 1.693 
(epoch: 20, iters: 4536, time: 0.064, data: 0.002) G_GAN: 0.802 D_real: 0.087 D_fake: 0.103 G: 2.758 NCE: 1.956 
(epoch: 20, iters: 4836, time: 0.064, data: 0.002) G_GAN: 0.540 D_real: 0.209 D_fake: 0.105 G: 2.326 NCE: 1.786 
(epoch: 20, iters: 5136, time: 0.064, data: 0.002) G_GAN: 0.758 D_real: 0.114 D_fake: 0.243 G: 2.670 NCE: 1.912 
(epoch: 20, iters: 5436, time: 0.064, data: 0.002) G_GAN: 0.885 D_real: 0.097 D_fake: 0.181 G: 2.793 NCE: 1.907 
(epoch: 20, iters: 5736, time: 0.064, data: 0.001) G_GAN: 0.887 D_real: 0.066 D_fake: 0.096 G: 2.701 NCE: 1.814 
(epoch: 20, iters: 6036, time: 0.065, data: 0.002) G_GAN: 0.823 D_real: 0.106 D_fake: 0.185 G: 2.451 NCE: 1.628 
(epoch: 20, iters: 6336, time: 0.065, data: 0.001) G_GAN: 0.859 D_real: 0.067 D_fake: 0.070 G: 2.790 NCE: 1.931 
(epoch: 20, iters: 6636, time: 0.065, data: 0.001) G_GAN: 0.757 D_real: 0.150 D_fake: 0.082 G: 2.563 NCE: 1.806 
(epoch: 20, iters: 6936, time: 0.065, data: 0.002) G_GAN: 0.957 D_real: 0.047 D_fake: 0.055 G: 2.782 NCE: 1.825 
(epoch: 20, iters: 7236, time: 0.064, data: 0.001) G_GAN: 0.938 D_real: 0.085 D_fake: 0.126 G: 2.739 NCE: 1.801 
(epoch: 20, iters: 7536, time: 0.064, data: 0.001) G_GAN: 1.173 D_real: 0.063 D_fake: 0.090 G: 2.940 NCE: 1.767 
(epoch: 20, iters: 7836, time: 0.064, data: 0.001) G_GAN: 0.633 D_real: 0.172 D_fake: 0.105 G: 2.356 NCE: 1.723 
(epoch: 20, iters: 8136, time: 0.064, data: 0.001) G_GAN: 0.863 D_real: 0.104 D_fake: 0.085 G: 2.856 NCE: 1.993 
(epoch: 20, iters: 8436, time: 0.065, data: 0.001) G_GAN: 0.864 D_real: 0.104 D_fake: 0.071 G: 2.593 NCE: 1.728 
(epoch: 20, iters: 8736, time: 0.065, data: 0.002) G_GAN: 0.827 D_real: 0.123 D_fake: 0.049 G: 2.514 NCE: 1.688 
(epoch: 20, iters: 9036, time: 0.064, data: 0.001) G_GAN: 1.014 D_real: 0.074 D_fake: 0.104 G: 2.866 NCE: 1.852 
(epoch: 20, iters: 9336, time: 0.064, data: 0.002) G_GAN: 0.686 D_real: 0.118 D_fake: 0.085 G: 2.512 NCE: 1.826 
(epoch: 20, iters: 9636, time: 0.063, data: 0.001) G_GAN: 0.791 D_real: 0.063 D_fake: 0.105 G: 2.424 NCE: 1.633 
saving the latest model (epoch 20, total_iters 195000)
cut_to_vangogh
saving the model at the end of epoch 20, iters 195120
End of epoch 20 / 20 	 Time Taken: 637 sec
learning rate = 0.0000000
