2026-02-20 14:17:24,049 - WARNING - w_style=214.1452 looks high for Projected SWD loss. Recommended start range is [5, 20].
2026-02-20 14:17:24,049 - INFO - Active losses: w_style, w_moment, w_identity, w_structure
2026-02-20 14:17:24,073 - INFO - Device: cuda
2026-02-20 14:17:24,073 - INFO - Seed: 42
2026-02-20 14:17:24,073 - INFO - Loading latent dataset from ..\..\sdxl-256-overfit50
2026-02-20 14:17:24,079 - INFO -   style=photo id=0 count=10
2026-02-20 14:17:24,083 - INFO -   style=Hayao id=1 count=10
2026-02-20 14:17:24,086 - INFO -   style=monet id=2 count=10
2026-02-20 14:17:24,090 - INFO -   style=cezanne id=3 count=10
2026-02-20 14:17:24,093 - INFO -   style=vangogh id=4 count=10
2026-02-20 14:17:24,151 - INFO - Dataset preloaded to cuda: 0.00GB across 5 style pools.
2026-02-20 14:17:24,153 - INFO - DataLoader | batch=50 workers=0 pin_memory=False persistent_workers=False preload_to_gpu=True
2026-02-20 14:17:24,195 - INFO - Model params: 7,153,476
2026-02-20 14:17:24,197 - INFO - Adding NCE Projector params to optimizer: 4 tensors
2026-02-20 14:17:24,831 - INFO - No checkpoint found, start from scratch.
2026-02-20 14:17:27,523 - INFO - [Epoch 1 Step 10/1000] loss=7411.1591 style=33.2235 mom=0.5977 struct=3.9509 tv=0.0000 idt=0.0490 it/s=3.72 eta=266.4s
2026-02-20 14:17:29,161 - INFO - [Epoch 1 Step 20/1000] loss=7554.7732 style=33.8386 mom=0.6029 struct=3.9658 tv=0.0000 idt=0.0677 it/s=4.62 eta=212.1s
2026-02-20 14:17:30,799 - INFO - [Epoch 1 Step 30/1000] loss=7511.8881 style=33.5931 mom=0.6031 struct=3.9697 tv=0.0000 idt=0.0849 it/s=5.03 eta=192.9s
2026-02-20 14:17:32,442 - INFO - [Epoch 1 Step 40/1000] loss=7458.1474 style=33.3027 mom=0.6020 struct=3.9637 tv=0.0000 idt=0.1010 it/s=5.26 eta=182.6s
2026-02-20 14:17:34,079 - INFO - [Epoch 1 Step 50/1000] loss=7460.1958 style=33.2628 mom=0.6039 struct=3.9626 tv=0.0000 idt=0.1196 it/s=5.41 eta=175.7s
2026-02-20 14:17:35,714 - INFO - [Epoch 1 Step 60/1000] loss=7377.5265 style=32.8211 mom=0.6037 struct=3.9700 tv=0.0000 idt=0.1409 it/s=5.51 eta=170.5s
2026-02-20 14:17:37,359 - INFO - [Epoch 1 Step 70/1000] loss=7277.8103 style=32.2986 mom=0.6014 struct=3.9741 tv=0.0000 idt=0.1634 it/s=5.59 eta=166.4s
2026-02-20 14:17:38,997 - INFO - [Epoch 1 Step 80/1000] loss=7245.8772 style=32.0675 mom=0.6024 struct=3.9811 tv=0.0000 idt=0.1945 it/s=5.65 eta=162.9s
2026-02-20 14:17:40,635 - INFO - [Epoch 1 Step 90/1000] loss=7158.9124 style=31.5762 mom=0.6019 struct=3.9868 tv=0.0000 idt=0.2274 it/s=5.70 eta=159.8s
2026-02-20 14:17:42,272 - INFO - [Epoch 1 Step 100/1000] loss=7077.8417 style=31.1138 mom=0.6022 struct=3.9946 tv=0.0000 idt=0.2593 it/s=5.73 eta=157.0s
2026-02-20 14:17:43,909 - INFO - [Epoch 1 Step 110/1000] loss=7000.3244 style=30.7103 mom=0.6006 struct=4.0022 tv=0.0000 idt=0.2754 it/s=5.77 eta=154.3s
2026-02-20 14:17:45,545 - INFO - [Epoch 1 Step 120/1000] loss=6915.2121 style=30.2578 mom=0.5999 struct=4.0089 tv=0.0000 idt=0.2966 it/s=5.79 eta=151.9s
2026-02-20 14:17:47,181 - INFO - [Epoch 1 Step 130/1000] loss=6846.2112 style=29.8847 mom=0.5978 struct=4.0169 tv=0.0000 idt=0.3166 it/s=5.82 eta=149.6s
2026-02-20 14:17:48,818 - INFO - [Epoch 1 Step 140/1000] loss=6760.1549 style=29.4419 mom=0.5966 struct=4.0225 tv=0.0000 idt=0.3325 it/s=5.84 eta=147.3s
2026-02-20 14:17:50,452 - INFO - [Epoch 1 Step 150/1000] loss=6703.2064 style=29.1168 mom=0.5959 struct=4.0300 tv=0.0000 idt=0.3553 it/s=5.85 eta=145.2s
2026-02-20 14:17:52,086 - INFO - [Epoch 1 Step 160/1000] loss=6636.9683 style=28.7632 mom=0.5939 struct=4.0382 tv=0.0000 idt=0.3726 it/s=5.87 eta=143.1s
2026-02-20 14:17:53,726 - INFO - [Epoch 1 Step 170/1000] loss=6569.1692 style=28.3820 mom=0.5916 struct=4.0482 tv=0.0000 idt=0.3978 it/s=5.88 eta=141.1s
2026-02-20 14:17:55,363 - INFO - [Epoch 1 Step 180/1000] loss=6497.1575 style=28.0063 mom=0.5900 struct=4.0572 tv=0.0000 idt=0.4131 it/s=5.90 eta=139.1s
2026-02-20 14:17:56,997 - INFO - [Epoch 1 Step 190/1000] loss=6440.0178 style=27.6886 mom=0.5874 struct=4.0686 tv=0.0000 idt=0.4330 it/s=5.91 eta=137.1s
2026-02-20 14:17:58,634 - INFO - [Epoch 1 Step 200/1000] loss=6381.2492 style=27.3769 mom=0.5850 struct=4.0794 tv=0.0000 idt=0.4476 it/s=5.92 eta=135.2s
2026-02-20 14:18:00,270 - INFO - [Epoch 1 Step 210/1000] loss=6315.3706 style=27.0288 mom=0.5826 struct=4.0877 tv=0.0000 idt=0.4636 it/s=5.93 eta=133.3s
2026-02-20 14:18:01,904 - INFO - [Epoch 1 Step 220/1000] loss=6250.2799 style=26.6985 mom=0.5795 struct=4.0965 tv=0.0000 idt=0.4743 it/s=5.93 eta=131.4s
2026-02-20 14:18:03,540 - INFO - [Epoch 1 Step 230/1000] loss=6198.7357 style=26.4198 mom=0.5768 struct=4.1076 tv=0.0000 idt=0.4893 it/s=5.94 eta=129.6s
2026-02-20 14:18:05,180 - INFO - [Epoch 1 Step 240/1000] loss=6151.5283 style=26.1589 mom=0.5742 struct=4.1197 tv=0.0000 idt=0.5051 it/s=5.95 eta=127.8s
2026-02-20 14:18:06,815 - INFO - [Epoch 1 Step 250/1000] loss=6110.2171 style=25.9192 mom=0.5720 struct=4.1293 tv=0.0000 idt=0.5234 it/s=5.95 eta=125.9s
2026-02-20 14:18:08,456 - INFO - [Epoch 1 Step 260/1000] loss=6074.4252 style=25.7269 mom=0.5701 struct=4.1389 tv=0.0000 idt=0.5332 it/s=5.96 eta=124.2s
2026-02-20 14:18:10,091 - INFO - [Epoch 1 Step 270/1000] loss=6034.0039 style=25.5045 mom=0.5681 struct=4.1478 tv=0.0000 idt=0.5464 it/s=5.97 eta=122.4s
2026-02-20 14:18:11,736 - INFO - [Epoch 1 Step 280/1000] loss=5994.9731 style=25.2942 mom=0.5663 struct=4.1585 tv=0.0000 idt=0.5571 it/s=5.97 eta=120.6s
2026-02-20 14:18:13,375 - INFO - [Epoch 1 Step 290/1000] loss=5957.5276 style=25.0927 mom=0.5650 struct=4.1674 tv=0.0000 idt=0.5673 it/s=5.97 eta=118.8s
2026-02-20 14:18:15,007 - INFO - [Epoch 1 Step 300/1000] loss=5922.4145 style=24.9030 mom=0.5634 struct=4.1739 tv=0.0000 idt=0.5775 it/s=5.98 eta=117.1s
2026-02-20 14:18:16,650 - INFO - [Epoch 1 Step 310/1000] loss=5898.2309 style=24.7649 mom=0.5623 struct=4.1820 tv=0.0000 idt=0.5871 it/s=5.98 eta=115.3s
2026-02-20 14:18:18,286 - INFO - [Epoch 1 Step 320/1000] loss=5863.0408 style=24.5742 mom=0.5606 struct=4.1925 tv=0.0000 idt=0.5972 it/s=5.99 eta=113.6s
2026-02-20 14:18:19,921 - INFO - [Epoch 1 Step 330/1000] loss=5829.6137 style=24.4052 mom=0.5590 struct=4.1999 tv=0.0000 idt=0.6023 it/s=5.99 eta=111.8s
2026-02-20 14:18:21,562 - INFO - [Epoch 1 Step 340/1000] loss=5801.6241 style=24.2561 mom=0.5582 struct=4.2076 tv=0.0000 idt=0.6092 it/s=5.99 eta=110.1s
2026-02-20 14:18:23,195 - INFO - [Epoch 1 Step 350/1000] loss=5775.3876 style=24.1136 mom=0.5574 struct=4.2157 tv=0.0000 idt=0.6166 it/s=6.00 eta=108.4s
2026-02-20 14:18:24,831 - INFO - [Epoch 1 Step 360/1000] loss=5743.4077 style=23.9485 mom=0.5562 struct=4.2236 tv=0.0000 idt=0.6227 it/s=6.00 eta=106.7s
2026-02-20 14:18:26,462 - INFO - [Epoch 1 Step 370/1000] loss=5716.0006 style=23.8094 mom=0.5547 struct=4.2309 tv=0.0000 idt=0.6270 it/s=6.00 eta=104.9s
2026-02-20 14:18:28,098 - INFO - [Epoch 1 Step 380/1000] loss=5687.6364 style=23.6685 mom=0.5534 struct=4.2386 tv=0.0000 idt=0.6302 it/s=6.01 eta=103.2s
2026-02-20 14:18:29,731 - INFO - [Epoch 1 Step 390/1000] loss=5663.5888 style=23.5379 mom=0.5524 struct=4.2460 tv=0.0000 idt=0.6371 it/s=6.01 eta=101.5s
2026-02-20 14:18:31,366 - INFO - [Epoch 1 Step 400/1000] loss=5642.1767 style=23.4285 mom=0.5513 struct=4.2515 tv=0.0000 idt=0.6408 it/s=6.01 eta=99.8s
2026-02-20 14:18:33,002 - INFO - [Epoch 1 Step 410/1000] loss=5620.7352 style=23.3196 mom=0.5502 struct=4.2583 tv=0.0000 idt=0.6442 it/s=6.01 eta=98.1s
2026-02-20 14:18:34,644 - INFO - [Epoch 1 Step 420/1000] loss=5603.3233 style=23.2186 mom=0.5492 struct=4.2659 tv=0.0000 idt=0.6516 it/s=6.02 eta=96.4s
2026-02-20 14:18:36,286 - INFO - [Epoch 1 Step 430/1000] loss=5589.0927 style=23.1495 mom=0.5483 struct=4.2704 tv=0.0000 idt=0.6527 it/s=6.02 eta=94.7s
2026-02-20 14:18:37,919 - INFO - [Epoch 1 Step 440/1000] loss=5576.1761 style=23.0704 mom=0.5475 struct=4.2772 tv=0.0000 idt=0.6598 it/s=6.02 eta=93.0s
2026-02-20 14:18:39,555 - INFO - [Epoch 1 Step 450/1000] loss=5557.0908 style=22.9668 mom=0.5465 struct=4.2829 tv=0.0000 idt=0.6654 it/s=6.02 eta=91.3s
2026-02-20 14:18:41,202 - INFO - [Epoch 1 Step 460/1000] loss=5536.0337 style=22.8715 mom=0.5458 struct=4.2870 tv=0.0000 idt=0.6642 it/s=6.02 eta=89.7s
2026-02-20 14:18:42,843 - INFO - [Epoch 1 Step 470/1000] loss=5518.0536 style=22.7818 mom=0.5448 struct=4.2926 tv=0.0000 idt=0.6664 it/s=6.02 eta=88.0s
2026-02-20 14:18:44,481 - INFO - [Epoch 1 Step 480/1000] loss=5498.9282 style=22.6839 mom=0.5440 struct=4.2981 tv=0.0000 idt=0.6696 it/s=6.03 eta=86.3s
2026-02-20 14:18:46,111 - INFO - [Epoch 1 Step 490/1000] loss=5480.3564 style=22.5849 mom=0.5430 struct=4.3043 tv=0.0000 idt=0.6743 it/s=6.03 eta=84.6s
2026-02-20 14:18:47,747 - INFO - [Epoch 1 Step 500/1000] loss=5461.6330 style=22.4908 mom=0.5419 struct=4.3100 tv=0.0000 idt=0.6769 it/s=6.03 eta=82.9s
2026-02-20 14:18:49,378 - INFO - [Epoch 1 Step 510/1000] loss=5441.6367 style=22.3924 mom=0.5407 struct=4.3143 tv=0.0000 idt=0.6790 it/s=6.03 eta=81.2s
2026-02-20 14:18:51,021 - INFO - [Epoch 1 Step 520/1000] loss=5430.6949 style=22.3372 mom=0.5403 struct=4.3185 tv=0.0000 idt=0.6804 it/s=6.03 eta=79.6s
2026-02-20 14:18:52,663 - INFO - [Epoch 1 Step 530/1000] loss=5417.5065 style=22.2707 mom=0.5398 struct=4.3226 tv=0.0000 idt=0.6822 it/s=6.03 eta=77.9s
2026-02-20 14:18:54,302 - INFO - [Epoch 1 Step 540/1000] loss=5400.8945 style=22.1909 mom=0.5392 struct=4.3283 tv=0.0000 idt=0.6829 it/s=6.04 eta=76.2s
2026-02-20 14:18:55,943 - INFO - [Epoch 1 Step 550/1000] loss=5384.8099 style=22.1137 mom=0.5386 struct=4.3339 tv=0.0000 idt=0.6835 it/s=6.04 eta=74.5s
2026-02-20 14:18:57,576 - INFO - [Epoch 1 Step 560/1000] loss=5368.6737 style=22.0381 mom=0.5379 struct=4.3406 tv=0.0000 idt=0.6834 it/s=6.04 eta=72.9s
2026-02-20 14:18:59,209 - INFO - [Epoch 1 Step 570/1000] loss=5352.0474 style=21.9592 mom=0.5372 struct=4.3445 tv=0.0000 idt=0.6839 it/s=6.04 eta=71.2s
2026-02-20 14:19:00,842 - INFO - [Epoch 1 Step 580/1000] loss=5336.4369 style=21.8832 mom=0.5364 struct=4.3488 tv=0.0000 idt=0.6851 it/s=6.04 eta=69.5s
2026-02-20 14:19:02,478 - INFO - [Epoch 1 Step 590/1000] loss=5320.2562 style=21.8119 mom=0.5357 struct=4.3518 tv=0.0000 idt=0.6834 it/s=6.04 eta=67.9s
2026-02-20 14:19:04,112 - INFO - [Epoch 1 Step 600/1000] loss=5306.6187 style=21.7445 mom=0.5349 struct=4.3564 tv=0.0000 idt=0.6848 it/s=6.04 eta=66.2s
2026-02-20 14:19:05,760 - INFO - [Epoch 1 Step 610/1000] loss=5292.1429 style=21.6786 mom=0.5344 struct=4.3613 tv=0.0000 idt=0.6840 it/s=6.04 eta=64.5s
2026-02-20 14:19:07,396 - INFO - [Epoch 1 Step 620/1000] loss=5277.7823 style=21.6118 mom=0.5335 struct=4.3668 tv=0.0000 idt=0.6838 it/s=6.05 eta=62.9s
2026-02-20 14:19:09,032 - INFO - [Epoch 1 Step 630/1000] loss=5265.5403 style=21.5593 mom=0.5332 struct=4.3710 tv=0.0000 idt=0.6819 it/s=6.05 eta=61.2s
2026-02-20 14:19:10,692 - INFO - [Epoch 1 Step 640/1000] loss=5249.9448 style=21.4868 mom=0.5324 struct=4.3750 tv=0.0000 idt=0.6817 it/s=6.05 eta=59.5s
2026-02-20 14:19:12,329 - INFO - [Epoch 1 Step 650/1000] loss=5235.4560 style=21.4234 mom=0.5317 struct=4.3780 tv=0.0000 idt=0.6801 it/s=6.05 eta=57.9s
2026-02-20 14:19:13,979 - INFO - [Epoch 1 Step 660/1000] loss=5220.0954 style=21.3542 mom=0.5309 struct=4.3817 tv=0.0000 idt=0.6792 it/s=6.05 eta=56.2s
2026-02-20 14:19:15,620 - INFO - [Epoch 1 Step 670/1000] loss=5208.5489 style=21.2982 mom=0.5305 struct=4.3865 tv=0.0000 idt=0.6798 it/s=6.05 eta=54.6s
2026-02-20 14:19:17,254 - INFO - [Epoch 1 Step 680/1000] loss=5198.3535 style=21.2519 mom=0.5301 struct=4.3893 tv=0.0000 idt=0.6792 it/s=6.05 eta=52.9s
2026-02-20 14:19:18,897 - INFO - [Epoch 1 Step 690/1000] loss=5184.9150 style=21.1911 mom=0.5295 struct=4.3922 tv=0.0000 idt=0.6785 it/s=6.05 eta=51.2s
2026-02-20 14:19:20,533 - INFO - [Epoch 1 Step 700/1000] loss=5171.1876 style=21.1306 mom=0.5286 struct=4.3945 tv=0.0000 idt=0.6772 it/s=6.05 eta=49.6s
2026-02-20 14:19:22,170 - INFO - [Epoch 1 Step 710/1000] loss=5161.7727 style=21.0862 mom=0.5283 struct=4.3995 tv=0.0000 idt=0.6772 it/s=6.05 eta=47.9s
2026-02-20 14:19:23,810 - INFO - [Epoch 1 Step 720/1000] loss=5145.5213 style=21.0165 mom=0.5278 struct=4.4024 tv=0.0000 idt=0.6747 it/s=6.05 eta=46.3s
2026-02-20 14:19:25,444 - INFO - [Epoch 1 Step 730/1000] loss=5134.1253 style=20.9686 mom=0.5273 struct=4.4044 tv=0.0000 idt=0.6727 it/s=6.05 eta=44.6s
2026-02-20 14:19:27,082 - INFO - [Epoch 1 Step 740/1000] loss=5124.8937 style=20.9272 mom=0.5268 struct=4.4077 tv=0.0000 idt=0.6720 it/s=6.05 eta=43.0s
2026-02-20 14:19:28,723 - INFO - [Epoch 1 Step 750/1000] loss=5112.5239 style=20.8761 mom=0.5260 struct=4.4112 tv=0.0000 idt=0.6694 it/s=6.05 eta=41.3s
2026-02-20 14:19:30,360 - INFO - [Epoch 1 Step 760/1000] loss=5103.8171 style=20.8379 mom=0.5257 struct=4.4149 tv=0.0000 idt=0.6684 it/s=6.05 eta=39.6s
2026-02-20 14:19:31,995 - INFO - [Epoch 1 Step 770/1000] loss=5092.3370 style=20.7889 mom=0.5251 struct=4.4176 tv=0.0000 idt=0.6666 it/s=6.06 eta=38.0s
2026-02-20 14:19:33,647 - INFO - [Epoch 1 Step 780/1000] loss=5080.9237 style=20.7407 mom=0.5245 struct=4.4205 tv=0.0000 idt=0.6646 it/s=6.06 eta=36.3s
2026-02-20 14:19:35,283 - INFO - [Epoch 1 Step 790/1000] loss=5069.8909 style=20.6964 mom=0.5238 struct=4.4241 tv=0.0000 idt=0.6618 it/s=6.06 eta=34.7s
2026-02-20 14:19:36,919 - INFO - [Epoch 1 Step 800/1000] loss=5059.2531 style=20.6483 mom=0.5233 struct=4.4273 tv=0.0000 idt=0.6611 it/s=6.06 eta=33.0s
2026-02-20 14:19:38,560 - INFO - [Epoch 1 Step 810/1000] loss=5049.0305 style=20.6036 mom=0.5227 struct=4.4304 tv=0.0000 idt=0.6600 it/s=6.06 eta=31.4s
2026-02-20 14:19:40,196 - INFO - [Epoch 1 Step 820/1000] loss=5039.6709 style=20.5621 mom=0.5224 struct=4.4330 tv=0.0000 idt=0.6591 it/s=6.06 eta=29.7s
2026-02-20 14:19:41,828 - INFO - [Epoch 1 Step 830/1000] loss=5029.8608 style=20.5213 mom=0.5219 struct=4.4361 tv=0.0000 idt=0.6571 it/s=6.06 eta=28.1s
2026-02-20 14:19:43,465 - INFO - [Epoch 1 Step 840/1000] loss=5019.3383 style=20.4781 mom=0.5214 struct=4.4387 tv=0.0000 idt=0.6548 it/s=6.06 eta=26.4s
2026-02-20 14:19:45,100 - INFO - [Epoch 1 Step 850/1000] loss=5009.4165 style=20.4384 mom=0.5210 struct=4.4422 tv=0.0000 idt=0.6521 it/s=6.06 eta=24.8s
2026-02-20 14:19:46,735 - INFO - [Epoch 1 Step 860/1000] loss=4999.2504 style=20.3982 mom=0.5206 struct=4.4455 tv=0.0000 idt=0.6491 it/s=6.06 eta=23.1s
2026-02-20 14:19:48,381 - INFO - [Epoch 1 Step 870/1000] loss=4991.4218 style=20.3671 mom=0.5205 struct=4.4483 tv=0.0000 idt=0.6469 it/s=6.06 eta=21.4s
2026-02-20 14:19:50,012 - INFO - [Epoch 1 Step 880/1000] loss=4982.6843 style=20.3321 mom=0.5201 struct=4.4518 tv=0.0000 idt=0.6445 it/s=6.06 eta=19.8s
2026-02-20 14:19:51,647 - INFO - [Epoch 1 Step 890/1000] loss=4971.4544 style=20.2835 mom=0.5195 struct=4.4538 tv=0.0000 idt=0.6431 it/s=6.06 eta=18.1s
2026-02-20 14:19:53,295 - INFO - [Epoch 1 Step 900/1000] loss=4962.6166 style=20.2450 mom=0.5191 struct=4.4570 tv=0.0000 idt=0.6419 it/s=6.06 eta=16.5s
2026-02-20 14:19:54,931 - INFO - [Epoch 1 Step 910/1000] loss=4953.6218 style=20.2071 mom=0.5186 struct=4.4590 tv=0.0000 idt=0.6404 it/s=6.06 eta=14.8s
2026-02-20 14:19:56,577 - INFO - [Epoch 1 Step 920/1000] loss=4946.4607 style=20.1796 mom=0.5182 struct=4.4615 tv=0.0000 idt=0.6380 it/s=6.06 eta=13.2s
2026-02-20 14:19:58,215 - INFO - [Epoch 1 Step 930/1000] loss=4937.4620 style=20.1459 mom=0.5180 struct=4.4637 tv=0.0000 idt=0.6348 it/s=6.06 eta=11.5s
2026-02-20 14:19:59,850 - INFO - [Epoch 1 Step 940/1000] loss=4929.5405 style=20.1129 mom=0.5177 struct=4.4668 tv=0.0000 idt=0.6331 it/s=6.06 eta=9.9s
2026-02-20 14:20:01,489 - INFO - [Epoch 1 Step 950/1000] loss=4921.4611 style=20.0817 mom=0.5174 struct=4.4688 tv=0.0000 idt=0.6305 it/s=6.06 eta=8.2s
2026-02-20 14:20:03,126 - INFO - [Epoch 1 Step 960/1000] loss=4913.0078 style=20.0499 mom=0.5170 struct=4.4711 tv=0.0000 idt=0.6275 it/s=6.06 eta=6.6s
2026-02-20 14:20:04,760 - INFO - [Epoch 1 Step 970/1000] loss=4906.2345 style=20.0218 mom=0.5167 struct=4.4738 tv=0.0000 idt=0.6261 it/s=6.07 eta=4.9s
2026-02-20 14:20:06,393 - INFO - [Epoch 1 Step 980/1000] loss=4900.8383 style=20.0006 mom=0.5164 struct=4.4767 tv=0.0000 idt=0.6244 it/s=6.07 eta=3.3s
2026-02-20 14:20:08,034 - INFO - [Epoch 1 Step 990/1000] loss=4894.9593 style=19.9790 mom=0.5162 struct=4.4799 tv=0.0000 idt=0.6220 it/s=6.07 eta=1.6s
2026-02-20 14:20:09,673 - INFO - [Epoch 1 Step 1000/1000] loss=4885.6877 style=19.9401 mom=0.5158 struct=4.4829 tv=0.0000 idt=0.6202 it/s=6.07 eta=0.0s
2026-02-20 14:20:09,676 - INFO - Epoch 1/1 | loss=4885.6877 style_swd=19.9401 mom=0.5158 struct=4.4829 tv=0.0000 idt=0.6202 steps=1.0 h=1.00 s=1.00 lr=5.00e-04 data=1.2s comp=163.6s
2026-02-20 14:20:09,765 - INFO - Saved checkpoint: G:\GitHub\Latent_Style\Cycle-NCE\ssim-optun-nce\trial_0246\epoch_0001.pt (step=1000)
2026-02-20 14:20:09,766 - INFO - Running full eval for epoch 1 -> G:\GitHub\Latent_Style\Cycle-NCE\ssim-optun-nce\trial_0246\full_eval\epoch_0001
2026-02-20 14:21:03,064 - INFO - Full eval completed for epoch 1. Log: G:\GitHub\Latent_Style\Cycle-NCE\ssim-optun-nce\trial_0246\logs\full_eval_epoch_0001.log
2026-02-20 14:21:03,064 - INFO - Training completed.
