CMD: /home/xy/miniconda3/envs/cu128/bin/python /mnt/i/Github/Latent_Style/Cycle-NCE/src/run.py --config /mnt/i/Github/Latent_Style/Cycle-NCE/ablation-fixes/A1_tv0.5_l2_0.01/config.json

2026-02-15 22:04:40,310 - INFO - Active losses: w_struct, w_stroke_gram, w_color_moment, w_delta_tv, w_delta_l2, w_output_tv
2026-02-15 22:04:40,562 - INFO - Set PYTORCH_ALLOC_CONF=expandable_segments:True
2026-02-15 22:04:40,571 - INFO - Device: cuda
2026-02-15 22:04:40,571 - INFO - Seed: 42
2026-02-15 22:04:40,571 - INFO - Loading latent dataset from ../../latent-256
2026-02-15 22:05:04,439 - INFO -   style=photo id=0 count=6187
2026-02-15 22:05:11,052 - INFO -   style=Hayao id=1 count=1752
2026-02-15 22:05:11,380 - INFO - Dataset preloaded to cuda: 0.12GB across 2 style pools.
2026-02-15 22:05:11,385 - INFO - DataLoader | batch=320 workers=0 pin_memory=False persistent_workers=False preload_to_gpu=True
2026-02-15 22:05:11,485 - INFO - Model params: 8,421,700
2026-02-15 22:05:11,486 - INFO - Infra | channels_last=True tf32=True grad_ckpt=False compile=False backend=off mode=off fullgraph=False cudagraphs=off gc_collect_interval=0 loss_timing_interval=0 strict_batch_sanity=True strict_batch_sanity_interval=1 cuda_sync_debug=False profiler=False alloc_conf=expandable_segments:True
2026-02-15 22:05:11,486 - INFO - Nsight | nvtx=False cuda_profile=False capture_start_step=10 capture_steps=50
2026-02-15 22:05:12,218 - INFO - Precision | amp=True amp_dtype=fp16 grad_scaler=True fused_adamw=True prefer_fp16_on_rtx30=True
2026-02-15 22:05:12,219 - INFO - GPU | name=NVIDIA Graphics Device capability=8.6 vram_gb=12.00 rtx30=False
2026-02-15 22:05:12,599 - INFO - Resumed from /mnt/i/Github/Latent_Style/Cycle-NCE/ablation-fixes/A1_tv0.5_l2_0.01/checkpoints/epoch_0010.pt at epoch=11 global_step=740
2026-02-15 22:06:16,425 - INFO - Epoch 11/60 | loss=3.5277 struct=0.0454 sgram=0.0322 cmoment=0.1378 dtv=0.1764 dl2=0.4163 steps=1.0 h=1.00 s=0.77 lr=1.87e-04 data=0.8s comp=36.1s
2026-02-15 22:07:07,817 - INFO - Epoch 12/60 | loss=3.5035 struct=0.0457 sgram=0.0319 cmoment=0.1372 dtv=0.1770 dl2=0.4191 steps=1.0 h=1.00 s=0.78 lr=1.85e-04 data=0.8s comp=22.3s
2026-02-15 22:07:59,180 - INFO - Epoch 13/60 | loss=3.4882 struct=0.0460 sgram=0.0318 cmoment=0.1367 dtv=0.1774 dl2=0.4247 steps=1.0 h=1.00 s=0.78 lr=1.82e-04 data=0.8s comp=22.2s
2026-02-15 22:08:50,565 - INFO - Epoch 14/60 | loss=3.4892 struct=0.0468 sgram=0.0318 cmoment=0.1365 dtv=0.1783 dl2=0.4293 steps=1.0 h=1.00 s=0.78 lr=1.79e-04 data=0.8s comp=22.3s
2026-02-15 22:09:41,868 - INFO - Epoch 15/60 | loss=3.4851 struct=0.0475 sgram=0.0317 cmoment=0.1368 dtv=0.1793 dl2=0.4308 steps=1.0 h=1.00 s=0.79 lr=1.76e-04 data=0.8s comp=22.2s
2026-02-15 22:10:33,372 - INFO - Epoch 16/60 | loss=3.4381 struct=0.0486 sgram=0.0312 cmoment=0.1350 dtv=0.1810 dl2=0.4392 steps=1.0 h=1.00 s=0.77 lr=1.72e-04 data=0.8s comp=22.3s
2026-02-15 22:11:24,793 - INFO - Epoch 17/60 | loss=3.4283 struct=0.0487 sgram=0.0311 cmoment=0.1347 dtv=0.1829 dl2=0.4475 steps=1.0 h=1.00 s=0.77 lr=1.69e-04 data=0.8s comp=22.3s
2026-02-15 22:12:16,161 - INFO - Epoch 18/60 | loss=3.4250 struct=0.0496 sgram=0.0311 cmoment=0.1345 dtv=0.1849 dl2=0.4569 steps=1.0 h=1.00 s=0.78 lr=1.65e-04 data=0.8s comp=22.3s
2026-02-15 22:13:07,542 - INFO - Epoch 19/60 | loss=3.4158 struct=0.0496 sgram=0.0310 cmoment=0.1340 dtv=0.1879 dl2=0.4630 steps=1.0 h=1.00 s=0.77 lr=1.61e-04 data=0.8s comp=22.3s
2026-02-15 22:13:58,875 - INFO - Epoch 20/60 | loss=3.4192 struct=0.0498 sgram=0.0310 cmoment=0.1339 dtv=0.1879 dl2=0.4675 steps=1.0 h=1.00 s=0.78 lr=1.57e-04 data=0.9s comp=22.2s
2026-02-15 22:13:59,365 - INFO - Saved checkpoint: /mnt/i/Github/Latent_Style/Cycle-NCE/ablation-fixes/A1_tv0.5_l2_0.01/checkpoints/epoch_0020.pt
2026-02-15 22:14:50,744 - INFO - Epoch 21/60 | loss=3.3915 struct=0.0501 sgram=0.0307 cmoment=0.1338 dtv=0.1892 dl2=0.4733 steps=1.0 h=1.00 s=0.79 lr=1.53e-04 data=0.8s comp=22.3s
2026-02-15 22:15:42,224 - INFO - Epoch 22/60 | loss=3.3869 struct=0.0495 sgram=0.0306 cmoment=0.1334 dtv=0.1897 dl2=0.4755 steps=1.0 h=1.00 s=0.79 lr=1.48e-04 data=0.8s comp=22.3s
2026-02-15 22:16:33,612 - INFO - Epoch 23/60 | loss=3.4112 struct=0.0504 sgram=0.0309 cmoment=0.1342 dtv=0.1896 dl2=0.4776 steps=1.0 h=1.00 s=0.79 lr=1.44e-04 data=0.8s comp=22.2s
2026-02-15 22:17:24,948 - INFO - Epoch 24/60 | loss=3.3720 struct=0.0492 sgram=0.0305 cmoment=0.1330 dtv=0.1910 dl2=0.4745 steps=1.0 h=1.00 s=0.77 lr=1.39e-04 data=0.8s comp=22.3s
2026-02-15 22:18:16,159 - INFO - Epoch 25/60 | loss=3.3807 struct=0.0493 sgram=0.0306 cmoment=0.1329 dtv=0.1929 dl2=0.4825 steps=1.0 h=1.00 s=0.77 lr=1.34e-04 data=0.8s comp=22.2s
2026-02-15 22:19:07,493 - INFO - Epoch 26/60 | loss=3.3816 struct=0.0499 sgram=0.0306 cmoment=0.1333 dtv=0.1932 dl2=0.4869 steps=1.0 h=1.00 s=0.76 lr=1.30e-04 data=0.8s comp=22.2s
2026-02-15 22:19:58,863 - INFO - Epoch 27/60 | loss=3.3569 struct=0.0493 sgram=0.0303 cmoment=0.1328 dtv=0.1940 dl2=0.4852 steps=1.0 h=1.00 s=0.78 lr=1.25e-04 data=0.8s comp=22.2s
2026-02-15 22:20:50,294 - INFO - Epoch 28/60 | loss=3.3322 struct=0.0496 sgram=0.0300 cmoment=0.1317 dtv=0.1961 dl2=0.4960 steps=1.0 h=1.00 s=0.77 lr=1.20e-04 data=0.8s comp=22.3s
2026-02-15 22:21:42,065 - INFO - Epoch 29/60 | loss=3.3672 struct=0.0494 sgram=0.0304 cmoment=0.1323 dtv=0.1971 dl2=0.4985 steps=1.0 h=1.00 s=0.77 lr=1.15e-04 data=0.9s comp=22.5s
2026-02-15 22:22:33,865 - INFO - Epoch 30/60 | loss=3.3409 struct=0.0489 sgram=0.0302 cmoment=0.1316 dtv=0.1962 dl2=0.4970 steps=1.0 h=1.00 s=0.78 lr=1.10e-04 data=0.8s comp=22.4s
2026-02-15 22:22:34,415 - INFO - Saved checkpoint: /mnt/i/Github/Latent_Style/Cycle-NCE/ablation-fixes/A1_tv0.5_l2_0.01/checkpoints/epoch_0030.pt
2026-02-15 22:22:34,422 - INFO - Running full eval for epoch 30 -> /mnt/i/Github/Latent_Style/Cycle-NCE/ablation-fixes/A1_tv0.5_l2_0.01/checkpoints/full_eval/epoch_0030
2026-02-15 22:22:47,545 - ERROR - Full eval failed for epoch 30 (code=1). See /mnt/i/Github/Latent_Style/Cycle-NCE/ablation-fixes/A1_tv0.5_l2_0.01/checkpoints/logs/full_eval_epoch_0030.log
2026-02-15 22:23:38,928 - INFO - Epoch 31/60 | loss=3.3511 struct=0.0488 sgram=0.0303 cmoment=0.1322 dtv=0.1953 dl2=0.4932 steps=1.0 h=1.00 s=0.78 lr=1.05e-04 data=0.8s comp=22.2s
2026-02-15 22:24:30,307 - INFO - Epoch 32/60 | loss=3.3560 struct=0.0490 sgram=0.0304 cmoment=0.1316 dtv=0.1955 dl2=0.4984 steps=1.0 h=1.00 s=0.78 lr=1.00e-04 data=1.3s comp=22.1s
2026-02-15 22:25:21,094 - INFO - Epoch 33/60 | loss=3.3350 struct=0.0488 sgram=0.0301 cmoment=0.1319 dtv=0.1969 dl2=0.5000 steps=1.0 h=1.00 s=0.77 lr=9.51e-05 data=0.8s comp=21.8s
2026-02-15 22:26:12,680 - INFO - Epoch 34/60 | loss=3.3275 struct=0.0487 sgram=0.0300 cmoment=0.1318 dtv=0.1962 dl2=0.5030 steps=1.0 h=1.00 s=0.78 lr=9.01e-05 data=0.8s comp=22.2s
2026-02-15 22:27:04,235 - INFO - Epoch 35/60 | loss=3.3264 struct=0.0485 sgram=0.0300 cmoment=0.1315 dtv=0.1983 dl2=0.5095 steps=1.0 h=1.00 s=0.79 lr=8.52e-05 data=0.8s comp=22.2s
2026-02-15 22:27:55,851 - INFO - Epoch 36/60 | loss=3.3218 struct=0.0485 sgram=0.0299 cmoment=0.1318 dtv=0.1965 dl2=0.5008 steps=1.0 h=1.00 s=0.76 lr=8.04e-05 data=0.8s comp=22.2s
2026-02-15 22:28:47,447 - INFO - Epoch 37/60 | loss=3.3307 struct=0.0483 sgram=0.0300 cmoment=0.1317 dtv=0.1979 dl2=0.5042 steps=1.0 h=1.00 s=0.78 lr=7.56e-05 data=0.8s comp=22.2s
2026-02-15 22:29:39,194 - INFO - Epoch 38/60 | loss=3.3098 struct=0.0485 sgram=0.0298 cmoment=0.1311 dtv=0.1973 dl2=0.5048 steps=1.0 h=1.00 s=0.79 lr=7.10e-05 data=0.8s comp=22.3s
2026-02-15 22:30:30,781 - INFO - Epoch 39/60 | loss=3.3313 struct=0.0482 sgram=0.0300 cmoment=0.1317 dtv=0.1972 dl2=0.5038 steps=1.0 h=1.00 s=0.78 lr=6.64e-05 data=0.8s comp=22.2s
2026-02-15 22:31:22,152 - INFO - Epoch 40/60 | loss=3.3406 struct=0.0482 sgram=0.0301 cmoment=0.1326 dtv=0.1994 dl2=0.5116 steps=1.0 h=1.00 s=0.78 lr=6.19e-05 data=0.8s comp=22.2s
2026-02-15 22:31:22,668 - INFO - Saved checkpoint: /mnt/i/Github/Latent_Style/Cycle-NCE/ablation-fixes/A1_tv0.5_l2_0.01/checkpoints/epoch_0040.pt
2026-02-15 22:32:13,972 - INFO - Epoch 41/60 | loss=3.3407 struct=0.0483 sgram=0.0301 cmoment=0.1318 dtv=0.1986 dl2=0.5082 steps=1.0 h=1.00 s=0.76 lr=5.75e-05 data=0.8s comp=22.1s
2026-02-15 22:33:05,230 - INFO - Epoch 42/60 | loss=3.3303 struct=0.0478 sgram=0.0300 cmoment=0.1314 dtv=0.1978 dl2=0.5093 steps=1.0 h=1.00 s=0.78 lr=5.33e-05 data=0.8s comp=22.1s
2026-02-15 22:33:56,452 - INFO - Epoch 43/60 | loss=3.3058 struct=0.0477 sgram=0.0298 cmoment=0.1313 dtv=0.1973 dl2=0.5070 steps=1.0 h=1.00 s=0.76 lr=4.92e-05 data=0.8s comp=22.1s
2026-02-15 22:34:47,846 - INFO - Epoch 44/60 | loss=3.3108 struct=0.0480 sgram=0.0298 cmoment=0.1314 dtv=0.1989 dl2=0.5128 steps=1.0 h=1.00 s=0.79 lr=4.52e-05 data=0.8s comp=22.1s
2026-02-15 22:35:39,222 - INFO - Epoch 45/60 | loss=3.3224 struct=0.0481 sgram=0.0300 cmoment=0.1310 dtv=0.1987 dl2=0.5086 steps=1.0 h=1.00 s=0.76 lr=4.14e-05 data=0.9s comp=22.1s
2026-02-15 22:36:30,564 - INFO - Epoch 46/60 | loss=3.2913 struct=0.0478 sgram=0.0296 cmoment=0.1312 dtv=0.1995 dl2=0.5123 steps=1.0 h=1.00 s=0.78 lr=3.78e-05 data=0.8s comp=22.1s
2026-02-15 22:37:21,927 - INFO - Epoch 47/60 | loss=3.3112 struct=0.0479 sgram=0.0298 cmoment=0.1310 dtv=0.1987 dl2=0.5101 steps=1.0 h=1.00 s=0.77 lr=3.44e-05 data=0.8s comp=22.1s
2026-02-15 22:38:13,316 - INFO - Epoch 48/60 | loss=3.3182 struct=0.0473 sgram=0.0299 cmoment=0.1315 dtv=0.1989 dl2=0.5088 steps=1.0 h=1.00 s=0.77 lr=3.12e-05 data=0.8s comp=22.2s
2026-02-15 22:39:04,700 - INFO - Epoch 49/60 | loss=3.3215 struct=0.0480 sgram=0.0299 cmoment=0.1311 dtv=0.1996 dl2=0.5126 steps=1.0 h=1.00 s=0.77 lr=2.81e-05 data=0.8s comp=22.2s
2026-02-15 22:39:55,974 - INFO - Epoch 50/60 | loss=3.3227 struct=0.0474 sgram=0.0299 cmoment=0.1320 dtv=0.2001 dl2=0.5135 steps=1.0 h=1.00 s=0.79 lr=2.53e-05 data=0.8s comp=22.1s
2026-02-15 22:39:56,460 - INFO - Saved checkpoint: /mnt/i/Github/Latent_Style/Cycle-NCE/ablation-fixes/A1_tv0.5_l2_0.01/checkpoints/epoch_0050.pt
2026-02-15 22:40:47,778 - INFO - Epoch 51/60 | loss=3.3186 struct=0.0474 sgram=0.0299 cmoment=0.1315 dtv=0.1988 dl2=0.5104 steps=1.0 h=1.00 s=0.77 lr=2.27e-05 data=0.8s comp=22.1s
2026-02-15 22:41:39,136 - INFO - Epoch 52/60 | loss=3.3420 struct=0.0474 sgram=0.0301 cmoment=0.1321 dtv=0.1988 dl2=0.5110 steps=1.0 h=1.00 s=0.78 lr=2.04e-05 data=0.8s comp=22.1s
2026-02-15 22:42:30,549 - INFO - Epoch 53/60 | loss=3.3132 struct=0.0480 sgram=0.0298 cmoment=0.1314 dtv=0.2003 dl2=0.5199 steps=1.0 h=1.00 s=0.78 lr=1.82e-05 data=0.8s comp=22.2s
2026-02-15 22:43:21,879 - INFO - Epoch 54/60 | loss=3.3307 struct=0.0476 sgram=0.0300 cmoment=0.1317 dtv=0.1993 dl2=0.5149 steps=1.0 h=1.00 s=0.78 lr=1.63e-05 data=0.8s comp=22.1s
2026-02-15 22:44:13,287 - INFO - Epoch 55/60 | loss=3.3174 struct=0.0476 sgram=0.0298 cmoment=0.1321 dtv=0.1994 dl2=0.5148 steps=1.0 h=1.00 s=0.77 lr=1.46e-05 data=0.8s comp=22.1s
2026-02-15 22:45:04,647 - INFO - Epoch 56/60 | loss=3.3222 struct=0.0475 sgram=0.0299 cmoment=0.1319 dtv=0.1987 dl2=0.5083 steps=1.0 h=1.00 s=0.76 lr=1.32e-05 data=0.8s comp=22.1s
2026-02-15 22:45:55,933 - INFO - Epoch 57/60 | loss=3.2900 struct=0.0476 sgram=0.0296 cmoment=0.1304 dtv=0.1991 dl2=0.5148 steps=1.0 h=1.00 s=0.77 lr=1.21e-05 data=0.9s comp=22.1s
2026-02-15 22:46:47,337 - INFO - Epoch 58/60 | loss=3.3021 struct=0.0473 sgram=0.0297 cmoment=0.1308 dtv=0.1995 dl2=0.5146 steps=1.0 h=1.00 s=0.77 lr=1.12e-05 data=0.8s comp=22.2s
2026-02-15 22:47:38,706 - INFO - Epoch 59/60 | loss=3.3087 struct=0.0476 sgram=0.0298 cmoment=0.1313 dtv=0.2006 dl2=0.5179 steps=1.0 h=1.00 s=0.79 lr=1.05e-05 data=0.8s comp=22.1s
2026-02-15 22:48:30,105 - INFO - Epoch 60/60 | loss=3.3172 struct=0.0477 sgram=0.0299 cmoment=0.1312 dtv=0.2002 dl2=0.5172 steps=1.0 h=1.00 s=0.78 lr=1.01e-05 data=0.8s comp=22.1s
2026-02-15 22:48:30,601 - INFO - Saved checkpoint: /mnt/i/Github/Latent_Style/Cycle-NCE/ablation-fixes/A1_tv0.5_l2_0.01/checkpoints/epoch_0060.pt
2026-02-15 22:48:30,607 - INFO - Running full eval for epoch 60 -> /mnt/i/Github/Latent_Style/Cycle-NCE/ablation-fixes/A1_tv0.5_l2_0.01/checkpoints/full_eval/epoch_0060
2026-02-15 22:48:39,387 - ERROR - Full eval failed for epoch 60 (code=1). See /mnt/i/Github/Latent_Style/Cycle-NCE/ablation-fixes/A1_tv0.5_l2_0.01/checkpoints/logs/full_eval_epoch_0060.log
2026-02-15 22:48:39,388 - INFO - Training completed.
