2026-02-20 11:11:00,705 - WARNING - w_style=208.5309 looks high for Projected SWD loss. Recommended start range is [5, 20].
2026-02-20 11:11:00,705 - INFO - Active losses: w_style, w_moment, w_identity, w_structure
2026-02-20 11:11:00,729 - INFO - Device: cuda
2026-02-20 11:11:00,729 - INFO - Seed: 42
2026-02-20 11:11:00,729 - INFO - Loading latent dataset from ..\..\sdxl-256-overfit50
2026-02-20 11:11:00,735 - INFO -   style=photo id=0 count=10
2026-02-20 11:11:00,739 - INFO -   style=Hayao id=1 count=10
2026-02-20 11:11:00,742 - INFO -   style=monet id=2 count=10
2026-02-20 11:11:00,746 - INFO -   style=cezanne id=3 count=10
2026-02-20 11:11:00,749 - INFO -   style=vangogh id=4 count=10
2026-02-20 11:11:00,804 - INFO - Dataset preloaded to cuda: 0.00GB across 5 style pools.
2026-02-20 11:11:00,805 - INFO - DataLoader | batch=50 workers=0 pin_memory=False persistent_workers=False preload_to_gpu=True
2026-02-20 11:11:00,850 - INFO - Model params: 7,153,476
2026-02-20 11:11:00,852 - INFO - Adding NCE Projector params to optimizer: 4 tensors
2026-02-20 11:11:01,494 - INFO - No checkpoint found, start from scratch.
2026-02-20 11:11:03,828 - INFO - [Epoch 1 Step 10/1000] loss=7265.1008 style=33.2227 mom=0.5977 struct=3.9509 tv=0.0000 idt=0.0491 it/s=4.28 eta=231.1s
2026-02-20 11:11:05,008 - INFO - [Epoch 1 Step 20/1000] loss=7404.6326 style=33.8369 mom=0.6029 struct=3.9659 tv=0.0000 idt=0.0679 it/s=5.69 eta=172.2s
2026-02-20 11:11:06,201 - INFO - [Epoch 1 Step 30/1000] loss=7362.4565 style=33.5903 mom=0.6031 struct=3.9698 tv=0.0000 idt=0.0855 it/s=6.37 eta=152.2s
2026-02-20 11:11:07,393 - INFO - [Epoch 1 Step 40/1000] loss=7309.4719 style=33.2978 mom=0.6020 struct=3.9639 tv=0.0000 idt=0.1020 it/s=6.78 eta=141.6s
2026-02-20 11:11:08,573 - INFO - [Epoch 1 Step 50/1000] loss=7310.7185 style=33.2550 mom=0.6039 struct=3.9629 tv=0.0000 idt=0.1212 it/s=7.06 eta=134.5s
2026-02-20 11:11:09,760 - INFO - [Epoch 1 Step 60/1000] loss=7229.2891 style=32.8089 mom=0.6037 struct=3.9703 tv=0.0000 idt=0.1430 it/s=7.26 eta=129.5s
2026-02-20 11:11:10,942 - INFO - [Epoch 1 Step 70/1000] loss=7130.7586 style=32.2798 mom=0.6014 struct=3.9745 tv=0.0000 idt=0.1663 it/s=7.41 eta=125.5s
2026-02-20 11:11:12,124 - INFO - [Epoch 1 Step 80/1000] loss=7097.9140 style=32.0402 mom=0.6023 struct=3.9816 tv=0.0000 idt=0.1985 it/s=7.53 eta=122.2s
2026-02-20 11:11:13,318 - INFO - [Epoch 1 Step 90/1000] loss=7011.7045 style=31.5411 mom=0.6018 struct=3.9876 tv=0.0000 idt=0.2328 it/s=7.61 eta=119.5s
2026-02-20 11:11:14,493 - INFO - [Epoch 1 Step 100/1000] loss=6930.5887 style=31.0695 mom=0.6021 struct=3.9956 tv=0.0000 idt=0.2654 it/s=7.69 eta=117.0s
2026-02-20 11:11:15,682 - INFO - [Epoch 1 Step 110/1000] loss=6853.2534 style=30.6591 mom=0.6005 struct=4.0030 tv=0.0000 idt=0.2812 it/s=7.75 eta=114.8s
2026-02-20 11:11:16,866 - INFO - [Epoch 1 Step 120/1000] loss=6768.6699 style=30.1997 mom=0.5997 struct=4.0098 tv=0.0000 idt=0.3026 it/s=7.81 eta=112.7s
2026-02-20 11:11:18,046 - INFO - [Epoch 1 Step 130/1000] loss=6701.2115 style=29.8268 mom=0.5975 struct=4.0178 tv=0.0000 idt=0.3226 it/s=7.85 eta=110.8s
2026-02-20 11:11:19,227 - INFO - [Epoch 1 Step 140/1000] loss=6616.2269 style=29.3808 mom=0.5961 struct=4.0231 tv=0.0000 idt=0.3382 it/s=7.90 eta=108.9s
2026-02-20 11:11:20,409 - INFO - [Epoch 1 Step 150/1000] loss=6558.5694 style=29.0460 mom=0.5954 struct=4.0304 tv=0.0000 idt=0.3613 it/s=7.93 eta=107.2s
2026-02-20 11:11:21,602 - INFO - [Epoch 1 Step 160/1000] loss=6493.7215 style=28.6863 mom=0.5934 struct=4.0390 tv=0.0000 idt=0.3810 it/s=7.96 eta=105.6s
2026-02-20 11:11:22,776 - INFO - [Epoch 1 Step 170/1000] loss=6427.1124 style=28.2990 mom=0.5909 struct=4.0497 tv=0.0000 idt=0.4083 it/s=7.99 eta=103.9s
2026-02-20 11:11:23,966 - INFO - [Epoch 1 Step 180/1000] loss=6357.1392 style=27.9227 mom=0.5892 struct=4.0585 tv=0.0000 idt=0.4245 it/s=8.01 eta=102.4s
2026-02-20 11:11:25,160 - INFO - [Epoch 1 Step 190/1000] loss=6300.6067 style=27.6012 mom=0.5866 struct=4.0701 tv=0.0000 idt=0.4447 it/s=8.03 eta=100.9s
2026-02-20 11:11:26,349 - INFO - [Epoch 1 Step 200/1000] loss=6243.6248 style=27.2877 mom=0.5841 struct=4.0811 tv=0.0000 idt=0.4608 it/s=8.05 eta=99.4s
2026-02-20 11:11:27,540 - INFO - [Epoch 1 Step 210/1000] loss=6179.9505 style=26.9429 mom=0.5816 struct=4.0891 tv=0.0000 idt=0.4769 it/s=8.06 eta=98.0s
2026-02-20 11:11:28,730 - INFO - [Epoch 1 Step 220/1000] loss=6117.2554 style=26.6129 mom=0.5785 struct=4.0986 tv=0.0000 idt=0.4891 it/s=8.08 eta=96.6s
2026-02-20 11:11:29,913 - INFO - [Epoch 1 Step 230/1000] loss=6066.7832 style=26.3352 mom=0.5758 struct=4.1095 tv=0.0000 idt=0.5034 it/s=8.09 eta=95.1s
2026-02-20 11:11:31,098 - INFO - [Epoch 1 Step 240/1000] loss=6020.9277 style=26.0747 mom=0.5733 struct=4.1218 tv=0.0000 idt=0.5195 it/s=8.11 eta=93.7s
2026-02-20 11:11:32,280 - INFO - [Epoch 1 Step 250/1000] loss=5980.8176 style=25.8353 mom=0.5710 struct=4.1319 tv=0.0000 idt=0.5384 it/s=8.12 eta=92.4s
2026-02-20 11:11:33,462 - INFO - [Epoch 1 Step 260/1000] loss=5945.9686 style=25.6434 mom=0.5691 struct=4.1418 tv=0.0000 idt=0.5481 it/s=8.13 eta=91.0s
2026-02-20 11:11:34,661 - INFO - [Epoch 1 Step 270/1000] loss=5906.8730 style=25.4210 mom=0.5671 struct=4.1512 tv=0.0000 idt=0.5621 it/s=8.14 eta=89.7s
2026-02-20 11:11:35,846 - INFO - [Epoch 1 Step 280/1000] loss=5868.5722 style=25.2100 mom=0.5653 struct=4.1612 tv=0.0000 idt=0.5728 it/s=8.15 eta=88.3s
2026-02-20 11:11:37,038 - INFO - [Epoch 1 Step 290/1000] loss=5832.3962 style=25.0095 mom=0.5641 struct=4.1702 tv=0.0000 idt=0.5833 it/s=8.16 eta=87.0s
2026-02-20 11:11:38,220 - INFO - [Epoch 1 Step 300/1000] loss=5798.0292 style=24.8191 mom=0.5624 struct=4.1768 tv=0.0000 idt=0.5936 it/s=8.17 eta=85.7s
2026-02-20 11:11:39,402 - INFO - [Epoch 1 Step 310/1000] loss=5774.8836 style=24.6814 mom=0.5613 struct=4.1849 tv=0.0000 idt=0.6041 it/s=8.18 eta=84.4s
2026-02-20 11:11:40,585 - INFO - [Epoch 1 Step 320/1000] loss=5740.6940 style=24.4910 mom=0.5596 struct=4.1954 tv=0.0000 idt=0.6143 it/s=8.19 eta=83.1s
2026-02-20 11:11:41,767 - INFO - [Epoch 1 Step 330/1000] loss=5708.3188 style=24.3221 mom=0.5580 struct=4.2030 tv=0.0000 idt=0.6197 it/s=8.19 eta=81.8s
2026-02-20 11:11:42,948 - INFO - [Epoch 1 Step 340/1000] loss=5681.3577 style=24.1734 mom=0.5572 struct=4.2108 tv=0.0000 idt=0.6271 it/s=8.20 eta=80.5s
2026-02-20 11:11:44,129 - INFO - [Epoch 1 Step 350/1000] loss=5655.8666 style=24.0304 mom=0.5564 struct=4.2189 tv=0.0000 idt=0.6350 it/s=8.21 eta=79.2s
2026-02-20 11:11:45,319 - INFO - [Epoch 1 Step 360/1000] loss=5624.7330 style=23.8654 mom=0.5551 struct=4.2266 tv=0.0000 idt=0.6411 it/s=8.21 eta=77.9s
2026-02-20 11:11:46,501 - INFO - [Epoch 1 Step 370/1000] loss=5598.2375 style=23.7268 mom=0.5537 struct=4.2339 tv=0.0000 idt=0.6455 it/s=8.22 eta=76.6s
2026-02-20 11:11:47,683 - INFO - [Epoch 1 Step 380/1000] loss=5570.6977 style=23.5859 mom=0.5524 struct=4.2416 tv=0.0000 idt=0.6488 it/s=8.23 eta=75.4s
2026-02-20 11:11:48,881 - INFO - [Epoch 1 Step 390/1000] loss=5547.5142 style=23.4563 mom=0.5514 struct=4.2490 tv=0.0000 idt=0.6559 it/s=8.23 eta=74.1s
2026-02-20 11:11:50,065 - INFO - [Epoch 1 Step 400/1000] loss=5526.5116 style=23.3455 mom=0.5503 struct=4.2546 tv=0.0000 idt=0.6599 it/s=8.24 eta=72.9s
2026-02-20 11:11:51,248 - INFO - [Epoch 1 Step 410/1000] loss=5505.9293 style=23.2374 mom=0.5492 struct=4.2612 tv=0.0000 idt=0.6634 it/s=8.24 eta=71.6s
2026-02-20 11:11:52,429 - INFO - [Epoch 1 Step 420/1000] loss=5489.5311 style=23.1380 mom=0.5482 struct=4.2688 tv=0.0000 idt=0.6714 it/s=8.25 eta=70.3s
2026-02-20 11:11:53,612 - INFO - [Epoch 1 Step 430/1000] loss=5475.7036 style=23.0679 mom=0.5473 struct=4.2736 tv=0.0000 idt=0.6728 it/s=8.25 eta=69.1s
2026-02-20 11:11:54,796 - INFO - [Epoch 1 Step 440/1000] loss=5462.9567 style=22.9878 mom=0.5465 struct=4.2803 tv=0.0000 idt=0.6802 it/s=8.25 eta=67.8s
2026-02-20 11:11:55,978 - INFO - [Epoch 1 Step 450/1000] loss=5444.4765 style=22.8844 mom=0.5455 struct=4.2860 tv=0.0000 idt=0.6860 it/s=8.26 eta=66.6s
2026-02-20 11:11:57,160 - INFO - [Epoch 1 Step 460/1000] loss=5424.1891 style=22.7897 mom=0.5448 struct=4.2901 tv=0.0000 idt=0.6848 it/s=8.26 eta=65.3s
2026-02-20 11:11:58,341 - INFO - [Epoch 1 Step 470/1000] loss=5406.7619 style=22.7002 mom=0.5438 struct=4.2955 tv=0.0000 idt=0.6870 it/s=8.27 eta=64.1s
2026-02-20 11:11:59,531 - INFO - [Epoch 1 Step 480/1000] loss=5388.1922 style=22.6020 mom=0.5430 struct=4.3010 tv=0.0000 idt=0.6905 it/s=8.27 eta=62.9s
2026-02-20 11:12:00,715 - INFO - [Epoch 1 Step 490/1000] loss=5370.1727 style=22.5028 mom=0.5420 struct=4.3071 tv=0.0000 idt=0.6954 it/s=8.27 eta=61.6s
2026-02-20 11:12:01,898 - INFO - [Epoch 1 Step 500/1000] loss=5352.2256 style=22.4091 mom=0.5408 struct=4.3125 tv=0.0000 idt=0.6984 it/s=8.28 eta=60.4s
2026-02-20 11:12:03,085 - INFO - [Epoch 1 Step 510/1000] loss=5333.0181 style=22.3109 mom=0.5396 struct=4.3168 tv=0.0000 idt=0.7008 it/s=8.28 eta=59.2s
2026-02-20 11:12:04,267 - INFO - [Epoch 1 Step 520/1000] loss=5322.3331 style=22.2550 mom=0.5393 struct=4.3209 tv=0.0000 idt=0.7025 it/s=8.28 eta=57.9s
2026-02-20 11:12:05,453 - INFO - [Epoch 1 Step 530/1000] loss=5309.7062 style=22.1881 mom=0.5387 struct=4.3251 tv=0.0000 idt=0.7048 it/s=8.29 eta=56.7s
2026-02-20 11:12:06,636 - INFO - [Epoch 1 Step 540/1000] loss=5293.6348 style=22.1082 mom=0.5381 struct=4.3306 tv=0.0000 idt=0.7056 it/s=8.29 eta=55.5s
2026-02-20 11:12:07,817 - INFO - [Epoch 1 Step 550/1000] loss=5278.1647 style=22.0313 mom=0.5376 struct=4.3360 tv=0.0000 idt=0.7064 it/s=8.29 eta=54.3s
2026-02-20 11:12:08,999 - INFO - [Epoch 1 Step 560/1000] loss=5262.7302 style=21.9558 mom=0.5369 struct=4.3425 tv=0.0000 idt=0.7066 it/s=8.30 eta=53.0s
2026-02-20 11:12:10,183 - INFO - [Epoch 1 Step 570/1000] loss=5246.6903 style=21.8764 mom=0.5361 struct=4.3463 tv=0.0000 idt=0.7075 it/s=8.30 eta=51.8s
2026-02-20 11:12:11,367 - INFO - [Epoch 1 Step 580/1000] loss=5231.8515 style=21.8008 mom=0.5353 struct=4.3504 tv=0.0000 idt=0.7092 it/s=8.30 eta=50.6s
2026-02-20 11:12:12,549 - INFO - [Epoch 1 Step 590/1000] loss=5216.1676 style=21.7291 mom=0.5346 struct=4.3534 tv=0.0000 idt=0.7078 it/s=8.30 eta=49.4s
2026-02-20 11:12:13,727 - INFO - [Epoch 1 Step 600/1000] loss=5202.9410 style=21.6616 mom=0.5339 struct=4.3579 tv=0.0000 idt=0.7092 it/s=8.31 eta=48.2s
2026-02-20 11:12:14,917 - INFO - [Epoch 1 Step 610/1000] loss=5188.8890 style=21.5951 mom=0.5334 struct=4.3626 tv=0.0000 idt=0.7086 it/s=8.31 eta=46.9s
2026-02-20 11:12:16,101 - INFO - [Epoch 1 Step 620/1000] loss=5175.0731 style=21.5285 mom=0.5325 struct=4.3680 tv=0.0000 idt=0.7085 it/s=8.31 eta=45.7s
2026-02-20 11:12:17,303 - INFO - [Epoch 1 Step 630/1000] loss=5163.2687 style=21.4761 mom=0.5322 struct=4.3721 tv=0.0000 idt=0.7066 it/s=8.31 eta=44.5s
2026-02-20 11:12:18,476 - INFO - [Epoch 1 Step 640/1000] loss=5148.2479 style=21.4033 mom=0.5314 struct=4.3761 tv=0.0000 idt=0.7068 it/s=8.31 eta=43.3s
2026-02-20 11:12:19,681 - INFO - [Epoch 1 Step 650/1000] loss=5134.1201 style=21.3393 mom=0.5307 struct=4.3788 tv=0.0000 idt=0.7052 it/s=8.31 eta=42.1s
2026-02-20 11:12:20,865 - INFO - [Epoch 1 Step 660/1000] loss=5119.4471 style=21.2699 mom=0.5299 struct=4.3828 tv=0.0000 idt=0.7047 it/s=8.32 eta=40.9s
2026-02-20 11:12:22,048 - INFO - [Epoch 1 Step 670/1000] loss=5108.1580 style=21.2137 mom=0.5294 struct=4.3874 tv=0.0000 idt=0.7053 it/s=8.32 eta=39.7s
2026-02-20 11:12:23,231 - INFO - [Epoch 1 Step 680/1000] loss=5098.1707 style=21.1667 mom=0.5291 struct=4.3901 tv=0.0000 idt=0.7048 it/s=8.32 eta=38.5s
2026-02-20 11:12:24,414 - INFO - [Epoch 1 Step 690/1000] loss=5085.0739 style=21.1053 mom=0.5285 struct=4.3929 tv=0.0000 idt=0.7042 it/s=8.32 eta=37.3s
2026-02-20 11:12:25,605 - INFO - [Epoch 1 Step 700/1000] loss=5071.8956 style=21.0454 mom=0.5276 struct=4.3950 tv=0.0000 idt=0.7029 it/s=8.32 eta=36.0s
2026-02-20 11:12:26,794 - INFO - [Epoch 1 Step 710/1000] loss=5062.8564 style=21.0010 mom=0.5273 struct=4.3999 tv=0.0000 idt=0.7030 it/s=8.32 eta=34.8s
2026-02-20 11:12:27,978 - INFO - [Epoch 1 Step 720/1000] loss=5047.2190 style=20.9319 mom=0.5268 struct=4.4027 tv=0.0000 idt=0.7005 it/s=8.33 eta=33.6s
2026-02-20 11:12:29,161 - INFO - [Epoch 1 Step 730/1000] loss=5036.2341 style=20.8835 mom=0.5263 struct=4.4047 tv=0.0000 idt=0.6988 it/s=8.33 eta=32.4s
2026-02-20 11:12:30,348 - INFO - [Epoch 1 Step 740/1000] loss=5027.3067 style=20.8412 mom=0.5258 struct=4.4079 tv=0.0000 idt=0.6985 it/s=8.33 eta=31.2s
2026-02-20 11:12:31,540 - INFO - [Epoch 1 Step 750/1000] loss=5015.4538 style=20.7902 mom=0.5250 struct=4.4112 tv=0.0000 idt=0.6960 it/s=8.33 eta=30.0s
2026-02-20 11:12:32,724 - INFO - [Epoch 1 Step 760/1000] loss=5007.2159 style=20.7524 mom=0.5247 struct=4.4148 tv=0.0000 idt=0.6951 it/s=8.33 eta=28.8s
2026-02-20 11:12:33,908 - INFO - [Epoch 1 Step 770/1000] loss=4996.2510 style=20.7036 mom=0.5241 struct=4.4172 tv=0.0000 idt=0.6936 it/s=8.33 eta=27.6s
2026-02-20 11:12:35,090 - INFO - [Epoch 1 Step 780/1000] loss=4985.3693 style=20.6552 mom=0.5235 struct=4.4200 tv=0.0000 idt=0.6920 it/s=8.33 eta=26.4s
2026-02-20 11:12:36,275 - INFO - [Epoch 1 Step 790/1000] loss=4974.7572 style=20.6105 mom=0.5228 struct=4.4234 tv=0.0000 idt=0.6894 it/s=8.34 eta=25.2s
2026-02-20 11:12:37,464 - INFO - [Epoch 1 Step 800/1000] loss=4964.5876 style=20.5627 mom=0.5224 struct=4.4263 tv=0.0000 idt=0.6889 it/s=8.34 eta=24.0s
2026-02-20 11:12:38,647 - INFO - [Epoch 1 Step 810/1000] loss=4954.7669 style=20.5178 mom=0.5217 struct=4.4294 tv=0.0000 idt=0.6879 it/s=8.34 eta=22.8s
2026-02-20 11:12:39,829 - INFO - [Epoch 1 Step 820/1000] loss=4945.8729 style=20.4766 mom=0.5213 struct=4.4320 tv=0.0000 idt=0.6872 it/s=8.34 eta=21.6s
2026-02-20 11:12:41,011 - INFO - [Epoch 1 Step 830/1000] loss=4936.4610 style=20.4355 mom=0.5209 struct=4.4348 tv=0.0000 idt=0.6855 it/s=8.34 eta=20.4s
2026-02-20 11:12:42,195 - INFO - [Epoch 1 Step 840/1000] loss=4926.5008 style=20.3928 mom=0.5204 struct=4.4374 tv=0.0000 idt=0.6834 it/s=8.34 eta=19.2s
2026-02-20 11:12:43,373 - INFO - [Epoch 1 Step 850/1000] loss=4917.1293 style=20.3536 mom=0.5200 struct=4.4408 tv=0.0000 idt=0.6809 it/s=8.34 eta=18.0s
2026-02-20 11:12:44,567 - INFO - [Epoch 1 Step 860/1000] loss=4907.5281 style=20.3141 mom=0.5197 struct=4.4438 tv=0.0000 idt=0.6780 it/s=8.34 eta=16.8s
2026-02-20 11:12:45,750 - INFO - [Epoch 1 Step 870/1000] loss=4900.2189 style=20.2841 mom=0.5196 struct=4.4464 tv=0.0000 idt=0.6758 it/s=8.34 eta=15.6s
2026-02-20 11:12:46,939 - INFO - [Epoch 1 Step 880/1000] loss=4891.7946 style=20.2482 mom=0.5192 struct=4.4497 tv=0.0000 idt=0.6737 it/s=8.35 eta=14.4s
2026-02-20 11:12:48,121 - INFO - [Epoch 1 Step 890/1000] loss=4881.0922 style=20.2000 mom=0.5186 struct=4.4515 tv=0.0000 idt=0.6725 it/s=8.35 eta=13.2s
2026-02-20 11:12:49,305 - INFO - [Epoch 1 Step 900/1000] loss=4872.5113 style=20.1613 mom=0.5182 struct=4.4545 tv=0.0000 idt=0.6714 it/s=8.35 eta=12.0s
2026-02-20 11:12:50,488 - INFO - [Epoch 1 Step 910/1000] loss=4863.8193 style=20.1229 mom=0.5177 struct=4.4564 tv=0.0000 idt=0.6701 it/s=8.35 eta=10.8s
2026-02-20 11:12:51,673 - INFO - [Epoch 1 Step 920/1000] loss=4857.0123 style=20.0954 mom=0.5173 struct=4.4589 tv=0.0000 idt=0.6679 it/s=8.35 eta=9.6s
2026-02-20 11:12:52,857 - INFO - [Epoch 1 Step 930/1000] loss=4848.5717 style=20.0624 mom=0.5171 struct=4.4609 tv=0.0000 idt=0.6647 it/s=8.35 eta=8.4s
2026-02-20 11:12:54,039 - INFO - [Epoch 1 Step 940/1000] loss=4841.0437 style=20.0297 mom=0.5168 struct=4.4639 tv=0.0000 idt=0.6632 it/s=8.35 eta=7.2s
2026-02-20 11:12:55,223 - INFO - [Epoch 1 Step 950/1000] loss=4833.3439 style=19.9987 mom=0.5164 struct=4.4657 tv=0.0000 idt=0.6607 it/s=8.35 eta=6.0s
2026-02-20 11:12:56,408 - INFO - [Epoch 1 Step 960/1000] loss=4825.3467 style=19.9678 mom=0.5161 struct=4.4678 tv=0.0000 idt=0.6576 it/s=8.35 eta=4.8s
2026-02-20 11:12:57,592 - INFO - [Epoch 1 Step 970/1000] loss=4819.0138 style=19.9396 mom=0.5158 struct=4.4704 tv=0.0000 idt=0.6566 it/s=8.36 eta=3.6s
2026-02-20 11:12:58,785 - INFO - [Epoch 1 Step 980/1000] loss=4813.9113 style=19.9187 mom=0.5155 struct=4.4730 tv=0.0000 idt=0.6550 it/s=8.36 eta=2.4s
2026-02-20 11:12:59,973 - INFO - [Epoch 1 Step 990/1000] loss=4808.3028 style=19.8969 mom=0.5153 struct=4.4760 tv=0.0000 idt=0.6527 it/s=8.36 eta=1.2s
2026-02-20 11:13:01,164 - INFO - [Epoch 1 Step 1000/1000] loss=4799.3709 style=19.8577 mom=0.5149 struct=4.4789 tv=0.0000 idt=0.6511 it/s=8.36 eta=0.0s
2026-02-20 11:13:01,167 - INFO - Epoch 1/1 | loss=4799.3709 style_swd=19.8577 mom=0.5149 struct=4.4789 tv=0.0000 idt=0.6511 steps=1.0 h=1.00 s=1.00 lr=5.00e-04 data=1.2s comp=118.5s
2026-02-20 11:13:01,302 - INFO - Saved checkpoint: G:\GitHub\Latent_Style\Cycle-NCE\ssim-optun-nce\trial_0195\epoch_0001.pt (step=1000)
2026-02-20 11:13:01,304 - INFO - Running full eval for epoch 1 -> G:\GitHub\Latent_Style\Cycle-NCE\ssim-optun-nce\trial_0195\full_eval\epoch_0001
2026-02-20 11:13:43,375 - INFO - Full eval completed for epoch 1. Log: G:\GitHub\Latent_Style\Cycle-NCE\ssim-optun-nce\trial_0195\logs\full_eval_epoch_0001.log
2026-02-20 11:13:43,375 - INFO - Training completed.
