2026-02-07 19:10:03,158 - INFO - Using device: cuda
2026-02-07 19:10:03,158 - INFO - Using global seed: 42
2026-02-07 19:10:03,158 - INFO - Loading 4 styles from ../../latents...
2026-02-07 19:10:51,865 - INFO - 💾 Keeping latents in CPU RAM (Pinned)
2026-02-07 19:10:53,499 - INFO - Model architecture: unet_lite
2026-02-07 19:10:54,277 - INFO - Model compiled with torch.compile
2026-02-07 19:10:54,394 - INFO - Model parameters: 65,220,292
2026-02-07 19:10:54,395 - INFO - 🎯 GeometricFreeEnergyLoss initialized (Multi-Style Mode)
   Scales: [2, 5, 9]
   Styles: 4 | Max Samples: 16384
   Projections: 64 | Memory: ~48.0MB
2026-02-07 19:10:54,396 - INFO - SWD setup | enabled=False warmup_ratio=0.200 band=highpass levels=['latent'] high_w=1.000 low_w=1.000 moment_w=10.000
2026-02-07 19:10:54,396 - INFO - Style classifier guidance disabled
2026-02-07 19:10:54,397 - INFO - Identity consistency enabled (pair_ratio=0.25, w_identity=1.0)
2026-02-07 19:10:54,397 - INFO - Pyramid Structural Loss enabled (w=1.0, weights={'low': 4.0, 'mid': 2.0, 'high': 1.0})
2026-02-07 19:10:54,397 - INFO - Velocity Regularization enabled (weight=0.1)
2026-02-07 19:10:54,398 - INFO - Scheduler: Linear Warmup (10) -> Cosine Annealing (to 1e-06)
2026-02-07 19:10:54,398 - INFO - Adaptive Loss Normalization enabled (Running Mean Scaling)
2026-02-07 19:10:54,398 - INFO - Gradient accumulation: 2 steps | Effective batch size: 384
2026-02-07 19:10:54,398 - INFO - Alpha warmup schedule: 0 -> 1.0 over 1000 steps
2026-02-07 19:10:54,399 - INFO - Per-style loss weights: [1.0, 1.0, 1.0, 1.0]
2026-02-07 19:10:54,401 - INFO - Full external evaluation interval: 1000000000
2026-02-07 19:10:56,277 - INFO - Loading VAE on device: cuda
2026-02-07 19:10:56,429 - INFO -  Loaded VAE from local HF cache: stabilityai/sd-vae-ft-mse
2026-02-07 19:10:56,448 - INFO - No checkpoint found; starting fresh
2026-02-07 19:10:56,450 - INFO - Building style indices cache...
2026-02-07 19:10:56,451 - INFO -   Style 0: 6187 samples
2026-02-07 19:10:56,451 - INFO -   Style 1: 972 samples
2026-02-07 19:10:56,452 - INFO -   Style 2: 600 samples
2026-02-07 19:10:56,452 - INFO -   Style 3: 850 samples
2026-02-07 19:10:56,452 - INFO - Style indices cache built
2026-02-07 19:10:56,452 - INFO - Estimated train steps=12900, SWD warmup steps=2580 (ratio=0.200)
2026-02-07 19:10:56,452 - INFO - Skipping latent SWD LUT initialization (latent SWD disabled for this run).
2026-02-07 19:10:56,457 - INFO - Original test images already saved in inference/epoch_-1; skipping.
2026-02-07 19:11:05,034 - INFO - v_pred_norm=0.000 v_tgt_norm=1.366
2026-02-07 19:11:14,063 - INFO - v_pred_norm=0.000 v_tgt_norm=1.363
2026-02-07 19:11:14,340 - INFO - v_pred_norm=0.000 v_tgt_norm=1.375
2026-02-07 19:11:14,471 - INFO - v_pred_norm=0.000 v_tgt_norm=1.363
2026-02-07 19:11:14,628 - INFO - v_pred_norm=0.001 v_tgt_norm=1.367
2026-02-07 19:12:34,209 - INFO - Epoch 1/50 | Loss: 1.1095 | SWD: 0.0000 | MSE: 4.1888 | W_Str: 1.00 | W_Sty: 1.00 | LR: 1.09e-05
2026-02-07 19:13:50,213 - INFO - Epoch 2/50 | Loss: 0.9109 | SWD: 0.0000 | MSE: 2.4528 | W_Str: 1.00 | W_Sty: 1.00 | LR: 2.08e-05
2026-02-07 19:15:24,057 - INFO - Epoch 3/50 | Loss: 0.9437 | SWD: 0.0000 | MSE: 2.1722 | W_Str: 1.00 | W_Sty: 1.00 | LR: 3.07e-05
2026-02-07 19:17:08,329 - INFO - Epoch 4/50 | Loss: 0.9381 | SWD: 0.0000 | MSE: 2.1044 | W_Str: 1.00 | W_Sty: 1.00 | LR: 4.06e-05
2026-02-07 19:18:36,716 - INFO - Epoch 5/50 | Loss: 0.9354 | SWD: 0.0000 | MSE: 2.0606 | W_Str: 1.00 | W_Sty: 1.00 | LR: 5.05e-05
2026-02-07 19:18:43,769 - INFO - ✓ Saved checkpoint: /mnt/g/GitHub/Latent_Style/Thermal/swd_matrix/experiments/E0_no_swd/checkpoints/epoch_0005.pt (step=1285)
2026-02-07 19:20:19,898 - INFO - Epoch 6/50 | Loss: 0.9300 | SWD: 0.0000 | MSE: 2.0156 | W_Str: 1.00 | W_Sty: 1.00 | LR: 6.04e-05
2026-02-07 19:21:55,021 - INFO - Epoch 7/50 | Loss: 0.9291 | SWD: 0.0000 | MSE: 1.9711 | W_Str: 1.00 | W_Sty: 1.00 | LR: 7.03e-05
2026-02-07 19:23:32,275 - INFO - Epoch 8/50 | Loss: 0.9461 | SWD: 0.0000 | MSE: 1.9239 | W_Str: 1.00 | W_Sty: 1.00 | LR: 8.02e-05
2026-02-07 19:25:07,900 - INFO - Epoch 9/50 | Loss: 0.9848 | SWD: 0.0000 | MSE: 1.8747 | W_Str: 1.00 | W_Sty: 1.00 | LR: 9.01e-05
2026-02-07 19:26:36,626 - INFO - Epoch 10/50 | Loss: 1.0227 | SWD: 0.0000 | MSE: 1.8327 | W_Str: 1.00 | W_Sty: 1.00 | LR: 1.00e-04
2026-02-07 19:26:44,361 - INFO - ✓ Saved checkpoint: /mnt/g/GitHub/Latent_Style/Thermal/swd_matrix/experiments/E0_no_swd/checkpoints/epoch_0010.pt (step=2570)
2026-02-07 19:28:13,862 - INFO - Epoch 11/50 | Loss: 1.0598 | SWD: 0.0000 | MSE: 1.7960 | W_Str: 1.00 | W_Sty: 1.00 | LR: 9.98e-05
2026-02-07 19:29:43,642 - INFO - Epoch 12/50 | Loss: 1.1044 | SWD: 0.0000 | MSE: 1.7672 | W_Str: 1.00 | W_Sty: 1.00 | LR: 9.94e-05
2026-02-07 19:31:14,304 - INFO - Epoch 13/50 | Loss: 1.1477 | SWD: 0.0000 | MSE: 1.7434 | W_Str: 1.00 | W_Sty: 1.00 | LR: 9.86e-05
2026-02-07 19:32:44,958 - INFO - Epoch 14/50 | Loss: 1.1835 | SWD: 0.0000 | MSE: 1.7224 | W_Str: 1.00 | W_Sty: 1.00 | LR: 9.76e-05
2026-02-07 19:34:13,357 - INFO - Epoch 15/50 | Loss: 1.2331 | SWD: 0.0000 | MSE: 1.7151 | W_Str: 1.00 | W_Sty: 1.00 | LR: 9.62e-05
2026-02-07 19:34:18,644 - INFO - ✓ Saved checkpoint: /mnt/g/GitHub/Latent_Style/Thermal/swd_matrix/experiments/E0_no_swd/checkpoints/epoch_0015.pt (step=3855)
2026-02-07 19:35:51,222 - INFO - Epoch 16/50 | Loss: 1.2741 | SWD: 0.0000 | MSE: 1.6996 | W_Str: 1.00 | W_Sty: 1.00 | LR: 9.46e-05
2026-02-07 19:37:20,092 - INFO - Epoch 17/50 | Loss: 1.3159 | SWD: 0.0000 | MSE: 1.6894 | W_Str: 1.00 | W_Sty: 1.00 | LR: 9.27e-05
2026-02-07 19:38:50,943 - INFO - Epoch 18/50 | Loss: 1.3588 | SWD: 0.0000 | MSE: 1.6798 | W_Str: 1.00 | W_Sty: 1.00 | LR: 9.05e-05
2026-02-07 19:40:19,891 - INFO - Epoch 19/50 | Loss: 1.4013 | SWD: 0.0000 | MSE: 1.6766 | W_Str: 1.00 | W_Sty: 1.00 | LR: 8.81e-05
2026-02-07 19:41:50,306 - INFO - Epoch 20/50 | Loss: 1.4394 | SWD: 0.0000 | MSE: 1.6654 | W_Str: 1.00 | W_Sty: 1.00 | LR: 8.55e-05
2026-02-07 19:41:55,571 - INFO - ✓ Saved checkpoint: /mnt/g/GitHub/Latent_Style/Thermal/swd_matrix/experiments/E0_no_swd/checkpoints/epoch_0020.pt (step=5140)
2026-02-07 19:43:27,028 - INFO - Epoch 21/50 | Loss: 1.4885 | SWD: 0.0000 | MSE: 1.6652 | W_Str: 1.00 | W_Sty: 1.00 | LR: 8.26e-05
2026-02-07 19:44:55,800 - INFO - Epoch 22/50 | Loss: 1.5258 | SWD: 0.0000 | MSE: 1.6590 | W_Str: 1.00 | W_Sty: 1.00 | LR: 7.96e-05
2026-02-07 19:46:26,621 - INFO - Epoch 23/50 | Loss: 1.5705 | SWD: 0.0000 | MSE: 1.6546 | W_Str: 1.00 | W_Sty: 1.00 | LR: 7.64e-05
2026-02-07 19:47:57,465 - INFO - Epoch 24/50 | Loss: 1.6158 | SWD: 0.0000 | MSE: 1.6518 | W_Str: 1.00 | W_Sty: 1.00 | LR: 7.30e-05
2026-02-07 19:49:26,209 - INFO - Epoch 25/50 | Loss: 1.6571 | SWD: 0.0000 | MSE: 1.6489 | W_Str: 1.00 | W_Sty: 1.00 | LR: 6.94e-05
2026-02-07 19:49:31,525 - INFO - ✓ Saved checkpoint: /mnt/g/GitHub/Latent_Style/Thermal/swd_matrix/experiments/E0_no_swd/checkpoints/epoch_0025.pt (step=6425)
2026-02-07 19:51:02,669 - INFO - Epoch 26/50 | Loss: 1.6977 | SWD: 0.0000 | MSE: 1.6452 | W_Str: 1.00 | W_Sty: 1.00 | LR: 6.58e-05
2026-02-07 19:52:34,141 - INFO - Epoch 27/50 | Loss: 1.7371 | SWD: 0.0000 | MSE: 1.6380 | W_Str: 1.00 | W_Sty: 1.00 | LR: 6.21e-05
2026-02-07 19:54:02,940 - INFO - Epoch 28/50 | Loss: 1.7876 | SWD: 0.0000 | MSE: 1.6373 | W_Str: 1.00 | W_Sty: 1.00 | LR: 5.82e-05
2026-02-07 19:55:34,111 - INFO - Epoch 29/50 | Loss: 1.8314 | SWD: 0.0000 | MSE: 1.6338 | W_Str: 1.00 | W_Sty: 1.00 | LR: 5.44e-05
2026-02-07 19:57:03,031 - INFO - Epoch 30/50 | Loss: 1.8709 | SWD: 0.0000 | MSE: 1.6301 | W_Str: 1.00 | W_Sty: 1.00 | LR: 5.05e-05
2026-02-07 19:57:10,602 - INFO - ✓ Saved checkpoint: /mnt/g/GitHub/Latent_Style/Thermal/swd_matrix/experiments/E0_no_swd/checkpoints/epoch_0030.pt (step=7710)
2026-02-07 19:58:39,830 - INFO - Epoch 31/50 | Loss: 1.9165 | SWD: 0.0000 | MSE: 1.6313 | W_Str: 1.00 | W_Sty: 1.00 | LR: 4.66e-05
2026-02-07 20:00:10,758 - INFO - Epoch 32/50 | Loss: 1.9552 | SWD: 0.0000 | MSE: 1.6235 | W_Str: 1.00 | W_Sty: 1.00 | LR: 4.28e-05
2026-02-07 20:01:38,910 - INFO - Epoch 33/50 | Loss: 2.0018 | SWD: 0.0000 | MSE: 1.6250 | W_Str: 1.00 | W_Sty: 1.00 | LR: 3.89e-05
2026-02-07 20:03:10,108 - INFO - Epoch 34/50 | Loss: 2.0389 | SWD: 0.0000 | MSE: 1.6190 | W_Str: 1.00 | W_Sty: 1.00 | LR: 3.52e-05
2026-02-07 20:04:41,548 - INFO - Epoch 35/50 | Loss: 2.0804 | SWD: 0.0000 | MSE: 1.6162 | W_Str: 1.00 | W_Sty: 1.00 | LR: 3.16e-05
2026-02-07 20:04:46,765 - INFO - ✓ Saved checkpoint: /mnt/g/GitHub/Latent_Style/Thermal/swd_matrix/experiments/E0_no_swd/checkpoints/epoch_0035.pt (step=8995)
2026-02-07 20:06:15,515 - INFO - Epoch 36/50 | Loss: 2.1250 | SWD: 0.0000 | MSE: 1.6152 | W_Str: 1.00 | W_Sty: 1.00 | LR: 2.80e-05
2026-02-07 20:07:46,555 - INFO - Epoch 37/50 | Loss: 2.1670 | SWD: 0.0000 | MSE: 1.6134 | W_Str: 1.00 | W_Sty: 1.00 | LR: 2.46e-05
2026-02-07 20:09:15,783 - INFO - Epoch 38/50 | Loss: 2.2093 | SWD: 0.0000 | MSE: 1.6103 | W_Str: 1.00 | W_Sty: 1.00 | LR: 2.14e-05
2026-02-07 20:10:46,921 - INFO - Epoch 39/50 | Loss: 2.2538 | SWD: 0.0000 | MSE: 1.6047 | W_Str: 1.00 | W_Sty: 1.00 | LR: 1.84e-05
2026-02-07 20:12:18,015 - INFO - Epoch 40/50 | Loss: 2.2897 | SWD: 0.0000 | MSE: 1.6045 | W_Str: 1.00 | W_Sty: 1.00 | LR: 1.55e-05
2026-02-07 20:12:23,376 - INFO - ✓ Saved checkpoint: /mnt/g/GitHub/Latent_Style/Thermal/swd_matrix/experiments/E0_no_swd/checkpoints/epoch_0040.pt (step=10280)
2026-02-07 20:13:52,285 - INFO - Epoch 41/50 | Loss: 2.3403 | SWD: 0.0000 | MSE: 1.6035 | W_Str: 1.00 | W_Sty: 1.00 | LR: 1.29e-05
2026-02-07 20:15:23,445 - INFO - Epoch 42/50 | Loss: 2.3829 | SWD: 0.0000 | MSE: 1.6015 | W_Str: 1.00 | W_Sty: 1.00 | LR: 1.05e-05
2026-02-07 20:16:54,244 - INFO - Epoch 43/50 | Loss: 2.4196 | SWD: 0.0000 | MSE: 1.6007 | W_Str: 1.00 | W_Sty: 1.00 | LR: 8.29e-06
2026-02-07 20:18:23,128 - INFO - Epoch 44/50 | Loss: 2.4674 | SWD: 0.0000 | MSE: 1.5990 | W_Str: 1.00 | W_Sty: 1.00 | LR: 6.40e-06
2026-02-07 20:19:54,362 - INFO - Epoch 45/50 | Loss: 2.5083 | SWD: 0.0000 | MSE: 1.5971 | W_Str: 1.00 | W_Sty: 1.00 | LR: 4.77e-06
2026-02-07 20:19:59,435 - INFO - ✓ Saved checkpoint: /mnt/g/GitHub/Latent_Style/Thermal/swd_matrix/experiments/E0_no_swd/checkpoints/epoch_0045.pt (step=11565)
2026-02-07 20:21:31,390 - INFO - Epoch 46/50 | Loss: 2.5075 | SWD: 0.0000 | MSE: 1.5976 | W_Str: 1.00 | W_Sty: 1.00 | LR: 3.42e-06
2026-02-07 20:22:59,496 - INFO - Epoch 47/50 | Loss: 2.5087 | SWD: 0.0000 | MSE: 1.5961 | W_Str: 1.00 | W_Sty: 1.00 | LR: 2.37e-06
2026-02-07 20:24:31,274 - INFO - Epoch 48/50 | Loss: 2.5054 | SWD: 0.0000 | MSE: 1.5945 | W_Str: 1.00 | W_Sty: 1.00 | LR: 1.61e-06
2026-02-07 20:25:59,419 - INFO - Epoch 49/50 | Loss: 2.5083 | SWD: 0.0000 | MSE: 1.5932 | W_Str: 1.00 | W_Sty: 1.00 | LR: 1.15e-06
2026-02-07 20:27:30,469 - INFO - Epoch 50/50 | Loss: 2.5043 | SWD: 0.0000 | MSE: 1.5945 | W_Str: 1.00 | W_Sty: 1.00 | LR: 1.00e-06
2026-02-07 20:27:35,527 - INFO - ✓ Saved checkpoint: /mnt/g/GitHub/Latent_Style/Thermal/swd_matrix/experiments/E0_no_swd/checkpoints/epoch_0050.pt (step=12850)
2026-02-07 20:27:35,527 - INFO - ✓ Training completed!
