2026-02-07 21:01:50,872 - INFO - Using device: cuda
2026-02-07 21:01:50,873 - INFO - Using global seed: 42
2026-02-07 21:01:50,873 - INFO - Loading 4 styles from ../../latents...
2026-02-07 21:02:33,864 - INFO - 💾 Keeping latents in CPU RAM (Pinned)
2026-02-07 21:02:35,662 - INFO - Model architecture: unet_lite
2026-02-07 21:02:36,560 - INFO - Model compiled with torch.compile
2026-02-07 21:02:36,706 - INFO - Model parameters: 65,220,292
2026-02-07 21:02:36,707 - INFO - 🎯 GeometricFreeEnergyLoss initialized (Multi-Style Mode)
   Scales: [2]
   Styles: 4 | Max Samples: 16384
   Projections: 64 | Memory: ~16.0MB
2026-02-07 21:02:36,719 - INFO - SWD setup | enabled=True warmup_ratio=0.200 band=highpass levels=['latent'] high_w=1.000 low_w=1.000 moment_w=10.000
2026-02-07 21:02:36,720 - INFO - Style classifier guidance disabled
2026-02-07 21:02:36,720 - INFO - Identity consistency enabled (pair_ratio=0.25, w_identity=1.0)
2026-02-07 21:02:36,720 - INFO - Pyramid Structural Loss enabled (w=1.0, weights={'low': 4.0, 'mid': 2.0, 'high': 1.0})
2026-02-07 21:02:36,720 - INFO - Velocity Regularization enabled (weight=0.1)
2026-02-07 21:02:36,721 - INFO - Scheduler: Linear Warmup (10) -> Cosine Annealing (to 1e-06)
2026-02-07 21:02:36,722 - INFO - Adaptive Loss Normalization enabled (Running Mean Scaling)
2026-02-07 21:02:36,722 - INFO - Gradient accumulation: 2 steps | Effective batch size: 384
2026-02-07 21:02:36,722 - INFO - Alpha warmup schedule: 0 -> 1.0 over 1000 steps
2026-02-07 21:02:36,722 - INFO - Per-style loss weights: [1.0, 1.0, 1.0, 1.0]
2026-02-07 21:02:36,727 - INFO - Full external evaluation interval: 1000000000
2026-02-07 21:02:38,609 - INFO - Loading VAE on device: cuda
2026-02-07 21:02:38,765 - INFO -  Loaded VAE from local HF cache: stabilityai/sd-vae-ft-mse
2026-02-07 21:02:38,777 - INFO - No checkpoint found; starting fresh
2026-02-07 21:02:38,778 - INFO - Building style indices cache...
2026-02-07 21:02:38,779 - INFO -   Style 0: 6187 samples
2026-02-07 21:02:38,779 - INFO -   Style 1: 972 samples
2026-02-07 21:02:38,780 - INFO -   Style 2: 600 samples
2026-02-07 21:02:38,780 - INFO -   Style 3: 850 samples
2026-02-07 21:02:38,780 - INFO - Style indices cache built
2026-02-07 21:02:38,780 - INFO - Estimated train steps=12900, SWD warmup steps=2580 (ratio=0.200)
2026-02-07 21:02:38,780 - INFO - Initializing Style LUT cache for multi-style SWD...
2026-02-07 21:02:38,782 - INFO -   Style 0: Sampled 128 images for distribution statistics.
2026-02-07 21:02:38,784 - INFO -   Style 1: Sampled 128 images for distribution statistics.
2026-02-07 21:02:38,786 - INFO -   Style 2: Sampled 128 images for distribution statistics.
2026-02-07 21:02:38,787 - INFO -   Style 3: Sampled 128 images for distribution statistics.
2026-02-07 21:02:38,792 - INFO - 🔥 Pre-computing SWD Style Cache (this may take a minute)...
2026-02-07 21:02:38,809 - INFO -   Processing scale 2×2 (1/1)...
2026-02-07 21:02:38,967 - INFO -     ✓ Scale 2: LUT shape torch.Size([4, 16384, 4])
2026-02-07 21:02:38,968 - INFO - ✅ SWD Cache Initialization Complete
2026-02-07 21:02:38,970 - INFO - Saving original test images to inference/epoch_-1
2026-02-07 21:02:38,971 - INFO - 
================================================================================
2026-02-07 21:02:38,971 - INFO - Running Inference Evaluation (Epoch -1)
2026-02-07 21:02:38,971 - INFO - ================================================================================
2026-02-07 21:02:39,025 - INFO -   Test image for photo: 2013-12-09 01_12_14.jpg
2026-02-07 21:02:39,066 - INFO -   Test image for monet: 00018.jpg
2026-02-07 21:02:39,106 - INFO -   Test image for vangogh: 00005.jpg
2026-02-07 21:02:39,147 - INFO -   Test image for cezanne: 00057.jpg
2026-02-07 21:02:41,066 - INFO - 
Processing source: photo
2026-02-07 21:02:42,244 - INFO -     Saved original: photo_original.jpg
2026-02-07 21:02:42,244 - INFO - 
Processing source: monet
2026-02-07 21:02:42,296 - INFO -     Saved original: monet_original.jpg
2026-02-07 21:02:42,297 - INFO - 
Processing source: vangogh
2026-02-07 21:02:42,366 - INFO -     Saved original: vangogh_original.jpg
2026-02-07 21:02:42,366 - INFO - 
Processing source: cezanne
2026-02-07 21:02:42,418 - INFO -     Saved original: cezanne_original.jpg
2026-02-07 21:02:42,453 - INFO - 
================================================================================
2026-02-07 21:02:42,453 - INFO - Inference completed. Results saved to: /mnt/g/GitHub/Latent_Style/Thermal/swd_matrix/experiments/E1_p2/checkpoints/inference/epoch_-1
2026-02-07 21:02:42,454 - INFO - ================================================================================

2026-02-07 21:02:51,637 - INFO - v_pred_norm=0.000 v_tgt_norm=1.367
2026-02-07 21:03:02,274 - INFO - v_pred_norm=0.000 v_tgt_norm=1.364
2026-02-07 21:03:02,526 - INFO - v_pred_norm=0.000 v_tgt_norm=1.374
2026-02-07 21:03:02,677 - INFO - v_pred_norm=0.000 v_tgt_norm=1.363
2026-02-07 21:03:02,910 - INFO - v_pred_norm=0.001 v_tgt_norm=1.365
2026-02-07 21:04:38,306 - INFO - Epoch 1/50 | Loss: 1.6663 | SWD: 0.0632 | MSE: 4.2654 | W_Str: 1.00 | W_Sty: 1.00 | LR: 1.09e-05
2026-02-07 21:06:14,815 - INFO - Epoch 2/50 | Loss: 2.0534 | SWD: 0.1067 | MSE: 4.1423 | W_Str: 1.00 | W_Sty: 1.00 | LR: 2.08e-05
2026-02-07 21:07:51,119 - INFO - Epoch 3/50 | Loss: 2.1009 | SWD: 0.1493 | MSE: 4.5784 | W_Str: 1.00 | W_Sty: 1.00 | LR: 3.07e-05
2026-02-07 21:09:27,884 - INFO - Epoch 4/50 | Loss: 2.0928 | SWD: 0.2064 | MSE: 4.7203 | W_Str: 1.00 | W_Sty: 1.00 | LR: 4.06e-05
2026-02-07 21:11:02,181 - INFO - Epoch 5/50 | Loss: 2.0723 | SWD: 0.2619 | MSE: 4.7194 | W_Str: 1.00 | W_Sty: 1.00 | LR: 5.05e-05
2026-02-07 21:11:10,114 - INFO - ✓ Saved checkpoint: /mnt/g/GitHub/Latent_Style/Thermal/swd_matrix/experiments/E1_p2/checkpoints/epoch_0005.pt (step=1285)
2026-02-07 21:12:44,159 - INFO - Epoch 6/50 | Loss: 2.0678 | SWD: 0.3172 | MSE: 4.7384 | W_Str: 1.00 | W_Sty: 1.00 | LR: 6.04e-05
2026-02-07 21:14:20,041 - INFO - Epoch 7/50 | Loss: 2.0553 | SWD: 0.3736 | MSE: 4.7142 | W_Str: 1.00 | W_Sty: 1.00 | LR: 7.03e-05
2026-02-07 21:15:56,924 - INFO - Epoch 8/50 | Loss: 2.0701 | SWD: 0.4370 | MSE: 4.5842 | W_Str: 1.00 | W_Sty: 1.00 | LR: 8.02e-05
2026-02-07 21:17:33,704 - INFO - Epoch 9/50 | Loss: 2.0946 | SWD: 0.5123 | MSE: 4.2606 | W_Str: 1.00 | W_Sty: 1.00 | LR: 9.01e-05
2026-02-07 21:19:07,889 - INFO - Epoch 10/50 | Loss: 2.1218 | SWD: 0.5999 | MSE: 3.9259 | W_Str: 1.00 | W_Sty: 1.00 | LR: 1.00e-04
2026-02-07 21:19:15,727 - INFO - ✓ Saved checkpoint: /mnt/g/GitHub/Latent_Style/Thermal/swd_matrix/experiments/E1_p2/checkpoints/epoch_0010.pt (step=2570)
2026-02-07 21:20:49,760 - INFO - Epoch 11/50 | Loss: 2.1346 | SWD: 0.6695 | MSE: 3.5580 | W_Str: 1.00 | W_Sty: 1.00 | LR: 9.98e-05
2026-02-07 21:22:26,312 - INFO - Epoch 12/50 | Loss: 2.1709 | SWD: 0.6969 | MSE: 3.2948 | W_Str: 1.00 | W_Sty: 1.00 | LR: 9.94e-05
2026-02-07 21:24:02,697 - INFO - Epoch 13/50 | Loss: 2.1987 | SWD: 0.7268 | MSE: 3.0506 | W_Str: 1.00 | W_Sty: 1.00 | LR: 9.86e-05
2026-02-07 21:25:39,291 - INFO - Epoch 14/50 | Loss: 2.2321 | SWD: 0.7561 | MSE: 2.8517 | W_Str: 1.00 | W_Sty: 1.00 | LR: 9.76e-05
2026-02-07 21:27:13,041 - INFO - Epoch 15/50 | Loss: 2.2709 | SWD: 0.7736 | MSE: 2.7074 | W_Str: 1.00 | W_Sty: 1.00 | LR: 9.62e-05
2026-02-07 21:27:20,832 - INFO - ✓ Saved checkpoint: /mnt/g/GitHub/Latent_Style/Thermal/swd_matrix/experiments/E1_p2/checkpoints/epoch_0015.pt (step=3855)
2026-02-07 21:28:54,964 - INFO - Epoch 16/50 | Loss: 2.3132 | SWD: 0.8127 | MSE: 2.5555 | W_Str: 1.00 | W_Sty: 1.00 | LR: 9.46e-05
2026-02-07 21:30:31,599 - INFO - Epoch 17/50 | Loss: 2.3388 | SWD: 0.8261 | MSE: 2.4404 | W_Str: 1.00 | W_Sty: 1.00 | LR: 9.27e-05
2026-02-07 21:32:08,262 - INFO - Epoch 18/50 | Loss: 2.3828 | SWD: 0.8540 | MSE: 2.3398 | W_Str: 1.00 | W_Sty: 1.00 | LR: 9.05e-05
2026-02-07 21:33:44,754 - INFO - Epoch 19/50 | Loss: 2.4187 | SWD: 0.8818 | MSE: 2.2492 | W_Str: 1.00 | W_Sty: 1.00 | LR: 8.81e-05
2026-02-07 21:35:18,540 - INFO - Epoch 20/50 | Loss: 2.4629 | SWD: 0.9060 | MSE: 2.1712 | W_Str: 1.00 | W_Sty: 1.00 | LR: 8.55e-05
2026-02-07 21:35:24,041 - INFO - ✓ Saved checkpoint: /mnt/g/GitHub/Latent_Style/Thermal/swd_matrix/experiments/E1_p2/checkpoints/epoch_0020.pt (step=5140)
2026-02-07 21:37:00,720 - INFO - Epoch 21/50 | Loss: 2.5001 | SWD: 0.9240 | MSE: 2.1176 | W_Str: 1.00 | W_Sty: 1.00 | LR: 8.26e-05
2026-02-07 21:38:37,153 - INFO - Epoch 22/50 | Loss: 2.5440 | SWD: 0.9399 | MSE: 2.0630 | W_Str: 1.00 | W_Sty: 1.00 | LR: 7.96e-05
2026-02-07 21:40:13,546 - INFO - Epoch 23/50 | Loss: 2.5814 | SWD: 0.9603 | MSE: 2.0195 | W_Str: 1.00 | W_Sty: 1.00 | LR: 7.64e-05
2026-02-07 21:41:50,011 - INFO - Epoch 24/50 | Loss: 2.6251 | SWD: 0.9747 | MSE: 1.9827 | W_Str: 1.00 | W_Sty: 1.00 | LR: 7.30e-05
2026-02-07 21:43:23,873 - INFO - Epoch 25/50 | Loss: 2.6612 | SWD: 0.9858 | MSE: 1.9437 | W_Str: 1.00 | W_Sty: 1.00 | LR: 6.94e-05
2026-02-07 21:43:29,194 - INFO - ✓ Saved checkpoint: /mnt/g/GitHub/Latent_Style/Thermal/swd_matrix/experiments/E1_p2/checkpoints/epoch_0025.pt (step=6425)
2026-02-07 21:45:06,013 - INFO - Epoch 26/50 | Loss: 2.7100 | SWD: 1.0080 | MSE: 1.9168 | W_Str: 1.00 | W_Sty: 1.00 | LR: 6.58e-05
2026-02-07 21:46:25,198 - INFO - Epoch 27/50 | Loss: 2.7440 | SWD: 1.0188 | MSE: 1.8881 | W_Str: 1.00 | W_Sty: 1.00 | LR: 6.21e-05
2026-02-07 21:47:43,914 - INFO - Epoch 28/50 | Loss: 2.7901 | SWD: 1.0345 | MSE: 1.8675 | W_Str: 1.00 | W_Sty: 1.00 | LR: 5.82e-05
2026-02-07 21:49:05,884 - INFO - Epoch 29/50 | Loss: 2.8280 | SWD: 1.0418 | MSE: 1.8435 | W_Str: 1.00 | W_Sty: 1.00 | LR: 5.44e-05
2026-02-07 21:50:25,522 - INFO - Epoch 30/50 | Loss: 2.8704 | SWD: 1.0520 | MSE: 1.8273 | W_Str: 1.00 | W_Sty: 1.00 | LR: 5.05e-05
2026-02-07 21:50:30,219 - INFO - ✓ Saved checkpoint: /mnt/g/GitHub/Latent_Style/Thermal/swd_matrix/experiments/E1_p2/checkpoints/epoch_0030.pt (step=7710)
Traceback (most recent call last):
  File "/mnt/g/GitHub/Latent_Style/Thermal/src/run.py", line 155, in <module>
    main()
  File "/mnt/g/GitHub/Latent_Style/Thermal/src/run.py", line 110, in main
    metrics = trainer.train_epoch(dataloader, epoch)
              ^^^^^^^^^^^^^^^^^^^^^^^^^^^^^^^^^^^^^^
  File "/mnt/g/GitHub/Latent_Style/Thermal/src/trainer.py", line 1147, in train_epoch
    ld = self.compute_energy_loss(batch, epoch, multipliers=multipliers)
         ^^^^^^^^^^^^^^^^^^^^^^^^^^^^^^^^^^^^^^^^^^^^^^^^^^^^^^^^^^^^^^^
  File "/mnt/g/GitHub/Latent_Style/Thermal/src/trainer.py", line 848, in compute_energy_loss
    hp_dict = self.energy_loss(
              ^^^^^^^^^^^^^^^^^
  File "/home/xy/miniconda3/envs/cu128/lib/python3.12/site-packages/torch/nn/modules/module.py", line 1775, in _wrapped_call_impl
    return self._call_impl(*args, **kwargs)
           ^^^^^^^^^^^^^^^^^^^^^^^^^^^^^^^^
  File "/home/xy/miniconda3/envs/cu128/lib/python3.12/site-packages/torch/nn/modules/module.py", line 1786, in _call_impl
    return forward_call(*args, **kwargs)
           ^^^^^^^^^^^^^^^^^^^^^^^^^^^^^
  File "/mnt/g/GitHub/Latent_Style/Thermal/src/losses.py", line 530, in forward
    total_loss = torch.tensor(0.0, device=device, dtype=dtype)
                 ^^^^^^^^^^^^^^^^^^^^^^^^^^^^^^^^^^^^^^^^^^^^^
KeyboardInterrupt
2026-02-07 21:55:35,768 - INFO - Using device: cuda
2026-02-07 21:55:35,768 - INFO - Using global seed: 42
2026-02-07 21:55:35,768 - INFO - Loading 4 styles from ../../latents...
2026-02-07 21:55:37,106 - INFO - Using device: cuda
2026-02-07 21:55:37,106 - INFO - Using global seed: 42
2026-02-07 21:55:37,106 - INFO - Loading 4 styles from ../../latents...
Traceback (most recent call last):
  File "/mnt/g/GitHub/Latent_Style/Thermal/src/run.py", line 164, in <module>
    main()
  File "/mnt/g/GitHub/Latent_Style/Thermal/src/run.py", line 80, in main
    dataset = LatentDataset(
              ^^^^^^^^^^^^^^
  File "/mnt/g/GitHub/Latent_Style/Thermal/src/utils/dataset.py", line 136, in __init__
    latents_list.append(torch.load(f, map_location='cpu').float().squeeze(0))
                        ^^^^^^^^^^^^^^^^^^^^^^^^^^^^^^^^^
  File "/home/xy/miniconda3/envs/cu128/lib/python3.12/site-packages/torch/serialization.py", line 1521, in load
    return _load(
           ^^^^^^
  File "/home/xy/miniconda3/envs/cu128/lib/python3.12/site-packages/torch/serialization.py", line 2122, in _load
    result = unpickler.load()
             ^^^^^^^^^^^^^^^^
  File "/home/xy/miniconda3/envs/cu128/lib/python3.12/site-packages/torch/_weights_only_unpickler.py", line 535, in load
    self.append(self.persistent_load(pid))
                ^^^^^^^^^^^^^^^^^^^^^^^^^
  File "/home/xy/miniconda3/envs/cu128/lib/python3.12/site-packages/torch/serialization.py", line 2086, in persistent_load
    typed_storage = load_tensor(
                    ^^^^^^^^^^^^
  File "/home/xy/miniconda3/envs/cu128/lib/python3.12/site-packages/torch/serialization.py", line 2039, in load_tensor
    zip_file.get_storage_from_record(name, numel, torch.UntypedStorage)
KeyboardInterrupt


===== [2026-02-07 21:55:35] CMD: /home/xy/miniconda3/envs/cu128/bin/python /mnt/g/GitHub/Latent_Style/Thermal/src/run.py --config /mnt/g/GitHub/Latent_Style/Thermal/swd_matrix/configs/E1_p2.json =====
2026-02-07 21:56:11,767 - INFO - 🚀 Pre-loading ALL latents to GPU VRAM (Zero-Copy DataLoader)
2026-02-07 21:56:12,425 - INFO - Model architecture: unet_lite
2026-02-07 21:56:13,108 - INFO - Model compiled with torch.compile
2026-02-07 21:56:13,208 - INFO - Model parameters: 65,220,292
2026-02-07 21:56:13,209 - INFO - 🎯 GeometricFreeEnergyLoss initialized (Multi-Style Mode)
   Scales: [2]
   Styles: 4 | Max Samples: 16384
   Projections: 64 | Memory: ~16.0MB
2026-02-07 21:56:13,209 - INFO - SWD setup | enabled=True warmup_ratio=0.200 band=highpass levels=['latent'] high_w=1.000 low_w=1.000 moment_w=10.000
2026-02-07 21:56:13,209 - INFO - Style classifier guidance disabled
2026-02-07 21:56:13,210 - INFO - Identity consistency enabled (pair_ratio=0.25, w_identity=1.0)
2026-02-07 21:56:13,210 - INFO - Pyramid Structural Loss enabled (w=1.0, weights={'low': 4.0, 'mid': 2.0, 'high': 1.0})
2026-02-07 21:56:13,210 - INFO - Velocity Regularization enabled (weight=0.1)
2026-02-07 21:56:13,211 - INFO - Scheduler: Linear Warmup (10) -> Cosine Annealing (to 1e-06)
2026-02-07 21:56:13,211 - INFO - Adaptive Loss Normalization enabled (Running Mean Scaling)
2026-02-07 21:56:13,211 - INFO - Alpha warmup schedule: 0 -> 1.0 over 1000 steps
2026-02-07 21:56:13,211 - INFO - Per-style loss weights: [1.0, 1.0, 1.0, 1.0]
2026-02-07 21:56:13,214 - INFO - Full external evaluation interval: 1000000000
2026-02-07 21:56:14,813 - INFO - Loading VAE on device: cuda
2026-02-07 21:56:14,930 - INFO -  Loaded VAE from local HF cache: stabilityai/sd-vae-ft-mse
2026-02-07 21:56:14,946 - INFO - Overriding resume checkpoint: /mnt/g/GitHub/Latent_Style/Thermal/swd_matrix/experiments/E1_p2/checkpoints/epoch_0030.pt
2026-02-07 21:56:14,947 - INFO - Loading checkpoint: /mnt/g/GitHub/Latent_Style/Thermal/swd_matrix/experiments/E1_p2/checkpoints/epoch_0030.pt
2026-02-07 21:56:17,000 - INFO - Using device: cuda
2026-02-07 21:56:17,000 - INFO - Using global seed: 42
2026-02-07 21:56:17,001 - INFO - Loading 4 styles from ../../latents...
2026-02-07 21:56:19,226 - INFO - ✓ Model state loaded
2026-02-07 21:56:19,227 - INFO - ✓ Optimizer state restored (momentum preserved)
2026-02-07 21:56:19,227 - INFO - ✓ Scheduler state restored (no re-warmup)
2026-02-07 21:56:19,227 - INFO - ✓ GradScaler state restored
2026-02-07 21:56:19,228 - INFO - ✓ Fully resumed from epoch 30
2026-02-07 21:56:19,228 - INFO -   Next epoch: 31
2026-02-07 21:56:19,228 - INFO -   Global step: 7710
2026-02-07 21:56:19,228 - INFO - Adaptive loss normalization state restored
2026-02-07 21:56:19,228 - INFO - Resumed training state. Current LR will be determined by scheduler.
2026-02-07 21:56:19,230 - INFO - Building style indices cache...
2026-02-07 21:56:19,230 - INFO -   Style 0: 6187 samples
2026-02-07 21:56:19,231 - INFO -   Style 1: 972 samples
2026-02-07 21:56:19,231 - INFO -   Style 2: 600 samples
2026-02-07 21:56:19,231 - INFO -   Style 3: 850 samples
2026-02-07 21:56:19,231 - INFO - Style indices cache built
2026-02-07 21:56:19,231 - INFO - Estimated train steps=19300, SWD warmup steps=3860 (ratio=0.200)
2026-02-07 21:56:19,231 - INFO - Initializing Style LUT cache for multi-style SWD...
2026-02-07 21:56:19,279 - INFO -   Style 0: Sampled 128 images for distribution statistics.
2026-02-07 21:56:19,281 - INFO -   Style 1: Sampled 128 images for distribution statistics.
2026-02-07 21:56:19,283 - INFO -   Style 2: Sampled 128 images for distribution statistics.
2026-02-07 21:56:19,285 - INFO -   Style 3: Sampled 128 images for distribution statistics.
2026-02-07 21:56:19,289 - INFO - 🔥 Pre-computing SWD Style Cache (this may take a minute)...
2026-02-07 21:56:19,298 - INFO -   Processing scale 2×2 (1/1)...
2026-02-07 21:56:19,407 - INFO -     ✓ Scale 2: LUT shape torch.Size([4, 16384, 4])
2026-02-07 21:56:19,407 - INFO - ✅ SWD Cache Initialization Complete
2026-02-07 21:56:19,408 - INFO - Skipping initial inference snapshot (training.save_initial_inference=false)
W0207 21:56:23.438000 5172 site-packages/torch/_inductor/utils.py:1613] [0/0] Not enough SMs to use max_autotune_gemm mode
2026-02-07 21:56:36,459 - INFO - v_pred_norm=0.659 v_tgt_norm=1.364
2026-02-07 21:56:58,372 - INFO - v_pred_norm=0.664 v_tgt_norm=1.372
2026-02-07 21:56:58,622 - INFO - v_pred_norm=0.647 v_tgt_norm=1.363
2026-02-07 21:56:58,868 - INFO - 🚀 Pre-loading ALL latents to GPU VRAM (Zero-Copy DataLoader)
Traceback (most recent call last):
  File "/mnt/g/GitHub/Latent_Style/Thermal/src/run.py", line 164, in <module>
    main()
  File "/mnt/g/GitHub/Latent_Style/Thermal/src/run.py", line 80, in main
    dataset = LatentDataset(
              ^^^^^^^^^^^^^^
  File "/mnt/g/GitHub/Latent_Style/Thermal/src/utils/dataset.py", line 155, in __init__
    self.latents_tensor = self.latents_tensor.to('cuda')
                          ^^^^^^^^^^^^^^^^^^^^^^^^^^^^^^
KeyboardInterrupt


===== [2026-02-07 21:56:15] CMD: /home/xy/miniconda3/envs/cu128/bin/python /mnt/g/GitHub/Latent_Style/Thermal/src/run.py --config /mnt/g/GitHub/Latent_Style/Thermal/swd_matrix/configs/E1_p2.json =====
2026-02-07 21:57:02,171 - INFO - Using device: cuda
2026-02-07 21:57:02,171 - INFO - Using global seed: 42
2026-02-07 21:57:02,171 - INFO - Loading 4 styles from ../../latents...
2026-02-07 21:57:03,979 - INFO - v_pred_norm=0.652 v_tgt_norm=1.366
2026-02-07 21:57:11,246 - INFO - v_pred_norm=0.649 v_tgt_norm=1.366
2026-02-07 21:57:45,270 - INFO - 🚀 Pre-loading ALL latents to GPU VRAM (Zero-Copy DataLoader)
2026-02-07 21:57:46,159 - INFO - Model architecture: unet_lite
2026-02-07 21:57:46,909 - INFO - Model compiled with torch.compile
2026-02-07 21:57:47,013 - INFO - Model parameters: 65,220,292
2026-02-07 21:57:47,014 - INFO - 🎯 GeometricFreeEnergyLoss initialized (Multi-Style Mode)
   Scales: [2]
   Styles: 4 | Max Samples: 16384
   Projections: 64 | Memory: ~16.0MB
2026-02-07 21:57:47,016 - INFO - SWD setup | enabled=True warmup_ratio=0.200 band=highpass levels=['latent'] high_w=1.000 low_w=1.000 moment_w=10.000
2026-02-07 21:57:47,017 - INFO - Style classifier guidance disabled
2026-02-07 21:57:47,017 - INFO - Identity consistency enabled (pair_ratio=0.25, w_identity=1.0)
2026-02-07 21:57:47,017 - INFO - Pyramid Structural Loss enabled (w=1.0, weights={'low': 4.0, 'mid': 2.0, 'high': 1.0})
2026-02-07 21:57:47,017 - INFO - Velocity Regularization enabled (weight=0.1)
2026-02-07 21:57:47,018 - INFO - Scheduler: Linear Warmup (10) -> Cosine Annealing (to 1e-06)
2026-02-07 21:57:47,019 - INFO - Adaptive Loss Normalization enabled (Running Mean Scaling)
2026-02-07 21:57:47,019 - INFO - Alpha warmup schedule: 0 -> 1.0 over 1000 steps
2026-02-07 21:57:47,020 - INFO - Per-style loss weights: [1.0, 1.0, 1.0, 1.0]
2026-02-07 21:57:47,022 - INFO - Full external evaluation interval: 1000000000
2026-02-07 21:57:48,798 - INFO - Loading VAE on device: cuda
2026-02-07 21:57:49,036 - INFO -  Loaded VAE from local HF cache: stabilityai/sd-vae-ft-mse
2026-02-07 21:57:49,047 - INFO - Overriding resume checkpoint: /mnt/g/GitHub/Latent_Style/Thermal/swd_matrix/experiments/E1_p2/checkpoints/epoch_0030.pt
2026-02-07 21:57:49,049 - INFO - Loading checkpoint: /mnt/g/GitHub/Latent_Style/Thermal/swd_matrix/experiments/E1_p2/checkpoints/epoch_0030.pt
2026-02-07 21:57:53,154 - INFO - ✓ Model state loaded
2026-02-07 21:57:53,155 - INFO - ✓ Optimizer state restored (momentum preserved)
2026-02-07 21:57:53,155 - INFO - ✓ Scheduler state restored (no re-warmup)
2026-02-07 21:57:53,155 - INFO - ✓ GradScaler state restored
2026-02-07 21:57:53,155 - INFO - ✓ Fully resumed from epoch 30
2026-02-07 21:57:53,155 - INFO -   Next epoch: 31
2026-02-07 21:57:53,156 - INFO -   Global step: 7710
2026-02-07 21:57:53,156 - INFO - Adaptive loss normalization state restored
2026-02-07 21:57:53,156 - INFO - Resumed training state. Current LR will be determined by scheduler.
2026-02-07 21:57:53,158 - INFO - Building style indices cache...
2026-02-07 21:57:53,158 - INFO -   Style 0: 6187 samples
2026-02-07 21:57:53,159 - INFO -   Style 1: 972 samples
2026-02-07 21:57:53,159 - INFO -   Style 2: 600 samples
2026-02-07 21:57:53,159 - INFO -   Style 3: 850 samples
2026-02-07 21:57:53,159 - INFO - Style indices cache built
2026-02-07 21:57:53,159 - INFO - Estimated train steps=6150, SWD warmup steps=1230 (ratio=0.200)
2026-02-07 21:57:53,160 - INFO - Initializing Style LUT cache for multi-style SWD...
2026-02-07 21:57:53,161 - INFO -   Style 0: Sampled 128 images for distribution statistics.
2026-02-07 21:57:53,162 - INFO -   Style 1: Sampled 128 images for distribution statistics.
2026-02-07 21:57:53,162 - INFO -   Style 2: Sampled 128 images for distribution statistics.
2026-02-07 21:57:53,163 - INFO -   Style 3: Sampled 128 images for distribution statistics.
2026-02-07 21:57:53,165 - INFO - 🔥 Pre-computing SWD Style Cache (this may take a minute)...
2026-02-07 21:57:53,173 - INFO -   Processing scale 2×2 (1/1)...
2026-02-07 21:57:53,274 - INFO -     ✓ Scale 2: LUT shape torch.Size([4, 16384, 4])
2026-02-07 21:57:53,274 - INFO - ✅ SWD Cache Initialization Complete
2026-02-07 21:57:53,275 - INFO - Skipping initial inference snapshot (training.save_initial_inference=false)
W0207 21:57:57.299000 8161 site-packages/torch/_inductor/utils.py:1613] [0/0] Not enough SMs to use max_autotune_gemm mode
2026-02-07 21:58:14,359 - INFO - v_pred_norm=0.653 v_tgt_norm=1.367
2026-02-07 21:58:56,239 - INFO - Epoch 31/50 | Loss: 2.9142 | SWD: 1.0906 | MSE: 1.7761 | W_Str: 1.00 | W_Sty: 1.00 | LR: 4.66e-05
2026-02-07 21:58:57,357 - INFO - v_pred_norm=0.653 v_tgt_norm=1.366
2026-02-07 21:59:03,304 - INFO - v_pred_norm=0.655 v_tgt_norm=1.366
2026-02-07 21:59:03,807 - INFO - v_pred_norm=0.657 v_tgt_norm=1.368
2026-02-07 21:59:06,157 - INFO - v_pred_norm=0.657 v_tgt_norm=1.366


===== [2026-02-07 21:57:00] CMD: /home/xy/miniconda3/envs/cu128/bin/python /mnt/g/GitHub/Latent_Style/Thermal/src/run.py --config /mnt/g/GitHub/Latent_Style/Thermal/swd_matrix/configs/E1_p2.json =====
2026-02-07 21:59:49,936 - INFO - Using device: cuda
2026-02-07 21:59:49,937 - INFO - Using global seed: 42
2026-02-07 21:59:49,937 - INFO - Loading 4 styles from ../../latents...
2026-02-07 22:00:32,577 - INFO - 🚀 Pre-loading ALL latents to GPU VRAM (Zero-Copy DataLoader)
2026-02-07 22:00:33,419 - INFO - Model architecture: unet_lite
2026-02-07 22:00:34,262 - INFO - Model compiled with torch.compile
2026-02-07 22:00:34,377 - INFO - Model parameters: 65,220,292
2026-02-07 22:00:34,378 - INFO - 🎯 GeometricFreeEnergyLoss initialized (Multi-Style Mode)
   Scales: [2]
   Styles: 4 | Max Samples: 16384
   Projections: 64 | Memory: ~16.0MB
2026-02-07 22:00:34,381 - INFO - SWD setup | enabled=True warmup_ratio=0.200 band=highpass levels=['latent'] high_w=1.000 low_w=1.000 moment_w=10.000
2026-02-07 22:00:34,381 - INFO - Style classifier guidance disabled
2026-02-07 22:00:34,382 - INFO - Identity consistency enabled (pair_ratio=0.25, w_identity=1.0)
2026-02-07 22:00:34,382 - INFO - Pyramid Structural Loss enabled (w=1.0, weights={'low': 4.0, 'mid': 2.0, 'high': 1.0})
2026-02-07 22:00:34,382 - INFO - Velocity Regularization enabled (weight=0.1)
2026-02-07 22:00:34,383 - INFO - Scheduler: Linear Warmup (10) -> Cosine Annealing (to 1e-06)
2026-02-07 22:00:34,385 - INFO - Adaptive Loss Normalization enabled (Running Mean Scaling)
2026-02-07 22:00:34,385 - INFO - Alpha warmup schedule: 0 -> 1.0 over 1000 steps
2026-02-07 22:00:34,386 - INFO - Per-style loss weights: [1.0, 1.0, 1.0, 1.0]
2026-02-07 22:00:34,389 - INFO - Full external evaluation interval: 1000000000
2026-02-07 22:00:38,554 - INFO - Loading VAE on device: cuda
2026-02-07 22:00:38,760 - INFO -  Loaded VAE from local HF cache: stabilityai/sd-vae-ft-mse
2026-02-07 22:00:38,770 - INFO - Overriding resume checkpoint: /mnt/g/GitHub/Latent_Style/Thermal/swd_matrix/experiments/E1_p2/checkpoints/epoch_0030.pt
2026-02-07 22:00:38,772 - INFO - Loading checkpoint: /mnt/g/GitHub/Latent_Style/Thermal/swd_matrix/experiments/E1_p2/checkpoints/epoch_0030.pt
2026-02-07 22:00:40,809 - INFO - Epoch 32/50 | Loss: 2.9499 | SWD: 1.1092 | MSE: 1.7576 | W_Str: 1.00 | W_Sty: 1.00 | LR: 4.28e-05
2026-02-07 22:00:43,210 - INFO - ✓ Model state loaded
2026-02-07 22:00:43,211 - INFO - ✓ Optimizer state restored (momentum preserved)
2026-02-07 22:00:43,211 - INFO - ✓ Scheduler state restored (no re-warmup)
2026-02-07 22:00:43,211 - INFO - ✓ GradScaler state restored
2026-02-07 22:00:43,212 - INFO - ✓ Fully resumed from epoch 30
2026-02-07 22:00:43,212 - INFO -   Next epoch: 31
2026-02-07 22:00:43,212 - INFO -   Global step: 7710
2026-02-07 22:00:43,212 - INFO - Adaptive loss normalization state restored
2026-02-07 22:00:43,212 - INFO - Resumed training state. Current LR will be determined by scheduler.
2026-02-07 22:00:43,214 - INFO - Building style indices cache...
2026-02-07 22:00:43,214 - INFO -   Style 0: 6187 samples
2026-02-07 22:00:43,215 - INFO -   Style 1: 972 samples
2026-02-07 22:00:43,215 - INFO -   Style 2: 600 samples
2026-02-07 22:00:43,215 - INFO -   Style 3: 850 samples
2026-02-07 22:00:43,215 - INFO - Style indices cache built
2026-02-07 22:00:43,215 - INFO - Estimated train steps=7700, SWD warmup steps=1540 (ratio=0.200)
2026-02-07 22:00:43,215 - INFO - Initializing Style LUT cache for multi-style SWD...
2026-02-07 22:00:43,217 - INFO -   Style 0: Sampled 128 images for distribution statistics.
2026-02-07 22:00:43,218 - INFO -   Style 1: Sampled 128 images for distribution statistics.
2026-02-07 22:00:43,218 - INFO -   Style 2: Sampled 128 images for distribution statistics.
2026-02-07 22:00:43,219 - INFO -   Style 3: Sampled 128 images for distribution statistics.
2026-02-07 22:00:43,222 - INFO - 🔥 Pre-computing SWD Style Cache (this may take a minute)...
2026-02-07 22:00:43,230 - INFO -   Processing scale 2×2 (1/1)...
2026-02-07 22:00:43,335 - INFO -     ✓ Scale 2: LUT shape torch.Size([4, 16384, 4])
2026-02-07 22:00:43,335 - INFO - ✅ SWD Cache Initialization Complete
2026-02-07 22:00:43,335 - INFO - Skipping initial inference snapshot (training.save_initial_inference=false)
W0207 22:00:47.485000 11150 site-packages/torch/_inductor/utils.py:1613] [0/0] Not enough SMs to use max_autotune_gemm mode
2026-02-07 22:01:04,598 - INFO - v_pred_norm=0.654 v_tgt_norm=1.368
2026-02-07 22:01:46,535 - INFO - v_pred_norm=0.652 v_tgt_norm=1.364
2026-02-07 22:01:48,762 - INFO - v_pred_norm=0.657 v_tgt_norm=1.368
2026-02-07 22:01:49,171 - INFO - v_pred_norm=0.659 v_tgt_norm=1.367
2026-02-07 22:01:51,075 - INFO - v_pred_norm=0.662 v_tgt_norm=1.368
Traceback (most recent call last):
  File "/mnt/g/GitHub/Latent_Style/Thermal/src/run.py", line 164, in <module>
    main()
  File "/mnt/g/GitHub/Latent_Style/Thermal/src/run.py", line 119, in main
    metrics = trainer.train_epoch(dataloader, epoch)
              ^^^^^^^^^^^^^^^^^^^^^^^^^^^^^^^^^^^^^^
  File "/mnt/g/GitHub/Latent_Style/Thermal/src/trainer.py", line 1147, in train_epoch
    ld = self.compute_energy_loss(batch, epoch, multipliers=multipliers)
         ^^^^^^^^^^^^^^^^^^^^^^^^^^^^^^^^^^^^^^^^^^^^^^^^^^^^^^^^^^^^^^^
  File "/mnt/g/GitHub/Latent_Style/Thermal/src/trainer.py", line 729, in compute_energy_loss
    v_pred = _model_forward(x_t, t, style_id_tgt, use_avg=drop_label)
             ^^^^^^^^^^^^^^^^^^^^^^^^^^^^^^^^^^^^^^^^^^^^^^^^^^^^^^^^
  File "/mnt/g/GitHub/Latent_Style/Thermal/src/trainer.py", line 720, in _model_forward
    v_out = self.model(x_model, t_in, style_in, use_avg_style=use_avg)
            ^^^^^^^^^^^^^^^^^^^^^^^^^^^^^^^^^^^^^^^^^^^^^^^^^^^^^^^^^^
  File "/home/xy/miniconda3/envs/cu128/lib/python3.12/site-packages/torch/_dynamo/eval_frame.py", line 414, in __call__
    return super().__call__(*args, **kwargs)
           ^^^^^^^^^^^^^^^^^^^^^^^^^^^^^^^^^
  File "/home/xy/miniconda3/envs/cu128/lib/python3.12/site-packages/torch/nn/modules/module.py", line 1775, in _wrapped_call_impl
    return self._call_impl(*args, **kwargs)
           ^^^^^^^^^^^^^^^^^^^^^^^^^^^^^^^^
  File "/home/xy/miniconda3/envs/cu128/lib/python3.12/site-packages/torch/nn/modules/module.py", line 1786, in _call_impl
    return forward_call(*args, **kwargs)
           ^^^^^^^^^^^^^^^^^^^^^^^^^^^^^
  File "/home/xy/miniconda3/envs/cu128/lib/python3.12/site-packages/torch/_dynamo/eval_frame.py", line 832, in compile_wrapper
    return fn(*args, **kwargs)
           ^^^^^^^^^^^^^^^^^^^
  File "/home/xy/miniconda3/envs/cu128/lib/python3.12/site-packages/torch/nn/modules/module.py", line 1775, in _wrapped_call_impl
    return self._call_impl(*args, **kwargs)
           ^^^^^^^^^^^^^^^^^^^^^^^^^^^^^^^^
  File "/home/xy/miniconda3/envs/cu128/lib/python3.12/site-packages/torch/nn/modules/module.py", line 1786, in _call_impl
    return forward_call(*args, **kwargs)
           ^^^^^^^^^^^^^^^^^^^^^^^^^^^^^
  File "/home/xy/miniconda3/envs/cu128/lib/python3.12/site-packages/torch/_dynamo/convert_frame.py", line 1875, in __call__
    result = self._torchdynamo_orig_backend(
             ^^^^^^^^^^^^^^^^^^^^^^^^^^^^^^^
  File "/home/xy/miniconda3/envs/cu128/lib/python3.12/site-packages/torch/_dynamo/convert_frame.py", line 1625, in __call__
    result = self._inner_convert(
             ^^^^^^^^^^^^^^^^^^^^
  File "/home/xy/miniconda3/envs/cu128/lib/python3.12/site-packages/torch/_dynamo/convert_frame.py", line 688, in __call__
    result = _compile(
             ^^^^^^^^^
  File "/home/xy/miniconda3/envs/cu128/lib/python3.12/site-packages/torch/_dynamo/convert_frame.py", line 1434, in _compile
    guarded_code, tracer_output = compile_inner(code, one_graph, hooks)
                                  ^^^^^^^^^^^^^^^^^^^^^^^^^^^^^^^^^^^^^
  File "/home/xy/miniconda3/envs/cu128/lib/python3.12/site-packages/torch/_utils_internal.py", line 92, in wrapper_function
    return function(*args, **kwargs)
           ^^^^^^^^^^^^^^^^^^^^^^^^^
  File "/home/xy/miniconda3/envs/cu128/lib/python3.12/site-packages/torch/_dynamo/convert_frame.py", line 1117, in compile_inner
    return _compile_inner(code, one_graph, hooks)
           ^^^^^^^^^^^^^^^^^^^^^^^^^^^^^^^^^^^^^^
  File "/home/xy/miniconda3/envs/cu128/lib/python3.12/site-packages/torch/_dynamo/convert_frame.py", line 1151, in _compile_inner
    dynamo_output = compile_frame(
                    ^^^^^^^^^^^^^^
  File "/home/xy/miniconda3/envs/cu128/lib/python3.12/site-packages/torch/_dynamo/convert_frame.py", line 1032, in compile_frame
    bytecode, tracer_output = transform_code_object(code, transform)
                              ^^^^^^^^^^^^^^^^^^^^^^^^^^^^^^^^^^^^^^
  File "/home/xy/miniconda3/envs/cu128/lib/python3.12/site-packages/torch/_dynamo/bytecode_transformation.py", line 1592, in transform_code_object
    tracer_output = transformations(instructions, code_options)
                    ^^^^^^^^^^^^^^^^^^^^^^^^^^^^^^^^^^^^^^^^^^^
  File "/home/xy/miniconda3/envs/cu128/lib/python3.12/site-packages/torch/_dynamo/convert_frame.py", line 1004, in transform
    tracer_output = trace_frame(
                    ^^^^^^^^^^^^
  File "/home/xy/miniconda3/envs/cu128/lib/python3.12/site-packages/torch/_dynamo/convert_frame.py", line 312, in _fn
    return fn(*args, **kwargs)
           ^^^^^^^^^^^^^^^^^^^
  File "/home/xy/miniconda3/envs/cu128/lib/python3.12/site-packages/torch/_dynamo/convert_frame.py", line 815, in trace_frame
    run_tracer()
  File "/home/xy/miniconda3/envs/cu128/lib/python3.12/site-packages/torch/_dynamo/convert_frame.py", line 797, in run_tracer
    tracer.run()
  File "/home/xy/miniconda3/envs/cu128/lib/python3.12/site-packages/torch/_dynamo/symbolic_convert.py", line 1500, in run
    while self.step():
          ^^^^^^^^^^^
  File "/home/xy/miniconda3/envs/cu128/lib/python3.12/site-packages/torch/_dynamo/symbolic_convert.py", line 1348, in step
    self.dispatch_table[inst.opcode](self, inst)
  File "/home/xy/miniconda3/envs/cu128/lib/python3.12/site-packages/torch/_dynamo/symbolic_convert.py", line 4103, in RETURN_VALUE
    self._return(inst)
  File "/home/xy/miniconda3/envs/cu128/lib/python3.12/site-packages/torch/_dynamo/symbolic_convert.py", line 4081, in _return
    all_stack_locals_metadata = self.output.compile_subgraph(
                                ^^^^^^^^^^^^^^^^^^^^^^^^^^^^^
  File "/home/xy/miniconda3/envs/cu128/lib/python3.12/site-packages/torch/_dynamo/output_graph.py", line 1568, in compile_subgraph
    self.compile_and_call_fx_graph(tx, pass2.graph_output_vars(), root)
  File "/home/xy/miniconda3/envs/cu128/lib/python3.12/site-packages/torch/_dynamo/output_graph.py", line 2013, in compile_and_call_fx_graph
    compiled_fn = self.call_user_compiler(gm, self.example_inputs())
                  ^^^^^^^^^^^^^^^^^^^^^^^^^^^^^^^^^^^^^^^^^^^^^^^^^^
  File "/home/xy/miniconda3/envs/cu128/lib/python3.12/site-packages/torch/_dynamo/output_graph.py", line 2136, in call_user_compiler
    return self._call_user_compiler(gm, example_inputs)
           ^^^^^^^^^^^^^^^^^^^^^^^^^^^^^^^^^^^^^^^^^^^^
  File "/home/xy/miniconda3/envs/cu128/lib/python3.12/site-packages/torch/_dynamo/output_graph.py", line 2171, in _call_user_compiler
    compiled_fn = compiler_fn(gm, example_inputs)
                  ^^^^^^^^^^^^^^^^^^^^^^^^^^^^^^^
  File "/home/xy/miniconda3/envs/cu128/lib/python3.12/site-packages/torch/_dynamo/repro/after_dynamo.py", line 156, in __call__
    compiled_gm = compiler_fn(gm, example_inputs)
                  ^^^^^^^^^^^^^^^^^^^^^^^^^^^^^^^
  File "/home/xy/miniconda3/envs/cu128/lib/python3.12/site-packages/torch/__init__.py", line 2392, in __call__
    return compile_fx(model_, inputs_, config_patches=self.config)
           ^^^^^^^^^^^^^^^^^^^^^^^^^^^^^^^^^^^^^^^^^^^^^^^^^^^^^^^
  File "/home/xy/miniconda3/envs/cu128/lib/python3.12/site-packages/torch/_inductor/compile_fx.py", line 2681, in compile_fx
    return aot_autograd(
           ^^^^^^^^^^^^^
  File "/home/xy/miniconda3/envs/cu128/lib/python3.12/site-packages/torch/_dynamo/backends/common.py", line 117, in __call__
    cg = aot_module_simplified(gm, example_inputs, **self.kwargs)
         ^^^^^^^^^^^^^^^^^^^^^^^^^^^^^^^^^^^^^^^^^^^^^^^^^^^^^^^^
  File "/home/xy/miniconda3/envs/cu128/lib/python3.12/site-packages/torch/_functorch/aot_autograd.py", line 1106, in aot_module_simplified
    compiled_fn, _ = aot_stage2_compile(aot_state, aot_graph_capture)
                     ^^^^^^^^^^^^^^^^^^^^^^^^^^^^^^^^^^^^^^^^^^^^^^^^
  File "/home/xy/miniconda3/envs/cu128/lib/python3.12/site-packages/torch/_functorch/_aot_autograd/graph_compile.py", line 240, in aot_stage2_compile
    return aot_stage2_autograd(aot_state, aot_graph_capture)
           ^^^^^^^^^^^^^^^^^^^^^^^^^^^^^^^^^^^^^^^^^^^^^^^^^
  File "/home/xy/miniconda3/envs/cu128/lib/python3.12/site-packages/torch/_functorch/_aot_autograd/graph_compile.py", line 1393, in aot_stage2_autograd
    fw_module, bw_module = aot_config.partition_fn(
                           ^^^^^^^^^^^^^^^^^^^^^^^^
  File "/home/xy/miniconda3/envs/cu128/lib/python3.12/site-packages/torch/_inductor/compile_fx.py", line 2118, in partition_fn
    return min_cut_rematerialization_partition(
           ^^^^^^^^^^^^^^^^^^^^^^^^^^^^^^^^^^^^
  File "/home/xy/miniconda3/envs/cu128/lib/python3.12/site-packages/torch/_functorch/partitioners.py", line 2792, in min_cut_rematerialization_partition
    node_info = classify_nodes(joint_module, static_lifetime_input_indices)
                ^^^^^^^^^^^^^^^^^^^^^^^^^^^^^^^^^^^^^^^^^^^^^^^^^^^^^^^^^^^
  File "/home/xy/miniconda3/envs/cu128/lib/python3.12/site-packages/torch/_functorch/partitioners.py", line 2759, in classify_nodes
    forward_only_graph = _extract_graph_with_inputs_outputs(
                         ^^^^^^^^^^^^^^^^^^^^^^^^^^^^^^^^^^^
  File "/home/xy/miniconda3/envs/cu128/lib/python3.12/site-packages/torch/_functorch/partitioners.py", line 219, in _extract_graph_with_inputs_outputs
    all_args = pytree.arg_tree_leaves(*node.args, **node.kwargs)
               ^^^^^^^^^^^^^^^^^^^^^^^^^^^^^^^^^^^^^^^^^^^^^^^^^
  File "/home/xy/miniconda3/envs/cu128/lib/python3.12/site-packages/torch/utils/_pytree.py", line 1944, in arg_tree_leaves
    leaves.extend(tree_iter(a))
KeyboardInterrupt


===== [2026-02-07 21:59:48] CMD: /home/xy/miniconda3/envs/cu128/bin/python /mnt/g/GitHub/Latent_Style/Thermal/src/run.py --config /mnt/g/GitHub/Latent_Style/Thermal/swd_matrix/configs/E1_p2.json =====
2026-02-07 22:02:45,345 - INFO - Using device: cuda
2026-02-07 22:02:45,346 - INFO - Using global seed: 42
2026-02-07 22:02:45,346 - INFO - Loading 4 styles from ../../latents...
2026-02-07 22:03:01,315 - INFO - Epoch 33/50 | Loss: 2.9973 | SWD: 1.1124 | MSE: 1.7500 | W_Str: 1.00 | W_Sty: 1.00 | LR: 3.89e-05
2026-02-07 22:03:25,754 - INFO - 🚀 Pre-loading ALL latents to GPU VRAM (Zero-Copy DataLoader)
2026-02-07 22:03:26,483 - INFO - Model architecture: unet_lite
2026-02-07 22:03:27,242 - INFO - Model compiled with torch.compile
2026-02-07 22:03:27,342 - INFO - Model parameters: 65,220,292
2026-02-07 22:03:27,342 - INFO - 🎯 GeometricFreeEnergyLoss initialized (Multi-Style Mode)
   Scales: [2]
   Styles: 4 | Max Samples: 16384
   Projections: 64 | Memory: ~16.0MB
2026-02-07 22:03:27,343 - INFO - SWD setup | enabled=True warmup_ratio=0.200 band=highpass levels=['latent'] high_w=1.000 low_w=1.000 moment_w=10.000
2026-02-07 22:03:27,344 - INFO - Style classifier guidance disabled
2026-02-07 22:03:27,344 - INFO - Identity consistency enabled (pair_ratio=0.25, w_identity=1.0)
2026-02-07 22:03:27,344 - INFO - Pyramid Structural Loss enabled (w=1.0, weights={'low': 4.0, 'mid': 2.0, 'high': 1.0})
2026-02-07 22:03:27,344 - INFO - Velocity Regularization enabled (weight=0.1)
2026-02-07 22:03:27,345 - INFO - Scheduler: Linear Warmup (10) -> Cosine Annealing (to 1e-06)
2026-02-07 22:03:27,345 - INFO - Adaptive Loss Normalization enabled (Running Mean Scaling)
2026-02-07 22:03:27,345 - INFO - Alpha warmup schedule: 0 -> 1.0 over 1000 steps
2026-02-07 22:03:27,346 - INFO - Per-style loss weights: [1.0, 1.0, 1.0, 1.0]
2026-02-07 22:03:27,348 - INFO - Full external evaluation interval: 1000000000
2026-02-07 22:03:30,902 - INFO - Loading VAE on device: cuda
2026-02-07 22:03:31,091 - INFO -  Loaded VAE from local HF cache: stabilityai/sd-vae-ft-mse
2026-02-07 22:03:31,099 - INFO - Overriding resume checkpoint: /mnt/g/GitHub/Latent_Style/Thermal/swd_matrix/experiments/E1_p2/checkpoints/epoch_0030.pt
2026-02-07 22:03:31,101 - INFO - Loading checkpoint: /mnt/g/GitHub/Latent_Style/Thermal/swd_matrix/experiments/E1_p2/checkpoints/epoch_0030.pt
2026-02-07 22:03:35,357 - INFO - ✓ Model state loaded
2026-02-07 22:03:35,358 - INFO - ✓ Optimizer state restored (momentum preserved)
2026-02-07 22:03:35,358 - INFO - ✓ Scheduler state restored (no re-warmup)
2026-02-07 22:03:35,358 - INFO - ✓ GradScaler state restored
2026-02-07 22:03:35,358 - INFO - ✓ Fully resumed from epoch 30
2026-02-07 22:03:35,358 - INFO -   Next epoch: 31
2026-02-07 22:03:35,358 - INFO -   Global step: 7710
2026-02-07 22:03:35,359 - INFO - Adaptive loss normalization state restored
2026-02-07 22:03:35,359 - INFO - Resumed training state. Current LR will be determined by scheduler.
2026-02-07 22:03:35,360 - INFO - Building style indices cache...
2026-02-07 22:03:35,361 - INFO -   Style 0: 6187 samples
2026-02-07 22:03:35,361 - INFO -   Style 1: 972 samples
2026-02-07 22:03:35,361 - INFO -   Style 2: 600 samples
2026-02-07 22:03:35,362 - INFO -   Style 3: 850 samples
2026-02-07 22:03:35,362 - INFO - Style indices cache built
2026-02-07 22:03:35,362 - INFO - Estimated train steps=9650, SWD warmup steps=1930 (ratio=0.200)
2026-02-07 22:03:35,362 - INFO - Initializing Style LUT cache for multi-style SWD...
2026-02-07 22:03:35,365 - INFO -   Style 0: Sampled 128 images for distribution statistics.
2026-02-07 22:03:35,366 - INFO -   Style 1: Sampled 128 images for distribution statistics.
2026-02-07 22:03:35,366 - INFO -   Style 2: Sampled 128 images for distribution statistics.
2026-02-07 22:03:35,367 - INFO -   Style 3: Sampled 128 images for distribution statistics.
2026-02-07 22:03:35,370 - INFO - 🔥 Pre-computing SWD Style Cache (this may take a minute)...
2026-02-07 22:03:35,379 - INFO -   Processing scale 2×2 (1/1)...
2026-02-07 22:03:35,480 - INFO -     ✓ Scale 2: LUT shape torch.Size([4, 16384, 4])
2026-02-07 22:03:35,480 - INFO - ✅ SWD Cache Initialization Complete
2026-02-07 22:03:35,481 - INFO - Skipping initial inference snapshot (training.save_initial_inference=false)
W0207 22:03:39.740000 14041 site-packages/torch/_inductor/utils.py:1613] [0/0] Not enough SMs to use max_autotune_gemm mode
2026-02-07 22:03:55,002 - INFO - v_pred_norm=0.653 v_tgt_norm=1.369
2026-02-07 22:04:33,245 - INFO - v_pred_norm=0.651 v_tgt_norm=1.364
2026-02-07 22:04:33,761 - INFO - v_pred_norm=0.655 v_tgt_norm=1.367
2026-02-07 22:04:35,239 - INFO - v_pred_norm=0.661 v_tgt_norm=1.367
2026-02-07 22:04:35,632 - INFO - v_pred_norm=0.665 v_tgt_norm=1.368
2026-02-07 22:04:53,654 - INFO - Epoch 34/50 | Loss: 3.0390 | SWD: 1.1236 | MSE: 1.7422 | W_Str: 1.00 | W_Sty: 1.00 | LR: 3.52e-05
2026-02-07 22:07:26,129 - INFO - Epoch 31/50 | Loss: 2.9093 | SWD: 1.0871 | MSE: 1.7723 | W_Str: 1.00 | W_Sty: 1.00 | LR: 4.66e-05
2026-02-07 22:07:46,088 - INFO - Epoch 35/50 | Loss: 3.0800 | SWD: 1.1169 | MSE: 1.7374 | W_Str: 1.00 | W_Sty: 1.00 | LR: 3.16e-05
2026-02-07 22:07:56,009 - INFO - ✓ Saved checkpoint: /mnt/g/GitHub/Latent_Style/Thermal/swd_matrix/experiments/E1_p2/checkpoints/epoch_0035.pt (step=9640)
2026-02-07 22:10:10,926 - INFO - Epoch 32/50 | Loss: 2.9542 | SWD: 1.1064 | MSE: 1.7537 | W_Str: 1.00 | W_Sty: 1.00 | LR: 4.28e-05
2026-02-07 22:10:51,031 - INFO - Epoch 36/50 | Loss: 3.1269 | SWD: 1.1303 | MSE: 1.7276 | W_Str: 1.00 | W_Sty: 1.00 | LR: 2.80e-05
2026-02-07 22:12:57,245 - INFO - Epoch 33/50 | Loss: 2.9882 | SWD: 1.1010 | MSE: 1.7485 | W_Str: 1.00 | W_Sty: 1.00 | LR: 3.89e-05
2026-02-07 22:13:46,499 - INFO - Epoch 37/50 | Loss: 3.1657 | SWD: 1.1291 | MSE: 1.7260 | W_Str: 1.00 | W_Sty: 1.00 | LR: 2.46e-05
2026-02-07 22:15:42,919 - INFO - Epoch 34/50 | Loss: 3.0475 | SWD: 1.1156 | MSE: 1.7450 | W_Str: 1.00 | W_Sty: 1.00 | LR: 3.52e-05
2026-02-07 22:16:44,187 - INFO - Epoch 38/50 | Loss: 3.2097 | SWD: 1.1433 | MSE: 1.7140 | W_Str: 1.00 | W_Sty: 1.00 | LR: 2.14e-05
2026-02-07 22:18:30,575 - INFO - Epoch 35/50 | Loss: 3.0757 | SWD: 1.1109 | MSE: 1.7344 | W_Str: 1.00 | W_Sty: 1.00 | LR: 3.16e-05
2026-02-07 22:18:43,305 - INFO - ✓ Saved checkpoint: /mnt/g/GitHub/Latent_Style/Thermal/swd_matrix/experiments/E1_p2/checkpoints/epoch_0035.pt (step=8675)
2026-02-07 22:19:47,255 - INFO - Epoch 39/50 | Loss: 3.2472 | SWD: 1.1359 | MSE: 1.7116 | W_Str: 1.00 | W_Sty: 1.00 | LR: 1.84e-05
2026-02-07 22:21:26,392 - INFO - Epoch 36/50 | Loss: 3.1256 | SWD: 1.1353 | MSE: 1.7225 | W_Str: 1.00 | W_Sty: 1.00 | LR: 2.80e-05
2026-02-07 22:22:44,086 - INFO - Epoch 40/50 | Loss: 3.2977 | SWD: 1.1494 | MSE: 1.7018 | W_Str: 1.00 | W_Sty: 1.00 | LR: 1.55e-05
2026-02-07 22:22:54,086 - INFO - ✓ Saved checkpoint: /mnt/g/GitHub/Latent_Style/Thermal/swd_matrix/experiments/E1_p2/checkpoints/epoch_0040.pt (step=11570)
2026-02-07 22:24:12,812 - INFO - Epoch 37/50 | Loss: 3.1617 | SWD: 1.1342 | MSE: 1.7183 | W_Str: 1.00 | W_Sty: 1.00 | LR: 2.46e-05
2026-02-07 22:25:50,440 - INFO - Epoch 41/50 | Loss: 3.3343 | SWD: 1.1484 | MSE: 1.7014 | W_Str: 1.00 | W_Sty: 1.00 | LR: 1.29e-05
2026-02-07 22:26:59,632 - INFO - Epoch 38/50 | Loss: 3.2091 | SWD: 1.1457 | MSE: 1.7138 | W_Str: 1.00 | W_Sty: 1.00 | LR: 2.14e-05
2026-02-07 22:28:47,406 - INFO - Epoch 42/50 | Loss: 3.3736 | SWD: 1.1461 | MSE: 1.6972 | W_Str: 1.00 | W_Sty: 1.00 | LR: 1.05e-05
2026-02-07 22:29:45,091 - INFO - Epoch 39/50 | Loss: 3.2455 | SWD: 1.1412 | MSE: 1.7079 | W_Str: 1.00 | W_Sty: 1.00 | LR: 1.84e-05
2026-02-07 22:31:42,830 - INFO - Epoch 43/50 | Loss: 3.4216 | SWD: 1.1486 | MSE: 1.6916 | W_Str: 1.00 | W_Sty: 1.00 | LR: 8.29e-06
2026-02-07 22:32:31,951 - INFO - Epoch 40/50 | Loss: 3.2957 | SWD: 1.1573 | MSE: 1.7022 | W_Str: 1.00 | W_Sty: 1.00 | LR: 1.55e-05
2026-02-07 22:32:42,143 - INFO - ✓ Saved checkpoint: /mnt/g/GitHub/Latent_Style/Thermal/swd_matrix/experiments/E1_p2/checkpoints/epoch_0040.pt (step=9640)
2026-02-07 22:34:38,435 - INFO - Epoch 44/50 | Loss: 3.4633 | SWD: 1.1556 | MSE: 1.6883 | W_Str: 1.00 | W_Sty: 1.00 | LR: 6.40e-06
2026-02-07 22:35:27,843 - INFO - Epoch 41/50 | Loss: 3.3297 | SWD: 1.1433 | MSE: 1.7015 | W_Str: 1.00 | W_Sty: 1.00 | LR: 1.29e-05
2026-02-07 22:37:33,926 - INFO - Epoch 45/50 | Loss: 3.5074 | SWD: 1.1602 | MSE: 1.6839 | W_Str: 1.00 | W_Sty: 1.00 | LR: 4.77e-06
2026-02-07 22:37:46,912 - INFO - ✓ Saved checkpoint: /mnt/g/GitHub/Latent_Style/Thermal/swd_matrix/experiments/E1_p2/checkpoints/epoch_0045.pt (step=13500)
2026-02-07 22:38:11,603 - INFO - Epoch 42/50 | Loss: 3.3829 | SWD: 1.1569 | MSE: 1.6954 | W_Str: 1.00 | W_Sty: 1.00 | LR: 1.05e-05
2026-02-07 22:40:41,778 - INFO - Epoch 46/50 | Loss: 3.5050 | SWD: 1.1618 | MSE: 1.6792 | W_Str: 1.00 | W_Sty: 1.00 | LR: 3.42e-06
2026-02-07 22:40:56,880 - INFO - Epoch 43/50 | Loss: 3.4164 | SWD: 1.1511 | MSE: 1.6874 | W_Str: 1.00 | W_Sty: 1.00 | LR: 8.29e-06
2026-02-07 22:43:37,266 - INFO - Epoch 47/50 | Loss: 3.5029 | SWD: 1.1647 | MSE: 1.6810 | W_Str: 1.00 | W_Sty: 1.00 | LR: 2.37e-06
2026-02-07 22:43:42,200 - INFO - Epoch 44/50 | Loss: 3.4693 | SWD: 1.1741 | MSE: 1.6856 | W_Str: 1.00 | W_Sty: 1.00 | LR: 6.40e-06
2026-02-07 22:46:26,576 - INFO - Epoch 45/50 | Loss: 3.5008 | SWD: 1.1558 | MSE: 1.6860 | W_Str: 1.00 | W_Sty: 1.00 | LR: 4.77e-06
2026-02-07 22:46:34,160 - INFO - Epoch 48/50 | Loss: 3.5050 | SWD: 1.1650 | MSE: 1.6802 | W_Str: 1.00 | W_Sty: 1.00 | LR: 1.61e-06
2026-02-07 22:46:39,316 - INFO - ✓ Saved checkpoint: /mnt/g/GitHub/Latent_Style/Thermal/swd_matrix/experiments/E1_p2/checkpoints/epoch_0045.pt (step=10605)
2026-02-07 22:49:25,156 - INFO - Epoch 46/50 | Loss: 3.5096 | SWD: 1.1603 | MSE: 1.6890 | W_Str: 1.00 | W_Sty: 1.00 | LR: 3.42e-06
2026-02-07 22:49:31,754 - INFO - Epoch 49/50 | Loss: 3.5027 | SWD: 1.1652 | MSE: 1.6779 | W_Str: 1.00 | W_Sty: 1.00 | LR: 1.15e-06
2026-02-07 22:52:09,451 - INFO - Epoch 47/50 | Loss: 3.5004 | SWD: 1.1595 | MSE: 1.6822 | W_Str: 1.00 | W_Sty: 1.00 | LR: 2.37e-06
2026-02-07 22:52:28,006 - INFO - Epoch 50/50 | Loss: 3.5042 | SWD: 1.1713 | MSE: 1.6770 | W_Str: 1.00 | W_Sty: 1.00 | LR: 1.00e-06
2026-02-07 22:52:38,426 - INFO - ✓ Saved checkpoint: /mnt/g/GitHub/Latent_Style/Thermal/swd_matrix/experiments/E1_p2/checkpoints/epoch_0050.pt (step=15430)
2026-02-07 22:52:38,427 - INFO - ✓ Training completed!


===== [2026-02-07 21:55:33] CMD: /home/xy/miniconda3/envs/cu128/bin/python /mnt/g/GitHub/Latent_Style/Thermal/src/run.py --config /mnt/g/GitHub/Latent_Style/Thermal/swd_matrix/configs/E1_p2.json =====
2026-02-07 22:54:33,422 - INFO - Epoch 48/50 | Loss: 3.5121 | SWD: 1.1668 | MSE: 1.6846 | W_Str: 1.00 | W_Sty: 1.00 | LR: 1.61e-06
2026-02-07 22:57:47,611 - INFO - Epoch 49/50 | Loss: 3.5008 | SWD: 1.1524 | MSE: 1.6826 | W_Str: 1.00 | W_Sty: 1.00 | LR: 1.15e-06
2026-02-07 23:00:22,327 - INFO - Epoch 50/50 | Loss: 3.5082 | SWD: 1.1686 | MSE: 1.6816 | W_Str: 1.00 | W_Sty: 1.00 | LR: 1.00e-06
2026-02-07 23:00:30,154 - INFO - ✓ Saved checkpoint: /mnt/g/GitHub/Latent_Style/Thermal/swd_matrix/experiments/E1_p2/checkpoints/epoch_0050.pt (step=11570)
2026-02-07 23:00:30,155 - INFO - ✓ Training completed!


===== [2026-02-07 22:02:43] CMD: /home/xy/miniconda3/envs/cu128/bin/python /mnt/g/GitHub/Latent_Style/Thermal/src/run.py --config /mnt/g/GitHub/Latent_Style/Thermal/swd_matrix/configs/E1_p2.json =====
