2026-02-20 12:56:29,153 - WARNING - w_style=223.7253 looks high for Projected SWD loss. Recommended start range is [5, 20].
2026-02-20 12:56:29,154 - INFO - Active losses: w_style, w_moment, w_identity, w_structure
2026-02-20 12:56:29,176 - INFO - Device: cuda
2026-02-20 12:56:29,176 - INFO - Seed: 42
2026-02-20 12:56:29,176 - INFO - Loading latent dataset from ..\..\sdxl-256-overfit50
2026-02-20 12:56:29,182 - INFO -   style=photo id=0 count=10
2026-02-20 12:56:29,186 - INFO -   style=Hayao id=1 count=10
2026-02-20 12:56:29,189 - INFO -   style=monet id=2 count=10
2026-02-20 12:56:29,192 - INFO -   style=cezanne id=3 count=10
2026-02-20 12:56:29,196 - INFO -   style=vangogh id=4 count=10
2026-02-20 12:56:29,265 - INFO - Dataset preloaded to cuda: 0.00GB across 5 style pools.
2026-02-20 12:56:29,267 - INFO - DataLoader | batch=50 workers=0 pin_memory=False persistent_workers=False preload_to_gpu=True
2026-02-20 12:56:29,308 - INFO - Model params: 7,153,476
2026-02-20 12:56:29,310 - INFO - Adding NCE Projector params to optimizer: 4 tensors
2026-02-20 12:56:29,954 - INFO - No checkpoint found, start from scratch.
2026-02-20 12:56:32,644 - INFO - [Epoch 1 Step 10/1000] loss=7719.2718 style=33.2266 mom=0.5977 struct=3.9508 tv=0.0000 idt=0.0485 it/s=3.72 eta=266.2s
2026-02-20 12:56:34,276 - INFO - [Epoch 1 Step 20/1000] loss=7870.7708 style=33.8446 mom=0.6029 struct=3.9654 tv=0.0000 idt=0.0665 it/s=4.63 eta=211.7s
2026-02-20 12:56:35,917 - INFO - [Epoch 1 Step 30/1000] loss=7827.9301 style=33.6037 mom=0.6031 struct=3.9692 tv=0.0000 idt=0.0832 it/s=5.03 eta=192.8s
2026-02-20 12:56:37,549 - INFO - [Epoch 1 Step 40/1000] loss=7773.8498 style=33.3211 mom=0.6019 struct=3.9629 tv=0.0000 idt=0.0979 it/s=5.27 eta=182.2s
2026-02-20 12:56:39,177 - INFO - [Epoch 1 Step 50/1000] loss=7778.8708 style=33.2934 mom=0.6038 struct=3.9615 tv=0.0000 idt=0.1146 it/s=5.42 eta=175.2s
2026-02-20 12:56:40,808 - INFO - [Epoch 1 Step 60/1000] loss=7697.2618 style=32.8733 mom=0.6038 struct=3.9692 tv=0.0000 idt=0.1331 it/s=5.53 eta=170.0s
2026-02-20 12:56:42,439 - INFO - [Epoch 1 Step 70/1000] loss=7600.4368 style=32.3867 mom=0.6018 struct=3.9732 tv=0.0000 idt=0.1520 it/s=5.61 eta=165.9s
2026-02-20 12:56:44,071 - INFO - [Epoch 1 Step 80/1000] loss=7575.9213 style=32.1998 mom=0.6030 struct=3.9794 tv=0.0000 idt=0.1778 it/s=5.67 eta=162.3s
2026-02-20 12:56:45,721 - INFO - [Epoch 1 Step 90/1000] loss=7492.4628 style=31.7437 mom=0.6028 struct=3.9845 tv=0.0000 idt=0.2061 it/s=5.71 eta=159.4s
2026-02-20 12:56:47,362 - INFO - [Epoch 1 Step 100/1000] loss=7415.0239 style=31.3125 mom=0.6035 struct=3.9919 tv=0.0000 idt=0.2347 it/s=5.74 eta=156.7s
2026-02-20 12:56:48,988 - INFO - [Epoch 1 Step 110/1000] loss=7340.1641 style=30.9295 mom=0.6021 struct=3.9997 tv=0.0000 idt=0.2513 it/s=5.78 eta=154.0s
2026-02-20 12:56:50,637 - INFO - [Epoch 1 Step 120/1000] loss=7254.0281 style=30.4940 mom=0.6017 struct=4.0057 tv=0.0000 idt=0.2684 it/s=5.80 eta=151.7s
2026-02-20 12:56:52,268 - INFO - [Epoch 1 Step 130/1000] loss=7183.8118 style=30.1292 mom=0.5997 struct=4.0137 tv=0.0000 idt=0.2860 it/s=5.83 eta=149.3s
2026-02-20 12:56:53,898 - INFO - [Epoch 1 Step 140/1000] loss=7095.3030 style=29.6978 mom=0.5986 struct=4.0197 tv=0.0000 idt=0.2983 it/s=5.85 eta=147.1s
2026-02-20 12:56:55,528 - INFO - [Epoch 1 Step 150/1000] loss=7037.6931 style=29.3865 mom=0.5982 struct=4.0267 tv=0.0000 idt=0.3166 it/s=5.87 eta=144.9s
2026-02-20 12:56:57,157 - INFO - [Epoch 1 Step 160/1000] loss=6968.9460 style=29.0410 mom=0.5966 struct=4.0349 tv=0.0000 idt=0.3297 it/s=5.88 eta=142.8s
2026-02-20 12:56:58,786 - INFO - [Epoch 1 Step 170/1000] loss=6896.8418 style=28.6622 mom=0.5946 struct=4.0443 tv=0.0000 idt=0.3492 it/s=5.90 eta=140.8s
2026-02-20 12:57:00,417 - INFO - [Epoch 1 Step 180/1000] loss=6823.9111 style=28.2947 mom=0.5931 struct=4.0537 tv=0.0000 idt=0.3634 it/s=5.91 eta=138.8s
2026-02-20 12:57:02,047 - INFO - [Epoch 1 Step 190/1000] loss=6764.6348 style=27.9878 mom=0.5908 struct=4.0636 tv=0.0000 idt=0.3780 it/s=5.92 eta=136.8s
2026-02-20 12:57:03,703 - INFO - [Epoch 1 Step 200/1000] loss=6705.2426 style=27.6839 mom=0.5886 struct=4.0747 tv=0.0000 idt=0.3912 it/s=5.93 eta=135.0s
2026-02-20 12:57:05,332 - INFO - [Epoch 1 Step 210/1000] loss=6637.7679 style=27.3471 mom=0.5866 struct=4.0820 tv=0.0000 idt=0.4035 it/s=5.94 eta=133.1s
2026-02-20 12:57:06,965 - INFO - [Epoch 1 Step 220/1000] loss=6571.9230 style=27.0249 mom=0.5837 struct=4.0907 tv=0.0000 idt=0.4134 it/s=5.94 eta=131.2s
2026-02-20 12:57:08,595 - INFO - [Epoch 1 Step 230/1000] loss=6518.5700 style=26.7511 mom=0.5812 struct=4.1004 tv=0.0000 idt=0.4258 it/s=5.95 eta=129.4s
2026-02-20 12:57:10,227 - INFO - [Epoch 1 Step 240/1000] loss=6470.5805 style=26.5023 mom=0.5790 struct=4.1115 tv=0.0000 idt=0.4376 it/s=5.96 eta=127.5s
2026-02-20 12:57:11,856 - INFO - [Epoch 1 Step 250/1000] loss=6426.6731 style=26.2614 mom=0.5770 struct=4.1207 tv=0.0000 idt=0.4531 it/s=5.97 eta=125.7s
2026-02-20 12:57:13,487 - INFO - [Epoch 1 Step 260/1000] loss=6388.7299 style=26.0699 mom=0.5750 struct=4.1305 tv=0.0000 idt=0.4606 it/s=5.97 eta=123.9s
2026-02-20 12:57:15,131 - INFO - [Epoch 1 Step 270/1000] loss=6345.4608 style=25.8433 mom=0.5732 struct=4.1395 tv=0.0000 idt=0.4721 it/s=5.98 eta=122.1s
2026-02-20 12:57:16,763 - INFO - [Epoch 1 Step 280/1000] loss=6304.2537 style=25.6363 mom=0.5716 struct=4.1503 tv=0.0000 idt=0.4798 it/s=5.98 eta=120.4s
2026-02-20 12:57:18,393 - INFO - [Epoch 1 Step 290/1000] loss=6264.7743 style=25.4410 mom=0.5704 struct=4.1588 tv=0.0000 idt=0.4862 it/s=5.99 eta=118.6s
2026-02-20 12:57:20,028 - INFO - [Epoch 1 Step 300/1000] loss=6228.2920 style=25.2483 mom=0.5688 struct=4.1667 tv=0.0000 idt=0.4964 it/s=5.99 eta=116.8s
2026-02-20 12:57:21,658 - INFO - [Epoch 1 Step 310/1000] loss=6203.7716 style=25.1169 mom=0.5678 struct=4.1743 tv=0.0000 idt=0.5038 it/s=6.00 eta=115.1s
2026-02-20 12:57:23,287 - INFO - [Epoch 1 Step 320/1000] loss=6167.1735 style=24.9284 mom=0.5661 struct=4.1845 tv=0.0000 idt=0.5123 it/s=6.00 eta=113.3s
2026-02-20 12:57:24,919 - INFO - [Epoch 1 Step 330/1000] loss=6130.6748 style=24.7544 mom=0.5644 struct=4.1921 tv=0.0000 idt=0.5161 it/s=6.00 eta=111.6s
2026-02-20 12:57:26,555 - INFO - [Epoch 1 Step 340/1000] loss=6099.9383 style=24.6010 mom=0.5635 struct=4.2000 tv=0.0000 idt=0.5215 it/s=6.01 eta=109.9s
2026-02-20 12:57:28,184 - INFO - [Epoch 1 Step 350/1000] loss=6071.6058 style=24.4573 mom=0.5627 struct=4.2086 tv=0.0000 idt=0.5271 it/s=6.01 eta=108.1s
2026-02-20 12:57:29,816 - INFO - [Epoch 1 Step 360/1000] loss=6036.6797 style=24.2857 mom=0.5614 struct=4.2174 tv=0.0000 idt=0.5324 it/s=6.01 eta=106.4s
2026-02-20 12:57:31,444 - INFO - [Epoch 1 Step 370/1000] loss=6006.6298 style=24.1406 mom=0.5599 struct=4.2249 tv=0.0000 idt=0.5361 it/s=6.02 eta=104.7s
2026-02-20 12:57:33,079 - INFO - [Epoch 1 Step 380/1000] loss=5975.4149 style=23.9977 mom=0.5585 struct=4.2332 tv=0.0000 idt=0.5373 it/s=6.02 eta=103.0s
2026-02-20 12:57:34,713 - INFO - [Epoch 1 Step 390/1000] loss=5950.6558 style=23.8692 mom=0.5575 struct=4.2411 tv=0.0000 idt=0.5433 it/s=6.02 eta=101.3s
2026-02-20 12:57:36,342 - INFO - [Epoch 1 Step 400/1000] loss=5927.9421 style=23.7568 mom=0.5565 struct=4.2470 tv=0.0000 idt=0.5470 it/s=6.03 eta=99.6s
2026-02-20 12:57:37,984 - INFO - [Epoch 1 Step 410/1000] loss=5903.9925 style=23.6441 mom=0.5553 struct=4.2541 tv=0.0000 idt=0.5489 it/s=6.03 eta=97.9s
2026-02-20 12:57:39,622 - INFO - [Epoch 1 Step 420/1000] loss=5884.1246 style=23.5415 mom=0.5542 struct=4.2615 tv=0.0000 idt=0.5536 it/s=6.03 eta=96.2s
2026-02-20 12:57:41,252 - INFO - [Epoch 1 Step 430/1000] loss=5868.6255 style=23.4729 mom=0.5533 struct=4.2670 tv=0.0000 idt=0.5533 it/s=6.03 eta=94.5s
2026-02-20 12:57:42,892 - INFO - [Epoch 1 Step 440/1000] loss=5854.0374 style=23.3931 mom=0.5525 struct=4.2734 tv=0.0000 idt=0.5582 it/s=6.03 eta=92.8s
2026-02-20 12:57:44,522 - INFO - [Epoch 1 Step 450/1000] loss=5833.1589 style=23.2905 mom=0.5515 struct=4.2789 tv=0.0000 idt=0.5614 it/s=6.03 eta=91.1s
2026-02-20 12:57:46,158 - INFO - [Epoch 1 Step 460/1000] loss=5809.1764 style=23.1896 mom=0.5507 struct=4.2832 tv=0.0000 idt=0.5593 it/s=6.04 eta=89.5s
2026-02-20 12:57:47,789 - INFO - [Epoch 1 Step 470/1000] loss=5788.6826 style=23.0957 mom=0.5497 struct=4.2889 tv=0.0000 idt=0.5600 it/s=6.04 eta=87.8s
2026-02-20 12:57:49,419 - INFO - [Epoch 1 Step 480/1000] loss=5767.8724 style=22.9964 mom=0.5489 struct=4.2946 tv=0.0000 idt=0.5622 it/s=6.04 eta=86.1s
2026-02-20 12:57:51,052 - INFO - [Epoch 1 Step 490/1000] loss=5747.3980 style=22.8957 mom=0.5479 struct=4.3011 tv=0.0000 idt=0.5653 it/s=6.04 eta=84.4s
2026-02-20 12:57:52,686 - INFO - [Epoch 1 Step 500/1000] loss=5726.2342 style=22.7993 mom=0.5468 struct=4.3069 tv=0.0000 idt=0.5659 it/s=6.04 eta=82.7s
2026-02-20 12:57:54,317 - INFO - [Epoch 1 Step 510/1000] loss=5704.8657 style=22.7010 mom=0.5455 struct=4.3121 tv=0.0000 idt=0.5670 it/s=6.05 eta=81.1s
2026-02-20 12:57:55,942 - INFO - [Epoch 1 Step 520/1000] loss=5692.4052 style=22.6425 mom=0.5451 struct=4.3169 tv=0.0000 idt=0.5678 it/s=6.05 eta=79.4s
2026-02-20 12:57:57,570 - INFO - [Epoch 1 Step 530/1000] loss=5678.0876 style=22.5769 mom=0.5446 struct=4.3205 tv=0.0000 idt=0.5683 it/s=6.05 eta=77.7s
2026-02-20 12:57:59,199 - INFO - [Epoch 1 Step 540/1000] loss=5659.5933 style=22.4941 mom=0.5440 struct=4.3266 tv=0.0000 idt=0.5682 it/s=6.05 eta=76.0s
2026-02-20 12:58:00,830 - INFO - [Epoch 1 Step 550/1000] loss=5641.4651 style=22.4148 mom=0.5433 struct=4.3325 tv=0.0000 idt=0.5675 it/s=6.05 eta=74.4s
2026-02-20 12:58:02,460 - INFO - [Epoch 1 Step 560/1000] loss=5623.0557 style=22.3358 mom=0.5426 struct=4.3393 tv=0.0000 idt=0.5662 it/s=6.05 eta=72.7s
2026-02-20 12:58:04,095 - INFO - [Epoch 1 Step 570/1000] loss=5604.9164 style=22.2563 mom=0.5418 struct=4.3437 tv=0.0000 idt=0.5657 it/s=6.05 eta=71.0s
2026-02-20 12:58:05,724 - INFO - [Epoch 1 Step 580/1000] loss=5587.6669 style=22.1806 mom=0.5410 struct=4.3483 tv=0.0000 idt=0.5652 it/s=6.06 eta=69.4s
2026-02-20 12:58:07,354 - INFO - [Epoch 1 Step 590/1000] loss=5570.0043 style=22.1074 mom=0.5402 struct=4.3516 tv=0.0000 idt=0.5633 it/s=6.06 eta=67.7s
2026-02-20 12:58:08,984 - INFO - [Epoch 1 Step 600/1000] loss=5554.6476 style=22.0364 mom=0.5394 struct=4.3561 tv=0.0000 idt=0.5641 it/s=6.06 eta=66.0s
2026-02-20 12:58:10,616 - INFO - [Epoch 1 Step 610/1000] loss=5538.7464 style=21.9687 mom=0.5388 struct=4.3612 tv=0.0000 idt=0.5629 it/s=6.06 eta=64.4s
2026-02-20 12:58:12,264 - INFO - [Epoch 1 Step 620/1000] loss=5523.1446 style=21.9031 mom=0.5379 struct=4.3664 tv=0.0000 idt=0.5615 it/s=6.06 eta=62.7s
2026-02-20 12:58:13,892 - INFO - [Epoch 1 Step 630/1000] loss=5509.8799 style=21.8501 mom=0.5376 struct=4.3700 tv=0.0000 idt=0.5592 it/s=6.06 eta=61.0s
2026-02-20 12:58:15,526 - INFO - [Epoch 1 Step 640/1000] loss=5492.6092 style=21.7757 mom=0.5368 struct=4.3740 tv=0.0000 idt=0.5582 it/s=6.06 eta=59.4s
2026-02-20 12:58:17,153 - INFO - [Epoch 1 Step 650/1000] loss=5477.2913 style=21.7122 mom=0.5360 struct=4.3770 tv=0.0000 idt=0.5566 it/s=6.06 eta=57.7s
2026-02-20 12:58:18,785 - INFO - [Epoch 1 Step 660/1000] loss=5460.1674 style=21.6385 mom=0.5352 struct=4.3811 tv=0.0000 idt=0.5557 it/s=6.06 eta=56.1s
2026-02-20 12:58:20,415 - INFO - [Epoch 1 Step 670/1000] loss=5447.2761 style=21.5815 mom=0.5347 struct=4.3856 tv=0.0000 idt=0.5554 it/s=6.07 eta=54.4s
2026-02-20 12:58:22,047 - INFO - [Epoch 1 Step 680/1000] loss=5436.2430 style=21.5345 mom=0.5344 struct=4.3886 tv=0.0000 idt=0.5545 it/s=6.07 eta=52.7s
2026-02-20 12:58:23,677 - INFO - [Epoch 1 Step 690/1000] loss=5422.1780 style=21.4742 mom=0.5337 struct=4.3911 tv=0.0000 idt=0.5537 it/s=6.07 eta=51.1s
2026-02-20 12:58:25,302 - INFO - [Epoch 1 Step 700/1000] loss=5407.3883 style=21.4125 mom=0.5329 struct=4.3935 tv=0.0000 idt=0.5523 it/s=6.07 eta=49.4s
2026-02-20 12:58:26,935 - INFO - [Epoch 1 Step 710/1000] loss=5396.6226 style=21.3658 mom=0.5325 struct=4.3982 tv=0.0000 idt=0.5517 it/s=6.07 eta=47.8s
2026-02-20 12:58:28,562 - INFO - [Epoch 1 Step 720/1000] loss=5379.3711 style=21.2951 mom=0.5320 struct=4.4013 tv=0.0000 idt=0.5495 it/s=6.07 eta=46.1s
2026-02-20 12:58:30,191 - INFO - [Epoch 1 Step 730/1000] loss=5366.7912 style=21.2450 mom=0.5315 struct=4.4036 tv=0.0000 idt=0.5474 it/s=6.07 eta=44.5s
2026-02-20 12:58:31,820 - INFO - [Epoch 1 Step 740/1000] loss=5356.3352 style=21.2003 mom=0.5309 struct=4.4071 tv=0.0000 idt=0.5467 it/s=6.07 eta=42.8s
2026-02-20 12:58:33,450 - INFO - [Epoch 1 Step 750/1000] loss=5342.2847 style=21.1452 mom=0.5301 struct=4.4109 tv=0.0000 idt=0.5441 it/s=6.07 eta=41.2s
2026-02-20 12:58:35,081 - INFO - [Epoch 1 Step 760/1000] loss=5332.5798 style=21.1047 mom=0.5297 struct=4.4146 tv=0.0000 idt=0.5430 it/s=6.07 eta=39.5s
2026-02-20 12:58:36,705 - INFO - [Epoch 1 Step 770/1000] loss=5319.6141 style=21.0517 mom=0.5291 struct=4.4179 tv=0.0000 idt=0.5413 it/s=6.07 eta=37.9s
2026-02-20 12:58:38,343 - INFO - [Epoch 1 Step 780/1000] loss=5307.1343 style=21.0032 mom=0.5285 struct=4.4207 tv=0.0000 idt=0.5389 it/s=6.08 eta=36.2s
2026-02-20 12:58:39,977 - INFO - [Epoch 1 Step 790/1000] loss=5295.1713 style=20.9572 mom=0.5278 struct=4.4247 tv=0.0000 idt=0.5363 it/s=6.08 eta=34.6s
2026-02-20 12:58:41,608 - INFO - [Epoch 1 Step 800/1000] loss=5284.1974 style=20.9099 mom=0.5274 struct=4.4282 tv=0.0000 idt=0.5356 it/s=6.08 eta=32.9s
2026-02-20 12:58:43,262 - INFO - [Epoch 1 Step 810/1000] loss=5272.9549 style=20.8641 mom=0.5268 struct=4.4314 tv=0.0000 idt=0.5341 it/s=6.08 eta=31.3s
2026-02-20 12:58:44,891 - INFO - [Epoch 1 Step 820/1000] loss=5262.6055 style=20.8203 mom=0.5263 struct=4.4342 tv=0.0000 idt=0.5333 it/s=6.08 eta=29.6s
2026-02-20 12:58:46,523 - INFO - [Epoch 1 Step 830/1000] loss=5252.0463 style=20.7802 mom=0.5258 struct=4.4374 tv=0.0000 idt=0.5308 it/s=6.08 eta=28.0s
2026-02-20 12:58:48,158 - INFO - [Epoch 1 Step 840/1000] loss=5240.5887 style=20.7359 mom=0.5253 struct=4.4403 tv=0.0000 idt=0.5285 it/s=6.08 eta=26.3s
2026-02-20 12:58:49,789 - INFO - [Epoch 1 Step 850/1000] loss=5229.3444 style=20.6932 mom=0.5248 struct=4.4440 tv=0.0000 idt=0.5258 it/s=6.08 eta=24.7s
2026-02-20 12:58:51,421 - INFO - [Epoch 1 Step 860/1000] loss=5218.2170 style=20.6511 mom=0.5245 struct=4.4475 tv=0.0000 idt=0.5231 it/s=6.08 eta=23.0s
2026-02-20 12:58:53,056 - INFO - [Epoch 1 Step 870/1000] loss=5209.3732 style=20.6182 mom=0.5243 struct=4.4505 tv=0.0000 idt=0.5207 it/s=6.08 eta=21.4s
2026-02-20 12:58:54,689 - INFO - [Epoch 1 Step 880/1000] loss=5199.8921 style=20.5813 mom=0.5239 struct=4.4544 tv=0.0000 idt=0.5188 it/s=6.08 eta=19.7s
2026-02-20 12:58:56,319 - INFO - [Epoch 1 Step 890/1000] loss=5187.7095 style=20.5321 mom=0.5233 struct=4.4566 tv=0.0000 idt=0.5170 it/s=6.08 eta=18.1s
2026-02-20 12:58:57,948 - INFO - [Epoch 1 Step 900/1000] loss=5177.6026 style=20.4896 mom=0.5228 struct=4.4598 tv=0.0000 idt=0.5161 it/s=6.08 eta=16.4s
2026-02-20 12:58:59,577 - INFO - [Epoch 1 Step 910/1000] loss=5168.0317 style=20.4514 mom=0.5223 struct=4.4616 tv=0.0000 idt=0.5145 it/s=6.08 eta=14.8s
2026-02-20 12:59:01,211 - INFO - [Epoch 1 Step 920/1000] loss=5160.3167 style=20.4237 mom=0.5219 struct=4.4643 tv=0.0000 idt=0.5122 it/s=6.08 eta=13.2s
2026-02-20 12:59:02,852 - INFO - [Epoch 1 Step 930/1000] loss=5150.6032 style=20.3875 mom=0.5217 struct=4.4671 tv=0.0000 idt=0.5097 it/s=6.08 eta=11.5s
2026-02-20 12:59:04,482 - INFO - [Epoch 1 Step 940/1000] loss=5142.0675 style=20.3542 mom=0.5213 struct=4.4704 tv=0.0000 idt=0.5079 it/s=6.08 eta=9.9s
2026-02-20 12:59:06,129 - INFO - [Epoch 1 Step 950/1000] loss=5133.5329 style=20.3226 mom=0.5209 struct=4.4726 tv=0.0000 idt=0.5057 it/s=6.08 eta=8.2s
2026-02-20 12:59:07,758 - INFO - [Epoch 1 Step 960/1000] loss=5124.7050 style=20.2915 mom=0.5206 struct=4.4747 tv=0.0000 idt=0.5028 it/s=6.08 eta=6.6s
2026-02-20 12:59:09,402 - INFO - [Epoch 1 Step 970/1000] loss=5117.3335 style=20.2612 mom=0.5203 struct=4.4775 tv=0.0000 idt=0.5018 it/s=6.08 eta=4.9s
2026-02-20 12:59:11,044 - INFO - [Epoch 1 Step 980/1000] loss=5111.4017 style=20.2385 mom=0.5199 struct=4.4804 tv=0.0000 idt=0.5005 it/s=6.08 eta=3.3s
2026-02-20 12:59:12,673 - INFO - [Epoch 1 Step 990/1000] loss=5104.7665 style=20.2145 mom=0.5197 struct=4.4837 tv=0.0000 idt=0.4984 it/s=6.08 eta=1.6s
2026-02-20 12:59:14,304 - INFO - [Epoch 1 Step 1000/1000] loss=5095.0510 style=20.1763 mom=0.5193 struct=4.4868 tv=0.0000 idt=0.4966 it/s=6.08 eta=0.0s
2026-02-20 12:59:14,306 - INFO - Epoch 1/1 | loss=5095.0510 style_swd=20.1763 mom=0.5193 struct=4.4868 tv=0.0000 idt=0.4966 steps=1.0 h=1.00 s=1.00 lr=5.00e-04 data=1.2s comp=163.1s
2026-02-20 12:59:14,409 - INFO - Saved checkpoint: G:\GitHub\Latent_Style\Cycle-NCE\ssim-optun-nce\trial_0224\epoch_0001.pt (step=1000)
2026-02-20 12:59:14,409 - INFO - Running full eval for epoch 1 -> G:\GitHub\Latent_Style\Cycle-NCE\ssim-optun-nce\trial_0224\full_eval\epoch_0001
2026-02-20 13:00:07,582 - INFO - Full eval completed for epoch 1. Log: G:\GitHub\Latent_Style\Cycle-NCE\ssim-optun-nce\trial_0224\logs\full_eval_epoch_0001.log
2026-02-20 13:00:07,582 - INFO - Training completed.
