2026-02-20 10:09:03,587 - WARNING - w_style=230.0700 looks high for Projected SWD loss. Recommended start range is [5, 20].
2026-02-20 10:09:03,587 - INFO - Active losses: w_style, w_moment, w_identity, w_structure
2026-02-20 10:09:03,674 - INFO - Device: cuda
2026-02-20 10:09:03,674 - INFO - Seed: 42
2026-02-20 10:09:03,676 - INFO - Loading latent dataset from ..\..\sdxl-256
2026-02-20 10:09:18,821 - INFO -   style=photo id=0 count=6187
2026-02-20 10:09:22,704 - INFO -   style=Hayao id=1 count=1752
2026-02-20 10:09:25,102 - INFO -   style=monet id=2 count=972
2026-02-20 10:09:27,206 - INFO -   style=cezanne id=3 count=850
2026-02-20 10:09:28,527 - INFO -   style=vangogh id=4 count=600
2026-02-20 10:09:28,871 - INFO - Dataset preloaded to cuda: 0.16GB across 5 style pools.
2026-02-20 10:09:28,878 - INFO - DataLoader | batch=256 workers=0 pin_memory=False persistent_workers=False preload_to_gpu=True
2026-02-20 10:09:28,965 - INFO - Model params: 7,153,476
2026-02-20 10:09:28,970 - INFO - Adding NCE Projector params to optimizer: 4 tensors
2026-02-20 10:09:33,450 - INFO - No checkpoint found, start from scratch.
2026-02-20 10:10:47,155 - INFO - 
[Epoch 1 Step 100] --- Gradient Magnitude Radar ---
2026-02-20 10:10:47,572 - INFO - style_emb.weight               | 2.58e-02   | 6.96e-01   | 0.00
2026-02-20 10:10:47,573 - INFO - enc_in.weight                  | 1.85e+01   | 6.56e+00   | 0.00
2026-02-20 10:10:47,573 - INFO - enc_in.bias                    | 1.44e-01   | 1.04e+00   | 0.00
2026-02-20 10:10:47,574 - INFO - hires_body.0.norm1.proj.weight | 2.04e-02   | 8.43e-03   | 0.00
2026-02-20 10:10:47,574 - INFO - hires_body.0.norm1.proj.bias   | 6.96e-02   | 1.13e+01   | 0.00
2026-02-20 10:10:47,574 - INFO - hires_body.0.conv1.weight      | 2.46e+00   | 6.54e+00   | 0.00
2026-02-20 10:10:47,575 - INFO - hires_body.0.conv1.bias        | 1.67e-01   | 2.01e-01   | 0.00
2026-02-20 10:10:47,575 - INFO - hires_body.0.norm2.proj.weight | 3.13e-02   | 8.93e-03   | 0.00
2026-02-20 10:10:47,575 - INFO - hires_body.0.norm2.proj.bias   | 1.04e-01   | 1.13e+01   | 0.00
2026-02-20 10:10:47,576 - INFO - hires_body.0.conv2.weight      | 3.17e+00   | 6.53e+00   | 0.00
2026-02-20 10:10:47,576 - INFO - hires_body.0.conv2.bias        | 2.55e-01   | 1.97e-01   | 0.00
2026-02-20 10:10:47,582 - INFO - down.weight                    | 1.84e+02   | 1.03e+01   | 0.01
2026-02-20 10:10:47,584 - INFO - body.0.conv1.weight            | 8.55e+00   | 1.03e+01   | 0.00
2026-02-20 10:10:47,585 - INFO - body.0.conv2.weight            | 9.16e+00   | 1.03e+01   | 0.00
2026-02-20 10:10:47,586 - INFO - body.1.conv1.weight            | 8.54e+00   | 1.03e+01   | 0.00
2026-02-20 10:10:47,587 - INFO - body.1.conv2.weight            | 9.55e+00   | 1.03e+01   | 0.00
2026-02-20 10:10:47,588 - INFO - dec_conv.weight                | 2.33e+02   | 6.53e+00   | 0.02
2026-02-20 10:10:47,589 - INFO - dec_out.weight                 | 1.48e+02   | 1.16e+00   | 0.06
2026-02-20 10:10:47,589 - INFO - dec_out.bias                   | 8.63e+00   | 3.45e-02   | 0.13
2026-02-20 10:10:47,593 - INFO - [Epoch 1 Step 100/242] loss=8315.0698 style=34.8987 mom=0.5863 struct=3.8509 tv=0.0000 idt=0.0210 it/s=1.35 eta=105.3s
2026-02-20 10:11:58,204 - INFO - 
[Epoch 1 Step 200] --- Gradient Magnitude Radar ---
2026-02-20 10:11:58,628 - INFO - style_emb.weight               | 5.69e-02   | 6.98e-01   | 0.00
2026-02-20 10:11:58,628 - INFO - enc_in.weight                  | 1.87e+01   | 6.56e+00   | 0.00
2026-02-20 10:11:58,628 - INFO - enc_in.bias                    | 1.26e-01   | 1.04e+00   | 0.00
2026-02-20 10:11:58,629 - INFO - hires_body.0.norm1.proj.weight | 1.87e-02   | 1.74e-02   | 0.00
2026-02-20 10:11:58,629 - INFO - hires_body.0.norm1.proj.bias   | 6.49e-02   | 1.13e+01   | 0.00
2026-02-20 10:11:58,630 - INFO - hires_body.0.conv1.weight      | 2.40e+00   | 6.54e+00   | 0.00
2026-02-20 10:11:58,630 - INFO - hires_body.0.conv1.bias        | 1.44e-01   | 2.01e-01   | 0.00
2026-02-20 10:11:58,631 - INFO - hires_body.0.norm2.proj.weight | 2.90e-02   | 1.85e-02   | 0.00
2026-02-20 10:11:58,631 - INFO - hires_body.0.norm2.proj.bias   | 9.27e-02   | 1.13e+01   | 0.00
2026-02-20 10:11:58,631 - INFO - hires_body.0.conv2.weight      | 3.00e+00   | 6.53e+00   | 0.00
2026-02-20 10:11:58,632 - INFO - hires_body.0.conv2.bias        | 2.24e-01   | 1.97e-01   | 0.00
2026-02-20 10:11:58,638 - INFO - down.weight                    | 1.80e+02   | 1.03e+01   | 0.01
2026-02-20 10:11:58,639 - INFO - body.0.conv1.weight            | 7.70e+00   | 1.03e+01   | 0.00
2026-02-20 10:11:58,640 - INFO - body.0.conv2.weight            | 8.43e+00   | 1.03e+01   | 0.00
2026-02-20 10:11:58,641 - INFO - body.1.conv1.weight            | 7.63e+00   | 1.03e+01   | 0.00
2026-02-20 10:11:58,642 - INFO - body.1.conv2.weight            | 8.77e+00   | 1.03e+01   | 0.00
2026-02-20 10:11:58,642 - INFO - dec_conv.weight                | 2.32e+02   | 6.53e+00   | 0.02
2026-02-20 10:11:58,643 - INFO - dec_norm.proj.bias             | 5.98e+00   | 1.13e+01   | 0.00
2026-02-20 10:11:58,644 - INFO - dec_out.weight                 | 1.77e+02   | 1.16e+00   | 0.08
2026-02-20 10:11:58,644 - INFO - dec_out.bias                   | 9.39e+00   | 3.45e-02   | 0.14
2026-02-20 10:11:58,649 - INFO - [Epoch 1 Step 200/242] loss=8319.7128 style=34.9058 mom=0.5863 struct=3.8495 tv=0.0000 idt=0.0256 it/s=1.38 eta=30.5s
2026-02-20 10:12:28,528 - INFO - Epoch 1/300 | loss=8325.5430 style_swd=34.9253 mom=0.5864 struct=3.8511 tv=0.0000 idt=0.0275 steps=1.0 h=1.00 s=1.00 lr=5.00e-07 data=3.7s comp=171.4s
2026-02-20 10:13:39,260 - INFO - 
[Epoch 2 Step 100] --- Gradient Magnitude Radar ---
2026-02-20 10:13:39,674 - INFO - style_emb.weight               | 3.99e-01   | 7.12e-01   | 0.00
2026-02-20 10:13:39,675 - INFO - enc_in.weight                  | 1.63e+01   | 6.56e+00   | 0.01
2026-02-20 10:13:39,675 - INFO - enc_in.bias                    | 1.02e-01   | 1.04e+00   | 0.00
2026-02-20 10:13:39,676 - INFO - hires_body.0.norm1.proj.weight | 2.09e-02   | 7.75e-02   | 0.00
2026-02-20 10:13:39,676 - INFO - hires_body.0.norm1.proj.bias   | 5.79e-02   | 1.13e+01   | 0.00
2026-02-20 10:13:39,676 - INFO - hires_body.0.conv1.weight      | 2.13e+00   | 6.53e+00   | 0.00
2026-02-20 10:13:39,677 - INFO - hires_body.0.conv1.bias        | 1.25e-01   | 2.01e-01   | 0.00
2026-02-20 10:13:39,678 - INFO - hires_body.0.norm2.proj.weight | 3.21e-02   | 8.08e-02   | 0.00
2026-02-20 10:13:39,678 - INFO - hires_body.0.norm2.proj.bias   | 9.14e-02   | 1.13e+01   | 0.00
2026-02-20 10:13:39,678 - INFO - hires_body.0.conv2.weight      | 2.49e+00   | 6.53e+00   | 0.00
2026-02-20 10:13:39,679 - INFO - hires_body.0.conv2.bias        | 1.85e-01   | 1.97e-01   | 0.00
2026-02-20 10:13:39,686 - INFO - down.weight                    | 1.57e+02   | 1.03e+01   | 0.05
2026-02-20 10:13:39,686 - INFO - body.0.conv1.weight            | 7.41e+00   | 1.03e+01   | 0.00
2026-02-20 10:13:39,687 - INFO - body.0.conv2.weight            | 7.86e+00   | 1.03e+01   | 0.00
2026-02-20 10:13:39,688 - INFO - body.1.conv1.weight            | 7.44e+00   | 1.03e+01   | 0.00
2026-02-20 10:13:39,689 - INFO - body.1.conv2.weight            | 8.48e+00   | 1.03e+01   | 0.00
2026-02-20 10:13:39,690 - INFO - dec_conv.weight                | 2.21e+02   | 6.53e+00   | 0.10
2026-02-20 10:13:39,690 - INFO - dec_norm.proj.bias             | 1.32e+01   | 1.13e+01   | 0.00
2026-02-20 10:13:39,691 - INFO - dec_out.weight                 | 3.28e+02   | 1.16e+00   | 0.84
2026-02-20 10:13:39,691 - INFO - dec_out.bias                   | 1.23e+01   | 3.42e-02   | 1.07
2026-02-20 10:13:39,695 - INFO - [Epoch 2 Step 100/242] loss=8322.6417 style=34.8416 mom=0.5888 struct=3.8580 tv=0.0000 idt=0.0511 it/s=1.41 eta=101.0s
2026-02-20 10:14:50,434 - INFO - 
[Epoch 2 Step 200] --- Gradient Magnitude Radar ---
2026-02-20 10:14:50,851 - INFO - style_emb.weight               | 8.42e-01   | 7.26e-01   | 0.00
2026-02-20 10:14:50,852 - INFO - enc_in.weight                  | 1.93e+01   | 6.56e+00   | 0.01
2026-02-20 10:14:50,853 - INFO - enc_in.bias                    | 8.05e-02   | 1.04e+00   | 0.00
2026-02-20 10:14:50,853 - INFO - hires_body.0.norm1.proj.weight | 2.66e-02   | 1.39e-01   | 0.00
2026-02-20 10:14:50,853 - INFO - hires_body.0.norm1.proj.bias   | 6.79e-02   | 1.13e+01   | 0.00
2026-02-20 10:14:50,854 - INFO - hires_body.0.conv1.weight      | 2.29e+00   | 6.53e+00   | 0.00
2026-02-20 10:14:50,854 - INFO - hires_body.0.conv1.bias        | 1.18e-01   | 2.00e-01   | 0.00
2026-02-20 10:14:50,855 - INFO - hires_body.0.norm2.proj.weight | 3.65e-02   | 1.43e-01   | 0.00
2026-02-20 10:14:50,855 - INFO - hires_body.0.norm2.proj.bias   | 7.60e-02   | 1.13e+01   | 0.00
2026-02-20 10:14:50,855 - INFO - hires_body.0.conv2.weight      | 2.10e+00   | 6.54e+00   | 0.00
2026-02-20 10:14:50,856 - INFO - hires_body.0.conv2.bias        | 1.33e-01   | 1.97e-01   | 0.00
2026-02-20 10:14:50,863 - INFO - down.weight                    | 9.62e+01   | 1.03e+01   | 0.03
2026-02-20 10:14:50,864 - INFO - body.0.conv1.weight            | 6.25e+00   | 1.03e+01   | 0.00
2026-02-20 10:14:50,866 - INFO - body.1.conv1.weight            | 5.77e+00   | 1.03e+01   | 0.00
2026-02-20 10:14:50,868 - INFO - dec_conv.weight                | 1.22e+02   | 6.53e+00   | 0.06
2026-02-20 10:14:50,869 - INFO - dec_norm.proj.bias             | 1.56e+01   | 1.13e+01   | 0.00
2026-02-20 10:14:50,870 - INFO - dec_out.weight                 | 3.60e+02   | 1.16e+00   | 0.92
2026-02-20 10:14:50,870 - INFO - dec_out.bias                   | 1.07e+01   | 3.40e-02   | 0.93
2026-02-20 10:14:50,874 - INFO - [Epoch 2 Step 200/242] loss=8263.2204 style=34.5700 mom=0.5865 struct=3.8564 tv=0.0000 idt=0.0563 it/s=1.41 eta=29.9s
2026-02-20 10:15:20,771 - INFO - Epoch 2/300 | loss=8255.0349 style_swd=34.5302 mom=0.5863 struct=3.8557 tv=0.0000 idt=0.0579 steps=1.0 h=1.00 s=1.00 lr=2.98e-06 data=3.1s comp=169.2s
2026-02-20 10:16:31,652 - INFO - 
[Epoch 3 Step 100] --- Gradient Magnitude Radar ---
2026-02-20 10:16:32,068 - INFO - style_emb.weight               | 2.83e+00   | 7.55e-01   | 0.02
2026-02-20 10:16:32,069 - INFO - enc_in.weight                  | 2.06e+01   | 6.56e+00   | 0.02
2026-02-20 10:16:32,069 - INFO - enc_in.bias                    | 1.12e-01   | 1.04e+00   | 0.00
2026-02-20 10:16:32,070 - INFO - hires_body.0.norm1.proj.weight | 6.19e-02   | 2.99e-01   | 0.00
2026-02-20 10:16:32,070 - INFO - hires_body.0.norm1.proj.bias   | 8.83e-02   | 1.13e+01   | 0.00
2026-02-20 10:16:32,071 - INFO - hires_body.0.conv1.weight      | 2.62e+00   | 6.53e+00   | 0.00
2026-02-20 10:16:32,071 - INFO - hires_body.0.conv1.bias        | 1.26e-01   | 2.00e-01   | 0.00
2026-02-20 10:16:32,071 - INFO - hires_body.0.norm2.proj.weight | 7.96e-02   | 3.04e-01   | 0.00
2026-02-20 10:16:32,072 - INFO - hires_body.0.norm2.proj.bias   | 9.28e-02   | 1.13e+01   | 0.00
2026-02-20 10:16:32,072 - INFO - hires_body.0.conv2.weight      | 2.70e+00   | 6.54e+00   | 0.00
2026-02-20 10:16:32,073 - INFO - hires_body.0.conv2.bias        | 1.79e-01   | 1.97e-01   | 0.00
2026-02-20 10:16:32,079 - INFO - down.weight                    | 1.20e+02   | 1.03e+01   | 0.06
2026-02-20 10:16:32,080 - INFO - body.0.conv1.weight            | 9.74e+00   | 1.03e+01   | 0.01
2026-02-20 10:16:32,081 - INFO - body.0.conv2.weight            | 6.36e+00   | 1.04e+01   | 0.00
2026-02-20 10:16:32,083 - INFO - body.1.conv1.weight            | 9.37e+00   | 1.03e+01   | 0.00
2026-02-20 10:16:32,084 - INFO - body.1.conv2.weight            | 7.13e+00   | 1.04e+01   | 0.00
2026-02-20 10:16:32,085 - INFO - dec_conv.weight                | 1.32e+02   | 6.53e+00   | 0.11
2026-02-20 10:16:32,086 - INFO - dec_norm.proj.weight           | 5.08e+00   | 3.08e-01   | 0.09
2026-02-20 10:16:32,087 - INFO - dec_norm.proj.bias             | 2.14e+01   | 1.13e+01   | 0.01
2026-02-20 10:16:32,087 - INFO - dec_out.weight                 | 4.36e+02   | 1.17e+00   | 2.03
2026-02-20 10:16:32,087 - INFO - dec_out.bias                   | 1.50e+01   | 3.35e-02   | 2.44
2026-02-20 10:16:32,091 - INFO - [Epoch 3 Step 100/242] loss=8227.7953 style=34.3738 mom=0.5870 struct=3.8602 tv=0.0000 idt=0.0706 it/s=1.40 eta=101.3s
2026-02-20 10:17:42,875 - INFO - 
[Epoch 3 Step 200] --- Gradient Magnitude Radar ---
2026-02-20 10:17:43,293 - INFO - style_emb.weight               | 7.41e+00   | 7.82e-01   | 0.05
2026-02-20 10:17:43,293 - INFO - enc_in.weight                  | 2.30e+01   | 6.55e+00   | 0.02
2026-02-20 10:17:43,294 - INFO - enc_in.bias                    | 1.65e-01   | 1.04e+00   | 0.00
2026-02-20 10:17:43,294 - INFO - hires_body.0.norm1.proj.weight | 1.34e-01   | 4.86e-01   | 0.00

[Epoch 1 Step 100] --- Gradient Magnitude Radar ---

[Epoch 1 Step 100] --- Gradient Magnitude Radar ---
Layer                          | Grad       | Weight     | Ratio(1e-3)
Layer                          | Grad       | Weight     | Ratio(1e-3)
----------------------------------------------------------------------
----------------------------------------------------------------------
style_emb.weight               | 2.58e-02   | 6.96e-01   | 0.00
style_emb.weight               | 2.58e-02   | 6.96e-01   | 0.00
enc_in.weight                  | 1.85e+01   | 6.56e+00   | 0.00
enc_in.weight                  | 1.85e+01   | 6.56e+00   | 0.00
enc_in.bias                    | 1.44e-01   | 1.04e+00   | 0.00
enc_in.bias                    | 1.44e-01   | 1.04e+00   | 0.00
hires_body.0.norm1.proj.weight | 2.04e-02   | 8.43e-03   | 0.00
hires_body.0.norm1.proj.weight | 2.04e-02   | 8.43e-03   | 0.00
hires_body.0.norm1.proj.bias   | 6.96e-02   | 1.13e+01   | 0.00
hires_body.0.norm1.proj.bias   | 6.96e-02   | 1.13e+01   | 0.00
hires_body.0.conv1.weight      | 2.46e+00   | 6.54e+00   | 0.00
hires_body.0.conv1.weight      | 2.46e+00   | 6.54e+00   | 0.00
hires_body.0.conv1.bias        | 1.67e-01   | 2.01e-01   | 0.00
hires_body.0.conv1.bias        | 1.67e-01   | 2.01e-01   | 0.00
hires_body.0.norm2.proj.weight | 3.13e-02   | 8.93e-03   | 0.00
hires_body.0.norm2.proj.weight | 3.13e-02   | 8.93e-03   | 0.00
hires_body.0.norm2.proj.bias   | 1.04e-01   | 1.13e+01   | 0.00
hires_body.0.norm2.proj.bias   | 1.04e-01   | 1.13e+01   | 0.00
hires_body.0.conv2.weight      | 3.17e+00   | 6.53e+00   | 0.00
hires_body.0.conv2.weight      | 3.17e+00   | 6.53e+00   | 0.00
hires_body.0.conv2.bias        | 2.55e-01   | 1.97e-01   | 0.00
hires_body.0.conv2.bias        | 2.55e-01   | 1.97e-01   | 0.00
down.weight                    | 1.84e+02   | 1.03e+01   | 0.01
down.weight                    | 1.84e+02   | 1.03e+01   | 0.01
body.0.conv1.weight            | 8.55e+00   | 1.03e+01   | 0.00
body.0.conv1.weight            | 8.55e+00   | 1.03e+01   | 0.00
body.0.conv2.weight            | 9.16e+00   | 1.03e+01   | 0.00
body.0.conv2.weight            | 9.16e+00   | 1.03e+01   | 0.00
body.1.conv1.weight            | 8.54e+00   | 1.03e+01   | 0.00
body.1.conv1.weight            | 8.54e+00   | 1.03e+01   | 0.00
body.1.conv2.weight            | 9.55e+00   | 1.03e+01   | 0.00
body.1.conv2.weight            | 9.55e+00   | 1.03e+01   | 0.00
dec_conv.weight                | 2.33e+02   | 6.53e+00   | 0.02
dec_conv.weight                | 2.33e+02   | 6.53e+00   | 0.02
dec_out.weight                 | 1.48e+02   | 1.16e+00   | 0.06
dec_out.weight                 | 1.48e+02   | 1.16e+00   | 0.06
dec_out.bias                   | 8.63e+00   | 3.45e-02   | 0.13
dec_out.bias                   | 8.63e+00   | 3.45e-02   | 0.13
----------------------------------------------------------------------

----------------------------------------------------------------------


[Epoch 1 Step 200] --- Gradient Magnitude Radar ---

[Epoch 1 Step 200] --- Gradient Magnitude Radar ---
Layer                          | Grad       | Weight     | Ratio(1e-3)
Layer                          | Grad       | Weight     | Ratio(1e-3)
----------------------------------------------------------------------
----------------------------------------------------------------------
style_emb.weight               | 5.69e-02   | 6.98e-01   | 0.00
style_emb.weight               | 5.69e-02   | 6.98e-01   | 0.00
enc_in.weight                  | 1.87e+01   | 6.56e+00   | 0.00
enc_in.weight                  | 1.87e+01   | 6.56e+00   | 0.00
enc_in.bias                    | 1.26e-01   | 1.04e+00   | 0.00
enc_in.bias                    | 1.26e-01   | 1.04e+00   | 0.00
hires_body.0.norm1.proj.weight | 1.87e-02   | 1.74e-02   | 0.00
hires_body.0.norm1.proj.weight | 1.87e-02   | 1.74e-02   | 0.00
hires_body.0.norm1.proj.bias   | 6.49e-02   | 1.13e+01   | 0.00
hires_body.0.norm1.proj.bias   | 6.49e-02   | 1.13e+01   | 0.00
hires_body.0.conv1.weight      | 2.40e+00   | 6.54e+00   | 0.00
hires_body.0.conv1.weight      | 2.40e+00   | 6.54e+00   | 0.00
hires_body.0.conv1.bias        | 1.44e-01   | 2.01e-01   | 0.00
hires_body.0.conv1.bias        | 1.44e-01   | 2.01e-01   | 0.00
hires_body.0.norm2.proj.weight | 2.90e-02   | 1.85e-02   | 0.00
hires_body.0.norm2.proj.weight | 2.90e-02   | 1.85e-02   | 0.00
hires_body.0.norm2.proj.bias   | 9.27e-02   | 1.13e+01   | 0.00
hires_body.0.norm2.proj.bias   | 9.27e-02   | 1.13e+01   | 0.00
hires_body.0.conv2.weight      | 3.00e+00   | 6.53e+00   | 0.00
hires_body.0.conv2.weight      | 3.00e+00   | 6.53e+00   | 0.00
hires_body.0.conv2.bias        | 2.24e-01   | 1.97e-01   | 0.00
hires_body.0.conv2.bias        | 2.24e-01   | 1.97e-01   | 0.00
down.weight                    | 1.80e+02   | 1.03e+01   | 0.01
down.weight                    | 1.80e+02   | 1.03e+01   | 0.01
body.0.conv1.weight            | 7.70e+00   | 1.03e+01   | 0.00
body.0.conv1.weight            | 7.70e+00   | 1.03e+01   | 0.00
body.0.conv2.weight            | 8.43e+00   | 1.03e+01   | 0.00
body.0.conv2.weight            | 8.43e+00   | 1.03e+01   | 0.00
body.1.conv1.weight            | 7.63e+00   | 1.03e+01   | 0.00
body.1.conv1.weight            | 7.63e+00   | 1.03e+01   | 0.00
body.1.conv2.weight            | 8.77e+00   | 1.03e+01   | 0.00
body.1.conv2.weight            | 8.77e+00   | 1.03e+01   | 0.00
dec_conv.weight                | 2.32e+02   | 6.53e+00   | 0.02
dec_conv.weight                | 2.32e+02   | 6.53e+00   | 0.02
dec_norm.proj.bias             | 5.98e+00   | 1.13e+01   | 0.00
dec_norm.proj.bias             | 5.98e+00   | 1.13e+01   | 0.00
dec_out.weight                 | 1.77e+02   | 1.16e+00   | 0.08
dec_out.weight                 | 1.77e+02   | 1.16e+00   | 0.08
dec_out.bias                   | 9.39e+00   | 3.45e-02   | 0.14
dec_out.bias                   | 9.39e+00   | 3.45e-02   | 0.14
----------------------------------------------------------------------

----------------------------------------------------------------------


[Epoch 2 Step 100] --- Gradient Magnitude Radar ---

[Epoch 2 Step 100] --- Gradient Magnitude Radar ---
Layer                          | Grad       | Weight     | Ratio(1e-3)
Layer                          | Grad       | Weight     | Ratio(1e-3)
----------------------------------------------------------------------
----------------------------------------------------------------------
style_emb.weight               | 3.99e-01   | 7.12e-01   | 0.00
style_emb.weight               | 3.99e-01   | 7.12e-01   | 0.00
enc_in.weight                  | 1.63e+01   | 6.56e+00   | 0.01
enc_in.weight                  | 1.63e+01   | 6.56e+00   | 0.01
enc_in.bias                    | 1.02e-01   | 1.04e+00   | 0.00
enc_in.bias                    | 1.02e-01   | 1.04e+00   | 0.00
hires_body.0.norm1.proj.weight | 2.09e-02   | 7.75e-02   | 0.00
hires_body.0.norm1.proj.weight | 2.09e-02   | 7.75e-02   | 0.00
hires_body.0.norm1.proj.bias   | 5.79e-02   | 1.13e+01   | 0.00
hires_body.0.norm1.proj.bias   | 5.79e-02   | 1.13e+01   | 0.00
hires_body.0.conv1.weight      | 2.13e+00   | 6.53e+00   | 0.00
hires_body.0.conv1.weight      | 2.13e+00   | 6.53e+00   | 0.00
hires_body.0.conv1.bias        | 1.25e-01   | 2.01e-01   | 0.00
hires_body.0.conv1.bias        | 1.25e-01   | 2.01e-01   | 0.00
hires_body.0.norm2.proj.weight | 3.21e-02   | 8.08e-02   | 0.00
hires_body.0.norm2.proj.weight | 3.21e-02   | 8.08e-02   | 0.00
hires_body.0.norm2.proj.bias   | 9.14e-02   | 1.13e+01   | 0.00
hires_body.0.norm2.proj.bias   | 9.14e-02   | 1.13e+01   | 0.00
hires_body.0.conv2.weight      | 2.49e+00   | 6.53e+00   | 0.00
hires_body.0.conv2.weight      | 2.49e+00   | 6.53e+00   | 0.00
hires_body.0.conv2.bias        | 1.85e-01   | 1.97e-01   | 0.00
hires_body.0.conv2.bias        | 1.85e-01   | 1.97e-01   | 0.00
down.weight                    | 1.57e+02   | 1.03e+01   | 0.05
down.weight                    | 1.57e+02   | 1.03e+01   | 0.05
body.0.conv1.weight            | 7.41e+00   | 1.03e+01   | 0.00
2026-02-20 10:17:43,295 - INFO - hires_body.0.norm1.proj.bias   | 1.81e-01   | 1.13e+01   | 0.00
2026-02-20 10:17:43,295 - INFO - hires_body.0.conv1.weight      | 4.60e+00   | 6.53e+00   | 0.00
2026-02-20 10:17:43,296 - INFO - hires_body.0.conv1.bias        | 3.29e-01   | 2.00e-01   | 0.01
2026-02-20 10:17:43,296 - INFO - hires_body.0.norm2.proj.weight | 1.89e-01   | 5.00e-01   | 0.00
2026-02-20 10:17:43,297 - INFO - hires_body.0.norm2.proj.bias   | 2.16e-01   | 1.13e+01   | 0.00
2026-02-20 10:17:43,297 - INFO - hires_body.0.conv2.weight      | 4.16e+00   | 6.55e+00   | 0.00
2026-02-20 10:17:43,297 - INFO - hires_body.0.conv2.bias        | 2.97e-01   | 1.97e-01   | 0.01
2026-02-20 10:17:43,298 - INFO - hires_body.1.conv1.weight      | 5.75e+00   | 6.52e+00   | 0.00
2026-02-20 10:17:43,299 - INFO - hires_body.1.conv2.weight      | 5.62e+00   | 6.55e+00   | 0.00
2026-02-20 10:17:43,304 - INFO - down.weight                    | 1.56e+02   | 1.03e+01   | 0.08
2026-02-20 10:17:43,305 - INFO - body.0.conv1.weight            | 1.67e+01   | 1.03e+01   | 0.01
2026-02-20 10:17:43,306 - INFO - body.0.conv2.weight            | 1.22e+01   | 1.04e+01   | 0.01
2026-02-20 10:17:43,307 - INFO - body.1.conv1.weight            | 1.56e+01   | 1.03e+01   | 0.01
2026-02-20 10:17:43,308 - INFO - body.1.conv2.weight            | 1.00e+01   | 1.04e+01   | 0.01
2026-02-20 10:17:43,309 - INFO - dec_conv.weight                | 1.45e+02   | 6.53e+00   | 0.12
2026-02-20 10:17:43,309 - INFO - dec_norm.proj.weight           | 5.59e+00   | 4.45e-01   | 0.07
2026-02-20 10:17:43,310 - INFO - dec_norm.proj.bias             | 2.27e+01   | 1.13e+01   | 0.01
2026-02-20 10:17:43,310 - INFO - dec_out.weight                 | 4.55e+02   | 1.18e+00   | 2.10
2026-02-20 10:17:43,310 - INFO - dec_out.bias                   | 1.10e+01   | 3.32e-02   | 1.81
2026-02-20 10:17:43,314 - INFO - [Epoch 3 Step 200/242] loss=8222.2146 style=34.3335 mom=0.5873 struct=3.8586 tv=0.0000 idt=0.0762 it/s=1.40 eta=29.9s
2026-02-20 10:18:13,213 - INFO - Epoch 3/300 | loss=8222.2114 style_swd=34.3259 mom=0.5867 struct=3.8573 tv=0.0000 idt=0.0790 steps=1.0 h=1.00 s=1.00 lr=5.45e-06 data=3.1s comp=169.4s
2026-02-20 10:19:24,009 - INFO - 
[Epoch 4 Step 100] --- Gradient Magnitude Radar ---
2026-02-20 10:19:24,426 - INFO - style_emb.weight               | 2.45e+01   | 8.33e-01   | 0.23
2026-02-20 10:19:24,427 - INFO - enc_in.weight                  | 2.56e+01   | 6.54e+00   | 0.03
2026-02-20 10:19:24,427 - INFO - enc_in.bias                    | 8.02e-02   | 1.04e+00   | 0.00
2026-02-20 10:19:24,428 - INFO - hires_body.0.norm1.proj.weight | 3.95e-01   | 9.32e-01   | 0.00
2026-02-20 10:19:24,428 - INFO - hires_body.0.norm1.proj.bias   | 1.61e-01   | 1.13e+01   | 0.00
2026-02-20 10:19:24,429 - INFO - hires_body.0.conv1.weight      | 5.58e+00   | 6.53e+00   | 0.01
2026-02-20 10:19:24,429 - INFO - hires_body.0.conv1.bias        | 1.75e-01   | 2.00e-01   | 0.01
2026-02-20 10:19:24,429 - INFO - hires_body.0.norm2.proj.weight | 4.74e-01   | 9.57e-01   | 0.00
2026-02-20 10:19:24,430 - INFO - hires_body.0.norm2.proj.bias   | 1.91e-01   | 1.13e+01   | 0.00
2026-02-20 10:19:24,430 - INFO - hires_body.0.conv2.weight      | 4.38e+00   | 6.57e+00   | 0.01
2026-02-20 10:19:24,431 - INFO - hires_body.0.conv2.bias        | 8.24e-02   | 1.97e-01   | 0.00
2026-02-20 10:19:24,432 - INFO - hires_body.1.conv1.weight      | 6.93e+00   | 6.52e+00   | 0.01
2026-02-20 10:19:24,434 - INFO - hires_body.2.conv1.weight      | 5.14e+00   | 6.53e+00   | 0.01
2026-02-20 10:19:24,437 - INFO - hires_body.3.conv1.weight      | 5.95e+00   | 6.53e+00   | 0.01
2026-02-20 10:19:24,439 - INFO - down.weight                    | 1.06e+02   | 1.03e+01   | 0.08
2026-02-20 10:19:24,440 - INFO - body.0.conv1.weight            | 1.55e+01   | 1.03e+01   | 0.01
2026-02-20 10:19:24,441 - INFO - body.0.conv2.weight            | 7.77e+00   | 1.05e+01   | 0.01
2026-02-20 10:19:24,443 - INFO - body.1.conv1.weight            | 1.30e+01   | 1.03e+01   | 0.01
2026-02-20 10:19:24,444 - INFO - body.1.conv2.weight            | 6.91e+00   | 1.05e+01   | 0.01
2026-02-20 10:19:24,445 - INFO - dec_conv.weight                | 9.65e+01   | 6.52e+00   | 0.12
2026-02-20 10:19:24,445 - INFO - dec_norm.proj.weight           | 7.49e+00   | 7.15e-01   | 0.08
2026-02-20 10:19:24,446 - INFO - dec_norm.proj.bias             | 2.86e+01   | 1.14e+01   | 0.02
2026-02-20 10:19:24,446 - INFO - dec_out.weight                 | 4.72e+02   | 1.21e+00   | 3.10
2026-02-20 10:19:24,447 - INFO - dec_out.bias                   | 1.09e+01   | 3.28e-02   | 2.64
2026-02-20 10:19:24,451 - INFO - [Epoch 4 Step 100/242] loss=8130.3734 style=33.8502 mom=0.5818 struct=3.8554 tv=0.0000 idt=0.1067 it/s=1.40 eta=101.2s
2026-02-20 10:20:35,222 - INFO - 
[Epoch 4 Step 200] --- Gradient Magnitude Radar ---
2026-02-20 10:20:35,639 - INFO - style_emb.weight               | 4.07e+01   | 8.66e-01   | 0.37
2026-02-20 10:20:35,640 - INFO - enc_in.weight                  | 8.11e+01   | 6.54e+00   | 0.10
2026-02-20 10:20:35,640 - INFO - enc_in.bias                    | 8.17e-01   | 1.04e+00   | 0.01
2026-02-20 10:20:35,641 - INFO - hires_body.0.norm1.proj.weight | 6.92e-01   | 1.23e+00   | 0.00
2026-02-20 10:20:35,641 - INFO - hires_body.0.norm1.proj.bias   | 1.62e+00   | 1.13e+01   | 0.00
2026-02-20 10:20:35,641 - INFO - hires_body.0.conv1.weight      | 2.60e+01   | 6.53e+00   | 0.03
2026-02-20 10:20:35,642 - INFO - hires_body.0.conv1.bias        | 2.39e+00   | 2.00e-01   | 0.09
2026-02-20 10:20:35,642 - INFO - hires_body.0.norm2.proj.weight | 7.42e-01   | 1.24e+00   | 0.00
2026-02-20 10:20:35,642 - INFO - hires_body.0.norm2.proj.bias   | 1.79e+00   | 1.13e+01   | 0.00
2026-02-20 10:20:35,643 - INFO - hires_body.0.conv2.weight      | 1.72e+01   | 6.58e+00   | 0.02
2026-02-20 10:20:35,643 - INFO - hires_body.0.conv2.bias        | 1.57e+00   | 1.97e-01   | 0.06
body.0.conv1.weight            | 7.41e+00   | 1.03e+01   | 0.00
body.0.conv2.weight            | 7.86e+00   | 1.03e+01   | 0.00
body.0.conv2.weight            | 7.86e+00   | 1.03e+01   | 0.00
body.1.conv1.weight            | 7.44e+00   | 1.03e+01   | 0.00
body.1.conv1.weight            | 7.44e+00   | 1.03e+01   | 0.00
body.1.conv2.weight            | 8.48e+00   | 1.03e+01   | 0.00
body.1.conv2.weight            | 8.48e+00   | 1.03e+01   | 0.00
dec_conv.weight                | 2.21e+02   | 6.53e+00   | 0.10
dec_conv.weight                | 2.21e+02   | 6.53e+00   | 0.10
dec_norm.proj.bias             | 1.32e+01   | 1.13e+01   | 0.00
dec_norm.proj.bias             | 1.32e+01   | 1.13e+01   | 0.00
dec_out.weight                 | 3.28e+02   | 1.16e+00   | 0.84
dec_out.weight                 | 3.28e+02   | 1.16e+00   | 0.84
dec_out.bias                   | 1.23e+01   | 3.42e-02   | 1.07
dec_out.bias                   | 1.23e+01   | 3.42e-02   | 1.07
----------------------------------------------------------------------

----------------------------------------------------------------------


[Epoch 2 Step 200] --- Gradient Magnitude Radar ---

[Epoch 2 Step 200] --- Gradient Magnitude Radar ---
Layer                          | Grad       | Weight     | Ratio(1e-3)
Layer                          | Grad       | Weight     | Ratio(1e-3)
----------------------------------------------------------------------
----------------------------------------------------------------------
style_emb.weight               | 8.42e-01   | 7.26e-01   | 0.00
style_emb.weight               | 8.42e-01   | 7.26e-01   | 0.00
enc_in.weight                  | 1.93e+01   | 6.56e+00   | 0.01
enc_in.weight                  | 1.93e+01   | 6.56e+00   | 0.01
enc_in.bias                    | 8.05e-02   | 1.04e+00   | 0.00
enc_in.bias                    | 8.05e-02   | 1.04e+00   | 0.00
hires_body.0.norm1.proj.weight | 2.66e-02   | 1.39e-01   | 0.00
hires_body.0.norm1.proj.weight | 2.66e-02   | 1.39e-01   | 0.00
hires_body.0.norm1.proj.bias   | 6.79e-02   | 1.13e+01   | 0.00
hires_body.0.norm1.proj.bias   | 6.79e-02   | 1.13e+01   | 0.00
hires_body.0.conv1.weight      | 2.29e+00   | 6.53e+00   | 0.00
hires_body.0.conv1.weight      | 2.29e+00   | 6.53e+00   | 0.00
hires_body.0.conv1.bias        | 1.18e-01   | 2.00e-01   | 0.00
hires_body.0.conv1.bias        | 1.18e-01   | 2.00e-01   | 0.00
hires_body.0.norm2.proj.weight | 3.65e-02   | 1.43e-01   | 0.00
hires_body.0.norm2.proj.weight | 3.65e-02   | 1.43e-01   | 0.00
hires_body.0.norm2.proj.bias   | 7.60e-02   | 1.13e+01   | 0.00
hires_body.0.norm2.proj.bias   | 7.60e-02   | 1.13e+01   | 0.00
hires_body.0.conv2.weight      | 2.10e+00   | 6.54e+00   | 0.00
hires_body.0.conv2.weight      | 2.10e+00   | 6.54e+00   | 0.00
hires_body.0.conv2.bias        | 1.33e-01   | 1.97e-01   | 0.00
hires_body.0.conv2.bias        | 1.33e-01   | 1.97e-01   | 0.00
down.weight                    | 9.62e+01   | 1.03e+01   | 0.03
down.weight                    | 9.62e+01   | 1.03e+01   | 0.03
body.0.conv1.weight            | 6.25e+00   | 1.03e+01   | 0.00
body.0.conv1.weight            | 6.25e+00   | 1.03e+01   | 0.00
body.1.conv1.weight            | 5.77e+00   | 1.03e+01   | 0.00
body.1.conv1.weight            | 5.77e+00   | 1.03e+01   | 0.00
dec_conv.weight                | 1.22e+02   | 6.53e+00   | 0.06
dec_conv.weight                | 1.22e+02   | 6.53e+00   | 0.06
dec_norm.proj.bias             | 1.56e+01   | 1.13e+01   | 0.00
dec_norm.proj.bias             | 1.56e+01   | 1.13e+01   | 0.00
dec_out.weight                 | 3.60e+02   | 1.16e+00   | 0.92
dec_out.weight                 | 3.60e+02   | 1.16e+00   | 0.92
dec_out.bias                   | 1.07e+01   | 3.40e-02   | 0.93
dec_out.bias                   | 1.07e+01   | 3.40e-02   | 0.93
----------------------------------------------------------------------

----------------------------------------------------------------------


[Epoch 3 Step 100] --- Gradient Magnitude Radar ---

[Epoch 3 Step 100] --- Gradient Magnitude Radar ---
Layer                          | Grad       | Weight     | Ratio(1e-3)
Layer                          | Grad       | Weight     | Ratio(1e-3)
----------------------------------------------------------------------
----------------------------------------------------------------------
style_emb.weight               | 2.83e+00   | 7.55e-01   | 0.02
style_emb.weight               | 2.83e+00   | 7.55e-01   | 0.02
enc_in.weight                  | 2.06e+01   | 6.56e+00   | 0.02
enc_in.weight                  | 2.06e+01   | 6.56e+00   | 0.02
enc_in.bias                    | 1.12e-01   | 1.04e+00   | 0.00
enc_in.bias                    | 1.12e-01   | 1.04e+00   | 0.00
hires_body.0.norm1.proj.weight | 6.19e-02   | 2.99e-01   | 0.00
hires_body.0.norm1.proj.weight | 6.19e-02   | 2.99e-01   | 0.00
hires_body.0.norm1.proj.bias   | 8.83e-02   | 1.13e+01   | 0.00
hires_body.0.norm1.proj.bias   | 8.83e-02   | 1.13e+01   | 0.00
hires_body.0.conv1.weight      | 2.62e+00   | 6.53e+00   | 0.00
hires_body.0.conv1.weight      | 2.62e+00   | 6.53e+00   | 0.00
hires_body.0.conv1.bias        | 1.26e-01   | 2.00e-01   | 0.00
hires_body.0.conv1.bias        | 1.26e-01   | 2.00e-01   | 0.00
hires_body.0.norm2.proj.weight | 7.96e-02   | 3.04e-01   | 0.00
hires_body.0.norm2.proj.weight | 7.96e-02   | 3.04e-01   | 0.00
hires_body.0.norm2.proj.bias   | 9.28e-02   | 1.13e+01   | 0.00
hires_body.0.norm2.proj.bias   | 9.28e-02   | 1.13e+01   | 0.00
hires_body.0.conv2.weight      | 2.70e+00   | 6.54e+00   | 0.00
hires_body.0.conv2.weight      | 2.70e+00   | 6.54e+00   | 0.00
hires_body.0.conv2.bias        | 1.79e-01   | 1.97e-01   | 0.00
hires_body.0.conv2.bias        | 1.79e-01   | 1.97e-01   | 0.00
down.weight                    | 1.20e+02   | 1.03e+01   | 0.06
down.weight                    | 1.20e+02   | 1.03e+01   | 0.06
body.0.conv1.weight            | 9.74e+00   | 1.03e+01   | 0.01
body.0.conv1.weight            | 9.74e+00   | 1.03e+01   | 0.01
body.0.conv2.weight            | 6.36e+00   | 1.04e+01   | 0.00
body.0.conv2.weight            | 6.36e+00   | 1.04e+01   | 0.00
body.1.conv1.weight            | 9.37e+00   | 1.03e+01   | 0.00
body.1.conv1.weight            | 9.37e+00   | 1.03e+01   | 0.00
body.1.conv2.weight            | 7.13e+00   | 1.04e+01   | 0.00
body.1.conv2.weight            | 7.13e+00   | 1.04e+01   | 0.00
dec_conv.weight                | 1.32e+02   | 6.53e+00   | 0.11
dec_conv.weight                | 1.32e+02   | 6.53e+00   | 0.11
dec_norm.proj.weight           | 5.08e+00   | 3.08e-01   | 0.09
dec_norm.proj.weight           | 5.08e+00   | 3.08e-01   | 0.09
dec_norm.proj.bias             | 2.14e+01   | 1.13e+01   | 0.01
dec_norm.proj.bias             | 2.14e+01   | 1.13e+01   | 0.01
dec_out.weight                 | 4.36e+02   | 1.17e+00   | 2.03
dec_out.weight                 | 4.36e+02   | 1.17e+00   | 2.03
dec_out.bias                   | 1.50e+01   | 3.35e-02   | 2.44
dec_out.bias                   | 1.50e+01   | 3.35e-02   | 2.44
----------------------------------------------------------------------

----------------------------------------------------------------------


[Epoch 3 Step 200] --- Gradient Magnitude Radar ---

[Epoch 3 Step 200] --- Gradient Magnitude Radar ---
Layer                          | Grad       | Weight     | Ratio(1e-3)
Layer                          | Grad       | Weight     | Ratio(1e-3)
----------------------------------------------------------------------
----------------------------------------------------------------------
style_emb.weight               | 7.41e+00   | 7.82e-01   | 0.05
style_emb.weight               | 7.41e+00   | 7.82e-01   | 0.05
enc_in.weight                  | 2.30e+01   | 6.55e+00   | 0.02
enc_in.weight                  | 2.30e+01   | 6.55e+00   | 0.02
enc_in.bias                    | 1.65e-01   | 1.04e+00   | 0.00
enc_in.bias                    | 1.65e-01   | 1.04e+00   | 0.00
hires_body.0.norm1.proj.weight | 1.34e-01   | 4.86e-01   | 0.00
2026-02-20 10:20:35,644 - INFO - hires_body.1.conv1.weight      | 2.39e+01   | 6.52e+00   | 0.03
2026-02-20 10:20:35,645 - INFO - hires_body.1.conv2.weight      | 1.43e+01   | 6.59e+00   | 0.02
2026-02-20 10:20:35,646 - INFO - hires_body.2.conv1.weight      | 1.93e+01   | 6.53e+00   | 0.02
2026-02-20 10:20:35,647 - INFO - hires_body.2.conv2.weight      | 1.76e+01   | 6.59e+00   | 0.02
2026-02-20 10:20:35,648 - INFO - hires_body.3.conv1.weight      | 2.56e+01   | 6.53e+00   | 0.03
2026-02-20 10:20:35,649 - INFO - hires_body.3.conv2.weight      | 1.88e+01   | 6.58e+00   | 0.02
2026-02-20 10:20:35,650 - INFO - down.weight                    | 6.39e+02   | 1.03e+01   | 0.49
2026-02-20 10:20:35,650 - INFO - body.0.norm1.proj.bias         | 7.24e+00   | 1.79e+01   | 0.00
2026-02-20 10:20:35,651 - INFO - body.0.conv1.weight            | 9.00e+01   | 1.03e+01   | 0.07
2026-02-20 10:20:35,652 - INFO - body.0.conv2.weight            | 1.68e+01   | 1.05e+01   | 0.01
2026-02-20 10:20:35,652 - INFO - body.1.norm1.proj.bias         | 5.80e+00   | 1.79e+01   | 0.00
2026-02-20 10:20:35,653 - INFO - body.1.conv1.weight            | 6.12e+01   | 1.03e+01   | 0.05
2026-02-20 10:20:35,654 - INFO - body.1.conv2.weight            | 1.40e+01   | 1.05e+01   | 0.01
2026-02-20 10:20:35,654 - INFO - dec_conv.weight                | 1.76e+02   | 6.52e+00   | 0.21
2026-02-20 10:20:35,655 - INFO - dec_norm.proj.weight           | 8.67e+00   | 9.36e-01   | 0.07
2026-02-20 10:20:35,655 - INFO - dec_norm.proj.bias             | 3.01e+01   | 1.14e+01   | 0.02
2026-02-20 10:20:35,656 - INFO - dec_out.weight                 | 4.89e+02   | 1.23e+00   | 3.15
2026-02-20 10:20:35,656 - INFO - dec_out.bias                   | 1.13e+01   | 3.27e-02   | 2.74
2026-02-20 10:20:35,661 - INFO - [Epoch 4 Step 200/242] loss=8114.7573 style=33.7581 mom=0.5817 struct=3.8517 tv=0.0000 idt=0.1154 it/s=1.40 eta=29.9s
2026-02-20 10:21:05,554 - INFO - Epoch 4/300 | loss=8112.6474 style_swd=33.7395 mom=0.5816 struct=3.8510 tv=0.0000 idt=0.1188 steps=1.0 h=1.00 s=1.00 lr=7.93e-06 data=3.1s comp=169.3s
2026-02-20 10:22:16,359 - INFO - 
[Epoch 5 Step 100] --- Gradient Magnitude Radar ---
2026-02-20 10:22:16,774 - INFO - style_emb.weight               | 3.94e+01   | 8.99e-01   | 0.46
2026-02-20 10:22:16,774 - INFO - enc_in.weight                  | 8.41e+01   | 6.53e+00   | 0.13
2026-02-20 10:22:16,775 - INFO - enc_in.bias                    | 6.85e-01   | 1.04e+00   | 0.01
2026-02-20 10:22:16,776 - INFO - hires_body.0.norm1.proj.weight | 6.28e-01   | 1.44e+00   | 0.00
2026-02-20 10:22:16,776 - INFO - hires_body.0.norm1.proj.bias   | 1.63e+00   | 1.13e+01   | 0.00
2026-02-20 10:22:16,777 - INFO - hires_body.0.conv1.weight      | 2.84e+01   | 6.53e+00   | 0.05
2026-02-20 10:22:16,778 - INFO - hires_body.0.conv1.bias        | 1.98e+00   | 2.00e-01   | 0.10
2026-02-20 10:22:16,778 - INFO - hires_body.0.norm2.proj.weight | 6.34e-01   | 1.43e+00   | 0.00
2026-02-20 10:22:16,778 - INFO - hires_body.0.norm2.proj.bias   | 1.61e+00   | 1.13e+01   | 0.00
2026-02-20 10:22:16,779 - INFO - hires_body.0.conv2.weight      | 1.51e+01   | 6.59e+00   | 0.02
2026-02-20 10:22:16,779 - INFO - hires_body.0.conv2.bias        | 1.26e+00   | 1.97e-01   | 0.07
2026-02-20 10:22:16,780 - INFO - hires_body.1.conv1.weight      | 2.47e+01   | 6.52e+00   | 0.04
2026-02-20 10:22:16,781 - INFO - hires_body.1.conv2.weight      | 1.40e+01   | 6.60e+00   | 0.02
2026-02-20 10:22:16,782 - INFO - hires_body.2.conv1.weight      | 2.11e+01   | 6.53e+00   | 0.03
2026-02-20 10:22:16,783 - INFO - hires_body.2.conv2.weight      | 1.59e+01   | 6.60e+00   | 0.03
2026-02-20 10:22:16,785 - INFO - hires_body.3.conv1.weight      | 2.53e+01   | 6.53e+00   | 0.04
2026-02-20 10:22:16,786 - INFO - hires_body.3.conv2.weight      | 1.55e+01   | 6.59e+00   | 0.02
2026-02-20 10:22:16,787 - INFO - down.weight                    | 4.84e+02   | 1.03e+01   | 0.49
2026-02-20 10:22:16,787 - INFO - body.0.norm1.proj.bias         | 6.10e+00   | 1.79e+01   | 0.00
2026-02-20 10:22:16,788 - INFO - body.0.conv1.weight            | 7.79e+01   | 1.03e+01   | 0.08
2026-02-20 10:22:16,789 - INFO - body.0.conv2.weight            | 1.70e+01   | 1.06e+01   | 0.02
2026-02-20 10:22:16,790 - INFO - body.1.conv1.weight            | 5.88e+01   | 1.03e+01   | 0.06
2026-02-20 10:22:16,792 - INFO - body.1.conv2.weight            | 1.27e+01   | 1.06e+01   | 0.01
2026-02-20 10:22:16,793 - INFO - dec_conv.weight                | 1.49e+02   | 6.52e+00   | 0.24
2026-02-20 10:22:16,794 - INFO - dec_norm.proj.weight           | 1.14e+01   | 1.29e+00   | 0.09
2026-02-20 10:22:16,794 - INFO - dec_norm.proj.bias             | 4.28e+01   | 1.14e+01   | 0.04
2026-02-20 10:22:16,795 - INFO - dec_out.weight                 | 6.14e+02   | 1.26e+00   | 5.05
2026-02-20 10:22:16,795 - INFO - dec_out.bias                   | 1.09e+01   | 3.25e-02   | 3.50
2026-02-20 10:22:16,799 - INFO - [Epoch 5 Step 100/242] loss=7995.3183 style=33.1588 mom=0.5783 struct=3.8482 tv=0.0000 idt=0.1442 it/s=1.40 eta=101.2s
