2026-02-25 17:15:10,841 - INFO - Active losses: w_swd, w_identity, w_delta_tv
2026-02-25 17:15:10,863 - INFO - Set PYTORCH_ALLOC_CONF=expandable_segments:True
2026-02-25 17:15:10,908 - INFO - Device: cuda
2026-02-25 17:15:10,911 - INFO - Seed: 42
2026-02-25 17:15:10,914 - INFO - Loading latent dataset from ..\..\latent-256
2026-02-25 17:15:16,028 - INFO -   style=photo id=0 count=6187
2026-02-25 17:15:17,516 - INFO -   style=Hayao id=1 count=1752
2026-02-25 17:15:18,306 - INFO -   style=monet id=2 count=972
2026-02-25 17:15:18,827 - INFO -   style=vangogh id=3 count=600
2026-02-25 17:15:19,533 - INFO -   style=cezanne id=4 count=850
2026-02-25 17:15:19,540 - INFO - DataLoader | batch=256 workers=8 pin_memory=True persistent_workers=True preload_to_gpu=False
2026-02-25 17:15:19,543 - INFO - Gradient checkpointing enabled (trades compute for lower VRAM).
G:\GitHub\Latent_Style\.venv\lib\site-packages\torch\nn\modules\module.py:1367: UserWarning: expandable_segments not supported on this platform (Triggered internally at C:\actions-runner\_work\pytorch\pytorch\pytorch\c10/cuda/CUDAAllocatorConfig.h:39.)
  return t.to(
2026-02-25 17:15:19,960 - INFO - Model params: 27,656,580
2026-02-25 17:15:19,961 - INFO - Infra | channels_last=True tf32=True grad_ckpt=True compile=False backend=off mode=off fullgraph=False cudagraphs=off gc_collect_interval=0 loss_timing_interval=0 strict_batch_sanity=True strict_batch_sanity_interval=1 cuda_sync_debug=False profiler=False alloc_conf=expandable_segments:True
2026-02-25 17:15:19,961 - INFO - Nsight | nvtx=False cuda_profile=False capture_start_step=10 capture_steps=50
2026-02-25 17:15:21,098 - INFO - Precision | amp=True amp_dtype=fp16 grad_scaler=True fused_adamw=True prefer_fp16_on_rtx30=True
2026-02-25 17:15:21,100 - INFO - GPU | name=NVIDIA GeForce RTX 4070 Laptop GPU capability=8.9 vram_gb=8.00 rtx30=False
2026-02-25 17:15:21,102 - INFO - No checkpoint found, start from scratch.
Epoch 1/50:   0%|          | 0/40 [00:00<?, ?it/s]Epoch 1/50:   2%|¨†         | 1/40 [00:28<18:30, 28.46s/it]Epoch 1/50:   5%|¨„         | 2/40 [00:31<08:44, 13.80s/it]Epoch 1/50:   8%|¨‚         | 3/40 [00:37<06:10, 10.02s/it]Epoch 1/50:  10%|¨€         | 4/40 [00:41<04:40,  7.78s/it]Epoch 1/50:  10%|¨€         | 4/40 [00:47<04:40,  7.78s/it, comp_ms=7969.6, data_ms=375.3, dl1=0.0000, dtv=0.0558, eta=327.8s, h=1.00, idr=0.19, idt=0.1030, it_s=0.11, loss=18.4995, s=1.00, semigroup=0.0000, steps=1.0, swd=0.9043]Epoch 1/50:  12%|¨€¨†        | 5/40 [00:47<04:06,  7.04s/it, comp_ms=7969.6, data_ms=375.3, dl1=0.0000, dtv=0.0558, eta=327.8s, h=1.00, idr=0.19, idt=0.1030, it_s=0.11, loss=18.4995, s=1.00, semigroup=0.0000, steps=1.0, swd=0.9043]Epoch 1/50:  15%|¨€¨„        | 6/40 [00:51<03:28,  6.12s/it, comp_ms=7969.6, data_ms=375.3, dl1=0.0000, dtv=0.0558, eta=327.8s, h=1.00, idr=0.19, idt=0.1030, it_s=0.11, loss=18.4995, s=1.00, semigroup=0.0000, steps=1.0, swd=0.9043]Epoch 1/50:  18%|¨€¨‚        | 7/40 [00:57<03:11,  5.82s/it, comp_ms=7969.6, data_ms=375.3, dl1=0.0000, dtv=0.0558, eta=327.8s, h=1.00, idr=0.19, idt=0.1030, it_s=0.11, loss=18.4995, s=1.00, semigroup=0.0000, steps=1.0, swd=0.9043]Epoch 1/50:  20%|¨€¨€        | 8/40 [01:02<03:03,  5.73s/it, comp_ms=7969.6, data_ms=375.3, dl1=0.0000, dtv=0.0558, eta=327.8s, h=1.00, idr=0.19, idt=0.1030, it_s=0.11, loss=18.4995, s=1.00, semigroup=0.0000, steps=1.0, swd=0.9043]Epoch 1/50:  22%|¨€¨€¨†       | 9/40 [01:07<02:49,  5.47s/it, comp_ms=7969.6, data_ms=375.3, dl1=0.0000, dtv=0.0558, eta=327.8s, h=1.00, idr=0.19, idt=0.1030, it_s=0.11, loss=18.4995, s=1.00, semigroup=0.0000, steps=1.0, swd=0.9043]Epoch 1/50:  22%|¨€¨€¨†       | 9/40 [01:13<02:49,  5.47s/it, comp_ms=6469.9, data_ms=190.8, dl1=0.0000, dtv=0.0369, eta=217.4s, h=1.00, idr=0.19, idt=0.0728, it_s=0.14, loss=17.2891, s=1.00, semigroup=0.0000, steps=1.0, swd=0.8499]Epoch 1/50:  25%|¨€¨€¨„       | 10/40 [01:13<02:45,  5.53s/it, comp_ms=6469.9, data_ms=190.8, dl1=0.0000, dtv=0.0369, eta=217.4s, h=1.00, idr=0.19, idt=0.0728, it_s=0.14, loss=17.2891, s=1.00, semigroup=0.0000, steps=1.0, swd=0.8499]Epoch 1/50:  28%|¨€¨€¨‚       | 11/40 [01:17<02:28,  5.11s/it, comp_ms=6469.9, data_ms=190.8, dl1=0.0000, dtv=0.0369, eta=217.4s, h=1.00, idr=0.19, idt=0.0728, it_s=0.14, loss=17.2891, s=1.00, semigroup=0.0000, steps=1.0, swd=0.8499]Epoch 1/50:  30%|¨€¨€¨€       | 12/40 [01:22<02:20,  5.00s/it, comp_ms=6469.9, data_ms=190.8, dl1=0.0000, dtv=0.0369, eta=217.4s, h=1.00, idr=0.19, idt=0.0728, it_s=0.14, loss=17.2891, s=1.00, semigroup=0.0000, steps=1.0, swd=0.8499]Epoch 1/50:  32%|¨€¨€¨€¨†      | 13/40 [01:27<02:15,  5.01s/it, comp_ms=6469.9, data_ms=190.8, dl1=0.0000, dtv=0.0369, eta=217.4s, h=1.00, idr=0.19, idt=0.0728, it_s=0.14, loss=17.2891, s=1.00, semigroup=0.0000, steps=1.0, swd=0.8499]