2026-02-20 13:40:36,369 - WARNING - w_style=211.4145 looks high for Projected SWD loss. Recommended start range is [5, 20].
2026-02-20 13:40:36,369 - INFO - Active losses: w_style, w_moment, w_identity, w_structure
2026-02-20 13:40:36,391 - INFO - Device: cuda
2026-02-20 13:40:36,391 - INFO - Seed: 42
2026-02-20 13:40:36,391 - INFO - Loading latent dataset from ..\..\sdxl-256-overfit50
2026-02-20 13:40:36,397 - INFO -   style=photo id=0 count=10
2026-02-20 13:40:36,401 - INFO -   style=Hayao id=1 count=10
2026-02-20 13:40:36,405 - INFO -   style=monet id=2 count=10
2026-02-20 13:40:36,408 - INFO -   style=cezanne id=3 count=10
2026-02-20 13:40:36,411 - INFO -   style=vangogh id=4 count=10
2026-02-20 13:40:36,467 - INFO - Dataset preloaded to cuda: 0.00GB across 5 style pools.
2026-02-20 13:40:36,468 - INFO - DataLoader | batch=50 workers=0 pin_memory=False persistent_workers=False preload_to_gpu=True
2026-02-20 13:40:36,511 - INFO - Model params: 7,153,476
2026-02-20 13:40:36,513 - INFO - Adding NCE Projector params to optimizer: 4 tensors
2026-02-20 13:40:37,161 - INFO - No checkpoint found, start from scratch.
2026-02-20 13:40:39,860 - INFO - [Epoch 1 Step 10/1000] loss=7335.3396 style=33.2376 mom=0.5977 struct=3.9504 tv=0.0000 idt=0.0465 it/s=3.71 eta=267.0s
2026-02-20 13:40:41,497 - INFO - [Epoch 1 Step 20/1000] loss=7479.8371 style=33.8593 mom=0.6029 struct=3.9643 tv=0.0000 idt=0.0611 it/s=4.61 eta=212.4s
2026-02-20 13:40:43,136 - INFO - [Epoch 1 Step 30/1000] loss=7441.4414 style=33.6202 mom=0.6030 struct=3.9679 tv=0.0000 idt=0.0762 it/s=5.02 eta=193.1s
2026-02-20 13:40:44,772 - INFO - [Epoch 1 Step 40/1000] loss=7392.3095 style=33.3425 mom=0.6017 struct=3.9611 tv=0.0000 idt=0.0890 it/s=5.26 eta=182.6s
2026-02-20 13:40:46,426 - INFO - [Epoch 1 Step 50/1000] loss=7399.6892 style=33.3250 mom=0.6036 struct=3.9591 tv=0.0000 idt=0.1027 it/s=5.40 eta=176.0s
2026-02-20 13:40:48,062 - INFO - [Epoch 1 Step 60/1000] loss=7325.2426 style=32.9138 mom=0.6034 struct=3.9662 tv=0.0000 idt=0.1182 it/s=5.50 eta=170.8s
2026-02-20 13:40:49,711 - INFO - [Epoch 1 Step 70/1000] loss=7238.5561 style=32.4493 mom=0.6015 struct=3.9693 tv=0.0000 idt=0.1331 it/s=5.58 eta=166.7s
2026-02-20 13:40:51,347 - INFO - [Epoch 1 Step 80/1000] loss=7222.5855 style=32.2967 mom=0.6028 struct=3.9743 tv=0.0000 idt=0.1532 it/s=5.64 eta=163.1s
2026-02-20 13:40:52,984 - INFO - [Epoch 1 Step 90/1000] loss=7151.9778 style=31.8769 mom=0.6028 struct=3.9782 tv=0.0000 idt=0.1759 it/s=5.69 eta=160.0s
2026-02-20 13:40:54,615 - INFO - [Epoch 1 Step 100/1000] loss=7089.5096 style=31.4999 mom=0.6036 struct=3.9836 tv=0.0000 idt=0.1973 it/s=5.73 eta=157.1s
2026-02-20 13:40:56,252 - INFO - [Epoch 1 Step 110/1000] loss=7025.9544 style=31.1609 mom=0.6023 struct=3.9898 tv=0.0000 idt=0.2076 it/s=5.76 eta=154.5s
2026-02-20 13:40:57,888 - INFO - [Epoch 1 Step 120/1000] loss=6949.3270 style=30.7509 mom=0.6018 struct=3.9952 tv=0.0000 idt=0.2202 it/s=5.79 eta=152.0s
2026-02-20 13:40:59,525 - INFO - [Epoch 1 Step 130/1000] loss=6888.3968 style=30.4134 mom=0.6002 struct=4.0022 tv=0.0000 idt=0.2334 it/s=5.81 eta=149.7s
2026-02-20 13:41:01,159 - INFO - [Epoch 1 Step 140/1000] loss=6808.0863 style=30.0038 mom=0.5994 struct=4.0068 tv=0.0000 idt=0.2414 it/s=5.83 eta=147.4s
2026-02-20 13:41:02,789 - INFO - [Epoch 1 Step 150/1000] loss=6759.1061 style=29.7138 mom=0.5999 struct=4.0132 tv=0.0000 idt=0.2565 it/s=5.85 eta=145.2s
2026-02-20 13:41:04,429 - INFO - [Epoch 1 Step 160/1000] loss=6699.6512 style=29.4053 mom=0.5988 struct=4.0191 tv=0.0000 idt=0.2638 it/s=5.87 eta=143.1s
2026-02-20 13:41:06,064 - INFO - [Epoch 1 Step 170/1000] loss=6635.9783 style=29.0457 mom=0.5975 struct=4.0268 tv=0.0000 idt=0.2794 it/s=5.88 eta=141.1s
2026-02-20 13:41:07,701 - INFO - [Epoch 1 Step 180/1000] loss=6571.6065 style=28.7102 mom=0.5966 struct=4.0333 tv=0.0000 idt=0.2876 it/s=5.89 eta=139.1s
2026-02-20 13:41:09,334 - INFO - [Epoch 1 Step 190/1000] loss=6520.1767 style=28.4317 mom=0.5948 struct=4.0419 tv=0.0000 idt=0.2970 it/s=5.91 eta=137.2s
2026-02-20 13:41:10,972 - INFO - [Epoch 1 Step 200/1000] loss=6466.6668 style=28.1507 mom=0.5933 struct=4.0504 tv=0.0000 idt=0.3045 it/s=5.92 eta=135.2s
2026-02-20 13:41:12,607 - INFO - [Epoch 1 Step 210/1000] loss=6405.9614 style=27.8389 mom=0.5916 struct=4.0562 tv=0.0000 idt=0.3112 it/s=5.92 eta=133.3s
2026-02-20 13:41:14,245 - INFO - [Epoch 1 Step 220/1000] loss=6346.5860 style=27.5418 mom=0.5892 struct=4.0618 tv=0.0000 idt=0.3159 it/s=5.93 eta=131.5s
2026-02-20 13:41:15,880 - INFO - [Epoch 1 Step 230/1000] loss=6300.2632 style=27.3027 mom=0.5874 struct=4.0699 tv=0.0000 idt=0.3213 it/s=5.94 eta=129.6s
2026-02-20 13:41:17,514 - INFO - [Epoch 1 Step 240/1000] loss=6261.5319 style=27.0973 mom=0.5856 struct=4.0778 tv=0.0000 idt=0.3273 it/s=5.95 eta=127.8s
2026-02-20 13:41:19,157 - INFO - [Epoch 1 Step 250/1000] loss=6221.8860 style=26.8835 mom=0.5837 struct=4.0853 tv=0.0000 idt=0.3344 it/s=5.95 eta=126.0s
2026-02-20 13:41:20,801 - INFO - [Epoch 1 Step 260/1000] loss=6189.6649 style=26.7130 mom=0.5822 struct=4.0946 tv=0.0000 idt=0.3391 it/s=5.96 eta=124.2s
2026-02-20 13:41:22,439 - INFO - [Epoch 1 Step 270/1000] loss=6151.7985 style=26.5081 mom=0.5808 struct=4.1007 tv=0.0000 idt=0.3461 it/s=5.96 eta=122.4s
2026-02-20 13:41:24,077 - INFO - [Epoch 1 Step 280/1000] loss=6115.8939 style=26.3265 mom=0.5795 struct=4.1096 tv=0.0000 idt=0.3491 it/s=5.97 eta=120.6s
2026-02-20 13:41:25,714 - INFO - [Epoch 1 Step 290/1000] loss=6080.7943 style=26.1474 mom=0.5783 struct=4.1163 tv=0.0000 idt=0.3526 it/s=5.97 eta=118.9s
2026-02-20 13:41:27,352 - INFO - [Epoch 1 Step 300/1000] loss=6047.6370 style=25.9655 mom=0.5769 struct=4.1227 tv=0.0000 idt=0.3593 it/s=5.98 eta=117.1s
2026-02-20 13:41:28,987 - INFO - [Epoch 1 Step 310/1000] loss=6024.9574 style=25.8442 mom=0.5758 struct=4.1288 tv=0.0000 idt=0.3630 it/s=5.98 eta=115.4s
2026-02-20 13:41:30,655 - INFO - [Epoch 1 Step 320/1000] loss=5988.8886 style=25.6555 mom=0.5743 struct=4.1378 tv=0.0000 idt=0.3678 it/s=5.98 eta=113.7s
2026-02-20 13:41:32,291 - INFO - [Epoch 1 Step 330/1000] loss=5954.0451 style=25.4857 mom=0.5727 struct=4.1448 tv=0.0000 idt=0.3692 it/s=5.99 eta=111.9s
2026-02-20 13:41:33,924 - INFO - [Epoch 1 Step 340/1000] loss=5924.2118 style=25.3360 mom=0.5718 struct=4.1524 tv=0.0000 idt=0.3713 it/s=5.99 eta=110.2s
2026-02-20 13:41:35,562 - INFO - [Epoch 1 Step 350/1000] loss=5898.2991 style=25.2024 mom=0.5709 struct=4.1604 tv=0.0000 idt=0.3741 it/s=5.99 eta=108.5s
2026-02-20 13:41:37,198 - INFO - [Epoch 1 Step 360/1000] loss=5864.0688 style=25.0285 mom=0.5696 struct=4.1686 tv=0.0000 idt=0.3772 it/s=6.00 eta=106.7s
2026-02-20 13:41:38,833 - INFO - [Epoch 1 Step 370/1000] loss=5836.2263 style=24.8907 mom=0.5683 struct=4.1764 tv=0.0000 idt=0.3788 it/s=6.00 eta=105.0s
2026-02-20 13:41:40,471 - INFO - [Epoch 1 Step 380/1000] loss=5806.2100 style=24.7524 mom=0.5669 struct=4.1854 tv=0.0000 idt=0.3777 it/s=6.00 eta=103.3s
2026-02-20 13:41:42,106 - INFO - [Epoch 1 Step 390/1000] loss=5780.7312 style=24.6229 mom=0.5659 struct=4.1927 tv=0.0000 idt=0.3800 it/s=6.01 eta=101.6s
2026-02-20 13:41:43,741 - INFO - [Epoch 1 Step 400/1000] loss=5759.5532 style=24.5140 mom=0.5648 struct=4.1994 tv=0.0000 idt=0.3823 it/s=6.01 eta=99.9s
2026-02-20 13:41:45,390 - INFO - [Epoch 1 Step 410/1000] loss=5735.5240 style=24.3958 mom=0.5635 struct=4.2075 tv=0.0000 idt=0.3834 it/s=6.01 eta=98.2s
2026-02-20 13:41:47,023 - INFO - [Epoch 1 Step 420/1000] loss=5714.9033 style=24.2907 mom=0.5625 struct=4.2142 tv=0.0000 idt=0.3853 it/s=6.01 eta=96.5s
2026-02-20 13:41:48,656 - INFO - [Epoch 1 Step 430/1000] loss=5697.4305 style=24.2093 mom=0.5615 struct=4.2217 tv=0.0000 idt=0.3849 it/s=6.01 eta=94.8s
2026-02-20 13:41:50,295 - INFO - [Epoch 1 Step 440/1000] loss=5682.5144 style=24.1267 mom=0.5606 struct=4.2288 tv=0.0000 idt=0.3880 it/s=6.02 eta=93.1s
2026-02-20 13:41:51,932 - INFO - [Epoch 1 Step 450/1000] loss=5661.0203 style=24.0213 mom=0.5594 struct=4.2355 tv=0.0000 idt=0.3889 it/s=6.02 eta=91.4s
2026-02-20 13:41:53,573 - INFO - [Epoch 1 Step 460/1000] loss=5637.3158 style=23.9163 mom=0.5586 struct=4.2410 tv=0.0000 idt=0.3870 it/s=6.02 eta=89.7s
2026-02-20 13:41:55,202 - INFO - [Epoch 1 Step 470/1000] loss=5617.8793 style=23.8272 mom=0.5574 struct=4.2460 tv=0.0000 idt=0.3863 it/s=6.02 eta=88.0s
2026-02-20 13:41:56,838 - INFO - [Epoch 1 Step 480/1000] loss=5595.9100 style=23.7217 mom=0.5565 struct=4.2525 tv=0.0000 idt=0.3866 it/s=6.02 eta=86.3s
2026-02-20 13:41:58,469 - INFO - [Epoch 1 Step 490/1000] loss=5576.8499 style=23.6264 mom=0.5556 struct=4.2587 tv=0.0000 idt=0.3879 it/s=6.03 eta=84.6s
2026-02-20 13:42:00,105 - INFO - [Epoch 1 Step 500/1000] loss=5555.0110 style=23.5251 mom=0.5543 struct=4.2654 tv=0.0000 idt=0.3873 it/s=6.03 eta=82.9s
2026-02-20 13:42:01,736 - INFO - [Epoch 1 Step 510/1000] loss=5533.8291 style=23.4297 mom=0.5530 struct=4.2708 tv=0.0000 idt=0.3861 it/s=6.03 eta=81.3s
2026-02-20 13:42:03,372 - INFO - [Epoch 1 Step 520/1000] loss=5520.7888 style=23.3706 mom=0.5526 struct=4.2751 tv=0.0000 idt=0.3853 it/s=6.03 eta=79.6s
2026-02-20 13:42:05,006 - INFO - [Epoch 1 Step 530/1000] loss=5506.3560 style=23.3048 mom=0.5520 struct=4.2802 tv=0.0000 idt=0.3845 it/s=6.03 eta=77.9s
2026-02-20 13:42:06,637 - INFO - [Epoch 1 Step 540/1000] loss=5488.7186 style=23.2248 mom=0.5513 struct=4.2875 tv=0.0000 idt=0.3834 it/s=6.04 eta=76.2s
2026-02-20 13:42:08,273 - INFO - [Epoch 1 Step 550/1000] loss=5471.6771 style=23.1484 mom=0.5507 struct=4.2942 tv=0.0000 idt=0.3821 it/s=6.04 eta=74.5s
2026-02-20 13:42:09,904 - INFO - [Epoch 1 Step 560/1000] loss=5453.7177 style=23.0692 mom=0.5498 struct=4.3012 tv=0.0000 idt=0.3804 it/s=6.04 eta=72.9s
2026-02-20 13:42:11,542 - INFO - [Epoch 1 Step 570/1000] loss=5435.4809 style=22.9858 mom=0.5489 struct=4.3065 tv=0.0000 idt=0.3796 it/s=6.04 eta=71.2s
2026-02-20 13:42:13,188 - INFO - [Epoch 1 Step 580/1000] loss=5418.0676 style=22.9073 mom=0.5481 struct=4.3120 tv=0.0000 idt=0.3785 it/s=6.04 eta=69.5s
2026-02-20 13:42:14,821 - INFO - [Epoch 1 Step 590/1000] loss=5401.4509 style=22.8363 mom=0.5474 struct=4.3155 tv=0.0000 idt=0.3765 it/s=6.04 eta=67.9s
2026-02-20 13:42:16,465 - INFO - [Epoch 1 Step 600/1000] loss=5386.7778 style=22.7723 mom=0.5465 struct=4.3202 tv=0.0000 idt=0.3750 it/s=6.04 eta=66.2s
2026-02-20 13:42:18,098 - INFO - [Epoch 1 Step 610/1000] loss=5371.0941 style=22.7009 mom=0.5459 struct=4.3268 tv=0.0000 idt=0.3741 it/s=6.04 eta=64.5s
2026-02-20 13:42:19,765 - INFO - [Epoch 1 Step 620/1000] loss=5355.0447 style=22.6309 mom=0.5449 struct=4.3324 tv=0.0000 idt=0.3725 it/s=6.04 eta=62.9s
2026-02-20 13:42:21,396 - INFO - [Epoch 1 Step 630/1000] loss=5341.4249 style=22.5743 mom=0.5445 struct=4.3369 tv=0.0000 idt=0.3702 it/s=6.04 eta=61.2s
2026-02-20 13:42:23,031 - INFO - [Epoch 1 Step 640/1000] loss=5323.2730 style=22.4947 mom=0.5437 struct=4.3419 tv=0.0000 idt=0.3685 it/s=6.05 eta=59.6s
2026-02-20 13:42:24,668 - INFO - [Epoch 1 Step 650/1000] loss=5307.1324 style=22.4273 mom=0.5429 struct=4.3461 tv=0.0000 idt=0.3661 it/s=6.05 eta=57.9s
2026-02-20 13:42:26,316 - INFO - [Epoch 1 Step 660/1000] loss=5289.2737 style=22.3494 mom=0.5420 struct=4.3507 tv=0.0000 idt=0.3644 it/s=6.05 eta=56.2s
2026-02-20 13:42:27,947 - INFO - [Epoch 1 Step 670/1000] loss=5275.1504 style=22.2854 mom=0.5413 struct=4.3560 tv=0.0000 idt=0.3635 it/s=6.05 eta=54.6s
2026-02-20 13:42:29,585 - INFO - [Epoch 1 Step 680/1000] loss=5263.3746 style=22.2335 mom=0.5409 struct=4.3595 tv=0.0000 idt=0.3624 it/s=6.05 eta=52.9s
2026-02-20 13:42:31,216 - INFO - [Epoch 1 Step 690/1000] loss=5249.3309 style=22.1699 mom=0.5402 struct=4.3626 tv=0.0000 idt=0.3617 it/s=6.05 eta=51.2s
2026-02-20 13:42:32,848 - INFO - [Epoch 1 Step 700/1000] loss=5234.1682 style=22.1026 mom=0.5392 struct=4.3666 tv=0.0000 idt=0.3605 it/s=6.05 eta=49.6s
2026-02-20 13:42:34,482 - INFO - [Epoch 1 Step 710/1000] loss=5222.1221 style=22.0508 mom=0.5387 struct=4.3716 tv=0.0000 idt=0.3590 it/s=6.05 eta=47.9s
2026-02-20 13:42:36,118 - INFO - [Epoch 1 Step 720/1000] loss=5204.5327 style=21.9746 mom=0.5381 struct=4.3761 tv=0.0000 idt=0.3571 it/s=6.05 eta=46.3s
2026-02-20 13:42:37,754 - INFO - [Epoch 1 Step 730/1000] loss=5191.0426 style=21.9184 mom=0.5375 struct=4.3792 tv=0.0000 idt=0.3550 it/s=6.05 eta=44.6s
2026-02-20 13:42:39,387 - INFO - [Epoch 1 Step 740/1000] loss=5180.2873 style=21.8696 mom=0.5368 struct=4.3836 tv=0.0000 idt=0.3544 it/s=6.05 eta=42.9s
2026-02-20 13:42:41,021 - INFO - [Epoch 1 Step 750/1000] loss=5165.4535 style=21.8101 mom=0.5359 struct=4.3876 tv=0.0000 idt=0.3516 it/s=6.06 eta=41.3s
2026-02-20 13:42:42,656 - INFO - [Epoch 1 Step 760/1000] loss=5155.4306 style=21.7660 mom=0.5355 struct=4.3921 tv=0.0000 idt=0.3506 it/s=6.06 eta=39.6s
2026-02-20 13:42:44,300 - INFO - [Epoch 1 Step 770/1000] loss=5141.7477 style=21.7089 mom=0.5347 struct=4.3963 tv=0.0000 idt=0.3485 it/s=6.06 eta=38.0s
2026-02-20 13:42:45,931 - INFO - [Epoch 1 Step 780/1000] loss=5128.2684 style=21.6546 mom=0.5340 struct=4.4001 tv=0.0000 idt=0.3460 it/s=6.06 eta=36.3s
2026-02-20 13:42:47,566 - INFO - [Epoch 1 Step 790/1000] loss=5115.8487 style=21.6032 mom=0.5332 struct=4.4049 tv=0.0000 idt=0.3440 it/s=6.06 eta=34.7s
2026-02-20 13:42:49,212 - INFO - [Epoch 1 Step 800/1000] loss=5104.7408 style=21.5553 mom=0.5327 struct=4.4086 tv=0.0000 idt=0.3427 it/s=6.06 eta=33.0s
2026-02-20 13:42:50,843 - INFO - [Epoch 1 Step 810/1000] loss=5093.5931 style=21.5054 mom=0.5320 struct=4.4121 tv=0.0000 idt=0.3419 it/s=6.06 eta=31.4s
2026-02-20 13:42:52,480 - INFO - [Epoch 1 Step 820/1000] loss=5082.5680 style=21.4563 mom=0.5315 struct=4.4156 tv=0.0000 idt=0.3410 it/s=6.06 eta=29.7s
2026-02-20 13:42:54,112 - INFO - [Epoch 1 Step 830/1000] loss=5072.1960 style=21.4151 mom=0.5309 struct=4.4200 tv=0.0000 idt=0.3388 it/s=6.06 eta=28.0s
2026-02-20 13:42:55,746 - INFO - [Epoch 1 Step 840/1000] loss=5060.6713 style=21.3662 mom=0.5303 struct=4.4238 tv=0.0000 idt=0.3373 it/s=6.06 eta=26.4s
2026-02-20 13:42:57,378 - INFO - [Epoch 1 Step 850/1000] loss=5048.8635 style=21.3186 mom=0.5298 struct=4.4286 tv=0.0000 idt=0.3350 it/s=6.06 eta=24.7s
2026-02-20 13:42:59,018 - INFO - [Epoch 1 Step 860/1000] loss=5037.6888 style=21.2736 mom=0.5294 struct=4.4325 tv=0.0000 idt=0.3328 it/s=6.06 eta=23.1s
2026-02-20 13:43:00,658 - INFO - [Epoch 1 Step 870/1000] loss=5028.5540 style=21.2362 mom=0.5291 struct=4.4362 tv=0.0000 idt=0.3311 it/s=6.06 eta=21.4s
2026-02-20 13:43:02,290 - INFO - [Epoch 1 Step 880/1000] loss=5018.4865 style=21.1958 mom=0.5286 struct=4.4399 tv=0.0000 idt=0.3292 it/s=6.06 eta=19.8s
2026-02-20 13:43:03,921 - INFO - [Epoch 1 Step 890/1000] loss=5006.7472 style=21.1427 mom=0.5279 struct=4.4429 tv=0.0000 idt=0.3285 it/s=6.06 eta=18.1s
2026-02-20 13:43:05,562 - INFO - [Epoch 1 Step 900/1000] loss=4996.1659 style=21.0977 mom=0.5274 struct=4.4461 tv=0.0000 idt=0.3271 it/s=6.06 eta=16.5s
2026-02-20 13:43:07,197 - INFO - [Epoch 1 Step 910/1000] loss=4986.3988 style=21.0556 mom=0.5268 struct=4.4487 tv=0.0000 idt=0.3260 it/s=6.07 eta=14.8s
2026-02-20 13:43:08,835 - INFO - [Epoch 1 Step 920/1000] loss=4977.8469 style=21.0222 mom=0.5263 struct=4.4522 tv=0.0000 idt=0.3241 it/s=6.07 eta=13.2s
2026-02-20 13:43:10,468 - INFO - [Epoch 1 Step 930/1000] loss=4967.9971 style=20.9820 mom=0.5259 struct=4.4553 tv=0.0000 idt=0.3224 it/s=6.07 eta=11.5s
2026-02-20 13:43:12,100 - INFO - [Epoch 1 Step 940/1000] loss=4959.0804 style=20.9457 mom=0.5254 struct=4.4592 tv=0.0000 idt=0.3207 it/s=6.07 eta=9.9s
2026-02-20 13:43:13,733 - INFO - [Epoch 1 Step 950/1000] loss=4950.1673 style=20.9099 mom=0.5250 struct=4.4622 tv=0.0000 idt=0.3189 it/s=6.07 eta=8.2s
2026-02-20 13:43:15,366 - INFO - [Epoch 1 Step 960/1000] loss=4940.9282 style=20.8730 mom=0.5246 struct=4.4649 tv=0.0000 idt=0.3171 it/s=6.07 eta=6.6s
2026-02-20 13:43:17,010 - INFO - [Epoch 1 Step 970/1000] loss=4933.6384 style=20.8392 mom=0.5242 struct=4.4681 tv=0.0000 idt=0.3168 it/s=6.07 eta=4.9s
2026-02-20 13:43:18,655 - INFO - [Epoch 1 Step 980/1000] loss=4927.3400 style=20.8135 mom=0.5238 struct=4.4718 tv=0.0000 idt=0.3157 it/s=6.07 eta=3.3s
2026-02-20 13:43:20,289 - INFO - [Epoch 1 Step 990/1000] loss=4920.3475 style=20.7858 mom=0.5235 struct=4.4758 tv=0.0000 idt=0.3141 it/s=6.07 eta=1.6s
2026-02-20 13:43:21,941 - INFO - [Epoch 1 Step 1000/1000] loss=4910.3870 style=20.7433 mom=0.5230 struct=4.4793 tv=0.0000 idt=0.3128 it/s=6.07 eta=0.0s
2026-02-20 13:43:21,943 - INFO - Epoch 1/1 | loss=4910.3870 style_swd=20.7433 mom=0.5230 struct=4.4793 tv=0.0000 idt=0.3128 steps=1.0 h=1.00 s=1.00 lr=5.00e-04 data=1.2s comp=163.6s
2026-02-20 13:43:22,022 - INFO - Saved checkpoint: G:\GitHub\Latent_Style\Cycle-NCE\ssim-optun-nce\trial_0236\epoch_0001.pt (step=1000)
2026-02-20 13:43:22,023 - INFO - Running full eval for epoch 1 -> G:\GitHub\Latent_Style\Cycle-NCE\ssim-optun-nce\trial_0236\full_eval\epoch_0001
2026-02-20 13:44:15,520 - INFO - Full eval completed for epoch 1. Log: G:\GitHub\Latent_Style\Cycle-NCE\ssim-optun-nce\trial_0236\logs\full_eval_epoch_0001.log
2026-02-20 13:44:15,520 - INFO - Training completed.
