2026-02-20 11:17:14,209 - WARNING - w_style=199.7489 looks high for Projected SWD loss. Recommended start range is [5, 20].
2026-02-20 11:17:14,209 - INFO - Active losses: w_style, w_moment, w_identity, w_structure
2026-02-20 11:17:14,241 - INFO - Device: cuda
2026-02-20 11:17:14,241 - INFO - Seed: 42
2026-02-20 11:17:14,241 - INFO - Loading latent dataset from ..\..\sdxl-256-overfit50
2026-02-20 11:17:14,247 - INFO -   style=photo id=0 count=10
2026-02-20 11:17:14,251 - INFO -   style=Hayao id=1 count=10
2026-02-20 11:17:14,254 - INFO -   style=monet id=2 count=10
2026-02-20 11:17:14,258 - INFO -   style=cezanne id=3 count=10
2026-02-20 11:17:14,261 - INFO -   style=vangogh id=4 count=10
2026-02-20 11:17:14,314 - INFO - Dataset preloaded to cuda: 0.00GB across 5 style pools.
2026-02-20 11:17:14,316 - INFO - DataLoader | batch=50 workers=0 pin_memory=False persistent_workers=False preload_to_gpu=True
2026-02-20 11:17:14,358 - INFO - Model params: 7,153,476
2026-02-20 11:17:14,361 - INFO - Adding NCE Projector params to optimizer: 4 tensors
2026-02-20 11:17:14,995 - INFO - No checkpoint found, start from scratch.
2026-02-20 11:17:17,675 - INFO - [Epoch 1 Step 10/1000] loss=6969.0600 style=33.2243 mom=0.5977 struct=3.9509 tv=0.0000 idt=0.0489 it/s=3.73 eta=265.2s
2026-02-20 11:17:19,304 - INFO - [Epoch 1 Step 20/1000] loss=7103.5414 style=33.8402 mom=0.6029 struct=3.9657 tv=0.0000 idt=0.0674 it/s=4.64 eta=211.1s
2026-02-20 11:17:20,934 - INFO - [Epoch 1 Step 30/1000] loss=7063.9120 style=33.5956 mom=0.6031 struct=3.9696 tv=0.0000 idt=0.0844 it/s=5.05 eta=192.0s
2026-02-20 11:17:22,568 - INFO - [Epoch 1 Step 40/1000] loss=7014.1098 style=33.3072 mom=0.6019 struct=3.9634 tv=0.0000 idt=0.1002 it/s=5.28 eta=181.7s
2026-02-20 11:17:24,203 - INFO - [Epoch 1 Step 50/1000] loss=7016.6399 style=33.2705 mom=0.6039 struct=3.9623 tv=0.0000 idt=0.1183 it/s=5.43 eta=174.9s
2026-02-20 11:17:25,831 - INFO - [Epoch 1 Step 60/1000] loss=6940.6206 style=32.8339 mom=0.6037 struct=3.9696 tv=0.0000 idt=0.1389 it/s=5.54 eta=169.7s
2026-02-20 11:17:27,467 - INFO - [Epoch 1 Step 70/1000] loss=6849.0400 style=32.3190 mom=0.6015 struct=3.9737 tv=0.0000 idt=0.1606 it/s=5.61 eta=165.7s
2026-02-20 11:17:29,103 - INFO - [Epoch 1 Step 80/1000] loss=6820.8661 style=32.0964 mom=0.6025 struct=3.9803 tv=0.0000 idt=0.1905 it/s=5.67 eta=162.2s
2026-02-20 11:17:30,735 - INFO - [Epoch 1 Step 90/1000] loss=6741.0865 style=31.6132 mom=0.6020 struct=3.9857 tv=0.0000 idt=0.2219 it/s=5.72 eta=159.1s
2026-02-20 11:17:32,399 - INFO - [Epoch 1 Step 100/1000] loss=6667.4290 style=31.1599 mom=0.6023 struct=3.9933 tv=0.0000 idt=0.2530 it/s=5.75 eta=156.6s
2026-02-20 11:17:34,044 - INFO - [Epoch 1 Step 110/1000] loss=6597.1702 style=30.7641 mom=0.6008 struct=4.0010 tv=0.0000 idt=0.2695 it/s=5.78 eta=154.1s
2026-02-20 11:17:35,674 - INFO - [Epoch 1 Step 120/1000] loss=6518.1147 style=30.3160 mom=0.6001 struct=4.0072 tv=0.0000 idt=0.2889 it/s=5.80 eta=151.6s
2026-02-20 11:17:37,308 - INFO - [Epoch 1 Step 130/1000] loss=6453.8070 style=29.9424 mom=0.5981 struct=4.0152 tv=0.0000 idt=0.3084 it/s=5.83 eta=149.3s
2026-02-20 11:17:38,942 - INFO - [Epoch 1 Step 140/1000] loss=6373.7235 style=29.5008 mom=0.5968 struct=4.0209 tv=0.0000 idt=0.3238 it/s=5.85 eta=147.1s
2026-02-20 11:17:40,577 - INFO - [Epoch 1 Step 150/1000] loss=6320.3251 style=29.1768 mom=0.5961 struct=4.0279 tv=0.0000 idt=0.3448 it/s=5.86 eta=145.0s
2026-02-20 11:17:42,211 - INFO - [Epoch 1 Step 160/1000] loss=6258.4714 style=28.8234 mom=0.5942 struct=4.0360 tv=0.0000 idt=0.3612 it/s=5.88 eta=142.9s
2026-02-20 11:17:43,842 - INFO - [Epoch 1 Step 170/1000] loss=6195.0891 style=28.4399 mom=0.5921 struct=4.0460 tv=0.0000 idt=0.3861 it/s=5.89 eta=140.8s
2026-02-20 11:17:45,474 - INFO - [Epoch 1 Step 180/1000] loss=6128.9080 style=28.0686 mom=0.5904 struct=4.0549 tv=0.0000 idt=0.4009 it/s=5.91 eta=138.8s
2026-02-20 11:17:47,105 - INFO - [Epoch 1 Step 190/1000] loss=6076.2088 style=27.7538 mom=0.5880 struct=4.0661 tv=0.0000 idt=0.4200 it/s=5.92 eta=136.9s
2026-02-20 11:17:48,736 - INFO - [Epoch 1 Step 200/1000] loss=6022.0307 style=27.4448 mom=0.5856 struct=4.0767 tv=0.0000 idt=0.4342 it/s=5.93 eta=135.0s
2026-02-20 11:17:50,369 - INFO - [Epoch 1 Step 210/1000] loss=5960.9762 style=27.0996 mom=0.5833 struct=4.0845 tv=0.0000 idt=0.4492 it/s=5.94 eta=133.1s
2026-02-20 11:17:52,001 - INFO - [Epoch 1 Step 220/1000] loss=5900.4720 style=26.7714 mom=0.5802 struct=4.0929 tv=0.0000 idt=0.4591 it/s=5.95 eta=131.2s
2026-02-20 11:17:53,636 - INFO - [Epoch 1 Step 230/1000] loss=5853.0197 style=26.4949 mom=0.5775 struct=4.1038 tv=0.0000 idt=0.4737 it/s=5.95 eta=129.4s
2026-02-20 11:17:55,268 - INFO - [Epoch 1 Step 240/1000] loss=5809.6164 style=26.2380 mom=0.5750 struct=4.1151 tv=0.0000 idt=0.4885 it/s=5.96 eta=127.5s
2026-02-20 11:17:56,898 - INFO - [Epoch 1 Step 250/1000] loss=5770.7761 style=25.9975 mom=0.5729 struct=4.1245 tv=0.0000 idt=0.5058 it/s=5.97 eta=125.7s
2026-02-20 11:17:58,530 - INFO - [Epoch 1 Step 260/1000] loss=5737.0407 style=25.8032 mom=0.5709 struct=4.1339 tv=0.0000 idt=0.5153 it/s=5.97 eta=123.9s
2026-02-20 11:18:00,164 - INFO - [Epoch 1 Step 270/1000] loss=5698.7603 style=25.5783 mom=0.5688 struct=4.1424 tv=0.0000 idt=0.5278 it/s=5.98 eta=122.1s
2026-02-20 11:18:01,794 - INFO - [Epoch 1 Step 280/1000] loss=5662.4678 style=25.3688 mom=0.5671 struct=4.1528 tv=0.0000 idt=0.5379 it/s=5.98 eta=120.3s
2026-02-20 11:18:03,424 - INFO - [Epoch 1 Step 290/1000] loss=5627.7075 style=25.1682 mom=0.5659 struct=4.1611 tv=0.0000 idt=0.5476 it/s=5.99 eta=118.6s
2026-02-20 11:18:05,057 - INFO - [Epoch 1 Step 300/1000] loss=5595.0911 style=24.9782 mom=0.5642 struct=4.1678 tv=0.0000 idt=0.5577 it/s=5.99 eta=116.8s
2026-02-20 11:18:06,688 - INFO - [Epoch 1 Step 310/1000] loss=5572.5768 style=24.8409 mom=0.5631 struct=4.1758 tv=0.0000 idt=0.5666 it/s=6.00 eta=115.1s
2026-02-20 11:18:08,319 - INFO - [Epoch 1 Step 320/1000] loss=5540.0048 style=24.6491 mom=0.5614 struct=4.1862 tv=0.0000 idt=0.5771 it/s=6.00 eta=113.3s
2026-02-20 11:18:09,947 - INFO - [Epoch 1 Step 330/1000] loss=5508.9871 style=24.4806 mom=0.5598 struct=4.1932 tv=0.0000 idt=0.5821 it/s=6.01 eta=111.6s
2026-02-20 11:18:11,585 - INFO - [Epoch 1 Step 340/1000] loss=5482.8344 style=24.3311 mom=0.5589 struct=4.2007 tv=0.0000 idt=0.5887 it/s=6.01 eta=109.8s
2026-02-20 11:18:13,218 - INFO - [Epoch 1 Step 350/1000] loss=5458.3205 style=24.1877 mom=0.5581 struct=4.2089 tv=0.0000 idt=0.5960 it/s=6.01 eta=108.1s
2026-02-20 11:18:14,852 - INFO - [Epoch 1 Step 360/1000] loss=5428.4766 style=24.0221 mom=0.5569 struct=4.2167 tv=0.0000 idt=0.6018 it/s=6.01 eta=106.4s
2026-02-20 11:18:16,486 - INFO - [Epoch 1 Step 370/1000] loss=5402.8250 style=23.8829 mom=0.5555 struct=4.2240 tv=0.0000 idt=0.6057 it/s=6.02 eta=104.7s
2026-02-20 11:18:18,119 - INFO - [Epoch 1 Step 380/1000] loss=5376.1258 style=23.7418 mom=0.5541 struct=4.2317 tv=0.0000 idt=0.6083 it/s=6.02 eta=103.0s
2026-02-20 11:18:19,752 - INFO - [Epoch 1 Step 390/1000] loss=5353.7770 style=23.6106 mom=0.5531 struct=4.2392 tv=0.0000 idt=0.6153 it/s=6.02 eta=101.3s
2026-02-20 11:18:21,378 - INFO - [Epoch 1 Step 400/1000] loss=5333.7451 style=23.5015 mom=0.5520 struct=4.2446 tv=0.0000 idt=0.6185 it/s=6.03 eta=99.6s
2026-02-20 11:18:23,009 - INFO - [Epoch 1 Step 410/1000] loss=5313.4623 style=23.3916 mom=0.5508 struct=4.2517 tv=0.0000 idt=0.6214 it/s=6.03 eta=97.9s
2026-02-20 11:18:24,641 - INFO - [Epoch 1 Step 420/1000] loss=5296.8549 style=23.2910 mom=0.5498 struct=4.2591 tv=0.0000 idt=0.6277 it/s=6.03 eta=96.2s
2026-02-20 11:18:26,273 - INFO - [Epoch 1 Step 430/1000] loss=5283.7255 style=23.2238 mom=0.5490 struct=4.2635 tv=0.0000 idt=0.6281 it/s=6.03 eta=94.5s
2026-02-20 11:18:27,906 - INFO - [Epoch 1 Step 440/1000] loss=5271.5515 style=23.1430 mom=0.5482 struct=4.2705 tv=0.0000 idt=0.6353 it/s=6.03 eta=92.8s
2026-02-20 11:18:29,535 - INFO - [Epoch 1 Step 450/1000] loss=5253.7159 style=23.0405 mom=0.5471 struct=4.2760 tv=0.0000 idt=0.6401 it/s=6.04 eta=91.1s
2026-02-20 11:18:31,176 - INFO - [Epoch 1 Step 460/1000] loss=5233.4559 style=22.9420 mom=0.5464 struct=4.2804 tv=0.0000 idt=0.6389 it/s=6.04 eta=89.4s
2026-02-20 11:18:32,807 - INFO - [Epoch 1 Step 470/1000] loss=5216.7279 style=22.8528 mom=0.5454 struct=4.2860 tv=0.0000 idt=0.6407 it/s=6.04 eta=87.7s
2026-02-20 11:18:34,440 - INFO - [Epoch 1 Step 480/1000] loss=5198.8544 style=22.7554 mom=0.5446 struct=4.2915 tv=0.0000 idt=0.6435 it/s=6.04 eta=86.1s
2026-02-20 11:18:36,069 - INFO - [Epoch 1 Step 490/1000] loss=5181.4115 style=22.6576 mom=0.5436 struct=4.2975 tv=0.0000 idt=0.6473 it/s=6.04 eta=84.4s
2026-02-20 11:18:37,699 - INFO - [Epoch 1 Step 500/1000] loss=5163.0352 style=22.5606 mom=0.5424 struct=4.3031 tv=0.0000 idt=0.6490 it/s=6.05 eta=82.7s
2026-02-20 11:18:39,336 - INFO - [Epoch 1 Step 510/1000] loss=5143.8545 style=22.4608 mom=0.5412 struct=4.3074 tv=0.0000 idt=0.6505 it/s=6.05 eta=81.0s
2026-02-20 11:18:40,965 - INFO - [Epoch 1 Step 520/1000] loss=5133.3341 style=22.4053 mom=0.5409 struct=4.3115 tv=0.0000 idt=0.6513 it/s=6.05 eta=79.4s
2026-02-20 11:18:42,596 - INFO - [Epoch 1 Step 530/1000] loss=5121.0099 style=22.3401 mom=0.5403 struct=4.3153 tv=0.0000 idt=0.6525 it/s=6.05 eta=77.7s
2026-02-20 11:18:44,229 - INFO - [Epoch 1 Step 540/1000] loss=5105.1881 style=22.2598 mom=0.5397 struct=4.3210 tv=0.0000 idt=0.6526 it/s=6.05 eta=76.0s
2026-02-20 11:18:45,858 - INFO - [Epoch 1 Step 550/1000] loss=5089.9485 style=22.1826 mom=0.5391 struct=4.3269 tv=0.0000 idt=0.6526 it/s=6.05 eta=74.3s
2026-02-20 11:18:47,491 - INFO - [Epoch 1 Step 560/1000] loss=5074.4390 style=22.1069 mom=0.5384 struct=4.3334 tv=0.0000 idt=0.6515 it/s=6.05 eta=72.7s
2026-02-20 11:18:49,123 - INFO - [Epoch 1 Step 570/1000] loss=5058.6745 style=22.0288 mom=0.5377 struct=4.3375 tv=0.0000 idt=0.6510 it/s=6.06 eta=71.0s
2026-02-20 11:18:50,751 - INFO - [Epoch 1 Step 580/1000] loss=5043.9796 style=21.9540 mom=0.5369 struct=4.3419 tv=0.0000 idt=0.6514 it/s=6.06 eta=69.3s
2026-02-20 11:18:52,383 - INFO - [Epoch 1 Step 590/1000] loss=5028.9067 style=21.8837 mom=0.5362 struct=4.3452 tv=0.0000 idt=0.6494 it/s=6.06 eta=67.7s
2026-02-20 11:18:54,014 - INFO - [Epoch 1 Step 600/1000] loss=5016.1185 style=21.8170 mom=0.5354 struct=4.3496 tv=0.0000 idt=0.6502 it/s=6.06 eta=66.0s
2026-02-20 11:18:55,643 - INFO - [Epoch 1 Step 610/1000] loss=5002.4412 style=21.7520 mom=0.5349 struct=4.3542 tv=0.0000 idt=0.6486 it/s=6.06 eta=64.3s
2026-02-20 11:18:57,278 - INFO - [Epoch 1 Step 620/1000] loss=4988.9263 style=21.6861 mom=0.5340 struct=4.3599 tv=0.0000 idt=0.6478 it/s=6.06 eta=62.7s
2026-02-20 11:18:58,910 - INFO - [Epoch 1 Step 630/1000] loss=4977.4257 style=21.6341 mom=0.5337 struct=4.3638 tv=0.0000 idt=0.6454 it/s=6.06 eta=61.0s
2026-02-20 11:19:00,540 - INFO - [Epoch 1 Step 640/1000] loss=4962.4615 style=21.5610 mom=0.5329 struct=4.3676 tv=0.0000 idt=0.6446 it/s=6.06 eta=59.4s
2026-02-20 11:19:02,170 - INFO - [Epoch 1 Step 650/1000] loss=4949.0121 style=21.4986 mom=0.5322 struct=4.3708 tv=0.0000 idt=0.6427 it/s=6.06 eta=57.7s
2026-02-20 11:19:03,803 - INFO - [Epoch 1 Step 660/1000] loss=4934.4341 style=21.4291 mom=0.5314 struct=4.3746 tv=0.0000 idt=0.6414 it/s=6.07 eta=56.1s
2026-02-20 11:19:05,434 - INFO - [Epoch 1 Step 670/1000] loss=4923.6540 style=21.3741 mom=0.5310 struct=4.3794 tv=0.0000 idt=0.6415 it/s=6.07 eta=54.4s
2026-02-20 11:19:07,062 - INFO - [Epoch 1 Step 680/1000] loss=4913.9834 style=21.3275 mom=0.5306 struct=4.3822 tv=0.0000 idt=0.6406 it/s=6.07 eta=52.7s
2026-02-20 11:19:08,690 - INFO - [Epoch 1 Step 690/1000] loss=4901.4336 style=21.2669 mom=0.5299 struct=4.3849 tv=0.0000 idt=0.6398 it/s=6.07 eta=51.1s
2026-02-20 11:19:10,319 - INFO - [Epoch 1 Step 700/1000] loss=4888.4358 style=21.2065 mom=0.5291 struct=4.3871 tv=0.0000 idt=0.6381 it/s=6.07 eta=49.4s
2026-02-20 11:19:11,948 - INFO - [Epoch 1 Step 710/1000] loss=4879.3833 style=21.1618 mom=0.5288 struct=4.3918 tv=0.0000 idt=0.6375 it/s=6.07 eta=47.8s
2026-02-20 11:19:13,579 - INFO - [Epoch 1 Step 720/1000] loss=4864.3112 style=21.0917 mom=0.5283 struct=4.3949 tv=0.0000 idt=0.6354 it/s=6.07 eta=46.1s
2026-02-20 11:19:15,208 - INFO - [Epoch 1 Step 730/1000] loss=4853.5065 style=21.0433 mom=0.5277 struct=4.3968 tv=0.0000 idt=0.6333 it/s=6.07 eta=44.5s
2026-02-20 11:19:16,847 - INFO - [Epoch 1 Step 740/1000] loss=4844.7622 style=21.0008 mom=0.5272 struct=4.4002 tv=0.0000 idt=0.6326 it/s=6.07 eta=42.8s
2026-02-20 11:19:18,479 - INFO - [Epoch 1 Step 750/1000] loss=4833.0152 style=20.9488 mom=0.5264 struct=4.4037 tv=0.0000 idt=0.6300 it/s=6.07 eta=41.2s
2026-02-20 11:19:20,110 - INFO - [Epoch 1 Step 760/1000] loss=4824.7623 style=20.9099 mom=0.5261 struct=4.4074 tv=0.0000 idt=0.6289 it/s=6.07 eta=39.5s
2026-02-20 11:19:21,739 - INFO - [Epoch 1 Step 770/1000] loss=4813.9232 style=20.8601 mom=0.5255 struct=4.4101 tv=0.0000 idt=0.6271 it/s=6.08 eta=37.9s
2026-02-20 11:19:23,370 - INFO - [Epoch 1 Step 780/1000] loss=4803.1049 style=20.8122 mom=0.5248 struct=4.4129 tv=0.0000 idt=0.6247 it/s=6.08 eta=36.2s
2026-02-20 11:19:25,001 - INFO - [Epoch 1 Step 790/1000] loss=4792.6664 style=20.7671 mom=0.5242 struct=4.4165 tv=0.0000 idt=0.6219 it/s=6.08 eta=34.6s
2026-02-20 11:19:26,645 - INFO - [Epoch 1 Step 800/1000] loss=4782.7671 style=20.7196 mom=0.5237 struct=4.4197 tv=0.0000 idt=0.6210 it/s=6.08 eta=32.9s
2026-02-20 11:19:28,284 - INFO - [Epoch 1 Step 810/1000] loss=4773.0715 style=20.6745 mom=0.5231 struct=4.4229 tv=0.0000 idt=0.6196 it/s=6.08 eta=31.3s
2026-02-20 11:19:29,913 - INFO - [Epoch 1 Step 820/1000] loss=4764.4279 style=20.6338 mom=0.5227 struct=4.4256 tv=0.0000 idt=0.6185 it/s=6.08 eta=29.6s
2026-02-20 11:19:31,550 - INFO - [Epoch 1 Step 830/1000] loss=4755.2943 style=20.5928 mom=0.5222 struct=4.4285 tv=0.0000 idt=0.6166 it/s=6.08 eta=28.0s
2026-02-20 11:19:33,179 - INFO - [Epoch 1 Step 840/1000] loss=4745.4686 style=20.5496 mom=0.5217 struct=4.4312 tv=0.0000 idt=0.6143 it/s=6.08 eta=26.3s
2026-02-20 11:19:34,816 - INFO - [Epoch 1 Step 850/1000] loss=4735.9882 style=20.5088 mom=0.5213 struct=4.4346 tv=0.0000 idt=0.6116 it/s=6.08 eta=24.7s
2026-02-20 11:19:36,443 - INFO - [Epoch 1 Step 860/1000] loss=4726.3820 style=20.4679 mom=0.5210 struct=4.4378 tv=0.0000 idt=0.6087 it/s=6.08 eta=23.0s
2026-02-20 11:19:38,079 - INFO - [Epoch 1 Step 870/1000] loss=4718.8373 style=20.4361 mom=0.5208 struct=4.4408 tv=0.0000 idt=0.6062 it/s=6.08 eta=21.4s
2026-02-20 11:19:39,711 - INFO - [Epoch 1 Step 880/1000] loss=4710.7173 style=20.4011 mom=0.5204 struct=4.4443 tv=0.0000 idt=0.6039 it/s=6.08 eta=19.7s
2026-02-20 11:19:41,342 - INFO - [Epoch 1 Step 890/1000] loss=4700.1239 style=20.3521 mom=0.5199 struct=4.4463 tv=0.0000 idt=0.6024 it/s=6.08 eta=18.1s
2026-02-20 11:19:42,977 - INFO - [Epoch 1 Step 900/1000] loss=4691.8216 style=20.3126 mom=0.5194 struct=4.4494 tv=0.0000 idt=0.6015 it/s=6.08 eta=16.4s
2026-02-20 11:19:44,606 - INFO - [Epoch 1 Step 910/1000] loss=4683.4922 style=20.2750 mom=0.5189 struct=4.4512 tv=0.0000 idt=0.5999 it/s=6.08 eta=14.8s
2026-02-20 11:19:46,236 - INFO - [Epoch 1 Step 920/1000] loss=4676.8805 style=20.2483 mom=0.5186 struct=4.4538 tv=0.0000 idt=0.5974 it/s=6.08 eta=13.2s
2026-02-20 11:19:47,869 - INFO - [Epoch 1 Step 930/1000] loss=4668.3939 style=20.2132 mom=0.5183 struct=4.4559 tv=0.0000 idt=0.5945 it/s=6.08 eta=11.5s
2026-02-20 11:19:49,502 - INFO - [Epoch 1 Step 940/1000] loss=4660.9227 style=20.1801 mom=0.5180 struct=4.4590 tv=0.0000 idt=0.5927 it/s=6.08 eta=9.9s
2026-02-20 11:19:51,139 - INFO - [Epoch 1 Step 950/1000] loss=4653.2366 style=20.1482 mom=0.5176 struct=4.4611 tv=0.0000 idt=0.5901 it/s=6.08 eta=8.2s
2026-02-20 11:19:52,773 - INFO - [Epoch 1 Step 960/1000] loss=4645.5754 style=20.1180 mom=0.5173 struct=4.4632 tv=0.0000 idt=0.5870 it/s=6.08 eta=6.6s
2026-02-20 11:19:54,404 - INFO - [Epoch 1 Step 970/1000] loss=4639.5181 style=20.0902 mom=0.5170 struct=4.4658 tv=0.0000 idt=0.5859 it/s=6.09 eta=4.9s
2026-02-20 11:19:56,035 - INFO - [Epoch 1 Step 980/1000] loss=4634.4563 style=20.0685 mom=0.5166 struct=4.4686 tv=0.0000 idt=0.5843 it/s=6.09 eta=3.3s
2026-02-20 11:19:57,688 - INFO - [Epoch 1 Step 990/1000] loss=4628.9110 style=20.0466 mom=0.5164 struct=4.4716 tv=0.0000 idt=0.5819 it/s=6.09 eta=1.6s
2026-02-20 11:19:59,318 - INFO - [Epoch 1 Step 1000/1000] loss=4620.2604 style=20.0076 mom=0.5160 struct=4.4746 tv=0.0000 idt=0.5802 it/s=6.09 eta=0.0s
2026-02-20 11:19:59,320 - INFO - Epoch 1/1 | loss=4620.2604 style_swd=20.0076 mom=0.5160 struct=4.4746 tv=0.0000 idt=0.5802 steps=1.0 h=1.00 s=1.00 lr=5.00e-04 data=1.2s comp=163.1s
2026-02-20 11:19:59,396 - INFO - Saved checkpoint: G:\GitHub\Latent_Style\Cycle-NCE\ssim-optun-nce\trial_0197\epoch_0001.pt (step=1000)
2026-02-20 11:19:59,396 - INFO - Running full eval for epoch 1 -> G:\GitHub\Latent_Style\Cycle-NCE\ssim-optun-nce\trial_0197\full_eval\epoch_0001
2026-02-20 11:20:52,431 - INFO - Full eval completed for epoch 1. Log: G:\GitHub\Latent_Style\Cycle-NCE\ssim-optun-nce\trial_0197\logs\full_eval_epoch_0001.log
2026-02-20 11:20:52,431 - INFO - Training completed.
