2026-02-20 10:36:41,123 - INFO - Active losses: w_style, w_moment, w_identity, w_structure
2026-02-20 10:36:41,165 - INFO - Device: cuda
2026-02-20 10:36:41,165 - INFO - Seed: 42
2026-02-20 10:36:41,165 - INFO - Loading latent dataset from ..\..\sdxl-256-overfit50
2026-02-20 10:36:41,171 - INFO -   style=photo id=0 count=10
2026-02-20 10:36:41,174 - INFO -   style=Hayao id=1 count=10
2026-02-20 10:36:41,178 - INFO -   style=monet id=2 count=10
2026-02-20 10:36:41,181 - INFO -   style=cezanne id=3 count=10
2026-02-20 10:36:41,185 - INFO -   style=vangogh id=4 count=10
2026-02-20 10:36:41,260 - INFO - Dataset preloaded to cuda: 0.00GB across 5 style pools.
2026-02-20 10:36:41,262 - INFO - DataLoader | batch=50 workers=0 pin_memory=False persistent_workers=False preload_to_gpu=True
2026-02-20 10:36:41,306 - INFO - Model params: 7,153,476
2026-02-20 10:36:41,309 - INFO - Adding NCE Projector params to optimizer: 4 tensors
2026-02-20 10:36:41,953 - INFO - No checkpoint found, start from scratch.
2026-02-20 10:36:44,304 - INFO - [Epoch 1 Step 10/500] loss=50.3017 style=0.0000 mom=0.6110 struct=3.8234 tv=0.0000 idt=0.0055 it/s=4.26 eta=115.1s
2026-02-20 10:36:45,507 - INFO - [Epoch 1 Step 20/500] loss=49.7980 style=0.0000 mom=0.5949 struct=3.8187 tv=0.0000 idt=0.0035 it/s=5.63 eta=85.3s
2026-02-20 10:36:46,710 - INFO - [Epoch 1 Step 30/500] loss=49.7195 style=0.0000 mom=0.5956 struct=3.8152 tv=0.0000 idt=0.0028 it/s=6.31 eta=74.5s
2026-02-20 10:36:47,906 - INFO - [Epoch 1 Step 40/500] loss=49.6659 style=0.0000 mom=0.5952 struct=3.8144 tv=0.0000 idt=0.0023 it/s=6.72 eta=68.4s
2026-02-20 10:36:49,103 - INFO - [Epoch 1 Step 50/500] loss=49.7141 style=0.0000 mom=0.5967 struct=3.8184 tv=0.0000 idt=0.0020 it/s=6.99 eta=64.3s
2026-02-20 10:36:50,300 - INFO - [Epoch 1 Step 60/500] loss=49.7150 style=0.0000 mom=0.5993 struct=3.8153 tv=0.0000 idt=0.0018 it/s=7.19 eta=61.2s
2026-02-20 10:36:51,513 - INFO - [Epoch 1 Step 70/500] loss=49.7369 style=0.0000 mom=0.6001 struct=3.8176 tv=0.0000 idt=0.0016 it/s=7.32 eta=58.7s
2026-02-20 10:36:52,709 - INFO - [Epoch 1 Step 80/500] loss=49.6865 style=0.0000 mom=0.5994 struct=3.8151 tv=0.0000 idt=0.0014 it/s=7.44 eta=56.5s
2026-02-20 10:36:53,907 - INFO - [Epoch 1 Step 90/500] loss=49.7037 style=0.0000 mom=0.5994 struct=3.8180 tv=0.0000 idt=0.0013 it/s=7.53 eta=54.4s
2026-02-20 10:36:55,104 - INFO - [Epoch 1 Step 100/500] loss=49.6826 style=0.0000 mom=0.6001 struct=3.8154 tv=0.0000 idt=0.0012 it/s=7.60 eta=52.6s
2026-02-20 10:36:56,304 - INFO - [Epoch 1 Step 110/500] loss=49.6952 style=0.0000 mom=0.6015 struct=3.8148 tv=0.0000 idt=0.0011 it/s=7.67 eta=50.9s
2026-02-20 10:36:57,518 - INFO - [Epoch 1 Step 120/500] loss=49.7027 style=0.0000 mom=0.6016 struct=3.8160 tv=0.0000 idt=0.0010 it/s=7.71 eta=49.3s
2026-02-20 10:36:58,707 - INFO - [Epoch 1 Step 130/500] loss=49.7113 style=0.0000 mom=0.6016 struct=3.8173 tv=0.0000 idt=0.0009 it/s=7.76 eta=47.7s
2026-02-20 10:36:59,909 - INFO - [Epoch 1 Step 140/500] loss=49.7008 style=0.0000 mom=0.6012 struct=3.8176 tv=0.0000 idt=0.0008 it/s=7.80 eta=46.2s
2026-02-20 10:37:01,105 - INFO - [Epoch 1 Step 150/500] loss=49.6992 style=0.0000 mom=0.6010 struct=3.8181 tv=0.0000 idt=0.0008 it/s=7.83 eta=44.7s
2026-02-20 10:37:02,303 - INFO - [Epoch 1 Step 160/500] loss=49.6800 style=0.0000 mom=0.6004 struct=3.8178 tv=0.0000 idt=0.0007 it/s=7.86 eta=43.2s
2026-02-20 10:37:03,499 - INFO - [Epoch 1 Step 170/500] loss=49.6602 style=0.0000 mom=0.6000 struct=3.8168 tv=0.0000 idt=0.0007 it/s=7.89 eta=41.8s
2026-02-20 10:37:04,691 - INFO - [Epoch 1 Step 180/500] loss=49.6543 style=0.0000 mom=0.5994 struct=3.8176 tv=0.0000 idt=0.0007 it/s=7.92 eta=40.4s
2026-02-20 10:37:05,893 - INFO - [Epoch 1 Step 190/500] loss=49.6532 style=0.0000 mom=0.5997 struct=3.8173 tv=0.0000 idt=0.0006 it/s=7.94 eta=39.1s
2026-02-20 10:37:07,090 - INFO - [Epoch 1 Step 200/500] loss=49.6346 style=0.0000 mom=0.5991 struct=3.8168 tv=0.0000 idt=0.0006 it/s=7.96 eta=37.7s
2026-02-20 10:37:08,283 - INFO - [Epoch 1 Step 210/500] loss=49.6418 style=0.0000 mom=0.5992 struct=3.8175 tv=0.0000 idt=0.0006 it/s=7.98 eta=36.4s
2026-02-20 10:37:09,474 - INFO - [Epoch 1 Step 220/500] loss=49.6695 style=0.0000 mom=0.5997 struct=3.8194 tv=0.0000 idt=0.0005 it/s=7.99 eta=35.0s
2026-02-20 10:37:10,677 - INFO - [Epoch 1 Step 230/500] loss=49.6506 style=0.0000 mom=0.5992 struct=3.8188 tv=0.0000 idt=0.0005 it/s=8.01 eta=33.7s
2026-02-20 10:37:11,874 - INFO - [Epoch 1 Step 240/500] loss=49.6420 style=0.0000 mom=0.5991 struct=3.8183 tv=0.0000 idt=0.0005 it/s=8.02 eta=32.4s
2026-02-20 10:37:13,072 - INFO - [Epoch 1 Step 250/500] loss=49.6534 style=0.0000 mom=0.5995 struct=3.8188 tv=0.0000 idt=0.0005 it/s=8.03 eta=31.1s
2026-02-20 10:37:14,268 - INFO - [Epoch 1 Step 260/500] loss=49.6759 style=0.0000 mom=0.6003 struct=3.8195 tv=0.0000 idt=0.0005 it/s=8.05 eta=29.8s
2026-02-20 10:37:15,465 - INFO - [Epoch 1 Step 270/500] loss=49.6671 style=0.0000 mom=0.6001 struct=3.8193 tv=0.0000 idt=0.0004 it/s=8.06 eta=28.5s
2026-02-20 10:37:16,661 - INFO - [Epoch 1 Step 280/500] loss=49.6680 style=0.0000 mom=0.5997 struct=3.8202 tv=0.0000 idt=0.0004 it/s=8.07 eta=27.3s
2026-02-20 10:37:17,866 - INFO - [Epoch 1 Step 290/500] loss=49.6650 style=0.0000 mom=0.5997 struct=3.8200 tv=0.0000 idt=0.0004 it/s=8.08 eta=26.0s
2026-02-20 10:37:19,062 - INFO - [Epoch 1 Step 300/500] loss=49.6508 style=0.0000 mom=0.5991 struct=3.8199 tv=0.0000 idt=0.0004 it/s=8.08 eta=24.7s
2026-02-20 10:37:20,260 - INFO - [Epoch 1 Step 310/500] loss=49.6435 style=0.0000 mom=0.5990 struct=3.8194 tv=0.0000 idt=0.0004 it/s=8.09 eta=23.5s
2026-02-20 10:37:21,460 - INFO - [Epoch 1 Step 320/500] loss=49.6426 style=0.0000 mom=0.5993 struct=3.8189 tv=0.0000 idt=0.0004 it/s=8.10 eta=22.2s
2026-02-20 10:37:22,660 - INFO - [Epoch 1 Step 330/500] loss=49.6393 style=0.0000 mom=0.5990 struct=3.8193 tv=0.0000 idt=0.0004 it/s=8.11 eta=21.0s
2026-02-20 10:37:23,859 - INFO - [Epoch 1 Step 340/500] loss=49.6438 style=0.0000 mom=0.5992 struct=3.8193 tv=0.0000 idt=0.0004 it/s=8.11 eta=19.7s
2026-02-20 10:37:25,068 - INFO - [Epoch 1 Step 350/500] loss=49.6350 style=0.0000 mom=0.5989 struct=3.8190 tv=0.0000 idt=0.0003 it/s=8.12 eta=18.5s
2026-02-20 10:37:26,266 - INFO - [Epoch 1 Step 360/500] loss=49.6302 style=0.0000 mom=0.5989 struct=3.8186 tv=0.0000 idt=0.0003 it/s=8.12 eta=17.2s
2026-02-20 10:37:27,463 - INFO - [Epoch 1 Step 370/500] loss=49.6272 style=0.0000 mom=0.5989 struct=3.8185 tv=0.0000 idt=0.0003 it/s=8.13 eta=16.0s
2026-02-20 10:37:28,661 - INFO - [Epoch 1 Step 380/500] loss=49.6320 style=0.0000 mom=0.5991 struct=3.8186 tv=0.0000 idt=0.0003 it/s=8.14 eta=14.7s
2026-02-20 10:37:29,859 - INFO - [Epoch 1 Step 390/500] loss=49.6383 style=0.0000 mom=0.5991 struct=3.8193 tv=0.0000 idt=0.0003 it/s=8.14 eta=13.5s
2026-02-20 10:37:31,059 - INFO - [Epoch 1 Step 400/500] loss=49.6438 style=0.0000 mom=0.5994 struct=3.8194 tv=0.0000 idt=0.0003 it/s=8.15 eta=12.3s
2026-02-20 10:37:32,258 - INFO - [Epoch 1 Step 410/500] loss=49.6345 style=0.0000 mom=0.5988 struct=3.8196 tv=0.0000 idt=0.0003 it/s=8.15 eta=11.0s
2026-02-20 10:37:33,461 - INFO - [Epoch 1 Step 420/500] loss=49.6366 style=0.0000 mom=0.5992 struct=3.8192 tv=0.0000 idt=0.0003 it/s=8.15 eta=9.8s
2026-02-20 10:37:34,681 - INFO - [Epoch 1 Step 430/500] loss=49.6321 style=0.0000 mom=0.5989 struct=3.8192 tv=0.0000 idt=0.0003 it/s=8.16 eta=8.6s
2026-02-20 10:37:35,895 - INFO - [Epoch 1 Step 440/500] loss=49.6347 style=0.0000 mom=0.5990 struct=3.8195 tv=0.0000 idt=0.0003 it/s=8.16 eta=7.4s
2026-02-20 10:37:37,094 - INFO - [Epoch 1 Step 450/500] loss=49.6299 style=0.0000 mom=0.5990 struct=3.8191 tv=0.0000 idt=0.0003 it/s=8.16 eta=6.1s
2026-02-20 10:37:38,307 - INFO - [Epoch 1 Step 460/500] loss=49.6135 style=0.0000 mom=0.5985 struct=3.8183 tv=0.0000 idt=0.0003 it/s=8.16 eta=4.9s
2026-02-20 10:37:39,525 - INFO - [Epoch 1 Step 470/500] loss=49.6143 style=0.0000 mom=0.5986 struct=3.8182 tv=0.0000 idt=0.0003 it/s=8.16 eta=3.7s
2026-02-20 10:37:40,728 - INFO - [Epoch 1 Step 480/500] loss=49.6150 style=0.0000 mom=0.5987 struct=3.8182 tv=0.0000 idt=0.0003 it/s=8.17 eta=2.4s
2026-02-20 10:37:41,936 - INFO - [Epoch 1 Step 490/500] loss=49.6221 style=0.0000 mom=0.5988 struct=3.8187 tv=0.0000 idt=0.0002 it/s=8.17 eta=1.2s
2026-02-20 10:37:43,155 - INFO - [Epoch 1 Step 500/500] loss=49.6152 style=0.0000 mom=0.5987 struct=3.8182 tv=0.0000 idt=0.0002 it/s=8.17 eta=0.0s
2026-02-20 10:37:43,157 - INFO - Epoch 1/1 | loss=49.6152 style_swd=0.0000 mom=0.5987 struct=3.8182 tv=0.0000 idt=0.0002 steps=1.0 h=1.00 s=1.00 lr=5.00e-04 data=0.6s comp=60.6s
2026-02-20 10:37:43,242 - INFO - Saved checkpoint: G:\GitHub\Latent_Style\Cycle-NCE\fixed-ssim-optun-nce\trial_0001\epoch_0001.pt (step=500)
2026-02-20 10:37:43,243 - INFO - Running full eval for epoch 1 -> G:\GitHub\Latent_Style\Cycle-NCE\fixed-ssim-optun-nce\trial_0001\full_eval\epoch_0001
Traceback (most recent call last):
