2026-02-20 10:49:13,498 - INFO - Active losses: w_style, w_moment, w_identity, w_structure
2026-02-20 10:49:13,524 - INFO - Device: cuda
2026-02-20 10:49:13,524 - INFO - Seed: 42
2026-02-20 10:49:13,524 - INFO - Loading latent dataset from ..\..\sdxl-256-overfit50
2026-02-20 10:49:13,530 - INFO -   style=photo id=0 count=10
2026-02-20 10:49:13,534 - INFO -   style=Hayao id=1 count=10
2026-02-20 10:49:13,538 - INFO -   style=monet id=2 count=10
2026-02-20 10:49:13,541 - INFO -   style=cezanne id=3 count=10
2026-02-20 10:49:13,545 - INFO -   style=vangogh id=4 count=10
2026-02-20 10:49:13,622 - INFO - Dataset preloaded to cuda: 0.00GB across 5 style pools.
2026-02-20 10:49:13,623 - INFO - DataLoader | batch=50 workers=0 pin_memory=False persistent_workers=False preload_to_gpu=True
2026-02-20 10:49:13,666 - INFO - Model params: 7,153,476
2026-02-20 10:49:13,668 - INFO - Adding NCE Projector params to optimizer: 4 tensors
2026-02-20 10:49:14,329 - INFO - No checkpoint found, start from scratch.
2026-02-20 10:49:16,649 - INFO - [Epoch 1 Step 10/500] loss=64.5591 style_raw=3.506468e-05 style_x=0.3506 mom=0.6110 struct=3.9410 tv=0.0000 idt=0.0049 it/s=4.31 eta=113.7s
2026-02-20 10:49:17,883 - INFO - [Epoch 1 Step 20/500] loss=63.8984 style_raw=3.448851e-05 style_x=0.3449 mom=0.5949 struct=3.9379 tv=0.0000 idt=0.0034 it/s=5.63 eta=85.3s
2026-02-20 10:49:19,080 - INFO - [Epoch 1 Step 30/500] loss=63.8791 style_raw=3.472043e-05 style_x=0.3472 mom=0.5956 struct=3.9320 tv=0.0000 idt=0.0026 it/s=6.31 eta=74.4s
2026-02-20 10:49:20,294 - INFO - [Epoch 1 Step 40/500] loss=63.8213 style_raw=3.474976e-05 style_x=0.3475 mom=0.5952 struct=3.9298 tv=0.0000 idt=0.0021 it/s=6.71 eta=68.6s
2026-02-20 10:49:21,490 - INFO - [Epoch 1 Step 50/500] loss=64.0452 style_raw=3.524459e-05 style_x=0.3524 mom=0.5967 struct=3.9331 tv=0.0000 idt=0.0018 it/s=6.98 eta=64.5s
2026-02-20 10:49:22,681 - INFO - [Epoch 1 Step 60/500] loss=64.0885 style_raw=3.536919e-05 style_x=0.3537 mom=0.5993 struct=3.9294 tv=0.0000 idt=0.0016 it/s=7.18 eta=61.3s
2026-02-20 10:49:23,885 - INFO - [Epoch 1 Step 70/500] loss=64.1363 style_raw=3.543677e-05 style_x=0.3544 mom=0.6001 struct=3.9309 tv=0.0000 idt=0.0015 it/s=7.33 eta=58.7s
2026-02-20 10:49:25,069 - INFO - [Epoch 1 Step 80/500] loss=64.0753 style_raw=3.538086e-05 style_x=0.3538 mom=0.5994 struct=3.9287 tv=0.0000 idt=0.0014 it/s=7.45 eta=56.4s
2026-02-20 10:49:26,270 - INFO - [Epoch 1 Step 90/500] loss=64.0692 style_raw=3.529585e-05 style_x=0.3530 mom=0.5994 struct=3.9319 tv=0.0000 idt=0.0014 it/s=7.54 eta=54.4s
2026-02-20 10:49:27,463 - INFO - [Epoch 1 Step 100/500] loss=64.1163 style_raw=3.546832e-05 style_x=0.3547 mom=0.6001 struct=3.9296 tv=0.0000 idt=0.0013 it/s=7.61 eta=52.5s
2026-02-20 10:49:28,658 - INFO - [Epoch 1 Step 110/500] loss=64.1945 style_raw=3.563871e-05 style_x=0.3564 mom=0.6015 struct=3.9293 tv=0.0000 idt=0.0012 it/s=7.68 eta=50.8s
2026-02-20 10:49:29,851 - INFO - [Epoch 1 Step 120/500] loss=64.1835 style_raw=3.557755e-05 style_x=0.3558 mom=0.6016 struct=3.9309 tv=0.0000 idt=0.0011 it/s=7.73 eta=49.2s
2026-02-20 10:49:31,046 - INFO - [Epoch 1 Step 130/500] loss=nan style_raw=nan style_x=nan mom=nan struct=nan tv=0.0000 idt=nan it/s=7.78 eta=47.6s
2026-02-20 10:49:32,220 - INFO - [Epoch 1 Step 140/500] loss=nan style_raw=nan style_x=nan mom=nan struct=nan tv=0.0000 idt=nan it/s=7.82 eta=46.0s
2026-02-20 10:49:33,398 - INFO - [Epoch 1 Step 150/500] loss=nan style_raw=nan style_x=nan mom=nan struct=nan tv=0.0000 idt=nan it/s=7.87 eta=44.5s
2026-02-20 10:49:34,570 - INFO - [Epoch 1 Step 160/500] loss=nan style_raw=nan style_x=nan mom=nan struct=nan tv=0.0000 idt=nan it/s=7.90 eta=43.0s
2026-02-20 10:49:35,742 - INFO - [Epoch 1 Step 170/500] loss=nan style_raw=nan style_x=nan mom=nan struct=nan tv=0.0000 idt=nan it/s=7.94 eta=41.6s
2026-02-20 10:49:36,918 - INFO - [Epoch 1 Step 180/500] loss=nan style_raw=nan style_x=nan mom=nan struct=nan tv=0.0000 idt=nan it/s=7.97 eta=40.2s
2026-02-20 10:49:38,089 - INFO - [Epoch 1 Step 190/500] loss=nan style_raw=nan style_x=nan mom=nan struct=nan tv=0.0000 idt=nan it/s=8.00 eta=38.8s
2026-02-20 10:49:39,262 - INFO - [Epoch 1 Step 200/500] loss=nan style_raw=nan style_x=nan mom=nan struct=nan tv=0.0000 idt=nan it/s=8.02 eta=37.4s
2026-02-20 10:49:40,438 - INFO - [Epoch 1 Step 210/500] loss=nan style_raw=nan style_x=nan mom=nan struct=nan tv=0.0000 idt=nan it/s=8.04 eta=36.1s
2026-02-20 10:49:41,612 - INFO - [Epoch 1 Step 220/500] loss=nan style_raw=nan style_x=nan mom=nan struct=nan tv=0.0000 idt=nan it/s=8.06 eta=34.7s
2026-02-20 10:49:42,807 - INFO - [Epoch 1 Step 230/500] loss=nan style_raw=nan style_x=nan mom=nan struct=nan tv=0.0000 idt=nan it/s=8.08 eta=33.4s
2026-02-20 10:49:43,978 - INFO - [Epoch 1 Step 240/500] loss=nan style_raw=nan style_x=nan mom=nan struct=nan tv=0.0000 idt=nan it/s=8.09 eta=32.1s
2026-02-20 10:49:45,147 - INFO - [Epoch 1 Step 250/500] loss=nan style_raw=nan style_x=nan mom=nan struct=nan tv=0.0000 idt=nan it/s=8.11 eta=30.8s
2026-02-20 10:49:46,321 - INFO - [Epoch 1 Step 260/500] loss=nan style_raw=nan style_x=nan mom=nan struct=nan tv=0.0000 idt=nan it/s=8.13 eta=29.5s
2026-02-20 10:49:47,493 - INFO - [Epoch 1 Step 270/500] loss=nan style_raw=nan style_x=nan mom=nan struct=nan tv=0.0000 idt=nan it/s=8.14 eta=28.3s
2026-02-20 10:49:48,663 - INFO - [Epoch 1 Step 280/500] loss=nan style_raw=nan style_x=nan mom=nan struct=nan tv=0.0000 idt=nan it/s=8.16 eta=27.0s
2026-02-20 10:49:49,843 - INFO - [Epoch 1 Step 290/500] loss=nan style_raw=nan style_x=nan mom=nan struct=nan tv=0.0000 idt=nan it/s=8.17 eta=25.7s
2026-02-20 10:49:51,019 - INFO - [Epoch 1 Step 300/500] loss=nan style_raw=nan style_x=nan mom=nan struct=nan tv=0.0000 idt=nan it/s=8.18 eta=24.5s
2026-02-20 10:49:52,193 - INFO - [Epoch 1 Step 310/500] loss=nan style_raw=nan style_x=nan mom=nan struct=nan tv=0.0000 idt=nan it/s=8.19 eta=23.2s
2026-02-20 10:49:53,366 - INFO - [Epoch 1 Step 320/500] loss=nan style_raw=nan style_x=nan mom=nan struct=nan tv=0.0000 idt=nan it/s=8.20 eta=22.0s
2026-02-20 10:49:54,550 - INFO - [Epoch 1 Step 330/500] loss=nan style_raw=nan style_x=nan mom=nan struct=nan tv=0.0000 idt=nan it/s=8.20 eta=20.7s
2026-02-20 10:49:55,719 - INFO - [Epoch 1 Step 340/500] loss=nan style_raw=nan style_x=nan mom=nan struct=nan tv=0.0000 idt=nan it/s=8.21 eta=19.5s
2026-02-20 10:49:56,899 - INFO - [Epoch 1 Step 350/500] loss=nan style_raw=nan style_x=nan mom=nan struct=nan tv=0.0000 idt=nan it/s=8.22 eta=18.2s
2026-02-20 10:49:58,071 - INFO - [Epoch 1 Step 360/500] loss=nan style_raw=nan style_x=nan mom=nan struct=nan tv=0.0000 idt=nan it/s=8.23 eta=17.0s
2026-02-20 10:49:59,248 - INFO - [Epoch 1 Step 370/500] loss=nan style_raw=nan style_x=nan mom=nan struct=nan tv=0.0000 idt=nan it/s=8.24 eta=15.8s
2026-02-20 10:50:00,419 - INFO - [Epoch 1 Step 380/500] loss=nan style_raw=nan style_x=nan mom=nan struct=nan tv=0.0000 idt=nan it/s=8.24 eta=14.6s
2026-02-20 10:50:01,587 - INFO - [Epoch 1 Step 390/500] loss=nan style_raw=nan style_x=nan mom=nan struct=nan tv=0.0000 idt=nan it/s=8.25 eta=13.3s
2026-02-20 10:50:02,766 - INFO - [Epoch 1 Step 400/500] loss=nan style_raw=nan style_x=nan mom=nan struct=nan tv=0.0000 idt=nan it/s=8.26 eta=12.1s
2026-02-20 10:50:03,936 - INFO - [Epoch 1 Step 410/500] loss=nan style_raw=nan style_x=nan mom=nan struct=nan tv=0.0000 idt=nan it/s=8.26 eta=10.9s
2026-02-20 10:50:05,112 - INFO - [Epoch 1 Step 420/500] loss=nan style_raw=nan style_x=nan mom=nan struct=nan tv=0.0000 idt=nan it/s=8.27 eta=9.7s
2026-02-20 10:50:06,284 - INFO - [Epoch 1 Step 430/500] loss=nan style_raw=nan style_x=nan mom=nan struct=nan tv=0.0000 idt=nan it/s=8.28 eta=8.5s
2026-02-20 10:50:07,463 - INFO - [Epoch 1 Step 440/500] loss=nan style_raw=nan style_x=nan mom=nan struct=nan tv=0.0000 idt=nan it/s=8.28 eta=7.2s
2026-02-20 10:50:08,636 - INFO - [Epoch 1 Step 450/500] loss=nan style_raw=nan style_x=nan mom=nan struct=nan tv=0.0000 idt=nan it/s=8.29 eta=6.0s
2026-02-20 10:50:09,810 - INFO - [Epoch 1 Step 460/500] loss=nan style_raw=nan style_x=nan mom=nan struct=nan tv=0.0000 idt=nan it/s=8.29 eta=4.8s
2026-02-20 10:50:10,982 - INFO - [Epoch 1 Step 470/500] loss=nan style_raw=nan style_x=nan mom=nan struct=nan tv=0.0000 idt=nan it/s=8.30 eta=3.6s
2026-02-20 10:50:12,156 - INFO - [Epoch 1 Step 480/500] loss=nan style_raw=nan style_x=nan mom=nan struct=nan tv=0.0000 idt=nan it/s=8.30 eta=2.4s
2026-02-20 10:50:13,331 - INFO - [Epoch 1 Step 490/500] loss=nan style_raw=nan style_x=nan mom=nan struct=nan tv=0.0000 idt=nan it/s=8.30 eta=1.2s
2026-02-20 10:50:14,507 - INFO - [Epoch 1 Step 500/500] loss=nan style_raw=nan style_x=nan mom=nan struct=nan tv=0.0000 idt=nan it/s=8.31 eta=0.0s
2026-02-20 10:50:14,509 - INFO - Epoch 1/1 | loss=nan style_swd=nan mom=nan struct=nan tv=0.0000 idt=nan steps=1.0 h=1.00 s=1.00 lr=5.00e-04 data=0.6s comp=59.5s
2026-02-20 10:50:14,587 - INFO - Saved checkpoint: G:\GitHub\Latent_Style\Cycle-NCE\fixed-ssim-optun-nce\trial_0006\epoch_0001.pt (step=500)
2026-02-20 10:50:14,587 - INFO - Running full eval for epoch 1 -> G:\GitHub\Latent_Style\Cycle-NCE\fixed-ssim-optun-nce\trial_0006\full_eval\epoch_0001
Traceback (most recent call last):
