2026-02-20 11:08:11,998 - WARNING - w_style=204.6203 looks high for Projected SWD loss. Recommended start range is [5, 20].
2026-02-20 11:08:11,998 - INFO - Active losses: w_style, w_moment, w_identity, w_structure
2026-02-20 11:08:12,022 - INFO - Device: cuda
2026-02-20 11:08:12,022 - INFO - Seed: 42
2026-02-20 11:08:12,022 - INFO - Loading latent dataset from ..\..\sdxl-256-overfit50
2026-02-20 11:08:12,028 - INFO -   style=photo id=0 count=10
2026-02-20 11:08:12,031 - INFO -   style=Hayao id=1 count=10
2026-02-20 11:08:12,034 - INFO -   style=monet id=2 count=10
2026-02-20 11:08:12,037 - INFO -   style=cezanne id=3 count=10
2026-02-20 11:08:12,040 - INFO -   style=vangogh id=4 count=10
2026-02-20 11:08:12,106 - INFO - Dataset preloaded to cuda: 0.00GB across 5 style pools.
2026-02-20 11:08:12,107 - INFO - DataLoader | batch=50 workers=0 pin_memory=False persistent_workers=False preload_to_gpu=True
2026-02-20 11:08:12,151 - INFO - Model params: 7,153,476
2026-02-20 11:08:12,153 - INFO - Adding NCE Projector params to optimizer: 4 tensors
2026-02-20 11:08:12,814 - INFO - No checkpoint found, start from scratch.
2026-02-20 11:08:15,147 - INFO - [Epoch 1 Step 10/1000] loss=7147.4965 style=33.2589 mom=0.5985 struct=3.9499 tv=0.0000 idt=0.0494 it/s=4.29 eta=230.8s
2026-02-20 11:08:16,325 - INFO - [Epoch 1 Step 20/1000] loss=7281.6771 style=33.8690 mom=0.6035 struct=3.9646 tv=0.0000 idt=0.0661 it/s=5.70 eta=172.0s
2026-02-20 11:08:17,502 - INFO - [Epoch 1 Step 30/1000] loss=7238.9582 style=33.6200 mom=0.6035 struct=3.9689 tv=0.0000 idt=0.0836 it/s=6.40 eta=151.5s
2026-02-20 11:08:18,682 - INFO - [Epoch 1 Step 40/1000] loss=7186.1915 style=33.3240 mom=0.6023 struct=3.9635 tv=0.0000 idt=0.1018 it/s=6.82 eta=140.8s
2026-02-20 11:08:19,861 - INFO - [Epoch 1 Step 50/1000] loss=7186.0484 style=33.2774 mom=0.6042 struct=3.9630 tv=0.0000 idt=0.1216 it/s=7.10 eta=133.9s
2026-02-20 11:08:21,040 - INFO - [Epoch 1 Step 60/1000] loss=7105.6193 style=32.8351 mom=0.6038 struct=3.9700 tv=0.0000 idt=0.1430 it/s=7.30 eta=128.9s
2026-02-20 11:08:22,220 - INFO - [Epoch 1 Step 70/1000] loss=7009.9330 style=32.3168 mom=0.6013 struct=3.9729 tv=0.0000 idt=0.1663 it/s=7.44 eta=124.9s
2026-02-20 11:08:23,399 - INFO - [Epoch 1 Step 80/1000] loss=6977.6737 style=32.0916 mom=0.6019 struct=3.9789 tv=0.0000 idt=0.1956 it/s=7.56 eta=121.7s
2026-02-20 11:08:24,572 - INFO - [Epoch 1 Step 90/1000] loss=6889.1804 style=31.5893 mom=0.6010 struct=3.9839 tv=0.0000 idt=0.2266 it/s=7.66 eta=118.9s
2026-02-20 11:08:25,758 - INFO - [Epoch 1 Step 100/1000] loss=6802.9151 style=31.1142 mom=0.6003 struct=3.9906 tv=0.0000 idt=0.2500 it/s=7.73 eta=116.5s
2026-02-20 11:08:26,937 - INFO - [Epoch 1 Step 110/1000] loss=6721.8286 style=30.6663 mom=0.5980 struct=3.9987 tv=0.0000 idt=0.2731 it/s=7.79 eta=114.3s
2026-02-20 11:08:28,111 - INFO - [Epoch 1 Step 120/1000] loss=6635.2500 style=30.1824 mom=0.5964 struct=4.0051 tv=0.0000 idt=0.3002 it/s=7.85 eta=112.2s
2026-02-20 11:08:29,295 - INFO - [Epoch 1 Step 130/1000] loss=6561.2046 style=29.7698 mom=0.5931 struct=4.0146 tv=0.0000 idt=0.3231 it/s=7.89 eta=110.3s
2026-02-20 11:08:30,473 - INFO - [Epoch 1 Step 140/1000] loss=6470.3236 style=29.2804 mom=0.5909 struct=4.0239 tv=0.0000 idt=0.3432 it/s=7.93 eta=108.5s
2026-02-20 11:08:31,653 - INFO - [Epoch 1 Step 150/1000] loss=6405.1623 style=28.8974 mom=0.5898 struct=4.0354 tv=0.0000 idt=0.3712 it/s=7.96 eta=106.7s
2026-02-20 11:08:32,832 - INFO - [Epoch 1 Step 160/1000] loss=6332.4281 style=28.4902 mom=0.5872 struct=4.0475 tv=0.0000 idt=0.3939 it/s=7.99 eta=105.1s
2026-02-20 11:08:34,008 - INFO - [Epoch 1 Step 170/1000] loss=6261.2041 style=28.0743 mom=0.5844 struct=4.0617 tv=0.0000 idt=0.4238 it/s=8.02 eta=103.5s
2026-02-20 11:08:35,190 - INFO - [Epoch 1 Step 180/1000] loss=6182.4165 style=27.6411 mom=0.5819 struct=4.0769 tv=0.0000 idt=0.4446 it/s=8.04 eta=101.9s
2026-02-20 11:08:36,369 - INFO - [Epoch 1 Step 190/1000] loss=6121.4687 style=27.2893 mom=0.5790 struct=4.0914 tv=0.0000 idt=0.4682 it/s=8.07 eta=100.4s
2026-02-20 11:08:37,568 - INFO - [Epoch 1 Step 200/1000] loss=6061.0661 style=26.9536 mom=0.5764 struct=4.1066 tv=0.0000 idt=0.4856 it/s=8.08 eta=99.0s
2026-02-20 11:08:38,747 - INFO - [Epoch 1 Step 210/1000] loss=5997.3178 style=26.5998 mom=0.5737 struct=4.1179 tv=0.0000 idt=0.5043 it/s=8.10 eta=97.6s
2026-02-20 11:08:39,927 - INFO - [Epoch 1 Step 220/1000] loss=5931.9252 style=26.2496 mom=0.5702 struct=4.1292 tv=0.0000 idt=0.5180 it/s=8.11 eta=96.1s
2026-02-20 11:08:41,107 - INFO - [Epoch 1 Step 230/1000] loss=5880.9022 style=25.9613 mom=0.5674 struct=4.1422 tv=0.0000 idt=0.5351 it/s=8.13 eta=94.7s
2026-02-20 11:08:42,286 - INFO - [Epoch 1 Step 240/1000] loss=5833.1553 style=25.6901 mom=0.5648 struct=4.1555 tv=0.0000 idt=0.5516 it/s=8.14 eta=93.3s
2026-02-20 11:08:43,465 - INFO - [Epoch 1 Step 250/1000] loss=5791.7270 style=25.4424 mom=0.5625 struct=4.1664 tv=0.0000 idt=0.5715 it/s=8.16 eta=91.9s
2026-02-20 11:08:44,645 - INFO - [Epoch 1 Step 260/1000] loss=5756.8039 style=25.2434 mom=0.5606 struct=4.1785 tv=0.0000 idt=0.5835 it/s=8.17 eta=90.6s
2026-02-20 11:08:45,830 - INFO - [Epoch 1 Step 270/1000] loss=5716.2206 style=25.0105 mom=0.5585 struct=4.1885 tv=0.0000 idt=0.5987 it/s=8.18 eta=89.3s
2026-02-20 11:08:47,012 - INFO - [Epoch 1 Step 280/1000] loss=5678.3958 style=24.7965 mom=0.5568 struct=4.1986 tv=0.0000 idt=0.6112 it/s=8.19 eta=87.9s
2026-02-20 11:08:48,193 - INFO - [Epoch 1 Step 290/1000] loss=5642.4581 style=24.5948 mom=0.5554 struct=4.2081 tv=0.0000 idt=0.6223 it/s=8.20 eta=86.6s
2026-02-20 11:08:49,372 - INFO - [Epoch 1 Step 300/1000] loss=5608.9400 style=24.4035 mom=0.5538 struct=4.2157 tv=0.0000 idt=0.6344 it/s=8.21 eta=85.3s
2026-02-20 11:08:50,550 - INFO - [Epoch 1 Step 310/1000] loss=5585.6143 style=24.2593 mom=0.5526 struct=4.2242 tv=0.0000 idt=0.6474 it/s=8.22 eta=84.0s
2026-02-20 11:08:51,732 - INFO - [Epoch 1 Step 320/1000] loss=5552.0922 style=24.0682 mom=0.5510 struct=4.2341 tv=0.0000 idt=0.6591 it/s=8.22 eta=82.7s
2026-02-20 11:08:52,913 - INFO - [Epoch 1 Step 330/1000] loss=5520.0370 style=23.8966 mom=0.5493 struct=4.2416 tv=0.0000 idt=0.6656 it/s=8.23 eta=81.4s
2026-02-20 11:08:54,112 - INFO - [Epoch 1 Step 340/1000] loss=5493.3087 style=23.7455 mom=0.5484 struct=4.2495 tv=0.0000 idt=0.6742 it/s=8.23 eta=80.2s
2026-02-20 11:08:55,298 - INFO - [Epoch 1 Step 350/1000] loss=5468.5314 style=23.6040 mom=0.5475 struct=4.2578 tv=0.0000 idt=0.6828 it/s=8.24 eta=78.9s
2026-02-20 11:08:56,483 - INFO - [Epoch 1 Step 360/1000] loss=5438.5547 style=23.4381 mom=0.5464 struct=4.2653 tv=0.0000 idt=0.6910 it/s=8.24 eta=77.6s
2026-02-20 11:08:57,665 - INFO - [Epoch 1 Step 370/1000] loss=5413.1365 style=23.3002 mom=0.5451 struct=4.2720 tv=0.0000 idt=0.6969 it/s=8.25 eta=76.4s
2026-02-20 11:08:58,846 - INFO - [Epoch 1 Step 380/1000] loss=5385.6243 style=23.1557 mom=0.5438 struct=4.2796 tv=0.0000 idt=0.7010 it/s=8.26 eta=75.1s
2026-02-20 11:09:00,026 - INFO - [Epoch 1 Step 390/1000] loss=5361.4034 style=23.0208 mom=0.5426 struct=4.2870 tv=0.0000 idt=0.7080 it/s=8.26 eta=73.8s
2026-02-20 11:09:01,209 - INFO - [Epoch 1 Step 400/1000] loss=5340.4767 style=22.9012 mom=0.5414 struct=4.2938 tv=0.0000 idt=0.7155 it/s=8.27 eta=72.6s
2026-02-20 11:09:02,389 - INFO - [Epoch 1 Step 410/1000] loss=5319.6478 style=22.7878 mom=0.5403 struct=4.3011 tv=0.0000 idt=0.7202 it/s=8.27 eta=71.3s
2026-02-20 11:09:03,572 - INFO - [Epoch 1 Step 420/1000] loss=5302.4624 style=22.6846 mom=0.5393 struct=4.3083 tv=0.0000 idt=0.7284 it/s=8.27 eta=70.1s
2026-02-20 11:09:04,753 - INFO - [Epoch 1 Step 430/1000] loss=5288.8260 style=22.6106 mom=0.5385 struct=4.3125 tv=0.0000 idt=0.7316 it/s=8.28 eta=68.8s
2026-02-20 11:09:05,927 - INFO - [Epoch 1 Step 440/1000] loss=5275.7095 style=22.5222 mom=0.5376 struct=4.3187 tv=0.0000 idt=0.7420 it/s=8.28 eta=67.6s
2026-02-20 11:09:07,115 - INFO - [Epoch 1 Step 450/1000] loss=5257.9487 style=22.4149 mom=0.5365 struct=4.3248 tv=0.0000 idt=0.7510 it/s=8.29 eta=66.4s
2026-02-20 11:09:08,296 - INFO - [Epoch 1 Step 460/1000] loss=5237.7914 style=22.3128 mom=0.5359 struct=4.3295 tv=0.0000 idt=0.7523 it/s=8.29 eta=65.1s
2026-02-20 11:09:09,476 - INFO - [Epoch 1 Step 470/1000] loss=5219.6184 style=22.2133 mom=0.5348 struct=4.3354 tv=0.0000 idt=0.7569 it/s=8.29 eta=63.9s
2026-02-20 11:09:10,663 - INFO - [Epoch 1 Step 480/1000] loss=5201.8076 style=22.1163 mom=0.5340 struct=4.3399 tv=0.0000 idt=0.7611 it/s=8.30 eta=62.7s
2026-02-20 11:09:11,851 - INFO - [Epoch 1 Step 490/1000] loss=5183.5188 style=22.0100 mom=0.5329 struct=4.3463 tv=0.0000 idt=0.7684 it/s=8.30 eta=61.4s
2026-02-20 11:09:13,033 - INFO - [Epoch 1 Step 500/1000] loss=5166.5489 style=21.9148 mom=0.5318 struct=4.3514 tv=0.0000 idt=0.7737 it/s=8.30 eta=60.2s
2026-02-20 11:09:14,215 - INFO - [Epoch 1 Step 510/1000] loss=5147.5735 style=21.8114 mom=0.5304 struct=4.3564 tv=0.0000 idt=0.7784 it/s=8.31 eta=59.0s
2026-02-20 11:09:15,398 - INFO - [Epoch 1 Step 520/1000] loss=5137.4639 style=21.7557 mom=0.5302 struct=4.3602 tv=0.0000 idt=0.7809 it/s=8.31 eta=57.8s
2026-02-20 11:09:16,580 - INFO - [Epoch 1 Step 530/1000] loss=5125.3445 style=21.6857 mom=0.5295 struct=4.3646 tv=0.0000 idt=0.7855 it/s=8.31 eta=56.5s
2026-02-20 11:09:17,763 - INFO - [Epoch 1 Step 540/1000] loss=5109.9517 style=21.6047 mom=0.5290 struct=4.3695 tv=0.0000 idt=0.7877 it/s=8.31 eta=55.3s
2026-02-20 11:09:18,945 - INFO - [Epoch 1 Step 550/1000] loss=5095.4952 style=21.5260 mom=0.5284 struct=4.3751 tv=0.0000 idt=0.7909 it/s=8.32 eta=54.1s
2026-02-20 11:09:20,127 - INFO - [Epoch 1 Step 560/1000] loss=5081.4344 style=21.4506 mom=0.5278 struct=4.3809 tv=0.0000 idt=0.7935 it/s=8.32 eta=52.9s
2026-02-20 11:09:21,308 - INFO - [Epoch 1 Step 570/1000] loss=5066.6001 style=21.3714 mom=0.5270 struct=4.3845 tv=0.0000 idt=0.7964 it/s=8.32 eta=51.7s
2026-02-20 11:09:22,487 - INFO - [Epoch 1 Step 580/1000] loss=5052.6648 style=21.2959 mom=0.5263 struct=4.3886 tv=0.0000 idt=0.7995 it/s=8.32 eta=50.5s
2026-02-20 11:09:23,671 - INFO - [Epoch 1 Step 590/1000] loss=5037.7747 style=21.2222 mom=0.5255 struct=4.3916 tv=0.0000 idt=0.7999 it/s=8.33 eta=49.2s
2026-02-20 11:09:24,857 - INFO - [Epoch 1 Step 600/1000] loss=5025.8277 style=21.1577 mom=0.5248 struct=4.3951 tv=0.0000 idt=0.8025 it/s=8.33 eta=48.0s
2026-02-20 11:09:26,044 - INFO - [Epoch 1 Step 610/1000] loss=5013.3782 style=21.0941 mom=0.5242 struct=4.3994 tv=0.0000 idt=0.8035 it/s=8.33 eta=46.8s
2026-02-20 11:09:27,225 - INFO - [Epoch 1 Step 620/1000] loss=5000.1438 style=21.0239 mom=0.5233 struct=4.4043 tv=0.0000 idt=0.8057 it/s=8.33 eta=45.6s
2026-02-20 11:09:28,409 - INFO - [Epoch 1 Step 630/1000] loss=4989.2584 style=20.9682 mom=0.5230 struct=4.4082 tv=0.0000 idt=0.8065 it/s=8.33 eta=44.4s
2026-02-20 11:09:29,587 - INFO - [Epoch 1 Step 640/1000] loss=4975.6466 style=20.8963 mom=0.5222 struct=4.4124 tv=0.0000 idt=0.8088 it/s=8.34 eta=43.2s
2026-02-20 11:09:30,763 - INFO - [Epoch 1 Step 650/1000] loss=4963.7343 style=20.8382 mom=0.5215 struct=4.4145 tv=0.0000 idt=0.8088 it/s=8.34 eta=42.0s
2026-02-20 11:09:31,973 - INFO - [Epoch 1 Step 660/1000] loss=4950.0166 style=20.7677 mom=0.5207 struct=4.4182 tv=0.0000 idt=0.8102 it/s=8.34 eta=40.8s
2026-02-20 11:09:33,155 - INFO - [Epoch 1 Step 670/1000] loss=4939.5530 style=20.7105 mom=0.5202 struct=4.4219 tv=0.0000 idt=0.8127 it/s=8.34 eta=39.6s
2026-02-20 11:09:34,350 - INFO - [Epoch 1 Step 680/1000] loss=4929.8093 style=20.6592 mom=0.5198 struct=4.4245 tv=0.0000 idt=0.8142 it/s=8.34 eta=38.4s
2026-02-20 11:09:35,521 - INFO - [Epoch 1 Step 690/1000] loss=4918.4174 style=20.6035 mom=0.5192 struct=4.4265 tv=0.0000 idt=0.8142 it/s=8.34 eta=37.2s
2026-02-20 11:09:36,711 - INFO - [Epoch 1 Step 700/1000] loss=4906.3687 style=20.5452 mom=0.5184 struct=4.4286 tv=0.0000 idt=0.8141 it/s=8.34 eta=36.0s
2026-02-20 11:09:37,892 - INFO - [Epoch 1 Step 710/1000] loss=4898.6492 style=20.5034 mom=0.5181 struct=4.4329 tv=0.0000 idt=0.8155 it/s=8.35 eta=34.7s
2026-02-20 11:09:39,073 - INFO - [Epoch 1 Step 720/1000] loss=4884.5654 style=20.4356 mom=0.5176 struct=4.4355 tv=0.0000 idt=0.8149 it/s=8.35 eta=33.5s
2026-02-20 11:09:40,256 - INFO - [Epoch 1 Step 730/1000] loss=4874.9669 style=20.3899 mom=0.5172 struct=4.4371 tv=0.0000 idt=0.8144 it/s=8.35 eta=32.3s
2026-02-20 11:09:41,437 - INFO - [Epoch 1 Step 740/1000] loss=4866.2361 style=20.3464 mom=0.5167 struct=4.4400 tv=0.0000 idt=0.8146 it/s=8.35 eta=31.1s
2026-02-20 11:09:42,620 - INFO - [Epoch 1 Step 750/1000] loss=4855.1940 style=20.2952 mom=0.5160 struct=4.4429 tv=0.0000 idt=0.8133 it/s=8.35 eta=29.9s
2026-02-20 11:09:43,822 - INFO - [Epoch 1 Step 760/1000] loss=4848.0804 style=20.2591 mom=0.5157 struct=4.4459 tv=0.0000 idt=0.8137 it/s=8.35 eta=28.7s
2026-02-20 11:09:45,016 - INFO - [Epoch 1 Step 770/1000] loss=4838.0003 style=20.2122 mom=0.5152 struct=4.4482 tv=0.0000 idt=0.8126 it/s=8.35 eta=27.5s
2026-02-20 11:09:46,194 - INFO - [Epoch 1 Step 780/1000] loss=4828.2104 style=20.1666 mom=0.5146 struct=4.4498 tv=0.0000 idt=0.8116 it/s=8.35 eta=26.3s
2026-02-20 11:09:47,379 - INFO - [Epoch 1 Step 790/1000] loss=4818.9737 style=20.1240 mom=0.5140 struct=4.4533 tv=0.0000 idt=0.8103 it/s=8.35 eta=25.1s
2026-02-20 11:09:48,559 - INFO - [Epoch 1 Step 800/1000] loss=4809.3116 style=20.0763 mom=0.5136 struct=4.4556 tv=0.0000 idt=0.8104 it/s=8.36 eta=23.9s
2026-02-20 11:09:49,752 - INFO - [Epoch 1 Step 810/1000] loss=4800.1928 style=20.0312 mom=0.5131 struct=4.4582 tv=0.0000 idt=0.8106 it/s=8.36 eta=22.7s
2026-02-20 11:09:50,946 - INFO - [Epoch 1 Step 820/1000] loss=4792.0766 style=19.9909 mom=0.5127 struct=4.4611 tv=0.0000 idt=0.8107 it/s=8.36 eta=21.5s
2026-02-20 11:09:52,134 - INFO - [Epoch 1 Step 830/1000] loss=4783.4628 style=19.9515 mom=0.5123 struct=4.4635 tv=0.0000 idt=0.8094 it/s=8.36 eta=20.3s
2026-02-20 11:09:53,331 - INFO - [Epoch 1 Step 840/1000] loss=4774.5644 style=19.9099 mom=0.5117 struct=4.4658 tv=0.0000 idt=0.8085 it/s=8.36 eta=19.1s
2026-02-20 11:09:54,512 - INFO - [Epoch 1 Step 850/1000] loss=4766.2038 style=19.8716 mom=0.5114 struct=4.4691 tv=0.0000 idt=0.8071 it/s=8.36 eta=17.9s
2026-02-20 11:09:55,695 - INFO - [Epoch 1 Step 860/1000] loss=4757.4272 style=19.8321 mom=0.5112 struct=4.4712 tv=0.0000 idt=0.8055 it/s=8.36 eta=16.7s
2026-02-20 11:09:56,902 - INFO - [Epoch 1 Step 870/1000] loss=4750.9667 style=19.8030 mom=0.5111 struct=4.4735 tv=0.0000 idt=0.8041 it/s=8.36 eta=15.6s
2026-02-20 11:09:58,085 - INFO - [Epoch 1 Step 880/1000] loss=4743.3646 style=19.7678 mom=0.5107 struct=4.4759 tv=0.0000 idt=0.8031 it/s=8.36 eta=14.4s
2026-02-20 11:09:59,266 - INFO - [Epoch 1 Step 890/1000] loss=4733.3694 style=19.7197 mom=0.5102 struct=4.4773 tv=0.0000 idt=0.8028 it/s=8.36 eta=13.2s
2026-02-20 11:10:00,448 - INFO - [Epoch 1 Step 900/1000] loss=4725.3885 style=19.6825 mom=0.5099 struct=4.4800 tv=0.0000 idt=0.8018 it/s=8.36 eta=12.0s
2026-02-20 11:10:01,629 - INFO - [Epoch 1 Step 910/1000] loss=4717.5346 style=19.6452 mom=0.5094 struct=4.4817 tv=0.0000 idt=0.8013 it/s=8.36 eta=10.8s
2026-02-20 11:10:02,812 - INFO - [Epoch 1 Step 920/1000] loss=4711.4868 style=19.6186 mom=0.5090 struct=4.4840 tv=0.0000 idt=0.7999 it/s=8.36 eta=9.6s
2026-02-20 11:10:03,992 - INFO - [Epoch 1 Step 930/1000] loss=4704.0383 style=19.5867 mom=0.5088 struct=4.4855 tv=0.0000 idt=0.7978 it/s=8.37 eta=8.4s
2026-02-20 11:10:05,170 - INFO - [Epoch 1 Step 940/1000] loss=4697.3492 style=19.5547 mom=0.5086 struct=4.4882 tv=0.0000 idt=0.7973 it/s=8.37 eta=7.2s
2026-02-20 11:10:06,355 - INFO - [Epoch 1 Step 950/1000] loss=4690.5405 style=19.5253 mom=0.5083 struct=4.4898 tv=0.0000 idt=0.7954 it/s=8.37 eta=6.0s
2026-02-20 11:10:07,537 - INFO - [Epoch 1 Step 960/1000] loss=4682.8078 style=19.4911 mom=0.5080 struct=4.4918 tv=0.0000 idt=0.7938 it/s=8.37 eta=4.8s
2026-02-20 11:10:08,718 - INFO - [Epoch 1 Step 970/1000] loss=4676.8437 style=19.4627 mom=0.5077 struct=4.4939 tv=0.0000 idt=0.7933 it/s=8.37 eta=3.6s
2026-02-20 11:10:09,903 - INFO - [Epoch 1 Step 980/1000] loss=4672.3542 style=19.4435 mom=0.5074 struct=4.4961 tv=0.0000 idt=0.7919 it/s=8.37 eta=2.4s
2026-02-20 11:10:11,085 - INFO - [Epoch 1 Step 990/1000] loss=4667.5728 style=19.4230 mom=0.5073 struct=4.4988 tv=0.0000 idt=0.7904 it/s=8.37 eta=1.2s
2026-02-20 11:10:12,267 - INFO - [Epoch 1 Step 1000/1000] loss=4659.2533 style=19.3845 mom=0.5070 struct=4.5011 tv=0.0000 idt=0.7893 it/s=8.37 eta=0.0s
2026-02-20 11:10:12,269 - INFO - Epoch 1/1 | loss=4659.2533 style_swd=19.3845 mom=0.5070 struct=4.5011 tv=0.0000 idt=0.7893 steps=1.0 h=1.00 s=1.00 lr=5.00e-04 data=1.2s comp=118.2s
2026-02-20 11:10:12,355 - INFO - Saved checkpoint: G:\GitHub\Latent_Style\Cycle-NCE\ssim-optun-nce\trial_0194\epoch_0001.pt (step=1000)
2026-02-20 11:10:12,356 - INFO - Running full eval for epoch 1 -> G:\GitHub\Latent_Style\Cycle-NCE\ssim-optun-nce\trial_0194\full_eval\epoch_0001
2026-02-20 11:10:58,726 - INFO - Full eval completed for epoch 1. Log: G:\GitHub\Latent_Style\Cycle-NCE\ssim-optun-nce\trial_0194\logs\full_eval_epoch_0001.log
2026-02-20 11:10:58,726 - INFO - Training completed.
