2026-02-20 12:41:48,464 - WARNING - w_style=217.3800 looks high for Projected SWD loss. Recommended start range is [5, 20].
2026-02-20 12:41:48,464 - INFO - Active losses: w_style, w_moment, w_identity, w_structure
2026-02-20 12:41:48,487 - INFO - Device: cuda
2026-02-20 12:41:48,487 - INFO - Seed: 42
2026-02-20 12:41:48,487 - INFO - Loading latent dataset from ..\..\sdxl-256-overfit50
2026-02-20 12:41:48,493 - INFO -   style=photo id=0 count=10
2026-02-20 12:41:48,497 - INFO -   style=Hayao id=1 count=10
2026-02-20 12:41:48,501 - INFO -   style=monet id=2 count=10
2026-02-20 12:41:48,504 - INFO -   style=cezanne id=3 count=10
2026-02-20 12:41:48,507 - INFO -   style=vangogh id=4 count=10
2026-02-20 12:41:48,555 - INFO - Dataset preloaded to cuda: 0.00GB across 5 style pools.
2026-02-20 12:41:48,557 - INFO - DataLoader | batch=50 workers=0 pin_memory=False persistent_workers=False preload_to_gpu=True
2026-02-20 12:41:48,600 - INFO - Model params: 7,153,476
2026-02-20 12:41:48,602 - INFO - Adding NCE Projector params to optimizer: 4 tensors
2026-02-20 12:41:49,248 - INFO - No checkpoint found, start from scratch.
2026-02-20 12:41:51,933 - INFO - [Epoch 1 Step 10/1000] loss=7561.7347 style=33.2252 mom=0.5977 struct=3.9509 tv=0.0000 idt=0.0488 it/s=3.73 eta=265.7s
2026-02-20 12:41:53,560 - INFO - [Epoch 1 Step 20/1000] loss=7708.4980 style=33.8420 mom=0.6029 struct=3.9656 tv=0.0000 idt=0.0670 it/s=4.64 eta=211.2s
2026-02-20 12:41:55,185 - INFO - [Epoch 1 Step 30/1000] loss=7665.9841 style=33.5989 mom=0.6031 struct=3.9694 tv=0.0000 idt=0.0839 it/s=5.05 eta=192.0s
2026-02-20 12:41:56,816 - INFO - [Epoch 1 Step 40/1000] loss=7612.5143 style=33.3132 mom=0.6019 struct=3.9632 tv=0.0000 idt=0.0992 it/s=5.29 eta=181.6s
2026-02-20 12:41:58,462 - INFO - [Epoch 1 Step 50/1000] loss=7616.2595 style=33.2808 mom=0.6038 struct=3.9619 tv=0.0000 idt=0.1166 it/s=5.43 eta=175.1s
2026-02-20 12:42:00,092 - INFO - [Epoch 1 Step 60/1000] loss=7535.1968 style=32.8520 mom=0.6037 struct=3.9694 tv=0.0000 idt=0.1363 it/s=5.53 eta=169.9s
2026-02-20 12:42:01,723 - INFO - [Epoch 1 Step 70/1000] loss=7437.9611 style=32.3494 mom=0.6016 struct=3.9734 tv=0.0000 idt=0.1567 it/s=5.61 eta=165.7s
2026-02-20 12:42:03,352 - INFO - [Epoch 1 Step 80/1000] loss=7410.0289 style=32.1413 mom=0.6027 struct=3.9798 tv=0.0000 idt=0.1847 it/s=5.67 eta=162.2s
2026-02-20 12:42:04,981 - INFO - [Epoch 1 Step 90/1000] loss=7325.1865 style=31.6675 mom=0.6023 struct=3.9850 tv=0.0000 idt=0.2147 it/s=5.72 eta=159.1s
2026-02-20 12:42:06,610 - INFO - [Epoch 1 Step 100/1000] loss=7246.9246 style=31.2229 mom=0.6028 struct=3.9925 tv=0.0000 idt=0.2445 it/s=5.76 eta=156.2s
2026-02-20 12:42:08,239 - INFO - [Epoch 1 Step 110/1000] loss=7172.6021 style=30.8359 mom=0.6015 struct=4.0004 tv=0.0000 idt=0.2607 it/s=5.79 eta=153.6s
2026-02-20 12:42:09,869 - INFO - [Epoch 1 Step 120/1000] loss=7086.8452 style=30.3880 mom=0.6009 struct=4.0065 tv=0.0000 idt=0.2797 it/s=5.82 eta=151.2s
2026-02-20 12:42:11,502 - INFO - [Epoch 1 Step 130/1000] loss=7017.2250 style=30.0168 mom=0.5987 struct=4.0147 tv=0.0000 idt=0.2982 it/s=5.84 eta=148.9s
2026-02-20 12:42:13,136 - INFO - [Epoch 1 Step 140/1000] loss=6930.4878 style=29.5787 mom=0.5974 struct=4.0200 tv=0.0000 idt=0.3124 it/s=5.86 eta=146.7s
2026-02-20 12:42:14,766 - INFO - [Epoch 1 Step 150/1000] loss=6871.9273 style=29.2510 mom=0.5968 struct=4.0267 tv=0.0000 idt=0.3331 it/s=5.88 eta=144.6s
2026-02-20 12:42:16,413 - INFO - [Epoch 1 Step 160/1000] loss=6804.4628 style=28.8978 mom=0.5951 struct=4.0344 tv=0.0000 idt=0.3486 it/s=5.89 eta=142.6s
2026-02-20 12:42:18,041 - INFO - [Epoch 1 Step 170/1000] loss=6734.2208 style=28.5104 mom=0.5931 struct=4.0438 tv=0.0000 idt=0.3717 it/s=5.90 eta=140.6s
2026-02-20 12:42:19,676 - INFO - [Epoch 1 Step 180/1000] loss=6663.4918 style=28.1417 mom=0.5914 struct=4.0531 tv=0.0000 idt=0.3872 it/s=5.92 eta=138.6s
2026-02-20 12:42:21,308 - INFO - [Epoch 1 Step 190/1000] loss=6605.5526 style=27.8258 mom=0.5888 struct=4.0638 tv=0.0000 idt=0.4051 it/s=5.93 eta=136.7s
2026-02-20 12:42:22,939 - INFO - [Epoch 1 Step 200/1000] loss=6548.0408 style=27.5194 mom=0.5866 struct=4.0750 tv=0.0000 idt=0.4200 it/s=5.94 eta=134.8s
2026-02-20 12:42:24,568 - INFO - [Epoch 1 Step 210/1000] loss=6481.8736 style=27.1762 mom=0.5844 struct=4.0826 tv=0.0000 idt=0.4342 it/s=5.95 eta=132.9s
2026-02-20 12:42:26,197 - INFO - [Epoch 1 Step 220/1000] loss=6417.9213 style=26.8534 mom=0.5814 struct=4.0908 tv=0.0000 idt=0.4449 it/s=5.95 eta=131.0s
2026-02-20 12:42:27,824 - INFO - [Epoch 1 Step 230/1000] loss=6365.9908 style=26.5761 mom=0.5788 struct=4.1014 tv=0.0000 idt=0.4588 it/s=5.96 eta=129.1s
2026-02-20 12:42:29,455 - INFO - [Epoch 1 Step 240/1000] loss=6320.0003 style=26.3256 mom=0.5764 struct=4.1129 tv=0.0000 idt=0.4727 it/s=5.97 eta=127.3s
2026-02-20 12:42:31,089 - INFO - [Epoch 1 Step 250/1000] loss=6277.7338 style=26.0833 mom=0.5743 struct=4.1224 tv=0.0000 idt=0.4899 it/s=5.98 eta=125.5s
2026-02-20 12:42:32,719 - INFO - [Epoch 1 Step 260/1000] loss=6241.5981 style=25.8922 mom=0.5723 struct=4.1316 tv=0.0000 idt=0.4989 it/s=5.98 eta=123.7s
2026-02-20 12:42:34,350 - INFO - [Epoch 1 Step 270/1000] loss=6200.3549 style=25.6665 mom=0.5703 struct=4.1404 tv=0.0000 idt=0.5118 it/s=5.99 eta=121.9s
2026-02-20 12:42:35,980 - INFO - [Epoch 1 Step 280/1000] loss=6160.8384 style=25.4554 mom=0.5685 struct=4.1507 tv=0.0000 idt=0.5222 it/s=5.99 eta=120.2s
2026-02-20 12:42:37,610 - INFO - [Epoch 1 Step 290/1000] loss=6123.2694 style=25.2565 mom=0.5673 struct=4.1585 tv=0.0000 idt=0.5314 it/s=6.00 eta=118.4s
2026-02-20 12:42:39,242 - INFO - [Epoch 1 Step 300/1000] loss=6088.0138 style=25.0639 mom=0.5657 struct=4.1653 tv=0.0000 idt=0.5424 it/s=6.00 eta=116.6s
2026-02-20 12:42:40,878 - INFO - [Epoch 1 Step 310/1000] loss=6063.2047 style=24.9247 mom=0.5645 struct=4.1734 tv=0.0000 idt=0.5512 it/s=6.00 eta=114.9s
2026-02-20 12:42:42,514 - INFO - [Epoch 1 Step 320/1000] loss=6027.1430 style=24.7286 mom=0.5628 struct=4.1840 tv=0.0000 idt=0.5618 it/s=6.01 eta=113.2s
2026-02-20 12:42:44,148 - INFO - [Epoch 1 Step 330/1000] loss=5993.6978 style=24.5584 mom=0.5612 struct=4.1916 tv=0.0000 idt=0.5676 it/s=6.01 eta=111.5s
2026-02-20 12:42:45,781 - INFO - [Epoch 1 Step 340/1000] loss=5964.9647 style=24.4072 mom=0.5603 struct=4.1988 tv=0.0000 idt=0.5742 it/s=6.01 eta=109.7s
2026-02-20 12:42:47,411 - INFO - [Epoch 1 Step 350/1000] loss=5938.8356 style=24.2641 mom=0.5595 struct=4.2071 tv=0.0000 idt=0.5821 it/s=6.02 eta=108.0s
2026-02-20 12:42:49,043 - INFO - [Epoch 1 Step 360/1000] loss=5906.0702 style=24.0951 mom=0.5582 struct=4.2148 tv=0.0000 idt=0.5885 it/s=6.02 eta=106.3s
2026-02-20 12:42:50,674 - INFO - [Epoch 1 Step 370/1000] loss=5878.0111 style=23.9549 mom=0.5568 struct=4.2215 tv=0.0000 idt=0.5924 it/s=6.02 eta=104.6s
2026-02-20 12:42:52,305 - INFO - [Epoch 1 Step 380/1000] loss=5849.7837 style=23.8141 mom=0.5555 struct=4.2297 tv=0.0000 idt=0.5962 it/s=6.03 eta=102.9s
2026-02-20 12:42:53,936 - INFO - [Epoch 1 Step 390/1000] loss=5825.8214 style=23.6852 mom=0.5544 struct=4.2368 tv=0.0000 idt=0.6027 it/s=6.03 eta=101.2s
2026-02-20 12:42:55,564 - INFO - [Epoch 1 Step 400/1000] loss=5804.1758 style=23.5740 mom=0.5533 struct=4.2424 tv=0.0000 idt=0.6068 it/s=6.03 eta=99.5s
2026-02-20 12:42:57,197 - INFO - [Epoch 1 Step 410/1000] loss=5782.3435 style=23.4636 mom=0.5522 struct=4.2492 tv=0.0000 idt=0.6102 it/s=6.03 eta=97.8s
2026-02-20 12:42:58,830 - INFO - [Epoch 1 Step 420/1000] loss=5764.3966 style=23.3613 mom=0.5512 struct=4.2565 tv=0.0000 idt=0.6171 it/s=6.04 eta=96.1s
2026-02-20 12:43:00,488 - INFO - [Epoch 1 Step 430/1000] loss=5750.3056 style=23.2931 mom=0.5504 struct=4.2610 tv=0.0000 idt=0.6182 it/s=6.04 eta=94.4s
2026-02-20 12:43:02,119 - INFO - [Epoch 1 Step 440/1000] loss=5737.0070 style=23.2106 mom=0.5496 struct=4.2679 tv=0.0000 idt=0.6256 it/s=6.04 eta=92.7s
2026-02-20 12:43:03,752 - INFO - [Epoch 1 Step 450/1000] loss=5717.9714 style=23.1084 mom=0.5485 struct=4.2732 tv=0.0000 idt=0.6309 it/s=6.04 eta=91.1s
2026-02-20 12:43:05,382 - INFO - [Epoch 1 Step 460/1000] loss=5695.7764 style=23.0073 mom=0.5478 struct=4.2775 tv=0.0000 idt=0.6304 it/s=6.04 eta=89.4s
2026-02-20 12:43:07,024 - INFO - [Epoch 1 Step 470/1000] loss=5676.7373 style=22.9138 mom=0.5467 struct=4.2829 tv=0.0000 idt=0.6324 it/s=6.04 eta=87.7s
2026-02-20 12:43:08,651 - INFO - [Epoch 1 Step 480/1000] loss=5657.9180 style=22.8175 mom=0.5459 struct=4.2883 tv=0.0000 idt=0.6358 it/s=6.05 eta=86.0s
2026-02-20 12:43:10,294 - INFO - [Epoch 1 Step 490/1000] loss=5638.5913 style=22.7181 mom=0.5450 struct=4.2940 tv=0.0000 idt=0.6394 it/s=6.05 eta=84.4s
2026-02-20 12:43:11,923 - INFO - [Epoch 1 Step 500/1000] loss=5618.9271 style=22.6199 mom=0.5438 struct=4.2999 tv=0.0000 idt=0.6421 it/s=6.05 eta=82.7s
2026-02-20 12:43:13,551 - INFO - [Epoch 1 Step 510/1000] loss=5598.7683 style=22.5222 mom=0.5426 struct=4.3042 tv=0.0000 idt=0.6439 it/s=6.05 eta=81.0s
2026-02-20 12:43:15,183 - INFO - [Epoch 1 Step 520/1000] loss=5587.3652 style=22.4648 mom=0.5422 struct=4.3084 tv=0.0000 idt=0.6455 it/s=6.05 eta=79.3s
2026-02-20 12:43:16,812 - INFO - [Epoch 1 Step 530/1000] loss=5574.0851 style=22.3983 mom=0.5416 struct=4.3120 tv=0.0000 idt=0.6474 it/s=6.05 eta=77.7s
2026-02-20 12:43:18,445 - INFO - [Epoch 1 Step 540/1000] loss=5556.8910 style=22.3170 mom=0.5411 struct=4.3177 tv=0.0000 idt=0.6479 it/s=6.05 eta=76.0s
2026-02-20 12:43:20,095 - INFO - [Epoch 1 Step 550/1000] loss=5540.4922 style=22.2396 mom=0.5405 struct=4.3235 tv=0.0000 idt=0.6483 it/s=6.05 eta=74.3s
2026-02-20 12:43:21,732 - INFO - [Epoch 1 Step 560/1000] loss=5524.1943 style=22.1644 mom=0.5398 struct=4.3298 tv=0.0000 idt=0.6481 it/s=6.06 eta=72.7s
2026-02-20 12:43:23,366 - INFO - [Epoch 1 Step 570/1000] loss=5507.4689 style=22.0864 mom=0.5391 struct=4.3337 tv=0.0000 idt=0.6484 it/s=6.06 eta=71.0s
2026-02-20 12:43:25,001 - INFO - [Epoch 1 Step 580/1000] loss=5491.7654 style=22.0121 mom=0.5383 struct=4.3380 tv=0.0000 idt=0.6491 it/s=6.06 eta=69.3s
2026-02-20 12:43:26,632 - INFO - [Epoch 1 Step 590/1000] loss=5474.9169 style=21.9380 mom=0.5376 struct=4.3411 tv=0.0000 idt=0.6478 it/s=6.06 eta=67.7s
2026-02-20 12:43:28,263 - INFO - [Epoch 1 Step 600/1000] loss=5460.9692 style=21.8720 mom=0.5368 struct=4.3454 tv=0.0000 idt=0.6483 it/s=6.06 eta=66.0s
2026-02-20 12:43:29,894 - INFO - [Epoch 1 Step 610/1000] loss=5446.4601 style=21.8066 mom=0.5363 struct=4.3503 tv=0.0000 idt=0.6476 it/s=6.06 eta=64.3s
2026-02-20 12:43:31,534 - INFO - [Epoch 1 Step 620/1000] loss=5431.9126 style=21.7412 mom=0.5355 struct=4.3551 tv=0.0000 idt=0.6469 it/s=6.06 eta=62.7s
2026-02-20 12:43:33,161 - INFO - [Epoch 1 Step 630/1000] loss=5419.8233 style=21.6904 mom=0.5351 struct=4.3588 tv=0.0000 idt=0.6450 it/s=6.06 eta=61.0s
2026-02-20 12:43:34,797 - INFO - [Epoch 1 Step 640/1000] loss=5404.3805 style=21.6199 mom=0.5344 struct=4.3627 tv=0.0000 idt=0.6447 it/s=6.06 eta=59.4s
2026-02-20 12:43:36,429 - INFO - [Epoch 1 Step 650/1000] loss=5389.4306 style=21.5545 mom=0.5337 struct=4.3658 tv=0.0000 idt=0.6435 it/s=6.06 eta=57.7s
2026-02-20 12:43:38,081 - INFO - [Epoch 1 Step 660/1000] loss=5373.6975 style=21.4840 mom=0.5328 struct=4.3693 tv=0.0000 idt=0.6428 it/s=6.06 eta=56.1s
2026-02-20 12:43:39,712 - INFO - [Epoch 1 Step 670/1000] loss=5361.8813 style=21.4273 mom=0.5324 struct=4.3742 tv=0.0000 idt=0.6434 it/s=6.07 eta=54.4s
2026-02-20 12:43:41,341 - INFO - [Epoch 1 Step 680/1000] loss=5351.5927 style=21.3812 mom=0.5321 struct=4.3768 tv=0.0000 idt=0.6428 it/s=6.07 eta=52.7s
2026-02-20 12:43:42,973 - INFO - [Epoch 1 Step 690/1000] loss=5338.3291 style=21.3224 mom=0.5314 struct=4.3800 tv=0.0000 idt=0.6420 it/s=6.07 eta=51.1s
2026-02-20 12:43:44,600 - INFO - [Epoch 1 Step 700/1000] loss=5324.1517 style=21.2611 mom=0.5306 struct=4.3824 tv=0.0000 idt=0.6406 it/s=6.07 eta=49.4s
2026-02-20 12:43:46,231 - INFO - [Epoch 1 Step 710/1000] loss=5314.5507 style=21.2162 mom=0.5303 struct=4.3869 tv=0.0000 idt=0.6406 it/s=6.07 eta=47.8s
2026-02-20 12:43:47,862 - INFO - [Epoch 1 Step 720/1000] loss=5298.2457 style=21.1464 mom=0.5298 struct=4.3897 tv=0.0000 idt=0.6387 it/s=6.07 eta=46.1s
2026-02-20 12:43:49,512 - INFO - [Epoch 1 Step 730/1000] loss=5286.4407 style=21.0967 mom=0.5292 struct=4.3919 tv=0.0000 idt=0.6370 it/s=6.07 eta=44.5s
2026-02-20 12:43:51,142 - INFO - [Epoch 1 Step 740/1000] loss=5276.8943 style=21.0535 mom=0.5287 struct=4.3951 tv=0.0000 idt=0.6367 it/s=6.07 eta=42.8s
2026-02-20 12:43:52,772 - INFO - [Epoch 1 Step 750/1000] loss=5264.0508 style=21.0008 mom=0.5279 struct=4.3987 tv=0.0000 idt=0.6343 it/s=6.07 eta=41.2s
2026-02-20 12:43:54,403 - INFO - [Epoch 1 Step 760/1000] loss=5255.3264 style=20.9625 mom=0.5276 struct=4.4021 tv=0.0000 idt=0.6334 it/s=6.07 eta=39.5s
2026-02-20 12:43:56,031 - INFO - [Epoch 1 Step 770/1000] loss=5243.6275 style=20.9131 mom=0.5270 struct=4.4043 tv=0.0000 idt=0.6319 it/s=6.07 eta=37.9s
2026-02-20 12:43:57,663 - INFO - [Epoch 1 Step 780/1000] loss=5232.0034 style=20.8629 mom=0.5264 struct=4.4073 tv=0.0000 idt=0.6307 it/s=6.07 eta=36.2s
2026-02-20 12:43:59,291 - INFO - [Epoch 1 Step 790/1000] loss=5220.6978 style=20.8176 mom=0.5258 struct=4.4108 tv=0.0000 idt=0.6281 it/s=6.07 eta=34.6s
2026-02-20 12:44:00,927 - INFO - [Epoch 1 Step 800/1000] loss=5210.0567 style=20.7700 mom=0.5253 struct=4.4139 tv=0.0000 idt=0.6276 it/s=6.08 eta=32.9s
2026-02-20 12:44:02,558 - INFO - [Epoch 1 Step 810/1000] loss=5199.9669 style=20.7263 mom=0.5247 struct=4.4167 tv=0.0000 idt=0.6265 it/s=6.08 eta=31.3s
2026-02-20 12:44:04,191 - INFO - [Epoch 1 Step 820/1000] loss=5190.4473 style=20.6847 mom=0.5243 struct=4.4193 tv=0.0000 idt=0.6256 it/s=6.08 eta=29.6s
2026-02-20 12:44:05,825 - INFO - [Epoch 1 Step 830/1000] loss=5180.3803 style=20.6430 mom=0.5238 struct=4.4225 tv=0.0000 idt=0.6239 it/s=6.08 eta=28.0s
2026-02-20 12:44:07,476 - INFO - [Epoch 1 Step 840/1000] loss=5169.4160 style=20.5985 mom=0.5233 struct=4.4251 tv=0.0000 idt=0.6217 it/s=6.08 eta=26.3s
2026-02-20 12:44:09,115 - INFO - [Epoch 1 Step 850/1000] loss=5159.2836 style=20.5584 mom=0.5229 struct=4.4286 tv=0.0000 idt=0.6191 it/s=6.08 eta=24.7s
2026-02-20 12:44:10,749 - INFO - [Epoch 1 Step 860/1000] loss=5148.7617 style=20.5168 mom=0.5225 struct=4.4315 tv=0.0000 idt=0.6165 it/s=6.08 eta=23.0s
2026-02-20 12:44:12,377 - INFO - [Epoch 1 Step 870/1000] loss=5140.7014 style=20.4858 mom=0.5224 struct=4.4342 tv=0.0000 idt=0.6142 it/s=6.08 eta=21.4s
2026-02-20 12:44:14,010 - INFO - [Epoch 1 Step 880/1000] loss=5131.8861 style=20.4505 mom=0.5220 struct=4.4376 tv=0.0000 idt=0.6121 it/s=6.08 eta=19.7s
2026-02-20 12:44:15,648 - INFO - [Epoch 1 Step 890/1000] loss=5120.4829 style=20.4027 mom=0.5214 struct=4.4395 tv=0.0000 idt=0.6105 it/s=6.08 eta=18.1s
2026-02-20 12:44:17,282 - INFO - [Epoch 1 Step 900/1000] loss=5110.7273 style=20.3617 mom=0.5210 struct=4.4426 tv=0.0000 idt=0.6090 it/s=6.08 eta=16.4s
2026-02-20 12:44:18,909 - INFO - [Epoch 1 Step 910/1000] loss=5101.4237 style=20.3240 mom=0.5205 struct=4.4443 tv=0.0000 idt=0.6071 it/s=6.08 eta=14.8s
2026-02-20 12:44:20,559 - INFO - [Epoch 1 Step 920/1000] loss=5094.2302 style=20.2971 mom=0.5201 struct=4.4468 tv=0.0000 idt=0.6048 it/s=6.08 eta=13.2s
2026-02-20 12:44:22,191 - INFO - [Epoch 1 Step 930/1000] loss=5085.1322 style=20.2624 mom=0.5198 struct=4.4491 tv=0.0000 idt=0.6021 it/s=6.08 eta=11.5s
2026-02-20 12:44:23,824 - INFO - [Epoch 1 Step 940/1000] loss=5077.1411 style=20.2302 mom=0.5195 struct=4.4522 tv=0.0000 idt=0.6003 it/s=6.08 eta=9.9s
2026-02-20 12:44:25,452 - INFO - [Epoch 1 Step 950/1000] loss=5068.8253 style=20.1983 mom=0.5191 struct=4.4543 tv=0.0000 idt=0.5979 it/s=6.08 eta=8.2s
2026-02-20 12:44:27,085 - INFO - [Epoch 1 Step 960/1000] loss=5060.2469 style=20.1664 mom=0.5188 struct=4.4566 tv=0.0000 idt=0.5951 it/s=6.08 eta=6.6s
2026-02-20 12:44:28,717 - INFO - [Epoch 1 Step 970/1000] loss=5053.1886 style=20.1375 mom=0.5185 struct=4.4593 tv=0.0000 idt=0.5937 it/s=6.08 eta=4.9s
2026-02-20 12:44:30,345 - INFO - [Epoch 1 Step 980/1000] loss=5047.8247 style=20.1167 mom=0.5182 struct=4.4623 tv=0.0000 idt=0.5922 it/s=6.08 eta=3.3s
2026-02-20 12:44:31,979 - INFO - [Epoch 1 Step 990/1000] loss=5041.8519 style=20.0953 mom=0.5180 struct=4.4651 tv=0.0000 idt=0.5898 it/s=6.08 eta=1.6s
2026-02-20 12:44:33,614 - INFO - [Epoch 1 Step 1000/1000] loss=5032.5923 style=20.0575 mom=0.5176 struct=4.4680 tv=0.0000 idt=0.5879 it/s=6.08 eta=0.0s
2026-02-20 12:44:33,617 - INFO - Epoch 1/1 | loss=5032.5923 style_swd=20.0575 mom=0.5176 struct=4.4680 tv=0.0000 idt=0.5879 steps=1.0 h=1.00 s=1.00 lr=5.00e-04 data=1.2s comp=163.2s
2026-02-20 12:44:33,724 - INFO - Saved checkpoint: G:\GitHub\Latent_Style\Cycle-NCE\ssim-optun-nce\trial_0220\epoch_0001.pt (step=1000)
2026-02-20 12:44:33,725 - INFO - Running full eval for epoch 1 -> G:\GitHub\Latent_Style\Cycle-NCE\ssim-optun-nce\trial_0220\full_eval\epoch_0001
2026-02-20 12:45:26,572 - INFO - Full eval completed for epoch 1. Log: G:\GitHub\Latent_Style\Cycle-NCE\ssim-optun-nce\trial_0220\logs\full_eval_epoch_0001.log
2026-02-20 12:45:26,572 - INFO - Training completed.
