2026-02-20 10:34:57,256 - INFO - Active losses: w_style, w_moment, w_identity, w_structure
2026-02-20 10:34:57,281 - INFO - Device: cuda
2026-02-20 10:34:57,281 - INFO - Seed: 42
2026-02-20 10:34:57,281 - INFO - Loading latent dataset from ..\..\sdxl-256-overfit50
2026-02-20 10:34:57,287 - INFO -   style=photo id=0 count=10
2026-02-20 10:34:57,291 - INFO -   style=Hayao id=1 count=10
2026-02-20 10:34:57,295 - INFO -   style=monet id=2 count=10
2026-02-20 10:34:57,298 - INFO -   style=cezanne id=3 count=10
2026-02-20 10:34:57,302 - INFO -   style=vangogh id=4 count=10
2026-02-20 10:34:57,415 - INFO - Dataset preloaded to cuda: 0.00GB across 5 style pools.
2026-02-20 10:34:57,424 - INFO - DataLoader | batch=50 workers=0 pin_memory=False persistent_workers=False preload_to_gpu=True
2026-02-20 10:34:57,503 - INFO - Model params: 7,153,476
2026-02-20 10:34:57,530 - INFO - Adding NCE Projector params to optimizer: 4 tensors
2026-02-20 10:35:00,225 - INFO - No checkpoint found, start from scratch.
2026-02-20 10:35:04,345 - INFO - [Epoch 1 Step 10/1000] loss=50.0761 style=0.0000 mom=0.5973 struct=3.8325 tv=0.0000 idt=0.0048 it/s=2.43 eta=407.7s
2026-02-20 10:35:05,553 - INFO - [Epoch 1 Step 20/1000] loss=50.2164 style=0.0000 mom=0.6018 struct=3.8450 tv=0.0000 idt=0.0039 it/s=3.75 eta=261.0s
2026-02-20 10:35:06,752 - INFO - [Epoch 1 Step 30/1000] loss=50.1253 style=0.0000 mom=0.6011 struct=3.8433 tv=0.0000 idt=0.0031 it/s=4.60 eta=211.0s
2026-02-20 10:35:07,955 - INFO - [Epoch 1 Step 40/1000] loss=49.9361 style=0.0000 mom=0.5992 struct=3.8321 tv=0.0000 idt=0.0025 it/s=5.18 eta=185.5s
2026-02-20 10:35:09,155 - INFO - [Epoch 1 Step 50/1000] loss=49.8441 style=0.0000 mom=0.5999 struct=3.8243 tv=0.0000 idt=0.0022 it/s=5.60 eta=169.6s
2026-02-20 10:35:10,353 - INFO - [Epoch 1 Step 60/1000] loss=49.8233 style=0.0000 mom=0.5993 struct=3.8258 tv=0.0000 idt=0.0019 it/s=5.93 eta=158.6s
2026-02-20 10:35:11,549 - INFO - [Epoch 1 Step 70/1000] loss=49.7565 style=0.0000 mom=0.5973 struct=3.8247 tv=0.0000 idt=0.0016 it/s=6.18 eta=150.4s
2026-02-20 10:35:12,749 - INFO - [Epoch 1 Step 80/1000] loss=49.7843 style=0.0000 mom=0.5988 struct=3.8258 tv=0.0000 idt=0.0014 it/s=6.39 eta=144.0s
2026-02-20 10:35:13,958 - INFO - [Epoch 1 Step 90/1000] loss=49.7584 style=0.0000 mom=0.5989 struct=3.8243 tv=0.0000 idt=0.0013 it/s=6.55 eta=138.8s
2026-02-20 10:35:15,162 - INFO - [Epoch 1 Step 100/1000] loss=49.7743 style=0.0000 mom=0.5999 struct=3.8248 tv=0.0000 idt=0.0012 it/s=6.70 eta=134.4s
2026-02-20 10:35:16,366 - INFO - [Epoch 1 Step 110/1000] loss=49.7488 style=0.0000 mom=0.5990 struct=3.8247 tv=0.0000 idt=0.0011 it/s=6.82 eta=130.6s
2026-02-20 10:35:17,567 - INFO - [Epoch 1 Step 120/1000] loss=49.7289 style=0.0000 mom=0.5988 struct=3.8237 tv=0.0000 idt=0.0010 it/s=6.92 eta=127.2s
2026-02-20 10:35:18,762 - INFO - [Epoch 1 Step 130/1000] loss=49.7082 style=0.0000 mom=0.5977 struct=3.8244 tv=0.0000 idt=0.0009 it/s=7.01 eta=124.1s
2026-02-20 10:35:19,960 - INFO - [Epoch 1 Step 140/1000] loss=49.6871 style=0.0000 mom=0.5974 struct=3.8233 tv=0.0000 idt=0.0009 it/s=7.09 eta=121.2s
2026-02-20 10:35:21,158 - INFO - [Epoch 1 Step 150/1000] loss=49.6879 style=0.0000 mom=0.5980 struct=3.8227 tv=0.0000 idt=0.0008 it/s=7.17 eta=118.6s
2026-02-20 10:35:22,355 - INFO - [Epoch 1 Step 160/1000] loss=49.6958 style=0.0000 mom=0.5982 struct=3.8235 tv=0.0000 idt=0.0008 it/s=7.23 eta=116.2s
2026-02-20 10:35:23,555 - INFO - [Epoch 1 Step 170/1000] loss=49.6992 style=0.0000 mom=0.5984 struct=3.8238 tv=0.0000 idt=0.0007 it/s=7.29 eta=113.9s
2026-02-20 10:35:24,755 - INFO - [Epoch 1 Step 180/1000] loss=49.7056 style=0.0000 mom=0.5989 struct=3.8237 tv=0.0000 idt=0.0007 it/s=7.34 eta=111.7s
2026-02-20 10:35:25,959 - INFO - [Epoch 1 Step 190/1000] loss=49.7088 style=0.0000 mom=0.5987 struct=3.8247 tv=0.0000 idt=0.0006 it/s=7.38 eta=109.7s
2026-02-20 10:35:27,158 - INFO - [Epoch 1 Step 200/1000] loss=49.7011 style=0.0000 mom=0.5985 struct=3.8246 tv=0.0000 idt=0.0006 it/s=7.43 eta=107.7s
2026-02-20 10:35:28,358 - INFO - [Epoch 1 Step 210/1000] loss=49.6885 style=0.0000 mom=0.5981 struct=3.8242 tv=0.0000 idt=0.0006 it/s=7.46 eta=105.8s
2026-02-20 10:35:29,559 - INFO - [Epoch 1 Step 220/1000] loss=49.6533 style=0.0000 mom=0.5971 struct=3.8228 tv=0.0000 idt=0.0006 it/s=7.50 eta=104.0s
2026-02-20 10:35:30,759 - INFO - [Epoch 1 Step 230/1000] loss=49.6527 style=0.0000 mom=0.5970 struct=3.8230 tv=0.0000 idt=0.0005 it/s=7.53 eta=102.2s
2026-02-20 10:35:31,960 - INFO - [Epoch 1 Step 240/1000] loss=49.6433 style=0.0000 mom=0.5971 struct=3.8221 tv=0.0000 idt=0.0005 it/s=7.56 eta=100.5s
2026-02-20 10:35:33,164 - INFO - [Epoch 1 Step 250/1000] loss=49.6265 style=0.0000 mom=0.5967 struct=3.8214 tv=0.0000 idt=0.0005 it/s=7.59 eta=98.8s
2026-02-20 10:35:34,375 - INFO - [Epoch 1 Step 260/1000] loss=49.6345 style=0.0000 mom=0.5971 struct=3.8215 tv=0.0000 idt=0.0005 it/s=7.61 eta=97.2s
2026-02-20 10:35:35,587 - INFO - [Epoch 1 Step 270/1000] loss=49.6208 style=0.0000 mom=0.5971 struct=3.8203 tv=0.0000 idt=0.0005 it/s=7.64 eta=95.6s
2026-02-20 10:35:36,791 - INFO - [Epoch 1 Step 280/1000] loss=49.6090 style=0.0000 mom=0.5965 struct=3.8204 tv=0.0000 idt=0.0004 it/s=7.66 eta=94.0s
2026-02-20 10:35:38,000 - INFO - [Epoch 1 Step 290/1000] loss=49.6112 style=0.0000 mom=0.5966 struct=3.8205 tv=0.0000 idt=0.0004 it/s=7.68 eta=92.5s
2026-02-20 10:35:39,199 - INFO - [Epoch 1 Step 300/1000] loss=49.6101 style=0.0000 mom=0.5968 struct=3.8201 tv=0.0000 idt=0.0004 it/s=7.70 eta=90.9s
2026-02-20 10:35:40,407 - INFO - [Epoch 1 Step 310/1000] loss=49.6133 style=0.0000 mom=0.5970 struct=3.8202 tv=0.0000 idt=0.0004 it/s=7.72 eta=89.4s
2026-02-20 10:35:41,617 - INFO - [Epoch 1 Step 320/1000] loss=49.6159 style=0.0000 mom=0.5970 struct=3.8206 tv=0.0000 idt=0.0004 it/s=7.73 eta=88.0s
2026-02-20 10:35:42,823 - INFO - [Epoch 1 Step 330/1000] loss=49.6134 style=0.0000 mom=0.5969 struct=3.8205 tv=0.0000 idt=0.0004 it/s=7.75 eta=86.5s
2026-02-20 10:35:44,050 - INFO - [Epoch 1 Step 340/1000] loss=49.6165 style=0.0000 mom=0.5971 struct=3.8205 tv=0.0000 idt=0.0004 it/s=7.76 eta=85.1s
2026-02-20 10:35:45,250 - INFO - [Epoch 1 Step 350/1000] loss=49.6310 style=0.0000 mom=0.5977 struct=3.8209 tv=0.0000 idt=0.0004 it/s=7.77 eta=83.6s
2026-02-20 10:35:46,447 - INFO - [Epoch 1 Step 360/1000] loss=49.6333 style=0.0000 mom=0.5978 struct=3.8210 tv=0.0000 idt=0.0003 it/s=7.79 eta=82.2s
2026-02-20 10:35:47,637 - INFO - [Epoch 1 Step 370/1000] loss=49.6219 style=0.0000 mom=0.5971 struct=3.8213 tv=0.0000 idt=0.0003 it/s=7.80 eta=80.7s
2026-02-20 10:35:48,838 - INFO - [Epoch 1 Step 380/1000] loss=49.6229 style=0.0000 mom=0.5971 struct=3.8215 tv=0.0000 idt=0.0003 it/s=7.82 eta=79.3s
2026-02-20 10:35:50,034 - INFO - [Epoch 1 Step 390/1000] loss=49.6137 style=0.0000 mom=0.5969 struct=3.8210 tv=0.0000 idt=0.0003 it/s=7.83 eta=77.9s
2026-02-20 10:35:51,242 - INFO - [Epoch 1 Step 400/1000] loss=49.6209 style=0.0000 mom=0.5970 struct=3.8216 tv=0.0000 idt=0.0003 it/s=7.84 eta=76.5s
2026-02-20 10:35:52,441 - INFO - [Epoch 1 Step 410/1000] loss=49.6274 style=0.0000 mom=0.5972 struct=3.8220 tv=0.0000 idt=0.0003 it/s=7.85 eta=75.1s
2026-02-20 10:35:53,640 - INFO - [Epoch 1 Step 420/1000] loss=49.6298 style=0.0000 mom=0.5972 struct=3.8222 tv=0.0000 idt=0.0003 it/s=7.86 eta=73.8s
2026-02-20 10:35:54,842 - INFO - [Epoch 1 Step 430/1000] loss=49.6307 style=0.0000 mom=0.5973 struct=3.8221 tv=0.0000 idt=0.0003 it/s=7.87 eta=72.4s
2026-02-20 10:35:56,045 - INFO - [Epoch 1 Step 440/1000] loss=49.6350 style=0.0000 mom=0.5977 struct=3.8219 tv=0.0000 idt=0.0003 it/s=7.88 eta=71.0s
2026-02-20 10:35:57,245 - INFO - [Epoch 1 Step 450/1000] loss=49.6241 style=0.0000 mom=0.5974 struct=3.8214 tv=0.0000 idt=0.0003 it/s=7.89 eta=69.7s
2026-02-20 10:35:58,445 - INFO - [Epoch 1 Step 460/1000] loss=49.6241 style=0.0000 mom=0.5975 struct=3.8212 tv=0.0000 idt=0.0003 it/s=7.90 eta=68.3s
2026-02-20 10:35:59,650 - INFO - [Epoch 1 Step 470/1000] loss=49.6221 style=0.0000 mom=0.5973 struct=3.8214 tv=0.0000 idt=0.0003 it/s=7.91 eta=67.0s
2026-02-20 10:36:00,854 - INFO - [Epoch 1 Step 480/1000] loss=49.6244 style=0.0000 mom=0.5974 struct=3.8216 tv=0.0000 idt=0.0003 it/s=7.92 eta=65.7s
2026-02-20 10:36:02,058 - INFO - [Epoch 1 Step 490/1000] loss=49.6237 style=0.0000 mom=0.5973 struct=3.8216 tv=0.0000 idt=0.0003 it/s=7.92 eta=64.4s
2026-02-20 10:36:03,260 - INFO - [Epoch 1 Step 500/1000] loss=49.6181 style=0.0000 mom=0.5971 struct=3.8215 tv=0.0000 idt=0.0003 it/s=7.93 eta=63.0s
2026-02-20 10:36:04,479 - INFO - [Epoch 1 Step 510/1000] loss=49.6113 style=0.0000 mom=0.5968 struct=3.8214 tv=0.0000 idt=0.0002 it/s=7.94 eta=61.7s
2026-02-20 10:36:05,692 - INFO - [Epoch 1 Step 520/1000] loss=49.6141 style=0.0000 mom=0.5972 struct=3.8211 tv=0.0000 idt=0.0002 it/s=7.94 eta=60.4s
2026-02-20 10:36:06,893 - INFO - [Epoch 1 Step 530/1000] loss=49.6132 style=0.0000 mom=0.5972 struct=3.8210 tv=0.0000 idt=0.0002 it/s=7.95 eta=59.1s
2026-02-20 10:36:08,089 - INFO - [Epoch 1 Step 540/1000] loss=49.6239 style=0.0000 mom=0.5976 struct=3.8214 tv=0.0000 idt=0.0002 it/s=7.96 eta=57.8s
2026-02-20 10:36:09,284 - INFO - [Epoch 1 Step 550/1000] loss=49.6334 style=0.0000 mom=0.5979 struct=3.8217 tv=0.0000 idt=0.0002 it/s=7.96 eta=56.5s
2026-02-20 10:36:10,480 - INFO - [Epoch 1 Step 560/1000] loss=49.6431 style=0.0000 mom=0.5982 struct=3.8222 tv=0.0000 idt=0.0002 it/s=7.97 eta=55.2s
2026-02-20 10:36:11,685 - INFO - [Epoch 1 Step 570/1000] loss=49.6432 style=0.0000 mom=0.5982 struct=3.8222 tv=0.0000 idt=0.0002 it/s=7.98 eta=53.9s
2026-02-20 10:36:12,883 - INFO - [Epoch 1 Step 580/1000] loss=49.6402 style=0.0000 mom=0.5981 struct=3.8221 tv=0.0000 idt=0.0002 it/s=7.98 eta=52.6s
2026-02-20 10:36:14,096 - INFO - [Epoch 1 Step 590/1000] loss=49.6427 style=0.0000 mom=0.5980 struct=3.8225 tv=0.0000 idt=0.0002 it/s=7.99 eta=51.3s
2026-02-20 10:36:15,308 - INFO - [Epoch 1 Step 600/1000] loss=49.6475 style=0.0000 mom=0.5983 struct=3.8226 tv=0.0000 idt=0.0002 it/s=7.99 eta=50.1s
2026-02-20 10:36:16,503 - INFO - [Epoch 1 Step 610/1000] loss=49.6535 style=0.0000 mom=0.5985 struct=3.8228 tv=0.0000 idt=0.0002 it/s=8.00 eta=48.8s
2026-02-20 10:36:17,702 - INFO - [Epoch 1 Step 620/1000] loss=49.6503 style=0.0000 mom=0.5982 struct=3.8230 tv=0.0000 idt=0.0002 it/s=8.00 eta=47.5s
2026-02-20 10:36:18,900 - INFO - [Epoch 1 Step 630/1000] loss=49.6625 style=0.0000 mom=0.5987 struct=3.8233 tv=0.0000 idt=0.0002 it/s=8.01 eta=46.2s
2026-02-20 10:36:20,097 - INFO - [Epoch 1 Step 640/1000] loss=49.6598 style=0.0000 mom=0.5986 struct=3.8233 tv=0.0000 idt=0.0002 it/s=8.01 eta=44.9s
2026-02-20 10:36:21,300 - INFO - [Epoch 1 Step 650/1000] loss=49.6557 style=0.0000 mom=0.5984 struct=3.8232 tv=0.0000 idt=0.0002 it/s=8.02 eta=43.7s
2026-02-20 10:36:22,504 - INFO - [Epoch 1 Step 660/1000] loss=49.6513 style=0.0000 mom=0.5983 struct=3.8231 tv=0.0000 idt=0.0002 it/s=8.02 eta=42.4s
2026-02-20 10:36:23,702 - INFO - [Epoch 1 Step 670/1000] loss=49.6613 style=0.0000 mom=0.5984 struct=3.8238 tv=0.0000 idt=0.0002 it/s=8.03 eta=41.1s
2026-02-20 10:36:24,902 - INFO - [Epoch 1 Step 680/1000] loss=49.6623 style=0.0000 mom=0.5985 struct=3.8238 tv=0.0000 idt=0.0002 it/s=8.03 eta=39.8s
2026-02-20 10:36:26,099 - INFO - [Epoch 1 Step 690/1000] loss=49.6536 style=0.0000 mom=0.5982 struct=3.8235 tv=0.0000 idt=0.0002 it/s=8.04 eta=38.6s
2026-02-20 10:36:27,297 - INFO - [Epoch 1 Step 700/1000] loss=49.6479 style=0.0000 mom=0.5979 struct=3.8235 tv=0.0000 idt=0.0002 it/s=8.04 eta=37.3s
2026-02-20 10:36:28,496 - INFO - [Epoch 1 Step 710/1000] loss=49.6511 style=0.0000 mom=0.5981 struct=3.8234 tv=0.0000 idt=0.0002 it/s=8.04 eta=36.1s
Traceback (most recent call last):
