2026-02-20 11:31:54,449 - WARNING - w_style=224.5724 looks high for Projected SWD loss. Recommended start range is [5, 20].
2026-02-20 11:31:54,449 - INFO - Active losses: w_style, w_moment, w_identity, w_structure
2026-02-20 11:31:54,473 - INFO - Device: cuda
2026-02-20 11:31:54,473 - INFO - Seed: 42
2026-02-20 11:31:54,473 - INFO - Loading latent dataset from ..\..\sdxl-256-overfit50
2026-02-20 11:31:54,479 - INFO -   style=photo id=0 count=10
2026-02-20 11:31:54,483 - INFO -   style=Hayao id=1 count=10
2026-02-20 11:31:54,486 - INFO -   style=monet id=2 count=10
2026-02-20 11:31:54,489 - INFO -   style=cezanne id=3 count=10
2026-02-20 11:31:54,492 - INFO -   style=vangogh id=4 count=10
2026-02-20 11:31:54,552 - INFO - Dataset preloaded to cuda: 0.00GB across 5 style pools.
2026-02-20 11:31:54,554 - INFO - DataLoader | batch=50 workers=0 pin_memory=False persistent_workers=False preload_to_gpu=True
2026-02-20 11:31:54,596 - INFO - Model params: 7,153,476
2026-02-20 11:31:54,598 - INFO - Adding NCE Projector params to optimizer: 4 tensors
2026-02-20 11:31:55,230 - INFO - No checkpoint found, start from scratch.
2026-02-20 11:31:57,963 - INFO - [Epoch 1 Step 10/1000] loss=7784.5882 style=33.2234 mom=0.5977 struct=3.9509 tv=0.0000 idt=0.0490 it/s=3.66 eta=270.4s
2026-02-20 11:31:59,605 - INFO - [Epoch 1 Step 20/1000] loss=7935.1260 style=33.8384 mom=0.6029 struct=3.9658 tv=0.0000 idt=0.0677 it/s=4.57 eta=214.3s
2026-02-20 11:32:01,255 - INFO - [Epoch 1 Step 30/1000] loss=7890.1252 style=33.5928 mom=0.6031 struct=3.9697 tv=0.0000 idt=0.0849 it/s=4.98 eta=194.8s
2026-02-20 11:32:02,888 - INFO - [Epoch 1 Step 40/1000] loss=7833.6917 style=33.3022 mom=0.6020 struct=3.9637 tv=0.0000 idt=0.1011 it/s=5.22 eta=183.8s
2026-02-20 11:32:04,518 - INFO - [Epoch 1 Step 50/1000] loss=7835.7324 style=33.2621 mom=0.6039 struct=3.9626 tv=0.0000 idt=0.1198 it/s=5.38 eta=176.4s
2026-02-20 11:32:06,148 - INFO - [Epoch 1 Step 60/1000] loss=7748.9861 style=32.8200 mom=0.6037 struct=3.9700 tv=0.0000 idt=0.1410 it/s=5.50 eta=171.0s
2026-02-20 11:32:07,779 - INFO - [Epoch 1 Step 70/1000] loss=7644.3409 style=32.2970 mom=0.6014 struct=3.9741 tv=0.0000 idt=0.1637 it/s=5.58 eta=166.7s
2026-02-20 11:32:09,408 - INFO - [Epoch 1 Step 80/1000] loss=7610.7019 style=32.0652 mom=0.6024 struct=3.9811 tv=0.0000 idt=0.1948 it/s=5.64 eta=163.0s
2026-02-20 11:32:11,037 - INFO - [Epoch 1 Step 90/1000] loss=7519.4165 style=31.5735 mom=0.6019 struct=3.9868 tv=0.0000 idt=0.2278 it/s=5.69 eta=159.8s
2026-02-20 11:32:12,683 - INFO - [Epoch 1 Step 100/1000] loss=7434.3231 style=31.1108 mom=0.6022 struct=3.9946 tv=0.0000 idt=0.2597 it/s=5.73 eta=157.1s
2026-02-20 11:32:14,313 - INFO - [Epoch 1 Step 110/1000] loss=7353.0132 style=30.7068 mom=0.6006 struct=4.0022 tv=0.0000 idt=0.2760 it/s=5.76 eta=154.4s
2026-02-20 11:32:15,945 - INFO - [Epoch 1 Step 120/1000] loss=7263.6015 style=30.2534 mom=0.5999 struct=4.0088 tv=0.0000 idt=0.2972 it/s=5.79 eta=151.9s
2026-02-20 11:32:17,571 - INFO - [Epoch 1 Step 130/1000] loss=7190.9615 style=29.8795 mom=0.5978 struct=4.0168 tv=0.0000 idt=0.3170 it/s=5.82 eta=149.5s
2026-02-20 11:32:19,204 - INFO - [Epoch 1 Step 140/1000] loss=7100.7845 style=29.4367 mom=0.5965 struct=4.0224 tv=0.0000 idt=0.3330 it/s=5.84 eta=147.3s
2026-02-20 11:32:20,836 - INFO - [Epoch 1 Step 150/1000] loss=7041.0897 style=29.1116 mom=0.5958 struct=4.0299 tv=0.0000 idt=0.3558 it/s=5.86 eta=145.1s
2026-02-20 11:32:22,468 - INFO - [Epoch 1 Step 160/1000] loss=6971.6749 style=28.7580 mom=0.5939 struct=4.0381 tv=0.0000 idt=0.3731 it/s=5.87 eta=143.0s
2026-02-20 11:32:24,099 - INFO - [Epoch 1 Step 170/1000] loss=6900.6622 style=28.3772 mom=0.5916 struct=4.0481 tv=0.0000 idt=0.3983 it/s=5.89 eta=140.9s
2026-02-20 11:32:25,727 - INFO - [Epoch 1 Step 180/1000] loss=6825.3332 style=28.0022 mom=0.5900 struct=4.0570 tv=0.0000 idt=0.4135 it/s=5.90 eta=138.9s
2026-02-20 11:32:27,359 - INFO - [Epoch 1 Step 190/1000] loss=6765.5285 style=27.6852 mom=0.5874 struct=4.0684 tv=0.0000 idt=0.4333 it/s=5.91 eta=137.0s
2026-02-20 11:32:28,991 - INFO - [Epoch 1 Step 200/1000] loss=6703.9848 style=27.3737 mom=0.5850 struct=4.0791 tv=0.0000 idt=0.4478 it/s=5.92 eta=135.0s
2026-02-20 11:32:30,622 - INFO - [Epoch 1 Step 210/1000] loss=6634.9882 style=27.0255 mom=0.5826 struct=4.0873 tv=0.0000 idt=0.4639 it/s=5.93 eta=133.1s
2026-02-20 11:32:32,256 - INFO - [Epoch 1 Step 220/1000] loss=6566.8151 style=26.6954 mom=0.5795 struct=4.0960 tv=0.0000 idt=0.4746 it/s=5.94 eta=131.3s
2026-02-20 11:32:33,889 - INFO - [Epoch 1 Step 230/1000] loss=6512.8140 style=26.4167 mom=0.5768 struct=4.1071 tv=0.0000 idt=0.4895 it/s=5.95 eta=129.4s
2026-02-20 11:32:35,521 - INFO - [Epoch 1 Step 240/1000] loss=6463.3545 style=26.1558 mom=0.5742 struct=4.1191 tv=0.0000 idt=0.5053 it/s=5.96 eta=127.6s
2026-02-20 11:32:37,153 - INFO - [Epoch 1 Step 250/1000] loss=6420.0294 style=25.9163 mom=0.5721 struct=4.1287 tv=0.0000 idt=0.5234 it/s=5.96 eta=125.8s
2026-02-20 11:32:38,781 - INFO - [Epoch 1 Step 260/1000] loss=6382.6764 style=25.7248 mom=0.5701 struct=4.1382 tv=0.0000 idt=0.5331 it/s=5.97 eta=124.0s
2026-02-20 11:32:40,412 - INFO - [Epoch 1 Step 270/1000] loss=6340.4028 style=25.5028 mom=0.5681 struct=4.1471 tv=0.0000 idt=0.5462 it/s=5.98 eta=122.2s
2026-02-20 11:32:42,049 - INFO - [Epoch 1 Step 280/1000] loss=6299.5367 style=25.2927 mom=0.5664 struct=4.1578 tv=0.0000 idt=0.5569 it/s=5.98 eta=120.4s
2026-02-20 11:32:43,680 - INFO - [Epoch 1 Step 290/1000] loss=6260.2901 style=25.0914 mom=0.5651 struct=4.1666 tv=0.0000 idt=0.5670 it/s=5.99 eta=118.6s
2026-02-20 11:32:45,310 - INFO - [Epoch 1 Step 300/1000] loss=6223.5189 style=24.9018 mom=0.5635 struct=4.1731 tv=0.0000 idt=0.5771 it/s=5.99 eta=116.9s
2026-02-20 11:32:46,938 - INFO - [Epoch 1 Step 310/1000] loss=6198.2577 style=24.7642 mom=0.5624 struct=4.1811 tv=0.0000 idt=0.5866 it/s=6.00 eta=115.1s
2026-02-20 11:32:48,568 - INFO - [Epoch 1 Step 320/1000] loss=6161.4721 style=24.5735 mom=0.5607 struct=4.1916 tv=0.0000 idt=0.5968 it/s=6.00 eta=113.3s
2026-02-20 11:32:50,198 - INFO - [Epoch 1 Step 330/1000] loss=6126.4315 style=24.4047 mom=0.5591 struct=4.1989 tv=0.0000 idt=0.6018 it/s=6.00 eta=111.6s
2026-02-20 11:32:51,829 - INFO - [Epoch 1 Step 340/1000] loss=6097.0795 style=24.2556 mom=0.5582 struct=4.2067 tv=0.0000 idt=0.6086 it/s=6.01 eta=109.9s
2026-02-20 11:32:53,461 - INFO - [Epoch 1 Step 350/1000] loss=6069.6467 style=24.1134 mom=0.5574 struct=4.2147 tv=0.0000 idt=0.6160 it/s=6.01 eta=108.1s
2026-02-20 11:32:55,088 - INFO - [Epoch 1 Step 360/1000] loss=6036.1671 style=23.9484 mom=0.5562 struct=4.2226 tv=0.0000 idt=0.6220 it/s=6.01 eta=106.4s
2026-02-20 11:32:56,721 - INFO - [Epoch 1 Step 370/1000] loss=6007.4308 style=23.8093 mom=0.5548 struct=4.2298 tv=0.0000 idt=0.6262 it/s=6.02 eta=104.7s
2026-02-20 11:32:58,351 - INFO - [Epoch 1 Step 380/1000] loss=5977.7216 style=23.6686 mom=0.5535 struct=4.2376 tv=0.0000 idt=0.6294 it/s=6.02 eta=103.0s
2026-02-20 11:32:59,983 - INFO - [Epoch 1 Step 390/1000] loss=5952.5097 style=23.5379 mom=0.5525 struct=4.2449 tv=0.0000 idt=0.6363 it/s=6.02 eta=101.3s
2026-02-20 11:33:01,614 - INFO - [Epoch 1 Step 400/1000] loss=5930.0596 style=23.4285 mom=0.5514 struct=4.2503 tv=0.0000 idt=0.6399 it/s=6.03 eta=99.6s
2026-02-20 11:33:03,245 - INFO - [Epoch 1 Step 410/1000] loss=5907.5962 style=23.3197 mom=0.5503 struct=4.2571 tv=0.0000 idt=0.6431 it/s=6.03 eta=97.9s
2026-02-20 11:33:04,902 - INFO - [Epoch 1 Step 420/1000] loss=5889.3211 style=23.2186 mom=0.5493 struct=4.2647 tv=0.0000 idt=0.6506 it/s=6.03 eta=96.2s
2026-02-20 11:33:06,530 - INFO - [Epoch 1 Step 430/1000] loss=5874.4512 style=23.1498 mom=0.5484 struct=4.2692 tv=0.0000 idt=0.6515 it/s=6.03 eta=94.5s
2026-02-20 11:33:08,165 - INFO - [Epoch 1 Step 440/1000] loss=5860.9091 style=23.0708 mom=0.5477 struct=4.2759 tv=0.0000 idt=0.6585 it/s=6.03 eta=92.8s
2026-02-20 11:33:09,793 - INFO - [Epoch 1 Step 450/1000] loss=5840.8589 style=22.9673 mom=0.5466 struct=4.2815 tv=0.0000 idt=0.6640 it/s=6.04 eta=91.1s
2026-02-20 11:33:11,422 - INFO - [Epoch 1 Step 460/1000] loss=5818.7494 style=22.8717 mom=0.5459 struct=4.2857 tv=0.0000 idt=0.6627 it/s=6.04 eta=89.4s
2026-02-20 11:33:13,052 - INFO - [Epoch 1 Step 470/1000] loss=5799.8916 style=22.7821 mom=0.5449 struct=4.2912 tv=0.0000 idt=0.6648 it/s=6.04 eta=87.8s
2026-02-20 11:33:14,683 - INFO - [Epoch 1 Step 480/1000] loss=5779.7687 style=22.6839 mom=0.5441 struct=4.2967 tv=0.0000 idt=0.6680 it/s=6.04 eta=86.1s
2026-02-20 11:33:16,312 - INFO - [Epoch 1 Step 490/1000] loss=5760.3080 style=22.5849 mom=0.5431 struct=4.3029 tv=0.0000 idt=0.6726 it/s=6.04 eta=84.4s
2026-02-20 11:33:17,943 - INFO - [Epoch 1 Step 500/1000] loss=5740.5286 style=22.4909 mom=0.5420 struct=4.3084 tv=0.0000 idt=0.6749 it/s=6.05 eta=82.7s
2026-02-20 11:33:19,580 - INFO - [Epoch 1 Step 510/1000] loss=5719.5174 style=22.3922 mom=0.5408 struct=4.3128 tv=0.0000 idt=0.6769 it/s=6.05 eta=81.0s
2026-02-20 11:33:21,215 - INFO - [Epoch 1 Step 520/1000] loss=5708.0491 style=22.3370 mom=0.5404 struct=4.3170 tv=0.0000 idt=0.6783 it/s=6.05 eta=79.4s
2026-02-20 11:33:22,842 - INFO - [Epoch 1 Step 530/1000] loss=5694.2541 style=22.2708 mom=0.5399 struct=4.3211 tv=0.0000 idt=0.6800 it/s=6.05 eta=77.7s
2026-02-20 11:33:24,472 - INFO - [Epoch 1 Step 540/1000] loss=5676.7823 style=22.1907 mom=0.5393 struct=4.3268 tv=0.0000 idt=0.6807 it/s=6.05 eta=76.0s
2026-02-20 11:33:26,105 - INFO - [Epoch 1 Step 550/1000] loss=5659.9100 style=22.1135 mom=0.5387 struct=4.3323 tv=0.0000 idt=0.6812 it/s=6.05 eta=74.4s
2026-02-20 11:33:27,738 - INFO - [Epoch 1 Step 560/1000] loss=5642.9702 style=22.0377 mom=0.5380 struct=4.3390 tv=0.0000 idt=0.6810 it/s=6.05 eta=72.7s
2026-02-20 11:33:29,369 - INFO - [Epoch 1 Step 570/1000] loss=5625.5306 style=21.9589 mom=0.5373 struct=4.3428 tv=0.0000 idt=0.6815 it/s=6.05 eta=71.0s
2026-02-20 11:33:30,999 - INFO - [Epoch 1 Step 580/1000] loss=5609.1464 style=21.8827 mom=0.5364 struct=4.3472 tv=0.0000 idt=0.6826 it/s=6.06 eta=69.3s
2026-02-20 11:33:32,628 - INFO - [Epoch 1 Step 590/1000] loss=5592.2277 style=21.8118 mom=0.5358 struct=4.3502 tv=0.0000 idt=0.6809 it/s=6.06 eta=67.7s
2026-02-20 11:33:34,259 - INFO - [Epoch 1 Step 600/1000] loss=5577.9570 style=21.7441 mom=0.5350 struct=4.3548 tv=0.0000 idt=0.6824 it/s=6.06 eta=66.0s
2026-02-20 11:33:35,887 - INFO - [Epoch 1 Step 610/1000] loss=5562.7425 style=21.6782 mom=0.5345 struct=4.3596 tv=0.0000 idt=0.6814 it/s=6.06 eta=64.4s
2026-02-20 11:33:37,517 - INFO - [Epoch 1 Step 620/1000] loss=5547.7132 style=21.6116 mom=0.5336 struct=4.3651 tv=0.0000 idt=0.6812 it/s=6.06 eta=62.7s
2026-02-20 11:33:39,148 - INFO - [Epoch 1 Step 630/1000] loss=5534.8424 style=21.5592 mom=0.5333 struct=4.3693 tv=0.0000 idt=0.6790 it/s=6.06 eta=61.0s
2026-02-20 11:33:40,772 - INFO - [Epoch 1 Step 640/1000] loss=5518.3971 style=21.4859 mom=0.5325 struct=4.3733 tv=0.0000 idt=0.6790 it/s=6.06 eta=59.4s
2026-02-20 11:33:42,401 - INFO - [Epoch 1 Step 650/1000] loss=5502.9343 style=21.4212 mom=0.5318 struct=4.3761 tv=0.0000 idt=0.6774 it/s=6.07 eta=57.7s
2026-02-20 11:33:44,032 - INFO - [Epoch 1 Step 660/1000] loss=5487.0260 style=21.3523 mom=0.5310 struct=4.3801 tv=0.0000 idt=0.6766 it/s=6.07 eta=56.0s
2026-02-20 11:33:45,662 - INFO - [Epoch 1 Step 670/1000] loss=5474.8367 style=21.2964 mom=0.5305 struct=4.3847 tv=0.0000 idt=0.6770 it/s=6.07 eta=54.4s
2026-02-20 11:33:47,297 - INFO - [Epoch 1 Step 680/1000] loss=5464.0729 style=21.2499 mom=0.5302 struct=4.3875 tv=0.0000 idt=0.6763 it/s=6.07 eta=52.7s
2026-02-20 11:33:48,931 - INFO - [Epoch 1 Step 690/1000] loss=5450.0020 style=21.1888 mom=0.5295 struct=4.3903 tv=0.0000 idt=0.6757 it/s=6.07 eta=51.1s
2026-02-20 11:33:50,562 - INFO - [Epoch 1 Step 700/1000] loss=5435.6855 style=21.1285 mom=0.5287 struct=4.3927 tv=0.0000 idt=0.6744 it/s=6.07 eta=49.4s
2026-02-20 11:33:52,191 - INFO - [Epoch 1 Step 710/1000] loss=5425.8286 style=21.0839 mom=0.5284 struct=4.3977 tv=0.0000 idt=0.6744 it/s=6.07 eta=47.8s
2026-02-20 11:33:53,821 - INFO - [Epoch 1 Step 720/1000] loss=5408.8823 style=21.0145 mom=0.5279 struct=4.4005 tv=0.0000 idt=0.6720 it/s=6.07 eta=46.1s
2026-02-20 11:33:55,455 - INFO - [Epoch 1 Step 730/1000] loss=5396.7965 style=20.9658 mom=0.5274 struct=4.4026 tv=0.0000 idt=0.6700 it/s=6.07 eta=44.5s
2026-02-20 11:33:57,086 - INFO - [Epoch 1 Step 740/1000] loss=5387.1140 style=20.9243 mom=0.5268 struct=4.4059 tv=0.0000 idt=0.6693 it/s=6.07 eta=42.8s
2026-02-20 11:33:58,729 - INFO - [Epoch 1 Step 750/1000] loss=5374.1754 style=20.8730 mom=0.5261 struct=4.4093 tv=0.0000 idt=0.6668 it/s=6.07 eta=41.2s
2026-02-20 11:34:00,364 - INFO - [Epoch 1 Step 760/1000] loss=5365.0502 style=20.8348 mom=0.5258 struct=4.4130 tv=0.0000 idt=0.6657 it/s=6.07 eta=39.5s
2026-02-20 11:34:01,990 - INFO - [Epoch 1 Step 770/1000] loss=5352.9981 style=20.7855 mom=0.5252 struct=4.4157 tv=0.0000 idt=0.6639 it/s=6.07 eta=37.9s
2026-02-20 11:34:03,619 - INFO - [Epoch 1 Step 780/1000] loss=5341.0673 style=20.7375 mom=0.5245 struct=4.4186 tv=0.0000 idt=0.6619 it/s=6.08 eta=36.2s
2026-02-20 11:34:05,246 - INFO - [Epoch 1 Step 790/1000] loss=5329.4999 style=20.6929 mom=0.5239 struct=4.4222 tv=0.0000 idt=0.6592 it/s=6.08 eta=34.6s
2026-02-20 11:34:06,876 - INFO - [Epoch 1 Step 800/1000] loss=5318.4088 style=20.6449 mom=0.5234 struct=4.4254 tv=0.0000 idt=0.6585 it/s=6.08 eta=32.9s
2026-02-20 11:34:08,507 - INFO - [Epoch 1 Step 810/1000] loss=5307.7068 style=20.6002 mom=0.5228 struct=4.4285 tv=0.0000 idt=0.6573 it/s=6.08 eta=31.3s
2026-02-20 11:34:10,134 - INFO - [Epoch 1 Step 820/1000] loss=5297.9708 style=20.5591 mom=0.5224 struct=4.4310 tv=0.0000 idt=0.6564 it/s=6.08 eta=29.6s
2026-02-20 11:34:11,764 - INFO - [Epoch 1 Step 830/1000] loss=5287.7325 style=20.5182 mom=0.5219 struct=4.4341 tv=0.0000 idt=0.6544 it/s=6.08 eta=28.0s
2026-02-20 11:34:13,392 - INFO - [Epoch 1 Step 840/1000] loss=5276.7266 style=20.4751 mom=0.5214 struct=4.4367 tv=0.0000 idt=0.6521 it/s=6.08 eta=26.3s
2026-02-20 11:34:15,025 - INFO - [Epoch 1 Step 850/1000] loss=5266.3408 style=20.4352 mom=0.5210 struct=4.4402 tv=0.0000 idt=0.6495 it/s=6.08 eta=24.7s
2026-02-20 11:34:16,655 - INFO - [Epoch 1 Step 860/1000] loss=5255.7397 style=20.3952 mom=0.5207 struct=4.4434 tv=0.0000 idt=0.6465 it/s=6.08 eta=23.0s
2026-02-20 11:34:18,285 - INFO - [Epoch 1 Step 870/1000] loss=5247.5296 style=20.3640 mom=0.5206 struct=4.4462 tv=0.0000 idt=0.6442 it/s=6.08 eta=21.4s
2026-02-20 11:34:19,916 - INFO - [Epoch 1 Step 880/1000] loss=5238.3972 style=20.3290 mom=0.5202 struct=4.4496 tv=0.0000 idt=0.6419 it/s=6.08 eta=19.7s
2026-02-20 11:34:21,547 - INFO - [Epoch 1 Step 890/1000] loss=5226.6516 style=20.2804 mom=0.5196 struct=4.4517 tv=0.0000 idt=0.6405 it/s=6.08 eta=18.1s
2026-02-20 11:34:23,177 - INFO - [Epoch 1 Step 900/1000] loss=5217.3768 style=20.2419 mom=0.5192 struct=4.4547 tv=0.0000 idt=0.6393 it/s=6.08 eta=16.4s
2026-02-20 11:34:24,802 - INFO - [Epoch 1 Step 910/1000] loss=5208.0160 style=20.2042 mom=0.5187 struct=4.4567 tv=0.0000 idt=0.6377 it/s=6.08 eta=14.8s
2026-02-20 11:34:26,434 - INFO - [Epoch 1 Step 920/1000] loss=5200.5564 style=20.1767 mom=0.5183 struct=4.4592 tv=0.0000 idt=0.6354 it/s=6.08 eta=13.1s
2026-02-20 11:34:28,063 - INFO - [Epoch 1 Step 930/1000] loss=5191.1601 style=20.1430 mom=0.5181 struct=4.4614 tv=0.0000 idt=0.6322 it/s=6.09 eta=11.5s
2026-02-20 11:34:29,691 - INFO - [Epoch 1 Step 940/1000] loss=5182.8919 style=20.1101 mom=0.5178 struct=4.4644 tv=0.0000 idt=0.6305 it/s=6.09 eta=9.9s
2026-02-20 11:34:31,322 - INFO - [Epoch 1 Step 950/1000] loss=5174.4463 style=20.0789 mom=0.5174 struct=4.4664 tv=0.0000 idt=0.6280 it/s=6.09 eta=8.2s
2026-02-20 11:34:32,967 - INFO - [Epoch 1 Step 960/1000] loss=5165.6014 style=20.0470 mom=0.5171 struct=4.4687 tv=0.0000 idt=0.6250 it/s=6.09 eta=6.6s
2026-02-20 11:34:34,600 - INFO - [Epoch 1 Step 970/1000] loss=5158.4998 style=20.0189 mom=0.5168 struct=4.4712 tv=0.0000 idt=0.6235 it/s=6.09 eta=4.9s
2026-02-20 11:34:36,227 - INFO - [Epoch 1 Step 980/1000] loss=5152.7754 style=19.9976 mom=0.5165 struct=4.4741 tv=0.0000 idt=0.6217 it/s=6.09 eta=3.3s
2026-02-20 11:34:37,855 - INFO - [Epoch 1 Step 990/1000] loss=5146.6347 style=19.9765 mom=0.5163 struct=4.4771 tv=0.0000 idt=0.6191 it/s=6.09 eta=1.6s
2026-02-20 11:34:39,486 - INFO - [Epoch 1 Step 1000/1000] loss=5136.8805 style=19.9372 mom=0.5159 struct=4.4801 tv=0.0000 idt=0.6174 it/s=6.09 eta=0.0s
2026-02-20 11:34:39,488 - INFO - Epoch 1/1 | loss=5136.8805 style_swd=19.9372 mom=0.5159 struct=4.4801 tv=0.0000 idt=0.6174 steps=1.0 h=1.00 s=1.00 lr=5.00e-04 data=1.2s comp=163.0s
2026-02-20 11:34:39,591 - INFO - Saved checkpoint: G:\GitHub\Latent_Style\Cycle-NCE\ssim-optun-nce\trial_0201\epoch_0001.pt (step=1000)
2026-02-20 11:34:39,592 - INFO - Running full eval for epoch 1 -> G:\GitHub\Latent_Style\Cycle-NCE\ssim-optun-nce\trial_0201\full_eval\epoch_0001
2026-02-20 11:35:33,829 - INFO - Full eval completed for epoch 1. Log: G:\GitHub\Latent_Style\Cycle-NCE\ssim-optun-nce\trial_0201\logs\full_eval_epoch_0001.log
2026-02-20 11:35:33,829 - INFO - Training completed.
