2026-02-20 14:38:20,774 - WARNING - w_style=200.0231 looks high for Projected SWD loss. Recommended start range is [5, 20].
2026-02-20 14:38:20,774 - INFO - Active losses: w_style, w_moment, w_identity, w_structure
2026-02-20 14:38:20,887 - INFO - Device: cuda
2026-02-20 14:38:20,887 - INFO - Seed: 42
2026-02-20 14:38:20,887 - INFO - Loading latent dataset from ..\..\sdxl-256-overfit50
2026-02-20 14:38:20,894 - INFO -   style=photo id=0 count=10
2026-02-20 14:38:20,897 - INFO -   style=Hayao id=1 count=10
2026-02-20 14:38:20,900 - INFO -   style=monet id=2 count=10
2026-02-20 14:38:20,903 - INFO -   style=cezanne id=3 count=10
2026-02-20 14:38:20,906 - INFO -   style=vangogh id=4 count=10
2026-02-20 14:38:20,952 - INFO - Dataset preloaded to cuda: 0.00GB across 5 style pools.
2026-02-20 14:38:20,953 - INFO - DataLoader | batch=50 workers=0 pin_memory=False persistent_workers=False preload_to_gpu=True
2026-02-20 14:38:20,996 - INFO - Model params: 7,153,476
2026-02-20 14:38:20,999 - INFO - Adding NCE Projector params to optimizer: 4 tensors
2026-02-20 14:38:21,633 - INFO - No checkpoint found, start from scratch.
2026-02-20 14:38:23,962 - INFO - [Epoch 1 Step 10/1000] loss=6922.3438 style=33.2278 mom=0.5977 struct=3.9508 tv=0.0000 idt=0.0483 it/s=4.30 eta=230.4s
2026-02-20 14:38:25,152 - INFO - [Epoch 1 Step 20/1000] loss=7058.4414 style=33.8472 mom=0.6029 struct=3.9653 tv=0.0000 idt=0.0660 it/s=5.69 eta=172.4s
2026-02-20 14:38:26,346 - INFO - [Epoch 1 Step 30/1000] loss=7020.7261 style=33.6082 mom=0.6030 struct=3.9690 tv=0.0000 idt=0.0824 it/s=6.37 eta=152.4s
2026-02-20 14:38:27,537 - INFO - [Epoch 1 Step 40/1000] loss=6972.9028 style=33.3280 mom=0.6018 struct=3.9626 tv=0.0000 idt=0.0967 it/s=6.78 eta=141.7s
2026-02-20 14:38:28,726 - INFO - [Epoch 1 Step 50/1000] loss=6978.1242 style=33.3039 mom=0.6038 struct=3.9610 tv=0.0000 idt=0.1127 it/s=7.05 eta=134.7s
2026-02-20 14:38:29,917 - INFO - [Epoch 1 Step 60/1000] loss=6906.2132 style=32.8895 mom=0.6038 struct=3.9689 tv=0.0000 idt=0.1304 it/s=7.24 eta=129.8s
2026-02-20 14:38:31,109 - INFO - [Epoch 1 Step 70/1000] loss=6821.5485 style=32.4138 mom=0.6019 struct=3.9729 tv=0.0000 idt=0.1481 it/s=7.39 eta=125.9s
2026-02-20 14:38:32,301 - INFO - [Epoch 1 Step 80/1000] loss=6802.4860 style=32.2427 mom=0.6031 struct=3.9788 tv=0.0000 idt=0.1724 it/s=7.50 eta=122.7s
2026-02-20 14:38:33,500 - INFO - [Epoch 1 Step 90/1000] loss=6730.6687 style=31.8005 mom=0.6031 struct=3.9840 tv=0.0000 idt=0.1996 it/s=7.59 eta=120.0s
2026-02-20 14:38:34,686 - INFO - [Epoch 1 Step 100/1000] loss=6663.0822 style=31.3785 mom=0.6040 struct=3.9910 tv=0.0000 idt=0.2267 it/s=7.66 eta=117.5s
2026-02-20 14:38:35,885 - INFO - [Epoch 1 Step 110/1000] loss=6596.9482 style=30.9957 mom=0.6028 struct=3.9991 tv=0.0000 idt=0.2439 it/s=7.72 eta=115.3s
2026-02-20 14:38:37,076 - INFO - [Epoch 1 Step 120/1000] loss=6522.9106 style=30.5693 mom=0.6022 struct=4.0046 tv=0.0000 idt=0.2623 it/s=7.77 eta=113.2s
2026-02-20 14:38:38,257 - INFO - [Epoch 1 Step 130/1000] loss=6462.4470 style=30.2125 mom=0.6004 struct=4.0120 tv=0.0000 idt=0.2805 it/s=7.82 eta=111.2s
2026-02-20 14:38:39,452 - INFO - [Epoch 1 Step 140/1000] loss=6382.2588 style=29.7835 mom=0.5992 struct=4.0174 tv=0.0000 idt=0.2899 it/s=7.86 eta=109.5s
2026-02-20 14:38:40,662 - INFO - [Epoch 1 Step 150/1000] loss=6330.0930 style=29.4742 mom=0.5989 struct=4.0239 tv=0.0000 idt=0.3056 it/s=7.88 eta=107.8s
2026-02-20 14:38:41,847 - INFO - [Epoch 1 Step 160/1000] loss=6269.0772 style=29.1309 mom=0.5974 struct=4.0319 tv=0.0000 idt=0.3183 it/s=7.92 eta=106.1s
2026-02-20 14:38:43,048 - INFO - [Epoch 1 Step 170/1000] loss=6205.3332 style=28.7502 mom=0.5956 struct=4.0414 tv=0.0000 idt=0.3388 it/s=7.94 eta=104.5s
2026-02-20 14:38:44,239 - INFO - [Epoch 1 Step 180/1000] loss=6141.4882 style=28.3885 mom=0.5941 struct=4.0503 tv=0.0000 idt=0.3528 it/s=7.96 eta=103.0s
2026-02-20 14:38:45,434 - INFO - [Epoch 1 Step 190/1000] loss=6087.9191 style=28.0762 mom=0.5916 struct=4.0606 tv=0.0000 idt=0.3677 it/s=7.98 eta=101.5s
2026-02-20 14:38:46,627 - INFO - [Epoch 1 Step 200/1000] loss=6035.2259 style=27.7740 mom=0.5896 struct=4.0717 tv=0.0000 idt=0.3806 it/s=8.00 eta=100.0s
2026-02-20 14:38:47,819 - INFO - [Epoch 1 Step 210/1000] loss=5974.7855 style=27.4364 mom=0.5875 struct=4.0791 tv=0.0000 idt=0.3925 it/s=8.02 eta=98.5s
2026-02-20 14:38:49,011 - INFO - [Epoch 1 Step 220/1000] loss=5915.2857 style=27.1135 mom=0.5845 struct=4.0875 tv=0.0000 idt=0.4015 it/s=8.04 eta=97.1s
2026-02-20 14:38:50,203 - INFO - [Epoch 1 Step 230/1000] loss=5867.6670 style=26.8435 mom=0.5822 struct=4.0966 tv=0.0000 idt=0.4122 it/s=8.05 eta=95.6s
2026-02-20 14:38:51,394 - INFO - [Epoch 1 Step 240/1000] loss=5825.1666 style=26.5973 mom=0.5799 struct=4.1075 tv=0.0000 idt=0.4235 it/s=8.06 eta=94.2s
2026-02-20 14:38:52,600 - INFO - [Epoch 1 Step 250/1000] loss=5785.0081 style=26.3543 mom=0.5779 struct=4.1169 tv=0.0000 idt=0.4375 it/s=8.07 eta=92.9s
2026-02-20 14:38:53,793 - INFO - [Epoch 1 Step 260/1000] loss=5750.4118 style=26.1632 mom=0.5760 struct=4.1266 tv=0.0000 idt=0.4436 it/s=8.08 eta=91.5s
2026-02-20 14:38:54,990 - INFO - [Epoch 1 Step 270/1000] loss=5711.8112 style=25.9389 mom=0.5742 struct=4.1352 tv=0.0000 idt=0.4541 it/s=8.09 eta=90.2s
2026-02-20 14:38:56,185 - INFO - [Epoch 1 Step 280/1000] loss=5674.8087 style=25.7354 mom=0.5727 struct=4.1454 tv=0.0000 idt=0.4601 it/s=8.10 eta=88.8s
2026-02-20 14:38:57,379 - INFO - [Epoch 1 Step 290/1000] loss=5639.6206 style=25.5383 mom=0.5715 struct=4.1539 tv=0.0000 idt=0.4670 it/s=8.11 eta=87.5s
2026-02-20 14:38:58,575 - INFO - [Epoch 1 Step 300/1000] loss=5606.8331 style=25.3501 mom=0.5699 struct=4.1611 tv=0.0000 idt=0.4752 it/s=8.12 eta=86.2s
2026-02-20 14:38:59,771 - INFO - [Epoch 1 Step 310/1000] loss=5583.6603 style=25.2122 mom=0.5688 struct=4.1696 tv=0.0000 idt=0.4823 it/s=8.13 eta=84.9s
2026-02-20 14:39:00,991 - INFO - [Epoch 1 Step 320/1000] loss=5549.2740 style=25.0182 mom=0.5671 struct=4.1802 tv=0.0000 idt=0.4896 it/s=8.13 eta=83.6s
2026-02-20 14:39:02,193 - INFO - [Epoch 1 Step 330/1000] loss=5516.4174 style=24.8491 mom=0.5655 struct=4.1875 tv=0.0000 idt=0.4913 it/s=8.14 eta=82.3s
2026-02-20 14:39:03,388 - INFO - [Epoch 1 Step 340/1000] loss=5488.7369 style=24.6974 mom=0.5645 struct=4.1957 tv=0.0000 idt=0.4956 it/s=8.14 eta=81.1s
2026-02-20 14:39:04,581 - INFO - [Epoch 1 Step 350/1000] loss=5463.5808 style=24.5580 mom=0.5637 struct=4.2046 tv=0.0000 idt=0.4998 it/s=8.15 eta=79.8s
2026-02-20 14:39:05,773 - INFO - [Epoch 1 Step 360/1000] loss=5431.8328 style=24.3862 mom=0.5624 struct=4.2136 tv=0.0000 idt=0.5040 it/s=8.16 eta=78.5s
2026-02-20 14:39:06,961 - INFO - [Epoch 1 Step 370/1000] loss=5403.8512 style=24.2423 mom=0.5610 struct=4.2213 tv=0.0000 idt=0.5054 it/s=8.16 eta=77.2s
2026-02-20 14:39:08,161 - INFO - [Epoch 1 Step 380/1000] loss=5375.4558 style=24.1017 mom=0.5595 struct=4.2299 tv=0.0000 idt=0.5049 it/s=8.17 eta=75.9s
2026-02-20 14:39:09,353 - INFO - [Epoch 1 Step 390/1000] loss=5351.9827 style=23.9691 mom=0.5585 struct=4.2376 tv=0.0000 idt=0.5099 it/s=8.17 eta=74.6s
2026-02-20 14:39:10,548 - INFO - [Epoch 1 Step 400/1000] loss=5330.8190 style=23.8564 mom=0.5573 struct=4.2433 tv=0.0000 idt=0.5123 it/s=8.18 eta=73.4s
2026-02-20 14:39:11,743 - INFO - [Epoch 1 Step 410/1000] loss=5308.8918 style=23.7438 mom=0.5561 struct=4.2510 tv=0.0000 idt=0.5132 it/s=8.18 eta=72.1s
2026-02-20 14:39:12,936 - INFO - [Epoch 1 Step 420/1000] loss=5290.3494 style=23.6407 mom=0.5550 struct=4.2586 tv=0.0000 idt=0.5166 it/s=8.19 eta=70.8s
2026-02-20 14:39:14,131 - INFO - [Epoch 1 Step 430/1000] loss=5275.9634 style=23.5722 mom=0.5541 struct=4.2644 tv=0.0000 idt=0.5154 it/s=8.19 eta=69.6s
2026-02-20 14:39:15,327 - INFO - [Epoch 1 Step 440/1000] loss=5262.3017 style=23.4852 mom=0.5532 struct=4.2719 tv=0.0000 idt=0.5215 it/s=8.19 eta=68.3s
2026-02-20 14:39:16,522 - INFO - [Epoch 1 Step 450/1000] loss=5243.6299 style=23.3856 mom=0.5521 struct=4.2777 tv=0.0000 idt=0.5236 it/s=8.20 eta=67.1s
2026-02-20 14:39:17,715 - INFO - [Epoch 1 Step 460/1000] loss=5221.6161 style=23.2836 mom=0.5513 struct=4.2827 tv=0.0000 idt=0.5209 it/s=8.20 eta=65.8s
2026-02-20 14:39:18,899 - INFO - [Epoch 1 Step 470/1000] loss=5202.9260 style=23.1922 mom=0.5502 struct=4.2881 tv=0.0000 idt=0.5203 it/s=8.21 eta=64.6s
2026-02-20 14:39:20,102 - INFO - [Epoch 1 Step 480/1000] loss=5183.0010 style=23.0876 mom=0.5493 struct=4.2942 tv=0.0000 idt=0.5218 it/s=8.21 eta=63.3s
2026-02-20 14:39:21,304 - INFO - [Epoch 1 Step 490/1000] loss=5164.0895 style=22.9885 mom=0.5483 struct=4.3005 tv=0.0000 idt=0.5233 it/s=8.21 eta=62.1s
2026-02-20 14:39:22,500 - INFO - [Epoch 1 Step 500/1000] loss=5144.4526 style=22.8908 mom=0.5471 struct=4.3065 tv=0.0000 idt=0.5232 it/s=8.21 eta=60.9s
2026-02-20 14:39:23,694 - INFO - [Epoch 1 Step 510/1000] loss=5124.4364 style=22.7908 mom=0.5458 struct=4.3118 tv=0.0000 idt=0.5233 it/s=8.22 eta=59.6s
2026-02-20 14:39:24,889 - INFO - [Epoch 1 Step 520/1000] loss=5112.4488 style=22.7321 mom=0.5454 struct=4.3166 tv=0.0000 idt=0.5228 it/s=8.22 eta=58.4s
2026-02-20 14:39:26,085 - INFO - [Epoch 1 Step 530/1000] loss=5099.5444 style=22.6681 mom=0.5449 struct=4.3205 tv=0.0000 idt=0.5226 it/s=8.22 eta=57.2s
2026-02-20 14:39:27,308 - INFO - [Epoch 1 Step 540/1000] loss=5082.4986 style=22.5857 mom=0.5442 struct=4.3270 tv=0.0000 idt=0.5215 it/s=8.22 eta=55.9s
2026-02-20 14:39:28,521 - INFO - [Epoch 1 Step 550/1000] loss=5066.3838 style=22.5079 mom=0.5435 struct=4.3332 tv=0.0000 idt=0.5205 it/s=8.22 eta=54.7s
2026-02-20 14:39:29,718 - INFO - [Epoch 1 Step 560/1000] loss=5049.8005 style=22.4292 mom=0.5427 struct=4.3399 tv=0.0000 idt=0.5190 it/s=8.23 eta=53.5s
2026-02-20 14:39:30,917 - INFO - [Epoch 1 Step 570/1000] loss=5033.2879 style=22.3500 mom=0.5419 struct=4.3446 tv=0.0000 idt=0.5179 it/s=8.23 eta=52.3s
2026-02-20 14:39:32,112 - INFO - [Epoch 1 Step 580/1000] loss=5017.3144 style=22.2727 mom=0.5411 struct=4.3491 tv=0.0000 idt=0.5170 it/s=8.23 eta=51.0s
2026-02-20 14:39:33,305 - INFO - [Epoch 1 Step 590/1000] loss=5001.2663 style=22.2000 mom=0.5404 struct=4.3524 tv=0.0000 idt=0.5146 it/s=8.23 eta=49.8s
2026-02-20 14:39:34,499 - INFO - [Epoch 1 Step 600/1000] loss=4987.5248 style=22.1317 mom=0.5396 struct=4.3575 tv=0.0000 idt=0.5145 it/s=8.23 eta=48.6s
2026-02-20 14:39:35,694 - INFO - [Epoch 1 Step 610/1000] loss=4972.5503 style=22.0620 mom=0.5390 struct=4.3625 tv=0.0000 idt=0.5127 it/s=8.24 eta=47.3s
2026-02-20 14:39:36,884 - INFO - [Epoch 1 Step 620/1000] loss=4958.4775 style=21.9963 mom=0.5381 struct=4.3677 tv=0.0000 idt=0.5111 it/s=8.24 eta=46.1s
2026-02-20 14:39:38,085 - INFO - [Epoch 1 Step 630/1000] loss=4945.9708 style=21.9414 mom=0.5378 struct=4.3714 tv=0.0000 idt=0.5085 it/s=8.24 eta=44.9s
2026-02-20 14:39:39,282 - INFO - [Epoch 1 Step 640/1000] loss=4929.9107 style=21.8657 mom=0.5369 struct=4.3760 tv=0.0000 idt=0.5070 it/s=8.24 eta=43.7s
2026-02-20 14:39:40,473 - INFO - [Epoch 1 Step 650/1000] loss=4915.6008 style=21.8013 mom=0.5361 struct=4.3795 tv=0.0000 idt=0.5047 it/s=8.24 eta=42.5s
2026-02-20 14:39:41,672 - INFO - [Epoch 1 Step 660/1000] loss=4899.9263 style=21.7266 mom=0.5353 struct=4.3834 tv=0.0000 idt=0.5035 it/s=8.25 eta=41.2s
2026-02-20 14:39:42,868 - INFO - [Epoch 1 Step 670/1000] loss=4887.8861 style=21.6679 mom=0.5348 struct=4.3884 tv=0.0000 idt=0.5030 it/s=8.25 eta=40.0s
2026-02-20 14:39:44,069 - INFO - [Epoch 1 Step 680/1000] loss=4877.4543 style=21.6196 mom=0.5345 struct=4.3915 tv=0.0000 idt=0.5016 it/s=8.25 eta=38.8s
2026-02-20 14:39:45,265 - INFO - [Epoch 1 Step 690/1000] loss=4864.1497 style=21.5556 mom=0.5337 struct=4.3944 tv=0.0000 idt=0.5009 it/s=8.25 eta=37.6s
2026-02-20 14:39:46,461 - INFO - [Epoch 1 Step 700/1000] loss=4850.1744 style=21.4901 mom=0.5328 struct=4.3978 tv=0.0000 idt=0.4995 it/s=8.25 eta=36.4s
2026-02-20 14:39:47,656 - INFO - [Epoch 1 Step 710/1000] loss=4839.6882 style=21.4417 mom=0.5324 struct=4.4026 tv=0.0000 idt=0.4981 it/s=8.25 eta=35.1s
2026-02-20 14:39:48,851 - INFO - [Epoch 1 Step 720/1000] loss=4823.4503 style=21.3674 mom=0.5319 struct=4.4064 tv=0.0000 idt=0.4958 it/s=8.26 eta=33.9s
2026-02-20 14:39:50,044 - INFO - [Epoch 1 Step 730/1000] loss=4811.6282 style=21.3168 mom=0.5313 struct=4.4089 tv=0.0000 idt=0.4930 it/s=8.26 eta=32.7s
2026-02-20 14:39:51,249 - INFO - [Epoch 1 Step 740/1000] loss=4801.6013 style=21.2694 mom=0.5306 struct=4.4130 tv=0.0000 idt=0.4921 it/s=8.26 eta=31.5s
2026-02-20 14:39:52,445 - INFO - [Epoch 1 Step 750/1000] loss=4788.8534 style=21.2149 mom=0.5299 struct=4.4162 tv=0.0000 idt=0.4891 it/s=8.26 eta=30.3s
2026-02-20 14:39:53,639 - INFO - [Epoch 1 Step 760/1000] loss=4779.8912 style=21.1738 mom=0.5295 struct=4.4204 tv=0.0000 idt=0.4878 it/s=8.26 eta=29.1s
2026-02-20 14:39:54,834 - INFO - [Epoch 1 Step 770/1000] loss=4767.6827 style=21.1191 mom=0.5288 struct=4.4240 tv=0.0000 idt=0.4857 it/s=8.26 eta=27.8s
2026-02-20 14:39:56,030 - INFO - [Epoch 1 Step 780/1000] loss=4755.8606 style=21.0691 mom=0.5281 struct=4.4272 tv=0.0000 idt=0.4827 it/s=8.26 eta=26.6s
2026-02-20 14:39:57,227 - INFO - [Epoch 1 Step 790/1000] loss=4744.6367 style=21.0213 mom=0.5274 struct=4.4314 tv=0.0000 idt=0.4800 it/s=8.26 eta=25.4s
2026-02-20 14:39:58,423 - INFO - [Epoch 1 Step 800/1000] loss=4734.5721 style=20.9746 mom=0.5269 struct=4.4351 tv=0.0000 idt=0.4788 it/s=8.27 eta=24.2s
2026-02-20 14:39:59,610 - INFO - [Epoch 1 Step 810/1000] loss=4724.2452 style=20.9271 mom=0.5263 struct=4.4385 tv=0.0000 idt=0.4774 it/s=8.27 eta=23.0s
2026-02-20 14:40:00,819 - INFO - [Epoch 1 Step 820/1000] loss=4714.6477 style=20.8822 mom=0.5258 struct=4.4415 tv=0.0000 idt=0.4764 it/s=8.27 eta=21.8s
2026-02-20 14:40:02,032 - INFO - [Epoch 1 Step 830/1000] loss=4704.9268 style=20.8403 mom=0.5253 struct=4.4449 tv=0.0000 idt=0.4741 it/s=8.27 eta=20.6s
2026-02-20 14:40:03,229 - INFO - [Epoch 1 Step 840/1000] loss=4694.2690 style=20.7938 mom=0.5247 struct=4.4477 tv=0.0000 idt=0.4719 it/s=8.27 eta=19.4s
2026-02-20 14:40:04,418 - INFO - [Epoch 1 Step 850/1000] loss=4683.6223 style=20.7487 mom=0.5242 struct=4.4516 tv=0.0000 idt=0.4692 it/s=8.27 eta=18.1s
2026-02-20 14:40:05,662 - INFO - [Epoch 1 Step 860/1000] loss=4673.4944 style=20.7054 mom=0.5238 struct=4.4559 tv=0.0000 idt=0.4667 it/s=8.27 eta=16.9s
2026-02-20 14:40:06,859 - INFO - [Epoch 1 Step 870/1000] loss=4665.5837 style=20.6728 mom=0.5236 struct=4.4590 tv=0.0000 idt=0.4643 it/s=8.27 eta=15.7s
2026-02-20 14:40:08,056 - INFO - [Epoch 1 Step 880/1000] loss=4656.6275 style=20.6344 mom=0.5231 struct=4.4629 tv=0.0000 idt=0.4621 it/s=8.27 eta=14.5s
2026-02-20 14:40:09,252 - INFO - [Epoch 1 Step 890/1000] loss=4646.0064 style=20.5846 mom=0.5226 struct=4.4653 tv=0.0000 idt=0.4611 it/s=8.27 eta=13.3s
2026-02-20 14:40:10,453 - INFO - [Epoch 1 Step 900/1000] loss=4636.6770 style=20.5443 mom=0.5221 struct=4.4687 tv=0.0000 idt=0.4590 it/s=8.27 eta=12.1s
2026-02-20 14:40:11,653 - INFO - [Epoch 1 Step 910/1000] loss=4628.0024 style=20.5057 mom=0.5215 struct=4.4710 tv=0.0000 idt=0.4574 it/s=8.27 eta=10.9s
2026-02-20 14:40:12,848 - INFO - [Epoch 1 Step 920/1000] loss=4621.1839 style=20.4781 mom=0.5211 struct=4.4738 tv=0.0000 idt=0.4553 it/s=8.27 eta=9.7s
2026-02-20 14:40:14,036 - INFO - [Epoch 1 Step 930/1000] loss=4612.0906 style=20.4393 mom=0.5208 struct=4.4765 tv=0.0000 idt=0.4530 it/s=8.27 eta=8.5s
2026-02-20 14:40:15,234 - INFO - [Epoch 1 Step 940/1000] loss=4604.0595 style=20.4043 mom=0.5204 struct=4.4797 tv=0.0000 idt=0.4512 it/s=8.27 eta=7.3s
2026-02-20 14:40:16,429 - INFO - [Epoch 1 Step 950/1000] loss=4596.0418 style=20.3712 mom=0.5200 struct=4.4818 tv=0.0000 idt=0.4490 it/s=8.28 eta=6.0s
2026-02-20 14:40:17,640 - INFO - [Epoch 1 Step 960/1000] loss=4587.8956 style=20.3372 mom=0.5196 struct=4.4842 tv=0.0000 idt=0.4467 it/s=8.28 eta=4.8s
2026-02-20 14:40:18,838 - INFO - [Epoch 1 Step 970/1000] loss=4581.1690 style=20.3080 mom=0.5193 struct=4.4867 tv=0.0000 idt=0.4452 it/s=8.28 eta=3.6s
2026-02-20 14:40:20,036 - INFO - [Epoch 1 Step 980/1000] loss=4575.5361 style=20.2834 mom=0.5189 struct=4.4902 tv=0.0000 idt=0.4440 it/s=8.28 eta=2.4s
2026-02-20 14:40:21,235 - INFO - [Epoch 1 Step 990/1000] loss=4569.8102 style=20.2609 mom=0.5187 struct=4.4934 tv=0.0000 idt=0.4419 it/s=8.28 eta=1.2s
2026-02-20 14:40:22,434 - INFO - [Epoch 1 Step 1000/1000] loss=4560.8696 style=20.2203 mom=0.5182 struct=4.4964 tv=0.0000 idt=0.4405 it/s=8.28 eta=0.0s
2026-02-20 14:40:22,436 - INFO - Epoch 1/1 | loss=4560.8696 style_swd=20.2203 mom=0.5182 struct=4.4964 tv=0.0000 idt=0.4405 steps=1.0 h=1.00 s=1.00 lr=5.00e-04 data=1.2s comp=119.6s
2026-02-20 14:40:22,515 - INFO - Saved checkpoint: G:\GitHub\Latent_Style\Cycle-NCE\ssim-optun-nce\trial_0252\epoch_0001.pt (step=1000)
2026-02-20 14:40:22,515 - INFO - Running full eval for epoch 1 -> G:\GitHub\Latent_Style\Cycle-NCE\ssim-optun-nce\trial_0252\full_eval\epoch_0001
2026-02-20 14:41:05,111 - INFO - Full eval completed for epoch 1. Log: G:\GitHub\Latent_Style\Cycle-NCE\ssim-optun-nce\trial_0252\logs\full_eval_epoch_0001.log
2026-02-20 14:41:05,111 - INFO - Training completed.
