CMD: /home/xy/miniconda3/envs/cu128/bin/python /mnt/i/Github/Latent_Style/Cycle-NCE/src/run.py --config /mnt/i/Github/Latent_Style/Cycle-NCE/ablation-fixes/C2_no_struct/config.json

2026-02-16 04:50:00,186 - INFO - Active losses: w_stroke_gram, w_color_moment, w_delta_tv, w_delta_l2, w_output_tv
2026-02-16 04:50:00,435 - INFO - Set PYTORCH_ALLOC_CONF=expandable_segments:True
2026-02-16 04:50:00,449 - INFO - Device: cuda
2026-02-16 04:50:00,449 - INFO - Seed: 42
2026-02-16 04:50:00,449 - INFO - Loading latent dataset from ../../latent-256
2026-02-16 04:50:23,524 - INFO -   style=photo id=0 count=6187
2026-02-16 04:50:29,946 - INFO -   style=Hayao id=1 count=1752
2026-02-16 04:50:30,273 - INFO - Dataset preloaded to cuda: 0.12GB across 2 style pools.
2026-02-16 04:50:30,282 - INFO - DataLoader | batch=320 workers=0 pin_memory=False persistent_workers=False preload_to_gpu=True
2026-02-16 04:50:30,379 - INFO - Model params: 8,421,700
2026-02-16 04:50:30,379 - INFO - Infra | channels_last=True tf32=True grad_ckpt=False compile=False backend=off mode=off fullgraph=False cudagraphs=off gc_collect_interval=0 loss_timing_interval=0 strict_batch_sanity=True strict_batch_sanity_interval=1 cuda_sync_debug=False profiler=False alloc_conf=expandable_segments:True
2026-02-16 04:50:30,380 - INFO - Nsight | nvtx=False cuda_profile=False capture_start_step=10 capture_steps=50
2026-02-16 04:50:31,085 - INFO - Precision | amp=True amp_dtype=fp16 grad_scaler=True fused_adamw=True prefer_fp16_on_rtx30=True
2026-02-16 04:50:31,085 - INFO - GPU | name=NVIDIA Graphics Device capability=8.6 vram_gb=12.00 rtx30=False
2026-02-16 04:50:31,091 - INFO - No checkpoint found, start from scratch.
2026-02-16 04:51:27,992 - INFO - Epoch 1/60 | loss=4.6491 struct=0.0000 sgram=0.0451 cmoment=0.1731 dtv=0.0506 dl2=0.0653 steps=1.0 h=1.00 s=0.77 lr=2.00e-04 data=0.8s comp=32.8s
2026-02-16 04:52:11,236 - INFO - Epoch 2/60 | loss=3.8401 struct=0.0000 sgram=0.0367 cmoment=0.1496 dtv=0.1151 dl2=0.2198 steps=1.0 h=1.00 s=0.78 lr=2.00e-04 data=0.8s comp=18.8s
2026-02-16 04:52:54,573 - INFO - Epoch 3/60 | loss=3.6397 struct=0.0000 sgram=0.0346 cmoment=0.1433 dtv=0.1646 dl2=0.3414 steps=1.0 h=1.00 s=0.78 lr=1.99e-04 data=0.8s comp=18.9s
2026-02-16 04:53:37,830 - INFO - Epoch 4/60 | loss=3.5370 struct=0.0000 sgram=0.0336 cmoment=0.1406 dtv=0.1919 dl2=0.4031 steps=1.0 h=1.00 s=0.78 lr=1.99e-04 data=0.8s comp=18.8s
2026-02-16 04:54:21,120 - INFO - Epoch 5/60 | loss=3.4930 struct=0.0000 sgram=0.0330 cmoment=0.1407 dtv=0.2122 dl2=0.4468 steps=1.0 h=1.00 s=0.79 lr=1.98e-04 data=0.8s comp=18.8s
2026-02-16 04:55:04,370 - INFO - Epoch 6/60 | loss=3.4587 struct=0.0000 sgram=0.0327 cmoment=0.1390 dtv=0.2281 dl2=0.4680 steps=1.0 h=1.00 s=0.77 lr=1.97e-04 data=0.8s comp=18.8s
2026-02-16 04:55:47,621 - INFO - Epoch 7/60 | loss=3.4369 struct=0.0000 sgram=0.0324 cmoment=0.1397 dtv=0.2429 dl2=0.4748 steps=1.0 h=1.00 s=0.77 lr=1.95e-04 data=0.8s comp=18.8s
2026-02-16 04:56:30,873 - INFO - Epoch 8/60 | loss=3.4405 struct=0.0000 sgram=0.0324 cmoment=0.1397 dtv=0.2594 dl2=0.4976 steps=1.0 h=1.00 s=0.78 lr=1.94e-04 data=0.8s comp=18.8s
2026-02-16 04:57:14,123 - INFO - Epoch 9/60 | loss=3.3980 struct=0.0000 sgram=0.0320 cmoment=0.1383 dtv=0.2693 dl2=0.5145 steps=1.0 h=1.00 s=0.77 lr=1.92e-04 data=0.8s comp=18.8s
2026-02-16 04:57:57,474 - INFO - Epoch 10/60 | loss=3.4016 struct=0.0000 sgram=0.0320 cmoment=0.1384 dtv=0.2810 dl2=0.5334 steps=1.0 h=1.00 s=0.78 lr=1.90e-04 data=1.2s comp=18.7s
2026-02-16 04:57:57,942 - INFO - Saved checkpoint: /mnt/i/Github/Latent_Style/Cycle-NCE/ablation-fixes/C2_no_struct/checkpoints/epoch_0010.pt
2026-02-16 04:58:41,171 - INFO - Epoch 11/60 | loss=3.3349 struct=0.0000 sgram=0.0313 cmoment=0.1363 dtv=0.2874 dl2=0.5347 steps=1.0 h=1.00 s=0.79 lr=1.87e-04 data=0.8s comp=18.8s
2026-02-16 04:59:24,416 - INFO - Epoch 12/60 | loss=3.3491 struct=0.0000 sgram=0.0314 cmoment=0.1373 dtv=0.2959 dl2=0.5505 steps=1.0 h=1.00 s=0.79 lr=1.85e-04 data=0.8s comp=18.7s
2026-02-16 05:00:07,653 - INFO - Epoch 13/60 | loss=3.3230 struct=0.0000 sgram=0.0312 cmoment=0.1360 dtv=0.3038 dl2=0.5667 steps=1.0 h=1.00 s=0.79 lr=1.82e-04 data=0.8s comp=18.7s
2026-02-16 05:00:50,893 - INFO - Epoch 14/60 | loss=3.3361 struct=0.0000 sgram=0.0313 cmoment=0.1370 dtv=0.2996 dl2=0.5401 steps=1.0 h=1.00 s=0.77 lr=1.79e-04 data=0.8s comp=18.8s
2026-02-16 05:01:34,141 - INFO - Epoch 15/60 | loss=3.3354 struct=0.0000 sgram=0.0313 cmoment=0.1367 dtv=0.3092 dl2=0.5694 steps=1.0 h=1.00 s=0.77 lr=1.76e-04 data=0.8s comp=18.8s
2026-02-16 05:02:17,398 - INFO - Epoch 16/60 | loss=3.2826 struct=0.0000 sgram=0.0308 cmoment=0.1351 dtv=0.3133 dl2=0.5648 steps=1.0 h=1.00 s=0.76 lr=1.72e-04 data=0.8s comp=18.8s
2026-02-16 05:03:00,645 - INFO - Epoch 17/60 | loss=3.2593 struct=0.0000 sgram=0.0306 cmoment=0.1340 dtv=0.3212 dl2=0.5872 steps=1.0 h=1.00 s=0.78 lr=1.69e-04 data=0.8s comp=18.8s
2026-02-16 05:03:43,887 - INFO - Epoch 18/60 | loss=3.2543 struct=0.0000 sgram=0.0305 cmoment=0.1338 dtv=0.3306 dl2=0.5967 steps=1.0 h=1.00 s=0.77 lr=1.65e-04 data=0.8s comp=18.7s
2026-02-16 05:04:27,131 - INFO - Epoch 19/60 | loss=3.2339 struct=0.0000 sgram=0.0303 cmoment=0.1330 dtv=0.3352 dl2=0.6049 steps=1.0 h=1.00 s=0.77 lr=1.61e-04 data=0.8s comp=18.7s
2026-02-16 05:05:10,380 - INFO - Epoch 20/60 | loss=3.2459 struct=0.0000 sgram=0.0305 cmoment=0.1330 dtv=0.3401 dl2=0.6146 steps=1.0 h=1.00 s=0.78 lr=1.57e-04 data=0.8s comp=18.7s
2026-02-16 05:05:10,816 - INFO - Saved checkpoint: /mnt/i/Github/Latent_Style/Cycle-NCE/ablation-fixes/C2_no_struct/checkpoints/epoch_0020.pt
2026-02-16 05:05:54,050 - INFO - Epoch 21/60 | loss=3.2192 struct=0.0000 sgram=0.0301 cmoment=0.1330 dtv=0.3481 dl2=0.6250 steps=1.0 h=1.00 s=0.78 lr=1.53e-04 data=0.8s comp=18.7s
2026-02-16 05:06:37,294 - INFO - Epoch 22/60 | loss=3.2018 struct=0.0000 sgram=0.0300 cmoment=0.1324 dtv=0.3528 dl2=0.6271 steps=1.0 h=1.00 s=0.78 lr=1.48e-04 data=0.8s comp=18.7s
2026-02-16 05:07:20,538 - INFO - Epoch 23/60 | loss=3.2350 struct=0.0000 sgram=0.0303 cmoment=0.1332 dtv=0.3599 dl2=0.6354 steps=1.0 h=1.00 s=0.77 lr=1.44e-04 data=0.8s comp=18.7s
2026-02-16 05:08:03,783 - INFO - Epoch 24/60 | loss=3.1952 struct=0.0000 sgram=0.0299 cmoment=0.1321 dtv=0.3650 dl2=0.6428 steps=1.0 h=1.00 s=0.78 lr=1.39e-04 data=0.8s comp=18.7s
2026-02-16 05:08:47,020 - INFO - Epoch 25/60 | loss=3.1958 struct=0.0000 sgram=0.0299 cmoment=0.1317 dtv=0.3672 dl2=0.6444 steps=1.0 h=1.00 s=0.79 lr=1.34e-04 data=0.8s comp=18.7s
2026-02-16 05:09:30,257 - INFO - Epoch 26/60 | loss=3.2080 struct=0.0000 sgram=0.0300 cmoment=0.1325 dtv=0.3698 dl2=0.6502 steps=1.0 h=1.00 s=0.76 lr=1.30e-04 data=0.8s comp=18.7s
2026-02-16 05:10:13,496 - INFO - Epoch 27/60 | loss=3.1908 struct=0.0000 sgram=0.0298 cmoment=0.1321 dtv=0.3713 dl2=0.6430 steps=1.0 h=1.00 s=0.78 lr=1.25e-04 data=0.8s comp=18.7s
2026-02-16 05:10:56,738 - INFO - Epoch 28/60 | loss=3.1548 struct=0.0000 sgram=0.0295 cmoment=0.1306 dtv=0.3758 dl2=0.6579 steps=1.0 h=1.00 s=0.79 lr=1.20e-04 data=0.8s comp=18.7s
2026-02-16 05:11:39,973 - INFO - Epoch 29/60 | loss=3.1896 struct=0.0000 sgram=0.0299 cmoment=0.1314 dtv=0.3782 dl2=0.6580 steps=1.0 h=1.00 s=0.78 lr=1.15e-04 data=0.8s comp=18.7s
2026-02-16 05:12:23,215 - INFO - Epoch 30/60 | loss=3.1625 struct=0.0000 sgram=0.0296 cmoment=0.1306 dtv=0.3764 dl2=0.6506 steps=1.0 h=1.00 s=0.78 lr=1.10e-04 data=0.8s comp=18.7s
2026-02-16 05:12:23,649 - INFO - Saved checkpoint: /mnt/i/Github/Latent_Style/Cycle-NCE/ablation-fixes/C2_no_struct/checkpoints/epoch_0030.pt
2026-02-16 05:12:23,655 - INFO - Running full eval for epoch 30 -> /mnt/i/Github/Latent_Style/Cycle-NCE/ablation-fixes/C2_no_struct/checkpoints/full_eval/epoch_0030
2026-02-16 05:15:54,598 - INFO - Full eval completed for epoch 30. Log: /mnt/i/Github/Latent_Style/Cycle-NCE/ablation-fixes/C2_no_struct/checkpoints/logs/full_eval_epoch_0030.log
2026-02-16 05:16:38,130 - INFO - Epoch 31/60 | loss=3.1758 struct=0.0000 sgram=0.0297 cmoment=0.1311 dtv=0.3838 dl2=0.6594 steps=1.0 h=1.00 s=0.76 lr=1.05e-04 data=0.8s comp=18.7s
2026-02-16 05:17:21,343 - INFO - Epoch 32/60 | loss=3.1786 struct=0.0000 sgram=0.0298 cmoment=0.1306 dtv=0.3879 dl2=0.6644 steps=1.0 h=1.00 s=0.78 lr=1.00e-04 data=0.8s comp=18.7s
2026-02-16 05:18:04,559 - INFO - Epoch 33/60 | loss=3.1540 struct=0.0000 sgram=0.0295 cmoment=0.1309 dtv=0.3888 dl2=0.6687 steps=1.0 h=1.00 s=0.76 lr=9.51e-05 data=0.8s comp=18.7s
2026-02-16 05:18:47,775 - INFO - Epoch 34/60 | loss=3.1484 struct=0.0000 sgram=0.0294 cmoment=0.1307 dtv=0.3912 dl2=0.6733 steps=1.0 h=1.00 s=0.79 lr=9.01e-05 data=0.8s comp=18.7s
2026-02-16 05:19:30,995 - INFO - Epoch 35/60 | loss=3.1529 struct=0.0000 sgram=0.0295 cmoment=0.1306 dtv=0.3927 dl2=0.6719 steps=1.0 h=1.00 s=0.76 lr=8.52e-05 data=0.8s comp=18.7s
2026-02-16 05:20:14,216 - INFO - Epoch 36/60 | loss=3.1482 struct=0.0000 sgram=0.0294 cmoment=0.1308 dtv=0.3952 dl2=0.6727 steps=1.0 h=1.00 s=0.78 lr=8.04e-05 data=0.8s comp=18.7s
2026-02-16 05:20:57,430 - INFO - Epoch 37/60 | loss=3.1539 struct=0.0000 sgram=0.0295 cmoment=0.1307 dtv=0.3982 dl2=0.6743 steps=1.0 h=1.00 s=0.77 lr=7.56e-05 data=0.8s comp=18.7s
2026-02-16 05:21:40,660 - INFO - Epoch 38/60 | loss=3.1375 struct=0.0000 sgram=0.0293 cmoment=0.1301 dtv=0.3987 dl2=0.6778 steps=1.0 h=1.00 s=0.77 lr=7.10e-05 data=0.8s comp=18.7s
2026-02-16 05:22:23,879 - INFO - Epoch 39/60 | loss=3.1591 struct=0.0000 sgram=0.0295 cmoment=0.1308 dtv=0.3986 dl2=0.6746 steps=1.0 h=1.00 s=0.77 lr=6.64e-05 data=0.8s comp=18.7s
2026-02-16 05:23:07,187 - INFO - Epoch 40/60 | loss=3.1600 struct=0.0000 sgram=0.0295 cmoment=0.1316 dtv=0.4061 dl2=0.6868 steps=1.0 h=1.00 s=0.79 lr=6.19e-05 data=0.8s comp=18.8s
2026-02-16 05:23:07,637 - INFO - Saved checkpoint: /mnt/i/Github/Latent_Style/Cycle-NCE/ablation-fixes/C2_no_struct/checkpoints/epoch_0040.pt
2026-02-16 05:23:50,850 - INFO - Epoch 41/60 | loss=3.1651 struct=0.0000 sgram=0.0296 cmoment=0.1310 dtv=0.4076 dl2=0.6862 steps=1.0 h=1.00 s=0.77 lr=5.75e-05 data=0.8s comp=18.7s
2026-02-16 05:24:34,073 - INFO - Epoch 42/60 | loss=3.1543 struct=0.0000 sgram=0.0295 cmoment=0.1305 dtv=0.4075 dl2=0.6892 steps=1.0 h=1.00 s=0.78 lr=5.33e-05 data=0.8s comp=18.7s
2026-02-16 05:25:17,286 - INFO - Epoch 43/60 | loss=3.1322 struct=0.0000 sgram=0.0292 cmoment=0.1303 dtv=0.4089 dl2=0.6894 steps=1.0 h=1.00 s=0.78 lr=4.92e-05 data=0.8s comp=18.7s
2026-02-16 05:26:00,500 - INFO - Epoch 44/60 | loss=3.1371 struct=0.0000 sgram=0.0293 cmoment=0.1305 dtv=0.4100 dl2=0.6867 steps=1.0 h=1.00 s=0.78 lr=4.52e-05 data=0.8s comp=18.7s
2026-02-16 05:26:43,709 - INFO - Epoch 45/60 | loss=3.1443 struct=0.0000 sgram=0.0294 cmoment=0.1300 dtv=0.4125 dl2=0.6907 steps=1.0 h=1.00 s=0.77 lr=4.14e-05 data=0.8s comp=18.7s
2026-02-16 05:27:26,926 - INFO - Epoch 46/60 | loss=3.1150 struct=0.0000 sgram=0.0290 cmoment=0.1302 dtv=0.4147 dl2=0.6958 steps=1.0 h=1.00 s=0.76 lr=3.78e-05 data=0.8s comp=18.7s
2026-02-16 05:28:10,354 - INFO - Epoch 47/60 | loss=3.1361 struct=0.0000 sgram=0.0293 cmoment=0.1302 dtv=0.4158 dl2=0.6938 steps=1.0 h=1.00 s=0.77 lr=3.44e-05 data=1.3s comp=18.7s
2026-02-16 05:28:53,564 - INFO - Epoch 48/60 | loss=3.1446 struct=0.0000 sgram=0.0294 cmoment=0.1306 dtv=0.4143 dl2=0.6892 steps=1.0 h=1.00 s=0.77 lr=3.12e-05 data=0.8s comp=18.7s
2026-02-16 05:29:36,774 - INFO - Epoch 49/60 | loss=3.1494 struct=0.0000 sgram=0.0294 cmoment=0.1303 dtv=0.4157 dl2=0.6944 steps=1.0 h=1.00 s=0.79 lr=2.81e-05 data=0.8s comp=18.7s
2026-02-16 05:30:19,985 - INFO - Epoch 50/60 | loss=3.1433 struct=0.0000 sgram=0.0293 cmoment=0.1310 dtv=0.4181 dl2=0.6949 steps=1.0 h=1.00 s=0.78 lr=2.53e-05 data=0.8s comp=18.7s
2026-02-16 05:30:20,419 - INFO - Saved checkpoint: /mnt/i/Github/Latent_Style/Cycle-NCE/ablation-fixes/C2_no_struct/checkpoints/epoch_0050.pt
2026-02-16 05:31:03,632 - INFO - Epoch 51/60 | loss=3.1441 struct=0.0000 sgram=0.0294 cmoment=0.1306 dtv=0.4178 dl2=0.6925 steps=1.0 h=1.00 s=0.78 lr=2.27e-05 data=0.8s comp=18.7s
2026-02-16 05:31:46,846 - INFO - Epoch 52/60 | loss=3.1684 struct=0.0000 sgram=0.0296 cmoment=0.1312 dtv=0.4185 dl2=0.6952 steps=1.0 h=1.00 s=0.77 lr=2.04e-05 data=0.8s comp=18.7s
2026-02-16 05:32:30,055 - INFO - Epoch 53/60 | loss=3.1357 struct=0.0000 sgram=0.0293 cmoment=0.1305 dtv=0.4206 dl2=0.7006 steps=1.0 h=1.00 s=0.77 lr=1.82e-05 data=0.8s comp=18.7s
2026-02-16 05:33:13,267 - INFO - Epoch 54/60 | loss=3.1535 struct=0.0000 sgram=0.0295 cmoment=0.1306 dtv=0.4204 dl2=0.6991 steps=1.0 h=1.00 s=0.76 lr=1.63e-05 data=0.8s comp=18.7s
2026-02-16 05:33:56,477 - INFO - Epoch 55/60 | loss=3.1444 struct=0.0000 sgram=0.0293 cmoment=0.1310 dtv=0.4224 dl2=0.6995 steps=1.0 h=1.00 s=0.77 lr=1.46e-05 data=0.8s comp=18.7s
2026-02-16 05:34:39,693 - INFO - Epoch 56/60 | loss=3.1442 struct=0.0000 sgram=0.0293 cmoment=0.1309 dtv=0.4208 dl2=0.6942 steps=1.0 h=1.00 s=0.77 lr=1.32e-05 data=0.8s comp=18.7s
2026-02-16 05:35:22,902 - INFO - Epoch 57/60 | loss=3.1136 struct=0.0000 sgram=0.0291 cmoment=0.1295 dtv=0.4212 dl2=0.7007 steps=1.0 h=1.00 s=0.78 lr=1.21e-05 data=0.8s comp=18.7s
2026-02-16 05:36:06,115 - INFO - Epoch 58/60 | loss=3.1220 struct=0.0000 sgram=0.0291 cmoment=0.1298 dtv=0.4227 dl2=0.7020 steps=1.0 h=1.00 s=0.77 lr=1.12e-05 data=0.8s comp=18.7s
2026-02-16 05:36:49,331 - INFO - Epoch 59/60 | loss=3.1328 struct=0.0000 sgram=0.0292 cmoment=0.1304 dtv=0.4221 dl2=0.6993 steps=1.0 h=1.00 s=0.77 lr=1.05e-05 data=0.8s comp=18.7s
2026-02-16 05:37:32,555 - INFO - Epoch 60/60 | loss=3.1424 struct=0.0000 sgram=0.0293 cmoment=0.1303 dtv=0.4236 dl2=0.7019 steps=1.0 h=1.00 s=0.77 lr=1.01e-05 data=0.8s comp=18.7s
2026-02-16 05:37:32,991 - INFO - Saved checkpoint: /mnt/i/Github/Latent_Style/Cycle-NCE/ablation-fixes/C2_no_struct/checkpoints/epoch_0060.pt
2026-02-16 05:37:33,000 - INFO - Running full eval for epoch 60 -> /mnt/i/Github/Latent_Style/Cycle-NCE/ablation-fixes/C2_no_struct/checkpoints/full_eval/epoch_0060
2026-02-16 05:41:03,413 - INFO - Full eval completed for epoch 60. Log: /mnt/i/Github/Latent_Style/Cycle-NCE/ablation-fixes/C2_no_struct/checkpoints/logs/full_eval_epoch_0060.log
2026-02-16 05:41:03,414 - INFO - Training completed.
