2026-02-20 12:38:08,019 - WARNING - w_style=222.9308 looks high for Projected SWD loss. Recommended start range is [5, 20].
2026-02-20 12:38:08,020 - INFO - Active losses: w_style, w_moment, w_identity, w_structure
2026-02-20 12:38:08,042 - INFO - Device: cuda
2026-02-20 12:38:08,042 - INFO - Seed: 42
2026-02-20 12:38:08,042 - INFO - Loading latent dataset from ..\..\sdxl-256-overfit50
2026-02-20 12:38:08,048 - INFO -   style=photo id=0 count=10
2026-02-20 12:38:08,051 - INFO -   style=Hayao id=1 count=10
2026-02-20 12:38:08,055 - INFO -   style=monet id=2 count=10
2026-02-20 12:38:08,058 - INFO -   style=cezanne id=3 count=10
2026-02-20 12:38:08,061 - INFO -   style=vangogh id=4 count=10
2026-02-20 12:38:08,117 - INFO - Dataset preloaded to cuda: 0.00GB across 5 style pools.
2026-02-20 12:38:08,118 - INFO - DataLoader | batch=50 workers=0 pin_memory=False persistent_workers=False preload_to_gpu=True
2026-02-20 12:38:08,161 - INFO - Model params: 7,153,476
2026-02-20 12:38:08,163 - INFO - Adding NCE Projector params to optimizer: 4 tensors
2026-02-20 12:38:08,798 - INFO - No checkpoint found, start from scratch.
2026-02-20 12:38:11,483 - INFO - [Epoch 1 Step 10/1000] loss=7737.9345 style=33.2236 mom=0.5977 struct=3.9509 tv=0.0000 idt=0.0490 it/s=3.73 eta=265.7s
2026-02-20 12:38:13,119 - INFO - [Epoch 1 Step 20/1000] loss=7887.4681 style=33.8386 mom=0.6029 struct=3.9658 tv=0.0000 idt=0.0676 it/s=4.63 eta=211.7s
2026-02-20 12:38:14,754 - INFO - [Epoch 1 Step 30/1000] loss=7842.8451 style=33.5931 mom=0.6031 struct=3.9697 tv=0.0000 idt=0.0849 it/s=5.04 eta=192.5s
2026-02-20 12:38:16,394 - INFO - [Epoch 1 Step 40/1000] loss=7786.8695 style=33.3028 mom=0.6020 struct=3.9637 tv=0.0000 idt=0.1010 it/s=5.27 eta=182.3s
2026-02-20 12:38:18,031 - INFO - [Epoch 1 Step 50/1000] loss=7788.9996 style=33.2632 mom=0.6039 struct=3.9626 tv=0.0000 idt=0.1196 it/s=5.42 eta=175.4s
2026-02-20 12:38:19,670 - INFO - [Epoch 1 Step 60/1000] loss=7703.0272 style=32.8217 mom=0.6037 struct=3.9699 tv=0.0000 idt=0.1408 it/s=5.52 eta=170.3s
2026-02-20 12:38:21,303 - INFO - [Epoch 1 Step 70/1000] loss=7599.3218 style=32.2996 mom=0.6014 struct=3.9740 tv=0.0000 idt=0.1633 it/s=5.60 eta=166.1s
2026-02-20 12:38:22,939 - INFO - [Epoch 1 Step 80/1000] loss=7566.1616 style=32.0688 mom=0.6024 struct=3.9810 tv=0.0000 idt=0.1943 it/s=5.66 eta=162.6s
2026-02-20 12:38:24,573 - INFO - [Epoch 1 Step 90/1000] loss=7475.6926 style=31.5779 mom=0.6019 struct=3.9866 tv=0.0000 idt=0.2271 it/s=5.71 eta=159.5s
2026-02-20 12:38:26,210 - INFO - [Epoch 1 Step 100/1000] loss=7391.4028 style=31.1160 mom=0.6022 struct=3.9944 tv=0.0000 idt=0.2589 it/s=5.74 eta=156.7s
2026-02-20 12:38:27,843 - INFO - [Epoch 1 Step 110/1000] loss=7310.8328 style=30.7128 mom=0.6006 struct=4.0020 tv=0.0000 idt=0.2751 it/s=5.78 eta=154.1s
2026-02-20 12:38:29,477 - INFO - [Epoch 1 Step 120/1000] loss=7222.2912 style=30.2604 mom=0.5999 struct=4.0086 tv=0.0000 idt=0.2962 it/s=5.80 eta=151.6s
2026-02-20 12:38:31,108 - INFO - [Epoch 1 Step 130/1000] loss=7150.4828 style=29.8872 mom=0.5978 struct=4.0166 tv=0.0000 idt=0.3161 it/s=5.83 eta=149.3s
2026-02-20 12:38:32,742 - INFO - [Epoch 1 Step 140/1000] loss=7060.9697 style=29.4445 mom=0.5966 struct=4.0222 tv=0.0000 idt=0.3321 it/s=5.85 eta=147.1s
2026-02-20 12:38:34,380 - INFO - [Epoch 1 Step 150/1000] loss=7001.6338 style=29.1190 mom=0.5959 struct=4.0296 tv=0.0000 idt=0.3548 it/s=5.86 eta=145.0s
2026-02-20 12:38:36,014 - INFO - [Epoch 1 Step 160/1000] loss=6932.6604 style=28.7651 mom=0.5939 struct=4.0378 tv=0.0000 idt=0.3721 it/s=5.88 eta=142.9s
2026-02-20 12:38:37,652 - INFO - [Epoch 1 Step 170/1000] loss=6861.9971 style=28.3831 mom=0.5916 struct=4.0478 tv=0.0000 idt=0.3973 it/s=5.89 eta=140.9s
2026-02-20 12:38:39,283 - INFO - [Epoch 1 Step 180/1000] loss=6787.1491 style=28.0075 mom=0.5900 struct=4.0568 tv=0.0000 idt=0.4126 it/s=5.90 eta=138.9s
2026-02-20 12:38:40,924 - INFO - [Epoch 1 Step 190/1000] loss=6727.8248 style=27.6900 mom=0.5874 struct=4.0681 tv=0.0000 idt=0.4326 it/s=5.91 eta=136.9s
2026-02-20 12:38:42,558 - INFO - [Epoch 1 Step 200/1000] loss=6666.6886 style=27.3783 mom=0.5850 struct=4.0789 tv=0.0000 idt=0.4471 it/s=5.92 eta=135.0s
2026-02-20 12:38:44,194 - INFO - [Epoch 1 Step 210/1000] loss=6598.1310 style=27.0299 mom=0.5826 struct=4.0871 tv=0.0000 idt=0.4631 it/s=5.93 eta=133.1s
2026-02-20 12:38:45,828 - INFO - [Epoch 1 Step 220/1000] loss=6530.4261 style=26.6998 mom=0.5794 struct=4.0958 tv=0.0000 idt=0.4737 it/s=5.94 eta=131.3s
2026-02-20 12:38:47,459 - INFO - [Epoch 1 Step 230/1000] loss=6476.9287 style=26.4214 mom=0.5767 struct=4.1069 tv=0.0000 idt=0.4887 it/s=5.95 eta=129.4s
2026-02-20 12:38:49,097 - INFO - [Epoch 1 Step 240/1000] loss=6427.9556 style=26.1609 mom=0.5742 struct=4.1188 tv=0.0000 idt=0.5044 it/s=5.96 eta=127.6s
2026-02-20 12:38:50,744 - INFO - [Epoch 1 Step 250/1000] loss=6384.9977 style=25.9213 mom=0.5720 struct=4.1284 tv=0.0000 idt=0.5226 it/s=5.96 eta=125.8s
2026-02-20 12:38:52,381 - INFO - [Epoch 1 Step 260/1000] loss=6347.8549 style=25.7292 mom=0.5701 struct=4.1379 tv=0.0000 idt=0.5324 it/s=5.97 eta=124.0s
2026-02-20 12:38:54,017 - INFO - [Epoch 1 Step 270/1000] loss=6305.8534 style=25.5070 mom=0.5681 struct=4.1466 tv=0.0000 idt=0.5455 it/s=5.97 eta=122.3s
2026-02-20 12:38:55,653 - INFO - [Epoch 1 Step 280/1000] loss=6265.3554 style=25.2968 mom=0.5663 struct=4.1573 tv=0.0000 idt=0.5563 it/s=5.98 eta=120.5s
2026-02-20 12:38:57,288 - INFO - [Epoch 1 Step 290/1000] loss=6226.4632 style=25.0955 mom=0.5650 struct=4.1660 tv=0.0000 idt=0.5665 it/s=5.98 eta=118.7s
2026-02-20 12:38:58,923 - INFO - [Epoch 1 Step 300/1000] loss=6189.9815 style=24.9059 mom=0.5634 struct=4.1724 tv=0.0000 idt=0.5766 it/s=5.99 eta=117.0s
2026-02-20 12:39:00,557 - INFO - [Epoch 1 Step 310/1000] loss=6164.9037 style=24.7680 mom=0.5623 struct=4.1805 tv=0.0000 idt=0.5862 it/s=5.99 eta=115.2s
2026-02-20 12:39:02,193 - INFO - [Epoch 1 Step 320/1000] loss=6128.4096 style=24.5776 mom=0.5606 struct=4.1908 tv=0.0000 idt=0.5963 it/s=5.99 eta=113.5s
2026-02-20 12:39:03,827 - INFO - [Epoch 1 Step 330/1000] loss=6093.7007 style=24.4086 mom=0.5590 struct=4.1981 tv=0.0000 idt=0.6014 it/s=6.00 eta=111.7s
2026-02-20 12:39:05,459 - INFO - [Epoch 1 Step 340/1000] loss=6064.6328 style=24.2596 mom=0.5582 struct=4.2058 tv=0.0000 idt=0.6083 it/s=6.00 eta=110.0s
2026-02-20 12:39:07,094 - INFO - [Epoch 1 Step 350/1000] loss=6037.3981 style=24.1171 mom=0.5574 struct=4.2138 tv=0.0000 idt=0.6158 it/s=6.00 eta=108.3s
2026-02-20 12:39:08,730 - INFO - [Epoch 1 Step 360/1000] loss=6004.1630 style=23.9520 mom=0.5562 struct=4.2216 tv=0.0000 idt=0.6218 it/s=6.01 eta=106.5s
2026-02-20 12:39:10,368 - INFO - [Epoch 1 Step 370/1000] loss=5975.6935 style=23.8129 mom=0.5547 struct=4.2288 tv=0.0000 idt=0.6261 it/s=6.01 eta=104.8s
2026-02-20 12:39:11,998 - INFO - [Epoch 1 Step 380/1000] loss=5946.2841 style=23.6722 mom=0.5534 struct=4.2366 tv=0.0000 idt=0.6293 it/s=6.01 eta=103.1s
2026-02-20 12:39:13,632 - INFO - [Epoch 1 Step 390/1000] loss=5921.3028 style=23.5416 mom=0.5524 struct=4.2438 tv=0.0000 idt=0.6363 it/s=6.02 eta=101.4s
2026-02-20 12:39:15,271 - INFO - [Epoch 1 Step 400/1000] loss=5899.0482 style=23.4321 mom=0.5513 struct=4.2493 tv=0.0000 idt=0.6400 it/s=6.02 eta=99.7s
2026-02-20 12:39:16,902 - INFO - [Epoch 1 Step 410/1000] loss=5876.7886 style=23.3232 mom=0.5502 struct=4.2560 tv=0.0000 idt=0.6433 it/s=6.02 eta=98.0s
2026-02-20 12:39:18,539 - INFO - [Epoch 1 Step 420/1000] loss=5858.6735 style=23.2220 mom=0.5492 struct=4.2636 tv=0.0000 idt=0.6508 it/s=6.02 eta=96.3s
2026-02-20 12:39:20,175 - INFO - [Epoch 1 Step 430/1000] loss=5843.9037 style=23.1528 mom=0.5483 struct=4.2680 tv=0.0000 idt=0.6518 it/s=6.02 eta=94.6s
2026-02-20 12:39:21,810 - INFO - [Epoch 1 Step 440/1000] loss=5830.4942 style=23.0736 mom=0.5476 struct=4.2748 tv=0.0000 idt=0.6590 it/s=6.03 eta=92.9s
2026-02-20 12:39:23,460 - INFO - [Epoch 1 Step 450/1000] loss=5810.6692 style=22.9702 mom=0.5465 struct=4.2803 tv=0.0000 idt=0.6645 it/s=6.03 eta=91.3s
2026-02-20 12:39:25,092 - INFO - [Epoch 1 Step 460/1000] loss=5788.7999 style=22.8747 mom=0.5458 struct=4.2844 tv=0.0000 idt=0.6634 it/s=6.03 eta=89.6s
2026-02-20 12:39:26,726 - INFO - [Epoch 1 Step 470/1000] loss=5770.1237 style=22.7848 mom=0.5448 struct=4.2900 tv=0.0000 idt=0.6656 it/s=6.03 eta=87.9s
2026-02-20 12:39:28,358 - INFO - [Epoch 1 Step 480/1000] loss=5750.2382 style=22.6868 mom=0.5440 struct=4.2954 tv=0.0000 idt=0.6689 it/s=6.03 eta=86.2s
2026-02-20 12:39:29,993 - INFO - [Epoch 1 Step 490/1000] loss=5730.9582 style=22.5877 mom=0.5430 struct=4.3016 tv=0.0000 idt=0.6736 it/s=6.03 eta=84.5s
2026-02-20 12:39:31,628 - INFO - [Epoch 1 Step 500/1000] loss=5711.5028 style=22.4935 mom=0.5419 struct=4.3071 tv=0.0000 idt=0.6762 it/s=6.04 eta=82.8s
2026-02-20 12:39:33,259 - INFO - [Epoch 1 Step 510/1000] loss=5690.7427 style=22.3951 mom=0.5407 struct=4.3114 tv=0.0000 idt=0.6783 it/s=6.04 eta=81.1s
2026-02-20 12:39:34,895 - INFO - [Epoch 1 Step 520/1000] loss=5679.3795 style=22.3399 mom=0.5403 struct=4.3156 tv=0.0000 idt=0.6798 it/s=6.04 eta=79.5s
2026-02-20 12:39:36,573 - INFO - [Epoch 1 Step 530/1000] loss=5665.6662 style=22.2732 mom=0.5398 struct=4.3197 tv=0.0000 idt=0.6816 it/s=6.04 eta=77.8s
2026-02-20 12:39:38,218 - INFO - [Epoch 1 Step 540/1000] loss=5648.3985 style=22.1933 mom=0.5392 struct=4.3253 tv=0.0000 idt=0.6823 it/s=6.04 eta=76.2s
2026-02-20 12:39:39,851 - INFO - [Epoch 1 Step 550/1000] loss=5631.6778 style=22.1159 mom=0.5386 struct=4.3309 tv=0.0000 idt=0.6830 it/s=6.04 eta=74.5s
2026-02-20 12:39:41,490 - INFO - [Epoch 1 Step 560/1000] loss=5614.9332 style=22.0402 mom=0.5379 struct=4.3375 tv=0.0000 idt=0.6829 it/s=6.04 eta=72.8s
2026-02-20 12:39:43,123 - INFO - [Epoch 1 Step 570/1000] loss=5597.6543 style=21.9613 mom=0.5372 struct=4.3413 tv=0.0000 idt=0.6834 it/s=6.04 eta=71.2s
2026-02-20 12:39:44,756 - INFO - [Epoch 1 Step 580/1000] loss=5581.4236 style=21.8853 mom=0.5364 struct=4.3456 tv=0.0000 idt=0.6846 it/s=6.04 eta=69.5s
2026-02-20 12:39:46,388 - INFO - [Epoch 1 Step 590/1000] loss=5564.6235 style=21.8141 mom=0.5357 struct=4.3486 tv=0.0000 idt=0.6829 it/s=6.05 eta=67.8s
2026-02-20 12:39:48,024 - INFO - [Epoch 1 Step 600/1000] loss=5550.5050 style=21.7467 mom=0.5349 struct=4.3532 tv=0.0000 idt=0.6844 it/s=6.05 eta=66.1s
2026-02-20 12:39:49,657 - INFO - [Epoch 1 Step 610/1000] loss=5535.5030 style=21.6809 mom=0.5344 struct=4.3579 tv=0.0000 idt=0.6836 it/s=6.05 eta=64.5s
2026-02-20 12:39:51,287 - INFO - [Epoch 1 Step 620/1000] loss=5520.5878 style=21.6140 mom=0.5336 struct=4.3634 tv=0.0000 idt=0.6834 it/s=6.05 eta=62.8s
2026-02-20 12:39:52,921 - INFO - [Epoch 1 Step 630/1000] loss=5507.8712 style=21.5615 mom=0.5332 struct=4.3676 tv=0.0000 idt=0.6815 it/s=6.05 eta=61.2s
2026-02-20 12:39:54,550 - INFO - [Epoch 1 Step 640/1000] loss=5491.6625 style=21.4885 mom=0.5324 struct=4.3715 tv=0.0000 idt=0.6815 it/s=6.05 eta=59.5s
2026-02-20 12:39:56,180 - INFO - [Epoch 1 Step 650/1000] loss=5476.3667 style=21.4239 mom=0.5317 struct=4.3743 tv=0.0000 idt=0.6800 it/s=6.05 eta=57.8s
2026-02-20 12:39:57,813 - INFO - [Epoch 1 Step 660/1000] loss=5460.6302 style=21.3550 mom=0.5309 struct=4.3782 tv=0.0000 idt=0.6793 it/s=6.05 eta=56.2s
2026-02-20 12:39:59,448 - INFO - [Epoch 1 Step 670/1000] loss=5448.5454 style=21.2988 mom=0.5305 struct=4.3828 tv=0.0000 idt=0.6798 it/s=6.06 eta=54.5s
2026-02-20 12:40:01,080 - INFO - [Epoch 1 Step 680/1000] loss=5437.9042 style=21.2523 mom=0.5301 struct=4.3855 tv=0.0000 idt=0.6792 it/s=6.06 eta=52.8s
2026-02-20 12:40:02,714 - INFO - [Epoch 1 Step 690/1000] loss=5423.9624 style=21.1915 mom=0.5295 struct=4.3884 tv=0.0000 idt=0.6785 it/s=6.06 eta=51.2s
2026-02-20 12:40:04,348 - INFO - [Epoch 1 Step 700/1000] loss=5409.7530 style=21.1312 mom=0.5287 struct=4.3907 tv=0.0000 idt=0.6773 it/s=6.06 eta=49.5s
2026-02-20 12:40:05,981 - INFO - [Epoch 1 Step 710/1000] loss=5399.9930 style=21.0867 mom=0.5283 struct=4.3957 tv=0.0000 idt=0.6773 it/s=6.06 eta=47.9s
2026-02-20 12:40:07,614 - INFO - [Epoch 1 Step 720/1000] loss=5383.1662 style=21.0173 mom=0.5279 struct=4.3985 tv=0.0000 idt=0.6748 it/s=6.06 eta=46.2s
2026-02-20 12:40:09,245 - INFO - [Epoch 1 Step 730/1000] loss=5371.2392 style=20.9689 mom=0.5273 struct=4.4005 tv=0.0000 idt=0.6728 it/s=6.06 eta=44.5s
2026-02-20 12:40:10,877 - INFO - [Epoch 1 Step 740/1000] loss=5361.6556 style=20.9275 mom=0.5268 struct=4.4038 tv=0.0000 idt=0.6721 it/s=6.06 eta=42.9s
2026-02-20 12:40:12,512 - INFO - [Epoch 1 Step 750/1000] loss=5348.8234 style=20.8764 mom=0.5261 struct=4.4072 tv=0.0000 idt=0.6696 it/s=6.06 eta=41.2s
2026-02-20 12:40:14,148 - INFO - [Epoch 1 Step 760/1000] loss=5339.8113 style=20.8383 mom=0.5257 struct=4.4108 tv=0.0000 idt=0.6685 it/s=6.06 eta=39.6s
2026-02-20 12:40:15,783 - INFO - [Epoch 1 Step 770/1000] loss=5327.8606 style=20.7891 mom=0.5252 struct=4.4135 tv=0.0000 idt=0.6668 it/s=6.06 eta=37.9s
2026-02-20 12:40:17,436 - INFO - [Epoch 1 Step 780/1000] loss=5315.9725 style=20.7411 mom=0.5245 struct=4.4163 tv=0.0000 idt=0.6647 it/s=6.06 eta=36.3s
2026-02-20 12:40:19,079 - INFO - [Epoch 1 Step 790/1000] loss=5304.5251 style=20.6967 mom=0.5239 struct=4.4199 tv=0.0000 idt=0.6619 it/s=6.06 eta=34.6s
2026-02-20 12:40:20,717 - INFO - [Epoch 1 Step 800/1000] loss=5293.4656 style=20.6487 mom=0.5234 struct=4.4231 tv=0.0000 idt=0.6612 it/s=6.06 eta=33.0s
2026-02-20 12:40:22,352 - INFO - [Epoch 1 Step 810/1000] loss=5282.8661 style=20.6039 mom=0.5228 struct=4.4262 tv=0.0000 idt=0.6601 it/s=6.07 eta=31.3s
2026-02-20 12:40:23,986 - INFO - [Epoch 1 Step 820/1000] loss=5273.1316 style=20.5625 mom=0.5224 struct=4.4288 tv=0.0000 idt=0.6591 it/s=6.07 eta=29.7s
2026-02-20 12:40:25,619 - INFO - [Epoch 1 Step 830/1000] loss=5262.9472 style=20.5217 mom=0.5219 struct=4.4318 tv=0.0000 idt=0.6571 it/s=6.07 eta=28.0s
2026-02-20 12:40:27,251 - INFO - [Epoch 1 Step 840/1000] loss=5252.0067 style=20.4784 mom=0.5214 struct=4.4344 tv=0.0000 idt=0.6548 it/s=6.07 eta=26.4s
2026-02-20 12:40:28,882 - INFO - [Epoch 1 Step 850/1000] loss=5241.7133 style=20.4387 mom=0.5210 struct=4.4379 tv=0.0000 idt=0.6522 it/s=6.07 eta=24.7s
2026-02-20 12:40:30,513 - INFO - [Epoch 1 Step 860/1000] loss=5231.1796 style=20.3987 mom=0.5207 struct=4.4411 tv=0.0000 idt=0.6492 it/s=6.07 eta=23.1s
2026-02-20 12:40:32,150 - INFO - [Epoch 1 Step 870/1000] loss=5223.0338 style=20.3677 mom=0.5206 struct=4.4439 tv=0.0000 idt=0.6469 it/s=6.07 eta=21.4s
2026-02-20 12:40:33,785 - INFO - [Epoch 1 Step 880/1000] loss=5213.9660 style=20.3324 mom=0.5202 struct=4.4473 tv=0.0000 idt=0.6446 it/s=6.07 eta=19.8s
2026-02-20 12:40:35,421 - INFO - [Epoch 1 Step 890/1000] loss=5202.2978 style=20.2840 mom=0.5196 struct=4.4493 tv=0.0000 idt=0.6431 it/s=6.07 eta=18.1s
2026-02-20 12:40:37,061 - INFO - [Epoch 1 Step 900/1000] loss=5193.0851 style=20.2452 mom=0.5192 struct=4.4524 tv=0.0000 idt=0.6420 it/s=6.07 eta=16.5s
2026-02-20 12:40:38,698 - INFO - [Epoch 1 Step 910/1000] loss=5183.7686 style=20.2075 mom=0.5187 struct=4.4543 tv=0.0000 idt=0.6404 it/s=6.07 eta=14.8s
2026-02-20 12:40:40,335 - INFO - [Epoch 1 Step 920/1000] loss=5176.3631 style=20.1801 mom=0.5183 struct=4.4568 tv=0.0000 idt=0.6381 it/s=6.07 eta=13.2s
2026-02-20 12:40:41,965 - INFO - [Epoch 1 Step 930/1000] loss=5167.0316 style=20.1464 mom=0.5181 struct=4.4589 tv=0.0000 idt=0.6348 it/s=6.07 eta=11.5s
2026-02-20 12:40:43,600 - INFO - [Epoch 1 Step 940/1000] loss=5158.8856 style=20.1138 mom=0.5178 struct=4.4620 tv=0.0000 idt=0.6332 it/s=6.07 eta=9.9s
2026-02-20 12:40:45,235 - INFO - [Epoch 1 Step 950/1000] loss=5150.5149 style=20.0826 mom=0.5174 struct=4.4640 tv=0.0000 idt=0.6306 it/s=6.07 eta=8.2s
2026-02-20 12:40:46,869 - INFO - [Epoch 1 Step 960/1000] loss=5141.7464 style=20.0509 mom=0.5171 struct=4.4663 tv=0.0000 idt=0.6276 it/s=6.07 eta=6.6s
2026-02-20 12:40:48,510 - INFO - [Epoch 1 Step 970/1000] loss=5134.7215 style=20.0229 mom=0.5168 struct=4.4688 tv=0.0000 idt=0.6261 it/s=6.07 eta=4.9s
2026-02-20 12:40:50,145 - INFO - [Epoch 1 Step 980/1000] loss=5128.9986 style=20.0015 mom=0.5165 struct=4.4717 tv=0.0000 idt=0.6243 it/s=6.07 eta=3.3s
2026-02-20 12:40:51,784 - INFO - [Epoch 1 Step 990/1000] loss=5122.8375 style=19.9799 mom=0.5163 struct=4.4747 tv=0.0000 idt=0.6218 it/s=6.07 eta=1.6s
2026-02-20 12:40:53,420 - INFO - [Epoch 1 Step 1000/1000] loss=5113.1592 style=19.9408 mom=0.5159 struct=4.4776 tv=0.0000 idt=0.6200 it/s=6.07 eta=0.0s
2026-02-20 12:40:53,423 - INFO - Epoch 1/1 | loss=5113.1592 style_swd=19.9408 mom=0.5159 struct=4.4776 tv=0.0000 idt=0.6200 steps=1.0 h=1.00 s=1.00 lr=5.00e-04 data=1.2s comp=163.4s
2026-02-20 12:40:53,505 - INFO - Saved checkpoint: G:\GitHub\Latent_Style\Cycle-NCE\ssim-optun-nce\trial_0219\epoch_0001.pt (step=1000)
2026-02-20 12:40:53,506 - INFO - Running full eval for epoch 1 -> G:\GitHub\Latent_Style\Cycle-NCE\ssim-optun-nce\trial_0219\full_eval\epoch_0001
2026-02-20 12:41:46,498 - INFO - Full eval completed for epoch 1. Log: G:\GitHub\Latent_Style\Cycle-NCE\ssim-optun-nce\trial_0219\logs\full_eval_epoch_0001.log
2026-02-20 12:41:46,498 - INFO - Training completed.
