CMD: /home/xy/miniconda3/envs/cu128/bin/python /mnt/g/GitHub/Latent_Style/Cycle-NCE/src/run.py --config /mnt/g/GitHub/Latent_Style/Cycle-NCE/sweep_200ep_final/A01_Balanced_Fix/config.json

2026-02-16 16:48:18,573 - INFO - Active losses: w_semigroup, w_swd, w_color_moment, w_identity, w_delta_tv, w_delta_l2, w_output_tv
2026-02-16 16:48:18,659 - INFO - Set PYTORCH_ALLOC_CONF=expandable_segments:True
2026-02-16 16:48:18,668 - INFO - Device: cuda
2026-02-16 16:48:18,668 - INFO - Seed: 42
2026-02-16 16:48:18,669 - INFO - Loading latent dataset from ../../latents_overfit50
2026-02-16 16:48:18,890 - INFO -   style=photo id=0 count=50
2026-02-16 16:48:19,137 - INFO -   style=Hayao id=1 count=50
2026-02-16 16:48:19,353 - INFO - Dataset preloaded to cuda: 0.00GB across 2 style pools.
2026-02-16 16:48:19,362 - INFO - DataLoader | batch=32 workers=0 pin_memory=False persistent_workers=False preload_to_gpu=True
2026-02-16 16:48:19,580 - INFO - Model params: 23,881,604
2026-02-16 16:48:19,580 - INFO - Infra | channels_last=True tf32=True grad_ckpt=False compile=False backend=off mode=off fullgraph=False cudagraphs=off gc_collect_interval=0 loss_timing_interval=0 strict_batch_sanity=True strict_batch_sanity_interval=1 cuda_sync_debug=False profiler=False alloc_conf=expandable_segments:True
2026-02-16 16:48:19,581 - INFO - Nsight | nvtx=False cuda_profile=False capture_start_step=10 capture_steps=50
2026-02-16 16:48:20,121 - INFO - Precision | amp=True amp_dtype=fp16 grad_scaler=True fused_adamw=True prefer_fp16_on_rtx30=True
2026-02-16 16:48:20,122 - INFO - GPU | name=NVIDIA GeForce RTX 4070 Laptop GPU capability=8.9 vram_gb=8.00 rtx30=False
2026-02-16 16:48:20,126 - INFO - No checkpoint found, start from scratch.
Epoch 1/200:   0%|          | 0/156 [00:00<?, ?it/s]Epoch 1/200:   0%|          | 0/156 [00:00<?, ?it/s]
Traceback (most recent call last):
  File "/mnt/g/GitHub/Latent_Style/Cycle-NCE/src/run.py", line 336, in <module>
    main()
  File "/mnt/g/GitHub/Latent_Style/Cycle-NCE/src/run.py", line 297, in main
    metrics = trainer.train_epoch(dataloader, epoch)
              ^^^^^^^^^^^^^^^^^^^^^^^^^^^^^^^^^^^^^^
  File "/mnt/g/GitHub/Latent_Style/Cycle-NCE/src/trainer.py", line 675, in train_epoch
    self._validate_batch_sanity_cpu(raw_batch)
  File "/mnt/g/GitHub/Latent_Style/Cycle-NCE/src/trainer.py", line 450, in _validate_batch_sanity_cpu
    if not torch.isfinite(content).all() or not torch.isfinite(target_style).all():
           ^^^^^^^^^^^^^^^^^^^^^^^
KeyboardInterrupt
