2026-02-20 11:35:35,786 - WARNING - w_style=219.4235 looks high for Projected SWD loss. Recommended start range is [5, 20].
2026-02-20 11:35:35,786 - INFO - Active losses: w_style, w_moment, w_identity, w_structure
2026-02-20 11:35:35,819 - INFO - Device: cuda
2026-02-20 11:35:35,819 - INFO - Seed: 42
2026-02-20 11:35:35,819 - INFO - Loading latent dataset from ..\..\sdxl-256-overfit50
2026-02-20 11:35:35,825 - INFO -   style=photo id=0 count=10
2026-02-20 11:35:35,829 - INFO -   style=Hayao id=1 count=10
2026-02-20 11:35:35,833 - INFO -   style=monet id=2 count=10
2026-02-20 11:35:35,836 - INFO -   style=cezanne id=3 count=10
2026-02-20 11:35:35,839 - INFO -   style=vangogh id=4 count=10
2026-02-20 11:35:35,904 - INFO - Dataset preloaded to cuda: 0.00GB across 5 style pools.
2026-02-20 11:35:35,905 - INFO - DataLoader | batch=50 workers=0 pin_memory=False persistent_workers=False preload_to_gpu=True
2026-02-20 11:35:35,948 - INFO - Model params: 7,153,476
2026-02-20 11:35:35,950 - INFO - Adding NCE Projector params to optimizer: 4 tensors
2026-02-20 11:35:36,602 - INFO - No checkpoint found, start from scratch.
2026-02-20 11:35:39,363 - INFO - [Epoch 1 Step 10/1000] loss=7594.6500 style=33.2015 mom=0.5976 struct=3.9517 tv=0.0000 idt=0.0448 it/s=3.62 eta=273.2s
2026-02-20 11:35:40,992 - INFO - [Epoch 1 Step 20/1000] loss=7743.4164 style=33.8169 mom=0.6027 struct=3.9664 tv=0.0000 idt=0.0696 it/s=4.56 eta=215.0s
2026-02-20 11:35:42,634 - INFO - [Epoch 1 Step 30/1000] loss=7699.7853 style=33.5768 mom=0.6029 struct=3.9702 tv=0.0000 idt=0.0875 it/s=4.97 eta=195.0s
2026-02-20 11:35:44,266 - INFO - [Epoch 1 Step 40/1000] loss=7642.9079 style=33.2827 mom=0.6016 struct=3.9638 tv=0.0000 idt=0.1040 it/s=5.22 eta=183.9s
2026-02-20 11:35:45,909 - INFO - [Epoch 1 Step 50/1000] loss=7635.3375 style=33.2020 mom=0.6027 struct=3.9607 tv=0.0000 idt=0.1245 it/s=5.37 eta=176.8s
2026-02-20 11:35:47,558 - INFO - [Epoch 1 Step 60/1000] loss=7535.0131 style=32.6840 mom=0.6016 struct=3.9655 tv=0.0000 idt=0.1514 it/s=5.48 eta=171.6s
2026-02-20 11:35:49,196 - INFO - [Epoch 1 Step 70/1000] loss=7419.5290 style=32.0993 mom=0.5983 struct=3.9672 tv=0.0000 idt=0.1782 it/s=5.56 eta=167.3s
2026-02-20 11:35:50,824 - INFO - [Epoch 1 Step 80/1000] loss=7375.0436 style=31.8215 mom=0.5984 struct=3.9725 tv=0.0000 idt=0.2110 it/s=5.63 eta=163.5s
2026-02-20 11:35:52,458 - INFO - [Epoch 1 Step 90/1000] loss=7271.0172 style=31.2781 mom=0.5964 struct=3.9770 tv=0.0000 idt=0.2420 it/s=5.68 eta=160.3s
2026-02-20 11:35:54,088 - INFO - [Epoch 1 Step 100/1000] loss=7173.0436 style=30.7632 mom=0.5953 struct=3.9849 tv=0.0000 idt=0.2719 it/s=5.72 eta=157.4s
2026-02-20 11:35:55,719 - INFO - [Epoch 1 Step 110/1000] loss=7086.0499 style=30.3234 mom=0.5927 struct=3.9934 tv=0.0000 idt=0.2911 it/s=5.75 eta=154.7s
2026-02-20 11:35:57,349 - INFO - [Epoch 1 Step 120/1000] loss=6983.5620 style=29.8106 mom=0.5911 struct=4.0016 tv=0.0000 idt=0.3111 it/s=5.78 eta=152.1s
2026-02-20 11:35:58,978 - INFO - [Epoch 1 Step 130/1000] loss=6900.9622 style=29.3832 mom=0.5878 struct=4.0130 tv=0.0000 idt=0.3337 it/s=5.81 eta=149.7s
2026-02-20 11:36:00,608 - INFO - [Epoch 1 Step 140/1000] loss=6803.3170 style=28.9042 mom=0.5856 struct=4.0203 tv=0.0000 idt=0.3487 it/s=5.83 eta=147.5s
2026-02-20 11:36:02,239 - INFO - [Epoch 1 Step 150/1000] loss=6734.5792 style=28.5214 mom=0.5840 struct=4.0319 tv=0.0000 idt=0.3790 it/s=5.85 eta=145.3s
2026-02-20 11:36:03,875 - INFO - [Epoch 1 Step 160/1000] loss=6656.4271 style=28.1142 mom=0.5815 struct=4.0441 tv=0.0000 idt=0.4012 it/s=5.87 eta=143.2s
2026-02-20 11:36:05,510 - INFO - [Epoch 1 Step 170/1000] loss=6583.1116 style=27.7090 mom=0.5789 struct=4.0603 tv=0.0000 idt=0.4320 it/s=5.88 eta=141.1s
2026-02-20 11:36:07,139 - INFO - [Epoch 1 Step 180/1000] loss=6504.5593 style=27.2966 mom=0.5768 struct=4.0761 tv=0.0000 idt=0.4552 it/s=5.89 eta=139.1s
2026-02-20 11:36:08,770 - INFO - [Epoch 1 Step 190/1000] loss=6440.8005 style=26.9615 mom=0.5737 struct=4.0896 tv=0.0000 idt=0.4746 it/s=5.91 eta=137.1s
2026-02-20 11:36:10,404 - INFO - [Epoch 1 Step 200/1000] loss=6375.6066 style=26.6260 mom=0.5712 struct=4.1042 tv=0.0000 idt=0.4910 it/s=5.92 eta=135.2s
2026-02-20 11:36:12,035 - INFO - [Epoch 1 Step 210/1000] loss=6309.2834 style=26.2830 mom=0.5689 struct=4.1150 tv=0.0000 idt=0.5088 it/s=5.93 eta=133.3s
2026-02-20 11:36:13,674 - INFO - [Epoch 1 Step 220/1000] loss=6240.3937 style=25.9443 mom=0.5659 struct=4.1255 tv=0.0000 idt=0.5197 it/s=5.93 eta=131.4s
2026-02-20 11:36:15,305 - INFO - [Epoch 1 Step 230/1000] loss=6186.9481 style=25.6708 mom=0.5633 struct=4.1375 tv=0.0000 idt=0.5326 it/s=5.94 eta=129.6s
2026-02-20 11:36:16,935 - INFO - [Epoch 1 Step 240/1000] loss=6135.5822 style=25.3984 mom=0.5608 struct=4.1509 tv=0.0000 idt=0.5490 it/s=5.95 eta=127.7s
2026-02-20 11:36:18,572 - INFO - [Epoch 1 Step 250/1000] loss=6093.7927 style=25.1643 mom=0.5587 struct=4.1618 tv=0.0000 idt=0.5680 it/s=5.96 eta=125.9s
2026-02-20 11:36:20,201 - INFO - [Epoch 1 Step 260/1000] loss=6057.9332 style=24.9754 mom=0.5569 struct=4.1733 tv=0.0000 idt=0.5788 it/s=5.96 eta=124.1s
2026-02-20 11:36:21,833 - INFO - [Epoch 1 Step 270/1000] loss=6016.1628 style=24.7530 mom=0.5550 struct=4.1836 tv=0.0000 idt=0.5926 it/s=5.97 eta=122.3s
2026-02-20 11:36:23,464 - INFO - [Epoch 1 Step 280/1000] loss=5975.9914 style=24.5452 mom=0.5534 struct=4.1938 tv=0.0000 idt=0.6030 it/s=5.98 eta=120.5s
2026-02-20 11:36:25,097 - INFO - [Epoch 1 Step 290/1000] loss=5939.0718 style=24.3535 mom=0.5521 struct=4.2041 tv=0.0000 idt=0.6128 it/s=5.98 eta=118.7s
2026-02-20 11:36:26,728 - INFO - [Epoch 1 Step 300/1000] loss=5904.9694 style=24.1753 mom=0.5507 struct=4.2111 tv=0.0000 idt=0.6227 it/s=5.99 eta=117.0s
2026-02-20 11:36:28,379 - INFO - [Epoch 1 Step 310/1000] loss=5882.3174 style=24.0492 mom=0.5497 struct=4.2187 tv=0.0000 idt=0.6324 it/s=5.99 eta=115.2s
2026-02-20 11:36:30,009 - INFO - [Epoch 1 Step 320/1000] loss=5847.5759 style=23.8671 mom=0.5481 struct=4.2289 tv=0.0000 idt=0.6425 it/s=5.99 eta=113.5s
2026-02-20 11:36:31,638 - INFO - [Epoch 1 Step 330/1000] loss=5814.3092 style=23.7005 mom=0.5466 struct=4.2370 tv=0.0000 idt=0.6488 it/s=6.00 eta=111.7s
2026-02-20 11:36:33,277 - INFO - [Epoch 1 Step 340/1000] loss=5786.6723 style=23.5595 mom=0.5457 struct=4.2451 tv=0.0000 idt=0.6549 it/s=6.00 eta=110.0s
2026-02-20 11:36:34,905 - INFO - [Epoch 1 Step 350/1000] loss=5761.5852 style=23.4261 mom=0.5450 struct=4.2525 tv=0.0000 idt=0.6629 it/s=6.00 eta=108.3s
2026-02-20 11:36:36,537 - INFO - [Epoch 1 Step 360/1000] loss=5730.5631 style=23.2676 mom=0.5439 struct=4.2599 tv=0.0000 idt=0.6701 it/s=6.01 eta=106.5s
2026-02-20 11:36:38,174 - INFO - [Epoch 1 Step 370/1000] loss=5705.2190 style=23.1411 mom=0.5428 struct=4.2667 tv=0.0000 idt=0.6747 it/s=6.01 eta=104.8s
2026-02-20 11:36:39,800 - INFO - [Epoch 1 Step 380/1000] loss=5677.5343 style=23.0078 mom=0.5415 struct=4.2734 tv=0.0000 idt=0.6776 it/s=6.01 eta=103.1s
2026-02-20 11:36:41,445 - INFO - [Epoch 1 Step 390/1000] loss=5653.1564 style=22.8803 mom=0.5405 struct=4.2807 tv=0.0000 idt=0.6844 it/s=6.01 eta=101.4s
2026-02-20 11:36:43,077 - INFO - [Epoch 1 Step 400/1000] loss=5632.9606 style=22.7712 mom=0.5393 struct=4.2878 tv=0.0000 idt=0.6917 it/s=6.02 eta=99.7s
2026-02-20 11:36:44,725 - INFO - [Epoch 1 Step 410/1000] loss=5612.1296 style=22.6670 mom=0.5385 struct=4.2944 tv=0.0000 idt=0.6954 it/s=6.02 eta=98.0s
2026-02-20 11:36:46,360 - INFO - [Epoch 1 Step 420/1000] loss=5595.9991 style=22.5773 mom=0.5375 struct=4.3018 tv=0.0000 idt=0.7021 it/s=6.02 eta=96.3s
2026-02-20 11:36:47,988 - INFO - [Epoch 1 Step 430/1000] loss=5582.3945 style=22.5099 mom=0.5368 struct=4.3065 tv=0.0000 idt=0.7043 it/s=6.02 eta=94.6s
2026-02-20 11:36:49,621 - INFO - [Epoch 1 Step 440/1000] loss=5569.9770 style=22.4348 mom=0.5361 struct=4.3126 tv=0.0000 idt=0.7121 it/s=6.03 eta=92.9s
2026-02-20 11:36:51,246 - INFO - [Epoch 1 Step 450/1000] loss=5550.9511 style=22.3332 mom=0.5351 struct=4.3186 tv=0.0000 idt=0.7185 it/s=6.03 eta=91.2s
2026-02-20 11:36:52,873 - INFO - [Epoch 1 Step 460/1000] loss=5530.1974 style=22.2390 mom=0.5346 struct=4.3233 tv=0.0000 idt=0.7180 it/s=6.03 eta=89.5s
2026-02-20 11:36:54,503 - INFO - [Epoch 1 Step 470/1000] loss=5511.6346 style=22.1477 mom=0.5336 struct=4.3285 tv=0.0000 idt=0.7208 it/s=6.03 eta=87.8s
2026-02-20 11:36:56,131 - INFO - [Epoch 1 Step 480/1000] loss=5493.0440 style=22.0535 mom=0.5329 struct=4.3335 tv=0.0000 idt=0.7247 it/s=6.04 eta=86.2s
2026-02-20 11:36:57,762 - INFO - [Epoch 1 Step 490/1000] loss=5474.4387 style=21.9544 mom=0.5319 struct=4.3404 tv=0.0000 idt=0.7307 it/s=6.04 eta=84.5s
2026-02-20 11:36:59,388 - INFO - [Epoch 1 Step 500/1000] loss=5455.7709 style=21.8594 mom=0.5308 struct=4.3465 tv=0.0000 idt=0.7348 it/s=6.04 eta=82.8s
2026-02-20 11:37:01,018 - INFO - [Epoch 1 Step 510/1000] loss=5436.1262 style=21.7604 mom=0.5296 struct=4.3516 tv=0.0000 idt=0.7389 it/s=6.04 eta=81.1s
2026-02-20 11:37:02,651 - INFO - [Epoch 1 Step 520/1000] loss=5425.4957 style=21.7071 mom=0.5294 struct=4.3554 tv=0.0000 idt=0.7407 it/s=6.04 eta=79.4s
2026-02-20 11:37:04,277 - INFO - [Epoch 1 Step 530/1000] loss=5413.6473 style=21.6444 mom=0.5289 struct=4.3595 tv=0.0000 idt=0.7443 it/s=6.05 eta=77.7s
2026-02-20 11:37:05,907 - INFO - [Epoch 1 Step 540/1000] loss=5397.1618 style=21.5671 mom=0.5284 struct=4.3644 tv=0.0000 idt=0.7450 it/s=6.05 eta=76.1s
2026-02-20 11:37:07,536 - INFO - [Epoch 1 Step 550/1000] loss=5382.4108 style=21.4946 mom=0.5280 struct=4.3701 tv=0.0000 idt=0.7469 it/s=6.05 eta=74.4s
2026-02-20 11:37:09,169 - INFO - [Epoch 1 Step 560/1000] loss=5366.9354 style=21.4213 mom=0.5273 struct=4.3758 tv=0.0000 idt=0.7478 it/s=6.05 eta=72.7s
2026-02-20 11:37:10,799 - INFO - [Epoch 1 Step 570/1000] loss=5351.1346 style=21.3437 mom=0.5266 struct=4.3793 tv=0.0000 idt=0.7501 it/s=6.05 eta=71.1s
2026-02-20 11:37:12,429 - INFO - [Epoch 1 Step 580/1000] loss=5336.6814 style=21.2727 mom=0.5260 struct=4.3837 tv=0.0000 idt=0.7522 it/s=6.05 eta=69.4s
2026-02-20 11:37:14,058 - INFO - [Epoch 1 Step 590/1000] loss=5321.1788 style=21.2030 mom=0.5253 struct=4.3872 tv=0.0000 idt=0.7516 it/s=6.05 eta=67.7s
2026-02-20 11:37:15,699 - INFO - [Epoch 1 Step 600/1000] loss=5308.9837 style=21.1425 mom=0.5247 struct=4.3914 tv=0.0000 idt=0.7536 it/s=6.05 eta=66.1s
2026-02-20 11:37:17,351 - INFO - [Epoch 1 Step 610/1000] loss=5295.7728 style=21.0809 mom=0.5242 struct=4.3960 tv=0.0000 idt=0.7539 it/s=6.05 eta=64.4s
2026-02-20 11:37:18,981 - INFO - [Epoch 1 Step 620/1000] loss=5281.7664 style=21.0170 mom=0.5234 struct=4.4014 tv=0.0000 idt=0.7536 it/s=6.06 eta=62.7s
2026-02-20 11:37:20,614 - INFO - [Epoch 1 Step 630/1000] loss=5270.8513 style=20.9692 mom=0.5232 struct=4.4055 tv=0.0000 idt=0.7524 it/s=6.06 eta=61.1s
2026-02-20 11:37:22,242 - INFO - [Epoch 1 Step 640/1000] loss=5256.2910 style=20.9012 mom=0.5224 struct=4.4095 tv=0.0000 idt=0.7530 it/s=6.06 eta=59.4s
2026-02-20 11:37:23,880 - INFO - [Epoch 1 Step 650/1000] loss=5243.6533 style=20.8446 mom=0.5217 struct=4.4127 tv=0.0000 idt=0.7525 it/s=6.06 eta=57.8s
2026-02-20 11:37:25,515 - INFO - [Epoch 1 Step 660/1000] loss=5229.1573 style=20.7772 mom=0.5211 struct=4.4161 tv=0.0000 idt=0.7529 it/s=6.06 eta=56.1s
2026-02-20 11:37:27,145 - INFO - [Epoch 1 Step 670/1000] loss=5217.6242 style=20.7227 mom=0.5206 struct=4.4204 tv=0.0000 idt=0.7535 it/s=6.06 eta=54.4s
2026-02-20 11:37:28,774 - INFO - [Epoch 1 Step 680/1000] loss=5207.6214 style=20.6765 mom=0.5204 struct=4.4234 tv=0.0000 idt=0.7535 it/s=6.06 eta=52.8s
2026-02-20 11:37:30,402 - INFO - [Epoch 1 Step 690/1000] loss=5195.5469 style=20.6226 mom=0.5198 struct=4.4262 tv=0.0000 idt=0.7529 it/s=6.06 eta=51.1s
2026-02-20 11:37:32,033 - INFO - [Epoch 1 Step 700/1000] loss=5182.8756 style=20.5683 mom=0.5190 struct=4.4285 tv=0.0000 idt=0.7514 it/s=6.06 eta=49.5s
2026-02-20 11:37:33,661 - INFO - [Epoch 1 Step 710/1000] loss=5174.2186 style=20.5275 mom=0.5188 struct=4.4334 tv=0.0000 idt=0.7516 it/s=6.07 eta=47.8s
2026-02-20 11:37:35,292 - INFO - [Epoch 1 Step 720/1000] loss=5159.5255 style=20.4635 mom=0.5183 struct=4.4367 tv=0.0000 idt=0.7501 it/s=6.07 eta=46.2s
2026-02-20 11:37:36,921 - INFO - [Epoch 1 Step 730/1000] loss=5149.2241 style=20.4205 mom=0.5180 struct=4.4386 tv=0.0000 idt=0.7483 it/s=6.07 eta=44.5s
2026-02-20 11:37:38,555 - INFO - [Epoch 1 Step 740/1000] loss=5140.3701 style=20.3801 mom=0.5175 struct=4.4416 tv=0.0000 idt=0.7481 it/s=6.07 eta=42.8s
2026-02-20 11:37:40,185 - INFO - [Epoch 1 Step 750/1000] loss=5128.8821 style=20.3329 mom=0.5170 struct=4.4449 tv=0.0000 idt=0.7457 it/s=6.07 eta=41.2s
2026-02-20 11:37:41,814 - INFO - [Epoch 1 Step 760/1000] loss=5121.1160 style=20.2973 mom=0.5167 struct=4.4483 tv=0.0000 idt=0.7456 it/s=6.07 eta=39.5s
2026-02-20 11:37:43,444 - INFO - [Epoch 1 Step 770/1000] loss=5110.0113 style=20.2512 mom=0.5161 struct=4.4503 tv=0.0000 idt=0.7435 it/s=6.07 eta=37.9s
2026-02-20 11:37:45,073 - INFO - [Epoch 1 Step 780/1000] loss=5098.9903 style=20.2034 mom=0.5156 struct=4.4530 tv=0.0000 idt=0.7423 it/s=6.07 eta=36.2s
2026-02-20 11:37:46,701 - INFO - [Epoch 1 Step 790/1000] loss=5088.3282 style=20.1598 mom=0.5150 struct=4.4561 tv=0.0000 idt=0.7400 it/s=6.07 eta=34.6s
2026-02-20 11:37:48,333 - INFO - [Epoch 1 Step 800/1000] loss=5078.0753 style=20.1149 mom=0.5147 struct=4.4591 tv=0.0000 idt=0.7390 it/s=6.07 eta=32.9s
2026-02-20 11:37:49,962 - INFO - [Epoch 1 Step 810/1000] loss=5068.2835 style=20.0730 mom=0.5142 struct=4.4620 tv=0.0000 idt=0.7376 it/s=6.07 eta=31.3s
2026-02-20 11:37:51,591 - INFO - [Epoch 1 Step 820/1000] loss=5059.3200 style=20.0341 mom=0.5139 struct=4.4646 tv=0.0000 idt=0.7366 it/s=6.07 eta=29.6s
2026-02-20 11:37:53,218 - INFO - [Epoch 1 Step 830/1000] loss=5050.0483 style=19.9955 mom=0.5134 struct=4.4678 tv=0.0000 idt=0.7348 it/s=6.08 eta=28.0s
2026-02-20 11:37:54,848 - INFO - [Epoch 1 Step 840/1000] loss=5040.1605 style=19.9544 mom=0.5129 struct=4.4700 tv=0.0000 idt=0.7330 it/s=6.08 eta=26.3s
2026-02-20 11:37:56,481 - INFO - [Epoch 1 Step 850/1000] loss=5031.2592 style=19.9163 mom=0.5126 struct=4.4735 tv=0.0000 idt=0.7316 it/s=6.08 eta=24.7s
2026-02-20 11:37:58,113 - INFO - [Epoch 1 Step 860/1000] loss=5021.7769 style=19.8774 mom=0.5124 struct=4.4764 tv=0.0000 idt=0.7295 it/s=6.08 eta=23.0s
2026-02-20 11:37:59,759 - INFO - [Epoch 1 Step 870/1000] loss=5015.1302 style=19.8507 mom=0.5124 struct=4.4789 tv=0.0000 idt=0.7276 it/s=6.08 eta=21.4s
2026-02-20 11:38:01,390 - INFO - [Epoch 1 Step 880/1000] loss=5007.1736 style=19.8170 mom=0.5120 struct=4.4826 tv=0.0000 idt=0.7263 it/s=6.08 eta=19.7s
2026-02-20 11:38:03,021 - INFO - [Epoch 1 Step 890/1000] loss=4996.6011 style=19.7712 mom=0.5115 struct=4.4839 tv=0.0000 idt=0.7252 it/s=6.08 eta=18.1s
2026-02-20 11:38:04,651 - INFO - [Epoch 1 Step 900/1000] loss=4988.2011 style=19.7366 mom=0.5112 struct=4.4869 tv=0.0000 idt=0.7234 it/s=6.08 eta=16.4s
2026-02-20 11:38:06,294 - INFO - [Epoch 1 Step 910/1000] loss=4980.0694 style=19.7010 mom=0.5107 struct=4.4887 tv=0.0000 idt=0.7227 it/s=6.08 eta=14.8s
2026-02-20 11:38:07,921 - INFO - [Epoch 1 Step 920/1000] loss=4973.7392 style=19.6767 mom=0.5104 struct=4.4914 tv=0.0000 idt=0.7205 it/s=6.08 eta=13.2s
2026-02-20 11:38:09,557 - INFO - [Epoch 1 Step 930/1000] loss=4965.5021 style=19.6452 mom=0.5102 struct=4.4933 tv=0.0000 idt=0.7177 it/s=6.08 eta=11.5s
2026-02-20 11:38:11,187 - INFO - [Epoch 1 Step 940/1000] loss=4958.2694 style=19.6146 mom=0.5099 struct=4.4961 tv=0.0000 idt=0.7165 it/s=6.08 eta=9.9s
2026-02-20 11:38:12,819 - INFO - [Epoch 1 Step 950/1000] loss=4950.6959 style=19.5849 mom=0.5096 struct=4.4978 tv=0.0000 idt=0.7143 it/s=6.08 eta=8.2s
2026-02-20 11:38:14,449 - INFO - [Epoch 1 Step 960/1000] loss=4942.5610 style=19.5524 mom=0.5093 struct=4.5002 tv=0.0000 idt=0.7121 it/s=6.08 eta=6.6s
2026-02-20 11:38:16,089 - INFO - [Epoch 1 Step 970/1000] loss=4936.0839 style=19.5257 mom=0.5090 struct=4.5021 tv=0.0000 idt=0.7107 it/s=6.08 eta=4.9s
2026-02-20 11:38:17,732 - INFO - [Epoch 1 Step 980/1000] loss=4931.1202 style=19.5061 mom=0.5088 struct=4.5047 tv=0.0000 idt=0.7092 it/s=6.08 eta=3.3s
2026-02-20 11:38:19,382 - INFO - [Epoch 1 Step 990/1000] loss=4926.0971 style=19.4879 mom=0.5087 struct=4.5073 tv=0.0000 idt=0.7069 it/s=6.08 eta=1.6s
2026-02-20 11:38:21,009 - INFO - [Epoch 1 Step 1000/1000] loss=4917.0168 style=19.4504 mom=0.5083 struct=4.5102 tv=0.0000 idt=0.7050 it/s=6.08 eta=0.0s
2026-02-20 11:38:21,012 - INFO - Epoch 1/1 | loss=4917.0168 style_swd=19.4504 mom=0.5083 struct=4.5102 tv=0.0000 idt=0.7050 steps=1.0 h=1.00 s=1.00 lr=5.00e-04 data=1.2s comp=163.2s
2026-02-20 11:38:21,103 - INFO - Saved checkpoint: G:\GitHub\Latent_Style\Cycle-NCE\ssim-optun-nce\trial_0202\epoch_0001.pt (step=1000)
2026-02-20 11:38:21,103 - INFO - Running full eval for epoch 1 -> G:\GitHub\Latent_Style\Cycle-NCE\ssim-optun-nce\trial_0202\full_eval\epoch_0001
2026-02-20 11:39:14,705 - INFO - Full eval completed for epoch 1. Log: G:\GitHub\Latent_Style\Cycle-NCE\ssim-optun-nce\trial_0202\logs\full_eval_epoch_0001.log
2026-02-20 11:39:14,705 - INFO - Training completed.
