2026-02-20 13:11:09,836 - WARNING - w_style=216.0859 looks high for Projected SWD loss. Recommended start range is [5, 20].
2026-02-20 13:11:09,837 - INFO - Active losses: w_style, w_moment, w_identity, w_structure
2026-02-20 13:11:09,860 - INFO - Device: cuda
2026-02-20 13:11:09,860 - INFO - Seed: 42
2026-02-20 13:11:09,860 - INFO - Loading latent dataset from ..\..\sdxl-256-overfit50
2026-02-20 13:11:09,866 - INFO -   style=photo id=0 count=10
2026-02-20 13:11:09,870 - INFO -   style=Hayao id=1 count=10
2026-02-20 13:11:09,873 - INFO -   style=monet id=2 count=10
2026-02-20 13:11:09,877 - INFO -   style=cezanne id=3 count=10
2026-02-20 13:11:09,880 - INFO -   style=vangogh id=4 count=10
2026-02-20 13:11:09,937 - INFO - Dataset preloaded to cuda: 0.00GB across 5 style pools.
2026-02-20 13:11:09,938 - INFO - DataLoader | batch=50 workers=0 pin_memory=False persistent_workers=False preload_to_gpu=True
2026-02-20 13:11:09,981 - INFO - Model params: 7,153,476
2026-02-20 13:11:09,984 - INFO - Adding NCE Projector params to optimizer: 4 tensors
2026-02-20 13:11:10,617 - INFO - No checkpoint found, start from scratch.
2026-02-20 13:11:13,321 - INFO - [Epoch 1 Step 10/1000] loss=7506.0621 style=33.2242 mom=0.5977 struct=3.9509 tv=0.0000 idt=0.0489 it/s=3.70 eta=267.6s
2026-02-20 13:11:14,946 - INFO - [Epoch 1 Step 20/1000] loss=7651.3421 style=33.8398 mom=0.6029 struct=3.9657 tv=0.0000 idt=0.0675 it/s=4.62 eta=212.1s
2026-02-20 13:11:16,578 - INFO - [Epoch 1 Step 30/1000] loss=7608.3994 style=33.5951 mom=0.6031 struct=3.9696 tv=0.0000 idt=0.0846 it/s=5.03 eta=192.7s
2026-02-20 13:11:18,208 - INFO - [Epoch 1 Step 40/1000] loss=7554.5128 style=33.3064 mom=0.6019 struct=3.9635 tv=0.0000 idt=0.1004 it/s=5.27 eta=182.2s
2026-02-20 13:11:19,842 - INFO - [Epoch 1 Step 50/1000] loss=7557.1420 style=33.2691 mom=0.6039 struct=3.9624 tv=0.0000 idt=0.1186 it/s=5.42 eta=175.3s
2026-02-20 13:11:21,472 - INFO - [Epoch 1 Step 60/1000] loss=7474.7118 style=32.8317 mom=0.6037 struct=3.9697 tv=0.0000 idt=0.1393 it/s=5.53 eta=170.0s
2026-02-20 13:11:23,109 - INFO - [Epoch 1 Step 70/1000] loss=7375.4388 style=32.3158 mom=0.6015 struct=3.9738 tv=0.0000 idt=0.1611 it/s=5.60 eta=166.0s
2026-02-20 13:11:24,742 - INFO - [Epoch 1 Step 80/1000] loss=7344.6725 style=32.0921 mom=0.6025 struct=3.9805 tv=0.0000 idt=0.1911 it/s=5.66 eta=162.4s
2026-02-20 13:11:26,380 - INFO - [Epoch 1 Step 90/1000] loss=7258.1326 style=31.6075 mom=0.6020 struct=3.9860 tv=0.0000 idt=0.2228 it/s=5.71 eta=159.4s
2026-02-20 13:11:28,014 - INFO - [Epoch 1 Step 100/1000] loss=7178.0650 style=31.1527 mom=0.6023 struct=3.9937 tv=0.0000 idt=0.2540 it/s=5.75 eta=156.6s
2026-02-20 13:11:29,649 - INFO - [Epoch 1 Step 110/1000] loss=7101.6475 style=30.7558 mom=0.6008 struct=4.0013 tv=0.0000 idt=0.2704 it/s=5.78 eta=154.0s
2026-02-20 13:11:31,300 - INFO - [Epoch 1 Step 120/1000] loss=7016.2276 style=30.3077 mom=0.6001 struct=4.0076 tv=0.0000 idt=0.2901 it/s=5.80 eta=151.7s
2026-02-20 13:11:32,924 - INFO - [Epoch 1 Step 130/1000] loss=6946.7506 style=29.9345 mom=0.5980 struct=4.0157 tv=0.0000 idt=0.3098 it/s=5.83 eta=149.3s
2026-02-20 13:11:34,565 - INFO - [Epoch 1 Step 140/1000] loss=6860.0713 style=29.4925 mom=0.5968 struct=4.0215 tv=0.0000 idt=0.3252 it/s=5.85 eta=147.1s
2026-02-20 13:11:36,211 - INFO - [Epoch 1 Step 150/1000] loss=6802.4679 style=29.1686 mom=0.5961 struct=4.0287 tv=0.0000 idt=0.3467 it/s=5.86 eta=145.0s
2026-02-20 13:11:37,842 - INFO - [Epoch 1 Step 160/1000] loss=6735.2626 style=28.8140 mom=0.5942 struct=4.0368 tv=0.0000 idt=0.3632 it/s=5.88 eta=142.9s
2026-02-20 13:11:39,472 - INFO - [Epoch 1 Step 170/1000] loss=6666.5603 style=28.4303 mom=0.5920 struct=4.0469 tv=0.0000 idt=0.3881 it/s=5.89 eta=140.9s
2026-02-20 13:11:41,101 - INFO - [Epoch 1 Step 180/1000] loss=6594.6621 style=28.0576 mom=0.5904 struct=4.0559 tv=0.0000 idt=0.4031 it/s=5.90 eta=138.9s
2026-02-20 13:11:42,731 - INFO - [Epoch 1 Step 190/1000] loss=6537.5451 style=27.7421 mom=0.5879 struct=4.0672 tv=0.0000 idt=0.4225 it/s=5.92 eta=136.9s
2026-02-20 13:11:44,378 - INFO - [Epoch 1 Step 200/1000] loss=6478.7395 style=27.4323 mom=0.5855 struct=4.0779 tv=0.0000 idt=0.4367 it/s=5.92 eta=135.0s
2026-02-20 13:11:46,021 - INFO - [Epoch 1 Step 210/1000] loss=6412.5040 style=27.0860 mom=0.5831 struct=4.0858 tv=0.0000 idt=0.4520 it/s=5.93 eta=133.2s
2026-02-20 13:11:47,652 - INFO - [Epoch 1 Step 220/1000] loss=6346.8735 style=26.7572 mom=0.5800 struct=4.0942 tv=0.0000 idt=0.4619 it/s=5.94 eta=131.3s
2026-02-20 13:11:49,286 - INFO - [Epoch 1 Step 230/1000] loss=6295.4213 style=26.4802 mom=0.5773 struct=4.1053 tv=0.0000 idt=0.4767 it/s=5.95 eta=129.5s
2026-02-20 13:11:50,928 - INFO - [Epoch 1 Step 240/1000] loss=6248.3442 style=26.2227 mom=0.5749 struct=4.1168 tv=0.0000 idt=0.4916 it/s=5.95 eta=127.6s
2026-02-20 13:11:52,561 - INFO - [Epoch 1 Step 250/1000] loss=6206.3016 style=25.9823 mom=0.5727 struct=4.1262 tv=0.0000 idt=0.5090 it/s=5.96 eta=125.8s
2026-02-20 13:11:54,197 - INFO - [Epoch 1 Step 260/1000] loss=6169.7265 style=25.7878 mom=0.5707 struct=4.1357 tv=0.0000 idt=0.5185 it/s=5.97 eta=124.0s
2026-02-20 13:11:55,829 - INFO - [Epoch 1 Step 270/1000] loss=6128.3392 style=25.5632 mom=0.5687 struct=4.1442 tv=0.0000 idt=0.5310 it/s=5.97 eta=122.2s
2026-02-20 13:11:57,463 - INFO - [Epoch 1 Step 280/1000] loss=6089.0652 style=25.3536 mom=0.5670 struct=4.1548 tv=0.0000 idt=0.5413 it/s=5.98 eta=120.5s
2026-02-20 13:11:59,091 - INFO - [Epoch 1 Step 290/1000] loss=6051.4254 style=25.1528 mom=0.5657 struct=4.1632 tv=0.0000 idt=0.5511 it/s=5.98 eta=118.7s
2026-02-20 13:12:00,728 - INFO - [Epoch 1 Step 300/1000] loss=6016.1204 style=24.9629 mom=0.5641 struct=4.1699 tv=0.0000 idt=0.5612 it/s=5.99 eta=116.9s
2026-02-20 13:12:02,358 - INFO - [Epoch 1 Step 310/1000] loss=5991.7053 style=24.8255 mom=0.5630 struct=4.1779 tv=0.0000 idt=0.5702 it/s=5.99 eta=115.2s
2026-02-20 13:12:03,999 - INFO - [Epoch 1 Step 320/1000] loss=5956.3651 style=24.6338 mom=0.5613 struct=4.1884 tv=0.0000 idt=0.5806 it/s=5.99 eta=113.4s
2026-02-20 13:12:05,631 - INFO - [Epoch 1 Step 330/1000] loss=5922.7202 style=24.4651 mom=0.5597 struct=4.1955 tv=0.0000 idt=0.5856 it/s=6.00 eta=111.7s
2026-02-20 13:12:07,257 - INFO - [Epoch 1 Step 340/1000] loss=5894.4318 style=24.3159 mom=0.5588 struct=4.2031 tv=0.0000 idt=0.5922 it/s=6.00 eta=109.9s
2026-02-20 13:12:08,889 - INFO - [Epoch 1 Step 350/1000] loss=5867.8819 style=24.1726 mom=0.5580 struct=4.2113 tv=0.0000 idt=0.5996 it/s=6.01 eta=108.2s
2026-02-20 13:12:10,515 - INFO - [Epoch 1 Step 360/1000] loss=5835.5837 style=24.0070 mom=0.5568 struct=4.2192 tv=0.0000 idt=0.6054 it/s=6.01 eta=106.5s
2026-02-20 13:12:12,144 - INFO - [Epoch 1 Step 370/1000] loss=5807.8206 style=23.8679 mom=0.5554 struct=4.2265 tv=0.0000 idt=0.6094 it/s=6.01 eta=104.8s
2026-02-20 13:12:13,773 - INFO - [Epoch 1 Step 380/1000] loss=5778.9777 style=23.7268 mom=0.5540 struct=4.2342 tv=0.0000 idt=0.6121 it/s=6.02 eta=103.0s
2026-02-20 13:12:15,401 - INFO - [Epoch 1 Step 390/1000] loss=5754.7830 style=23.5956 mom=0.5530 struct=4.2418 tv=0.0000 idt=0.6191 it/s=6.02 eta=101.3s
2026-02-20 13:12:17,034 - INFO - [Epoch 1 Step 400/1000] loss=5733.1121 style=23.4865 mom=0.5518 struct=4.2473 tv=0.0000 idt=0.6224 it/s=6.02 eta=99.6s
2026-02-20 13:12:18,665 - INFO - [Epoch 1 Step 410/1000] loss=5711.1496 style=23.3764 mom=0.5507 struct=4.2544 tv=0.0000 idt=0.6254 it/s=6.03 eta=97.9s
2026-02-20 13:12:20,293 - INFO - [Epoch 1 Step 420/1000] loss=5693.2492 style=23.2760 mom=0.5497 struct=4.2619 tv=0.0000 idt=0.6318 it/s=6.03 eta=96.2s
2026-02-20 13:12:21,924 - INFO - [Epoch 1 Step 430/1000] loss=5679.0115 style=23.2084 mom=0.5489 struct=4.2663 tv=0.0000 idt=0.6324 it/s=6.03 eta=94.5s
2026-02-20 13:12:23,555 - INFO - [Epoch 1 Step 440/1000] loss=5665.8665 style=23.1280 mom=0.5481 struct=4.2733 tv=0.0000 idt=0.6395 it/s=6.03 eta=92.8s
2026-02-20 13:12:25,184 - INFO - [Epoch 1 Step 450/1000] loss=5646.5622 style=23.0252 mom=0.5470 struct=4.2789 tv=0.0000 idt=0.6446 it/s=6.03 eta=91.1s
2026-02-20 13:12:26,817 - INFO - [Epoch 1 Step 460/1000] loss=5624.7423 style=22.9272 mom=0.5463 struct=4.2833 tv=0.0000 idt=0.6433 it/s=6.04 eta=89.5s
2026-02-20 13:12:28,449 - INFO - [Epoch 1 Step 470/1000] loss=5606.6464 style=22.8381 mom=0.5453 struct=4.2889 tv=0.0000 idt=0.6452 it/s=6.04 eta=87.8s
2026-02-20 13:12:30,080 - INFO - [Epoch 1 Step 480/1000] loss=5587.3017 style=22.7405 mom=0.5445 struct=4.2944 tv=0.0000 idt=0.6481 it/s=6.04 eta=86.1s
2026-02-20 13:12:31,709 - INFO - [Epoch 1 Step 490/1000] loss=5568.4614 style=22.6426 mom=0.5435 struct=4.3004 tv=0.0000 idt=0.6520 it/s=6.04 eta=84.4s
2026-02-20 13:12:33,338 - INFO - [Epoch 1 Step 500/1000] loss=5548.6383 style=22.5458 mom=0.5423 struct=4.3062 tv=0.0000 idt=0.6539 it/s=6.04 eta=82.7s
2026-02-20 13:12:34,967 - INFO - [Epoch 1 Step 510/1000] loss=5527.9794 style=22.4463 mom=0.5411 struct=4.3106 tv=0.0000 idt=0.6554 it/s=6.05 eta=81.0s
2026-02-20 13:12:36,595 - INFO - [Epoch 1 Step 520/1000] loss=5516.6167 style=22.3907 mom=0.5408 struct=4.3147 tv=0.0000 idt=0.6563 it/s=6.05 eta=79.4s
2026-02-20 13:12:38,222 - INFO - [Epoch 1 Step 530/1000] loss=5503.2762 style=22.3254 mom=0.5402 struct=4.3187 tv=0.0000 idt=0.6576 it/s=6.05 eta=77.7s
2026-02-20 13:12:39,855 - INFO - [Epoch 1 Step 540/1000] loss=5486.1840 style=22.2450 mom=0.5396 struct=4.3243 tv=0.0000 idt=0.6578 it/s=6.05 eta=76.0s
2026-02-20 13:12:41,483 - INFO - [Epoch 1 Step 550/1000] loss=5469.6770 style=22.1676 mom=0.5391 struct=4.3302 tv=0.0000 idt=0.6579 it/s=6.05 eta=74.3s
2026-02-20 13:12:43,111 - INFO - [Epoch 1 Step 560/1000] loss=5452.9102 style=22.0918 mom=0.5384 struct=4.3369 tv=0.0000 idt=0.6569 it/s=6.05 eta=72.7s
2026-02-20 13:12:44,741 - INFO - [Epoch 1 Step 570/1000] loss=5435.8729 style=22.0136 mom=0.5376 struct=4.3409 tv=0.0000 idt=0.6566 it/s=6.06 eta=71.0s
2026-02-20 13:12:46,369 - INFO - [Epoch 1 Step 580/1000] loss=5419.9750 style=21.9388 mom=0.5368 struct=4.3453 tv=0.0000 idt=0.6570 it/s=6.06 eta=69.3s
2026-02-20 13:12:47,999 - INFO - [Epoch 1 Step 590/1000] loss=5403.6811 style=21.8685 mom=0.5361 struct=4.3486 tv=0.0000 idt=0.6550 it/s=6.06 eta=67.7s
2026-02-20 13:12:49,627 - INFO - [Epoch 1 Step 600/1000] loss=5389.7916 style=21.8016 mom=0.5353 struct=4.3531 tv=0.0000 idt=0.6559 it/s=6.06 eta=66.0s
2026-02-20 13:12:51,256 - INFO - [Epoch 1 Step 610/1000] loss=5374.9356 style=21.7363 mom=0.5348 struct=4.3578 tv=0.0000 idt=0.6544 it/s=6.06 eta=64.3s
2026-02-20 13:12:52,887 - INFO - [Epoch 1 Step 620/1000] loss=5360.3272 style=21.6705 mom=0.5340 struct=4.3635 tv=0.0000 idt=0.6536 it/s=6.06 eta=62.7s
2026-02-20 13:12:54,514 - INFO - [Epoch 1 Step 630/1000] loss=5347.8396 style=21.6184 mom=0.5336 struct=4.3675 tv=0.0000 idt=0.6512 it/s=6.06 eta=61.0s
2026-02-20 13:12:56,153 - INFO - [Epoch 1 Step 640/1000] loss=5331.7063 style=21.5455 mom=0.5329 struct=4.3714 tv=0.0000 idt=0.6504 it/s=6.06 eta=59.4s
2026-02-20 13:12:57,778 - INFO - [Epoch 1 Step 650/1000] loss=5317.0933 style=21.4828 mom=0.5321 struct=4.3746 tv=0.0000 idt=0.6486 it/s=6.07 eta=57.7s
2026-02-20 13:12:59,410 - INFO - [Epoch 1 Step 660/1000] loss=5301.3629 style=21.4135 mom=0.5313 struct=4.3784 tv=0.0000 idt=0.6472 it/s=6.07 eta=56.0s
2026-02-20 13:13:01,040 - INFO - [Epoch 1 Step 670/1000] loss=5289.7208 style=21.3585 mom=0.5309 struct=4.3833 tv=0.0000 idt=0.6474 it/s=6.07 eta=54.4s
2026-02-20 13:13:02,668 - INFO - [Epoch 1 Step 680/1000] loss=5279.2794 style=21.3121 mom=0.5306 struct=4.3860 tv=0.0000 idt=0.6466 it/s=6.07 eta=52.7s
2026-02-20 13:13:04,299 - INFO - [Epoch 1 Step 690/1000] loss=5265.6949 style=21.2512 mom=0.5299 struct=4.3888 tv=0.0000 idt=0.6458 it/s=6.07 eta=51.1s
2026-02-20 13:13:05,941 - INFO - [Epoch 1 Step 700/1000] loss=5251.7140 style=21.1907 mom=0.5290 struct=4.3911 tv=0.0000 idt=0.6443 it/s=6.07 eta=49.4s
2026-02-20 13:13:07,571 - INFO - [Epoch 1 Step 710/1000] loss=5242.0570 style=21.1463 mom=0.5287 struct=4.3959 tv=0.0000 idt=0.6439 it/s=6.07 eta=47.8s
2026-02-20 13:13:09,200 - INFO - [Epoch 1 Step 720/1000] loss=5225.7148 style=21.0761 mom=0.5282 struct=4.3990 tv=0.0000 idt=0.6418 it/s=6.07 eta=46.1s
2026-02-20 13:13:10,829 - INFO - [Epoch 1 Step 730/1000] loss=5214.0143 style=21.0276 mom=0.5277 struct=4.4009 tv=0.0000 idt=0.6397 it/s=6.07 eta=44.5s
2026-02-20 13:13:12,458 - INFO - [Epoch 1 Step 740/1000] loss=5204.5091 style=20.9851 mom=0.5271 struct=4.4043 tv=0.0000 idt=0.6390 it/s=6.07 eta=42.8s
2026-02-20 13:13:14,086 - INFO - [Epoch 1 Step 750/1000] loss=5191.8579 style=20.9333 mom=0.5264 struct=4.4079 tv=0.0000 idt=0.6364 it/s=6.07 eta=41.2s
2026-02-20 13:13:15,712 - INFO - [Epoch 1 Step 760/1000] loss=5182.9232 style=20.8944 mom=0.5260 struct=4.4117 tv=0.0000 idt=0.6353 it/s=6.08 eta=39.5s
2026-02-20 13:13:17,344 - INFO - [Epoch 1 Step 770/1000] loss=5171.1783 style=20.8447 mom=0.5254 struct=4.4144 tv=0.0000 idt=0.6335 it/s=6.08 eta=37.9s
2026-02-20 13:13:18,974 - INFO - [Epoch 1 Step 780/1000] loss=5159.5266 style=20.7968 mom=0.5248 struct=4.4173 tv=0.0000 idt=0.6312 it/s=6.08 eta=36.2s
2026-02-20 13:13:20,604 - INFO - [Epoch 1 Step 790/1000] loss=5148.2037 style=20.7515 mom=0.5241 struct=4.4209 tv=0.0000 idt=0.6284 it/s=6.08 eta=34.6s
2026-02-20 13:13:22,234 - INFO - [Epoch 1 Step 800/1000] loss=5137.4980 style=20.7039 mom=0.5237 struct=4.4241 tv=0.0000 idt=0.6276 it/s=6.08 eta=32.9s
2026-02-20 13:13:23,862 - INFO - [Epoch 1 Step 810/1000] loss=5127.0121 style=20.6589 mom=0.5231 struct=4.4273 tv=0.0000 idt=0.6262 it/s=6.08 eta=31.3s
2026-02-20 13:13:25,494 - INFO - [Epoch 1 Step 820/1000] loss=5117.6544 style=20.6180 mom=0.5227 struct=4.4301 tv=0.0000 idt=0.6252 it/s=6.08 eta=29.6s
2026-02-20 13:13:27,121 - INFO - [Epoch 1 Step 830/1000] loss=5107.7633 style=20.5770 mom=0.5222 struct=4.4330 tv=0.0000 idt=0.6233 it/s=6.08 eta=28.0s
2026-02-20 13:13:28,752 - INFO - [Epoch 1 Step 840/1000] loss=5097.1671 style=20.5341 mom=0.5217 struct=4.4357 tv=0.0000 idt=0.6209 it/s=6.08 eta=26.3s
2026-02-20 13:13:30,378 - INFO - [Epoch 1 Step 850/1000] loss=5086.9523 style=20.4936 mom=0.5213 struct=4.4392 tv=0.0000 idt=0.6182 it/s=6.08 eta=24.7s
2026-02-20 13:13:32,008 - INFO - [Epoch 1 Step 860/1000] loss=5076.5626 style=20.4529 mom=0.5210 struct=4.4424 tv=0.0000 idt=0.6152 it/s=6.08 eta=23.0s
2026-02-20 13:13:33,636 - INFO - [Epoch 1 Step 870/1000] loss=5068.4056 style=20.4212 mom=0.5208 struct=4.4454 tv=0.0000 idt=0.6128 it/s=6.08 eta=21.4s
2026-02-20 13:13:35,270 - INFO - [Epoch 1 Step 880/1000] loss=5059.5862 style=20.3862 mom=0.5204 struct=4.4490 tv=0.0000 idt=0.6104 it/s=6.08 eta=19.7s
2026-02-20 13:13:36,898 - INFO - [Epoch 1 Step 890/1000] loss=5048.1204 style=20.3371 mom=0.5199 struct=4.4509 tv=0.0000 idt=0.6089 it/s=6.08 eta=18.1s
2026-02-20 13:13:38,532 - INFO - [Epoch 1 Step 900/1000] loss=5039.1317 style=20.2977 mom=0.5194 struct=4.4541 tv=0.0000 idt=0.6080 it/s=6.08 eta=16.4s
2026-02-20 13:13:40,177 - INFO - [Epoch 1 Step 910/1000] loss=5030.1160 style=20.2602 mom=0.5189 struct=4.4560 tv=0.0000 idt=0.6064 it/s=6.08 eta=14.8s
2026-02-20 13:13:41,808 - INFO - [Epoch 1 Step 920/1000] loss=5022.9520 style=20.2333 mom=0.5186 struct=4.4585 tv=0.0000 idt=0.6040 it/s=6.09 eta=13.1s
2026-02-20 13:13:43,435 - INFO - [Epoch 1 Step 930/1000] loss=5013.7855 style=20.1985 mom=0.5183 struct=4.4607 tv=0.0000 idt=0.6010 it/s=6.09 eta=11.5s
2026-02-20 13:13:45,068 - INFO - [Epoch 1 Step 940/1000] loss=5005.6778 style=20.1654 mom=0.5180 struct=4.4639 tv=0.0000 idt=0.5992 it/s=6.09 eta=9.9s
2026-02-20 13:13:46,692 - INFO - [Epoch 1 Step 950/1000] loss=4997.4102 style=20.1338 mom=0.5176 struct=4.4660 tv=0.0000 idt=0.5966 it/s=6.09 eta=8.2s
2026-02-20 13:13:48,326 - INFO - [Epoch 1 Step 960/1000] loss=4989.0639 style=20.1033 mom=0.5173 struct=4.4682 tv=0.0000 idt=0.5934 it/s=6.09 eta=6.6s
2026-02-20 13:13:49,955 - INFO - [Epoch 1 Step 970/1000] loss=4982.3938 style=20.0753 mom=0.5170 struct=4.4708 tv=0.0000 idt=0.5922 it/s=6.09 eta=4.9s
2026-02-20 13:13:51,583 - INFO - [Epoch 1 Step 980/1000] loss=4976.8365 style=20.0534 mom=0.5167 struct=4.4736 tv=0.0000 idt=0.5907 it/s=6.09 eta=3.3s
2026-02-20 13:13:53,215 - INFO - [Epoch 1 Step 990/1000] loss=4970.8372 style=20.0318 mom=0.5165 struct=4.4767 tv=0.0000 idt=0.5881 it/s=6.09 eta=1.6s
2026-02-20 13:13:54,854 - INFO - [Epoch 1 Step 1000/1000] loss=4961.4024 style=19.9925 mom=0.5160 struct=4.4797 tv=0.0000 idt=0.5864 it/s=6.09 eta=0.0s
2026-02-20 13:13:54,856 - INFO - Epoch 1/1 | loss=4961.4024 style_swd=19.9925 mom=0.5160 struct=4.4797 tv=0.0000 idt=0.5864 steps=1.0 h=1.00 s=1.00 lr=5.00e-04 data=1.2s comp=163.0s
2026-02-20 13:13:54,933 - INFO - Saved checkpoint: G:\GitHub\Latent_Style\Cycle-NCE\ssim-optun-nce\trial_0228\epoch_0001.pt (step=1000)
2026-02-20 13:13:54,934 - INFO - Running full eval for epoch 1 -> G:\GitHub\Latent_Style\Cycle-NCE\ssim-optun-nce\trial_0228\full_eval\epoch_0001
2026-02-20 13:14:47,644 - INFO - Full eval completed for epoch 1. Log: G:\GitHub\Latent_Style\Cycle-NCE\ssim-optun-nce\trial_0228\logs\full_eval_epoch_0001.log
2026-02-20 13:14:47,644 - INFO - Training completed.
