CMD: I:\Github\Latent_Style\Cycle-NCE\.venv\Scripts\python.exe I:\Github\Latent_Style\Cycle-NCE\src\run.py --config I:\Github\Latent_Style\Cycle-NCE\ablation-fixes\A00_full\config.json

2026-02-16 11:36:03,593 - INFO - Active losses: w_semigroup, w_stroke_gram, w_color_moment, w_identity, w_delta_tv, w_delta_l2, w_output_tv
2026-02-16 11:36:03,611 - INFO - Set PYTORCH_ALLOC_CONF=expandable_segments:True
2026-02-16 11:36:03,627 - INFO - Device: cuda
2026-02-16 11:36:03,627 - INFO - Seed: 42
2026-02-16 11:36:03,627 - INFO - Loading latent dataset from ..\..\latent-256
2026-02-16 11:36:06,577 - INFO -   style=photo id=0 count=6187
2026-02-16 11:36:07,451 - INFO -   style=Hayao id=1 count=1752
2026-02-16 11:36:07,904 - INFO -   style=monet id=2 count=972
2026-02-16 11:36:08,308 - INFO -   style=cezanne id=3 count=850
2026-02-16 11:36:08,583 - INFO -   style=vangogh id=4 count=600
I:\Github\Latent_Style\Cycle-NCE\src\dataset.py:135: UserWarning: expandable_segments not supported on this platform (Triggered internally at C:\actions-runner\_work\pytorch\pytorch\pytorch\c10/cuda/CUDAAllocatorConfig.h:39.)
  gpu_tensors[style_id] = stack.to(device=target_device, non_blocking=False)
2026-02-16 11:36:08,732 - INFO - Dataset preloaded to cuda: 0.16GB across 5 style pools.
2026-02-16 11:36:08,737 - INFO - DataLoader | batch=192 workers=0 pin_memory=False persistent_workers=False preload_to_gpu=True
2026-02-16 11:36:08,946 - INFO - Model params: 24,319,044
2026-02-16 11:36:08,946 - INFO - Infra | channels_last=True tf32=True grad_ckpt=False compile=False backend=off mode=off fullgraph=False cudagraphs=off gc_collect_interval=0 loss_timing_interval=0 strict_batch_sanity=True strict_batch_sanity_interval=1 cuda_sync_debug=False profiler=False alloc_conf=expandable_segments:True
2026-02-16 11:36:08,946 - INFO - Nsight | nvtx=False cuda_profile=False capture_start_step=10 capture_steps=50
2026-02-16 11:36:10,287 - INFO - Precision | amp=True amp_dtype=fp16 grad_scaler=True fused_adamw=True prefer_fp16_on_rtx30=True
2026-02-16 11:36:10,287 - INFO - GPU | name=NVIDIA Graphics Device capability=8.6 vram_gb=12.00 rtx30=False
2026-02-16 11:36:10,289 - INFO - No checkpoint found, start from scratch.
2026-02-16 11:37:50,697 - INFO - epoch 1 step 100/161 | loss=4.4385 semigroup=0.0081 sgram=0.0406 cmoment=0.1622 idt=0.0213 idr=0.20 dtv=0.0087 dl2=0.0074 otv=1.2385 steps=1.0 h=1.00 s=0.77 | data 8.7ms comp 639.4ms | 1.00 it/s eta 61.0s
2026-02-16 11:38:34,685 - INFO - Epoch 1/60 | loss=4.3499 sgram=0.0393 cmoment=0.1592 dtv=0.0116 dl2=0.0125 steps=1.0 h=1.00 s=0.77 lr=2.00e-04 data=1.4s comp=86.3s
2026-02-16 11:39:48,121 - INFO - epoch 2 step 100/161 | loss=3.9011 semigroup=0.0379 sgram=0.0343 cmoment=0.1490 idt=0.0248 idr=0.19 dtv=0.0255 dl2=0.0375 otv=1.2402 steps=1.0 h=1.00 s=0.78 | data 8.8ms comp 363.8ms | 1.37 it/s eta 44.6s
2026-02-16 11:40:32,710 - INFO - Epoch 2/60 | loss=3.8149 sgram=0.0335 cmoment=0.1470 dtv=0.0287 dl2=0.0435 steps=1.0 h=1.00 s=0.78 lr=2.00e-04 data=1.4s comp=59.0s
Traceback (most recent call last):
  File "I:\Github\Latent_Style\Cycle-NCE\src\run.py", line 337, in <module>
    main()
    ~~~~^^
  File "I:\Github\Latent_Style\Cycle-NCE\src\run.py", line 298, in main
    metrics = trainer.train_epoch(dataloader, epoch)
  File "I:\Github\Latent_Style\Cycle-NCE\src\trainer.py", line 675, in train_epoch
    self._validate_batch_sanity_cpu(raw_batch)
    ~~~~~~~~~~~~~~~~~~~~~~~~~~~~~~~^^^^^^^^^^^
  File "I:\Github\Latent_Style\Cycle-NCE\src\trainer.py", line 450, in _validate_batch_sanity_cpu
    if not torch.isfinite(content).all() or not torch.isfinite(target_style).all():
                                                ~~~~~~~~~~~~~~^^^^^^^^^^^^^^
KeyboardInterrupt
