2026-02-20 14:13:43,304 - WARNING - w_style=207.9221 looks high for Projected SWD loss. Recommended start range is [5, 20].
2026-02-20 14:13:43,304 - INFO - Active losses: w_style, w_moment, w_identity, w_structure
2026-02-20 14:13:43,328 - INFO - Device: cuda
2026-02-20 14:13:43,328 - INFO - Seed: 42
2026-02-20 14:13:43,328 - INFO - Loading latent dataset from ..\..\sdxl-256-overfit50
2026-02-20 14:13:43,334 - INFO -   style=photo id=0 count=10
2026-02-20 14:13:43,338 - INFO -   style=Hayao id=1 count=10
2026-02-20 14:13:43,341 - INFO -   style=monet id=2 count=10
2026-02-20 14:13:43,344 - INFO -   style=cezanne id=3 count=10
2026-02-20 14:13:43,347 - INFO -   style=vangogh id=4 count=10
2026-02-20 14:13:43,399 - INFO - Dataset preloaded to cuda: 0.00GB across 5 style pools.
2026-02-20 14:13:43,400 - INFO - DataLoader | batch=50 workers=0 pin_memory=False persistent_workers=False preload_to_gpu=True
2026-02-20 14:13:43,442 - INFO - Model params: 7,153,476
2026-02-20 14:13:43,444 - INFO - Adding NCE Projector params to optimizer: 4 tensors
2026-02-20 14:13:44,071 - INFO - No checkpoint found, start from scratch.
2026-02-20 14:13:46,789 - INFO - [Epoch 1 Step 10/1000] loss=7239.0448 style=33.2245 mom=0.5977 struct=3.9509 tv=0.0000 idt=0.0489 it/s=3.68 eta=269.0s
2026-02-20 14:13:48,426 - INFO - [Epoch 1 Step 20/1000] loss=7379.1258 style=33.8406 mom=0.6029 struct=3.9657 tv=0.0000 idt=0.0673 it/s=4.59 eta=213.3s
2026-02-20 14:13:50,061 - INFO - [Epoch 1 Step 30/1000] loss=7337.9948 style=33.5963 mom=0.6031 struct=3.9695 tv=0.0000 idt=0.0843 it/s=5.01 eta=193.7s
2026-02-20 14:13:51,699 - INFO - [Epoch 1 Step 40/1000] loss=7286.3399 style=33.3086 mom=0.6019 struct=3.9634 tv=0.0000 idt=0.1000 it/s=5.24 eta=183.1s
2026-02-20 14:13:53,336 - INFO - [Epoch 1 Step 50/1000] loss=7289.2160 style=33.2728 mom=0.6039 struct=3.9622 tv=0.0000 idt=0.1179 it/s=5.40 eta=176.0s
2026-02-20 14:13:54,982 - INFO - [Epoch 1 Step 60/1000] loss=7210.4308 style=32.8380 mom=0.6037 struct=3.9696 tv=0.0000 idt=0.1383 it/s=5.50 eta=170.9s
2026-02-20 14:13:56,617 - INFO - [Epoch 1 Step 70/1000] loss=7115.6040 style=32.3258 mom=0.6015 struct=3.9736 tv=0.0000 idt=0.1597 it/s=5.58 eta=166.7s
2026-02-20 14:13:58,258 - INFO - [Epoch 1 Step 80/1000] loss=7086.8442 style=32.1064 mom=0.6025 struct=3.9802 tv=0.0000 idt=0.1892 it/s=5.64 eta=163.1s
2026-02-20 14:13:59,892 - INFO - [Epoch 1 Step 90/1000] loss=7004.2174 style=31.6252 mom=0.6021 struct=3.9855 tv=0.0000 idt=0.2202 it/s=5.69 eta=160.0s
2026-02-20 14:14:01,528 - INFO - [Epoch 1 Step 100/1000] loss=6927.8431 style=31.1735 mom=0.6024 struct=3.9932 tv=0.0000 idt=0.2510 it/s=5.73 eta=157.1s
2026-02-20 14:14:03,183 - INFO - [Epoch 1 Step 110/1000] loss=6854.8464 style=30.7791 mom=0.6009 struct=4.0008 tv=0.0000 idt=0.2671 it/s=5.76 eta=154.6s
2026-02-20 14:14:04,820 - INFO - [Epoch 1 Step 120/1000] loss=6772.8620 style=30.3326 mom=0.6003 struct=4.0071 tv=0.0000 idt=0.2864 it/s=5.78 eta=152.2s
2026-02-20 14:14:06,452 - INFO - [Epoch 1 Step 130/1000] loss=6706.0800 style=29.9595 mom=0.5982 struct=4.0152 tv=0.0000 idt=0.3058 it/s=5.81 eta=149.8s
2026-02-20 14:14:08,090 - INFO - [Epoch 1 Step 140/1000] loss=6623.1860 style=29.5200 mom=0.5969 struct=4.0209 tv=0.0000 idt=0.3211 it/s=5.83 eta=147.5s
2026-02-20 14:14:09,735 - INFO - [Epoch 1 Step 150/1000] loss=6567.7851 style=29.1964 mom=0.5963 struct=4.0280 tv=0.0000 idt=0.3421 it/s=5.85 eta=145.4s
2026-02-20 14:14:11,370 - INFO - [Epoch 1 Step 160/1000] loss=6502.9059 style=28.8403 mom=0.5944 struct=4.0361 tv=0.0000 idt=0.3586 it/s=5.86 eta=143.3s
2026-02-20 14:14:13,017 - INFO - [Epoch 1 Step 170/1000] loss=6436.6606 style=28.4561 mom=0.5922 struct=4.0463 tv=0.0000 idt=0.3831 it/s=5.87 eta=141.3s
2026-02-20 14:14:14,669 - INFO - [Epoch 1 Step 180/1000] loss=6367.7293 style=28.0844 mom=0.5906 struct=4.0554 tv=0.0000 idt=0.3979 it/s=5.88 eta=139.4s
2026-02-20 14:14:16,305 - INFO - [Epoch 1 Step 190/1000] loss=6313.0641 style=27.7710 mom=0.5881 struct=4.0665 tv=0.0000 idt=0.4168 it/s=5.89 eta=137.4s
2026-02-20 14:14:17,940 - INFO - [Epoch 1 Step 200/1000] loss=6256.4382 style=27.4616 mom=0.5857 struct=4.0771 tv=0.0000 idt=0.4306 it/s=5.91 eta=135.5s
2026-02-20 14:14:19,575 - INFO - [Epoch 1 Step 210/1000] loss=6192.7692 style=27.1165 mom=0.5834 struct=4.0849 tv=0.0000 idt=0.4453 it/s=5.91 eta=133.6s
2026-02-20 14:14:21,213 - INFO - [Epoch 1 Step 220/1000] loss=6129.9452 style=26.7895 mom=0.5803 struct=4.0932 tv=0.0000 idt=0.4551 it/s=5.92 eta=131.7s
2026-02-20 14:14:22,850 - INFO - [Epoch 1 Step 230/1000] loss=6080.4638 style=26.5140 mom=0.5776 struct=4.1041 tv=0.0000 idt=0.4692 it/s=5.93 eta=129.8s
2026-02-20 14:14:24,487 - INFO - [Epoch 1 Step 240/1000] loss=6035.4633 style=26.2584 mom=0.5752 struct=4.1154 tv=0.0000 idt=0.4837 it/s=5.94 eta=128.0s
2026-02-20 14:14:26,121 - INFO - [Epoch 1 Step 250/1000] loss=5995.1742 style=26.0188 mom=0.5730 struct=4.1246 tv=0.0000 idt=0.5009 it/s=5.95 eta=126.1s
2026-02-20 14:14:27,761 - INFO - [Epoch 1 Step 260/1000] loss=5960.0865 style=25.8244 mom=0.5711 struct=4.1340 tv=0.0000 idt=0.5104 it/s=5.95 eta=124.3s
2026-02-20 14:14:29,395 - INFO - [Epoch 1 Step 270/1000] loss=5920.0665 style=25.5986 mom=0.5690 struct=4.1425 tv=0.0000 idt=0.5229 it/s=5.96 eta=122.5s
2026-02-20 14:14:31,032 - INFO - [Epoch 1 Step 280/1000] loss=5882.1546 style=25.3889 mom=0.5673 struct=4.1528 tv=0.0000 idt=0.5329 it/s=5.96 eta=120.8s
2026-02-20 14:14:32,665 - INFO - [Epoch 1 Step 290/1000] loss=5845.9442 style=25.1888 mom=0.5661 struct=4.1609 tv=0.0000 idt=0.5423 it/s=5.97 eta=119.0s
2026-02-20 14:14:34,302 - INFO - [Epoch 1 Step 300/1000] loss=5812.0176 style=24.9977 mom=0.5644 struct=4.1679 tv=0.0000 idt=0.5528 it/s=5.97 eta=117.2s
2026-02-20 14:14:35,936 - INFO - [Epoch 1 Step 310/1000] loss=5788.5981 style=24.8606 mom=0.5633 struct=4.1760 tv=0.0000 idt=0.5617 it/s=5.98 eta=115.4s
2026-02-20 14:14:37,574 - INFO - [Epoch 1 Step 320/1000] loss=5754.4481 style=24.6677 mom=0.5616 struct=4.1863 tv=0.0000 idt=0.5721 it/s=5.98 eta=113.7s
2026-02-20 14:14:39,211 - INFO - [Epoch 1 Step 330/1000] loss=5722.0600 style=24.4981 mom=0.5600 struct=4.1935 tv=0.0000 idt=0.5773 it/s=5.98 eta=111.9s
2026-02-20 14:14:40,845 - INFO - [Epoch 1 Step 340/1000] loss=5694.8592 style=24.3488 mom=0.5591 struct=4.2010 tv=0.0000 idt=0.5839 it/s=5.99 eta=110.2s
2026-02-20 14:14:42,479 - INFO - [Epoch 1 Step 350/1000] loss=5669.1826 style=24.2046 mom=0.5583 struct=4.2094 tv=0.0000 idt=0.5912 it/s=5.99 eta=108.5s
2026-02-20 14:14:44,122 - INFO - [Epoch 1 Step 360/1000] loss=5638.0048 style=24.0388 mom=0.5571 struct=4.2173 tv=0.0000 idt=0.5969 it/s=5.99 eta=106.8s
2026-02-20 14:14:45,760 - INFO - [Epoch 1 Step 370/1000] loss=5611.3658 style=23.9003 mom=0.5557 struct=4.2246 tv=0.0000 idt=0.6007 it/s=6.00 eta=105.0s
2026-02-20 14:14:47,396 - INFO - [Epoch 1 Step 380/1000] loss=5583.4642 style=23.7590 mom=0.5543 struct=4.2324 tv=0.0000 idt=0.6032 it/s=6.00 eta=103.3s
2026-02-20 14:14:49,034 - INFO - [Epoch 1 Step 390/1000] loss=5560.1587 style=23.6278 mom=0.5533 struct=4.2401 tv=0.0000 idt=0.6101 it/s=6.00 eta=101.6s
2026-02-20 14:14:50,671 - INFO - [Epoch 1 Step 400/1000] loss=5539.3190 style=23.5190 mom=0.5522 struct=4.2456 tv=0.0000 idt=0.6132 it/s=6.01 eta=99.9s
2026-02-20 14:14:52,309 - INFO - [Epoch 1 Step 410/1000] loss=5518.1019 style=23.4088 mom=0.5510 struct=4.2528 tv=0.0000 idt=0.6161 it/s=6.01 eta=98.2s
2026-02-20 14:14:53,949 - INFO - [Epoch 1 Step 420/1000] loss=5500.7617 style=23.3083 mom=0.5500 struct=4.2602 tv=0.0000 idt=0.6222 it/s=6.01 eta=96.5s
2026-02-20 14:14:55,596 - INFO - [Epoch 1 Step 430/1000] loss=5487.0795 style=23.2411 mom=0.5492 struct=4.2646 tv=0.0000 idt=0.6227 it/s=6.01 eta=94.8s
2026-02-20 14:14:57,232 - INFO - [Epoch 1 Step 440/1000] loss=5474.3218 style=23.1597 mom=0.5484 struct=4.2718 tv=0.0000 idt=0.6299 it/s=6.01 eta=93.1s
2026-02-20 14:14:58,871 - INFO - [Epoch 1 Step 450/1000] loss=5455.7501 style=23.0575 mom=0.5473 struct=4.2772 tv=0.0000 idt=0.6346 it/s=6.02 eta=91.4s
2026-02-20 14:15:00,506 - INFO - [Epoch 1 Step 460/1000] loss=5434.4726 style=22.9581 mom=0.5466 struct=4.2817 tv=0.0000 idt=0.6334 it/s=6.02 eta=89.7s
2026-02-20 14:15:02,144 - INFO - [Epoch 1 Step 470/1000] loss=5416.9554 style=22.8689 mom=0.5456 struct=4.2873 tv=0.0000 idt=0.6351 it/s=6.02 eta=88.0s
2026-02-20 14:15:03,777 - INFO - [Epoch 1 Step 480/1000] loss=5398.3756 style=22.7715 mom=0.5448 struct=4.2929 tv=0.0000 idt=0.6380 it/s=6.02 eta=86.3s
2026-02-20 14:15:05,425 - INFO - [Epoch 1 Step 490/1000] loss=5380.0981 style=22.6740 mom=0.5438 struct=4.2989 tv=0.0000 idt=0.6414 it/s=6.02 eta=84.7s
2026-02-20 14:15:07,061 - INFO - [Epoch 1 Step 500/1000] loss=5360.8106 style=22.5766 mom=0.5426 struct=4.3046 tv=0.0000 idt=0.6431 it/s=6.02 eta=83.0s
2026-02-20 14:15:08,702 - INFO - [Epoch 1 Step 510/1000] loss=5340.7165 style=22.4766 mom=0.5414 struct=4.3089 tv=0.0000 idt=0.6444 it/s=6.03 eta=81.3s
2026-02-20 14:15:10,339 - INFO - [Epoch 1 Step 520/1000] loss=5329.6830 style=22.4208 mom=0.5410 struct=4.3131 tv=0.0000 idt=0.6452 it/s=6.03 eta=79.6s
2026-02-20 14:15:11,976 - INFO - [Epoch 1 Step 530/1000] loss=5316.8356 style=22.3558 mom=0.5405 struct=4.3169 tv=0.0000 idt=0.6463 it/s=6.03 eta=78.0s
2026-02-20 14:15:13,614 - INFO - [Epoch 1 Step 540/1000] loss=5300.3231 style=22.2756 mom=0.5399 struct=4.3226 tv=0.0000 idt=0.6463 it/s=6.03 eta=76.3s
2026-02-20 14:15:15,248 - INFO - [Epoch 1 Step 550/1000] loss=5284.3132 style=22.1980 mom=0.5393 struct=4.3286 tv=0.0000 idt=0.6463 it/s=6.03 eta=74.6s
2026-02-20 14:15:16,882 - INFO - [Epoch 1 Step 560/1000] loss=5268.0336 style=22.1222 mom=0.5386 struct=4.3352 tv=0.0000 idt=0.6450 it/s=6.03 eta=72.9s
2026-02-20 14:15:18,515 - INFO - [Epoch 1 Step 570/1000] loss=5251.5123 style=22.0440 mom=0.5378 struct=4.3392 tv=0.0000 idt=0.6445 it/s=6.04 eta=71.2s
2026-02-20 14:15:20,153 - INFO - [Epoch 1 Step 580/1000] loss=5236.1587 style=21.9694 mom=0.5370 struct=4.3438 tv=0.0000 idt=0.6447 it/s=6.04 eta=69.6s
2026-02-20 14:15:21,784 - INFO - [Epoch 1 Step 590/1000] loss=5220.3888 style=21.8991 mom=0.5364 struct=4.3471 tv=0.0000 idt=0.6426 it/s=6.04 eta=67.9s
2026-02-20 14:15:23,419 - INFO - [Epoch 1 Step 600/1000] loss=5207.0660 style=21.8332 mom=0.5356 struct=4.3515 tv=0.0000 idt=0.6432 it/s=6.04 eta=66.2s
2026-02-20 14:15:25,054 - INFO - [Epoch 1 Step 610/1000] loss=5192.8536 style=21.7685 mom=0.5351 struct=4.3562 tv=0.0000 idt=0.6416 it/s=6.04 eta=64.6s
2026-02-20 14:15:26,692 - INFO - [Epoch 1 Step 620/1000] loss=5178.8240 style=21.7029 mom=0.5342 struct=4.3619 tv=0.0000 idt=0.6408 it/s=6.04 eta=62.9s
2026-02-20 14:15:28,327 - INFO - [Epoch 1 Step 630/1000] loss=5166.7722 style=21.6510 mom=0.5339 struct=4.3657 tv=0.0000 idt=0.6382 it/s=6.04 eta=61.2s
2026-02-20 14:15:29,963 - INFO - [Epoch 1 Step 640/1000] loss=5151.1181 style=21.5780 mom=0.5331 struct=4.3695 tv=0.0000 idt=0.6374 it/s=6.04 eta=59.6s
2026-02-20 14:15:31,600 - INFO - [Epoch 1 Step 650/1000] loss=5137.0067 style=21.5155 mom=0.5324 struct=4.3727 tv=0.0000 idt=0.6353 it/s=6.04 eta=57.9s
2026-02-20 14:15:33,236 - INFO - [Epoch 1 Step 660/1000] loss=5121.8078 style=21.4460 mom=0.5316 struct=4.3767 tv=0.0000 idt=0.6339 it/s=6.05 eta=56.2s
2026-02-20 14:15:34,872 - INFO - [Epoch 1 Step 670/1000] loss=5110.6035 style=21.3916 mom=0.5311 struct=4.3816 tv=0.0000 idt=0.6339 it/s=6.05 eta=54.6s
2026-02-20 14:15:36,510 - INFO - [Epoch 1 Step 680/1000] loss=5100.6654 style=21.3462 mom=0.5308 struct=4.3843 tv=0.0000 idt=0.6329 it/s=6.05 eta=52.9s
2026-02-20 14:15:38,143 - INFO - [Epoch 1 Step 690/1000] loss=5087.5621 style=21.2855 mom=0.5301 struct=4.3871 tv=0.0000 idt=0.6320 it/s=6.05 eta=51.2s
2026-02-20 14:15:39,782 - INFO - [Epoch 1 Step 700/1000] loss=5074.0320 style=21.2245 mom=0.5293 struct=4.3893 tv=0.0000 idt=0.6306 it/s=6.05 eta=49.6s
2026-02-20 14:15:41,419 - INFO - [Epoch 1 Step 710/1000] loss=5064.6700 style=21.1795 mom=0.5290 struct=4.3941 tv=0.0000 idt=0.6303 it/s=6.05 eta=47.9s
2026-02-20 14:15:43,057 - INFO - [Epoch 1 Step 720/1000] loss=5048.8865 style=21.1090 mom=0.5284 struct=4.3971 tv=0.0000 idt=0.6282 it/s=6.05 eta=46.3s
2026-02-20 14:15:44,692 - INFO - [Epoch 1 Step 730/1000] loss=5037.5965 style=21.0607 mom=0.5279 struct=4.3991 tv=0.0000 idt=0.6260 it/s=6.05 eta=44.6s
2026-02-20 14:15:46,326 - INFO - [Epoch 1 Step 740/1000] loss=5028.5197 style=21.0186 mom=0.5273 struct=4.4025 tv=0.0000 idt=0.6253 it/s=6.05 eta=43.0s
2026-02-20 14:15:47,962 - INFO - [Epoch 1 Step 750/1000] loss=5016.2177 style=20.9664 mom=0.5266 struct=4.4061 tv=0.0000 idt=0.6227 it/s=6.05 eta=41.3s
2026-02-20 14:15:49,601 - INFO - [Epoch 1 Step 760/1000] loss=5007.6713 style=20.9276 mom=0.5263 struct=4.4098 tv=0.0000 idt=0.6216 it/s=6.05 eta=39.6s
2026-02-20 14:15:51,269 - INFO - [Epoch 1 Step 770/1000] loss=4996.2632 style=20.8775 mom=0.5257 struct=4.4126 tv=0.0000 idt=0.6199 it/s=6.05 eta=38.0s
2026-02-20 14:15:52,902 - INFO - [Epoch 1 Step 780/1000] loss=4984.9737 style=20.8297 mom=0.5250 struct=4.4154 tv=0.0000 idt=0.6174 it/s=6.05 eta=36.3s
2026-02-20 14:15:54,539 - INFO - [Epoch 1 Step 790/1000] loss=4974.1011 style=20.7846 mom=0.5244 struct=4.4188 tv=0.0000 idt=0.6147 it/s=6.06 eta=34.7s
2026-02-20 14:15:56,178 - INFO - [Epoch 1 Step 800/1000] loss=4963.7792 style=20.7373 mom=0.5239 struct=4.4220 tv=0.0000 idt=0.6137 it/s=6.06 eta=33.0s
2026-02-20 14:15:57,825 - INFO - [Epoch 1 Step 810/1000] loss=4953.6560 style=20.6921 mom=0.5233 struct=4.4255 tv=0.0000 idt=0.6123 it/s=6.06 eta=31.4s
2026-02-20 14:15:59,464 - INFO - [Epoch 1 Step 820/1000] loss=4944.6576 style=20.6517 mom=0.5229 struct=4.4282 tv=0.0000 idt=0.6112 it/s=6.06 eta=29.7s
2026-02-20 14:16:01,098 - INFO - [Epoch 1 Step 830/1000] loss=4935.0779 style=20.6105 mom=0.5224 struct=4.4313 tv=0.0000 idt=0.6093 it/s=6.06 eta=28.1s
2026-02-20 14:16:02,738 - INFO - [Epoch 1 Step 840/1000] loss=4924.7704 style=20.5671 mom=0.5219 struct=4.4340 tv=0.0000 idt=0.6069 it/s=6.06 eta=26.4s
2026-02-20 14:16:04,373 - INFO - [Epoch 1 Step 850/1000] loss=4914.7708 style=20.5262 mom=0.5215 struct=4.4375 tv=0.0000 idt=0.6040 it/s=6.06 eta=24.8s
2026-02-20 14:16:06,007 - INFO - [Epoch 1 Step 860/1000] loss=4904.7497 style=20.4854 mom=0.5212 struct=4.4407 tv=0.0000 idt=0.6011 it/s=6.06 eta=23.1s
2026-02-20 14:16:07,646 - INFO - [Epoch 1 Step 870/1000] loss=4896.7852 style=20.4531 mom=0.5210 struct=4.4438 tv=0.0000 idt=0.5987 it/s=6.06 eta=21.5s
2026-02-20 14:16:09,314 - INFO - [Epoch 1 Step 880/1000] loss=4888.3079 style=20.4179 mom=0.5206 struct=4.4474 tv=0.0000 idt=0.5964 it/s=6.06 eta=19.8s
2026-02-20 14:16:10,950 - INFO - [Epoch 1 Step 890/1000] loss=4877.2604 style=20.3693 mom=0.5201 struct=4.4493 tv=0.0000 idt=0.5948 it/s=6.06 eta=18.2s
2026-02-20 14:16:12,588 - INFO - [Epoch 1 Step 900/1000] loss=4868.6385 style=20.3294 mom=0.5196 struct=4.4525 tv=0.0000 idt=0.5941 it/s=6.06 eta=16.5s
2026-02-20 14:16:14,240 - INFO - [Epoch 1 Step 910/1000] loss=4859.9162 style=20.2917 mom=0.5191 struct=4.4543 tv=0.0000 idt=0.5925 it/s=6.06 eta=14.9s
2026-02-20 14:16:15,900 - INFO - [Epoch 1 Step 920/1000] loss=4852.9957 style=20.2649 mom=0.5187 struct=4.4568 tv=0.0000 idt=0.5900 it/s=6.06 eta=13.2s
2026-02-20 14:16:17,539 - INFO - [Epoch 1 Step 930/1000] loss=4844.1174 style=20.2299 mom=0.5185 struct=4.4590 tv=0.0000 idt=0.5871 it/s=6.06 eta=11.6s
2026-02-20 14:16:19,174 - INFO - [Epoch 1 Step 940/1000] loss=4836.3678 style=20.1970 mom=0.5181 struct=4.4622 tv=0.0000 idt=0.5853 it/s=6.06 eta=9.9s
2026-02-20 14:16:20,824 - INFO - [Epoch 1 Step 950/1000] loss=4828.3223 style=20.1649 mom=0.5178 struct=4.4644 tv=0.0000 idt=0.5828 it/s=6.06 eta=8.3s
2026-02-20 14:16:22,469 - INFO - [Epoch 1 Step 960/1000] loss=4820.3298 style=20.1347 mom=0.5175 struct=4.4664 tv=0.0000 idt=0.5796 it/s=6.06 eta=6.6s
2026-02-20 14:16:24,102 - INFO - [Epoch 1 Step 970/1000] loss=4813.8854 style=20.1067 mom=0.5172 struct=4.4691 tv=0.0000 idt=0.5784 it/s=6.06 eta=4.9s
2026-02-20 14:16:25,740 - INFO - [Epoch 1 Step 980/1000] loss=4808.5706 style=20.0848 mom=0.5168 struct=4.4720 tv=0.0000 idt=0.5769 it/s=6.06 eta=3.3s
2026-02-20 14:16:27,377 - INFO - [Epoch 1 Step 990/1000] loss=4802.7575 style=20.0629 mom=0.5166 struct=4.4750 tv=0.0000 idt=0.5744 it/s=6.06 eta=1.6s
2026-02-20 14:16:29,011 - INFO - [Epoch 1 Step 1000/1000] loss=4793.7252 style=20.0241 mom=0.5162 struct=4.4780 tv=0.0000 idt=0.5726 it/s=6.06 eta=0.0s
2026-02-20 14:16:29,013 - INFO - Epoch 1/1 | loss=4793.7252 style_swd=20.0241 mom=0.5162 struct=4.4780 tv=0.0000 idt=0.5726 steps=1.0 h=1.00 s=1.00 lr=5.00e-04 data=1.2s comp=163.7s
2026-02-20 14:16:29,104 - INFO - Saved checkpoint: G:\GitHub\Latent_Style\Cycle-NCE\ssim-optun-nce\trial_0245\epoch_0001.pt (step=1000)
2026-02-20 14:16:29,105 - INFO - Running full eval for epoch 1 -> G:\GitHub\Latent_Style\Cycle-NCE\ssim-optun-nce\trial_0245\full_eval\epoch_0001
2026-02-20 14:17:22,072 - INFO - Full eval completed for epoch 1. Log: G:\GitHub\Latent_Style\Cycle-NCE\ssim-optun-nce\trial_0245\logs\full_eval_epoch_0001.log
2026-02-20 14:17:22,072 - INFO - Training completed.
