CMD: /home/xy/miniconda3/envs/cu128/bin/python /mnt/i/Github/Latent_Style/Cycle-NCE/src/run.py --config /mnt/i/Github/Latent_Style/Cycle-NCE/ablation-fixes/A2_tv0.1_l2_0.1/config.json

2026-02-15 22:48:43,972 - INFO - Active losses: w_struct, w_stroke_gram, w_color_moment, w_delta_tv, w_delta_l2, w_output_tv
2026-02-15 22:48:44,277 - INFO - Set PYTORCH_ALLOC_CONF=expandable_segments:True
2026-02-15 22:48:44,288 - INFO - Device: cuda
2026-02-15 22:48:44,290 - INFO - Seed: 42
2026-02-15 22:48:44,291 - INFO - Loading latent dataset from ../../latent-256
2026-02-15 22:49:09,999 - INFO -   style=photo id=0 count=6187
2026-02-15 22:49:17,062 - INFO -   style=Hayao id=1 count=1752
2026-02-15 22:49:17,391 - INFO - Dataset preloaded to cuda: 0.12GB across 2 style pools.
2026-02-15 22:49:17,397 - INFO - DataLoader | batch=320 workers=0 pin_memory=False persistent_workers=False preload_to_gpu=True
2026-02-15 22:49:17,500 - INFO - Model params: 8,421,700
2026-02-15 22:49:17,500 - INFO - Infra | channels_last=True tf32=True grad_ckpt=False compile=False backend=off mode=off fullgraph=False cudagraphs=off gc_collect_interval=0 loss_timing_interval=0 strict_batch_sanity=True strict_batch_sanity_interval=1 cuda_sync_debug=False profiler=False alloc_conf=expandable_segments:True
2026-02-15 22:49:17,500 - INFO - Nsight | nvtx=False cuda_profile=False capture_start_step=10 capture_steps=50
2026-02-15 22:49:18,265 - INFO - Precision | amp=True amp_dtype=fp16 grad_scaler=True fused_adamw=True prefer_fp16_on_rtx30=True
2026-02-15 22:49:18,265 - INFO - GPU | name=NVIDIA Graphics Device capability=8.6 vram_gb=12.00 rtx30=False
2026-02-15 22:49:18,272 - INFO - No checkpoint found, start from scratch.
2026-02-15 22:50:24,873 - INFO - Epoch 1/60 | loss=4.6641 struct=0.0081 sgram=0.0451 cmoment=0.1730 dtv=0.0500 dl2=0.0640 steps=1.0 h=1.00 s=0.77 lr=2.00e-04 data=0.8s comp=37.8s
2026-02-15 22:51:16,379 - INFO - Epoch 2/60 | loss=3.8821 struct=0.0231 sgram=0.0366 cmoment=0.1498 dtv=0.1113 dl2=0.2091 steps=1.0 h=1.00 s=0.78 lr=2.00e-04 data=0.8s comp=22.3s
2026-02-15 22:52:08,491 - INFO - Epoch 3/60 | loss=3.7249 struct=0.0331 sgram=0.0349 cmoment=0.1438 dtv=0.1511 dl2=0.2998 steps=1.0 h=1.00 s=0.78 lr=1.99e-04 data=0.8s comp=22.7s
2026-02-15 22:52:59,979 - INFO - Epoch 4/60 | loss=3.6145 struct=0.0377 sgram=0.0336 cmoment=0.1406 dtv=0.1764 dl2=0.3538 steps=1.0 h=1.00 s=0.78 lr=1.99e-04 data=0.8s comp=22.3s
2026-02-15 22:53:51,479 - INFO - Epoch 5/60 | loss=3.5835 struct=0.0387 sgram=0.0332 cmoment=0.1407 dtv=0.1917 dl2=0.3819 steps=1.0 h=1.00 s=0.79 lr=1.98e-04 data=0.8s comp=22.3s
2026-02-15 22:54:43,041 - INFO - Epoch 6/60 | loss=3.5431 struct=0.0405 sgram=0.0328 cmoment=0.1386 dtv=0.2050 dl2=0.3971 steps=1.0 h=1.00 s=0.77 lr=1.97e-04 data=0.8s comp=22.3s
2026-02-15 22:55:34,595 - INFO - Epoch 7/60 | loss=3.5295 struct=0.0412 sgram=0.0325 cmoment=0.1393 dtv=0.2153 dl2=0.3990 steps=1.0 h=1.00 s=0.77 lr=1.95e-04 data=0.8s comp=22.3s
2026-02-15 22:56:26,037 - INFO - Epoch 8/60 | loss=3.5345 struct=0.0401 sgram=0.0326 cmoment=0.1392 dtv=0.2263 dl2=0.4091 steps=1.0 h=1.00 s=0.78 lr=1.94e-04 data=0.8s comp=22.2s
2026-02-15 22:57:17,560 - INFO - Epoch 9/60 | loss=3.4903 struct=0.0409 sgram=0.0321 cmoment=0.1376 dtv=0.2330 dl2=0.4212 steps=1.0 h=1.00 s=0.77 lr=1.92e-04 data=0.8s comp=22.3s
2026-02-15 22:58:09,334 - INFO - Epoch 10/60 | loss=3.5020 struct=0.0416 sgram=0.0322 cmoment=0.1380 dtv=0.2409 dl2=0.4377 steps=1.0 h=1.00 s=0.78 lr=1.90e-04 data=1.5s comp=22.2s
2026-02-15 22:58:09,887 - INFO - Saved checkpoint: /mnt/i/Github/Latent_Style/Cycle-NCE/ablation-fixes/A2_tv0.1_l2_0.1/checkpoints/epoch_0010.pt
2026-02-15 22:59:01,411 - INFO - Epoch 11/60 | loss=3.4351 struct=0.0421 sgram=0.0315 cmoment=0.1357 dtv=0.2451 dl2=0.4319 steps=1.0 h=1.00 s=0.79 lr=1.87e-04 data=0.8s comp=22.3s
2026-02-15 22:59:52,927 - INFO - Epoch 12/60 | loss=3.4472 struct=0.0416 sgram=0.0316 cmoment=0.1366 dtv=0.2509 dl2=0.4413 steps=1.0 h=1.00 s=0.79 lr=1.85e-04 data=0.8s comp=22.3s
2026-02-15 23:00:44,436 - INFO - Epoch 13/60 | loss=3.4238 struct=0.0421 sgram=0.0314 cmoment=0.1354 dtv=0.2551 dl2=0.4503 steps=1.0 h=1.00 s=0.79 lr=1.82e-04 data=0.8s comp=22.3s
2026-02-15 23:01:35,913 - INFO - Epoch 14/60 | loss=3.4354 struct=0.0412 sgram=0.0315 cmoment=0.1362 dtv=0.2505 dl2=0.4350 steps=1.0 h=1.00 s=0.77 lr=1.79e-04 data=0.8s comp=22.3s
2026-02-15 23:02:27,398 - INFO - Epoch 15/60 | loss=3.4338 struct=0.0430 sgram=0.0314 cmoment=0.1361 dtv=0.2579 dl2=0.4506 steps=1.0 h=1.00 s=0.77 lr=1.76e-04 data=0.8s comp=22.3s
2026-02-15 23:03:19,578 - INFO - Epoch 16/60 | loss=3.3898 struct=0.0429 sgram=0.0310 cmoment=0.1348 dtv=0.2612 dl2=0.4553 steps=1.0 h=1.00 s=0.76 lr=1.72e-04 data=0.8s comp=22.6s
2026-02-15 23:04:12,320 - INFO - Epoch 17/60 | loss=3.3720 struct=0.0439 sgram=0.0308 cmoment=0.1339 dtv=0.2666 dl2=0.4700 steps=1.0 h=1.00 s=0.78 lr=1.69e-04 data=0.8s comp=22.8s
2026-02-15 23:05:06,746 - INFO - Epoch 18/60 | loss=3.3706 struct=0.0444 sgram=0.0307 cmoment=0.1339 dtv=0.2725 dl2=0.4765 steps=1.0 h=1.00 s=0.77 lr=1.65e-04 data=0.8s comp=23.5s
2026-02-15 23:06:00,891 - INFO - Epoch 19/60 | loss=3.3519 struct=0.0446 sgram=0.0306 cmoment=0.1332 dtv=0.2750 dl2=0.4820 steps=1.0 h=1.00 s=0.77 lr=1.61e-04 data=0.8s comp=23.4s
2026-02-15 23:06:55,077 - INFO - Epoch 20/60 | loss=3.3714 struct=0.0445 sgram=0.0308 cmoment=0.1334 dtv=0.2764 dl2=0.4892 steps=1.0 h=1.00 s=0.78 lr=1.57e-04 data=0.8s comp=23.4s
2026-02-15 23:06:55,599 - INFO - Saved checkpoint: /mnt/i/Github/Latent_Style/Cycle-NCE/ablation-fixes/A2_tv0.1_l2_0.1/checkpoints/epoch_0020.pt
2026-02-15 23:07:49,926 - INFO - Epoch 21/60 | loss=3.3385 struct=0.0447 sgram=0.0304 cmoment=0.1334 dtv=0.2805 dl2=0.4952 steps=1.0 h=1.00 s=0.78 lr=1.53e-04 data=0.8s comp=23.4s
2026-02-15 23:08:44,271 - INFO - Epoch 22/60 | loss=3.3198 struct=0.0447 sgram=0.0302 cmoment=0.1325 dtv=0.2831 dl2=0.4986 steps=1.0 h=1.00 s=0.78 lr=1.48e-04 data=0.9s comp=23.5s
2026-02-15 23:09:38,574 - INFO - Epoch 23/60 | loss=3.3536 struct=0.0449 sgram=0.0305 cmoment=0.1335 dtv=0.2872 dl2=0.5057 steps=1.0 h=1.00 s=0.77 lr=1.44e-04 data=0.8s comp=23.4s
2026-02-15 23:10:33,117 - INFO - Epoch 24/60 | loss=3.3174 struct=0.0442 sgram=0.0301 cmoment=0.1324 dtv=0.2899 dl2=0.5074 steps=1.0 h=1.00 s=0.78 lr=1.39e-04 data=0.8s comp=23.5s
2026-02-15 23:11:27,664 - INFO - Epoch 25/60 | loss=3.3168 struct=0.0438 sgram=0.0301 cmoment=0.1321 dtv=0.2925 dl2=0.5094 steps=1.0 h=1.00 s=0.79 lr=1.34e-04 data=0.8s comp=23.6s
2026-02-15 23:12:22,520 - INFO - Epoch 26/60 | loss=3.3256 struct=0.0443 sgram=0.0302 cmoment=0.1328 dtv=0.2918 dl2=0.5128 steps=1.0 h=1.00 s=0.76 lr=1.30e-04 data=0.8s comp=23.6s
2026-02-15 23:13:17,240 - INFO - Epoch 27/60 | loss=3.3083 struct=0.0437 sgram=0.0300 cmoment=0.1324 dtv=0.2953 dl2=0.5100 steps=1.0 h=1.00 s=0.78 lr=1.25e-04 data=0.8s comp=23.6s
2026-02-15 23:14:12,138 - INFO - Epoch 28/60 | loss=3.2747 struct=0.0445 sgram=0.0297 cmoment=0.1309 dtv=0.2981 dl2=0.5215 steps=1.0 h=1.00 s=0.79 lr=1.20e-04 data=0.8s comp=23.6s
2026-02-15 23:15:02,135 - INFO - Epoch 29/60 | loss=3.3102 struct=0.0442 sgram=0.0301 cmoment=0.1318 dtv=0.2995 dl2=0.5209 steps=1.0 h=1.00 s=0.78 lr=1.15e-04 data=0.8s comp=21.7s
2026-02-15 23:15:49,467 - INFO - Epoch 30/60 | loss=3.2833 struct=0.0436 sgram=0.0298 cmoment=0.1310 dtv=0.2972 dl2=0.5150 steps=1.0 h=1.00 s=0.78 lr=1.10e-04 data=0.8s comp=20.6s
2026-02-15 23:15:49,949 - INFO - Saved checkpoint: /mnt/i/Github/Latent_Style/Cycle-NCE/ablation-fixes/A2_tv0.1_l2_0.1/checkpoints/epoch_0030.pt
2026-02-15 23:15:49,956 - INFO - Running full eval for epoch 30 -> /mnt/i/Github/Latent_Style/Cycle-NCE/ablation-fixes/A2_tv0.1_l2_0.1/checkpoints/full_eval/epoch_0030
2026-02-15 23:16:02,821 - ERROR - Full eval failed for epoch 30 (code=1). See /mnt/i/Github/Latent_Style/Cycle-NCE/ablation-fixes/A2_tv0.1_l2_0.1/checkpoints/logs/full_eval_epoch_0030.log
2026-02-15 23:16:50,217 - INFO - Epoch 31/60 | loss=3.2974 struct=0.0439 sgram=0.0299 cmoment=0.1315 dtv=0.3010 dl2=0.5211 steps=1.0 h=1.00 s=0.76 lr=1.05e-04 data=0.8s comp=20.6s
2026-02-15 23:17:37,681 - INFO - Epoch 32/60 | loss=3.3013 struct=0.0437 sgram=0.0300 cmoment=0.1310 dtv=0.3010 dl2=0.5176 steps=1.0 h=1.00 s=0.78 lr=1.00e-04 data=0.8s comp=20.7s
2026-02-15 23:18:25,056 - INFO - Epoch 33/60 | loss=3.2776 struct=0.0438 sgram=0.0297 cmoment=0.1314 dtv=0.3022 dl2=0.5218 steps=1.0 h=1.00 s=0.76 lr=9.51e-05 data=0.8s comp=20.6s
2026-02-15 23:19:12,429 - INFO - Epoch 34/60 | loss=3.2719 struct=0.0434 sgram=0.0296 cmoment=0.1311 dtv=0.3044 dl2=0.5277 steps=1.0 h=1.00 s=0.79 lr=9.01e-05 data=0.8s comp=20.6s
2026-02-15 23:19:59,747 - INFO - Epoch 35/60 | loss=3.2746 struct=0.0432 sgram=0.0297 cmoment=0.1309 dtv=0.3047 dl2=0.5259 steps=1.0 h=1.00 s=0.76 lr=8.52e-05 data=0.9s comp=20.6s
2026-02-15 23:20:47,102 - INFO - Epoch 36/60 | loss=3.2717 struct=0.0434 sgram=0.0296 cmoment=0.1312 dtv=0.3052 dl2=0.5255 steps=1.0 h=1.00 s=0.78 lr=8.04e-05 data=0.8s comp=20.6s
2026-02-15 23:21:34,410 - INFO - Epoch 37/60 | loss=3.2763 struct=0.0431 sgram=0.0297 cmoment=0.1311 dtv=0.3063 dl2=0.5251 steps=1.0 h=1.00 s=0.77 lr=7.56e-05 data=0.8s comp=20.6s
2026-02-15 23:22:21,838 - INFO - Epoch 38/60 | loss=3.2590 struct=0.0432 sgram=0.0295 cmoment=0.1304 dtv=0.3066 dl2=0.5278 steps=1.0 h=1.00 s=0.77 lr=7.10e-05 data=0.8s comp=20.8s
2026-02-15 23:23:09,148 - INFO - Epoch 39/60 | loss=3.2820 struct=0.0429 sgram=0.0297 cmoment=0.1312 dtv=0.3058 dl2=0.5242 steps=1.0 h=1.00 s=0.77 lr=6.64e-05 data=0.8s comp=20.6s
2026-02-15 23:23:55,010 - INFO - Epoch 40/60 | loss=3.2819 struct=0.0430 sgram=0.0297 cmoment=0.1319 dtv=0.3103 dl2=0.5320 steps=1.0 h=1.00 s=0.79 lr=6.19e-05 data=0.8s comp=20.0s
2026-02-15 23:23:55,505 - INFO - Saved checkpoint: /mnt/i/Github/Latent_Style/Cycle-NCE/ablation-fixes/A2_tv0.1_l2_0.1/checkpoints/epoch_0040.pt
2026-02-15 23:24:40,366 - INFO - Epoch 41/60 | loss=3.2887 struct=0.0428 sgram=0.0298 cmoment=0.1314 dtv=0.3097 dl2=0.5293 steps=1.0 h=1.00 s=0.77 lr=5.75e-05 data=0.8s comp=19.5s
2026-02-15 23:25:25,238 - INFO - Epoch 42/60 | loss=3.2770 struct=0.0425 sgram=0.0297 cmoment=0.1308 dtv=0.3115 dl2=0.5359 steps=1.0 h=1.00 s=0.78 lr=5.33e-05 data=0.8s comp=19.6s
2026-02-15 23:26:10,107 - INFO - Epoch 43/60 | loss=3.2547 struct=0.0430 sgram=0.0294 cmoment=0.1306 dtv=0.3110 dl2=0.5348 steps=1.0 h=1.00 s=0.78 lr=4.92e-05 data=0.8s comp=19.5s
2026-02-15 23:26:54,985 - INFO - Epoch 44/60 | loss=3.2609 struct=0.0427 sgram=0.0295 cmoment=0.1309 dtv=0.3097 dl2=0.5305 steps=1.0 h=1.00 s=0.78 lr=4.52e-05 data=0.8s comp=19.5s
2026-02-15 23:27:39,866 - INFO - Epoch 45/60 | loss=3.2672 struct=0.0428 sgram=0.0296 cmoment=0.1304 dtv=0.3124 dl2=0.5324 steps=1.0 h=1.00 s=0.77 lr=4.14e-05 data=0.8s comp=19.6s
2026-02-15 23:28:24,738 - INFO - Epoch 46/60 | loss=3.2373 struct=0.0426 sgram=0.0292 cmoment=0.1306 dtv=0.3128 dl2=0.5359 steps=1.0 h=1.00 s=0.76 lr=3.78e-05 data=0.8s comp=19.5s
2026-02-15 23:29:09,804 - INFO - Epoch 47/60 | loss=3.2592 struct=0.0430 sgram=0.0295 cmoment=0.1306 dtv=0.3128 dl2=0.5354 steps=1.0 h=1.00 s=0.77 lr=3.44e-05 data=1.3s comp=19.6s
2026-02-15 23:29:54,656 - INFO - Epoch 48/60 | loss=3.2662 struct=0.0421 sgram=0.0296 cmoment=0.1310 dtv=0.3125 dl2=0.5304 steps=1.0 h=1.00 s=0.77 lr=3.12e-05 data=0.7s comp=19.5s
2026-02-15 23:30:39,539 - INFO - Epoch 49/60 | loss=3.2714 struct=0.0429 sgram=0.0296 cmoment=0.1306 dtv=0.3137 dl2=0.5362 steps=1.0 h=1.00 s=0.79 lr=2.81e-05 data=0.8s comp=19.6s
2026-02-15 23:31:24,407 - INFO - Epoch 50/60 | loss=3.2658 struct=0.0421 sgram=0.0295 cmoment=0.1314 dtv=0.3146 dl2=0.5346 steps=1.0 h=1.00 s=0.78 lr=2.53e-05 data=0.8s comp=19.6s
2026-02-15 23:31:24,876 - INFO - Saved checkpoint: /mnt/i/Github/Latent_Style/Cycle-NCE/ablation-fixes/A2_tv0.1_l2_0.1/checkpoints/epoch_0050.pt
2026-02-15 23:32:09,750 - INFO - Epoch 51/60 | loss=3.2657 struct=0.0423 sgram=0.0296 cmoment=0.1309 dtv=0.3139 dl2=0.5334 steps=1.0 h=1.00 s=0.78 lr=2.27e-05 data=0.7s comp=19.6s
2026-02-15 23:32:54,619 - INFO - Epoch 52/60 | loss=3.2909 struct=0.0424 sgram=0.0298 cmoment=0.1316 dtv=0.3137 dl2=0.5344 steps=1.0 h=1.00 s=0.77 lr=2.04e-05 data=0.7s comp=19.6s
2026-02-15 23:33:39,484 - INFO - Epoch 53/60 | loss=3.2581 struct=0.0425 sgram=0.0295 cmoment=0.1308 dtv=0.3148 dl2=0.5387 steps=1.0 h=1.00 s=0.77 lr=1.82e-05 data=0.7s comp=19.6s
2026-02-15 23:34:24,387 - INFO - Epoch 54/60 | loss=3.2765 struct=0.0423 sgram=0.0297 cmoment=0.1310 dtv=0.3141 dl2=0.5377 steps=1.0 h=1.00 s=0.76 lr=1.63e-05 data=0.7s comp=19.6s
2026-02-15 23:35:09,254 - INFO - Epoch 55/60 | loss=3.2678 struct=0.0426 sgram=0.0295 cmoment=0.1314 dtv=0.3158 dl2=0.5383 steps=1.0 h=1.00 s=0.77 lr=1.46e-05 data=0.7s comp=19.5s
2026-02-15 23:35:54,112 - INFO - Epoch 56/60 | loss=3.2663 struct=0.0423 sgram=0.0295 cmoment=0.1312 dtv=0.3142 dl2=0.5315 steps=1.0 h=1.00 s=0.77 lr=1.32e-05 data=0.7s comp=19.5s
2026-02-15 23:36:38,985 - INFO - Epoch 57/60 | loss=3.2358 struct=0.0425 sgram=0.0293 cmoment=0.1298 dtv=0.3144 dl2=0.5377 steps=1.0 h=1.00 s=0.78 lr=1.21e-05 data=0.7s comp=19.5s
2026-02-15 23:37:23,841 - INFO - Epoch 58/60 | loss=3.2456 struct=0.0423 sgram=0.0294 cmoment=0.1301 dtv=0.3150 dl2=0.5367 steps=1.0 h=1.00 s=0.77 lr=1.12e-05 data=0.7s comp=19.5s
2026-02-15 23:38:08,693 - INFO - Epoch 59/60 | loss=3.2563 struct=0.0425 sgram=0.0294 cmoment=0.1308 dtv=0.3151 dl2=0.5355 steps=1.0 h=1.00 s=0.77 lr=1.05e-05 data=0.8s comp=19.5s
2026-02-15 23:38:53,554 - INFO - Epoch 60/60 | loss=3.2649 struct=0.0427 sgram=0.0296 cmoment=0.1307 dtv=0.3155 dl2=0.5381 steps=1.0 h=1.00 s=0.77 lr=1.01e-05 data=0.7s comp=19.5s
2026-02-15 23:38:53,993 - INFO - Saved checkpoint: /mnt/i/Github/Latent_Style/Cycle-NCE/ablation-fixes/A2_tv0.1_l2_0.1/checkpoints/epoch_0060.pt
2026-02-15 23:38:53,999 - INFO - Running full eval for epoch 60 -> /mnt/i/Github/Latent_Style/Cycle-NCE/ablation-fixes/A2_tv0.1_l2_0.1/checkpoints/full_eval/epoch_0060
2026-02-15 23:42:30,051 - INFO - Full eval completed for epoch 60. Log: /mnt/i/Github/Latent_Style/Cycle-NCE/ablation-fixes/A2_tv0.1_l2_0.1/checkpoints/logs/full_eval_epoch_0060.log
2026-02-15 23:42:30,051 - INFO - Training completed.
