2026-02-20 12:45:28,490 - WARNING - w_style=227.6999 looks high for Projected SWD loss. Recommended start range is [5, 20].
2026-02-20 12:45:28,490 - INFO - Active losses: w_style, w_moment, w_identity, w_structure
2026-02-20 12:45:28,512 - INFO - Device: cuda
2026-02-20 12:45:28,512 - INFO - Seed: 42
2026-02-20 12:45:28,513 - INFO - Loading latent dataset from ..\..\sdxl-256-overfit50
2026-02-20 12:45:28,519 - INFO -   style=photo id=0 count=10
2026-02-20 12:45:28,522 - INFO -   style=Hayao id=1 count=10
2026-02-20 12:45:28,526 - INFO -   style=monet id=2 count=10
2026-02-20 12:45:28,529 - INFO -   style=cezanne id=3 count=10
2026-02-20 12:45:28,532 - INFO -   style=vangogh id=4 count=10
2026-02-20 12:45:28,581 - INFO - Dataset preloaded to cuda: 0.00GB across 5 style pools.
2026-02-20 12:45:28,582 - INFO - DataLoader | batch=50 workers=0 pin_memory=False persistent_workers=False preload_to_gpu=True
2026-02-20 12:45:28,625 - INFO - Model params: 7,153,476
2026-02-20 12:45:28,627 - INFO - Adding NCE Projector params to optimizer: 4 tensors
2026-02-20 12:45:29,261 - INFO - No checkpoint found, start from scratch.
2026-02-20 12:45:31,918 - INFO - [Epoch 1 Step 10/1000] loss=7901.3573 style=33.2231 mom=0.5977 struct=3.9509 tv=0.0000 idt=0.0491 it/s=3.77 eta=262.9s
2026-02-20 12:45:33,554 - INFO - [Epoch 1 Step 20/1000] loss=8053.8204 style=33.8377 mom=0.6029 struct=3.9658 tv=0.0000 idt=0.0678 it/s=4.66 eta=210.3s
2026-02-20 12:45:35,185 - INFO - [Epoch 1 Step 30/1000] loss=8007.9878 style=33.5916 mom=0.6031 struct=3.9698 tv=0.0000 idt=0.0852 it/s=5.06 eta=191.5s
2026-02-20 12:45:36,819 - INFO - [Epoch 1 Step 40/1000] loss=7950.4809 style=33.3001 mom=0.6020 struct=3.9638 tv=0.0000 idt=0.1016 it/s=5.29 eta=181.4s
2026-02-20 12:45:38,450 - INFO - [Epoch 1 Step 50/1000] loss=7952.2118 style=33.2586 mom=0.6039 struct=3.9628 tv=0.0000 idt=0.1205 it/s=5.44 eta=174.6s
2026-02-20 12:45:40,085 - INFO - [Epoch 1 Step 60/1000] loss=7863.7778 style=32.8145 mom=0.6037 struct=3.9702 tv=0.0000 idt=0.1420 it/s=5.54 eta=169.6s
2026-02-20 12:45:41,713 - INFO - [Epoch 1 Step 70/1000] loss=7756.9488 style=32.2885 mom=0.6014 struct=3.9743 tv=0.0000 idt=0.1650 it/s=5.62 eta=165.4s
2026-02-20 12:45:43,345 - INFO - [Epoch 1 Step 80/1000] loss=7721.9853 style=32.0529 mom=0.6023 struct=3.9814 tv=0.0000 idt=0.1967 it/s=5.68 eta=162.0s
2026-02-20 12:45:44,981 - INFO - [Epoch 1 Step 90/1000] loss=7628.6814 style=31.5577 mom=0.6019 struct=3.9873 tv=0.0000 idt=0.2303 it/s=5.73 eta=158.9s
2026-02-20 12:45:46,608 - INFO - [Epoch 1 Step 100/1000] loss=7543.7142 style=31.1060 mom=0.6019 struct=3.9945 tv=0.0000 idt=0.2608 it/s=5.76 eta=156.1s
2026-02-20 12:45:48,240 - INFO - [Epoch 1 Step 110/1000] loss=7463.7525 style=30.7070 mom=0.6004 struct=4.0023 tv=0.0000 idt=0.2796 it/s=5.80 eta=153.5s
2026-02-20 12:45:49,871 - INFO - [Epoch 1 Step 120/1000] loss=7370.7212 style=30.2501 mom=0.5997 struct=4.0088 tv=0.0000 idt=0.2986 it/s=5.82 eta=151.1s
2026-02-20 12:45:51,500 - INFO - [Epoch 1 Step 130/1000] loss=7296.9090 style=29.8731 mom=0.5974 struct=4.0173 tv=0.0000 idt=0.3196 it/s=5.85 eta=148.8s
2026-02-20 12:45:53,134 - INFO - [Epoch 1 Step 140/1000] loss=7203.8188 style=29.4252 mom=0.5960 struct=4.0230 tv=0.0000 idt=0.3351 it/s=5.86 eta=146.6s
2026-02-20 12:45:54,763 - INFO - [Epoch 1 Step 150/1000] loss=7140.3210 style=29.0888 mom=0.5953 struct=4.0304 tv=0.0000 idt=0.3576 it/s=5.88 eta=144.5s
2026-02-20 12:45:56,397 - INFO - [Epoch 1 Step 160/1000] loss=7068.6875 style=28.7310 mom=0.5933 struct=4.0382 tv=0.0000 idt=0.3748 it/s=5.90 eta=142.5s
2026-02-20 12:45:58,024 - INFO - [Epoch 1 Step 170/1000] loss=6993.9993 style=28.3363 mom=0.5910 struct=4.0491 tv=0.0000 idt=0.4011 it/s=5.91 eta=140.4s
2026-02-20 12:45:59,664 - INFO - [Epoch 1 Step 180/1000] loss=6918.0461 style=27.9620 mom=0.5893 struct=4.0586 tv=0.0000 idt=0.4171 it/s=5.92 eta=138.5s
2026-02-20 12:46:01,294 - INFO - [Epoch 1 Step 190/1000] loss=6857.9788 style=27.6458 mom=0.5866 struct=4.0704 tv=0.0000 idt=0.4378 it/s=5.93 eta=136.6s
2026-02-20 12:46:02,930 - INFO - [Epoch 1 Step 200/1000] loss=6796.6083 style=27.3371 mom=0.5843 struct=4.0815 tv=0.0000 idt=0.4532 it/s=5.94 eta=134.7s
2026-02-20 12:46:04,558 - INFO - [Epoch 1 Step 210/1000] loss=6726.2686 style=26.9876 mom=0.5819 struct=4.0900 tv=0.0000 idt=0.4695 it/s=5.95 eta=132.8s
2026-02-20 12:46:06,189 - INFO - [Epoch 1 Step 220/1000] loss=6657.3487 style=26.6567 mom=0.5788 struct=4.0995 tv=0.0000 idt=0.4810 it/s=5.96 eta=130.9s
2026-02-20 12:46:07,821 - INFO - [Epoch 1 Step 230/1000] loss=6602.0066 style=26.3763 mom=0.5761 struct=4.1106 tv=0.0000 idt=0.4958 it/s=5.96 eta=129.1s
2026-02-20 12:46:09,452 - INFO - [Epoch 1 Step 240/1000] loss=6551.7655 style=26.1144 mom=0.5735 struct=4.1226 tv=0.0000 idt=0.5121 it/s=5.97 eta=127.3s
2026-02-20 12:46:11,096 - INFO - [Epoch 1 Step 250/1000] loss=6507.8397 style=25.8742 mom=0.5714 struct=4.1323 tv=0.0000 idt=0.5307 it/s=5.98 eta=125.5s
2026-02-20 12:46:12,725 - INFO - [Epoch 1 Step 260/1000] loss=6469.2668 style=25.6793 mom=0.5693 struct=4.1425 tv=0.0000 idt=0.5407 it/s=5.98 eta=123.7s
2026-02-20 12:46:14,355 - INFO - [Epoch 1 Step 270/1000] loss=6426.6467 style=25.4561 mom=0.5673 struct=4.1518 tv=0.0000 idt=0.5549 it/s=5.99 eta=121.9s
2026-02-20 12:46:15,987 - INFO - [Epoch 1 Step 280/1000] loss=6384.9186 style=25.2429 mom=0.5655 struct=4.1623 tv=0.0000 idt=0.5665 it/s=5.99 eta=120.2s
2026-02-20 12:46:17,614 - INFO - [Epoch 1 Step 290/1000] loss=6345.7532 style=25.0423 mom=0.5643 struct=4.1711 tv=0.0000 idt=0.5776 it/s=6.00 eta=118.4s
2026-02-20 12:46:19,275 - INFO - [Epoch 1 Step 300/1000] loss=6308.3779 style=24.8520 mom=0.5626 struct=4.1775 tv=0.0000 idt=0.5880 it/s=6.00 eta=116.7s
2026-02-20 12:46:20,905 - INFO - [Epoch 1 Step 310/1000] loss=6283.5621 style=24.7158 mom=0.5615 struct=4.1856 tv=0.0000 idt=0.5985 it/s=6.00 eta=114.9s
2026-02-20 12:46:22,544 - INFO - [Epoch 1 Step 320/1000] loss=6246.6017 style=24.5250 mom=0.5598 struct=4.1964 tv=0.0000 idt=0.6095 it/s=6.01 eta=113.2s
2026-02-20 12:46:24,172 - INFO - [Epoch 1 Step 330/1000] loss=6211.1302 style=24.3544 mom=0.5582 struct=4.2042 tv=0.0000 idt=0.6153 it/s=6.01 eta=111.5s
2026-02-20 12:46:25,801 - INFO - [Epoch 1 Step 340/1000] loss=6181.2983 style=24.2042 mom=0.5573 struct=4.2118 tv=0.0000 idt=0.6226 it/s=6.01 eta=109.8s
2026-02-20 12:46:27,432 - INFO - [Epoch 1 Step 350/1000] loss=6153.8359 style=24.0632 mom=0.5565 struct=4.2194 tv=0.0000 idt=0.6303 it/s=6.02 eta=108.0s
2026-02-20 12:46:29,063 - INFO - [Epoch 1 Step 360/1000] loss=6120.2218 style=23.8976 mom=0.5553 struct=4.2273 tv=0.0000 idt=0.6372 it/s=6.02 eta=106.3s
2026-02-20 12:46:30,690 - INFO - [Epoch 1 Step 370/1000] loss=6091.3601 style=23.7600 mom=0.5539 struct=4.2340 tv=0.0000 idt=0.6414 it/s=6.02 eta=104.6s
2026-02-20 12:46:32,322 - INFO - [Epoch 1 Step 380/1000] loss=6061.8374 style=23.6196 mom=0.5525 struct=4.2418 tv=0.0000 idt=0.6455 it/s=6.03 eta=102.9s
2026-02-20 12:46:33,950 - INFO - [Epoch 1 Step 390/1000] loss=6036.4823 style=23.4897 mom=0.5515 struct=4.2490 tv=0.0000 idt=0.6526 it/s=6.03 eta=101.2s
2026-02-20 12:46:35,579 - INFO - [Epoch 1 Step 400/1000] loss=6013.6085 style=23.3778 mom=0.5504 struct=4.2546 tv=0.0000 idt=0.6570 it/s=6.03 eta=99.5s
2026-02-20 12:46:37,210 - INFO - [Epoch 1 Step 410/1000] loss=5991.2100 style=23.2693 mom=0.5493 struct=4.2615 tv=0.0000 idt=0.6609 it/s=6.03 eta=97.8s
2026-02-20 12:46:38,841 - INFO - [Epoch 1 Step 420/1000] loss=5973.2356 style=23.1698 mom=0.5484 struct=4.2689 tv=0.0000 idt=0.6688 it/s=6.04 eta=96.1s
2026-02-20 12:46:40,471 - INFO - [Epoch 1 Step 430/1000] loss=5958.4415 style=23.1001 mom=0.5475 struct=4.2737 tv=0.0000 idt=0.6705 it/s=6.04 eta=94.4s
2026-02-20 12:46:42,101 - INFO - [Epoch 1 Step 440/1000] loss=5944.7303 style=23.0204 mom=0.5467 struct=4.2804 tv=0.0000 idt=0.6780 it/s=6.04 eta=92.7s
2026-02-20 12:46:43,734 - INFO - [Epoch 1 Step 450/1000] loss=5924.8553 style=22.9178 mom=0.5456 struct=4.2859 tv=0.0000 idt=0.6840 it/s=6.04 eta=91.0s
2026-02-20 12:46:45,365 - INFO - [Epoch 1 Step 460/1000] loss=5902.5730 style=22.8224 mom=0.5449 struct=4.2901 tv=0.0000 idt=0.6829 it/s=6.04 eta=89.3s
2026-02-20 12:46:47,001 - INFO - [Epoch 1 Step 470/1000] loss=5883.4490 style=22.7313 mom=0.5439 struct=4.2956 tv=0.0000 idt=0.6856 it/s=6.05 eta=87.7s
2026-02-20 12:46:48,632 - INFO - [Epoch 1 Step 480/1000] loss=5863.6017 style=22.6351 mom=0.5432 struct=4.3010 tv=0.0000 idt=0.6890 it/s=6.05 eta=86.0s
2026-02-20 12:46:50,264 - INFO - [Epoch 1 Step 490/1000] loss=5844.3041 style=22.5374 mom=0.5422 struct=4.3072 tv=0.0000 idt=0.6939 it/s=6.05 eta=84.3s
2026-02-20 12:46:51,891 - INFO - [Epoch 1 Step 500/1000] loss=5825.2555 style=22.4447 mom=0.5411 struct=4.3125 tv=0.0000 idt=0.6975 it/s=6.05 eta=82.6s
2026-02-20 12:46:53,525 - INFO - [Epoch 1 Step 510/1000] loss=5804.4567 style=22.3464 mom=0.5399 struct=4.3169 tv=0.0000 idt=0.7003 it/s=6.05 eta=81.0s
2026-02-20 12:46:55,155 - INFO - [Epoch 1 Step 520/1000] loss=5792.9687 style=22.2910 mom=0.5396 struct=4.3208 tv=0.0000 idt=0.7020 it/s=6.05 eta=79.3s
2026-02-20 12:46:56,784 - INFO - [Epoch 1 Step 530/1000] loss=5779.2038 style=22.2236 mom=0.5390 struct=4.3249 tv=0.0000 idt=0.7046 it/s=6.06 eta=77.6s
2026-02-20 12:46:58,417 - INFO - [Epoch 1 Step 540/1000] loss=5761.9352 style=22.1450 mom=0.5384 struct=4.3302 tv=0.0000 idt=0.7055 it/s=6.06 eta=75.9s
2026-02-20 12:47:00,047 - INFO - [Epoch 1 Step 550/1000] loss=5745.4217 style=22.0693 mom=0.5379 struct=4.3358 tv=0.0000 idt=0.7065 it/s=6.06 eta=74.3s
2026-02-20 12:47:01,686 - INFO - [Epoch 1 Step 560/1000] loss=5728.7412 style=21.9944 mom=0.5372 struct=4.3420 tv=0.0000 idt=0.7068 it/s=6.06 eta=72.6s
2026-02-20 12:47:03,317 - INFO - [Epoch 1 Step 570/1000] loss=5711.6206 style=21.9159 mom=0.5364 struct=4.3458 tv=0.0000 idt=0.7081 it/s=6.06 eta=71.0s
2026-02-20 12:47:04,944 - INFO - [Epoch 1 Step 580/1000] loss=5695.6696 style=21.8418 mom=0.5356 struct=4.3497 tv=0.0000 idt=0.7097 it/s=6.06 eta=69.3s
2026-02-20 12:47:06,576 - INFO - [Epoch 1 Step 590/1000] loss=5678.7409 style=21.7696 mom=0.5349 struct=4.3528 tv=0.0000 idt=0.7088 it/s=6.06 eta=67.6s
2026-02-20 12:47:08,209 - INFO - [Epoch 1 Step 600/1000] loss=5664.7531 style=21.7032 mom=0.5342 struct=4.3569 tv=0.0000 idt=0.7107 it/s=6.06 eta=66.0s
2026-02-20 12:47:09,836 - INFO - [Epoch 1 Step 610/1000] loss=5650.0953 style=21.6378 mom=0.5337 struct=4.3615 tv=0.0000 idt=0.7108 it/s=6.07 eta=64.3s
2026-02-20 12:47:11,465 - INFO - [Epoch 1 Step 620/1000] loss=5635.2426 style=21.5710 mom=0.5329 struct=4.3666 tv=0.0000 idt=0.7114 it/s=6.07 eta=62.6s
2026-02-20 12:47:13,093 - INFO - [Epoch 1 Step 630/1000] loss=5622.6854 style=21.5185 mom=0.5325 struct=4.3704 tv=0.0000 idt=0.7101 it/s=6.07 eta=61.0s
2026-02-20 12:47:14,724 - INFO - [Epoch 1 Step 640/1000] loss=5606.7068 style=21.4460 mom=0.5318 struct=4.3744 tv=0.0000 idt=0.7109 it/s=6.07 eta=59.3s
2026-02-20 12:47:16,355 - INFO - [Epoch 1 Step 650/1000] loss=5592.0329 style=21.3837 mom=0.5311 struct=4.3772 tv=0.0000 idt=0.7101 it/s=6.07 eta=57.7s
2026-02-20 12:47:17,981 - INFO - [Epoch 1 Step 660/1000] loss=5576.2153 style=21.3147 mom=0.5303 struct=4.3810 tv=0.0000 idt=0.7099 it/s=6.07 eta=56.0s
2026-02-20 12:47:19,625 - INFO - [Epoch 1 Step 670/1000] loss=5564.3180 style=21.2593 mom=0.5299 struct=4.3855 tv=0.0000 idt=0.7109 it/s=6.07 eta=54.4s
2026-02-20 12:47:21,277 - INFO - [Epoch 1 Step 680/1000] loss=5553.5960 style=21.2119 mom=0.5296 struct=4.3881 tv=0.0000 idt=0.7109 it/s=6.07 eta=52.7s
2026-02-20 12:47:22,908 - INFO - [Epoch 1 Step 690/1000] loss=5539.6131 style=21.1526 mom=0.5289 struct=4.3909 tv=0.0000 idt=0.7101 it/s=6.07 eta=51.1s
2026-02-20 12:47:24,536 - INFO - [Epoch 1 Step 700/1000] loss=5525.1824 style=21.0917 mom=0.5281 struct=4.3932 tv=0.0000 idt=0.7091 it/s=6.07 eta=49.4s
2026-02-20 12:47:26,174 - INFO - [Epoch 1 Step 710/1000] loss=5515.4346 style=21.0474 mom=0.5278 struct=4.3977 tv=0.0000 idt=0.7095 it/s=6.07 eta=47.8s
2026-02-20 12:47:27,823 - INFO - [Epoch 1 Step 720/1000] loss=5498.5911 style=20.9784 mom=0.5274 struct=4.4005 tv=0.0000 idt=0.7074 it/s=6.07 eta=46.1s
2026-02-20 12:47:29,452 - INFO - [Epoch 1 Step 730/1000] loss=5486.5508 style=20.9299 mom=0.5268 struct=4.4026 tv=0.0000 idt=0.7057 it/s=6.07 eta=44.5s
2026-02-20 12:47:31,092 - INFO - [Epoch 1 Step 740/1000] loss=5476.6933 style=20.8881 mom=0.5263 struct=4.4057 tv=0.0000 idt=0.7050 it/s=6.07 eta=42.8s
2026-02-20 12:47:32,732 - INFO - [Epoch 1 Step 750/1000] loss=5463.6078 style=20.8360 mom=0.5256 struct=4.4093 tv=0.0000 idt=0.7029 it/s=6.07 eta=41.2s
2026-02-20 12:47:34,357 - INFO - [Epoch 1 Step 760/1000] loss=5454.6945 style=20.7988 mom=0.5253 struct=4.4128 tv=0.0000 idt=0.7019 it/s=6.08 eta=39.5s
2026-02-20 12:47:35,991 - INFO - [Epoch 1 Step 770/1000] loss=5442.7242 style=20.7495 mom=0.5247 struct=4.4155 tv=0.0000 idt=0.7006 it/s=6.08 eta=37.9s
2026-02-20 12:47:37,648 - INFO - [Epoch 1 Step 780/1000] loss=5430.7912 style=20.7013 mom=0.5241 struct=4.4181 tv=0.0000 idt=0.6989 it/s=6.08 eta=36.2s
2026-02-20 12:47:39,278 - INFO - [Epoch 1 Step 790/1000] loss=5419.5453 style=20.6583 mom=0.5234 struct=4.4218 tv=0.0000 idt=0.6963 it/s=6.08 eta=34.6s
2026-02-20 12:47:40,919 - INFO - [Epoch 1 Step 800/1000] loss=5408.4350 style=20.6103 mom=0.5230 struct=4.4248 tv=0.0000 idt=0.6958 it/s=6.08 eta=32.9s
2026-02-20 12:47:42,550 - INFO - [Epoch 1 Step 810/1000] loss=5397.8069 style=20.5651 mom=0.5224 struct=4.4276 tv=0.0000 idt=0.6952 it/s=6.08 eta=31.3s
2026-02-20 12:47:44,181 - INFO - [Epoch 1 Step 820/1000] loss=5387.9641 style=20.5226 mom=0.5220 struct=4.4303 tv=0.0000 idt=0.6949 it/s=6.08 eta=29.6s
2026-02-20 12:47:45,813 - INFO - [Epoch 1 Step 830/1000] loss=5377.7311 style=20.4818 mom=0.5215 struct=4.4332 tv=0.0000 idt=0.6931 it/s=6.08 eta=28.0s
2026-02-20 12:47:47,451 - INFO - [Epoch 1 Step 840/1000] loss=5366.9509 style=20.4390 mom=0.5210 struct=4.4359 tv=0.0000 idt=0.6913 it/s=6.08 eta=26.3s
2026-02-20 12:47:49,087 - INFO - [Epoch 1 Step 850/1000] loss=5356.7875 style=20.4005 mom=0.5206 struct=4.4393 tv=0.0000 idt=0.6887 it/s=6.08 eta=24.7s
2026-02-20 12:47:50,723 - INFO - [Epoch 1 Step 860/1000] loss=5346.1474 style=20.3600 mom=0.5203 struct=4.4425 tv=0.0000 idt=0.6861 it/s=6.08 eta=23.0s
2026-02-20 12:47:52,353 - INFO - [Epoch 1 Step 870/1000] loss=5338.1955 style=20.3294 mom=0.5202 struct=4.4451 tv=0.0000 idt=0.6842 it/s=6.08 eta=21.4s
2026-02-20 12:47:53,982 - INFO - [Epoch 1 Step 880/1000] loss=5329.0584 style=20.2937 mom=0.5198 struct=4.4485 tv=0.0000 idt=0.6823 it/s=6.08 eta=19.7s
2026-02-20 12:47:55,614 - INFO - [Epoch 1 Step 890/1000] loss=5317.4748 style=20.2464 mom=0.5192 struct=4.4503 tv=0.0000 idt=0.6809 it/s=6.08 eta=18.1s
2026-02-20 12:47:57,244 - INFO - [Epoch 1 Step 900/1000] loss=5308.0662 style=20.2071 mom=0.5188 struct=4.4534 tv=0.0000 idt=0.6800 it/s=6.08 eta=16.4s
2026-02-20 12:47:58,877 - INFO - [Epoch 1 Step 910/1000] loss=5298.5280 style=20.1683 mom=0.5183 struct=4.4553 tv=0.0000 idt=0.6788 it/s=6.08 eta=14.8s
2026-02-20 12:48:00,508 - INFO - [Epoch 1 Step 920/1000] loss=5291.1442 style=20.1410 mom=0.5179 struct=4.4576 tv=0.0000 idt=0.6767 it/s=6.08 eta=13.2s
2026-02-20 12:48:02,136 - INFO - [Epoch 1 Step 930/1000] loss=5281.7918 style=20.1067 mom=0.5177 struct=4.4598 tv=0.0000 idt=0.6739 it/s=6.08 eta=11.5s
2026-02-20 12:48:03,765 - INFO - [Epoch 1 Step 940/1000] loss=5273.8071 style=20.0755 mom=0.5174 struct=4.4626 tv=0.0000 idt=0.6722 it/s=6.08 eta=9.9s
2026-02-20 12:48:05,396 - INFO - [Epoch 1 Step 950/1000] loss=5265.3643 style=20.0439 mom=0.5171 struct=4.4648 tv=0.0000 idt=0.6700 it/s=6.08 eta=8.2s
2026-02-20 12:48:07,031 - INFO - [Epoch 1 Step 960/1000] loss=5256.5416 style=20.0125 mom=0.5167 struct=4.4668 tv=0.0000 idt=0.6670 it/s=6.08 eta=6.6s
2026-02-20 12:48:08,658 - INFO - [Epoch 1 Step 970/1000] loss=5249.6265 style=19.9834 mom=0.5164 struct=4.4698 tv=0.0000 idt=0.6663 it/s=6.09 eta=4.9s
2026-02-20 12:48:10,289 - INFO - [Epoch 1 Step 980/1000] loss=5244.1555 style=19.9632 mom=0.5161 struct=4.4725 tv=0.0000 idt=0.6647 it/s=6.09 eta=3.3s
2026-02-20 12:48:11,920 - INFO - [Epoch 1 Step 990/1000] loss=5237.8997 style=19.9408 mom=0.5159 struct=4.4755 tv=0.0000 idt=0.6625 it/s=6.09 eta=1.6s
2026-02-20 12:48:13,554 - INFO - [Epoch 1 Step 1000/1000] loss=5228.2792 style=19.9028 mom=0.5156 struct=4.4784 tv=0.0000 idt=0.6607 it/s=6.09 eta=0.0s
2026-02-20 12:48:13,556 - INFO - Epoch 1/1 | loss=5228.2792 style_swd=19.9028 mom=0.5156 struct=4.4784 tv=0.0000 idt=0.6607 steps=1.0 h=1.00 s=1.00 lr=5.00e-04 data=1.2s comp=163.1s
2026-02-20 12:48:13,642 - INFO - Saved checkpoint: G:\GitHub\Latent_Style\Cycle-NCE\ssim-optun-nce\trial_0221\epoch_0001.pt (step=1000)
2026-02-20 12:48:13,642 - INFO - Running full eval for epoch 1 -> G:\GitHub\Latent_Style\Cycle-NCE\ssim-optun-nce\trial_0221\full_eval\epoch_0001
2026-02-20 12:49:06,521 - INFO - Full eval completed for epoch 1. Log: G:\GitHub\Latent_Style\Cycle-NCE\ssim-optun-nce\trial_0221\logs\full_eval_epoch_0001.log
2026-02-20 12:49:06,523 - INFO - Training completed.
