2026-02-07 18:55:42,693 - INFO - Using device: cpu
2026-02-07 18:55:42,693 - INFO - Using global seed: 42
2026-02-07 18:55:42,693 - INFO - Loading 4 styles from ..\..\latents...
2026-02-07 18:55:45,511 - INFO - \U0001f4be Keeping latents in CPU RAM (Pinned)
2026-02-07 18:55:45,835 - INFO - Model architecture: unet_lite
2026-02-07 18:55:46,476 - INFO - Model compiled with torch.compile
2026-02-07 18:55:46,476 - INFO - Model parameters: 65,220,292
2026-02-07 18:55:46,476 - INFO - \U0001f3af GeometricFreeEnergyLoss initialized (Multi-Style Mode)
   Scales: [2, 5, 9]
   Styles: 4 | Max Samples: 16384
   Projections: 64 | Memory: ~48.0MB
2026-02-07 18:55:46,477 - INFO - SWD setup | enabled=False warmup_ratio=0.200 band=highpass levels=['latent'] high_w=1.000 low_w=1.000 moment_w=10.000
2026-02-07 18:55:46,477 - INFO - Style classifier guidance disabled
2026-02-07 18:55:46,477 - INFO - Identity consistency enabled (pair_ratio=0.25, w_identity=1.0)
2026-02-07 18:55:46,477 - INFO - Pyramid Structural Loss enabled (w=1.0, weights={'low': 4.0, 'mid': 2.0, 'high': 1.0})
2026-02-07 18:55:46,477 - INFO - Velocity Regularization enabled (weight=0.1)
2026-02-07 18:55:46,477 - INFO - Scheduler: Linear Warmup (10) -> Cosine Annealing (to 1e-06)
G:\GitHub\Latent_Style\Thermal\src\trainer.py:349: UserWarning: torch.cuda.amp.GradScaler is enabled, but CUDA is not available.  Disabling.
  self.scaler = torch.amp.GradScaler(enabled=self.use_amp)
2026-02-07 18:55:46,478 - INFO - Adaptive Loss Normalization enabled (Running Mean Scaling)
2026-02-07 18:55:46,478 - INFO - Gradient accumulation: 2 steps | Effective batch size: 384
2026-02-07 18:55:46,478 - INFO - Alpha warmup schedule: 0 -> 1.0 over 1000 steps
2026-02-07 18:55:46,478 - INFO - Per-style loss weights: [1.0, 1.0, 1.0, 1.0]
2026-02-07 18:55:46,478 - INFO - Full external evaluation interval: 1000000000
2026-02-07 18:55:46,478 - WARNING - VAE load failed; inference evaluation will be skipped. reason=No module named 'diffusers'
2026-02-07 18:55:46,479 - INFO - Overriding resume checkpoint: G:\GitHub\Latent_Style\Thermal\unet_lite\epoch_0100.pt
2026-02-07 18:55:46,479 - INFO - Loading checkpoint: G:\GitHub\Latent_Style\Thermal\unet_lite\epoch_0100.pt
2026-02-07 18:55:46,699 - INFO - \u2713 Model state loaded
2026-02-07 18:55:46,700 - INFO - \u2713 Optimizer state restored (momentum preserved)
2026-02-07 18:55:46,701 - INFO - \u2713 Scheduler state restored (no re-warmup)
2026-02-07 18:55:46,701 - INFO - \u2713 GradScaler state restored
2026-02-07 18:55:46,701 - INFO - \u2713 Fully resumed from epoch 100
2026-02-07 18:55:46,701 - INFO -   Next epoch: 101
2026-02-07 18:55:46,701 - INFO -   Global step: 6400
2026-02-07 18:55:46,701 - INFO - Adaptive loss normalization state restored
2026-02-07 18:55:46,701 - INFO - Resumed training state. Current LR will be determined by scheduler.
2026-02-07 18:55:46,702 - WARNING - diffusers not available, using simple noise scheduler fallback. reason=No module named 'diffusers'
2026-02-07 18:55:46,702 - INFO - Building style indices cache...
2026-02-07 18:55:46,702 - INFO -   Style 0: 6187 samples
2026-02-07 18:55:46,702 - INFO -   Style 1: 972 samples
2026-02-07 18:55:46,702 - INFO -   Style 2: 600 samples
2026-02-07 18:55:46,702 - INFO -   Style 3: 850 samples
2026-02-07 18:55:46,703 - INFO - Style indices cache built
2026-02-07 18:55:46,703 - INFO - Estimated train steps=258, SWD warmup steps=51 (ratio=0.200)
2026-02-07 18:55:46,703 - INFO - Skipping latent SWD LUT initialization (latent SWD disabled for this run).
2026-02-07 18:55:46,703 - INFO - Saving original test images to inference/epoch_-1
2026-02-07 18:55:46,703 - INFO - 
================================================================================
2026-02-07 18:55:46,703 - INFO - Running Inference Evaluation (Epoch -1)
2026-02-07 18:55:46,703 - INFO - ================================================================================
2026-02-07 18:55:46,703 - WARNING - VAE is unavailable. Skipping inference evaluation.
2026-02-07 18:55:46,703 - INFO - \u2713 Training completed!
