2026-02-20 13:00:09,491 - WARNING - w_style=211.1526 looks high for Projected SWD loss. Recommended start range is [5, 20].
2026-02-20 13:00:09,492 - INFO - Active losses: w_style, w_moment, w_identity, w_structure
2026-02-20 13:00:09,516 - INFO - Device: cuda
2026-02-20 13:00:09,516 - INFO - Seed: 42
2026-02-20 13:00:09,516 - INFO - Loading latent dataset from ..\..\sdxl-256-overfit50
2026-02-20 13:00:09,522 - INFO -   style=photo id=0 count=10
2026-02-20 13:00:09,526 - INFO -   style=Hayao id=1 count=10
2026-02-20 13:00:09,529 - INFO -   style=monet id=2 count=10
2026-02-20 13:00:09,532 - INFO -   style=cezanne id=3 count=10
2026-02-20 13:00:09,535 - INFO -   style=vangogh id=4 count=10
2026-02-20 13:00:09,590 - INFO - Dataset preloaded to cuda: 0.00GB across 5 style pools.
2026-02-20 13:00:09,591 - INFO - DataLoader | batch=50 workers=0 pin_memory=False persistent_workers=False preload_to_gpu=True
2026-02-20 13:00:09,633 - INFO - Model params: 7,153,476
2026-02-20 13:00:09,635 - INFO - Adding NCE Projector params to optimizer: 4 tensors
2026-02-20 13:00:10,279 - INFO - No checkpoint found, start from scratch.
2026-02-20 13:00:12,990 - INFO - [Epoch 1 Step 10/1000] loss=7355.3045 style=33.2248 mom=0.5977 struct=3.9509 tv=0.0000 idt=0.0488 it/s=3.69 eta=268.3s
2026-02-20 13:00:14,633 - INFO - [Epoch 1 Step 20/1000] loss=7497.7042 style=33.8412 mom=0.6029 struct=3.9656 tv=0.0000 idt=0.0672 it/s=4.59 eta=213.3s
2026-02-20 13:00:16,269 - INFO - [Epoch 1 Step 30/1000] loss=7456.1393 style=33.5974 mom=0.6031 struct=3.9695 tv=0.0000 idt=0.0841 it/s=5.01 eta=193.6s
2026-02-20 13:00:17,904 - INFO - [Epoch 1 Step 40/1000] loss=7403.8943 style=33.3105 mom=0.6019 struct=3.9633 tv=0.0000 idt=0.0996 it/s=5.25 eta=183.0s
2026-02-20 13:00:19,536 - INFO - [Epoch 1 Step 50/1000] loss=7407.1296 style=33.2762 mom=0.6038 struct=3.9621 tv=0.0000 idt=0.1173 it/s=5.40 eta=175.9s
2026-02-20 13:00:21,182 - INFO - [Epoch 1 Step 60/1000] loss=7327.6989 style=32.8441 mom=0.6037 struct=3.9695 tv=0.0000 idt=0.1374 it/s=5.50 eta=170.8s
2026-02-20 13:00:22,815 - INFO - [Epoch 1 Step 70/1000] loss=7232.2176 style=32.3360 mom=0.6016 struct=3.9735 tv=0.0000 idt=0.1584 it/s=5.58 eta=166.5s
2026-02-20 13:00:24,443 - INFO - [Epoch 1 Step 80/1000] loss=7203.8967 style=32.1215 mom=0.6026 struct=3.9800 tv=0.0000 idt=0.1871 it/s=5.65 eta=162.9s
2026-02-20 13:00:26,075 - INFO - [Epoch 1 Step 90/1000] loss=7120.6525 style=31.6435 mom=0.6022 struct=3.9852 tv=0.0000 idt=0.2177 it/s=5.70 eta=159.7s
2026-02-20 13:00:27,711 - INFO - [Epoch 1 Step 100/1000] loss=7043.7092 style=31.1947 mom=0.6026 struct=3.9928 tv=0.0000 idt=0.2480 it/s=5.74 eta=156.9s
2026-02-20 13:00:29,337 - INFO - [Epoch 1 Step 110/1000] loss=6970.6719 style=30.8045 mom=0.6012 struct=4.0005 tv=0.0000 idt=0.2641 it/s=5.77 eta=154.2s
2026-02-20 13:00:30,969 - INFO - [Epoch 1 Step 120/1000] loss=6887.6038 style=30.3573 mom=0.6006 struct=4.0066 tv=0.0000 idt=0.2837 it/s=5.80 eta=151.7s
2026-02-20 13:00:32,599 - INFO - [Epoch 1 Step 130/1000] loss=6820.6472 style=29.9884 mom=0.5984 struct=4.0148 tv=0.0000 idt=0.3028 it/s=5.82 eta=149.4s
2026-02-20 13:00:34,242 - INFO - [Epoch 1 Step 140/1000] loss=6735.1837 style=29.5466 mom=0.5971 struct=4.0200 tv=0.0000 idt=0.3165 it/s=5.84 eta=147.2s
2026-02-20 13:00:35,876 - INFO - [Epoch 1 Step 150/1000] loss=6678.1857 style=29.2187 mom=0.5965 struct=4.0268 tv=0.0000 idt=0.3374 it/s=5.86 eta=145.0s
2026-02-20 13:00:37,508 - INFO - [Epoch 1 Step 160/1000] loss=6612.6654 style=28.8655 mom=0.5947 struct=4.0345 tv=0.0000 idt=0.3532 it/s=5.88 eta=142.9s
2026-02-20 13:00:39,137 - INFO - [Epoch 1 Step 170/1000] loss=6545.3510 style=28.4798 mom=0.5926 struct=4.0445 tv=0.0000 idt=0.3777 it/s=5.89 eta=140.9s
2026-02-20 13:00:40,768 - INFO - [Epoch 1 Step 180/1000] loss=6477.2053 style=28.1143 mom=0.5909 struct=4.0536 tv=0.0000 idt=0.3933 it/s=5.90 eta=138.9s
2026-02-20 13:00:42,395 - INFO - [Epoch 1 Step 190/1000] loss=6421.8648 style=27.8003 mom=0.5884 struct=4.0644 tv=0.0000 idt=0.4123 it/s=5.92 eta=136.9s
2026-02-20 13:00:44,024 - INFO - [Epoch 1 Step 200/1000] loss=6365.6168 style=27.4939 mom=0.5861 struct=4.0754 tv=0.0000 idt=0.4269 it/s=5.93 eta=135.0s
2026-02-20 13:00:45,673 - INFO - [Epoch 1 Step 210/1000] loss=6300.6634 style=27.1462 mom=0.5838 struct=4.0833 tv=0.0000 idt=0.4418 it/s=5.93 eta=133.1s
2026-02-20 13:00:47,320 - INFO - [Epoch 1 Step 220/1000] loss=6237.6056 style=26.8188 mom=0.5808 struct=4.0919 tv=0.0000 idt=0.4527 it/s=5.94 eta=131.3s
2026-02-20 13:00:48,957 - INFO - [Epoch 1 Step 230/1000] loss=6186.9877 style=26.5416 mom=0.5782 struct=4.1026 tv=0.0000 idt=0.4664 it/s=5.95 eta=129.5s
2026-02-20 13:00:50,593 - INFO - [Epoch 1 Step 240/1000] loss=6141.7220 style=26.2873 mom=0.5757 struct=4.1140 tv=0.0000 idt=0.4810 it/s=5.95 eta=127.7s
2026-02-20 13:00:52,222 - INFO - [Epoch 1 Step 250/1000] loss=6100.7160 style=26.0438 mom=0.5735 struct=4.1237 tv=0.0000 idt=0.4991 it/s=5.96 eta=125.8s
2026-02-20 13:00:53,852 - INFO - [Epoch 1 Step 260/1000] loss=6065.1144 style=25.8495 mom=0.5715 struct=4.1332 tv=0.0000 idt=0.5084 it/s=5.97 eta=124.0s
2026-02-20 13:00:55,486 - INFO - [Epoch 1 Step 270/1000] loss=6025.0101 style=25.6237 mom=0.5695 struct=4.1422 tv=0.0000 idt=0.5215 it/s=5.97 eta=122.2s
2026-02-20 13:00:57,134 - INFO - [Epoch 1 Step 280/1000] loss=5986.6107 style=25.4125 mom=0.5677 struct=4.1526 tv=0.0000 idt=0.5321 it/s=5.98 eta=120.5s
2026-02-20 13:00:58,766 - INFO - [Epoch 1 Step 290/1000] loss=5950.0018 style=25.2125 mom=0.5665 struct=4.1606 tv=0.0000 idt=0.5416 it/s=5.98 eta=118.7s
2026-02-20 13:01:00,394 - INFO - [Epoch 1 Step 300/1000] loss=5915.5200 style=25.0202 mom=0.5648 struct=4.1673 tv=0.0000 idt=0.5523 it/s=5.99 eta=116.9s
2026-02-20 13:01:02,028 - INFO - [Epoch 1 Step 310/1000] loss=5891.2619 style=24.8795 mom=0.5637 struct=4.1754 tv=0.0000 idt=0.5615 it/s=5.99 eta=115.2s
2026-02-20 13:01:03,658 - INFO - [Epoch 1 Step 320/1000] loss=5856.2210 style=24.6848 mom=0.5619 struct=4.1860 tv=0.0000 idt=0.5717 it/s=5.99 eta=113.4s
2026-02-20 13:01:05,284 - INFO - [Epoch 1 Step 330/1000] loss=5823.7580 style=24.5152 mom=0.5603 struct=4.1935 tv=0.0000 idt=0.5775 it/s=6.00 eta=111.7s
2026-02-20 13:01:06,917 - INFO - [Epoch 1 Step 340/1000] loss=5795.9767 style=24.3641 mom=0.5594 struct=4.2009 tv=0.0000 idt=0.5843 it/s=6.00 eta=109.9s
2026-02-20 13:01:08,563 - INFO - [Epoch 1 Step 350/1000] loss=5770.4566 style=24.2214 mom=0.5586 struct=4.2089 tv=0.0000 idt=0.5920 it/s=6.01 eta=108.2s
2026-02-20 13:01:10,191 - INFO - [Epoch 1 Step 360/1000] loss=5738.7823 style=24.0546 mom=0.5574 struct=4.2165 tv=0.0000 idt=0.5979 it/s=6.01 eta=106.5s
2026-02-20 13:01:11,822 - INFO - [Epoch 1 Step 370/1000] loss=5711.4990 style=23.9139 mom=0.5559 struct=4.2233 tv=0.0000 idt=0.6020 it/s=6.01 eta=104.8s
2026-02-20 13:01:13,452 - INFO - [Epoch 1 Step 380/1000] loss=5683.7529 style=23.7723 mom=0.5546 struct=4.2314 tv=0.0000 idt=0.6056 it/s=6.02 eta=103.1s
2026-02-20 13:01:15,079 - INFO - [Epoch 1 Step 390/1000] loss=5660.5011 style=23.6433 mom=0.5536 struct=4.2384 tv=0.0000 idt=0.6122 it/s=6.02 eta=101.4s
2026-02-20 13:01:16,710 - INFO - [Epoch 1 Step 400/1000] loss=5639.5311 style=23.5330 mom=0.5525 struct=4.2438 tv=0.0000 idt=0.6162 it/s=6.02 eta=99.6s
2026-02-20 13:01:18,337 - INFO - [Epoch 1 Step 410/1000] loss=5618.2861 style=23.4221 mom=0.5513 struct=4.2508 tv=0.0000 idt=0.6198 it/s=6.02 eta=97.9s
2026-02-20 13:01:19,968 - INFO - [Epoch 1 Step 420/1000] loss=5601.3257 style=23.3214 mom=0.5503 struct=4.2580 tv=0.0000 idt=0.6270 it/s=6.03 eta=96.2s
2026-02-20 13:01:21,599 - INFO - [Epoch 1 Step 430/1000] loss=5587.6357 style=23.2529 mom=0.5494 struct=4.2625 tv=0.0000 idt=0.6283 it/s=6.03 eta=94.5s
2026-02-20 13:01:23,248 - INFO - [Epoch 1 Step 440/1000] loss=5574.7451 style=23.1707 mom=0.5487 struct=4.2695 tv=0.0000 idt=0.6357 it/s=6.03 eta=92.9s
2026-02-20 13:01:24,883 - INFO - [Epoch 1 Step 450/1000] loss=5556.2119 style=23.0683 mom=0.5475 struct=4.2750 tv=0.0000 idt=0.6410 it/s=6.03 eta=91.2s
2026-02-20 13:01:26,510 - INFO - [Epoch 1 Step 460/1000] loss=5534.8537 style=22.9687 mom=0.5468 struct=4.2795 tv=0.0000 idt=0.6403 it/s=6.03 eta=89.5s
2026-02-20 13:01:28,142 - INFO - [Epoch 1 Step 470/1000] loss=5516.6894 style=22.8767 mom=0.5458 struct=4.2849 tv=0.0000 idt=0.6424 it/s=6.04 eta=87.8s
2026-02-20 13:01:29,778 - INFO - [Epoch 1 Step 480/1000] loss=5498.2332 style=22.7796 mom=0.5450 struct=4.2904 tv=0.0000 idt=0.6458 it/s=6.04 eta=86.1s
2026-02-20 13:01:31,432 - INFO - [Epoch 1 Step 490/1000] loss=5479.7018 style=22.6810 mom=0.5441 struct=4.2959 tv=0.0000 idt=0.6496 it/s=6.04 eta=84.5s
2026-02-20 13:01:33,065 - INFO - [Epoch 1 Step 500/1000] loss=5461.0597 style=22.5838 mom=0.5429 struct=4.3018 tv=0.0000 idt=0.6527 it/s=6.04 eta=82.8s
2026-02-20 13:01:34,691 - INFO - [Epoch 1 Step 510/1000] loss=5441.3724 style=22.4853 mom=0.5417 struct=4.3060 tv=0.0000 idt=0.6547 it/s=6.04 eta=81.1s
2026-02-20 13:01:36,335 - INFO - [Epoch 1 Step 520/1000] loss=5430.5303 style=22.4286 mom=0.5413 struct=4.3099 tv=0.0000 idt=0.6565 it/s=6.04 eta=79.4s
2026-02-20 13:01:37,965 - INFO - [Epoch 1 Step 530/1000] loss=5417.6789 style=22.3623 mom=0.5408 struct=4.3139 tv=0.0000 idt=0.6583 it/s=6.04 eta=77.8s
2026-02-20 13:01:39,601 - INFO - [Epoch 1 Step 540/1000] loss=5401.1657 style=22.2815 mom=0.5402 struct=4.3195 tv=0.0000 idt=0.6590 it/s=6.05 eta=76.1s
2026-02-20 13:01:41,242 - INFO - [Epoch 1 Step 550/1000] loss=5385.5014 style=22.2056 mom=0.5396 struct=4.3251 tv=0.0000 idt=0.6593 it/s=6.05 eta=74.4s
2026-02-20 13:01:42,874 - INFO - [Epoch 1 Step 560/1000] loss=5369.4961 style=22.1297 mom=0.5389 struct=4.3313 tv=0.0000 idt=0.6591 it/s=6.05 eta=72.8s
2026-02-20 13:01:44,504 - INFO - [Epoch 1 Step 570/1000] loss=5353.1510 style=22.0515 mom=0.5382 struct=4.3350 tv=0.0000 idt=0.6593 it/s=6.05 eta=71.1s
2026-02-20 13:01:46,148 - INFO - [Epoch 1 Step 580/1000] loss=5337.8877 style=21.9766 mom=0.5374 struct=4.3393 tv=0.0000 idt=0.6601 it/s=6.05 eta=69.4s
2026-02-20 13:01:47,782 - INFO - [Epoch 1 Step 590/1000] loss=5321.8662 style=21.9034 mom=0.5367 struct=4.3426 tv=0.0000 idt=0.6591 it/s=6.05 eta=67.8s
2026-02-20 13:01:49,412 - INFO - [Epoch 1 Step 600/1000] loss=5308.5260 style=21.8380 mom=0.5360 struct=4.3469 tv=0.0000 idt=0.6598 it/s=6.05 eta=66.1s
2026-02-20 13:01:51,038 - INFO - [Epoch 1 Step 610/1000] loss=5294.6868 style=21.7732 mom=0.5355 struct=4.3517 tv=0.0000 idt=0.6593 it/s=6.05 eta=64.4s
2026-02-20 13:01:52,669 - INFO - [Epoch 1 Step 620/1000] loss=5280.6857 style=21.7074 mom=0.5347 struct=4.3568 tv=0.0000 idt=0.6589 it/s=6.06 eta=62.8s
2026-02-20 13:01:54,300 - INFO - [Epoch 1 Step 630/1000] loss=5268.9626 style=21.6565 mom=0.5343 struct=4.3605 tv=0.0000 idt=0.6570 it/s=6.06 eta=61.1s
2026-02-20 13:01:55,927 - INFO - [Epoch 1 Step 640/1000] loss=5253.7841 style=21.5849 mom=0.5336 struct=4.3643 tv=0.0000 idt=0.6568 it/s=6.06 eta=59.4s
2026-02-20 13:01:57,564 - INFO - [Epoch 1 Step 650/1000] loss=5239.6316 style=21.5213 mom=0.5328 struct=4.3674 tv=0.0000 idt=0.6555 it/s=6.06 eta=57.8s
2026-02-20 13:01:59,197 - INFO - [Epoch 1 Step 660/1000] loss=5224.3611 style=21.4510 mom=0.5320 struct=4.3711 tv=0.0000 idt=0.6547 it/s=6.06 eta=56.1s
2026-02-20 13:02:00,830 - INFO - [Epoch 1 Step 670/1000] loss=5212.9992 style=21.3944 mom=0.5316 struct=4.3759 tv=0.0000 idt=0.6555 it/s=6.06 eta=54.4s
2026-02-20 13:02:02,458 - INFO - [Epoch 1 Step 680/1000] loss=5203.1348 style=21.3486 mom=0.5313 struct=4.3785 tv=0.0000 idt=0.6550 it/s=6.06 eta=52.8s
2026-02-20 13:02:04,088 - INFO - [Epoch 1 Step 690/1000] loss=5189.9682 style=21.2890 mom=0.5307 struct=4.3814 tv=0.0000 idt=0.6540 it/s=6.06 eta=51.1s
2026-02-20 13:02:05,718 - INFO - [Epoch 1 Step 700/1000] loss=5176.2510 style=21.2281 mom=0.5299 struct=4.3838 tv=0.0000 idt=0.6526 it/s=6.06 eta=49.5s
2026-02-20 13:02:07,349 - INFO - [Epoch 1 Step 710/1000] loss=5166.9260 style=21.1833 mom=0.5295 struct=4.3884 tv=0.0000 idt=0.6525 it/s=6.06 eta=47.8s
2026-02-20 13:02:08,977 - INFO - [Epoch 1 Step 720/1000] loss=5151.1485 style=21.1138 mom=0.5291 struct=4.3914 tv=0.0000 idt=0.6505 it/s=6.07 eta=46.2s
2026-02-20 13:02:10,607 - INFO - [Epoch 1 Step 730/1000] loss=5139.6526 style=21.0639 mom=0.5285 struct=4.3934 tv=0.0000 idt=0.6488 it/s=6.07 eta=44.5s
2026-02-20 13:02:12,231 - INFO - [Epoch 1 Step 740/1000] loss=5130.2769 style=21.0209 mom=0.5280 struct=4.3967 tv=0.0000 idt=0.6482 it/s=6.07 eta=42.8s
2026-02-20 13:02:13,862 - INFO - [Epoch 1 Step 750/1000] loss=5118.0783 style=20.9693 mom=0.5272 struct=4.4003 tv=0.0000 idt=0.6458 it/s=6.07 eta=41.2s
2026-02-20 13:02:15,494 - INFO - [Epoch 1 Step 760/1000] loss=5109.4969 style=20.9307 mom=0.5269 struct=4.4039 tv=0.0000 idt=0.6449 it/s=6.07 eta=39.5s
2026-02-20 13:02:17,125 - INFO - [Epoch 1 Step 770/1000] loss=5098.0705 style=20.8808 mom=0.5263 struct=4.4065 tv=0.0000 idt=0.6433 it/s=6.07 eta=37.9s
2026-02-20 13:02:18,756 - INFO - [Epoch 1 Step 780/1000] loss=5086.7181 style=20.8310 mom=0.5257 struct=4.4094 tv=0.0000 idt=0.6418 it/s=6.07 eta=36.2s
2026-02-20 13:02:20,386 - INFO - [Epoch 1 Step 790/1000] loss=5075.9606 style=20.7871 mom=0.5251 struct=4.4131 tv=0.0000 idt=0.6391 it/s=6.07 eta=34.6s
2026-02-20 13:02:22,036 - INFO - [Epoch 1 Step 800/1000] loss=5065.6381 style=20.7399 mom=0.5246 struct=4.4163 tv=0.0000 idt=0.6384 it/s=6.07 eta=32.9s
2026-02-20 13:02:23,672 - INFO - [Epoch 1 Step 810/1000] loss=5055.8086 style=20.6956 mom=0.5240 struct=4.4192 tv=0.0000 idt=0.6375 it/s=6.07 eta=31.3s
2026-02-20 13:02:25,319 - INFO - [Epoch 1 Step 820/1000] loss=5046.7197 style=20.6551 mom=0.5236 struct=4.4217 tv=0.0000 idt=0.6364 it/s=6.07 eta=29.6s
2026-02-20 13:02:26,959 - INFO - [Epoch 1 Step 830/1000] loss=5037.0290 style=20.6141 mom=0.5231 struct=4.4250 tv=0.0000 idt=0.6345 it/s=6.07 eta=28.0s
2026-02-20 13:02:28,587 - INFO - [Epoch 1 Step 840/1000] loss=5026.5050 style=20.5705 mom=0.5226 struct=4.4275 tv=0.0000 idt=0.6322 it/s=6.07 eta=26.3s
2026-02-20 13:02:30,220 - INFO - [Epoch 1 Step 850/1000] loss=5016.5724 style=20.5300 mom=0.5222 struct=4.4310 tv=0.0000 idt=0.6296 it/s=6.07 eta=24.7s
2026-02-20 13:02:31,849 - INFO - [Epoch 1 Step 860/1000] loss=5006.4133 style=20.4889 mom=0.5218 struct=4.4341 tv=0.0000 idt=0.6269 it/s=6.07 eta=23.0s
2026-02-20 13:02:33,478 - INFO - [Epoch 1 Step 870/1000] loss=4998.6224 style=20.4569 mom=0.5217 struct=4.4369 tv=0.0000 idt=0.6249 it/s=6.08 eta=21.4s
2026-02-20 13:02:35,108 - INFO - [Epoch 1 Step 880/1000] loss=4989.9525 style=20.4213 mom=0.5213 struct=4.4404 tv=0.0000 idt=0.6227 it/s=6.08 eta=19.7s
2026-02-20 13:02:36,745 - INFO - [Epoch 1 Step 890/1000] loss=4979.0018 style=20.3739 mom=0.5207 struct=4.4423 tv=0.0000 idt=0.6210 it/s=6.08 eta=18.1s
2026-02-20 13:02:38,375 - INFO - [Epoch 1 Step 900/1000] loss=4969.9101 style=20.3341 mom=0.5203 struct=4.4455 tv=0.0000 idt=0.6197 it/s=6.08 eta=16.5s
2026-02-20 13:02:40,006 - INFO - [Epoch 1 Step 910/1000] loss=4960.9231 style=20.2965 mom=0.5198 struct=4.4473 tv=0.0000 idt=0.6179 it/s=6.08 eta=14.8s
2026-02-20 13:02:41,647 - INFO - [Epoch 1 Step 920/1000] loss=4953.9236 style=20.2692 mom=0.5194 struct=4.4498 tv=0.0000 idt=0.6157 it/s=6.08 eta=13.2s
2026-02-20 13:02:43,278 - INFO - [Epoch 1 Step 930/1000] loss=4944.9945 style=20.2343 mom=0.5192 struct=4.4519 tv=0.0000 idt=0.6128 it/s=6.08 eta=11.5s
2026-02-20 13:02:44,908 - INFO - [Epoch 1 Step 940/1000] loss=4937.1847 style=20.2021 mom=0.5188 struct=4.4550 tv=0.0000 idt=0.6109 it/s=6.08 eta=9.9s
2026-02-20 13:02:46,541 - INFO - [Epoch 1 Step 950/1000] loss=4928.9821 style=20.1701 mom=0.5185 struct=4.4570 tv=0.0000 idt=0.6083 it/s=6.08 eta=8.2s
2026-02-20 13:02:48,175 - INFO - [Epoch 1 Step 960/1000] loss=4920.7737 style=20.1388 mom=0.5182 struct=4.4593 tv=0.0000 idt=0.6054 it/s=6.08 eta=6.6s
2026-02-20 13:02:49,805 - INFO - [Epoch 1 Step 970/1000] loss=4914.0513 style=20.1101 mom=0.5179 struct=4.4621 tv=0.0000 idt=0.6042 it/s=6.08 eta=4.9s
2026-02-20 13:02:51,436 - INFO - [Epoch 1 Step 980/1000] loss=4908.6407 style=20.0889 mom=0.5176 struct=4.4648 tv=0.0000 idt=0.6024 it/s=6.08 eta=3.3s
2026-02-20 13:02:53,066 - INFO - [Epoch 1 Step 990/1000] loss=4902.7552 style=20.0672 mom=0.5174 struct=4.4677 tv=0.0000 idt=0.5999 it/s=6.08 eta=1.6s
2026-02-20 13:02:54,697 - INFO - [Epoch 1 Step 1000/1000] loss=4893.6223 style=20.0292 mom=0.5170 struct=4.4705 tv=0.0000 idt=0.5979 it/s=6.08 eta=0.0s
2026-02-20 13:02:54,699 - INFO - Epoch 1/1 | loss=4893.6223 style_swd=20.0292 mom=0.5170 struct=4.4705 tv=0.0000 idt=0.5979 steps=1.0 h=1.00 s=1.00 lr=5.00e-04 data=1.2s comp=163.2s
2026-02-20 13:02:54,786 - INFO - Saved checkpoint: G:\GitHub\Latent_Style\Cycle-NCE\ssim-optun-nce\trial_0225\epoch_0001.pt (step=1000)
2026-02-20 13:02:54,787 - INFO - Running full eval for epoch 1 -> G:\GitHub\Latent_Style\Cycle-NCE\ssim-optun-nce\trial_0225\full_eval\epoch_0001
2026-02-20 13:03:48,041 - INFO - Full eval completed for epoch 1. Log: G:\GitHub\Latent_Style\Cycle-NCE\ssim-optun-nce\trial_0225\logs\full_eval_epoch_0001.log
2026-02-20 13:03:48,041 - INFO - Training completed.
