2026-02-19 18:17:30,869 - INFO - Active losses: w_style, w_moment, w_identity, w_structure
2026-02-19 18:17:30,887 - INFO - Set PYTORCH_ALLOC_CONF=expandable_segments:True
2026-02-19 18:17:30,903 - INFO - Device: cuda
2026-02-19 18:17:30,903 - INFO - Seed: 42
2026-02-19 18:17:30,903 - INFO - Loading latent dataset from ..\..\sdxl-256-overfit50
2026-02-19 18:17:30,918 - INFO -   style=photo id=0 count=10
2026-02-19 18:17:30,926 - INFO -   style=Hayao id=1 count=10
2026-02-19 18:17:30,936 - INFO -   style=monet id=2 count=10
2026-02-19 18:17:30,943 - INFO -   style=cezanne id=3 count=10
2026-02-19 18:17:30,952 - INFO -   style=vangogh id=4 count=10
I:\Github\Latent_Style\Cycle-NCE\src\dataset.py:135: UserWarning: expandable_segments not supported on this platform (Triggered internally at C:\actions-runner\_work\pytorch\pytorch\pytorch\c10/cuda/CUDAAllocatorConfig.h:39.)
  gpu_tensors[style_id] = stack.to(device=target_device, non_blocking=False)
2026-02-19 18:17:31,032 - INFO - Dataset preloaded to cuda: 0.00GB across 5 style pools.
2026-02-19 18:17:31,032 - INFO - DataLoader | batch=160 workers=0 pin_memory=False persistent_workers=False preload_to_gpu=True
2026-02-19 18:17:31,114 - INFO - Model params: 7,153,476
2026-02-19 18:17:31,118 - INFO - Adding NCE Projector params to optimizer: 4 tensors
2026-02-19 18:17:32,584 - INFO - No checkpoint found, start from scratch.
I:\Github\Latent_Style\Cycle-NCE\src\trainer.py:189: UserWarning: Detected call of `lr_scheduler.step()` before `optimizer.step()`. In PyTorch 1.1.0 and later, you should call them in the opposite order: `optimizer.step()` before `lr_scheduler.step()`.  Failure to do this will result in PyTorch skipping the first value of the learning rate schedule. See more details at https://pytorch.org/docs/stable/optim.html#how-to-adjust-learning-rate
  self.scheduler.step()
2026-02-19 18:17:34,454 - INFO - Epoch 1/150 | loss=1505.1899 style_swd=33.9859 mom=0.6020 struct=3.9051 tv=0.0000 idt=0.0173 steps=1.0 h=1.00 s=1.00 lr=1.00e-04 data=0.0s comp=1.8s
2026-02-19 18:17:34,881 - INFO - Epoch 2/150 | loss=1638.0718 style_swd=37.2030 mom=0.6216 struct=3.9416 tv=0.0000 idt=0.0176 steps=1.0 h=1.00 s=1.00 lr=1.00e-04 data=0.0s comp=0.4s
2026-02-19 18:17:35,342 - INFO - Epoch 3/150 | loss=1409.9204 style_swd=31.6710 mom=0.5780 struct=3.9337 tv=0.0000 idt=0.0181 steps=1.0 h=1.00 s=1.00 lr=1.00e-04 data=0.0s comp=0.5s
2026-02-19 18:17:35,766 - INFO - Epoch 4/150 | loss=1601.5421 style_swd=36.2762 mom=0.6165 struct=3.9488 tv=0.0000 idt=0.0491 steps=1.0 h=1.00 s=1.00 lr=1.00e-04 data=0.0s comp=0.4s
2026-02-19 18:17:36,199 - INFO - Epoch 5/150 | loss=1440.6205 style_swd=32.3278 mom=0.6126 struct=3.9330 tv=0.0000 idt=0.0487 steps=1.0 h=1.00 s=1.00 lr=1.00e-04 data=0.0s comp=0.4s
2026-02-19 18:17:36,625 - INFO - Epoch 6/150 | loss=1589.1317 style_swd=35.9175 mom=0.6501 struct=3.9084 tv=0.0000 idt=0.0559 steps=1.0 h=1.00 s=1.00 lr=1.00e-04 data=0.0s comp=0.4s
2026-02-19 18:17:37,049 - INFO - Epoch 7/150 | loss=1526.7308 style_swd=34.4240 mom=0.6133 struct=3.9553 tv=0.0000 idt=0.0608 steps=1.0 h=1.00 s=1.00 lr=1.00e-04 data=0.0s comp=0.4s
2026-02-19 18:17:37,474 - INFO - Epoch 8/150 | loss=1510.8140 style_swd=34.0703 mom=0.5879 struct=3.9685 tv=0.0000 idt=0.0653 steps=1.0 h=1.00 s=1.00 lr=1.00e-04 data=0.0s comp=0.4s
2026-02-19 18:17:37,902 - INFO - Epoch 9/150 | loss=1449.2426 style_swd=32.4824 mom=0.6190 struct=3.9836 tv=0.0000 idt=0.0681 steps=1.0 h=1.00 s=1.00 lr=1.00e-04 data=0.0s comp=0.4s
2026-02-19 18:17:38,330 - INFO - Epoch 10/150 | loss=1516.1897 style_swd=34.1748 mom=0.6021 struct=3.9623 tv=0.0000 idt=0.0682 steps=1.0 h=1.00 s=1.00 lr=1.00e-04 data=0.0s comp=0.4s
2026-02-19 18:17:38,754 - INFO - Epoch 11/150 | loss=1563.7709 style_swd=35.3380 mom=0.6113 struct=3.9394 tv=0.0000 idt=0.0705 steps=1.0 h=1.00 s=1.00 lr=1.00e-04 data=0.0s comp=0.4s
2026-02-19 18:17:39,182 - INFO - Epoch 12/150 | loss=1486.7954 style_swd=33.4681 mom=0.6022 struct=3.9233 tv=0.0000 idt=0.0697 steps=1.0 h=1.00 s=1.00 lr=1.00e-04 data=0.0s comp=0.4s
2026-02-19 18:17:39,608 - INFO - Epoch 13/150 | loss=1411.5776 style_swd=31.6749 mom=0.5763 struct=3.9012 tv=0.0000 idt=0.0710 steps=1.0 h=1.00 s=1.00 lr=1.00e-04 data=0.0s comp=0.4s
2026-02-19 18:17:40,036 - INFO - Epoch 14/150 | loss=1404.1473 style_swd=31.4340 mom=0.5867 struct=3.9745 tv=0.0000 idt=0.0728 steps=1.0 h=1.00 s=1.00 lr=1.00e-04 data=0.0s comp=0.4s
2026-02-19 18:17:40,466 - INFO - Epoch 15/150 | loss=1440.0555 style_swd=32.3078 mom=0.6022 struct=3.9295 tv=0.0000 idt=0.0752 steps=1.0 h=1.00 s=1.00 lr=1.00e-04 data=0.0s comp=0.4s
2026-02-19 18:17:40,892 - INFO - Epoch 16/150 | loss=1456.9971 style_swd=32.7883 mom=0.5725 struct=3.9178 tv=0.0000 idt=0.0756 steps=1.0 h=1.00 s=1.00 lr=1.00e-04 data=0.0s comp=0.4s
2026-02-19 18:17:41,320 - INFO - Epoch 17/150 | loss=1442.7720 style_swd=32.3364 mom=0.6137 struct=3.9540 tv=0.0000 idt=0.0788 steps=1.0 h=1.00 s=1.00 lr=1.00e-04 data=0.0s comp=0.4s
2026-02-19 18:17:41,747 - INFO - Epoch 18/150 | loss=1598.3287 style_swd=36.0875 mom=0.6303 struct=4.0516 tv=0.0000 idt=0.0800 steps=1.0 h=1.00 s=1.00 lr=1.00e-04 data=0.0s comp=0.4s
2026-02-19 18:17:42,178 - INFO - Epoch 19/150 | loss=1452.0006 style_swd=32.5834 mom=0.5970 struct=3.9721 tv=0.0000 idt=0.0828 steps=1.0 h=1.00 s=1.00 lr=1.00e-04 data=0.0s comp=0.4s
2026-02-19 18:17:42,605 - INFO - Epoch 20/150 | loss=1451.9307 style_swd=32.5695 mom=0.6106 struct=3.9420 tv=0.0000 idt=0.0830 steps=1.0 h=1.00 s=1.00 lr=1.00e-04 data=0.0s comp=0.4s
2026-02-19 18:17:43,033 - INFO - Epoch 21/150 | loss=1352.8912 style_swd=30.2499 mom=0.5548 struct=3.9124 tv=0.0000 idt=0.0860 steps=1.0 h=1.00 s=1.00 lr=1.00e-04 data=0.0s comp=0.4s
2026-02-19 18:17:43,459 - INFO - Epoch 22/150 | loss=1505.5895 style_swd=33.8334 mom=0.6335 struct=3.9601 tv=0.0000 idt=0.0873 steps=1.0 h=1.00 s=1.00 lr=1.00e-04 data=0.0s comp=0.4s
2026-02-19 18:17:43,889 - INFO - Epoch 23/150 | loss=1397.4070 style_swd=31.2407 mom=0.5955 struct=3.9562 tv=0.0000 idt=0.0906 steps=1.0 h=1.00 s=1.00 lr=1.00e-04 data=0.0s comp=0.4s
2026-02-19 18:17:44,319 - INFO - Epoch 24/150 | loss=1447.7878 style_swd=32.4858 mom=0.5996 struct=3.9225 tv=0.0000 idt=0.0949 steps=1.0 h=1.00 s=1.00 lr=1.00e-04 data=0.0s comp=0.4s
2026-02-19 18:17:44,746 - INFO - Epoch 25/150 | loss=1394.5817 style_swd=31.2113 mom=0.5741 struct=3.9487 tv=0.0000 idt=0.0957 steps=1.0 h=1.00 s=1.00 lr=1.00e-04 data=0.0s comp=0.4s
2026-02-19 18:17:45,175 - INFO - Epoch 26/150 | loss=1562.5902 style_swd=35.2320 mom=0.6314 struct=3.9588 tv=0.0000 idt=0.0971 steps=1.0 h=1.00 s=1.00 lr=1.00e-04 data=0.0s comp=0.4s
2026-02-19 18:17:45,601 - INFO - Epoch 27/150 | loss=1406.9111 style_swd=31.5688 mom=0.5508 struct=3.9325 tv=0.0000 idt=0.0953 steps=1.0 h=1.00 s=1.00 lr=1.00e-04 data=0.0s comp=0.4s
2026-02-19 18:17:46,031 - INFO - Epoch 28/150 | loss=1533.4150 style_swd=34.5127 mom=0.6270 struct=3.9701 tv=0.0000 idt=0.1005 steps=1.0 h=1.00 s=1.00 lr=1.00e-04 data=0.0s comp=0.4s
2026-02-19 18:17:46,457 - INFO - Epoch 29/150 | loss=1522.7979 style_swd=34.2410 mom=0.6179 struct=4.0225 tv=0.0000 idt=0.1027 steps=1.0 h=1.00 s=1.00 lr=1.00e-04 data=0.0s comp=0.4s
2026-02-19 18:17:46,882 - INFO - Epoch 30/150 | loss=1403.2440 style_swd=31.3902 mom=0.5900 struct=3.9417 tv=0.0000 idt=0.1020 steps=1.0 h=1.00 s=1.00 lr=1.00e-04 data=0.0s comp=0.4s
2026-02-19 18:17:47,310 - INFO - Epoch 31/150 | loss=1509.8065 style_swd=34.0128 mom=0.5847 struct=3.9693 tv=0.0000 idt=0.1017 steps=1.0 h=1.00 s=1.00 lr=1.00e-04 data=0.0s comp=0.4s
2026-02-19 18:17:47,739 - INFO - Epoch 32/150 | loss=1448.3889 style_swd=32.4750 mom=0.6085 struct=3.9230 tv=0.0000 idt=0.1025 steps=1.0 h=1.00 s=1.00 lr=1.00e-04 data=0.0s comp=0.4s
2026-02-19 18:17:48,169 - INFO - Epoch 33/150 | loss=1537.3102 style_swd=34.7332 mom=0.5842 struct=3.8779 tv=0.0000 idt=0.1040 steps=1.0 h=1.00 s=1.00 lr=1.00e-04 data=0.0s comp=0.4s
2026-02-19 18:17:48,594 - INFO - Epoch 34/150 | loss=1440.0603 style_swd=32.2664 mom=0.5916 struct=3.9889 tv=0.0000 idt=0.1067 steps=1.0 h=1.00 s=1.00 lr=1.00e-04 data=0.0s comp=0.4s
2026-02-19 18:17:49,019 - INFO - Epoch 35/150 | loss=1374.6683 style_swd=30.7448 mom=0.5624 struct=3.9113 tv=0.0000 idt=0.1117 steps=1.0 h=1.00 s=1.00 lr=1.00e-04 data=0.0s comp=0.4s
2026-02-19 18:17:49,449 - INFO - Epoch 36/150 | loss=1494.8097 style_swd=33.6215 mom=0.5953 struct=3.9446 tv=0.0000 idt=0.1141 steps=1.0 h=1.00 s=1.00 lr=1.00e-04 data=0.0s comp=0.4s
2026-02-19 18:17:49,881 - INFO - Epoch 37/150 | loss=1443.8032 style_swd=32.3622 mom=0.5926 struct=3.9535 tv=0.0000 idt=0.1176 steps=1.0 h=1.00 s=1.00 lr=1.00e-04 data=0.0s comp=0.4s
2026-02-19 18:17:50,308 - INFO - Epoch 38/150 | loss=1404.4822 style_swd=31.3867 mom=0.5948 struct=3.9637 tv=0.0000 idt=0.1152 steps=1.0 h=1.00 s=1.00 lr=1.00e-04 data=0.0s comp=0.4s
2026-02-19 18:17:50,733 - INFO - Epoch 39/150 | loss=1409.0554 style_swd=31.5076 mom=0.5943 struct=3.9437 tv=0.0000 idt=0.1177 steps=1.0 h=1.00 s=1.00 lr=1.00e-04 data=0.0s comp=0.4s
2026-02-19 18:17:51,163 - INFO - Epoch 40/150 | loss=1478.0079 style_swd=33.1488 mom=0.6065 struct=4.0104 tv=0.0000 idt=0.1187 steps=1.0 h=1.00 s=1.00 lr=1.00e-04 data=0.0s comp=0.4s
2026-02-19 18:17:51,589 - INFO - Epoch 41/150 | loss=1440.8638 style_swd=32.2605 mom=0.6052 struct=3.9707 tv=0.0000 idt=0.1141 steps=1.0 h=1.00 s=1.00 lr=1.00e-04 data=0.0s comp=0.4s
2026-02-19 18:17:52,017 - INFO - Epoch 42/150 | loss=1444.0670 style_swd=32.4242 mom=0.5752 struct=3.9188 tv=0.0000 idt=0.1132 steps=1.0 h=1.00 s=1.00 lr=1.00e-04 data=0.0s comp=0.4s
2026-02-19 18:17:52,449 - INFO - Epoch 43/150 | loss=1501.9124 style_swd=33.7911 mom=0.6030 struct=3.9290 tv=0.0000 idt=0.1122 steps=1.0 h=1.00 s=1.00 lr=1.00e-04 data=0.0s comp=0.4s
2026-02-19 18:17:52,873 - INFO - Epoch 44/150 | loss=1419.7458 style_swd=31.7956 mom=0.5849 struct=3.9229 tv=0.0000 idt=0.1212 steps=1.0 h=1.00 s=1.00 lr=1.00e-04 data=0.0s comp=0.4s
2026-02-19 18:17:53,301 - INFO - Epoch 45/150 | loss=1421.7699 style_swd=31.8053 mom=0.5935 struct=3.9714 tv=0.0000 idt=0.1211 steps=1.0 h=1.00 s=1.00 lr=1.00e-04 data=0.0s comp=0.4s
2026-02-19 18:17:53,727 - INFO - Epoch 46/150 | loss=1468.9290 style_swd=32.9432 mom=0.6040 struct=3.9721 tv=0.0000 idt=0.1239 steps=1.0 h=1.00 s=1.00 lr=1.00e-04 data=0.0s comp=0.4s
2026-02-19 18:17:54,162 - INFO - Epoch 47/150 | loss=1405.0898 style_swd=31.4150 mom=0.5814 struct=3.9669 tv=0.0000 idt=0.1258 steps=1.0 h=1.00 s=1.00 lr=1.00e-04 data=0.0s comp=0.4s
2026-02-19 18:17:54,586 - INFO - Epoch 48/150 | loss=1615.3499 style_swd=36.5336 mom=0.6064 struct=3.9842 tv=0.0000 idt=0.1297 steps=1.0 h=1.00 s=1.00 lr=1.00e-04 data=0.0s comp=0.4s
2026-02-19 18:17:55,012 - INFO - Epoch 49/150 | loss=1607.4402 style_swd=36.3088 mom=0.6140 struct=4.0055 tv=0.0000 idt=0.1343 steps=1.0 h=1.00 s=1.00 lr=1.00e-04 data=0.0s comp=0.4s
2026-02-19 18:17:55,441 - INFO - Epoch 50/150 | loss=1464.1439 style_swd=32.8671 mom=0.5800 struct=3.9578 tv=0.0000 idt=0.1353 steps=1.0 h=1.00 s=1.00 lr=1.00e-04 data=0.0s comp=0.4s
2026-02-19 18:17:55,872 - INFO - Epoch 51/150 | loss=1396.2795 style_swd=31.1815 mom=0.6028 struct=3.8930 tv=0.0000 idt=0.1360 steps=1.0 h=1.00 s=1.00 lr=1.00e-04 data=0.0s comp=0.4s
2026-02-19 18:17:56,300 - INFO - Epoch 52/150 | loss=1518.2134 style_swd=34.1274 mom=0.6197 struct=3.9452 tv=0.0000 idt=0.1356 steps=1.0 h=1.00 s=1.00 lr=1.00e-04 data=0.0s comp=0.4s
2026-02-19 18:17:56,726 - INFO - Epoch 53/150 | loss=1408.6298 style_swd=31.4531 mom=0.5977 struct=3.9800 tv=0.0000 idt=0.1363 steps=1.0 h=1.00 s=1.00 lr=1.00e-04 data=0.0s comp=0.4s
2026-02-19 18:17:57,155 - INFO - Epoch 54/150 | loss=1477.9479 style_swd=33.2068 mom=0.5856 struct=3.9429 tv=0.0000 idt=0.1321 steps=1.0 h=1.00 s=1.00 lr=1.00e-04 data=0.0s comp=0.4s
2026-02-19 18:17:57,580 - INFO - Epoch 55/150 | loss=1318.9562 style_swd=29.2976 mom=0.5812 struct=3.9298 tv=0.0000 idt=0.1392 steps=1.0 h=1.00 s=1.00 lr=1.00e-04 data=0.0s comp=0.4s
2026-02-19 18:17:58,008 - INFO - Epoch 56/150 | loss=1426.8051 style_swd=31.8671 mom=0.6198 struct=3.9457 tv=0.0000 idt=0.1433 steps=1.0 h=1.00 s=1.00 lr=1.00e-04 data=0.0s comp=0.4s
2026-02-19 18:17:58,436 - INFO - Epoch 57/150 | loss=1404.2681 style_swd=31.4244 mom=0.5725 struct=3.9071 tv=0.0000 idt=0.1418 steps=1.0 h=1.00 s=1.00 lr=1.00e-04 data=0.0s comp=0.4s
2026-02-19 18:17:58,863 - INFO - Epoch 58/150 | loss=1553.4596 style_swd=34.9620 mom=0.6261 struct=3.9656 tv=0.0000 idt=0.1462 steps=1.0 h=1.00 s=1.00 lr=1.00e-04 data=0.0s comp=0.4s
2026-02-19 18:17:59,292 - INFO - Epoch 59/150 | loss=1549.5852 style_swd=34.9490 mom=0.6048 struct=3.8868 tv=0.0000 idt=0.1439 steps=1.0 h=1.00 s=1.00 lr=1.00e-04 data=0.0s comp=0.4s
2026-02-19 18:17:59,719 - INFO - Epoch 60/150 | loss=1298.3317 style_swd=28.8022 mom=0.5689 struct=3.9394 tv=0.0000 idt=0.1454 steps=1.0 h=1.00 s=1.00 lr=1.00e-04 data=0.0s comp=0.4s
2026-02-19 18:18:00,152 - INFO - Epoch 61/150 | loss=1465.0354 style_swd=32.8292 mom=0.6037 struct=3.9546 tv=0.0000 idt=0.1495 steps=1.0 h=1.00 s=1.00 lr=1.00e-04 data=0.0s comp=0.4s
2026-02-19 18:18:00,577 - INFO - Epoch 62/150 | loss=1515.6733 style_swd=34.0286 mom=0.6407 struct=3.8913 tv=0.0000 idt=0.1559 steps=1.0 h=1.00 s=1.00 lr=1.00e-04 data=0.0s comp=0.4s
2026-02-19 18:18:01,007 - INFO - Epoch 63/150 | loss=1440.8168 style_swd=32.2889 mom=0.5808 struct=3.9130 tv=0.0000 idt=0.1578 steps=1.0 h=1.00 s=1.00 lr=1.00e-04 data=0.0s comp=0.4s
2026-02-19 18:18:01,436 - INFO - Epoch 64/150 | loss=1341.8228 style_swd=29.8604 mom=0.5790 struct=3.9083 tv=0.0000 idt=0.1537 steps=1.0 h=1.00 s=1.00 lr=1.00e-04 data=0.0s comp=0.4s
2026-02-19 18:18:01,869 - INFO - Epoch 65/150 | loss=1433.5718 style_swd=32.0507 mom=0.6078 struct=3.9344 tv=0.0000 idt=0.1545 steps=1.0 h=1.00 s=1.00 lr=1.00e-04 data=0.0s comp=0.4s
2026-02-19 18:18:02,297 - INFO - Epoch 66/150 | loss=1577.8715 style_swd=35.5818 mom=0.6103 struct=3.9715 tv=0.0000 idt=0.1553 steps=1.0 h=1.00 s=1.00 lr=1.00e-04 data=0.0s comp=0.4s
2026-02-19 18:18:02,721 - INFO - Epoch 67/150 | loss=1318.5459 style_swd=29.2348 mom=0.6026 struct=3.9156 tv=0.0000 idt=0.1561 steps=1.0 h=1.00 s=1.00 lr=1.00e-04 data=0.0s comp=0.4s
2026-02-19 18:18:03,150 - INFO - Epoch 68/150 | loss=1319.3894 style_swd=29.2624 mom=0.5948 struct=3.9329 tv=0.0000 idt=0.1559 steps=1.0 h=1.00 s=1.00 lr=1.00e-04 data=0.0s comp=0.4s
2026-02-19 18:18:03,574 - INFO - Epoch 69/150 | loss=1359.4172 style_swd=30.2871 mom=0.5700 struct=3.9368 tv=0.0000 idt=0.1633 steps=1.0 h=1.00 s=1.00 lr=1.00e-04 data=0.0s comp=0.4s
2026-02-19 18:18:04,004 - INFO - Epoch 70/150 | loss=1436.2814 style_swd=32.2078 mom=0.5709 struct=3.8741 tv=0.0000 idt=0.1649 steps=1.0 h=1.00 s=1.00 lr=1.00e-04 data=0.0s comp=0.4s
2026-02-19 18:18:04,432 - INFO - Epoch 71/150 | loss=1413.2100 style_swd=31.5695 mom=0.5800 struct=3.9712 tv=0.0000 idt=0.1696 steps=1.0 h=1.00 s=1.00 lr=1.00e-04 data=0.0s comp=0.4s
2026-02-19 18:18:04,857 - INFO - Epoch 72/150 | loss=1390.7916 style_swd=31.0208 mom=0.5958 struct=3.9012 tv=0.0000 idt=0.1693 steps=1.0 h=1.00 s=1.00 lr=1.00e-04 data=0.0s comp=0.4s
2026-02-19 18:18:05,285 - INFO - Epoch 73/150 | loss=1533.3154 style_swd=34.4766 mom=0.6173 struct=3.9218 tv=0.0000 idt=0.1723 steps=1.0 h=1.00 s=1.00 lr=1.00e-04 data=0.0s comp=0.4s
2026-02-19 18:18:05,709 - INFO - Epoch 74/150 | loss=1347.0962 style_swd=29.9901 mom=0.5638 struct=3.9407 tv=0.0000 idt=0.1668 steps=1.0 h=1.00 s=1.00 lr=1.00e-04 data=0.0s comp=0.4s
2026-02-19 18:18:06,140 - INFO - Epoch 75/150 | loss=1447.0471 style_swd=32.4100 mom=0.5876 struct=3.9228 tv=0.0000 idt=0.1713 steps=1.0 h=1.00 s=1.00 lr=1.00e-04 data=0.0s comp=0.4s
2026-02-19 18:18:06,565 - INFO - Epoch 76/150 | loss=1371.9312 style_swd=30.6056 mom=0.5544 struct=3.9435 tv=0.0000 idt=0.1794 steps=1.0 h=1.00 s=1.00 lr=1.00e-04 data=0.0s comp=0.4s
2026-02-19 18:18:06,991 - INFO - Epoch 77/150 | loss=1454.6892 style_swd=32.5984 mom=0.5952 struct=3.8844 tv=0.0000 idt=0.1748 steps=1.0 h=1.00 s=1.00 lr=1.00e-04 data=0.0s comp=0.4s
2026-02-19 18:18:07,419 - INFO - Epoch 78/150 | loss=1398.7684 style_swd=31.2449 mom=0.5675 struct=3.9474 tv=0.0000 idt=0.1742 steps=1.0 h=1.00 s=1.00 lr=1.00e-04 data=0.0s comp=0.4s
2026-02-19 18:18:07,850 - INFO - Epoch 79/150 | loss=1448.1534 style_swd=32.3578 mom=0.6077 struct=3.9980 tv=0.0000 idt=0.1747 steps=1.0 h=1.00 s=1.00 lr=1.00e-04 data=0.0s comp=0.4s
2026-02-19 18:18:08,279 - INFO - Epoch 80/150 | loss=1362.6123 style_swd=30.3230 mom=0.5820 struct=3.9385 tv=0.0000 idt=0.1810 steps=1.0 h=1.00 s=1.00 lr=1.00e-04 data=0.0s comp=0.4s
2026-02-19 18:18:08,705 - INFO - Epoch 81/150 | loss=1470.3492 style_swd=32.9046 mom=0.6095 struct=3.9506 tv=0.0000 idt=0.1932 steps=1.0 h=1.00 s=1.00 lr=1.00e-04 data=0.0s comp=0.4s
2026-02-19 18:18:09,135 - INFO - Epoch 82/150 | loss=1379.1886 style_swd=30.7101 mom=0.5902 struct=3.9445 tv=0.0000 idt=0.1831 steps=1.0 h=1.00 s=1.00 lr=1.00e-04 data=0.0s comp=0.4s
2026-02-19 18:18:09,558 - INFO - Epoch 83/150 | loss=1354.4757 style_swd=30.1179 mom=0.5747 struct=3.9611 tv=0.0000 idt=0.1883 steps=1.0 h=1.00 s=1.00 lr=1.00e-04 data=0.0s comp=0.4s
2026-02-19 18:18:09,989 - INFO - Epoch 84/150 | loss=1366.8147 style_swd=30.4245 mom=0.5822 struct=3.9269 tv=0.0000 idt=0.1879 steps=1.0 h=1.00 s=1.00 lr=1.00e-04 data=0.0s comp=0.4s
2026-02-19 18:18:10,418 - INFO - Epoch 85/150 | loss=1517.0757 style_swd=34.0835 mom=0.6083 struct=3.9217 tv=0.0000 idt=0.1824 steps=1.0 h=1.00 s=1.00 lr=1.00e-04 data=0.0s comp=0.4s
2026-02-19 18:18:10,844 - INFO - Epoch 86/150 | loss=1426.1090 style_swd=31.8604 mom=0.5985 struct=3.9235 tv=0.0000 idt=0.1828 steps=1.0 h=1.00 s=1.00 lr=1.00e-04 data=0.0s comp=0.4s
2026-02-19 18:18:11,276 - INFO - Epoch 87/150 | loss=1405.9202 style_swd=31.4121 mom=0.5767 struct=3.9043 tv=0.0000 idt=0.1855 steps=1.0 h=1.00 s=1.00 lr=1.00e-04 data=0.0s comp=0.4s
2026-02-19 18:18:11,702 - INFO - Epoch 88/150 | loss=1577.5602 style_swd=35.5192 mom=0.6199 struct=3.9608 tv=0.0000 idt=0.1945 steps=1.0 h=1.00 s=1.00 lr=1.00e-04 data=0.0s comp=0.4s
2026-02-19 18:18:12,136 - INFO - Epoch 89/150 | loss=1178.0890 style_swd=25.8973 mom=0.5289 struct=3.8655 tv=0.0000 idt=0.1991 steps=1.0 h=1.00 s=1.00 lr=1.00e-04 data=0.0s comp=0.4s
2026-02-19 18:18:12,561 - INFO - Epoch 90/150 | loss=1364.4502 style_swd=30.3642 mom=0.5866 struct=3.8949 tv=0.0000 idt=0.1963 steps=1.0 h=1.00 s=1.00 lr=1.00e-04 data=0.0s comp=0.4s
2026-02-19 18:18:12,986 - INFO - Epoch 91/150 | loss=1415.5714 style_swd=31.5831 mom=0.5982 struct=3.9347 tv=0.0000 idt=0.1950 steps=1.0 h=1.00 s=1.00 lr=1.00e-04 data=0.0s comp=0.4s
2026-02-19 18:18:13,414 - INFO - Epoch 92/150 | loss=1439.5839 style_swd=32.1971 mom=0.5845 struct=3.9581 tv=0.0000 idt=0.1882 steps=1.0 h=1.00 s=1.00 lr=1.00e-04 data=0.0s comp=0.4s
2026-02-19 18:18:13,844 - INFO - Epoch 93/150 | loss=1280.8348 style_swd=28.3479 mom=0.5601 struct=3.9136 tv=0.0000 idt=0.1954 steps=1.0 h=1.00 s=1.00 lr=1.00e-04 data=0.0s comp=0.4s
2026-02-19 18:18:14,273 - INFO - Epoch 94/150 | loss=1405.4656 style_swd=31.3164 mom=0.5964 struct=3.9445 tv=0.0000 idt=0.2105 steps=1.0 h=1.00 s=1.00 lr=1.00e-04 data=0.0s comp=0.4s
2026-02-19 18:18:14,698 - INFO - Epoch 95/150 | loss=1351.5752 style_swd=30.0257 mom=0.5859 struct=3.8955 tv=0.0000 idt=0.2176 steps=1.0 h=1.00 s=1.00 lr=1.00e-04 data=0.0s comp=0.4s
2026-02-19 18:18:15,128 - INFO - Epoch 96/150 | loss=1289.8004 style_swd=28.6333 mom=0.5267 struct=3.9019 tv=0.0000 idt=0.2015 steps=1.0 h=1.00 s=1.00 lr=1.00e-04 data=0.0s comp=0.4s
2026-02-19 18:18:15,551 - INFO - Epoch 97/150 | loss=1315.1056 style_swd=29.2158 mom=0.5508 struct=3.8888 tv=0.0000 idt=0.2018 steps=1.0 h=1.00 s=1.00 lr=1.00e-04 data=0.0s comp=0.4s
2026-02-19 18:18:15,982 - INFO - Epoch 98/150 | loss=1312.8632 style_swd=29.0408 mom=0.5987 struct=3.9336 tv=0.0000 idt=0.2059 steps=1.0 h=1.00 s=1.00 lr=1.00e-04 data=0.0s comp=0.4s
2026-02-19 18:18:16,411 - INFO - Epoch 99/150 | loss=1359.4060 style_swd=30.2208 mom=0.5748 struct=3.9342 tv=0.0000 idt=0.2181 steps=1.0 h=1.00 s=1.00 lr=1.00e-04 data=0.0s comp=0.4s
2026-02-19 18:18:16,834 - INFO - Epoch 100/150 | loss=1403.3398 style_swd=31.2817 mom=0.5945 struct=3.9041 tv=0.0000 idt=0.2158 steps=1.0 h=1.00 s=1.00 lr=1.00e-04 data=0.0s comp=0.4s
2026-02-19 18:18:17,262 - INFO - Epoch 101/150 | loss=1326.3209 style_swd=29.4388 mom=0.5731 struct=3.8871 tv=0.0000 idt=0.2117 steps=1.0 h=1.00 s=1.00 lr=1.00e-04 data=0.0s comp=0.4s
2026-02-19 18:18:17,687 - INFO - Epoch 102/150 | loss=1337.5807 style_swd=29.6660 mom=0.5872 struct=3.9554 tv=0.0000 idt=0.2018 steps=1.0 h=1.00 s=1.00 lr=1.00e-04 data=0.0s comp=0.4s
2026-02-19 18:18:18,119 - INFO - Epoch 103/150 | loss=1417.9446 style_swd=31.6278 mom=0.5905 struct=3.9561 tv=0.0000 idt=0.2122 steps=1.0 h=1.00 s=1.00 lr=1.00e-04 data=0.0s comp=0.4s
2026-02-19 18:18:18,544 - INFO - Epoch 104/150 | loss=1527.5620 style_swd=34.3358 mom=0.5762 struct=3.9852 tv=0.0000 idt=0.2180 steps=1.0 h=1.00 s=1.00 lr=1.00e-04 data=0.0s comp=0.4s
2026-02-19 18:18:18,971 - INFO - Epoch 105/150 | loss=1410.6538 style_swd=31.3970 mom=0.5909 struct=4.0044 tv=0.0000 idt=0.2376 steps=1.0 h=1.00 s=1.00 lr=1.00e-04 data=0.0s comp=0.4s
2026-02-19 18:18:19,398 - INFO - Epoch 106/150 | loss=1505.6478 style_swd=33.6878 mom=0.6218 struct=4.0040 tv=0.0000 idt=0.2276 steps=1.0 h=1.00 s=1.00 lr=1.00e-04 data=0.0s comp=0.4s
2026-02-19 18:18:19,828 - INFO - Epoch 107/150 | loss=1498.3589 style_swd=33.5586 mom=0.6032 struct=3.9845 tv=0.0000 idt=0.2232 steps=1.0 h=1.00 s=1.00 lr=1.00e-04 data=0.0s comp=0.4s
2026-02-19 18:18:20,257 - INFO - Epoch 108/150 | loss=1383.8329 style_swd=30.8204 mom=0.5909 struct=3.8933 tv=0.0000 idt=0.2093 steps=1.0 h=1.00 s=1.00 lr=1.00e-04 data=0.0s comp=0.4s
2026-02-19 18:18:20,683 - INFO - Epoch 109/150 | loss=1518.2716 style_swd=34.0122 mom=0.6290 struct=3.9463 tv=0.0000 idt=0.2281 steps=1.0 h=1.00 s=1.00 lr=1.00e-04 data=0.0s comp=0.4s
2026-02-19 18:18:21,111 - INFO - Epoch 110/150 | loss=1382.5085 style_swd=30.7479 mom=0.5882 struct=3.9560 tv=0.0000 idt=0.2231 steps=1.0 h=1.00 s=1.00 lr=1.00e-04 data=0.0s comp=0.4s
2026-02-19 18:18:21,536 - INFO - Epoch 111/150 | loss=1484.6564 style_swd=33.2230 mom=0.6052 struct=3.9743 tv=0.0000 idt=0.2223 steps=1.0 h=1.00 s=1.00 lr=1.00e-04 data=0.0s comp=0.4s
2026-02-19 18:18:21,966 - INFO - Epoch 112/150 | loss=1379.6461 style_swd=30.5573 mom=0.6309 struct=4.0023 tv=0.0000 idt=0.2364 steps=1.0 h=1.00 s=1.00 lr=1.00e-04 data=0.0s comp=0.4s
2026-02-19 18:18:22,396 - INFO - Epoch 113/150 | loss=1339.0129 style_swd=29.7457 mom=0.5598 struct=3.9229 tv=0.0000 idt=0.2251 steps=1.0 h=1.00 s=1.00 lr=1.00e-04 data=0.0s comp=0.4s
2026-02-19 18:18:22,820 - INFO - Epoch 114/150 | loss=1359.3872 style_swd=30.1615 mom=0.5932 struct=3.9578 tv=0.0000 idt=0.2290 steps=1.0 h=1.00 s=1.00 lr=1.00e-04 data=0.0s comp=0.4s
2026-02-19 18:18:23,248 - INFO - Epoch 115/150 | loss=1342.8142 style_swd=29.7593 mom=0.5987 struct=3.9272 tv=0.0000 idt=0.2271 steps=1.0 h=1.00 s=1.00 lr=1.00e-04 data=0.0s comp=0.4s
2026-02-19 18:18:23,673 - INFO - Epoch 116/150 | loss=1313.9683 style_swd=29.1180 mom=0.5590 struct=3.9371 tv=0.0000 idt=0.2303 steps=1.0 h=1.00 s=1.00 lr=1.00e-04 data=0.0s comp=0.4s
2026-02-19 18:18:24,104 - INFO - Epoch 117/150 | loss=1441.2388 style_swd=32.1446 mom=0.6031 struct=3.9643 tv=0.0000 idt=0.2392 steps=1.0 h=1.00 s=1.00 lr=1.00e-04 data=0.0s comp=0.4s
2026-02-19 18:18:24,533 - INFO - Epoch 118/150 | loss=1335.0287 style_swd=29.6117 mom=0.5735 struct=3.9356 tv=0.0000 idt=0.2279 steps=1.0 h=1.00 s=1.00 lr=1.00e-04 data=0.0s comp=0.4s
2026-02-19 18:18:24,959 - INFO - Epoch 119/150 | loss=1416.5334 style_swd=31.5556 mom=0.5917 struct=3.9568 tv=0.0000 idt=0.2450 steps=1.0 h=1.00 s=1.00 lr=1.00e-04 data=0.0s comp=0.4s
2026-02-19 18:18:25,389 - INFO - Epoch 120/150 | loss=1348.8040 style_swd=29.9553 mom=0.5693 struct=3.9250 tv=0.0000 idt=0.2366 steps=1.0 h=1.00 s=1.00 lr=1.00e-04 data=0.0s comp=0.4s
2026-02-19 18:18:25,818 - INFO - Epoch 121/150 | loss=1420.3826 style_swd=31.6190 mom=0.5942 struct=4.0022 tv=0.0000 idt=0.2493 steps=1.0 h=1.00 s=1.00 lr=1.00e-04 data=0.0s comp=0.4s
2026-02-19 18:18:26,251 - INFO - Epoch 122/150 | loss=1346.5917 style_swd=29.8919 mom=0.5716 struct=3.9193 tv=0.0000 idt=0.2434 steps=1.0 h=1.00 s=1.00 lr=1.00e-04 data=0.0s comp=0.4s
2026-02-19 18:18:26,678 - INFO - Epoch 123/150 | loss=1369.2249 style_swd=30.4092 mom=0.5910 struct=3.9455 tv=0.0000 idt=0.2336 steps=1.0 h=1.00 s=1.00 lr=1.00e-04 data=0.0s comp=0.4s
2026-02-19 18:18:27,103 - INFO - Epoch 124/150 | loss=1414.8132 style_swd=31.4900 mom=0.5930 struct=3.9745 tv=0.0000 idt=0.2565 steps=1.0 h=1.00 s=1.00 lr=1.00e-04 data=0.0s comp=0.4s
2026-02-19 18:18:27,531 - INFO - Epoch 125/150 | loss=1382.4408 style_swd=30.6751 mom=0.6015 struct=4.0033 tv=0.0000 idt=0.2441 steps=1.0 h=1.00 s=1.00 lr=1.00e-04 data=0.0s comp=0.4s
2026-02-19 18:18:27,961 - INFO - Epoch 126/150 | loss=1366.6733 style_swd=30.3636 mom=0.5794 struct=3.9150 tv=0.0000 idt=0.2527 steps=1.0 h=1.00 s=1.00 lr=1.00e-04 data=0.0s comp=0.4s
2026-02-19 18:18:28,389 - INFO - Epoch 127/150 | loss=1351.5466 style_swd=30.0196 mom=0.5686 struct=3.9441 tv=0.0000 idt=0.2320 steps=1.0 h=1.00 s=1.00 lr=1.00e-04 data=0.0s comp=0.4s
2026-02-19 18:18:28,816 - INFO - Epoch 128/150 | loss=1311.3792 style_swd=28.9997 mom=0.5840 struct=3.9259 tv=0.0000 idt=0.2407 steps=1.0 h=1.00 s=1.00 lr=1.00e-04 data=0.0s comp=0.4s
2026-02-19 18:18:29,245 - INFO - Epoch 129/150 | loss=1485.7192 style_swd=33.2168 mom=0.6013 struct=3.9791 tv=0.0000 idt=0.2579 steps=1.0 h=1.00 s=1.00 lr=1.00e-04 data=0.0s comp=0.4s
2026-02-19 18:18:29,670 - INFO - Epoch 130/150 | loss=1386.9669 style_swd=30.7908 mom=0.5854 struct=3.9932 tv=0.0000 idt=0.2743 steps=1.0 h=1.00 s=1.00 lr=1.00e-04 data=0.0s comp=0.4s
2026-02-19 18:18:30,102 - INFO - Epoch 131/150 | loss=1358.9250 style_swd=30.1397 mom=0.5835 struct=3.9394 tv=0.0000 idt=0.2651 steps=1.0 h=1.00 s=1.00 lr=1.00e-04 data=0.0s comp=0.4s
2026-02-19 18:18:30,525 - INFO - Epoch 132/150 | loss=1369.0349 style_swd=30.3563 mom=0.5976 struct=3.9229 tv=0.0000 idt=0.2773 steps=1.0 h=1.00 s=1.00 lr=1.00e-04 data=0.0s comp=0.4s
2026-02-19 18:18:30,951 - INFO - Epoch 133/150 | loss=1533.4589 style_swd=34.3825 mom=0.6154 struct=3.9230 tv=0.0000 idt=0.2676 steps=1.0 h=1.00 s=1.00 lr=1.00e-04 data=0.0s comp=0.4s
2026-02-19 18:18:31,382 - INFO - Epoch 134/150 | loss=1324.3624 style_swd=29.3045 mom=0.5739 struct=3.9525 tv=0.0000 idt=0.2614 steps=1.0 h=1.00 s=1.00 lr=1.00e-04 data=0.0s comp=0.4s
2026-02-19 18:18:31,810 - INFO - Epoch 135/150 | loss=1375.8312 style_swd=30.5750 mom=0.5797 struct=3.9194 tv=0.0000 idt=0.2636 steps=1.0 h=1.00 s=1.00 lr=1.00e-04 data=0.0s comp=0.4s
2026-02-19 18:18:32,239 - INFO - Epoch 136/150 | loss=1494.0393 style_swd=33.3595 mom=0.6362 struct=3.9718 tv=0.0000 idt=0.2558 steps=1.0 h=1.00 s=1.00 lr=1.00e-04 data=0.0s comp=0.4s
2026-02-19 18:18:32,664 - INFO - Epoch 137/150 | loss=1320.2844 style_swd=29.1414 mom=0.5968 struct=3.9606 tv=0.0000 idt=0.2747 steps=1.0 h=1.00 s=1.00 lr=1.00e-04 data=0.0s comp=0.4s
2026-02-19 18:18:33,095 - INFO - Epoch 138/150 | loss=1415.8905 style_swd=31.4925 mom=0.5822 struct=3.9586 tv=0.0000 idt=0.3064 steps=1.0 h=1.00 s=1.00 lr=1.00e-04 data=0.0s comp=0.4s
2026-02-19 18:18:33,520 - INFO - Epoch 139/150 | loss=1362.9653 style_swd=30.1352 mom=0.5908 struct=3.9940 tv=0.0000 idt=0.3247 steps=1.0 h=1.00 s=1.00 lr=1.00e-04 data=0.0s comp=0.4s
2026-02-19 18:18:33,951 - INFO - Epoch 140/150 | loss=1446.0690 style_swd=32.1773 mom=0.5963 struct=3.9978 tv=0.0000 idt=0.3179 steps=1.0 h=1.00 s=1.00 lr=1.00e-04 data=0.0s comp=0.4s
2026-02-19 18:18:34,378 - INFO - Epoch 141/150 | loss=1319.8322 style_swd=29.1478 mom=0.5829 struct=3.9167 tv=0.0000 idt=0.3040 steps=1.0 h=1.00 s=1.00 lr=1.00e-04 data=0.0s comp=0.4s
2026-02-19 18:18:34,804 - INFO - Epoch 142/150 | loss=1360.2506 style_swd=30.2300 mom=0.5627 struct=3.9169 tv=0.0000 idt=0.2594 steps=1.0 h=1.00 s=1.00 lr=1.00e-04 data=0.0s comp=0.4s
2026-02-19 18:18:35,233 - INFO - Epoch 143/150 | loss=1488.1467 style_swd=33.2957 mom=0.6043 struct=3.9243 tv=0.0000 idt=0.2596 steps=1.0 h=1.00 s=1.00 lr=1.00e-04 data=0.0s comp=0.4s
2026-02-19 18:18:35,660 - INFO - Epoch 144/150 | loss=1380.9495 style_swd=30.6854 mom=0.5927 struct=3.8797 tv=0.0000 idt=0.2726 steps=1.0 h=1.00 s=1.00 lr=1.00e-04 data=0.0s comp=0.4s
2026-02-19 18:18:36,094 - INFO - Epoch 145/150 | loss=1292.7379 style_swd=28.5441 mom=0.5455 struct=3.9625 tv=0.0000 idt=0.2916 steps=1.0 h=1.00 s=1.00 lr=1.00e-04 data=0.0s comp=0.4s
2026-02-19 18:18:36,519 - INFO - Epoch 146/150 | loss=1316.6903 style_swd=29.0967 mom=0.5613 struct=3.9778 tv=0.0000 idt=0.2908 steps=1.0 h=1.00 s=1.00 lr=1.00e-04 data=0.0s comp=0.4s
2026-02-19 18:18:36,944 - INFO - Epoch 147/150 | loss=1221.3470 style_swd=26.8114 mom=0.5341 struct=3.9225 tv=0.0000 idt=0.3064 steps=1.0 h=1.00 s=1.00 lr=1.00e-04 data=0.0s comp=0.4s
2026-02-19 18:18:37,376 - INFO - Epoch 148/150 | loss=1470.0796 style_swd=32.7498 mom=0.6245 struct=3.9431 tv=0.0000 idt=0.3089 steps=1.0 h=1.00 s=1.00 lr=1.00e-04 data=0.0s comp=0.4s
2026-02-19 18:18:37,804 - INFO - Epoch 149/150 | loss=1379.3896 style_swd=30.4942 mom=0.6131 struct=3.9894 tv=0.0000 idt=0.3288 steps=1.0 h=1.00 s=1.00 lr=1.00e-04 data=0.0s comp=0.4s
2026-02-19 18:18:38,230 - INFO - Epoch 150/150 | loss=1358.8885 style_swd=30.1013 mom=0.5869 struct=3.9140 tv=0.0000 idt=0.3059 steps=1.0 h=1.00 s=1.00 lr=1.00e-04 data=0.0s comp=0.4s
2026-02-19 18:18:38,359 - INFO - Saved checkpoint: I:\Github\Latent_Style\Cycle-NCE\adacut_tune\trial_0012\epoch_0150.pt (step=150)
2026-02-19 18:18:38,362 - INFO - Running full eval for epoch 150 -> I:\Github\Latent_Style\Cycle-NCE\adacut_tune\trial_0012\full_eval\epoch_0150
2026-02-19 18:20:27,835 - INFO - Full eval completed for epoch 150. Log: I:\Github\Latent_Style\Cycle-NCE\adacut_tune\trial_0012\logs\full_eval_epoch_0150.log
2026-02-19 18:20:27,836 - INFO - Training completed.
