2026-02-23 23:31:16,623 - INFO - Active losses: w_swd, w_identity, w_delta_l1
2026-02-23 23:31:16,662 - INFO - Device: cpu
2026-02-23 23:31:16,662 - INFO - Seed: 42
2026-02-23 23:31:16,662 - INFO - Loading latent dataset from ..\..\latent-256
2026-02-23 23:31:21,407 - INFO -   style=photo id=0 count=6187
2026-02-23 23:31:22,880 - INFO -   style=Hayao id=1 count=1752
2026-02-23 23:31:23,870 - INFO -   style=monet id=2 count=972
2026-02-23 23:31:24,538 - INFO -   style=vangogh id=3 count=600
2026-02-23 23:31:25,400 - INFO -   style=cezanne id=4 count=850
2026-02-23 23:31:25,401 - WARNING - preload_to_gpu=True requested but CUDA is unavailable; using CPU dataset tensors.
2026-02-23 23:31:25,410 - INFO - DataLoader | batch=600 workers=6 pin_memory=True persistent_workers=True preload_to_gpu=False
2026-02-23 23:31:25,443 - INFO - Model params: 2,747,076
2026-02-23 23:31:25,443 - INFO - Infra | channels_last=False tf32=True grad_ckpt=False compile=False backend=off mode=off fullgraph=False cudagraphs=off gc_collect_interval=0 loss_timing_interval=0 strict_batch_sanity=True strict_batch_sanity_interval=1 cuda_sync_debug=False profiler=False alloc_conf=
2026-02-23 23:31:25,443 - INFO - Nsight | nvtx=False cuda_profile=False capture_start_step=10 capture_steps=50
2026-02-23 23:31:25,443 - WARNING - fused_adamw=True requested but CUDA is unavailable; using regular AdamW.
2026-02-23 23:31:27,123 - INFO - Precision | amp=False amp_dtype=fp16 grad_scaler=False fused_adamw=False prefer_fp16_on_rtx30=True
2026-02-23 23:31:27,123 - INFO - GPU | name=unknown capability=unknown vram_gb=0.00 rtx30=False
2026-02-23 23:31:27,129 - INFO - No checkpoint found, start from scratch.

Epoch 1/60:   0%|          | 0/69 [00:00<?, ?it/s]C:\Users\Administrator\miniconda3\envs\311\Lib\site-packages\torch\utils\data\dataloader.py:1118: UserWarning: 'pin_memory' argument is set as true but no accelerator is found, then device pinned memory won't be used.
  super().__init__(loader)
