CMD: /home/xy/miniconda3/envs/cu128/bin/python /mnt/i/Github/Latent_Style/Cycle-NCE/src/run.py --config /mnt/i/Github/Latent_Style/Cycle-NCE/ablation-fixes/A4_tv0.5_outTV0.5/config.json

2026-02-16 00:34:14,652 - INFO - Active losses: w_struct, w_stroke_gram, w_color_moment, w_delta_tv, w_delta_l2, w_output_tv
2026-02-16 00:34:14,900 - INFO - Set PYTORCH_ALLOC_CONF=expandable_segments:True
2026-02-16 00:34:14,916 - INFO - Device: cuda
2026-02-16 00:34:14,917 - INFO - Seed: 42
2026-02-16 00:34:14,917 - INFO - Loading latent dataset from ../../latent-256
2026-02-16 00:34:38,254 - INFO -   style=photo id=0 count=6187
2026-02-16 00:34:44,650 - INFO -   style=Hayao id=1 count=1752
2026-02-16 00:34:44,964 - INFO - Dataset preloaded to cuda: 0.12GB across 2 style pools.
2026-02-16 00:34:44,970 - INFO - DataLoader | batch=320 workers=0 pin_memory=False persistent_workers=False preload_to_gpu=True
2026-02-16 00:34:45,073 - INFO - Model params: 8,421,700
2026-02-16 00:34:45,073 - INFO - Infra | channels_last=True tf32=True grad_ckpt=False compile=False backend=off mode=off fullgraph=False cudagraphs=off gc_collect_interval=0 loss_timing_interval=0 strict_batch_sanity=True strict_batch_sanity_interval=1 cuda_sync_debug=False profiler=False alloc_conf=expandable_segments:True
2026-02-16 00:34:45,073 - INFO - Nsight | nvtx=False cuda_profile=False capture_start_step=10 capture_steps=50
2026-02-16 00:34:45,840 - INFO - Precision | amp=True amp_dtype=fp16 grad_scaler=True fused_adamw=True prefer_fp16_on_rtx30=True
2026-02-16 00:34:45,841 - INFO - GPU | name=NVIDIA Graphics Device capability=8.6 vram_gb=12.00 rtx30=False
2026-02-16 00:34:45,847 - INFO - No checkpoint found, start from scratch.
2026-02-16 00:35:43,479 - INFO - Epoch 1/60 | loss=5.2459 struct=0.0080 sgram=0.0451 cmoment=0.1730 dtv=0.0490 dl2=0.0634 steps=1.0 h=1.00 s=0.77 lr=2.00e-04 data=0.7s comp=33.3s
2026-02-16 00:36:27,405 - INFO - Epoch 2/60 | loss=4.5053 struct=0.0223 sgram=0.0370 cmoment=0.1506 dtv=0.1025 dl2=0.2007 steps=1.0 h=1.00 s=0.78 lr=2.00e-04 data=0.7s comp=19.3s
2026-02-16 00:37:11,325 - INFO - Epoch 3/60 | loss=4.3387 struct=0.0335 sgram=0.0351 cmoment=0.1446 dtv=0.1350 dl2=0.2945 steps=1.0 h=1.00 s=0.78 lr=1.99e-04 data=0.7s comp=19.2s
2026-02-16 00:37:55,245 - INFO - Epoch 4/60 | loss=4.2331 struct=0.0384 sgram=0.0338 cmoment=0.1416 dtv=0.1500 dl2=0.3401 steps=1.0 h=1.00 s=0.78 lr=1.99e-04 data=0.7s comp=19.2s
2026-02-16 00:38:39,162 - INFO - Epoch 5/60 | loss=4.1946 struct=0.0409 sgram=0.0333 cmoment=0.1413 dtv=0.1586 dl2=0.3731 steps=1.0 h=1.00 s=0.79 lr=1.98e-04 data=0.7s comp=19.3s
2026-02-16 00:39:23,117 - INFO - Epoch 6/60 | loss=4.1569 struct=0.0437 sgram=0.0329 cmoment=0.1392 dtv=0.1638 dl2=0.3910 steps=1.0 h=1.00 s=0.77 lr=1.97e-04 data=0.7s comp=19.3s
2026-02-16 00:40:07,042 - INFO - Epoch 7/60 | loss=4.1460 struct=0.0452 sgram=0.0327 cmoment=0.1400 dtv=0.1637 dl2=0.3872 steps=1.0 h=1.00 s=0.77 lr=1.95e-04 data=0.7s comp=19.2s
2026-02-16 00:40:50,961 - INFO - Epoch 8/60 | loss=4.1542 struct=0.0449 sgram=0.0328 cmoment=0.1399 dtv=0.1665 dl2=0.4008 steps=1.0 h=1.00 s=0.78 lr=1.94e-04 data=0.7s comp=19.2s
2026-02-16 00:41:34,884 - INFO - Epoch 9/60 | loss=4.1139 struct=0.0458 sgram=0.0324 cmoment=0.1384 dtv=0.1692 dl2=0.4120 steps=1.0 h=1.00 s=0.77 lr=1.92e-04 data=0.7s comp=19.3s
2026-02-16 00:42:18,814 - INFO - Epoch 10/60 | loss=4.1321 struct=0.0461 sgram=0.0326 cmoment=0.1390 dtv=0.1714 dl2=0.4238 steps=1.0 h=1.00 s=0.78 lr=1.90e-04 data=0.8s comp=19.1s
2026-02-16 00:42:19,251 - INFO - Saved checkpoint: /mnt/i/Github/Latent_Style/Cycle-NCE/ablation-fixes/A4_tv0.5_outTV0.5/checkpoints/epoch_0010.pt
2026-02-16 00:43:03,156 - INFO - Epoch 11/60 | loss=4.0634 struct=0.0476 sgram=0.0319 cmoment=0.1366 dtv=0.1720 dl2=0.4212 steps=1.0 h=1.00 s=0.79 lr=1.87e-04 data=0.7s comp=19.1s
2026-02-16 00:43:47,055 - INFO - Epoch 12/60 | loss=4.0739 struct=0.0473 sgram=0.0319 cmoment=0.1375 dtv=0.1727 dl2=0.4245 steps=1.0 h=1.00 s=0.79 lr=1.85e-04 data=0.7s comp=19.1s
2026-02-16 00:44:30,958 - INFO - Epoch 13/60 | loss=4.0511 struct=0.0479 sgram=0.0317 cmoment=0.1362 dtv=0.1744 dl2=0.4353 steps=1.0 h=1.00 s=0.79 lr=1.82e-04 data=0.7s comp=19.1s
2026-02-16 00:45:14,868 - INFO - Epoch 14/60 | loss=4.0666 struct=0.0472 sgram=0.0319 cmoment=0.1373 dtv=0.1710 dl2=0.4244 steps=1.0 h=1.00 s=0.77 lr=1.79e-04 data=0.7s comp=19.1s
2026-02-16 00:45:58,765 - INFO - Epoch 15/60 | loss=4.0681 struct=0.0485 sgram=0.0319 cmoment=0.1372 dtv=0.1738 dl2=0.4344 steps=1.0 h=1.00 s=0.77 lr=1.76e-04 data=0.7s comp=19.1s
2026-02-16 00:46:42,667 - INFO - Epoch 16/60 | loss=4.0236 struct=0.0484 sgram=0.0314 cmoment=0.1359 dtv=0.1744 dl2=0.4360 steps=1.0 h=1.00 s=0.76 lr=1.72e-04 data=0.7s comp=19.1s
2026-02-16 00:47:26,573 - INFO - Epoch 17/60 | loss=4.0083 struct=0.0496 sgram=0.0313 cmoment=0.1350 dtv=0.1766 dl2=0.4500 steps=1.0 h=1.00 s=0.78 lr=1.69e-04 data=0.7s comp=19.2s
2026-02-16 00:48:10,486 - INFO - Epoch 18/60 | loss=4.0046 struct=0.0502 sgram=0.0312 cmoment=0.1350 dtv=0.1782 dl2=0.4542 steps=1.0 h=1.00 s=0.77 lr=1.65e-04 data=0.8s comp=19.2s
2026-02-16 00:48:54,392 - INFO - Epoch 19/60 | loss=3.9826 struct=0.0507 sgram=0.0310 cmoment=0.1342 dtv=0.1804 dl2=0.4636 steps=1.0 h=1.00 s=0.77 lr=1.61e-04 data=0.8s comp=19.2s
2026-02-16 00:49:38,305 - INFO - Epoch 20/60 | loss=3.9937 struct=0.0507 sgram=0.0311 cmoment=0.1344 dtv=0.1798 dl2=0.4665 steps=1.0 h=1.00 s=0.78 lr=1.57e-04 data=0.8s comp=19.2s
2026-02-16 00:49:38,744 - INFO - Saved checkpoint: /mnt/i/Github/Latent_Style/Cycle-NCE/ablation-fixes/A4_tv0.5_outTV0.5/checkpoints/epoch_0020.pt
2026-02-16 00:50:22,652 - INFO - Epoch 21/60 | loss=3.9697 struct=0.0510 sgram=0.0308 cmoment=0.1344 dtv=0.1824 dl2=0.4751 steps=1.0 h=1.00 s=0.78 lr=1.53e-04 data=0.8s comp=19.2s
2026-02-16 00:51:06,566 - INFO - Epoch 22/60 | loss=3.9523 struct=0.0506 sgram=0.0306 cmoment=0.1335 dtv=0.1830 dl2=0.4780 steps=1.0 h=1.00 s=0.78 lr=1.48e-04 data=0.8s comp=19.2s
2026-02-16 00:51:50,465 - INFO - Epoch 23/60 | loss=3.9827 struct=0.0512 sgram=0.0309 cmoment=0.1344 dtv=0.1835 dl2=0.4822 steps=1.0 h=1.00 s=0.77 lr=1.44e-04 data=0.8s comp=19.1s
2026-02-16 00:52:34,444 - INFO - Epoch 24/60 | loss=3.9420 struct=0.0504 sgram=0.0305 cmoment=0.1332 dtv=0.1855 dl2=0.4868 steps=1.0 h=1.00 s=0.78 lr=1.39e-04 data=0.8s comp=19.2s
2026-02-16 00:53:18,357 - INFO - Epoch 25/60 | loss=3.9464 struct=0.0502 sgram=0.0306 cmoment=0.1331 dtv=0.1864 dl2=0.4907 steps=1.0 h=1.00 s=0.79 lr=1.34e-04 data=0.8s comp=19.1s
2026-02-16 00:54:02,259 - INFO - Epoch 26/60 | loss=3.9550 struct=0.0504 sgram=0.0306 cmoment=0.1337 dtv=0.1865 dl2=0.4936 steps=1.0 h=1.00 s=0.76 lr=1.30e-04 data=0.8s comp=19.1s
2026-02-16 00:54:46,160 - INFO - Epoch 27/60 | loss=3.9309 struct=0.0496 sgram=0.0304 cmoment=0.1333 dtv=0.1873 dl2=0.4890 steps=1.0 h=1.00 s=0.78 lr=1.25e-04 data=0.8s comp=19.1s
2026-02-16 00:55:30,065 - INFO - Epoch 28/60 | loss=3.9067 struct=0.0500 sgram=0.0301 cmoment=0.1322 dtv=0.1888 dl2=0.4990 steps=1.0 h=1.00 s=0.79 lr=1.20e-04 data=0.8s comp=19.1s
2026-02-16 00:56:13,967 - INFO - Epoch 29/60 | loss=3.9372 struct=0.0499 sgram=0.0305 cmoment=0.1327 dtv=0.1895 dl2=0.5027 steps=1.0 h=1.00 s=0.78 lr=1.15e-04 data=0.8s comp=19.1s
2026-02-16 00:56:57,862 - INFO - Epoch 30/60 | loss=3.9095 struct=0.0492 sgram=0.0302 cmoment=0.1319 dtv=0.1880 dl2=0.4973 steps=1.0 h=1.00 s=0.78 lr=1.10e-04 data=0.8s comp=19.1s
2026-02-16 00:56:58,347 - INFO - Saved checkpoint: /mnt/i/Github/Latent_Style/Cycle-NCE/ablation-fixes/A4_tv0.5_outTV0.5/checkpoints/epoch_0030.pt
2026-02-16 00:56:58,353 - INFO - Running full eval for epoch 30 -> /mnt/i/Github/Latent_Style/Cycle-NCE/ablation-fixes/A4_tv0.5_outTV0.5/checkpoints/full_eval/epoch_0030
2026-02-16 01:00:29,007 - INFO - Full eval completed for epoch 30. Log: /mnt/i/Github/Latent_Style/Cycle-NCE/ablation-fixes/A4_tv0.5_outTV0.5/checkpoints/logs/full_eval_epoch_0030.log
2026-02-16 01:01:13,244 - INFO - Epoch 31/60 | loss=3.9254 struct=0.0495 sgram=0.0303 cmoment=0.1325 dtv=0.1896 dl2=0.5005 steps=1.0 h=1.00 s=0.76 lr=1.05e-04 data=0.8s comp=19.1s
2026-02-16 01:01:57,162 - INFO - Epoch 32/60 | loss=3.9250 struct=0.0493 sgram=0.0304 cmoment=0.1319 dtv=0.1892 dl2=0.5016 steps=1.0 h=1.00 s=0.78 lr=1.00e-04 data=0.8s comp=19.1s
2026-02-16 01:02:41,072 - INFO - Epoch 33/60 | loss=3.9025 struct=0.0494 sgram=0.0301 cmoment=0.1323 dtv=0.1911 dl2=0.5077 steps=1.0 h=1.00 s=0.76 lr=9.51e-05 data=0.8s comp=19.1s
2026-02-16 01:03:24,971 - INFO - Epoch 34/60 | loss=3.8971 struct=0.0494 sgram=0.0300 cmoment=0.1319 dtv=0.1911 dl2=0.5132 steps=1.0 h=1.00 s=0.79 lr=9.01e-05 data=0.8s comp=19.1s
2026-02-16 01:04:09,112 - INFO - Epoch 35/60 | loss=3.9005 struct=0.0489 sgram=0.0301 cmoment=0.1319 dtv=0.1913 dl2=0.5100 steps=1.0 h=1.00 s=0.76 lr=8.52e-05 data=1.3s comp=19.1s
2026-02-16 01:04:53,026 - INFO - Epoch 36/60 | loss=3.8964 struct=0.0488 sgram=0.0300 cmoment=0.1321 dtv=0.1914 dl2=0.5107 steps=1.0 h=1.00 s=0.78 lr=8.04e-05 data=0.8s comp=19.1s
2026-02-16 01:05:36,935 - INFO - Epoch 37/60 | loss=3.9013 struct=0.0489 sgram=0.0301 cmoment=0.1320 dtv=0.1916 dl2=0.5102 steps=1.0 h=1.00 s=0.77 lr=7.56e-05 data=0.8s comp=19.1s
2026-02-16 01:06:20,843 - INFO - Epoch 38/60 | loss=3.8833 struct=0.0487 sgram=0.0299 cmoment=0.1313 dtv=0.1911 dl2=0.5096 steps=1.0 h=1.00 s=0.77 lr=7.10e-05 data=0.8s comp=19.1s
2026-02-16 01:07:04,749 - INFO - Epoch 39/60 | loss=3.9065 struct=0.0486 sgram=0.0301 cmoment=0.1321 dtv=0.1908 dl2=0.5096 steps=1.0 h=1.00 s=0.77 lr=6.64e-05 data=0.8s comp=19.1s
2026-02-16 01:07:48,647 - INFO - Epoch 40/60 | loss=3.9074 struct=0.0487 sgram=0.0301 cmoment=0.1329 dtv=0.1940 dl2=0.5204 steps=1.0 h=1.00 s=0.79 lr=6.19e-05 data=0.8s comp=19.1s
2026-02-16 01:07:49,084 - INFO - Saved checkpoint: /mnt/i/Github/Latent_Style/Cycle-NCE/ablation-fixes/A4_tv0.5_outTV0.5/checkpoints/epoch_0040.pt
2026-02-16 01:08:32,989 - INFO - Epoch 41/60 | loss=3.9131 struct=0.0486 sgram=0.0302 cmoment=0.1322 dtv=0.1927 dl2=0.5158 steps=1.0 h=1.00 s=0.77 lr=5.75e-05 data=0.8s comp=19.1s
2026-02-16 01:09:16,893 - INFO - Epoch 42/60 | loss=3.9023 struct=0.0483 sgram=0.0301 cmoment=0.1318 dtv=0.1931 dl2=0.5202 steps=1.0 h=1.00 s=0.78 lr=5.33e-05 data=0.8s comp=19.1s
2026-02-16 01:10:00,799 - INFO - Epoch 43/60 | loss=3.8786 struct=0.0482 sgram=0.0298 cmoment=0.1315 dtv=0.1926 dl2=0.5186 steps=1.0 h=1.00 s=0.78 lr=4.92e-05 data=0.8s comp=19.1s
2026-02-16 01:10:44,703 - INFO - Epoch 44/60 | loss=3.8861 struct=0.0482 sgram=0.0299 cmoment=0.1318 dtv=0.1928 dl2=0.5183 steps=1.0 h=1.00 s=0.78 lr=4.52e-05 data=0.8s comp=19.1s
2026-02-16 01:11:28,605 - INFO - Epoch 45/60 | loss=3.8916 struct=0.0486 sgram=0.0300 cmoment=0.1312 dtv=0.1943 dl2=0.5202 steps=1.0 h=1.00 s=0.77 lr=4.14e-05 data=0.8s comp=19.1s
2026-02-16 01:12:12,509 - INFO - Epoch 46/60 | loss=3.8613 struct=0.0480 sgram=0.0296 cmoment=0.1315 dtv=0.1944 dl2=0.5214 steps=1.0 h=1.00 s=0.76 lr=3.78e-05 data=0.8s comp=19.1s
2026-02-16 01:12:56,414 - INFO - Epoch 47/60 | loss=3.8831 struct=0.0484 sgram=0.0299 cmoment=0.1314 dtv=0.1951 dl2=0.5233 steps=1.0 h=1.00 s=0.77 lr=3.44e-05 data=0.8s comp=19.1s
2026-02-16 01:13:40,316 - INFO - Epoch 48/60 | loss=3.8903 struct=0.0476 sgram=0.0299 cmoment=0.1319 dtv=0.1935 dl2=0.5175 steps=1.0 h=1.00 s=0.77 lr=3.12e-05 data=0.8s comp=19.1s
2026-02-16 01:14:24,220 - INFO - Epoch 49/60 | loss=3.8947 struct=0.0484 sgram=0.0300 cmoment=0.1315 dtv=0.1947 dl2=0.5251 steps=1.0 h=1.00 s=0.79 lr=2.81e-05 data=0.8s comp=19.1s
2026-02-16 01:15:08,138 - INFO - Epoch 50/60 | loss=3.8899 struct=0.0478 sgram=0.0299 cmoment=0.1323 dtv=0.1946 dl2=0.5214 steps=1.0 h=1.00 s=0.78 lr=2.53e-05 data=0.8s comp=19.1s
2026-02-16 01:15:08,576 - INFO - Saved checkpoint: /mnt/i/Github/Latent_Style/Cycle-NCE/ablation-fixes/A4_tv0.5_outTV0.5/checkpoints/epoch_0050.pt
2026-02-16 01:15:52,473 - INFO - Epoch 51/60 | loss=3.8889 struct=0.0478 sgram=0.0299 cmoment=0.1318 dtv=0.1942 dl2=0.5205 steps=1.0 h=1.00 s=0.78 lr=2.27e-05 data=0.8s comp=19.1s
2026-02-16 01:16:36,369 - INFO - Epoch 52/60 | loss=3.9135 struct=0.0479 sgram=0.0302 cmoment=0.1324 dtv=0.1943 dl2=0.5214 steps=1.0 h=1.00 s=0.77 lr=2.04e-05 data=0.8s comp=19.1s
2026-02-16 01:17:20,268 - INFO - Epoch 53/60 | loss=3.8823 struct=0.0482 sgram=0.0298 cmoment=0.1317 dtv=0.1947 dl2=0.5267 steps=1.0 h=1.00 s=0.77 lr=1.82e-05 data=0.8s comp=19.1s
2026-02-16 01:18:04,157 - INFO - Epoch 54/60 | loss=3.8994 struct=0.0481 sgram=0.0300 cmoment=0.1319 dtv=0.1945 dl2=0.5263 steps=1.0 h=1.00 s=0.76 lr=1.63e-05 data=0.7s comp=19.2s
2026-02-16 01:18:48,057 - INFO - Epoch 55/60 | loss=3.8908 struct=0.0481 sgram=0.0299 cmoment=0.1323 dtv=0.1947 dl2=0.5252 steps=1.0 h=1.00 s=0.77 lr=1.46e-05 data=0.7s comp=19.2s
2026-02-16 01:19:31,951 - INFO - Epoch 56/60 | loss=3.8886 struct=0.0479 sgram=0.0299 cmoment=0.1320 dtv=0.1940 dl2=0.5207 steps=1.0 h=1.00 s=0.77 lr=1.32e-05 data=0.7s comp=19.2s
2026-02-16 01:20:15,843 - INFO - Epoch 57/60 | loss=3.8591 struct=0.0479 sgram=0.0296 cmoment=0.1306 dtv=0.1945 dl2=0.5255 steps=1.0 h=1.00 s=0.78 lr=1.21e-05 data=0.7s comp=19.2s
2026-02-16 01:20:59,738 - INFO - Epoch 58/60 | loss=3.8684 struct=0.0479 sgram=0.0297 cmoment=0.1309 dtv=0.1943 dl2=0.5258 steps=1.0 h=1.00 s=0.77 lr=1.12e-05 data=0.7s comp=19.2s
2026-02-16 01:21:43,630 - INFO - Epoch 59/60 | loss=3.8788 struct=0.0479 sgram=0.0298 cmoment=0.1316 dtv=0.1952 dl2=0.5257 steps=1.0 h=1.00 s=0.77 lr=1.05e-05 data=0.8s comp=19.2s
2026-02-16 01:22:27,603 - INFO - Epoch 60/60 | loss=3.8880 struct=0.0481 sgram=0.0299 cmoment=0.1315 dtv=0.1953 dl2=0.5275 steps=1.0 h=1.00 s=0.77 lr=1.01e-05 data=0.8s comp=19.4s
2026-02-16 01:22:28,005 - INFO - Saved checkpoint: /mnt/i/Github/Latent_Style/Cycle-NCE/ablation-fixes/A4_tv0.5_outTV0.5/checkpoints/epoch_0060.pt
2026-02-16 01:22:28,011 - INFO - Running full eval for epoch 60 -> /mnt/i/Github/Latent_Style/Cycle-NCE/ablation-fixes/A4_tv0.5_outTV0.5/checkpoints/full_eval/epoch_0060
2026-02-16 01:25:57,609 - INFO - Full eval completed for epoch 60. Log: /mnt/i/Github/Latent_Style/Cycle-NCE/ablation-fixes/A4_tv0.5_outTV0.5/checkpoints/logs/full_eval_epoch_0060.log
2026-02-16 01:25:57,609 - INFO - Training completed.
