2026-02-20 13:55:19,776 - WARNING - w_style=213.1268 looks high for Projected SWD loss. Recommended start range is [5, 20].
2026-02-20 13:55:19,776 - INFO - Active losses: w_style, w_moment, w_identity, w_structure
2026-02-20 13:55:19,800 - INFO - Device: cuda
2026-02-20 13:55:19,800 - INFO - Seed: 42
2026-02-20 13:55:19,800 - INFO - Loading latent dataset from ..\..\sdxl-256-overfit50
2026-02-20 13:55:19,806 - INFO -   style=photo id=0 count=10
2026-02-20 13:55:19,810 - INFO -   style=Hayao id=1 count=10
2026-02-20 13:55:19,813 - INFO -   style=monet id=2 count=10
2026-02-20 13:55:19,816 - INFO -   style=cezanne id=3 count=10
2026-02-20 13:55:19,819 - INFO -   style=vangogh id=4 count=10
2026-02-20 13:55:19,875 - INFO - Dataset preloaded to cuda: 0.00GB across 5 style pools.
2026-02-20 13:55:19,876 - INFO - DataLoader | batch=50 workers=0 pin_memory=False persistent_workers=False preload_to_gpu=True
2026-02-20 13:55:19,918 - INFO - Model params: 7,153,476
2026-02-20 13:55:19,919 - INFO - Adding NCE Projector params to optimizer: 4 tensors
2026-02-20 13:55:20,554 - INFO - No checkpoint found, start from scratch.
2026-02-20 13:55:23,194 - INFO - [Epoch 1 Step 10/1000] loss=7374.5316 style=33.2232 mom=0.5977 struct=3.9509 tv=0.0000 idt=0.0490 it/s=3.79 eta=261.3s
2026-02-20 13:55:24,826 - INFO - [Epoch 1 Step 20/1000] loss=7517.3141 style=33.8381 mom=0.6029 struct=3.9658 tv=0.0000 idt=0.0677 it/s=4.68 eta=209.3s
2026-02-20 13:55:26,465 - INFO - [Epoch 1 Step 30/1000] loss=7474.5102 style=33.5923 mom=0.6031 struct=3.9697 tv=0.0000 idt=0.0851 it/s=5.08 eta=191.1s
2026-02-20 13:55:28,102 - INFO - [Epoch 1 Step 40/1000] loss=7420.8642 style=33.3012 mom=0.6020 struct=3.9638 tv=0.0000 idt=0.1013 it/s=5.30 eta=181.1s
2026-02-20 13:55:29,735 - INFO - [Epoch 1 Step 50/1000] loss=7422.6823 style=33.2604 mom=0.6039 struct=3.9627 tv=0.0000 idt=0.1201 it/s=5.45 eta=174.4s
2026-02-20 13:55:31,376 - INFO - [Epoch 1 Step 60/1000] loss=7340.0900 style=32.8173 mom=0.6037 struct=3.9701 tv=0.0000 idt=0.1415 it/s=5.55 eta=169.5s
2026-02-20 13:55:33,010 - INFO - [Epoch 1 Step 70/1000] loss=7240.4003 style=32.2928 mom=0.6014 struct=3.9743 tv=0.0000 idt=0.1643 it/s=5.62 eta=165.5s
2026-02-20 13:55:34,649 - INFO - [Epoch 1 Step 80/1000] loss=7208.0879 style=32.0591 mom=0.6024 struct=3.9813 tv=0.0000 idt=0.1957 it/s=5.68 eta=162.1s
2026-02-20 13:55:36,285 - INFO - [Epoch 1 Step 90/1000] loss=7121.0856 style=31.5655 mom=0.6019 struct=3.9871 tv=0.0000 idt=0.2290 it/s=5.72 eta=159.1s
2026-02-20 13:55:37,922 - INFO - [Epoch 1 Step 100/1000] loss=7039.7688 style=31.1005 mom=0.6022 struct=3.9950 tv=0.0000 idt=0.2612 it/s=5.76 eta=156.3s
2026-02-20 13:55:39,564 - INFO - [Epoch 1 Step 110/1000] loss=6962.0139 style=30.6945 mom=0.6006 struct=4.0026 tv=0.0000 idt=0.2774 it/s=5.79 eta=153.8s
2026-02-20 13:55:41,201 - INFO - [Epoch 1 Step 120/1000] loss=6876.9133 style=30.2400 mom=0.5999 struct=4.0093 tv=0.0000 idt=0.2988 it/s=5.81 eta=151.4s
2026-02-20 13:55:42,834 - INFO - [Epoch 1 Step 130/1000] loss=6808.0422 style=29.8668 mom=0.5977 struct=4.0173 tv=0.0000 idt=0.3187 it/s=5.84 eta=149.1s
2026-02-20 13:55:44,470 - INFO - [Epoch 1 Step 140/1000] loss=6722.2677 style=29.4235 mom=0.5965 struct=4.0229 tv=0.0000 idt=0.3348 it/s=5.85 eta=146.9s
2026-02-20 13:55:46,105 - INFO - [Epoch 1 Step 150/1000] loss=6665.1853 style=29.0964 mom=0.5958 struct=4.0303 tv=0.0000 idt=0.3578 it/s=5.87 eta=144.8s
2026-02-20 13:55:47,752 - INFO - [Epoch 1 Step 160/1000] loss=6599.3515 style=28.7424 mom=0.5938 struct=4.0385 tv=0.0000 idt=0.3757 it/s=5.88 eta=142.8s
2026-02-20 13:55:49,385 - INFO - [Epoch 1 Step 170/1000] loss=6531.7475 style=28.3599 mom=0.5914 struct=4.0487 tv=0.0000 idt=0.4015 it/s=5.90 eta=140.8s
2026-02-20 13:55:51,022 - INFO - [Epoch 1 Step 180/1000] loss=6459.8834 style=27.9833 mom=0.5898 struct=4.0576 tv=0.0000 idt=0.4169 it/s=5.91 eta=138.8s
2026-02-20 13:55:52,666 - INFO - [Epoch 1 Step 190/1000] loss=6402.8189 style=27.6645 mom=0.5872 struct=4.0691 tv=0.0000 idt=0.4371 it/s=5.92 eta=136.9s
2026-02-20 13:55:54,317 - INFO - [Epoch 1 Step 200/1000] loss=6344.1263 style=27.3517 mom=0.5848 struct=4.0799 tv=0.0000 idt=0.4519 it/s=5.92 eta=135.0s
2026-02-20 13:55:55,952 - INFO - [Epoch 1 Step 210/1000] loss=6278.5870 style=27.0035 mom=0.5823 struct=4.0883 tv=0.0000 idt=0.4682 it/s=5.93 eta=133.2s
2026-02-20 13:55:57,603 - INFO - [Epoch 1 Step 220/1000] loss=6213.9805 style=26.6735 mom=0.5792 struct=4.0973 tv=0.0000 idt=0.4792 it/s=5.94 eta=131.4s
2026-02-20 13:55:59,235 - INFO - [Epoch 1 Step 230/1000] loss=6162.5915 style=26.3951 mom=0.5765 struct=4.1084 tv=0.0000 idt=0.4941 it/s=5.95 eta=129.5s
2026-02-20 13:56:00,867 - INFO - [Epoch 1 Step 240/1000] loss=6115.5837 style=26.1338 mom=0.5739 struct=4.1206 tv=0.0000 idt=0.5101 it/s=5.95 eta=127.7s
2026-02-20 13:56:02,516 - INFO - [Epoch 1 Step 250/1000] loss=6074.4614 style=25.8943 mom=0.5717 struct=4.1303 tv=0.0000 idt=0.5285 it/s=5.96 eta=125.9s
2026-02-20 13:56:04,153 - INFO - [Epoch 1 Step 260/1000] loss=6038.8121 style=25.7021 mom=0.5698 struct=4.1402 tv=0.0000 idt=0.5383 it/s=5.96 eta=124.1s
2026-02-20 13:56:05,789 - INFO - [Epoch 1 Step 270/1000] loss=5998.6841 style=25.4803 mom=0.5678 struct=4.1491 tv=0.0000 idt=0.5516 it/s=5.97 eta=122.3s
2026-02-20 13:56:07,422 - INFO - [Epoch 1 Step 280/1000] loss=5959.7121 style=25.2698 mom=0.5660 struct=4.1598 tv=0.0000 idt=0.5623 it/s=5.97 eta=120.5s
2026-02-20 13:56:09,059 - INFO - [Epoch 1 Step 290/1000] loss=5922.4057 style=25.0684 mom=0.5647 struct=4.1686 tv=0.0000 idt=0.5725 it/s=5.98 eta=118.8s
2026-02-20 13:56:10,692 - INFO - [Epoch 1 Step 300/1000] loss=5887.3907 style=24.8783 mom=0.5631 struct=4.1752 tv=0.0000 idt=0.5828 it/s=5.98 eta=117.0s
2026-02-20 13:56:12,329 - INFO - [Epoch 1 Step 310/1000] loss=5863.4844 style=24.7406 mom=0.5620 struct=4.1833 tv=0.0000 idt=0.5926 it/s=5.99 eta=115.2s
2026-02-20 13:56:13,982 - INFO - [Epoch 1 Step 320/1000] loss=5828.4324 style=24.5505 mom=0.5604 struct=4.1938 tv=0.0000 idt=0.6025 it/s=5.99 eta=113.5s
2026-02-20 13:56:15,620 - INFO - [Epoch 1 Step 330/1000] loss=5795.2329 style=24.3819 mom=0.5588 struct=4.2012 tv=0.0000 idt=0.6076 it/s=5.99 eta=111.8s
2026-02-20 13:56:17,265 - INFO - [Epoch 1 Step 340/1000] loss=5767.4185 style=24.2329 mom=0.5579 struct=4.2091 tv=0.0000 idt=0.6147 it/s=6.00 eta=110.1s
2026-02-20 13:56:18,896 - INFO - [Epoch 1 Step 350/1000] loss=5741.3248 style=24.0906 mom=0.5571 struct=4.2172 tv=0.0000 idt=0.6222 it/s=6.00 eta=108.3s
2026-02-20 13:56:20,533 - INFO - [Epoch 1 Step 360/1000] loss=5709.5048 style=23.9257 mom=0.5559 struct=4.2251 tv=0.0000 idt=0.6282 it/s=6.00 eta=106.6s
2026-02-20 13:56:22,166 - INFO - [Epoch 1 Step 370/1000] loss=5682.2292 style=23.7866 mom=0.5545 struct=4.2324 tv=0.0000 idt=0.6325 it/s=6.01 eta=104.9s
2026-02-20 13:56:23,801 - INFO - [Epoch 1 Step 380/1000] loss=5653.9622 style=23.6459 mom=0.5531 struct=4.2402 tv=0.0000 idt=0.6357 it/s=6.01 eta=103.2s
2026-02-20 13:56:25,437 - INFO - [Epoch 1 Step 390/1000] loss=5629.9747 style=23.5153 mom=0.5521 struct=4.2476 tv=0.0000 idt=0.6426 it/s=6.01 eta=101.5s
2026-02-20 13:56:27,073 - INFO - [Epoch 1 Step 400/1000] loss=5608.6549 style=23.4060 mom=0.5510 struct=4.2531 tv=0.0000 idt=0.6462 it/s=6.01 eta=99.8s
2026-02-20 13:56:28,706 - INFO - [Epoch 1 Step 410/1000] loss=5587.3749 style=23.2975 mom=0.5499 struct=4.2598 tv=0.0000 idt=0.6495 it/s=6.02 eta=98.1s
2026-02-20 13:56:30,339 - INFO - [Epoch 1 Step 420/1000] loss=5570.2281 style=23.1974 mom=0.5490 struct=4.2674 tv=0.0000 idt=0.6571 it/s=6.02 eta=96.4s
2026-02-20 13:56:31,974 - INFO - [Epoch 1 Step 430/1000] loss=5556.0288 style=23.1279 mom=0.5481 struct=4.2722 tv=0.0000 idt=0.6582 it/s=6.02 eta=94.7s
2026-02-20 13:56:33,611 - INFO - [Epoch 1 Step 440/1000] loss=5543.1457 style=23.0490 mom=0.5473 struct=4.2789 tv=0.0000 idt=0.6652 it/s=6.02 eta=93.0s
2026-02-20 13:56:35,246 - INFO - [Epoch 1 Step 450/1000] loss=5524.1665 style=22.9457 mom=0.5462 struct=4.2846 tv=0.0000 idt=0.6708 it/s=6.02 eta=91.3s
2026-02-20 13:56:36,881 - INFO - [Epoch 1 Step 460/1000] loss=5503.3519 style=22.8511 mom=0.5455 struct=4.2888 tv=0.0000 idt=0.6696 it/s=6.03 eta=89.6s
2026-02-20 13:56:38,516 - INFO - [Epoch 1 Step 470/1000] loss=5485.3879 style=22.7615 mom=0.5445 struct=4.2943 tv=0.0000 idt=0.6716 it/s=6.03 eta=87.9s
2026-02-20 13:56:40,154 - INFO - [Epoch 1 Step 480/1000] loss=5466.3385 style=22.6634 mom=0.5437 struct=4.2998 tv=0.0000 idt=0.6749 it/s=6.03 eta=86.2s
2026-02-20 13:56:41,798 - INFO - [Epoch 1 Step 490/1000] loss=5447.8342 style=22.5645 mom=0.5428 struct=4.3061 tv=0.0000 idt=0.6796 it/s=6.03 eta=84.6s
2026-02-20 13:56:43,435 - INFO - [Epoch 1 Step 500/1000] loss=5429.3030 style=22.4706 mom=0.5416 struct=4.3116 tv=0.0000 idt=0.6823 it/s=6.03 eta=82.9s
2026-02-20 13:56:45,072 - INFO - [Epoch 1 Step 510/1000] loss=5409.4308 style=22.3723 mom=0.5404 struct=4.3160 tv=0.0000 idt=0.6845 it/s=6.03 eta=81.2s
2026-02-20 13:56:46,715 - INFO - [Epoch 1 Step 520/1000] loss=5398.5220 style=22.3170 mom=0.5401 struct=4.3202 tv=0.0000 idt=0.6859 it/s=6.04 eta=79.5s
2026-02-20 13:56:48,354 - INFO - [Epoch 1 Step 530/1000] loss=5385.4597 style=22.2509 mom=0.5396 struct=4.3243 tv=0.0000 idt=0.6877 it/s=6.04 eta=77.9s
2026-02-20 13:56:49,988 - INFO - [Epoch 1 Step 540/1000] loss=5368.9737 style=22.1713 mom=0.5390 struct=4.3300 tv=0.0000 idt=0.6884 it/s=6.04 eta=76.2s
2026-02-20 13:56:51,627 - INFO - [Epoch 1 Step 550/1000] loss=5353.0387 style=22.0944 mom=0.5384 struct=4.3355 tv=0.0000 idt=0.6890 it/s=6.04 eta=74.5s
2026-02-20 13:56:53,263 - INFO - [Epoch 1 Step 560/1000] loss=5337.0721 style=22.0188 mom=0.5377 struct=4.3423 tv=0.0000 idt=0.6891 it/s=6.04 eta=72.8s
2026-02-20 13:56:54,894 - INFO - [Epoch 1 Step 570/1000] loss=5320.5413 style=21.9398 mom=0.5370 struct=4.3461 tv=0.0000 idt=0.6897 it/s=6.04 eta=71.2s
2026-02-20 13:56:56,529 - INFO - [Epoch 1 Step 580/1000] loss=5305.0727 style=21.8637 mom=0.5361 struct=4.3504 tv=0.0000 idt=0.6910 it/s=6.04 eta=69.5s
2026-02-20 13:56:58,164 - INFO - [Epoch 1 Step 590/1000] loss=5288.9377 style=21.7921 mom=0.5354 struct=4.3534 tv=0.0000 idt=0.6894 it/s=6.04 eta=67.8s
2026-02-20 13:56:59,801 - INFO - [Epoch 1 Step 600/1000] loss=5275.3348 style=21.7245 mom=0.5347 struct=4.3580 tv=0.0000 idt=0.6909 it/s=6.05 eta=66.2s
2026-02-20 13:57:01,436 - INFO - [Epoch 1 Step 610/1000] loss=5260.9456 style=21.6584 mom=0.5342 struct=4.3629 tv=0.0000 idt=0.6902 it/s=6.05 eta=64.5s
2026-02-20 13:57:03,070 - INFO - [Epoch 1 Step 620/1000] loss=5246.7017 style=21.5918 mom=0.5333 struct=4.3684 tv=0.0000 idt=0.6900 it/s=6.05 eta=62.8s
2026-02-20 13:57:04,706 - INFO - [Epoch 1 Step 630/1000] loss=5234.5211 style=21.5392 mom=0.5330 struct=4.3725 tv=0.0000 idt=0.6880 it/s=6.05 eta=61.2s
2026-02-20 13:57:06,346 - INFO - [Epoch 1 Step 640/1000] loss=5218.9685 style=21.4661 mom=0.5322 struct=4.3765 tv=0.0000 idt=0.6881 it/s=6.05 eta=59.5s
2026-02-20 13:57:07,981 - INFO - [Epoch 1 Step 650/1000] loss=5204.3325 style=21.4017 mom=0.5315 struct=4.3794 tv=0.0000 idt=0.6865 it/s=6.05 eta=57.8s
2026-02-20 13:57:09,618 - INFO - [Epoch 1 Step 660/1000] loss=5189.2492 style=21.3327 mom=0.5306 struct=4.3833 tv=0.0000 idt=0.6858 it/s=6.05 eta=56.2s
2026-02-20 13:57:11,254 - INFO - [Epoch 1 Step 670/1000] loss=5177.6001 style=21.2764 mom=0.5302 struct=4.3879 tv=0.0000 idt=0.6862 it/s=6.05 eta=54.5s
2026-02-20 13:57:12,890 - INFO - [Epoch 1 Step 680/1000] loss=5167.3547 style=21.2297 mom=0.5299 struct=4.3907 tv=0.0000 idt=0.6856 it/s=6.05 eta=52.9s
2026-02-20 13:57:14,521 - INFO - [Epoch 1 Step 690/1000] loss=5153.9909 style=21.1690 mom=0.5292 struct=4.3936 tv=0.0000 idt=0.6849 it/s=6.05 eta=51.2s
2026-02-20 13:57:16,156 - INFO - [Epoch 1 Step 700/1000] loss=5140.3846 style=21.1088 mom=0.5284 struct=4.3959 tv=0.0000 idt=0.6836 it/s=6.06 eta=49.5s
2026-02-20 13:57:17,792 - INFO - [Epoch 1 Step 710/1000] loss=5131.0147 style=21.0643 mom=0.5281 struct=4.4009 tv=0.0000 idt=0.6835 it/s=6.06 eta=47.9s
2026-02-20 13:57:19,425 - INFO - [Epoch 1 Step 720/1000] loss=5114.8998 style=20.9951 mom=0.5276 struct=4.4037 tv=0.0000 idt=0.6810 it/s=6.06 eta=46.2s
2026-02-20 13:57:21,066 - INFO - [Epoch 1 Step 730/1000] loss=5103.5151 style=20.9467 mom=0.5271 struct=4.4059 tv=0.0000 idt=0.6791 it/s=6.06 eta=44.6s
2026-02-20 13:57:22,703 - INFO - [Epoch 1 Step 740/1000] loss=5094.3539 style=20.9055 mom=0.5266 struct=4.4091 tv=0.0000 idt=0.6783 it/s=6.06 eta=42.9s
2026-02-20 13:57:24,355 - INFO - [Epoch 1 Step 750/1000] loss=5082.0953 style=20.8544 mom=0.5258 struct=4.4126 tv=0.0000 idt=0.6758 it/s=6.06 eta=41.3s
2026-02-20 13:57:25,987 - INFO - [Epoch 1 Step 760/1000] loss=5073.5207 style=20.8167 mom=0.5255 struct=4.4162 tv=0.0000 idt=0.6747 it/s=6.06 eta=39.6s
2026-02-20 13:57:27,620 - INFO - [Epoch 1 Step 770/1000] loss=5062.0686 style=20.7674 mom=0.5249 struct=4.4189 tv=0.0000 idt=0.6730 it/s=6.06 eta=38.0s
2026-02-20 13:57:29,256 - INFO - [Epoch 1 Step 780/1000] loss=5050.6666 style=20.7192 mom=0.5242 struct=4.4217 tv=0.0000 idt=0.6709 it/s=6.06 eta=36.3s
2026-02-20 13:57:30,888 - INFO - [Epoch 1 Step 790/1000] loss=5039.7002 style=20.6747 mom=0.5236 struct=4.4254 tv=0.0000 idt=0.6682 it/s=6.06 eta=34.6s
2026-02-20 13:57:32,523 - INFO - [Epoch 1 Step 800/1000] loss=5029.1635 style=20.6269 mom=0.5231 struct=4.4285 tv=0.0000 idt=0.6675 it/s=6.06 eta=33.0s
2026-02-20 13:57:34,154 - INFO - [Epoch 1 Step 810/1000] loss=5019.0556 style=20.5823 mom=0.5225 struct=4.4316 tv=0.0000 idt=0.6664 it/s=6.06 eta=31.3s
2026-02-20 13:57:35,800 - INFO - [Epoch 1 Step 820/1000] loss=5009.7546 style=20.5408 mom=0.5221 struct=4.4342 tv=0.0000 idt=0.6655 it/s=6.06 eta=29.7s
2026-02-20 13:57:37,431 - INFO - [Epoch 1 Step 830/1000] loss=5000.0356 style=20.5002 mom=0.5216 struct=4.4373 tv=0.0000 idt=0.6635 it/s=6.06 eta=28.0s
2026-02-20 13:57:39,064 - INFO - [Epoch 1 Step 840/1000] loss=4989.6145 style=20.4570 mom=0.5211 struct=4.4400 tv=0.0000 idt=0.6612 it/s=6.06 eta=26.4s
2026-02-20 13:57:40,696 - INFO - [Epoch 1 Step 850/1000] loss=4979.7467 style=20.4171 mom=0.5207 struct=4.4435 tv=0.0000 idt=0.6586 it/s=6.07 eta=24.7s
2026-02-20 13:57:42,332 - INFO - [Epoch 1 Step 860/1000] loss=4969.7485 style=20.3774 mom=0.5204 struct=4.4467 tv=0.0000 idt=0.6557 it/s=6.07 eta=23.1s
2026-02-20 13:57:43,963 - INFO - [Epoch 1 Step 870/1000] loss=4961.9769 style=20.3463 mom=0.5203 struct=4.4495 tv=0.0000 idt=0.6534 it/s=6.07 eta=21.4s
2026-02-20 13:57:45,593 - INFO - [Epoch 1 Step 880/1000] loss=4953.2552 style=20.3110 mom=0.5198 struct=4.4530 tv=0.0000 idt=0.6511 it/s=6.07 eta=19.8s
2026-02-20 13:57:47,227 - INFO - [Epoch 1 Step 890/1000] loss=4942.1566 style=20.2627 mom=0.5193 struct=4.4550 tv=0.0000 idt=0.6497 it/s=6.07 eta=18.1s
2026-02-20 13:57:48,862 - INFO - [Epoch 1 Step 900/1000] loss=4933.3334 style=20.2241 mom=0.5189 struct=4.4581 tv=0.0000 idt=0.6485 it/s=6.07 eta=16.5s
2026-02-20 13:57:50,492 - INFO - [Epoch 1 Step 910/1000] loss=4924.3249 style=20.1858 mom=0.5184 struct=4.4601 tv=0.0000 idt=0.6470 it/s=6.07 eta=14.8s
2026-02-20 13:57:52,127 - INFO - [Epoch 1 Step 920/1000] loss=4917.2314 style=20.1583 mom=0.5180 struct=4.4626 tv=0.0000 idt=0.6447 it/s=6.07 eta=13.2s
2026-02-20 13:57:53,759 - INFO - [Epoch 1 Step 930/1000] loss=4908.3772 style=20.1249 mom=0.5178 struct=4.4647 tv=0.0000 idt=0.6414 it/s=6.07 eta=11.5s
2026-02-20 13:57:55,393 - INFO - [Epoch 1 Step 940/1000] loss=4900.5921 style=20.0925 mom=0.5174 struct=4.4678 tv=0.0000 idt=0.6397 it/s=6.07 eta=9.9s
2026-02-20 13:57:57,028 - INFO - [Epoch 1 Step 950/1000] loss=4892.6096 style=20.0612 mom=0.5171 struct=4.4698 tv=0.0000 idt=0.6373 it/s=6.07 eta=8.2s
2026-02-20 13:57:58,665 - INFO - [Epoch 1 Step 960/1000] loss=4884.1263 style=20.0290 mom=0.5168 struct=4.4720 tv=0.0000 idt=0.6342 it/s=6.07 eta=6.6s
2026-02-20 13:58:00,295 - INFO - [Epoch 1 Step 970/1000] loss=4877.4410 style=20.0011 mom=0.5165 struct=4.4746 tv=0.0000 idt=0.6328 it/s=6.07 eta=4.9s
2026-02-20 13:58:01,930 - INFO - [Epoch 1 Step 980/1000] loss=4872.0110 style=19.9799 mom=0.5162 struct=4.4775 tv=0.0000 idt=0.6310 it/s=6.07 eta=3.3s
2026-02-20 13:58:03,563 - INFO - [Epoch 1 Step 990/1000] loss=4866.2238 style=19.9588 mom=0.5160 struct=4.4806 tv=0.0000 idt=0.6285 it/s=6.07 eta=1.6s
2026-02-20 13:58:05,208 - INFO - [Epoch 1 Step 1000/1000] loss=4856.9240 style=19.9193 mom=0.5156 struct=4.4835 tv=0.0000 idt=0.6268 it/s=6.07 eta=0.0s
2026-02-20 13:58:05,211 - INFO - Epoch 1/1 | loss=4856.9240 style_swd=19.9193 mom=0.5156 struct=4.4835 tv=0.0000 idt=0.6268 steps=1.0 h=1.00 s=1.00 lr=5.00e-04 data=1.2s comp=163.4s
2026-02-20 13:58:05,299 - INFO - Saved checkpoint: G:\GitHub\Latent_Style\Cycle-NCE\ssim-optun-nce\trial_0240\epoch_0001.pt (step=1000)
2026-02-20 13:58:05,299 - INFO - Running full eval for epoch 1 -> G:\GitHub\Latent_Style\Cycle-NCE\ssim-optun-nce\trial_0240\full_eval\epoch_0001
2026-02-20 13:58:58,348 - INFO - Full eval completed for epoch 1. Log: G:\GitHub\Latent_Style\Cycle-NCE\ssim-optun-nce\trial_0240\logs\full_eval_epoch_0001.log
2026-02-20 13:58:58,348 - INFO - Training completed.
