CMD: /home/xy/miniconda3/envs/cu128/bin/python /mnt/i/Github/Latent_Style/Cycle-NCE/src/run.py --config /mnt/i/Github/Latent_Style/Cycle-NCE/ablation-fixes/C1_struct1.0/config.json

2026-02-16 03:58:26,709 - INFO - Active losses: w_struct, w_stroke_gram, w_color_moment, w_delta_tv, w_delta_l2, w_output_tv
2026-02-16 03:58:26,973 - INFO - Set PYTORCH_ALLOC_CONF=expandable_segments:True
2026-02-16 03:58:26,982 - INFO - Device: cuda
2026-02-16 03:58:26,982 - INFO - Seed: 42
2026-02-16 03:58:26,983 - INFO - Loading latent dataset from ../../latent-256
2026-02-16 03:58:50,675 - INFO -   style=photo id=0 count=6187
2026-02-16 03:58:57,084 - INFO -   style=Hayao id=1 count=1752
2026-02-16 03:58:57,390 - INFO - Dataset preloaded to cuda: 0.12GB across 2 style pools.
2026-02-16 03:58:57,395 - INFO - DataLoader | batch=320 workers=0 pin_memory=False persistent_workers=False preload_to_gpu=True
2026-02-16 03:58:57,498 - INFO - Model params: 8,421,700
2026-02-16 03:58:57,498 - INFO - Infra | channels_last=True tf32=True grad_ckpt=False compile=False backend=off mode=off fullgraph=False cudagraphs=off gc_collect_interval=0 loss_timing_interval=0 strict_batch_sanity=True strict_batch_sanity_interval=1 cuda_sync_debug=False profiler=False alloc_conf=expandable_segments:True
2026-02-16 03:58:57,498 - INFO - Nsight | nvtx=False cuda_profile=False capture_start_step=10 capture_steps=50
2026-02-16 03:58:58,210 - INFO - Precision | amp=True amp_dtype=fp16 grad_scaler=True fused_adamw=True prefer_fp16_on_rtx30=True
2026-02-16 03:58:58,211 - INFO - GPU | name=NVIDIA Graphics Device capability=8.6 vram_gb=12.00 rtx30=False
2026-02-16 03:58:58,217 - INFO - No checkpoint found, start from scratch.
2026-02-16 03:59:55,649 - INFO - Epoch 1/60 | loss=4.6562 struct=0.0081 sgram=0.0450 cmoment=0.1730 dtv=0.0503 dl2=0.0646 steps=1.0 h=1.00 s=0.77 lr=2.00e-04 data=0.7s comp=33.2s
2026-02-16 04:00:39,380 - INFO - Epoch 2/60 | loss=3.8584 struct=0.0226 sgram=0.0366 cmoment=0.1496 dtv=0.1143 dl2=0.2142 steps=1.0 h=1.00 s=0.78 lr=2.00e-04 data=0.7s comp=19.1s
2026-02-16 04:01:23,109 - INFO - Epoch 3/60 | loss=3.6932 struct=0.0323 sgram=0.0349 cmoment=0.1435 dtv=0.1608 dl2=0.3171 steps=1.0 h=1.00 s=0.78 lr=1.99e-04 data=0.7s comp=19.1s
2026-02-16 04:02:06,834 - INFO - Epoch 4/60 | loss=3.5704 struct=0.0365 sgram=0.0335 cmoment=0.1404 dtv=0.1941 dl2=0.3824 steps=1.0 h=1.00 s=0.78 lr=1.99e-04 data=0.7s comp=19.1s
2026-02-16 04:02:50,566 - INFO - Epoch 5/60 | loss=3.5360 struct=0.0373 sgram=0.0331 cmoment=0.1406 dtv=0.2163 dl2=0.4204 steps=1.0 h=1.00 s=0.79 lr=1.98e-04 data=0.7s comp=19.1s
2026-02-16 04:03:34,301 - INFO - Epoch 6/60 | loss=3.4957 struct=0.0387 sgram=0.0327 cmoment=0.1385 dtv=0.2368 dl2=0.4408 steps=1.0 h=1.00 s=0.77 lr=1.97e-04 data=0.7s comp=19.1s
2026-02-16 04:04:18,039 - INFO - Epoch 7/60 | loss=3.4812 struct=0.0392 sgram=0.0324 cmoment=0.1394 dtv=0.2556 dl2=0.4505 steps=1.0 h=1.00 s=0.77 lr=1.95e-04 data=0.7s comp=19.1s
2026-02-16 04:05:01,763 - INFO - Epoch 8/60 | loss=3.4789 struct=0.0380 sgram=0.0324 cmoment=0.1391 dtv=0.2744 dl2=0.4661 steps=1.0 h=1.00 s=0.78 lr=1.94e-04 data=0.7s comp=19.1s
2026-02-16 04:05:45,494 - INFO - Epoch 9/60 | loss=3.4316 struct=0.0383 sgram=0.0320 cmoment=0.1377 dtv=0.2839 dl2=0.4788 steps=1.0 h=1.00 s=0.77 lr=1.92e-04 data=0.7s comp=19.1s
2026-02-16 04:06:29,223 - INFO - Epoch 10/60 | loss=3.4385 struct=0.0394 sgram=0.0320 cmoment=0.1379 dtv=0.2982 dl2=0.5047 steps=1.0 h=1.00 s=0.78 lr=1.90e-04 data=0.8s comp=19.1s
2026-02-16 04:06:29,656 - INFO - Saved checkpoint: /mnt/i/Github/Latent_Style/Cycle-NCE/ablation-fixes/C1_struct1.0/checkpoints/epoch_0010.pt
2026-02-16 04:07:13,380 - INFO - Epoch 11/60 | loss=3.3814 struct=0.0399 sgram=0.0314 cmoment=0.1360 dtv=0.3070 dl2=0.5019 steps=1.0 h=1.00 s=0.79 lr=1.87e-04 data=0.7s comp=19.1s
2026-02-16 04:07:57,103 - INFO - Epoch 12/60 | loss=3.3877 struct=0.0393 sgram=0.0315 cmoment=0.1368 dtv=0.3131 dl2=0.5128 steps=1.0 h=1.00 s=0.79 lr=1.85e-04 data=0.7s comp=19.1s
2026-02-16 04:08:40,824 - INFO - Epoch 13/60 | loss=3.3586 struct=0.0401 sgram=0.0312 cmoment=0.1354 dtv=0.3209 dl2=0.5273 steps=1.0 h=1.00 s=0.79 lr=1.82e-04 data=0.7s comp=19.1s
2026-02-16 04:09:24,544 - INFO - Epoch 14/60 | loss=3.3816 struct=0.0388 sgram=0.0314 cmoment=0.1367 dtv=0.3155 dl2=0.5067 steps=1.0 h=1.00 s=0.77 lr=1.79e-04 data=0.7s comp=19.1s
2026-02-16 04:10:08,270 - INFO - Epoch 15/60 | loss=3.3668 struct=0.0410 sgram=0.0313 cmoment=0.1358 dtv=0.3277 dl2=0.5351 steps=1.0 h=1.00 s=0.77 lr=1.76e-04 data=0.7s comp=19.1s
2026-02-16 04:10:51,991 - INFO - Epoch 16/60 | loss=3.3232 struct=0.0411 sgram=0.0308 cmoment=0.1347 dtv=0.3364 dl2=0.5449 steps=1.0 h=1.00 s=0.76 lr=1.72e-04 data=0.7s comp=19.1s
2026-02-16 04:11:35,707 - INFO - Epoch 17/60 | loss=3.3006 struct=0.0423 sgram=0.0306 cmoment=0.1337 dtv=0.3429 dl2=0.5677 steps=1.0 h=1.00 s=0.78 lr=1.69e-04 data=0.7s comp=19.1s
2026-02-16 04:12:19,430 - INFO - Epoch 18/60 | loss=3.2990 struct=0.0421 sgram=0.0305 cmoment=0.1337 dtv=0.3515 dl2=0.5777 steps=1.0 h=1.00 s=0.77 lr=1.65e-04 data=0.7s comp=19.1s
2026-02-16 04:13:03,154 - INFO - Epoch 19/60 | loss=3.2802 struct=0.0427 sgram=0.0304 cmoment=0.1329 dtv=0.3562 dl2=0.5874 steps=1.0 h=1.00 s=0.77 lr=1.61e-04 data=0.7s comp=19.1s
2026-02-16 04:13:46,868 - INFO - Epoch 20/60 | loss=3.2908 struct=0.0428 sgram=0.0305 cmoment=0.1330 dtv=0.3591 dl2=0.5987 steps=1.0 h=1.00 s=0.78 lr=1.57e-04 data=0.7s comp=19.1s
2026-02-16 04:13:47,299 - INFO - Saved checkpoint: /mnt/i/Github/Latent_Style/Cycle-NCE/ablation-fixes/C1_struct1.0/checkpoints/epoch_0020.pt
2026-02-16 04:14:31,033 - INFO - Epoch 21/60 | loss=3.2673 struct=0.0429 sgram=0.0302 cmoment=0.1330 dtv=0.3671 dl2=0.6134 steps=1.0 h=1.00 s=0.78 lr=1.53e-04 data=0.7s comp=19.1s
2026-02-16 04:15:14,779 - INFO - Epoch 22/60 | loss=3.2470 struct=0.0430 sgram=0.0300 cmoment=0.1321 dtv=0.3697 dl2=0.6171 steps=1.0 h=1.00 s=0.78 lr=1.48e-04 data=0.8s comp=19.1s
2026-02-16 04:15:58,528 - INFO - Epoch 23/60 | loss=3.2756 struct=0.0431 sgram=0.0303 cmoment=0.1331 dtv=0.3753 dl2=0.6287 steps=1.0 h=1.00 s=0.77 lr=1.44e-04 data=0.7s comp=19.1s
2026-02-16 04:16:42,268 - INFO - Epoch 24/60 | loss=3.2426 struct=0.0429 sgram=0.0299 cmoment=0.1322 dtv=0.3811 dl2=0.6368 steps=1.0 h=1.00 s=0.78 lr=1.39e-04 data=0.7s comp=19.1s
2026-02-16 04:17:26,011 - INFO - Epoch 25/60 | loss=3.2382 struct=0.0424 sgram=0.0299 cmoment=0.1318 dtv=0.3828 dl2=0.6361 steps=1.0 h=1.00 s=0.79 lr=1.34e-04 data=0.7s comp=19.1s
2026-02-16 04:18:09,753 - INFO - Epoch 26/60 | loss=3.2512 struct=0.0426 sgram=0.0300 cmoment=0.1325 dtv=0.3838 dl2=0.6425 steps=1.0 h=1.00 s=0.76 lr=1.30e-04 data=0.7s comp=19.1s
2026-02-16 04:18:53,493 - INFO - Epoch 27/60 | loss=3.2325 struct=0.0422 sgram=0.0298 cmoment=0.1320 dtv=0.3841 dl2=0.6344 steps=1.0 h=1.00 s=0.78 lr=1.25e-04 data=0.7s comp=19.1s
2026-02-16 04:19:37,230 - INFO - Epoch 28/60 | loss=3.1992 struct=0.0429 sgram=0.0295 cmoment=0.1306 dtv=0.3892 dl2=0.6518 steps=1.0 h=1.00 s=0.79 lr=1.20e-04 data=0.7s comp=19.1s
2026-02-16 04:20:20,973 - INFO - Epoch 29/60 | loss=3.2320 struct=0.0425 sgram=0.0299 cmoment=0.1315 dtv=0.3907 dl2=0.6509 steps=1.0 h=1.00 s=0.78 lr=1.15e-04 data=0.7s comp=19.1s
2026-02-16 04:21:04,713 - INFO - Epoch 30/60 | loss=3.2046 struct=0.0422 sgram=0.0296 cmoment=0.1306 dtv=0.3897 dl2=0.6438 steps=1.0 h=1.00 s=0.78 lr=1.10e-04 data=0.7s comp=19.1s
2026-02-16 04:21:05,145 - INFO - Saved checkpoint: /mnt/i/Github/Latent_Style/Cycle-NCE/ablation-fixes/C1_struct1.0/checkpoints/epoch_0030.pt
2026-02-16 04:21:05,150 - INFO - Running full eval for epoch 30 -> /mnt/i/Github/Latent_Style/Cycle-NCE/ablation-fixes/C1_struct1.0/checkpoints/full_eval/epoch_0030
2026-02-16 04:24:31,705 - INFO - Full eval completed for epoch 30. Log: /mnt/i/Github/Latent_Style/Cycle-NCE/ablation-fixes/C1_struct1.0/checkpoints/logs/full_eval_epoch_0030.log
2026-02-16 04:25:15,998 - INFO - Epoch 31/60 | loss=3.2180 struct=0.0425 sgram=0.0297 cmoment=0.1312 dtv=0.3965 dl2=0.6561 steps=1.0 h=1.00 s=0.76 lr=1.05e-04 data=0.8s comp=19.4s
2026-02-16 04:25:59,748 - INFO - Epoch 32/60 | loss=3.2220 struct=0.0424 sgram=0.0298 cmoment=0.1306 dtv=0.3984 dl2=0.6548 steps=1.0 h=1.00 s=0.78 lr=1.00e-04 data=0.7s comp=19.1s
2026-02-16 04:26:43,492 - INFO - Epoch 33/60 | loss=3.1977 struct=0.0425 sgram=0.0295 cmoment=0.1310 dtv=0.4011 dl2=0.6606 steps=1.0 h=1.00 s=0.76 lr=9.51e-05 data=0.7s comp=19.1s
2026-02-16 04:27:27,240 - INFO - Epoch 34/60 | loss=3.1911 struct=0.0420 sgram=0.0294 cmoment=0.1307 dtv=0.4032 dl2=0.6670 steps=1.0 h=1.00 s=0.79 lr=9.01e-05 data=0.7s comp=19.2s
2026-02-16 04:28:11,234 - INFO - Epoch 35/60 | loss=3.1944 struct=0.0420 sgram=0.0295 cmoment=0.1305 dtv=0.4036 dl2=0.6652 steps=1.0 h=1.00 s=0.76 lr=8.52e-05 data=1.3s comp=19.2s
2026-02-16 04:28:54,986 - INFO - Epoch 36/60 | loss=3.1905 struct=0.0421 sgram=0.0294 cmoment=0.1308 dtv=0.4047 dl2=0.6664 steps=1.0 h=1.00 s=0.78 lr=8.04e-05 data=0.7s comp=19.2s
2026-02-16 04:29:38,738 - INFO - Epoch 37/60 | loss=3.1959 struct=0.0417 sgram=0.0295 cmoment=0.1307 dtv=0.4081 dl2=0.6672 steps=1.0 h=1.00 s=0.77 lr=7.56e-05 data=0.8s comp=19.2s
2026-02-16 04:30:22,495 - INFO - Epoch 38/60 | loss=3.1783 struct=0.0419 sgram=0.0293 cmoment=0.1301 dtv=0.4084 dl2=0.6705 steps=1.0 h=1.00 s=0.77 lr=7.10e-05 data=0.7s comp=19.2s
2026-02-16 04:31:06,250 - INFO - Epoch 39/60 | loss=3.2007 struct=0.0417 sgram=0.0295 cmoment=0.1309 dtv=0.4101 dl2=0.6681 steps=1.0 h=1.00 s=0.77 lr=6.64e-05 data=0.8s comp=19.3s
2026-02-16 04:31:50,004 - INFO - Epoch 40/60 | loss=3.2000 struct=0.0419 sgram=0.0295 cmoment=0.1316 dtv=0.4153 dl2=0.6819 steps=1.0 h=1.00 s=0.79 lr=6.19e-05 data=0.8s comp=19.2s
2026-02-16 04:31:50,475 - INFO - Saved checkpoint: /mnt/i/Github/Latent_Style/Cycle-NCE/ablation-fixes/C1_struct1.0/checkpoints/epoch_0040.pt
2026-02-16 04:32:34,236 - INFO - Epoch 41/60 | loss=3.2055 struct=0.0419 sgram=0.0296 cmoment=0.1310 dtv=0.4157 dl2=0.6797 steps=1.0 h=1.00 s=0.77 lr=5.75e-05 data=0.7s comp=19.2s
2026-02-16 04:33:18,003 - INFO - Epoch 42/60 | loss=3.1954 struct=0.0414 sgram=0.0295 cmoment=0.1304 dtv=0.4176 dl2=0.6851 steps=1.0 h=1.00 s=0.78 lr=5.33e-05 data=0.8s comp=19.2s
2026-02-16 04:34:01,765 - INFO - Epoch 43/60 | loss=3.1726 struct=0.0417 sgram=0.0292 cmoment=0.1303 dtv=0.4184 dl2=0.6844 steps=1.0 h=1.00 s=0.78 lr=4.92e-05 data=0.7s comp=19.3s
2026-02-16 04:34:45,548 - INFO - Epoch 44/60 | loss=3.1772 struct=0.0414 sgram=0.0293 cmoment=0.1305 dtv=0.4172 dl2=0.6807 steps=1.0 h=1.00 s=0.78 lr=4.52e-05 data=0.8s comp=19.2s
2026-02-16 04:35:29,316 - INFO - Epoch 45/60 | loss=3.1847 struct=0.0418 sgram=0.0294 cmoment=0.1300 dtv=0.4201 dl2=0.6850 steps=1.0 h=1.00 s=0.77 lr=4.14e-05 data=0.8s comp=19.3s
2026-02-16 04:36:13,083 - INFO - Epoch 46/60 | loss=3.1549 struct=0.0415 sgram=0.0290 cmoment=0.1302 dtv=0.4213 dl2=0.6884 steps=1.0 h=1.00 s=0.76 lr=3.78e-05 data=0.8s comp=19.2s
2026-02-16 04:36:56,853 - INFO - Epoch 47/60 | loss=3.1765 struct=0.0417 sgram=0.0293 cmoment=0.1302 dtv=0.4222 dl2=0.6876 steps=1.0 h=1.00 s=0.77 lr=3.44e-05 data=0.8s comp=19.2s
2026-02-16 04:37:40,611 - INFO - Epoch 48/60 | loss=3.1847 struct=0.0411 sgram=0.0293 cmoment=0.1306 dtv=0.4220 dl2=0.6836 steps=1.0 h=1.00 s=0.77 lr=3.12e-05 data=0.8s comp=19.2s
2026-02-16 04:38:24,372 - INFO - Epoch 49/60 | loss=3.1889 struct=0.0416 sgram=0.0294 cmoment=0.1303 dtv=0.4236 dl2=0.6902 steps=1.0 h=1.00 s=0.79 lr=2.81e-05 data=0.8s comp=19.2s
2026-02-16 04:39:08,121 - INFO - Epoch 50/60 | loss=3.1827 struct=0.0411 sgram=0.0293 cmoment=0.1310 dtv=0.4235 dl2=0.6870 steps=1.0 h=1.00 s=0.78 lr=2.53e-05 data=0.8s comp=19.2s
2026-02-16 04:39:08,551 - INFO - Saved checkpoint: /mnt/i/Github/Latent_Style/Cycle-NCE/ablation-fixes/C1_struct1.0/checkpoints/epoch_0050.pt
2026-02-16 04:39:52,306 - INFO - Epoch 51/60 | loss=3.1826 struct=0.0412 sgram=0.0293 cmoment=0.1305 dtv=0.4246 dl2=0.6868 steps=1.0 h=1.00 s=0.78 lr=2.27e-05 data=0.8s comp=19.2s
2026-02-16 04:40:36,062 - INFO - Epoch 52/60 | loss=3.2083 struct=0.0413 sgram=0.0296 cmoment=0.1312 dtv=0.4244 dl2=0.6883 steps=1.0 h=1.00 s=0.77 lr=2.04e-05 data=0.8s comp=19.2s
2026-02-16 04:41:19,822 - INFO - Epoch 53/60 | loss=3.1750 struct=0.0414 sgram=0.0292 cmoment=0.1305 dtv=0.4256 dl2=0.6929 steps=1.0 h=1.00 s=0.77 lr=1.82e-05 data=0.8s comp=19.2s
2026-02-16 04:42:03,577 - INFO - Epoch 54/60 | loss=3.1938 struct=0.0410 sgram=0.0295 cmoment=0.1306 dtv=0.4269 dl2=0.6932 steps=1.0 h=1.00 s=0.76 lr=1.63e-05 data=0.8s comp=19.2s
2026-02-16 04:42:47,329 - INFO - Epoch 55/60 | loss=3.1839 struct=0.0414 sgram=0.0293 cmoment=0.1310 dtv=0.4301 dl2=0.6969 steps=1.0 h=1.00 s=0.77 lr=1.46e-05 data=0.7s comp=19.2s
2026-02-16 04:43:31,091 - INFO - Epoch 56/60 | loss=3.1836 struct=0.0412 sgram=0.0293 cmoment=0.1308 dtv=0.4273 dl2=0.6876 steps=1.0 h=1.00 s=0.77 lr=1.32e-05 data=0.8s comp=19.2s
2026-02-16 04:44:14,843 - INFO - Epoch 57/60 | loss=3.1529 struct=0.0413 sgram=0.0290 cmoment=0.1294 dtv=0.4270 dl2=0.6942 steps=1.0 h=1.00 s=0.78 lr=1.21e-05 data=0.8s comp=19.2s
2026-02-16 04:44:58,602 - INFO - Epoch 58/60 | loss=3.1622 struct=0.0412 sgram=0.0291 cmoment=0.1298 dtv=0.4294 dl2=0.6958 steps=1.0 h=1.00 s=0.77 lr=1.12e-05 data=0.8s comp=19.2s
2026-02-16 04:45:42,358 - INFO - Epoch 59/60 | loss=3.1728 struct=0.0413 sgram=0.0292 cmoment=0.1304 dtv=0.4293 dl2=0.6940 steps=1.0 h=1.00 s=0.77 lr=1.05e-05 data=0.8s comp=19.2s
2026-02-16 04:46:26,116 - INFO - Epoch 60/60 | loss=3.1820 struct=0.0415 sgram=0.0293 cmoment=0.1303 dtv=0.4289 dl2=0.6958 steps=1.0 h=1.00 s=0.77 lr=1.01e-05 data=0.8s comp=19.2s
2026-02-16 04:46:26,550 - INFO - Saved checkpoint: /mnt/i/Github/Latent_Style/Cycle-NCE/ablation-fixes/C1_struct1.0/checkpoints/epoch_0060.pt
2026-02-16 04:46:26,555 - INFO - Running full eval for epoch 60 -> /mnt/i/Github/Latent_Style/Cycle-NCE/ablation-fixes/C1_struct1.0/checkpoints/full_eval/epoch_0060
2026-02-16 04:49:55,728 - INFO - Full eval completed for epoch 60. Log: /mnt/i/Github/Latent_Style/Cycle-NCE/ablation-fixes/C1_struct1.0/checkpoints/logs/full_eval_epoch_0060.log
2026-02-16 04:49:55,729 - INFO - Training completed.
