CMD: /home/xy/miniconda3/envs/cu128/bin/python /mnt/i/Github/Latent_Style/Cycle-NCE/src/run.py --config /mnt/i/Github/Latent_Style/Cycle-NCE/ablation-fixes/A3_noTV_l2_0.05/config.json

2026-02-15 23:42:34,646 - INFO - Active losses: w_struct, w_stroke_gram, w_color_moment, w_delta_l2, w_output_tv
2026-02-15 23:42:34,900 - INFO - Set PYTORCH_ALLOC_CONF=expandable_segments:True
2026-02-15 23:42:34,918 - INFO - Device: cuda
2026-02-15 23:42:34,918 - INFO - Seed: 42
2026-02-15 23:42:34,918 - INFO - Loading latent dataset from ../../latent-256
2026-02-15 23:42:58,063 - INFO -   style=photo id=0 count=6187
2026-02-15 23:43:04,365 - INFO -   style=Hayao id=1 count=1752
2026-02-15 23:43:04,696 - INFO - Dataset preloaded to cuda: 0.12GB across 2 style pools.
2026-02-15 23:43:04,704 - INFO - DataLoader | batch=320 workers=0 pin_memory=False persistent_workers=False preload_to_gpu=True
2026-02-15 23:43:04,801 - INFO - Model params: 8,421,700
2026-02-15 23:43:04,801 - INFO - Infra | channels_last=True tf32=True grad_ckpt=False compile=False backend=off mode=off fullgraph=False cudagraphs=off gc_collect_interval=0 loss_timing_interval=0 strict_batch_sanity=True strict_batch_sanity_interval=1 cuda_sync_debug=False profiler=False alloc_conf=expandable_segments:True
2026-02-15 23:43:04,801 - INFO - Nsight | nvtx=False cuda_profile=False capture_start_step=10 capture_steps=50
2026-02-15 23:43:05,505 - INFO - Precision | amp=True amp_dtype=fp16 grad_scaler=True fused_adamw=True prefer_fp16_on_rtx30=True
2026-02-15 23:43:05,506 - INFO - GPU | name=NVIDIA Graphics Device capability=8.6 vram_gb=12.00 rtx30=False
2026-02-15 23:43:05,512 - INFO - No checkpoint found, start from scratch.
2026-02-15 23:44:02,965 - INFO - Epoch 1/60 | loss=4.6560 struct=0.0082 sgram=0.0450 cmoment=0.1730 dtv=0.0000 dl2=0.0646 steps=1.0 h=1.00 s=0.77 lr=2.00e-04 data=0.8s comp=33.3s
2026-02-15 23:44:46,684 - INFO - Epoch 2/60 | loss=3.8569 struct=0.0234 sgram=0.0366 cmoment=0.1496 dtv=0.0000 dl2=0.2144 steps=1.0 h=1.00 s=0.78 lr=2.00e-04 data=0.7s comp=19.3s
2026-02-15 23:45:30,401 - INFO - Epoch 3/60 | loss=3.6963 struct=0.0339 sgram=0.0349 cmoment=0.1437 dtv=0.0000 dl2=0.3154 steps=1.0 h=1.00 s=0.78 lr=1.99e-04 data=0.7s comp=19.3s
2026-02-15 23:46:14,117 - INFO - Epoch 4/60 | loss=3.5719 struct=0.0384 sgram=0.0335 cmoment=0.1404 dtv=0.0000 dl2=0.3759 steps=1.0 h=1.00 s=0.78 lr=1.99e-04 data=0.7s comp=19.2s
2026-02-15 23:46:57,831 - INFO - Epoch 5/60 | loss=3.5402 struct=0.0394 sgram=0.0331 cmoment=0.1406 dtv=0.0000 dl2=0.4111 steps=1.0 h=1.00 s=0.79 lr=1.98e-04 data=0.7s comp=19.2s
2026-02-15 23:47:41,565 - INFO - Epoch 6/60 | loss=3.5006 struct=0.0409 sgram=0.0327 cmoment=0.1386 dtv=0.0000 dl2=0.4298 steps=1.0 h=1.00 s=0.77 lr=1.97e-04 data=0.8s comp=19.3s
2026-02-15 23:48:25,302 - INFO - Epoch 7/60 | loss=3.4856 struct=0.0417 sgram=0.0325 cmoment=0.1395 dtv=0.0000 dl2=0.4367 steps=1.0 h=1.00 s=0.77 lr=1.95e-04 data=0.8s comp=19.3s
2026-02-15 23:49:09,038 - INFO - Epoch 8/60 | loss=3.4846 struct=0.0405 sgram=0.0325 cmoment=0.1392 dtv=0.0000 dl2=0.4509 steps=1.0 h=1.00 s=0.78 lr=1.94e-04 data=0.8s comp=19.3s
2026-02-15 23:49:52,776 - INFO - Epoch 9/60 | loss=3.4377 struct=0.0411 sgram=0.0320 cmoment=0.1377 dtv=0.0000 dl2=0.4659 steps=1.0 h=1.00 s=0.77 lr=1.92e-04 data=0.8s comp=19.3s
2026-02-15 23:50:36,514 - INFO - Epoch 10/60 | loss=3.4462 struct=0.0420 sgram=0.0320 cmoment=0.1379 dtv=0.0000 dl2=0.4894 steps=1.0 h=1.00 s=0.78 lr=1.90e-04 data=0.8s comp=19.3s
2026-02-15 23:50:36,956 - INFO - Saved checkpoint: /mnt/i/Github/Latent_Style/Cycle-NCE/ablation-fixes/A3_noTV_l2_0.05/checkpoints/epoch_0010.pt
2026-02-15 23:51:20,681 - INFO - Epoch 11/60 | loss=3.3800 struct=0.0427 sgram=0.0314 cmoment=0.1358 dtv=0.0000 dl2=0.4854 steps=1.0 h=1.00 s=0.79 lr=1.87e-04 data=0.7s comp=19.2s
2026-02-15 23:52:04,495 - INFO - Epoch 12/60 | loss=3.3903 struct=0.0423 sgram=0.0314 cmoment=0.1367 dtv=0.0000 dl2=0.4999 steps=1.0 h=1.00 s=0.79 lr=1.85e-04 data=0.8s comp=19.4s
2026-02-15 23:52:48,245 - INFO - Epoch 13/60 | loss=3.3649 struct=0.0429 sgram=0.0312 cmoment=0.1354 dtv=0.0000 dl2=0.5088 steps=1.0 h=1.00 s=0.79 lr=1.82e-04 data=0.7s comp=19.2s
2026-02-15 23:53:31,965 - INFO - Epoch 14/60 | loss=3.3915 struct=0.0416 sgram=0.0314 cmoment=0.1368 dtv=0.0000 dl2=0.4916 steps=1.0 h=1.00 s=0.77 lr=1.79e-04 data=0.7s comp=19.2s
2026-02-15 23:54:15,691 - INFO - Epoch 15/60 | loss=3.3743 struct=0.0438 sgram=0.0313 cmoment=0.1359 dtv=0.0000 dl2=0.5174 steps=1.0 h=1.00 s=0.77 lr=1.76e-04 data=0.7s comp=19.2s
2026-02-15 23:54:59,411 - INFO - Epoch 16/60 | loss=3.3301 struct=0.0436 sgram=0.0308 cmoment=0.1348 dtv=0.0000 dl2=0.5222 steps=1.0 h=1.00 s=0.76 lr=1.72e-04 data=0.7s comp=19.2s
2026-02-15 23:55:43,134 - INFO - Epoch 17/60 | loss=3.3092 struct=0.0446 sgram=0.0306 cmoment=0.1337 dtv=0.0000 dl2=0.5411 steps=1.0 h=1.00 s=0.78 lr=1.69e-04 data=0.7s comp=19.2s
2026-02-15 23:56:26,862 - INFO - Epoch 18/60 | loss=3.3062 struct=0.0446 sgram=0.0305 cmoment=0.1337 dtv=0.0000 dl2=0.5490 steps=1.0 h=1.00 s=0.77 lr=1.65e-04 data=0.7s comp=19.2s
2026-02-15 23:57:10,586 - INFO - Epoch 19/60 | loss=3.2911 struct=0.0450 sgram=0.0304 cmoment=0.1330 dtv=0.0000 dl2=0.5556 steps=1.0 h=1.00 s=0.77 lr=1.61e-04 data=0.7s comp=19.2s
2026-02-15 23:57:54,300 - INFO - Epoch 20/60 | loss=3.3000 struct=0.0449 sgram=0.0305 cmoment=0.1330 dtv=0.0000 dl2=0.5623 steps=1.0 h=1.00 s=0.78 lr=1.57e-04 data=0.7s comp=19.2s
2026-02-15 23:57:54,777 - INFO - Saved checkpoint: /mnt/i/Github/Latent_Style/Cycle-NCE/ablation-fixes/A3_noTV_l2_0.05/checkpoints/epoch_0020.pt
2026-02-15 23:58:38,497 - INFO - Epoch 21/60 | loss=3.2749 struct=0.0450 sgram=0.0302 cmoment=0.1330 dtv=0.0000 dl2=0.5757 steps=1.0 h=1.00 s=0.78 lr=1.53e-04 data=0.7s comp=19.3s
2026-02-15 23:59:22,439 - INFO - Epoch 22/60 | loss=3.2546 struct=0.0450 sgram=0.0300 cmoment=0.1322 dtv=0.0000 dl2=0.5794 steps=1.0 h=1.00 s=0.78 lr=1.48e-04 data=1.3s comp=19.2s
2026-02-16 00:00:06,161 - INFO - Epoch 23/60 | loss=3.2870 struct=0.0450 sgram=0.0303 cmoment=0.1332 dtv=0.0000 dl2=0.5897 steps=1.0 h=1.00 s=0.77 lr=1.44e-04 data=0.7s comp=19.2s
2026-02-16 00:00:49,877 - INFO - Epoch 24/60 | loss=3.2515 struct=0.0446 sgram=0.0300 cmoment=0.1322 dtv=0.0000 dl2=0.5949 steps=1.0 h=1.00 s=0.78 lr=1.39e-04 data=0.7s comp=19.2s
2026-02-16 00:01:33,598 - INFO - Epoch 25/60 | loss=3.2487 struct=0.0442 sgram=0.0299 cmoment=0.1318 dtv=0.0000 dl2=0.5968 steps=1.0 h=1.00 s=0.79 lr=1.34e-04 data=0.7s comp=19.2s
2026-02-16 00:02:17,316 - INFO - Epoch 26/60 | loss=3.2615 struct=0.0443 sgram=0.0300 cmoment=0.1325 dtv=0.0000 dl2=0.6012 steps=1.0 h=1.00 s=0.76 lr=1.30e-04 data=0.7s comp=19.2s
2026-02-16 00:03:01,035 - INFO - Epoch 27/60 | loss=3.2426 struct=0.0439 sgram=0.0298 cmoment=0.1321 dtv=0.0000 dl2=0.5961 steps=1.0 h=1.00 s=0.78 lr=1.25e-04 data=0.7s comp=19.2s
2026-02-16 00:03:44,747 - INFO - Epoch 28/60 | loss=3.2097 struct=0.0447 sgram=0.0295 cmoment=0.1307 dtv=0.0000 dl2=0.6113 steps=1.0 h=1.00 s=0.79 lr=1.20e-04 data=0.7s comp=19.2s
2026-02-16 00:04:28,473 - INFO - Epoch 29/60 | loss=3.2431 struct=0.0443 sgram=0.0299 cmoment=0.1315 dtv=0.0000 dl2=0.6087 steps=1.0 h=1.00 s=0.78 lr=1.15e-04 data=0.7s comp=19.2s
2026-02-16 00:05:12,197 - INFO - Epoch 30/60 | loss=3.2157 struct=0.0439 sgram=0.0296 cmoment=0.1306 dtv=0.0000 dl2=0.6030 steps=1.0 h=1.00 s=0.78 lr=1.10e-04 data=0.7s comp=19.2s
2026-02-16 00:05:12,634 - INFO - Saved checkpoint: /mnt/i/Github/Latent_Style/Cycle-NCE/ablation-fixes/A3_noTV_l2_0.05/checkpoints/epoch_0030.pt
2026-02-16 00:05:12,640 - INFO - Running full eval for epoch 30 -> /mnt/i/Github/Latent_Style/Cycle-NCE/ablation-fixes/A3_noTV_l2_0.05/checkpoints/full_eval/epoch_0030
2026-02-16 00:08:44,073 - INFO - Full eval completed for epoch 30. Log: /mnt/i/Github/Latent_Style/Cycle-NCE/ablation-fixes/A3_noTV_l2_0.05/checkpoints/logs/full_eval_epoch_0030.log
2026-02-16 00:09:27,893 - INFO - Epoch 31/60 | loss=3.2299 struct=0.0442 sgram=0.0297 cmoment=0.1312 dtv=0.0000 dl2=0.6118 steps=1.0 h=1.00 s=0.76 lr=1.05e-04 data=0.8s comp=19.2s
2026-02-16 00:10:11,611 - INFO - Epoch 32/60 | loss=3.2342 struct=0.0441 sgram=0.0298 cmoment=0.1307 dtv=0.0000 dl2=0.6118 steps=1.0 h=1.00 s=0.78 lr=1.00e-04 data=0.8s comp=19.2s
2026-02-16 00:10:55,326 - INFO - Epoch 33/60 | loss=3.2093 struct=0.0442 sgram=0.0295 cmoment=0.1311 dtv=0.0000 dl2=0.6168 steps=1.0 h=1.00 s=0.76 lr=9.51e-05 data=0.8s comp=19.2s
2026-02-16 00:11:39,053 - INFO - Epoch 34/60 | loss=3.2039 struct=0.0439 sgram=0.0295 cmoment=0.1307 dtv=0.0000 dl2=0.6241 steps=1.0 h=1.00 s=0.79 lr=9.01e-05 data=0.8s comp=19.2s
2026-02-16 00:12:22,770 - INFO - Epoch 35/60 | loss=3.2069 struct=0.0437 sgram=0.0295 cmoment=0.1306 dtv=0.0000 dl2=0.6219 steps=1.0 h=1.00 s=0.76 lr=8.52e-05 data=0.8s comp=19.2s
2026-02-16 00:13:06,480 - INFO - Epoch 36/60 | loss=3.2023 struct=0.0438 sgram=0.0294 cmoment=0.1308 dtv=0.0000 dl2=0.6205 steps=1.0 h=1.00 s=0.78 lr=8.04e-05 data=0.8s comp=19.2s
2026-02-16 00:13:50,203 - INFO - Epoch 37/60 | loss=3.2085 struct=0.0434 sgram=0.0295 cmoment=0.1308 dtv=0.0000 dl2=0.6226 steps=1.0 h=1.00 s=0.77 lr=7.56e-05 data=0.8s comp=19.2s
2026-02-16 00:14:33,924 - INFO - Epoch 38/60 | loss=3.1911 struct=0.0436 sgram=0.0293 cmoment=0.1301 dtv=0.0000 dl2=0.6257 steps=1.0 h=1.00 s=0.77 lr=7.10e-05 data=0.8s comp=19.2s
2026-02-16 00:15:17,657 - INFO - Epoch 39/60 | loss=3.2136 struct=0.0434 sgram=0.0296 cmoment=0.1309 dtv=0.0000 dl2=0.6225 steps=1.0 h=1.00 s=0.77 lr=6.64e-05 data=0.8s comp=19.2s
2026-02-16 00:16:01,372 - INFO - Epoch 40/60 | loss=3.2135 struct=0.0435 sgram=0.0295 cmoment=0.1316 dtv=0.0000 dl2=0.6338 steps=1.0 h=1.00 s=0.79 lr=6.19e-05 data=0.8s comp=19.2s
2026-02-16 00:16:01,813 - INFO - Saved checkpoint: /mnt/i/Github/Latent_Style/Cycle-NCE/ablation-fixes/A3_noTV_l2_0.05/checkpoints/epoch_0040.pt
2026-02-16 00:16:45,537 - INFO - Epoch 41/60 | loss=3.2197 struct=0.0435 sgram=0.0296 cmoment=0.1311 dtv=0.0000 dl2=0.6315 steps=1.0 h=1.00 s=0.77 lr=5.75e-05 data=0.8s comp=19.2s
2026-02-16 00:17:29,253 - INFO - Epoch 42/60 | loss=3.2086 struct=0.0431 sgram=0.0295 cmoment=0.1305 dtv=0.0000 dl2=0.6379 steps=1.0 h=1.00 s=0.78 lr=5.33e-05 data=0.8s comp=19.2s
2026-02-16 00:18:12,966 - INFO - Epoch 43/60 | loss=3.1865 struct=0.0434 sgram=0.0293 cmoment=0.1303 dtv=0.0000 dl2=0.6372 steps=1.0 h=1.00 s=0.78 lr=4.92e-05 data=0.8s comp=19.2s
2026-02-16 00:18:56,692 - INFO - Epoch 44/60 | loss=3.1913 struct=0.0432 sgram=0.0293 cmoment=0.1305 dtv=0.0000 dl2=0.6331 steps=1.0 h=1.00 s=0.78 lr=4.52e-05 data=0.8s comp=19.2s
2026-02-16 00:19:40,410 - INFO - Epoch 45/60 | loss=3.1983 struct=0.0435 sgram=0.0294 cmoment=0.1301 dtv=0.0000 dl2=0.6373 steps=1.0 h=1.00 s=0.77 lr=4.14e-05 data=0.8s comp=19.2s
2026-02-16 00:20:24,136 - INFO - Epoch 46/60 | loss=3.1686 struct=0.0432 sgram=0.0290 cmoment=0.1302 dtv=0.0000 dl2=0.6421 steps=1.0 h=1.00 s=0.76 lr=3.78e-05 data=0.8s comp=19.2s
2026-02-16 00:21:07,851 - INFO - Epoch 47/60 | loss=3.1898 struct=0.0434 sgram=0.0293 cmoment=0.1302 dtv=0.0000 dl2=0.6389 steps=1.0 h=1.00 s=0.77 lr=3.44e-05 data=0.8s comp=19.2s
2026-02-16 00:21:51,659 - INFO - Epoch 48/60 | loss=3.1976 struct=0.0427 sgram=0.0294 cmoment=0.1307 dtv=0.0000 dl2=0.6355 steps=1.0 h=1.00 s=0.77 lr=3.12e-05 data=0.8s comp=19.4s
2026-02-16 00:22:35,426 - INFO - Epoch 49/60 | loss=3.2027 struct=0.0434 sgram=0.0295 cmoment=0.1303 dtv=0.0000 dl2=0.6415 steps=1.0 h=1.00 s=0.79 lr=2.81e-05 data=0.8s comp=19.2s
2026-02-16 00:23:19,154 - INFO - Epoch 50/60 | loss=3.1965 struct=0.0427 sgram=0.0293 cmoment=0.1311 dtv=0.0000 dl2=0.6389 steps=1.0 h=1.00 s=0.78 lr=2.53e-05 data=0.8s comp=19.2s
2026-02-16 00:23:19,645 - INFO - Saved checkpoint: /mnt/i/Github/Latent_Style/Cycle-NCE/ablation-fixes/A3_noTV_l2_0.05/checkpoints/epoch_0050.pt
2026-02-16 00:24:03,349 - INFO - Epoch 51/60 | loss=3.1966 struct=0.0429 sgram=0.0294 cmoment=0.1306 dtv=0.0000 dl2=0.6383 steps=1.0 h=1.00 s=0.78 lr=2.27e-05 data=0.7s comp=19.2s
2026-02-16 00:24:47,053 - INFO - Epoch 52/60 | loss=3.2221 struct=0.0430 sgram=0.0296 cmoment=0.1313 dtv=0.0000 dl2=0.6393 steps=1.0 h=1.00 s=0.77 lr=2.04e-05 data=0.7s comp=19.2s
2026-02-16 00:25:30,755 - INFO - Epoch 53/60 | loss=3.1890 struct=0.0430 sgram=0.0293 cmoment=0.1305 dtv=0.0000 dl2=0.6437 steps=1.0 h=1.00 s=0.77 lr=1.82e-05 data=0.7s comp=19.2s
2026-02-16 00:26:14,453 - INFO - Epoch 54/60 | loss=3.2076 struct=0.0428 sgram=0.0295 cmoment=0.1307 dtv=0.0000 dl2=0.6432 steps=1.0 h=1.00 s=0.76 lr=1.63e-05 data=0.7s comp=19.2s
2026-02-16 00:26:58,162 - INFO - Epoch 55/60 | loss=3.1978 struct=0.0431 sgram=0.0293 cmoment=0.1311 dtv=0.0000 dl2=0.6462 steps=1.0 h=1.00 s=0.77 lr=1.46e-05 data=0.7s comp=19.2s
2026-02-16 00:27:41,863 - INFO - Epoch 56/60 | loss=3.1976 struct=0.0429 sgram=0.0294 cmoment=0.1309 dtv=0.0000 dl2=0.6383 steps=1.0 h=1.00 s=0.77 lr=1.32e-05 data=0.7s comp=19.2s
2026-02-16 00:28:25,560 - INFO - Epoch 57/60 | loss=3.1672 struct=0.0431 sgram=0.0291 cmoment=0.1295 dtv=0.0000 dl2=0.6446 steps=1.0 h=1.00 s=0.78 lr=1.21e-05 data=0.7s comp=19.2s
2026-02-16 00:29:09,260 - INFO - Epoch 58/60 | loss=3.1757 struct=0.0429 sgram=0.0292 cmoment=0.1298 dtv=0.0000 dl2=0.6455 steps=1.0 h=1.00 s=0.77 lr=1.12e-05 data=0.7s comp=19.2s
2026-02-16 00:29:53,181 - INFO - Epoch 59/60 | loss=3.1868 struct=0.0431 sgram=0.0293 cmoment=0.1305 dtv=0.0000 dl2=0.6432 steps=1.0 h=1.00 s=0.77 lr=1.05e-05 data=1.3s comp=19.2s
2026-02-16 00:30:36,881 - INFO - Epoch 60/60 | loss=3.1955 struct=0.0432 sgram=0.0294 cmoment=0.1303 dtv=0.0000 dl2=0.6447 steps=1.0 h=1.00 s=0.77 lr=1.01e-05 data=0.7s comp=19.2s
2026-02-16 00:30:37,323 - INFO - Saved checkpoint: /mnt/i/Github/Latent_Style/Cycle-NCE/ablation-fixes/A3_noTV_l2_0.05/checkpoints/epoch_0060.pt
2026-02-16 00:30:37,329 - INFO - Running full eval for epoch 60 -> /mnt/i/Github/Latent_Style/Cycle-NCE/ablation-fixes/A3_noTV_l2_0.05/checkpoints/full_eval/epoch_0060
2026-02-16 00:34:10,204 - INFO - Full eval completed for epoch 60. Log: /mnt/i/Github/Latent_Style/Cycle-NCE/ablation-fixes/A3_noTV_l2_0.05/checkpoints/logs/full_eval_epoch_0060.log
2026-02-16 00:34:10,205 - INFO - Training completed.
