CMD: /home/xy/miniconda3/envs/cu128/bin/python /mnt/g/GitHub/Latent_Style/Cycle-NCE/src/run.py --config /mnt/g/GitHub/Latent_Style/Cycle-NCE/ablation-fixes/A1_tv0.5_l2_0.01/config.json

2026-02-15 21:43:37,162 - INFO - Active losses: w_struct, w_stroke_gram, w_color_moment, w_delta_tv, w_delta_l2, w_output_tv
2026-02-15 21:43:37,234 - INFO - Set PYTORCH_ALLOC_CONF=expandable_segments:True
2026-02-15 21:43:37,255 - INFO - Device: cuda
2026-02-15 21:43:37,255 - INFO - Seed: 42
2026-02-15 21:43:37,256 - INFO - Loading latent dataset from ../../latent-256
2026-02-15 21:44:08,324 - INFO -   style=photo id=0 count=6187
2026-02-15 21:44:17,481 - INFO -   style=Hayao id=1 count=1752
2026-02-15 21:44:17,743 - INFO - Dataset preloaded to cuda: 0.12GB across 2 style pools.
2026-02-15 21:44:17,781 - INFO - DataLoader | batch=96 workers=0 pin_memory=False persistent_workers=False preload_to_gpu=True
2026-02-15 21:44:17,867 - INFO - Model params: 8,421,700
2026-02-15 21:44:17,867 - INFO - Infra | channels_last=True tf32=True grad_ckpt=False compile=False backend=off mode=off fullgraph=False cudagraphs=off gc_collect_interval=0 loss_timing_interval=0 strict_batch_sanity=True strict_batch_sanity_interval=1 cuda_sync_debug=False profiler=False alloc_conf=expandable_segments:True
2026-02-15 21:44:17,868 - INFO - Nsight | nvtx=False cuda_profile=False capture_start_step=10 capture_steps=50
2026-02-15 21:44:18,965 - INFO - Precision | amp=True amp_dtype=fp16 grad_scaler=True fused_adamw=True prefer_fp16_on_rtx30=True
2026-02-15 21:44:18,966 - INFO - GPU | name=NVIDIA GeForce RTX 4070 Laptop GPU capability=8.9 vram_gb=8.00 rtx30=False
2026-02-15 21:44:18,970 - INFO - No checkpoint found, start from scratch.
Epoch 1/60:   0%|          | 0/8269 [00:00<?, ?it/s]Epoch 1/60:   0%|          | 1/8269 [00:11<26:46:43, 11.66s/it]Epoch 1/60:   0%|          | 1/8269 [00:12<26:46:43, 11.66s/it, comp_ms=2742.8, data_ms=11.9, eta=20652.5s, h=1.00, it_s=0.40, loss=5.6230, s=0.74, semigroup=0.0000, sgram=0.0556, steps=1.0, struct=0.0007]Epoch 1/60:   0%|          | 1/8269 [00:13<26:46:43, 11.66s/it, comp_ms=1426.3, data_ms=6.9, eta=11284.5s, h=1.00, it_s=0.73, loss=5.4961, s=0.75, semigroup=0.0000, sgram=0.0540, steps=1.0, struct=0.0012] Epoch 1/60:   0%|          | 10/8269 [00:13<2:25:59,  1.06s/it, comp_ms=1426.3, data_ms=6.9, eta=11284.5s, h=1.00, it_s=0.73, loss=5.4961, s=0.75, semigroup=0.0000, sgram=0.0540, steps=1.0, struct=0.0012]Epoch 1/60:   0%|          | 11/8269 [00:14<2:55:28,  1.27s/it, comp_ms=1426.3, data_ms=6.9, eta=11284.5s, h=1.00, it_s=0.73, loss=5.4961, s=0.75, semigroup=0.0000, sgram=0.0540, steps=1.0, struct=0.0012]
Traceback (most recent call last):
  File "/mnt/g/GitHub/Latent_Style/Cycle-NCE/src/run.py", line 340, in <module>
    main()
  File "/mnt/g/GitHub/Latent_Style/Cycle-NCE/src/run.py", line 300, in main
    metrics = trainer.train_epoch(dataloader, epoch)
              ^^^^^^^^^^^^^^^^^^^^^^^^^^^^^^^^^^^^^^
  File "/mnt/g/GitHub/Latent_Style/Cycle-NCE/src/trainer.py", line 663, in train_epoch
    self._validate_batch_sanity_cpu(raw_batch)
  File "/mnt/g/GitHub/Latent_Style/Cycle-NCE/src/trainer.py", line 446, in _validate_batch_sanity_cpu
    if not torch.isfinite(content).all() or not torch.isfinite(target_style).all():
                                                ^^^^^^^^^^^^^^^^^^^^^^^^^^^^
KeyboardInterrupt
