2026-02-07 19:09:36,312 - INFO - Using device: cuda
2026-02-07 19:09:36,313 - INFO - Using global seed: 42
2026-02-07 19:09:36,313 - INFO - Loading 4 styles from ../../latents...
2026-02-07 19:10:15,822 - INFO - 💾 Keeping latents in CPU RAM (Pinned)
2026-02-07 19:10:17,502 - INFO - Model architecture: unet_lite
2026-02-07 19:10:18,307 - INFO - Model compiled with torch.compile
2026-02-07 19:10:18,436 - INFO - Model parameters: 65,220,292
2026-02-07 19:10:18,436 - INFO - 🎯 GeometricFreeEnergyLoss initialized (Multi-Style Mode)
   Scales: [2]
   Styles: 4 | Max Samples: 16384
   Projections: 64 | Memory: ~16.0MB
2026-02-07 19:10:18,445 - INFO - SWD setup | enabled=True warmup_ratio=0.200 band=highpass levels=['latent'] high_w=1.000 low_w=1.000 moment_w=10.000
2026-02-07 19:10:18,445 - INFO - Style classifier guidance disabled
2026-02-07 19:10:18,446 - INFO - Identity consistency enabled (pair_ratio=0.25, w_identity=1.0)
2026-02-07 19:10:18,446 - INFO - Pyramid Structural Loss enabled (w=1.0, weights={'low': 4.0, 'mid': 2.0, 'high': 1.0})
2026-02-07 19:10:18,446 - INFO - Velocity Regularization enabled (weight=0.1)
2026-02-07 19:10:18,447 - INFO - Scheduler: Linear Warmup (10) -> Cosine Annealing (to 1e-06)
2026-02-07 19:10:18,447 - INFO - Adaptive Loss Normalization enabled (Running Mean Scaling)
2026-02-07 19:10:18,447 - INFO - Gradient accumulation: 2 steps | Effective batch size: 384
2026-02-07 19:10:18,447 - INFO - Alpha warmup schedule: 0 -> 1.0 over 1000 steps
2026-02-07 19:10:18,448 - INFO - Per-style loss weights: [1.0, 1.0, 1.0, 1.0]
2026-02-07 19:10:18,452 - INFO - Full external evaluation interval: 1000000000
2026-02-07 19:10:20,224 - INFO - Loading VAE on device: cuda
2026-02-07 19:10:20,353 - INFO -  Loaded VAE from local HF cache: stabilityai/sd-vae-ft-mse
2026-02-07 19:10:20,368 - INFO - Overriding resume checkpoint: /mnt/g/GitHub/Latent_Style/Thermal/unet_lite/epoch_0100.pt
2026-02-07 19:10:20,370 - INFO - Loading checkpoint: /mnt/g/GitHub/Latent_Style/Thermal/unet_lite/epoch_0100.pt
2026-02-07 19:10:24,845 - INFO - ✓ Model state loaded
2026-02-07 19:10:24,846 - INFO - ✓ Optimizer state restored (momentum preserved)
2026-02-07 19:10:24,846 - INFO - ✓ Scheduler state restored (no re-warmup)
2026-02-07 19:10:24,847 - INFO - ✓ GradScaler state restored
2026-02-07 19:10:24,847 - INFO - ✓ Fully resumed from epoch 100
2026-02-07 19:10:24,847 - INFO -   Next epoch: 101
2026-02-07 19:10:24,847 - INFO -   Global step: 6400
2026-02-07 19:10:24,847 - INFO - Adaptive loss normalization state restored
2026-02-07 19:10:24,848 - INFO - Resumed training state. Current LR will be determined by scheduler.
2026-02-07 19:10:24,849 - INFO - Building style indices cache...
2026-02-07 19:10:24,849 - INFO -   Style 0: 6187 samples
2026-02-07 19:10:24,849 - INFO -   Style 1: 972 samples
2026-02-07 19:10:24,850 - INFO -   Style 2: 600 samples
2026-02-07 19:10:24,850 - INFO -   Style 3: 850 samples
2026-02-07 19:10:24,850 - INFO - Style indices cache built
2026-02-07 19:10:24,850 - INFO - Estimated train steps=258, SWD warmup steps=51 (ratio=0.200)
2026-02-07 19:10:24,851 - INFO - Initializing Style LUT cache for multi-style SWD...
2026-02-07 19:10:24,852 - INFO -   Style 0: Sampled 128 images for distribution statistics.
2026-02-07 19:10:24,853 - INFO -   Style 1: Sampled 128 images for distribution statistics.
2026-02-07 19:10:24,855 - INFO -   Style 2: Sampled 128 images for distribution statistics.
2026-02-07 19:10:24,857 - INFO -   Style 3: Sampled 128 images for distribution statistics.
2026-02-07 19:10:24,896 - INFO - 🔥 Pre-computing SWD Style Cache (this may take a minute)...
2026-02-07 19:10:24,933 - INFO -   Processing scale 2×2 (1/1)...
2026-02-07 19:10:25,079 - INFO -     ✓ Scale 2: LUT shape torch.Size([4, 16384, 4])
2026-02-07 19:10:25,079 - INFO - ✅ SWD Cache Initialization Complete
2026-02-07 19:10:25,081 - INFO - Saving original test images to inference/epoch_-1
2026-02-07 19:10:25,082 - INFO - 
================================================================================
2026-02-07 19:10:25,082 - INFO - Running Inference Evaluation (Epoch -1)
2026-02-07 19:10:25,082 - INFO - ================================================================================
2026-02-07 19:10:25,130 - INFO -   Test image for photo: 2013-12-09 01_12_14.jpg
2026-02-07 19:10:25,173 - INFO -   Test image for monet: 00018.jpg
2026-02-07 19:10:25,211 - INFO -   Test image for vangogh: 00005.jpg
2026-02-07 19:10:25,250 - INFO -   Test image for cezanne: 00057.jpg
2026-02-07 19:10:26,854 - INFO - 
Processing source: photo
2026-02-07 19:10:28,059 - INFO -     Saved original: photo_original.jpg
2026-02-07 19:10:28,060 - INFO - 
Processing source: monet
2026-02-07 19:10:28,107 - INFO -     Saved original: monet_original.jpg
2026-02-07 19:10:28,107 - INFO - 
Processing source: vangogh
2026-02-07 19:10:28,155 - INFO -     Saved original: vangogh_original.jpg
2026-02-07 19:10:28,156 - INFO - 
Processing source: cezanne
2026-02-07 19:10:28,203 - INFO -     Saved original: cezanne_original.jpg
2026-02-07 19:10:28,231 - INFO - 
================================================================================
2026-02-07 19:10:28,231 - INFO - Inference completed. Results saved to: /mnt/g/GitHub/Latent_Style/Thermal/swd_matrix_smoke_wsl_progress/experiments/E1_p2/checkpoints/inference/epoch_-1
2026-02-07 19:10:28,231 - INFO - ================================================================================

2026-02-07 19:10:28,232 - INFO - ✓ Training completed!
