[INFO] watchdog started at 2026-02-15 09:04:01
[INFO] cwd=/mnt/i/Github/Latent_Style/Cycle-NCE/src
[INFO] log=/mnt/i/Github/Latent_Style/Cycle-NCE/src/../train_logs/train_watchdog_20260215_090400.log
[INFO] launch train at 2026-02-15 09:04:01
2026-02-15 09:04:04,264 - INFO - Active losses: w_struct, w_cycle, w_stroke_gram, w_color_moment, w_delta_tv, w_delta_l2
2026-02-15 09:04:04,537 - INFO - Device: cuda
2026-02-15 09:04:04,537 - INFO - Seed: 42
2026-02-15 09:04:04,537 - INFO - Loading latent dataset from ../../latent-256
2026-02-15 09:04:28,969 - INFO -   style=photo id=0 count=6187
2026-02-15 09:04:36,036 - INFO -   style=Hayao id=1 count=1752
2026-02-15 09:04:36,373 - INFO - Preloaded all latents to GPU: cuda
2026-02-15 09:04:36,386 - INFO - DataLoader | batch=160 workers=0 pin_memory=False persistent_workers=False preload_to_gpu=True
2026-02-15 09:04:39,085 - INFO - torch.compile enabled (backend=inductor mode=default fullgraph=False cudagraphs=off cache=/mnt/i/Github/Latent_Style/Cycle-NCE/no-edge/torch_compile_cache)
2026-02-15 09:04:39,085 - INFO - Model params: 8,378,244
2026-02-15 09:04:39,085 - INFO - Infra | channels_last=True tf32=True grad_ckpt=False compile=True backend=inductor mode=default fullgraph=False cudagraphs=off
2026-02-15 09:04:39,086 - INFO - Precision | amp=True amp_dtype=bf16 grad_scaler=False fused_adamw=True
2026-02-15 09:04:39,458 - WARNING - Checkpoint loaded with non-strict mode due to key mismatch: Error(s) in loading state_dict for OptimizedModule:
	Missing key(s) in state_dict: "_orig_mod.style_spatial_id_16", "_orig_mod.style_enc.0.weight", "_orig_mod.style_enc.0.bias", "_orig_mod.style_enc.2.weight", "_orig_mod.style_enc.2.bias", "_orig_mod.style_enc.4.weight", "_orig_mod.style_enc.4.bias", "_orig_mod.style_proj.weight", "_orig_mod.style_proj.bias", "_orig_mod.style_emb.weight", "_orig_mod.enc_in.weight", "_orig_mod.enc_in.bias", "_orig_mod.hires_body.0.norm1.proj.weight", "_orig_mod.hires_body.0.norm1.proj.bias", "_orig_mod.hires_body.0.conv1.weight", "_orig_mod.hires_body.0.conv1.bias", "_orig_mod.hires_body.0.norm2.proj.weight", "_orig_mod.hires_body.0.norm2.proj.bias", "_orig_mod.hires_body.0.conv2.weight", "_orig_mod.hires_body.0.conv2.bias", "_orig_mod.hires_body.1.norm1.proj.weight", "_orig_mod.hires_body.1.norm1.proj.bias", "_orig_mod.hires_body.1.conv1.weight", "_orig_mod.hires_body.1.conv1.bias", "_orig_mod.hires_body.1.norm2.proj.weight", "_orig_mod.hires_body.1.norm2.proj.bias", "_orig_mod.hires_body.1.conv2.weight", "_orig_mod.hires_body.1.conv2.bias", "_orig_mod.hires_body.2.norm1.proj.weight", "_orig_mod.hires_body.2.norm1.proj.bias", "_orig_mod.hires_body.2.conv1.weight", "_orig_mod.hires_body.2.conv1.bias", "_orig_mod.hires_body.2.norm2.proj.weight", "_orig_mod.hires_body.2.norm2.proj.bias", "_orig_mod.hires_body.2.conv2.weight", "_orig_mod.hires_body.2.conv2.bias", "_orig_mod.hires_body.3.norm1.proj.weight", "_orig_mod.hires_body.3.norm1.proj.bias", "_orig_mod.hires_body.3.conv1.weight", "_orig_mod.hires_body.3.conv1.bias", "_orig_mod.hires_body.3.norm2.proj.weight", "_orig_mod.hires_body.3.norm2.proj.bias", "_orig_mod.hires_body.3.conv2.weight", "_orig_mod.hires_body.3.conv2.bias", "_orig_mod.down.weight", "_orig_mod.down.bias", "_orig_mod.body.0.norm1.proj.weight", "_orig_mod.body.0.norm1.proj.bias", "_orig_mod.body.0.conv1.weight", "_orig_mod.body.0.conv1.bias", "_orig_mod.body.0.norm2.proj.weight", "_orig_mod.body.0.norm2.proj.bias", "_orig_mod.body.0.conv2.weight", "_orig_mod.body.0.conv2.bias", "_orig_mod.body.1.norm1.proj.weight", "_orig_mod.body.1.norm1.proj.bias", "_orig_mod.body.1.conv1.weight", "_orig_mod.body.1.conv1.bias", "_orig_mod.body.1.norm2.proj.weight", "_orig_mod.body.1.norm2.proj.bias", "_orig_mod.body.1.conv2.weight", "_orig_mod.body.1.conv2.bias", "_orig_mod.dec_conv.weight", "_orig_mod.dec_conv.bias", "_orig_mod.dec_norm.proj.weight", "_orig_mod.dec_norm.proj.bias", "_orig_mod.dec_out.weight", "_orig_mod.dec_out.bias". 
	Unexpected key(s) in state_dict: "style_spatial_id_16", "style_enc.0.weight", "style_enc.0.bias", "style_enc.2.weight", "style_enc.2.bias", "style_enc.4.weight", "style_enc.4.bias", "style_proj.weight", "style_proj.bias", "style_emb.weight", "enc_in.weight", "enc_in.bias", "hires_body.0.norm1.proj.weight", "hires_body.0.norm1.proj.bias", "hires_body.0.conv1.weight", "hires_body.0.conv1.bias", "hires_body.0.norm2.proj.weight", "hires_body.0.norm2.proj.bias", "hires_body.0.conv2.weight", "hires_body.0.conv2.bias", "hires_body.1.norm1.proj.weight", "hires_body.1.norm1.proj.bias", "hires_body.1.conv1.weight", "hires_body.1.conv1.bias", "hires_body.1.norm2.proj.weight", "hires_body.1.norm2.proj.bias", "hires_body.1.conv2.weight", "hires_body.1.conv2.bias", "hires_body.2.norm1.proj.weight", "hires_body.2.norm1.proj.bias", "hires_body.2.conv1.weight", "hires_body.2.conv1.bias", "hires_body.2.norm2.proj.weight", "hires_body.2.norm2.proj.bias", "hires_body.2.conv2.weight", "hires_body.2.conv2.bias", "hires_body.3.norm1.proj.weight", "hires_body.3.norm1.proj.bias", "hires_body.3.conv1.weight", "hires_body.3.conv1.bias", "hires_body.3.norm2.proj.weight", "hires_body.3.norm2.proj.bias", "hires_body.3.conv2.weight", "hires_body.3.conv2.bias", "down.weight", "down.bias", "body.0.norm1.proj.weight", "body.0.norm1.proj.bias", "body.0.conv1.weight", "body.0.conv1.bias", "body.0.norm2.proj.weight", "body.0.norm2.proj.bias", "body.0.conv2.weight", "body.0.conv2.bias", "body.1.norm1.proj.weight", "body.1.norm1.proj.bias", "body.1.conv1.weight", "body.1.conv1.bias", "body.1.norm2.proj.weight", "body.1.norm2.proj.bias", "body.1.conv2.weight", "body.1.conv2.bias", "dec_conv.weight", "dec_conv.bias", "dec_norm.proj.weight", "dec_norm.proj.bias", "dec_out.weight", "dec_out.bias".  | missing=68 unexpected=68
2026-02-15 09:04:39,458 - WARNING - Missing keys (first 12): ['_orig_mod.style_spatial_id_16', '_orig_mod.style_enc.0.weight', '_orig_mod.style_enc.0.bias', '_orig_mod.style_enc.2.weight', '_orig_mod.style_enc.2.bias', '_orig_mod.style_enc.4.weight', '_orig_mod.style_enc.4.bias', '_orig_mod.style_proj.weight', '_orig_mod.style_proj.bias', '_orig_mod.style_emb.weight', '_orig_mod.enc_in.weight', '_orig_mod.enc_in.bias']
2026-02-15 09:04:39,458 - WARNING - Unexpected keys (first 12): ['style_spatial_id_16', 'style_enc.0.weight', 'style_enc.0.bias', 'style_enc.2.weight', 'style_enc.2.bias', 'style_enc.4.weight', 'style_enc.4.bias', 'style_proj.weight', 'style_proj.bias', 'style_emb.weight', 'enc_in.weight', 'enc_in.bias']
2026-02-15 09:04:39,459 - INFO - Resumed from ../no-edge/epoch_0300.pt at epoch=301 global_step=44400
2026-02-15 09:04:39,459 - INFO - Training completed.
[INFO] training finished normally at 2026-02-15 09:04:40
