2026-02-20 13:03:50,011 - WARNING - w_style=214.9849 looks high for Projected SWD loss. Recommended start range is [5, 20].
2026-02-20 13:03:50,011 - INFO - Active losses: w_style, w_moment, w_identity, w_structure
2026-02-20 13:03:50,035 - INFO - Device: cuda
2026-02-20 13:03:50,035 - INFO - Seed: 42
2026-02-20 13:03:50,035 - INFO - Loading latent dataset from ..\..\sdxl-256-overfit50
2026-02-20 13:03:50,041 - INFO -   style=photo id=0 count=10
2026-02-20 13:03:50,045 - INFO -   style=Hayao id=1 count=10
2026-02-20 13:03:50,048 - INFO -   style=monet id=2 count=10
2026-02-20 13:03:50,051 - INFO -   style=cezanne id=3 count=10
2026-02-20 13:03:50,055 - INFO -   style=vangogh id=4 count=10
2026-02-20 13:03:50,107 - INFO - Dataset preloaded to cuda: 0.00GB across 5 style pools.
2026-02-20 13:03:50,108 - INFO - DataLoader | batch=50 workers=0 pin_memory=False persistent_workers=False preload_to_gpu=True
2026-02-20 13:03:50,149 - INFO - Model params: 7,153,476
2026-02-20 13:03:50,151 - INFO - Adding NCE Projector params to optimizer: 4 tensors
2026-02-20 13:03:50,787 - INFO - No checkpoint found, start from scratch.
2026-02-20 13:03:53,464 - INFO - [Epoch 1 Step 10/1000] loss=7478.7840 style=33.2242 mom=0.5977 struct=3.9509 tv=0.0000 idt=0.0489 it/s=3.74 eta=264.8s
2026-02-20 13:03:55,095 - INFO - [Epoch 1 Step 20/1000] loss=7623.3579 style=33.8398 mom=0.6029 struct=3.9657 tv=0.0000 idt=0.0675 it/s=4.64 eta=211.0s
2026-02-20 13:03:56,726 - INFO - [Epoch 1 Step 30/1000] loss=7580.6279 style=33.5951 mom=0.6031 struct=3.9696 tv=0.0000 idt=0.0846 it/s=5.05 eta=192.0s
2026-02-20 13:03:58,356 - INFO - [Epoch 1 Step 40/1000] loss=7526.9855 style=33.3063 mom=0.6019 struct=3.9635 tv=0.0000 idt=0.1004 it/s=5.29 eta=181.6s
2026-02-20 13:03:59,990 - INFO - [Epoch 1 Step 50/1000] loss=7529.5836 style=33.2690 mom=0.6039 struct=3.9624 tv=0.0000 idt=0.1186 it/s=5.43 eta=174.8s
2026-02-20 13:04:01,622 - INFO - [Epoch 1 Step 60/1000] loss=7447.5516 style=32.8315 mom=0.6037 struct=3.9697 tv=0.0000 idt=0.1393 it/s=5.54 eta=169.7s
2026-02-20 13:04:03,252 - INFO - [Epoch 1 Step 70/1000] loss=7348.7291 style=32.3153 mom=0.6015 struct=3.9738 tv=0.0000 idt=0.1612 it/s=5.62 eta=165.6s
2026-02-20 13:04:04,882 - INFO - [Epoch 1 Step 80/1000] loss=7318.0726 style=32.0913 mom=0.6025 struct=3.9805 tv=0.0000 idt=0.1912 it/s=5.68 eta=162.1s
2026-02-20 13:04:06,512 - INFO - [Epoch 1 Step 90/1000] loss=7231.9332 style=31.6064 mom=0.6020 struct=3.9859 tv=0.0000 idt=0.2229 it/s=5.72 eta=159.0s
2026-02-20 13:04:08,145 - INFO - [Epoch 1 Step 100/1000] loss=7152.2336 style=31.1515 mom=0.6023 struct=3.9936 tv=0.0000 idt=0.2541 it/s=5.76 eta=156.2s
2026-02-20 13:04:09,776 - INFO - [Epoch 1 Step 110/1000] loss=7076.1616 style=30.7543 mom=0.6008 struct=4.0013 tv=0.0000 idt=0.2705 it/s=5.79 eta=153.6s
2026-02-20 13:04:11,408 - INFO - [Epoch 1 Step 120/1000] loss=6991.0997 style=30.3057 mom=0.6001 struct=4.0076 tv=0.0000 idt=0.2903 it/s=5.82 eta=151.2s
2026-02-20 13:04:13,041 - INFO - [Epoch 1 Step 130/1000] loss=6921.9519 style=29.9325 mom=0.5980 struct=4.0156 tv=0.0000 idt=0.3100 it/s=5.84 eta=148.9s
2026-02-20 13:04:14,671 - INFO - [Epoch 1 Step 140/1000] loss=6835.6910 style=29.4903 mom=0.5967 struct=4.0214 tv=0.0000 idt=0.3254 it/s=5.86 eta=146.7s
2026-02-20 13:04:16,302 - INFO - [Epoch 1 Step 150/1000] loss=6778.4409 style=29.1665 mom=0.5961 struct=4.0286 tv=0.0000 idt=0.3469 it/s=5.88 eta=144.6s
2026-02-20 13:04:17,929 - INFO - [Epoch 1 Step 160/1000] loss=6711.6711 style=28.8124 mom=0.5942 struct=4.0367 tv=0.0000 idt=0.3634 it/s=5.90 eta=142.5s
2026-02-20 13:04:19,559 - INFO - [Epoch 1 Step 170/1000] loss=6643.4543 style=28.4293 mom=0.5920 struct=4.0467 tv=0.0000 idt=0.3883 it/s=5.91 eta=140.5s
2026-02-20 13:04:21,191 - INFO - [Epoch 1 Step 180/1000] loss=6571.8782 style=28.0565 mom=0.5904 struct=4.0557 tv=0.0000 idt=0.4033 it/s=5.92 eta=138.5s
2026-02-20 13:04:22,830 - INFO - [Epoch 1 Step 190/1000] loss=6514.9913 style=27.7408 mom=0.5879 struct=4.0670 tv=0.0000 idt=0.4226 it/s=5.93 eta=136.6s
2026-02-20 13:04:24,458 - INFO - [Epoch 1 Step 200/1000] loss=6456.5212 style=27.4310 mom=0.5855 struct=4.0777 tv=0.0000 idt=0.4369 it/s=5.94 eta=134.7s
2026-02-20 13:04:26,090 - INFO - [Epoch 1 Step 210/1000] loss=6390.6658 style=27.0850 mom=0.5831 struct=4.0855 tv=0.0000 idt=0.4521 it/s=5.95 eta=132.8s
2026-02-20 13:04:27,732 - INFO - [Epoch 1 Step 220/1000] loss=6325.3826 style=26.7561 mom=0.5800 struct=4.0940 tv=0.0000 idt=0.4620 it/s=5.96 eta=131.0s
2026-02-20 13:04:29,365 - INFO - [Epoch 1 Step 230/1000] loss=6274.1954 style=26.4789 mom=0.5773 struct=4.1050 tv=0.0000 idt=0.4769 it/s=5.96 eta=129.1s
2026-02-20 13:04:30,998 - INFO - [Epoch 1 Step 240/1000] loss=6227.3547 style=26.2214 mom=0.5749 struct=4.1164 tv=0.0000 idt=0.4918 it/s=5.97 eta=127.3s
2026-02-20 13:04:32,626 - INFO - [Epoch 1 Step 250/1000] loss=6185.5599 style=25.9810 mom=0.5727 struct=4.1258 tv=0.0000 idt=0.5093 it/s=5.98 eta=125.5s
2026-02-20 13:04:34,257 - INFO - [Epoch 1 Step 260/1000] loss=6149.2396 style=25.7868 mom=0.5707 struct=4.1353 tv=0.0000 idt=0.5187 it/s=5.98 eta=123.7s
2026-02-20 13:04:35,896 - INFO - [Epoch 1 Step 270/1000] loss=6108.1239 style=25.5623 mom=0.5687 struct=4.1438 tv=0.0000 idt=0.5313 it/s=5.99 eta=122.0s
2026-02-20 13:04:37,526 - INFO - [Epoch 1 Step 280/1000] loss=6069.0794 style=25.3527 mom=0.5669 struct=4.1544 tv=0.0000 idt=0.5417 it/s=5.99 eta=120.2s
2026-02-20 13:04:39,155 - INFO - [Epoch 1 Step 290/1000] loss=6031.6502 style=25.1519 mom=0.5657 struct=4.1628 tv=0.0000 idt=0.5515 it/s=6.00 eta=118.4s
2026-02-20 13:04:40,785 - INFO - [Epoch 1 Step 300/1000] loss=5996.5384 style=24.9621 mom=0.5641 struct=4.1694 tv=0.0000 idt=0.5616 it/s=6.00 eta=116.7s
2026-02-20 13:04:42,413 - INFO - [Epoch 1 Step 310/1000] loss=5972.2687 style=24.8247 mom=0.5630 struct=4.1775 tv=0.0000 idt=0.5706 it/s=6.00 eta=114.9s
2026-02-20 13:04:44,047 - INFO - [Epoch 1 Step 320/1000] loss=5937.1585 style=24.6331 mom=0.5613 struct=4.1879 tv=0.0000 idt=0.5810 it/s=6.01 eta=113.2s
2026-02-20 13:04:45,676 - INFO - [Epoch 1 Step 330/1000] loss=5903.7392 style=24.4643 mom=0.5596 struct=4.1950 tv=0.0000 idt=0.5860 it/s=6.01 eta=111.4s
2026-02-20 13:04:47,305 - INFO - [Epoch 1 Step 340/1000] loss=5875.6110 style=24.3151 mom=0.5588 struct=4.2026 tv=0.0000 idt=0.5927 it/s=6.02 eta=109.7s
2026-02-20 13:04:48,936 - INFO - [Epoch 1 Step 350/1000] loss=5849.2247 style=24.1719 mom=0.5580 struct=4.2108 tv=0.0000 idt=0.6000 it/s=6.02 eta=108.0s
2026-02-20 13:04:50,564 - INFO - [Epoch 1 Step 360/1000] loss=5817.0983 style=24.0063 mom=0.5568 struct=4.2185 tv=0.0000 idt=0.6059 it/s=6.02 eta=106.3s
2026-02-20 13:04:52,194 - INFO - [Epoch 1 Step 370/1000] loss=5789.4925 style=23.8670 mom=0.5553 struct=4.2258 tv=0.0000 idt=0.6099 it/s=6.03 eta=104.6s
2026-02-20 13:04:53,821 - INFO - [Epoch 1 Step 380/1000] loss=5760.8428 style=23.7260 mom=0.5540 struct=4.2335 tv=0.0000 idt=0.6127 it/s=6.03 eta=102.8s
2026-02-20 13:04:55,451 - INFO - [Epoch 1 Step 390/1000] loss=5736.8054 style=23.5949 mom=0.5530 struct=4.2410 tv=0.0000 idt=0.6197 it/s=6.03 eta=101.1s
2026-02-20 13:04:57,078 - INFO - [Epoch 1 Step 400/1000] loss=5715.2575 style=23.4857 mom=0.5518 struct=4.2465 tv=0.0000 idt=0.6231 it/s=6.03 eta=99.4s
2026-02-20 13:04:58,708 - INFO - [Epoch 1 Step 410/1000] loss=5693.4515 style=23.3757 mom=0.5507 struct=4.2536 tv=0.0000 idt=0.6261 it/s=6.04 eta=97.7s
2026-02-20 13:05:00,342 - INFO - [Epoch 1 Step 420/1000] loss=5675.6341 style=23.2749 mom=0.5497 struct=4.2610 tv=0.0000 idt=0.6326 it/s=6.04 eta=96.0s
2026-02-20 13:05:01,973 - INFO - [Epoch 1 Step 430/1000] loss=5661.4939 style=23.2075 mom=0.5489 struct=4.2654 tv=0.0000 idt=0.6332 it/s=6.04 eta=94.4s
2026-02-20 13:05:03,619 - INFO - [Epoch 1 Step 440/1000] loss=5648.4151 style=23.1270 mom=0.5481 struct=4.2724 tv=0.0000 idt=0.6403 it/s=6.04 eta=92.7s
2026-02-20 13:05:05,260 - INFO - [Epoch 1 Step 450/1000] loss=5629.2266 style=23.0241 mom=0.5470 struct=4.2779 tv=0.0000 idt=0.6454 it/s=6.04 eta=91.0s
2026-02-20 13:05:06,892 - INFO - [Epoch 1 Step 460/1000] loss=5607.5404 style=22.9262 mom=0.5463 struct=4.2823 tv=0.0000 idt=0.6441 it/s=6.04 eta=89.3s
2026-02-20 13:05:08,520 - INFO - [Epoch 1 Step 470/1000] loss=5589.5611 style=22.8371 mom=0.5453 struct=4.2879 tv=0.0000 idt=0.6461 it/s=6.05 eta=87.7s
2026-02-20 13:05:10,150 - INFO - [Epoch 1 Step 480/1000] loss=5570.3495 style=22.7395 mom=0.5445 struct=4.2934 tv=0.0000 idt=0.6490 it/s=6.05 eta=86.0s
2026-02-20 13:05:11,780 - INFO - [Epoch 1 Step 490/1000] loss=5551.6318 style=22.6415 mom=0.5435 struct=4.2994 tv=0.0000 idt=0.6530 it/s=6.05 eta=84.3s
2026-02-20 13:05:13,408 - INFO - [Epoch 1 Step 500/1000] loss=5531.9524 style=22.5448 mom=0.5423 struct=4.3051 tv=0.0000 idt=0.6548 it/s=6.05 eta=82.6s
2026-02-20 13:05:15,040 - INFO - [Epoch 1 Step 510/1000] loss=5511.4218 style=22.4453 mom=0.5411 struct=4.3095 tv=0.0000 idt=0.6564 it/s=6.05 eta=80.9s
2026-02-20 13:05:16,672 - INFO - [Epoch 1 Step 520/1000] loss=5500.1372 style=22.3896 mom=0.5408 struct=4.3136 tv=0.0000 idt=0.6574 it/s=6.05 eta=79.3s
2026-02-20 13:05:18,299 - INFO - [Epoch 1 Step 530/1000] loss=5486.8875 style=22.3242 mom=0.5402 struct=4.3175 tv=0.0000 idt=0.6587 it/s=6.06 eta=77.6s
2026-02-20 13:05:19,931 - INFO - [Epoch 1 Step 540/1000] loss=5469.8779 style=22.2437 mom=0.5396 struct=4.3232 tv=0.0000 idt=0.6589 it/s=6.06 eta=75.9s
2026-02-20 13:05:21,563 - INFO - [Epoch 1 Step 550/1000] loss=5453.4870 style=22.1664 mom=0.5390 struct=4.3290 tv=0.0000 idt=0.6590 it/s=6.06 eta=74.3s
2026-02-20 13:05:23,191 - INFO - [Epoch 1 Step 560/1000] loss=5436.8368 style=22.0906 mom=0.5383 struct=4.3357 tv=0.0000 idt=0.6581 it/s=6.06 eta=72.6s
2026-02-20 13:05:24,822 - INFO - [Epoch 1 Step 570/1000] loss=5419.9175 style=22.0124 mom=0.5376 struct=4.3397 tv=0.0000 idt=0.6578 it/s=6.06 eta=70.9s
2026-02-20 13:05:26,451 - INFO - [Epoch 1 Step 580/1000] loss=5404.1069 style=21.9374 mom=0.5368 struct=4.3441 tv=0.0000 idt=0.6583 it/s=6.06 eta=69.3s
2026-02-20 13:05:28,083 - INFO - [Epoch 1 Step 590/1000] loss=5387.9186 style=21.8671 mom=0.5361 struct=4.3474 tv=0.0000 idt=0.6563 it/s=6.06 eta=67.6s
2026-02-20 13:05:29,711 - INFO - [Epoch 1 Step 600/1000] loss=5374.1128 style=21.8001 mom=0.5353 struct=4.3518 tv=0.0000 idt=0.6573 it/s=6.07 eta=65.9s
2026-02-20 13:05:31,351 - INFO - [Epoch 1 Step 610/1000] loss=5359.3502 style=21.7347 mom=0.5348 struct=4.3566 tv=0.0000 idt=0.6558 it/s=6.07 eta=64.3s
2026-02-20 13:05:32,978 - INFO - [Epoch 1 Step 620/1000] loss=5344.8081 style=21.6689 mom=0.5339 struct=4.3622 tv=0.0000 idt=0.6549 it/s=6.07 eta=62.6s
2026-02-20 13:05:34,629 - INFO - [Epoch 1 Step 630/1000] loss=5332.3994 style=21.6167 mom=0.5336 struct=4.3661 tv=0.0000 idt=0.6526 it/s=6.07 eta=61.0s
2026-02-20 13:05:36,259 - INFO - [Epoch 1 Step 640/1000] loss=5316.3669 style=21.5438 mom=0.5328 struct=4.3700 tv=0.0000 idt=0.6519 it/s=6.07 eta=59.3s
2026-02-20 13:05:37,901 - INFO - [Epoch 1 Step 650/1000] loss=5301.8444 style=21.4811 mom=0.5321 struct=4.3732 tv=0.0000 idt=0.6500 it/s=6.07 eta=57.7s
2026-02-20 13:05:39,531 - INFO - [Epoch 1 Step 660/1000] loss=5286.1936 style=21.4118 mom=0.5313 struct=4.3771 tv=0.0000 idt=0.6487 it/s=6.07 eta=56.0s
2026-02-20 13:05:41,161 - INFO - [Epoch 1 Step 670/1000] loss=5274.6168 style=21.3566 mom=0.5309 struct=4.3819 tv=0.0000 idt=0.6489 it/s=6.07 eta=54.4s
2026-02-20 13:05:42,793 - INFO - [Epoch 1 Step 680/1000] loss=5264.2425 style=21.3102 mom=0.5305 struct=4.3846 tv=0.0000 idt=0.6481 it/s=6.07 eta=52.7s
2026-02-20 13:05:44,427 - INFO - [Epoch 1 Step 690/1000] loss=5250.7242 style=21.2493 mom=0.5298 struct=4.3875 tv=0.0000 idt=0.6473 it/s=6.07 eta=51.1s
2026-02-20 13:05:46,059 - INFO - [Epoch 1 Step 700/1000] loss=5236.8308 style=21.1889 mom=0.5290 struct=4.3897 tv=0.0000 idt=0.6458 it/s=6.07 eta=49.4s
2026-02-20 13:05:47,690 - INFO - [Epoch 1 Step 710/1000] loss=5227.2440 style=21.1445 mom=0.5287 struct=4.3944 tv=0.0000 idt=0.6454 it/s=6.07 eta=47.7s
2026-02-20 13:05:49,315 - INFO - [Epoch 1 Step 720/1000] loss=5211.0018 style=21.0743 mom=0.5282 struct=4.3975 tv=0.0000 idt=0.6433 it/s=6.07 eta=46.1s
2026-02-20 13:05:50,946 - INFO - [Epoch 1 Step 730/1000] loss=5199.3713 style=21.0257 mom=0.5276 struct=4.3995 tv=0.0000 idt=0.6412 it/s=6.08 eta=44.4s
2026-02-20 13:05:52,576 - INFO - [Epoch 1 Step 740/1000] loss=5189.9206 style=20.9833 mom=0.5271 struct=4.4028 tv=0.0000 idt=0.6406 it/s=6.08 eta=42.8s
2026-02-20 13:05:54,205 - INFO - [Epoch 1 Step 750/1000] loss=5177.3565 style=20.9315 mom=0.5264 struct=4.4064 tv=0.0000 idt=0.6380 it/s=6.08 eta=41.1s
2026-02-20 13:05:55,837 - INFO - [Epoch 1 Step 760/1000] loss=5168.4768 style=20.8926 mom=0.5260 struct=4.4102 tv=0.0000 idt=0.6368 it/s=6.08 eta=39.5s
2026-02-20 13:05:57,466 - INFO - [Epoch 1 Step 770/1000] loss=5156.8230 style=20.8430 mom=0.5254 struct=4.4129 tv=0.0000 idt=0.6351 it/s=6.08 eta=37.8s
2026-02-20 13:05:59,101 - INFO - [Epoch 1 Step 780/1000] loss=5145.2432 style=20.7950 mom=0.5248 struct=4.4158 tv=0.0000 idt=0.6328 it/s=6.08 eta=36.2s
2026-02-20 13:06:00,740 - INFO - [Epoch 1 Step 790/1000] loss=5133.9898 style=20.7496 mom=0.5241 struct=4.4194 tv=0.0000 idt=0.6301 it/s=6.08 eta=34.5s
2026-02-20 13:06:02,374 - INFO - [Epoch 1 Step 800/1000] loss=5123.3466 style=20.7020 mom=0.5237 struct=4.4226 tv=0.0000 idt=0.6293 it/s=6.08 eta=32.9s
2026-02-20 13:06:04,002 - INFO - [Epoch 1 Step 810/1000] loss=5112.9320 style=20.6570 mom=0.5231 struct=4.4257 tv=0.0000 idt=0.6279 it/s=6.08 eta=31.2s
2026-02-20 13:06:05,630 - INFO - [Epoch 1 Step 820/1000] loss=5103.6332 style=20.6161 mom=0.5226 struct=4.4285 tv=0.0000 idt=0.6269 it/s=6.08 eta=29.6s
2026-02-20 13:06:07,257 - INFO - [Epoch 1 Step 830/1000] loss=5093.8057 style=20.5751 mom=0.5222 struct=4.4314 tv=0.0000 idt=0.6250 it/s=6.08 eta=28.0s
2026-02-20 13:06:08,905 - INFO - [Epoch 1 Step 840/1000] loss=5083.2644 style=20.5322 mom=0.5217 struct=4.4340 tv=0.0000 idt=0.6226 it/s=6.08 eta=26.3s
2026-02-20 13:06:10,553 - INFO - [Epoch 1 Step 850/1000] loss=5073.1310 style=20.4918 mom=0.5213 struct=4.4375 tv=0.0000 idt=0.6199 it/s=6.08 eta=24.7s
2026-02-20 13:06:12,186 - INFO - [Epoch 1 Step 860/1000] loss=5062.7925 style=20.4510 mom=0.5210 struct=4.4407 tv=0.0000 idt=0.6170 it/s=6.08 eta=23.0s
2026-02-20 13:06:13,817 - INFO - [Epoch 1 Step 870/1000] loss=5054.7072 style=20.4193 mom=0.5208 struct=4.4437 tv=0.0000 idt=0.6145 it/s=6.08 eta=21.4s
2026-02-20 13:06:15,448 - INFO - [Epoch 1 Step 880/1000] loss=5045.9487 style=20.3843 mom=0.5204 struct=4.4472 tv=0.0000 idt=0.6122 it/s=6.08 eta=19.7s
2026-02-20 13:06:17,085 - INFO - [Epoch 1 Step 890/1000] loss=5034.5568 style=20.3353 mom=0.5198 struct=4.4492 tv=0.0000 idt=0.6107 it/s=6.08 eta=18.1s
2026-02-20 13:06:18,713 - INFO - [Epoch 1 Step 900/1000] loss=5025.6197 style=20.2958 mom=0.5194 struct=4.4523 tv=0.0000 idt=0.6098 it/s=6.08 eta=16.4s
2026-02-20 13:06:20,342 - INFO - [Epoch 1 Step 910/1000] loss=5016.6403 style=20.2582 mom=0.5189 struct=4.4542 tv=0.0000 idt=0.6082 it/s=6.08 eta=14.8s
2026-02-20 13:06:21,969 - INFO - [Epoch 1 Step 920/1000] loss=5009.5169 style=20.2313 mom=0.5185 struct=4.4567 tv=0.0000 idt=0.6058 it/s=6.09 eta=13.1s
2026-02-20 13:06:23,597 - INFO - [Epoch 1 Step 930/1000] loss=5000.4163 style=20.1966 mom=0.5183 struct=4.4589 tv=0.0000 idt=0.6027 it/s=6.09 eta=11.5s
2026-02-20 13:06:25,229 - INFO - [Epoch 1 Step 940/1000] loss=4992.3695 style=20.1635 mom=0.5179 struct=4.4620 tv=0.0000 idt=0.6010 it/s=6.09 eta=9.9s
2026-02-20 13:06:26,860 - INFO - [Epoch 1 Step 950/1000] loss=4984.1502 style=20.1319 mom=0.5176 struct=4.4642 tv=0.0000 idt=0.5984 it/s=6.09 eta=8.2s
2026-02-20 13:06:28,493 - INFO - [Epoch 1 Step 960/1000] loss=4975.8674 style=20.1015 mom=0.5173 struct=4.4662 tv=0.0000 idt=0.5952 it/s=6.09 eta=6.6s
2026-02-20 13:06:30,124 - INFO - [Epoch 1 Step 970/1000] loss=4969.2659 style=20.0736 mom=0.5170 struct=4.4689 tv=0.0000 idt=0.5940 it/s=6.09 eta=4.9s
2026-02-20 13:06:31,750 - INFO - [Epoch 1 Step 980/1000] loss=4963.7709 style=20.0517 mom=0.5166 struct=4.4717 tv=0.0000 idt=0.5925 it/s=6.09 eta=3.3s
2026-02-20 13:06:33,378 - INFO - [Epoch 1 Step 990/1000] loss=4957.8142 style=20.0301 mom=0.5164 struct=4.4747 tv=0.0000 idt=0.5900 it/s=6.09 eta=1.6s
2026-02-20 13:06:35,010 - INFO - [Epoch 1 Step 1000/1000] loss=4948.4497 style=19.9909 mom=0.5160 struct=4.4777 tv=0.0000 idt=0.5882 it/s=6.09 eta=0.0s
2026-02-20 13:06:35,012 - INFO - Epoch 1/1 | loss=4948.4497 style_swd=19.9909 mom=0.5160 struct=4.4777 tv=0.0000 idt=0.5882 steps=1.0 h=1.00 s=1.00 lr=5.00e-04 data=1.2s comp=163.0s
2026-02-20 13:06:35,091 - INFO - Saved checkpoint: G:\GitHub\Latent_Style\Cycle-NCE\ssim-optun-nce\trial_0226\epoch_0001.pt (step=1000)
2026-02-20 13:06:35,092 - INFO - Running full eval for epoch 1 -> G:\GitHub\Latent_Style\Cycle-NCE\ssim-optun-nce\trial_0226\full_eval\epoch_0001
2026-02-20 13:07:28,013 - INFO - Full eval completed for epoch 1. Log: G:\GitHub\Latent_Style\Cycle-NCE\ssim-optun-nce\trial_0226\logs\full_eval_epoch_0001.log
2026-02-20 13:07:28,013 - INFO - Training completed.
