2026-02-20 13:51:39,062 - WARNING - w_style=138.6410 looks high for Projected SWD loss. Recommended start range is [5, 20].
2026-02-20 13:51:39,062 - INFO - Active losses: w_style, w_moment, w_identity, w_structure
2026-02-20 13:51:39,086 - INFO - Device: cuda
2026-02-20 13:51:39,086 - INFO - Seed: 42
2026-02-20 13:51:39,086 - INFO - Loading latent dataset from ..\..\sdxl-256-overfit50
2026-02-20 13:51:39,092 - INFO -   style=photo id=0 count=10
2026-02-20 13:51:39,095 - INFO -   style=Hayao id=1 count=10
2026-02-20 13:51:39,099 - INFO -   style=monet id=2 count=10
2026-02-20 13:51:39,102 - INFO -   style=cezanne id=3 count=10
2026-02-20 13:51:39,105 - INFO -   style=vangogh id=4 count=10
2026-02-20 13:51:39,178 - INFO - Dataset preloaded to cuda: 0.00GB across 5 style pools.
2026-02-20 13:51:39,179 - INFO - DataLoader | batch=50 workers=0 pin_memory=False persistent_workers=False preload_to_gpu=True
2026-02-20 13:51:39,222 - INFO - Model params: 7,153,476
2026-02-20 13:51:39,224 - INFO - Adding NCE Projector params to optimizer: 4 tensors
2026-02-20 13:51:39,862 - INFO - No checkpoint found, start from scratch.
2026-02-20 13:51:42,518 - INFO - [Epoch 1 Step 10/1000] loss=4916.3385 style=33.2230 mom=0.5975 struct=3.9509 tv=0.0000 idt=0.0409 it/s=3.77 eta=262.8s
2026-02-20 13:51:44,152 - INFO - [Epoch 1 Step 20/1000] loss=5015.9041 style=33.8573 mom=0.6026 struct=3.9644 tv=0.0000 idt=0.0593 it/s=4.66 eta=210.2s
2026-02-20 13:51:45,792 - INFO - [Epoch 1 Step 30/1000] loss=4994.2921 style=33.6449 mom=0.6026 struct=3.9670 tv=0.0000 idt=0.0735 it/s=5.06 eta=191.7s
2026-02-20 13:51:47,433 - INFO - [Epoch 1 Step 40/1000] loss=4964.7002 style=33.3846 mom=0.6012 struct=3.9595 tv=0.0000 idt=0.0864 it/s=5.28 eta=181.7s
2026-02-20 13:51:49,088 - INFO - [Epoch 1 Step 50/1000] loss=4968.5032 style=33.3561 mom=0.6024 struct=3.9556 tv=0.0000 idt=0.1005 it/s=5.42 eta=175.3s
2026-02-20 13:51:50,724 - INFO - [Epoch 1 Step 60/1000] loss=4915.5252 style=32.9031 mom=0.6016 struct=3.9604 tv=0.0000 idt=0.1185 it/s=5.52 eta=170.2s
2026-02-20 13:51:52,359 - INFO - [Epoch 1 Step 70/1000] loss=4853.3677 style=32.3893 mom=0.5990 struct=3.9617 tv=0.0000 idt=0.1360 it/s=5.60 eta=166.0s
2026-02-20 13:51:53,995 - INFO - [Epoch 1 Step 80/1000] loss=4839.9414 style=32.2032 mom=0.5998 struct=3.9661 tv=0.0000 idt=0.1581 it/s=5.66 eta=162.5s
2026-02-20 13:51:55,629 - INFO - [Epoch 1 Step 90/1000] loss=4790.3199 style=31.7582 mom=0.5990 struct=3.9695 tv=0.0000 idt=0.1802 it/s=5.71 eta=159.4s
2026-02-20 13:51:57,259 - INFO - [Epoch 1 Step 100/1000] loss=4747.1215 style=31.3751 mom=0.5989 struct=3.9740 tv=0.0000 idt=0.1981 it/s=5.75 eta=156.6s
2026-02-20 13:51:58,897 - INFO - [Epoch 1 Step 110/1000] loss=4701.2131 style=31.0064 mom=0.5975 struct=3.9799 tv=0.0000 idt=0.2077 it/s=5.78 eta=154.0s
2026-02-20 13:52:00,530 - INFO - [Epoch 1 Step 120/1000] loss=4643.8469 style=30.5577 mom=0.5966 struct=3.9861 tv=0.0000 idt=0.2165 it/s=5.81 eta=151.6s
2026-02-20 13:52:02,163 - INFO - [Epoch 1 Step 130/1000] loss=4600.9046 style=30.2235 mom=0.5943 struct=3.9935 tv=0.0000 idt=0.2229 it/s=5.83 eta=149.2s
2026-02-20 13:52:03,796 - INFO - [Epoch 1 Step 140/1000] loss=4546.3451 style=29.8159 mom=0.5936 struct=3.9997 tv=0.0000 idt=0.2263 it/s=5.85 eta=147.0s
2026-02-20 13:52:05,444 - INFO - [Epoch 1 Step 150/1000] loss=4512.9461 style=29.5343 mom=0.5936 struct=4.0072 tv=0.0000 idt=0.2360 it/s=5.86 eta=145.0s
2026-02-20 13:52:07,074 - INFO - [Epoch 1 Step 160/1000] loss=4471.6694 style=29.2130 mom=0.5927 struct=4.0162 tv=0.0000 idt=0.2417 it/s=5.88 eta=142.9s
2026-02-20 13:52:08,710 - INFO - [Epoch 1 Step 170/1000] loss=4428.1577 style=28.8551 mom=0.5912 struct=4.0262 tv=0.0000 idt=0.2526 it/s=5.89 eta=140.8s
2026-02-20 13:52:10,344 - INFO - [Epoch 1 Step 180/1000] loss=4385.5196 style=28.5245 mom=0.5904 struct=4.0342 tv=0.0000 idt=0.2582 it/s=5.91 eta=138.9s
2026-02-20 13:52:11,976 - INFO - [Epoch 1 Step 190/1000] loss=4351.6831 style=28.2472 mom=0.5885 struct=4.0440 tv=0.0000 idt=0.2666 it/s=5.92 eta=136.9s
2026-02-20 13:52:13,610 - INFO - [Epoch 1 Step 200/1000] loss=4315.5902 style=27.9713 mom=0.5867 struct=4.0531 tv=0.0000 idt=0.2705 it/s=5.93 eta=135.0s
2026-02-20 13:52:15,245 - INFO - [Epoch 1 Step 210/1000] loss=4277.1179 style=27.6718 mom=0.5851 struct=4.0592 tv=0.0000 idt=0.2762 it/s=5.94 eta=133.1s
2026-02-20 13:52:16,880 - INFO - [Epoch 1 Step 220/1000] loss=4239.1216 style=27.3788 mom=0.5829 struct=4.0655 tv=0.0000 idt=0.2813 it/s=5.94 eta=131.2s
2026-02-20 13:52:18,513 - INFO - [Epoch 1 Step 230/1000] loss=4209.7135 style=27.1541 mom=0.5813 struct=4.0732 tv=0.0000 idt=0.2845 it/s=5.95 eta=129.4s
2026-02-20 13:52:20,149 - INFO - [Epoch 1 Step 240/1000] loss=4183.7698 style=26.9455 mom=0.5797 struct=4.0817 tv=0.0000 idt=0.2899 it/s=5.96 eta=127.6s
2026-02-20 13:52:21,786 - INFO - [Epoch 1 Step 250/1000] loss=4159.2469 style=26.7436 mom=0.5780 struct=4.0893 tv=0.0000 idt=0.2962 it/s=5.96 eta=125.8s
2026-02-20 13:52:23,418 - INFO - [Epoch 1 Step 260/1000] loss=4138.2408 style=26.5795 mom=0.5768 struct=4.0974 tv=0.0000 idt=0.2993 it/s=5.97 eta=124.0s
2026-02-20 13:52:25,055 - INFO - [Epoch 1 Step 270/1000] loss=4115.1823 style=26.3856 mom=0.5754 struct=4.1043 tv=0.0000 idt=0.3062 it/s=5.97 eta=122.2s
2026-02-20 13:52:26,697 - INFO - [Epoch 1 Step 280/1000] loss=4091.3699 style=26.1996 mom=0.5741 struct=4.1114 tv=0.0000 idt=0.3098 it/s=5.98 eta=120.4s
2026-02-20 13:52:28,328 - INFO - [Epoch 1 Step 290/1000] loss=4068.9341 style=26.0266 mom=0.5731 struct=4.1187 tv=0.0000 idt=0.3124 it/s=5.98 eta=118.7s
2026-02-20 13:52:29,969 - INFO - [Epoch 1 Step 300/1000] loss=4048.2989 style=25.8623 mom=0.5719 struct=4.1236 tv=0.0000 idt=0.3164 it/s=5.99 eta=116.9s
2026-02-20 13:52:31,609 - INFO - [Epoch 1 Step 310/1000] loss=4033.6859 style=25.7440 mom=0.5710 struct=4.1301 tv=0.0000 idt=0.3195 it/s=5.99 eta=115.2s
2026-02-20 13:52:33,245 - INFO - [Epoch 1 Step 320/1000] loss=4010.7754 style=25.5628 mom=0.5697 struct=4.1387 tv=0.0000 idt=0.3234 it/s=5.99 eta=113.4s
2026-02-20 13:52:34,885 - INFO - [Epoch 1 Step 330/1000] loss=3989.0483 style=25.4013 mom=0.5683 struct=4.1453 tv=0.0000 idt=0.3246 it/s=6.00 eta=111.7s
2026-02-20 13:52:36,532 - INFO - [Epoch 1 Step 340/1000] loss=3971.2634 style=25.2602 mom=0.5675 struct=4.1535 tv=0.0000 idt=0.3275 it/s=6.00 eta=110.0s
2026-02-20 13:52:38,164 - INFO - [Epoch 1 Step 350/1000] loss=3956.5389 style=25.1441 mom=0.5670 struct=4.1609 tv=0.0000 idt=0.3296 it/s=6.00 eta=108.3s
2026-02-20 13:52:39,799 - INFO - [Epoch 1 Step 360/1000] loss=3936.4496 style=24.9802 mom=0.5659 struct=4.1688 tv=0.0000 idt=0.3342 it/s=6.01 eta=106.6s
2026-02-20 13:52:41,434 - INFO - [Epoch 1 Step 370/1000] loss=3920.4644 style=24.8584 mom=0.5646 struct=4.1749 tv=0.0000 idt=0.3359 it/s=6.01 eta=104.8s
2026-02-20 13:52:43,067 - INFO - [Epoch 1 Step 380/1000] loss=3901.7679 style=24.7225 mom=0.5634 struct=4.1825 tv=0.0000 idt=0.3360 it/s=6.01 eta=103.1s
2026-02-20 13:52:44,701 - INFO - [Epoch 1 Step 390/1000] loss=3886.2995 style=24.6040 mom=0.5625 struct=4.1894 tv=0.0000 idt=0.3375 it/s=6.01 eta=101.4s
2026-02-20 13:52:46,335 - INFO - [Epoch 1 Step 400/1000] loss=3874.5117 style=24.5110 mom=0.5616 struct=4.1953 tv=0.0000 idt=0.3394 it/s=6.02 eta=99.7s
2026-02-20 13:52:47,968 - INFO - [Epoch 1 Step 410/1000] loss=3859.9049 style=24.4021 mom=0.5606 struct=4.2024 tv=0.0000 idt=0.3401 it/s=6.02 eta=98.0s
2026-02-20 13:52:49,599 - INFO - [Epoch 1 Step 420/1000] loss=3847.4068 style=24.3032 mom=0.5596 struct=4.2093 tv=0.0000 idt=0.3422 it/s=6.02 eta=96.3s
2026-02-20 13:52:51,233 - INFO - [Epoch 1 Step 430/1000] loss=3837.6794 style=24.2329 mom=0.5589 struct=4.2144 tv=0.0000 idt=0.3421 it/s=6.03 eta=94.6s
2026-02-20 13:52:52,870 - INFO - [Epoch 1 Step 440/1000] loss=3828.9295 style=24.1567 mom=0.5581 struct=4.2212 tv=0.0000 idt=0.3452 it/s=6.03 eta=92.9s
2026-02-20 13:52:54,501 - INFO - [Epoch 1 Step 450/1000] loss=3816.2390 style=24.0607 mom=0.5572 struct=4.2272 tv=0.0000 idt=0.3462 it/s=6.03 eta=91.2s
2026-02-20 13:52:56,137 - INFO - [Epoch 1 Step 460/1000] loss=3801.4559 style=23.9620 mom=0.5565 struct=4.2327 tv=0.0000 idt=0.3440 it/s=6.03 eta=89.5s
2026-02-20 13:52:57,777 - INFO - [Epoch 1 Step 470/1000] loss=3789.1428 style=23.8742 mom=0.5556 struct=4.2366 tv=0.0000 idt=0.3437 it/s=6.03 eta=87.9s
2026-02-20 13:52:59,411 - INFO - [Epoch 1 Step 480/1000] loss=3775.7974 style=23.7738 mom=0.5548 struct=4.2431 tv=0.0000 idt=0.3446 it/s=6.03 eta=86.2s
2026-02-20 13:53:01,047 - INFO - [Epoch 1 Step 490/1000] loss=3763.2457 style=23.6784 mom=0.5538 struct=4.2494 tv=0.0000 idt=0.3457 it/s=6.04 eta=84.5s
2026-02-20 13:53:02,684 - INFO - [Epoch 1 Step 500/1000] loss=3750.7719 style=23.5883 mom=0.5528 struct=4.2561 tv=0.0000 idt=0.3456 it/s=6.04 eta=82.8s
2026-02-20 13:53:04,317 - INFO - [Epoch 1 Step 510/1000] loss=3737.7893 style=23.4955 mom=0.5517 struct=4.2612 tv=0.0000 idt=0.3454 it/s=6.04 eta=81.1s
2026-02-20 13:53:05,952 - INFO - [Epoch 1 Step 520/1000] loss=3730.2597 style=23.4422 mom=0.5515 struct=4.2662 tv=0.0000 idt=0.3448 it/s=6.04 eta=79.5s
2026-02-20 13:53:07,588 - INFO - [Epoch 1 Step 530/1000] loss=3722.0471 style=23.3836 mom=0.5510 struct=4.2697 tv=0.0000 idt=0.3445 it/s=6.04 eta=77.8s
2026-02-20 13:53:09,245 - INFO - [Epoch 1 Step 540/1000] loss=3711.3064 style=23.3065 mom=0.5505 struct=4.2761 tv=0.0000 idt=0.3441 it/s=6.04 eta=76.1s
2026-02-20 13:53:10,880 - INFO - [Epoch 1 Step 550/1000] loss=3700.8111 style=23.2346 mom=0.5501 struct=4.2812 tv=0.0000 idt=0.3429 it/s=6.04 eta=74.5s
2026-02-20 13:53:12,514 - INFO - [Epoch 1 Step 560/1000] loss=3689.7272 style=23.1569 mom=0.5494 struct=4.2875 tv=0.0000 idt=0.3421 it/s=6.04 eta=72.8s
2026-02-20 13:53:14,164 - INFO - [Epoch 1 Step 570/1000] loss=3679.0479 style=23.0820 mom=0.5487 struct=4.2917 tv=0.0000 idt=0.3415 it/s=6.04 eta=71.1s
2026-02-20 13:53:15,842 - INFO - [Epoch 1 Step 580/1000] loss=3668.0952 style=23.0082 mom=0.5479 struct=4.2960 tv=0.0000 idt=0.3401 it/s=6.04 eta=69.5s
2026-02-20 13:53:17,490 - INFO - [Epoch 1 Step 590/1000] loss=3657.0352 style=22.9370 mom=0.5472 struct=4.2991 tv=0.0000 idt=0.3380 it/s=6.04 eta=67.8s
2026-02-20 13:53:19,129 - INFO - [Epoch 1 Step 600/1000] loss=3648.6616 style=22.8772 mom=0.5463 struct=4.3030 tv=0.0000 idt=0.3378 it/s=6.04 eta=66.2s
2026-02-20 13:53:20,768 - INFO - [Epoch 1 Step 610/1000] loss=3639.4541 style=22.8140 mom=0.5458 struct=4.3081 tv=0.0000 idt=0.3368 it/s=6.05 eta=64.5s
2026-02-20 13:53:22,400 - INFO - [Epoch 1 Step 620/1000] loss=3629.7893 style=22.7497 mom=0.5449 struct=4.3129 tv=0.0000 idt=0.3353 it/s=6.05 eta=62.8s
2026-02-20 13:53:24,033 - INFO - [Epoch 1 Step 630/1000] loss=3621.9196 style=22.6970 mom=0.5446 struct=4.3177 tv=0.0000 idt=0.3340 it/s=6.05 eta=61.2s
2026-02-20 13:53:25,670 - INFO - [Epoch 1 Step 640/1000] loss=3611.2291 style=22.6251 mom=0.5438 struct=4.3212 tv=0.0000 idt=0.3327 it/s=6.05 eta=59.5s
2026-02-20 13:53:27,303 - INFO - [Epoch 1 Step 650/1000] loss=3601.6014 style=22.5629 mom=0.5430 struct=4.3250 tv=0.0000 idt=0.3309 it/s=6.05 eta=57.9s
2026-02-20 13:53:28,942 - INFO - [Epoch 1 Step 660/1000] loss=3591.1583 style=22.4924 mom=0.5424 struct=4.3285 tv=0.0000 idt=0.3296 it/s=6.05 eta=56.2s
2026-02-20 13:53:30,584 - INFO - [Epoch 1 Step 670/1000] loss=3582.8654 style=22.4334 mom=0.5418 struct=4.3332 tv=0.0000 idt=0.3292 it/s=6.05 eta=54.5s
2026-02-20 13:53:32,218 - INFO - [Epoch 1 Step 680/1000] loss=3575.6579 style=22.3850 mom=0.5414 struct=4.3366 tv=0.0000 idt=0.3282 it/s=6.05 eta=52.9s
2026-02-20 13:53:33,855 - INFO - [Epoch 1 Step 690/1000] loss=3567.2738 style=22.3271 mom=0.5408 struct=4.3387 tv=0.0000 idt=0.3276 it/s=6.05 eta=51.2s
2026-02-20 13:53:35,494 - INFO - [Epoch 1 Step 700/1000] loss=3557.9608 style=22.2640 mom=0.5399 struct=4.3418 tv=0.0000 idt=0.3267 it/s=6.05 eta=49.6s
2026-02-20 13:53:37,125 - INFO - [Epoch 1 Step 710/1000] loss=3550.9150 style=22.2148 mom=0.5394 struct=4.3469 tv=0.0000 idt=0.3261 it/s=6.05 eta=47.9s
2026-02-20 13:53:38,762 - INFO - [Epoch 1 Step 720/1000] loss=3539.9611 style=22.1412 mom=0.5389 struct=4.3506 tv=0.0000 idt=0.3246 it/s=6.06 eta=46.2s
2026-02-20 13:53:40,397 - INFO - [Epoch 1 Step 730/1000] loss=3531.7012 style=22.0883 mom=0.5383 struct=4.3533 tv=0.0000 idt=0.3229 it/s=6.06 eta=44.6s
2026-02-20 13:53:42,032 - INFO - [Epoch 1 Step 740/1000] loss=3525.1721 style=22.0416 mom=0.5377 struct=4.3573 tv=0.0000 idt=0.3227 it/s=6.06 eta=42.9s
2026-02-20 13:53:43,690 - INFO - [Epoch 1 Step 750/1000] loss=3516.5098 style=21.9869 mom=0.5371 struct=4.3606 tv=0.0000 idt=0.3207 it/s=6.06 eta=41.3s
2026-02-20 13:53:45,327 - INFO - [Epoch 1 Step 760/1000] loss=3510.7087 style=21.9472 mom=0.5366 struct=4.3646 tv=0.0000 idt=0.3200 it/s=6.06 eta=39.6s
2026-02-20 13:53:46,958 - INFO - [Epoch 1 Step 770/1000] loss=3502.4648 style=21.8929 mom=0.5358 struct=4.3679 tv=0.0000 idt=0.3187 it/s=6.06 eta=38.0s
2026-02-20 13:53:48,597 - INFO - [Epoch 1 Step 780/1000] loss=3494.0983 style=21.8404 mom=0.5352 struct=4.3709 tv=0.0000 idt=0.3167 it/s=6.06 eta=36.3s
2026-02-20 13:53:50,234 - INFO - [Epoch 1 Step 790/1000] loss=3486.2576 style=21.7903 mom=0.5345 struct=4.3746 tv=0.0000 idt=0.3150 it/s=6.06 eta=34.7s
2026-02-20 13:53:51,874 - INFO - [Epoch 1 Step 800/1000] loss=3479.2126 style=21.7436 mom=0.5340 struct=4.3782 tv=0.0000 idt=0.3139 it/s=6.06 eta=33.0s
2026-02-20 13:53:53,511 - INFO - [Epoch 1 Step 810/1000] loss=3472.2677 style=21.6962 mom=0.5334 struct=4.3814 tv=0.0000 idt=0.3131 it/s=6.06 eta=31.3s
2026-02-20 13:53:55,150 - INFO - [Epoch 1 Step 820/1000] loss=3465.5816 style=21.6488 mom=0.5330 struct=4.3843 tv=0.0000 idt=0.3129 it/s=6.06 eta=29.7s
2026-02-20 13:53:56,799 - INFO - [Epoch 1 Step 830/1000] loss=3458.8443 style=21.6064 mom=0.5325 struct=4.3882 tv=0.0000 idt=0.3112 it/s=6.06 eta=28.0s
2026-02-20 13:53:58,436 - INFO - [Epoch 1 Step 840/1000] loss=3451.5739 style=21.5577 mom=0.5319 struct=4.3917 tv=0.0000 idt=0.3102 it/s=6.06 eta=26.4s
2026-02-20 13:54:00,073 - INFO - [Epoch 1 Step 850/1000] loss=3443.8831 style=21.5087 mom=0.5313 struct=4.3962 tv=0.0000 idt=0.3084 it/s=6.06 eta=24.7s
2026-02-20 13:54:01,709 - INFO - [Epoch 1 Step 860/1000] loss=3436.4453 style=21.4622 mom=0.5309 struct=4.3997 tv=0.0000 idt=0.3064 it/s=6.06 eta=23.1s
2026-02-20 13:54:03,344 - INFO - [Epoch 1 Step 870/1000] loss=3430.8609 style=21.4276 mom=0.5307 struct=4.4026 tv=0.0000 idt=0.3048 it/s=6.06 eta=21.4s
2026-02-20 13:54:04,991 - INFO - [Epoch 1 Step 880/1000] loss=3424.3155 style=21.3859 mom=0.5302 struct=4.4067 tv=0.0000 idt=0.3033 it/s=6.06 eta=19.8s
2026-02-20 13:54:06,622 - INFO - [Epoch 1 Step 890/1000] loss=3416.7162 style=21.3353 mom=0.5297 struct=4.4092 tv=0.0000 idt=0.3022 it/s=6.06 eta=18.1s
2026-02-20 13:54:08,260 - INFO - [Epoch 1 Step 900/1000] loss=3409.9194 style=21.2929 mom=0.5291 struct=4.4124 tv=0.0000 idt=0.3005 it/s=6.06 eta=16.5s
2026-02-20 13:54:09,930 - INFO - [Epoch 1 Step 910/1000] loss=3403.6615 style=21.2509 mom=0.5285 struct=4.4146 tv=0.0000 idt=0.2997 it/s=6.06 eta=14.8s
2026-02-20 13:54:11,565 - INFO - [Epoch 1 Step 920/1000] loss=3398.2113 style=21.2173 mom=0.5281 struct=4.4177 tv=0.0000 idt=0.2982 it/s=6.06 eta=13.2s
2026-02-20 13:54:13,202 - INFO - [Epoch 1 Step 930/1000] loss=3391.6693 style=21.1763 mom=0.5277 struct=4.4205 tv=0.0000 idt=0.2966 it/s=6.06 eta=11.5s
2026-02-20 13:54:14,834 - INFO - [Epoch 1 Step 940/1000] loss=3385.9694 style=21.1399 mom=0.5273 struct=4.4242 tv=0.0000 idt=0.2952 it/s=6.07 eta=9.9s
2026-02-20 13:54:16,469 - INFO - [Epoch 1 Step 950/1000] loss=3379.9244 style=21.1038 mom=0.5269 struct=4.4268 tv=0.0000 idt=0.2933 it/s=6.07 eta=8.2s
2026-02-20 13:54:18,105 - INFO - [Epoch 1 Step 960/1000] loss=3373.9901 style=21.0666 mom=0.5265 struct=4.4299 tv=0.0000 idt=0.2917 it/s=6.07 eta=6.6s
2026-02-20 13:54:19,744 - INFO - [Epoch 1 Step 970/1000] loss=3369.2224 style=21.0330 mom=0.5261 struct=4.4330 tv=0.0000 idt=0.2915 it/s=6.07 eta=4.9s
2026-02-20 13:54:21,379 - INFO - [Epoch 1 Step 980/1000] loss=3365.2941 style=21.0090 mom=0.5257 struct=4.4360 tv=0.0000 idt=0.2902 it/s=6.07 eta=3.3s
2026-02-20 13:54:23,009 - INFO - [Epoch 1 Step 990/1000] loss=3360.7428 style=20.9808 mom=0.5254 struct=4.4396 tv=0.0000 idt=0.2889 it/s=6.07 eta=1.6s
2026-02-20 13:54:24,645 - INFO - [Epoch 1 Step 1000/1000] loss=3354.1780 style=20.9378 mom=0.5249 struct=4.4422 tv=0.0000 idt=0.2878 it/s=6.07 eta=0.0s
2026-02-20 13:54:24,647 - INFO - Epoch 1/1 | loss=3354.1780 style_swd=20.9378 mom=0.5249 struct=4.4422 tv=0.0000 idt=0.2878 steps=1.0 h=1.00 s=1.00 lr=5.00e-04 data=1.2s comp=163.6s
2026-02-20 13:54:24,726 - INFO - Saved checkpoint: G:\GitHub\Latent_Style\Cycle-NCE\ssim-optun-nce\trial_0239\epoch_0001.pt (step=1000)
2026-02-20 13:54:24,727 - INFO - Running full eval for epoch 1 -> G:\GitHub\Latent_Style\Cycle-NCE\ssim-optun-nce\trial_0239\full_eval\epoch_0001
2026-02-20 13:55:17,835 - INFO - Full eval completed for epoch 1. Log: G:\GitHub\Latent_Style\Cycle-NCE\ssim-optun-nce\trial_0239\logs\full_eval_epoch_0001.log
2026-02-20 13:55:17,835 - INFO - Training completed.
