2026-02-19 18:01:18,661 - WARNING - w_style=51.6221 looks high for Projected SWD loss. Recommended start range is [5, 20].
2026-02-19 18:01:18,661 - INFO - Active losses: w_style, w_moment, w_identity, w_structure
2026-02-19 18:01:18,680 - INFO - Set PYTORCH_ALLOC_CONF=expandable_segments:True
2026-02-19 18:01:18,697 - INFO - Device: cuda
2026-02-19 18:01:18,697 - INFO - Seed: 42
2026-02-19 18:01:18,697 - INFO - Loading latent dataset from ..\..\sdxl-256-overfit50
2026-02-19 18:01:18,713 - INFO -   style=photo id=0 count=10
2026-02-19 18:01:18,724 - INFO -   style=Hayao id=1 count=10
2026-02-19 18:01:18,737 - INFO -   style=monet id=2 count=10
2026-02-19 18:01:18,747 - INFO -   style=cezanne id=3 count=10
2026-02-19 18:01:18,754 - INFO -   style=vangogh id=4 count=10
I:\Github\Latent_Style\Cycle-NCE\src\dataset.py:135: UserWarning: expandable_segments not supported on this platform (Triggered internally at C:\actions-runner\_work\pytorch\pytorch\pytorch\c10/cuda/CUDAAllocatorConfig.h:39.)
  gpu_tensors[style_id] = stack.to(device=target_device, non_blocking=False)
2026-02-19 18:01:18,838 - INFO - Dataset preloaded to cuda: 0.00GB across 5 style pools.
2026-02-19 18:01:18,839 - INFO - DataLoader | batch=160 workers=0 pin_memory=False persistent_workers=False preload_to_gpu=True
2026-02-19 18:01:18,919 - INFO - Model params: 7,153,476
2026-02-19 18:01:18,922 - INFO - Adding NCE Projector params to optimizer: 4 tensors
2026-02-19 18:01:20,414 - INFO - No checkpoint found, start from scratch.
I:\Github\Latent_Style\Cycle-NCE\src\trainer.py:189: UserWarning: Detected call of `lr_scheduler.step()` before `optimizer.step()`. In PyTorch 1.1.0 and later, you should call them in the opposite order: `optimizer.step()` before `lr_scheduler.step()`.  Failure to do this will result in PyTorch skipping the first value of the learning rate schedule. See more details at https://pytorch.org/docs/stable/optim.html#how-to-adjust-learning-rate
  self.scheduler.step()
2026-02-19 18:01:22,283 - INFO - Epoch 1/150 | loss=1893.0238 style_swd=33.9859 mom=0.6020 struct=3.9051 tv=0.0000 idt=0.0173 steps=1.0 h=1.00 s=1.00 lr=1.00e-04 data=0.0s comp=1.8s
2026-02-19 18:01:22,715 - INFO - Epoch 2/150 | loss=2061.3521 style_swd=37.2030 mom=0.6216 struct=3.9416 tv=0.0000 idt=0.0176 steps=1.0 h=1.00 s=1.00 lr=1.00e-04 data=0.0s comp=0.4s
2026-02-19 18:01:23,148 - INFO - Epoch 3/150 | loss=1772.6199 style_swd=31.6710 mom=0.5780 struct=3.9337 tv=0.0000 idt=0.0181 steps=1.0 h=1.00 s=1.00 lr=1.00e-04 data=0.0s comp=0.4s
2026-02-19 18:01:23,608 - INFO - Epoch 4/150 | loss=2019.1804 style_swd=36.3925 mom=0.6160 struct=3.9434 tv=0.0000 idt=0.0177 steps=1.0 h=1.00 s=1.00 lr=1.00e-04 data=0.0s comp=0.4s
2026-02-19 18:01:24,055 - INFO - Epoch 5/150 | loss=1810.1541 style_swd=32.3428 mom=0.6123 struct=3.9313 tv=0.0000 idt=0.0398 steps=1.0 h=1.00 s=1.00 lr=1.00e-04 data=0.0s comp=0.4s
2026-02-19 18:01:24,481 - INFO - Epoch 6/150 | loss=1997.7213 style_swd=35.9318 mom=0.6497 struct=3.9072 tv=0.0000 idt=0.0528 steps=1.0 h=1.00 s=1.00 lr=1.00e-04 data=0.0s comp=0.4s
2026-02-19 18:01:24,906 - INFO - Epoch 7/150 | loss=1918.3430 style_swd=34.4153 mom=0.6129 struct=3.9548 tv=0.0000 idt=0.0617 steps=1.0 h=1.00 s=1.00 lr=1.00e-04 data=0.0s comp=0.4s
2026-02-19 18:01:25,337 - INFO - Epoch 8/150 | loss=1900.3287 style_swd=34.0935 mom=0.5874 struct=3.9674 tv=0.0000 idt=0.0626 steps=1.0 h=1.00 s=1.00 lr=1.00e-04 data=0.0s comp=0.4s
2026-02-19 18:01:25,774 - INFO - Epoch 9/150 | loss=1820.7015 style_swd=32.5003 mom=0.6185 struct=3.9832 tv=0.0000 idt=0.0664 steps=1.0 h=1.00 s=1.00 lr=1.00e-04 data=0.0s comp=0.4s
2026-02-19 18:01:26,213 - INFO - Epoch 10/150 | loss=1906.4924 style_swd=34.1927 mom=0.6019 struct=3.9625 tv=0.0000 idt=0.0691 steps=1.0 h=1.00 s=1.00 lr=1.00e-04 data=0.0s comp=0.4s
2026-02-19 18:01:26,640 - INFO - Epoch 11/150 | loss=1966.1819 style_swd=35.3462 mom=0.6111 struct=3.9398 tv=0.0000 idt=0.0720 steps=1.0 h=1.00 s=1.00 lr=1.00e-04 data=0.0s comp=0.4s
2026-02-19 18:01:27,074 - INFO - Epoch 12/150 | loss=1868.3212 style_swd=33.4698 mom=0.6019 struct=3.9239 tv=0.0000 idt=0.0732 steps=1.0 h=1.00 s=1.00 lr=1.00e-04 data=0.0s comp=0.4s
2026-02-19 18:01:27,502 - INFO - Epoch 13/150 | loss=1773.2747 style_swd=31.6719 mom=0.5762 struct=3.9021 tv=0.0000 idt=0.0753 steps=1.0 h=1.00 s=1.00 lr=1.00e-04 data=0.0s comp=0.4s
2026-02-19 18:01:27,939 - INFO - Epoch 14/150 | loss=1763.6693 style_swd=31.4358 mom=0.5867 struct=3.9755 tv=0.0000 idt=0.0770 steps=1.0 h=1.00 s=1.00 lr=1.00e-04 data=0.0s comp=0.4s
2026-02-19 18:01:28,371 - INFO - Epoch 15/150 | loss=1808.0785 style_swd=32.2963 mom=0.6021 struct=3.9302 tv=0.0000 idt=0.0793 steps=1.0 h=1.00 s=1.00 lr=1.00e-04 data=0.0s comp=0.4s
2026-02-19 18:01:28,795 - INFO - Epoch 16/150 | loss=1830.9733 style_swd=32.7842 mom=0.5724 struct=3.9186 tv=0.0000 idt=0.0803 steps=1.0 h=1.00 s=1.00 lr=1.00e-04 data=0.0s comp=0.4s
2026-02-19 18:01:29,229 - INFO - Epoch 17/150 | loss=1811.8148 style_swd=32.3390 mom=0.6137 struct=3.9548 tv=0.0000 idt=0.0841 steps=1.0 h=1.00 s=1.00 lr=1.00e-04 data=0.0s comp=0.4s
2026-02-19 18:01:29,659 - INFO - Epoch 18/150 | loss=2008.9664 style_swd=36.0885 mom=0.6303 struct=4.0523 tv=0.0000 idt=0.0856 steps=1.0 h=1.00 s=1.00 lr=1.00e-04 data=0.0s comp=0.4s
2026-02-19 18:01:30,097 - INFO - Epoch 19/150 | loss=1823.3589 style_swd=32.5738 mom=0.5970 struct=3.9727 tv=0.0000 idt=0.0885 steps=1.0 h=1.00 s=1.00 lr=1.00e-04 data=0.0s comp=0.4s
2026-02-19 18:01:30,522 - INFO - Epoch 20/150 | loss=1822.6505 style_swd=32.5566 mom=0.6107 struct=3.9425 tv=0.0000 idt=0.0885 steps=1.0 h=1.00 s=1.00 lr=1.00e-04 data=0.0s comp=0.4s
2026-02-19 18:01:30,949 - INFO - Epoch 21/150 | loss=1698.6084 style_swd=30.2400 mom=0.5549 struct=3.9129 tv=0.0000 idt=0.0916 steps=1.0 h=1.00 s=1.00 lr=1.00e-04 data=0.0s comp=0.4s
2026-02-19 18:01:31,377 - INFO - Epoch 22/150 | loss=1890.0128 style_swd=33.8204 mom=0.6337 struct=3.9606 tv=0.0000 idt=0.0926 steps=1.0 h=1.00 s=1.00 lr=1.00e-04 data=0.0s comp=0.4s
2026-02-19 18:01:31,816 - INFO - Epoch 23/150 | loss=1754.1508 style_swd=31.2381 mom=0.5958 struct=3.9567 tv=0.0000 idt=0.0969 steps=1.0 h=1.00 s=1.00 lr=1.00e-04 data=0.0s comp=0.4s
2026-02-19 18:01:32,251 - INFO - Epoch 24/150 | loss=1818.3552 style_swd=32.4904 mom=0.6001 struct=3.9231 tv=0.0000 idt=0.1008 steps=1.0 h=1.00 s=1.00 lr=1.00e-04 data=0.0s comp=0.4s
2026-02-19 18:01:32,678 - INFO - Epoch 25/150 | loss=1751.1187 style_swd=31.2091 mom=0.5742 struct=3.9492 tv=0.0000 idt=0.1017 steps=1.0 h=1.00 s=1.00 lr=1.00e-04 data=0.0s comp=0.4s
2026-02-19 18:01:33,112 - INFO - Epoch 26/150 | loss=1962.8094 style_swd=35.2284 mom=0.6318 struct=3.9595 tv=0.0000 idt=0.1027 steps=1.0 h=1.00 s=1.00 lr=1.00e-04 data=0.0s comp=0.4s
2026-02-19 18:01:33,540 - INFO - Epoch 27/150 | loss=1767.3905 style_swd=31.5629 mom=0.5511 struct=3.9332 tv=0.0000 idt=0.1008 steps=1.0 h=1.00 s=1.00 lr=1.00e-04 data=0.0s comp=0.4s
2026-02-19 18:01:33,975 - INFO - Epoch 28/150 | loss=1925.3013 style_swd=34.5007 mom=0.6273 struct=3.9709 tv=0.0000 idt=0.1057 steps=1.0 h=1.00 s=1.00 lr=1.00e-04 data=0.0s comp=0.4s
2026-02-19 18:01:34,406 - INFO - Epoch 29/150 | loss=1912.5903 style_swd=34.2399 mom=0.6183 struct=4.0233 tv=0.0000 idt=0.1081 steps=1.0 h=1.00 s=1.00 lr=1.00e-04 data=0.0s comp=0.4s
2026-02-19 18:01:34,830 - INFO - Epoch 30/150 | loss=1761.0039 style_swd=31.3799 mom=0.5903 struct=3.9426 tv=0.0000 idt=0.1069 steps=1.0 h=1.00 s=1.00 lr=1.00e-04 data=0.0s comp=0.4s
2026-02-19 18:01:35,268 - INFO - Epoch 31/150 | loss=1897.0172 style_swd=34.0083 mom=0.5849 struct=3.9702 tv=0.0000 idt=0.1072 steps=1.0 h=1.00 s=1.00 lr=1.00e-04 data=0.0s comp=0.4s
2026-02-19 18:01:35,702 - INFO - Epoch 32/150 | loss=1817.6227 style_swd=32.4610 mom=0.6087 struct=3.9239 tv=0.0000 idt=0.1077 steps=1.0 h=1.00 s=1.00 lr=1.00e-04 data=0.0s comp=0.4s
2026-02-19 18:01:36,139 - INFO - Epoch 33/150 | loss=1931.5820 style_swd=34.7215 mom=0.5845 struct=3.8788 tv=0.0000 idt=0.1091 steps=1.0 h=1.00 s=1.00 lr=1.00e-04 data=0.0s comp=0.4s
2026-02-19 18:01:36,565 - INFO - Epoch 34/150 | loss=1807.6774 style_swd=32.2568 mom=0.5918 struct=3.9898 tv=0.0000 idt=0.1118 steps=1.0 h=1.00 s=1.00 lr=1.00e-04 data=0.0s comp=0.4s
2026-02-19 18:01:37,003 - INFO - Epoch 35/150 | loss=1725.8198 style_swd=30.7444 mom=0.5626 struct=3.9123 tv=0.0000 idt=0.1167 steps=1.0 h=1.00 s=1.00 lr=1.00e-04 data=0.0s comp=0.4s
2026-02-19 18:01:37,431 - INFO - Epoch 36/150 | loss=1877.0714 style_swd=33.6143 mom=0.5954 struct=3.9455 tv=0.0000 idt=0.1183 steps=1.0 h=1.00 s=1.00 lr=1.00e-04 data=0.0s comp=0.4s
2026-02-19 18:01:37,868 - INFO - Epoch 37/150 | loss=1812.4071 style_swd=32.3590 mom=0.5927 struct=3.9545 tv=0.0000 idt=0.1218 steps=1.0 h=1.00 s=1.00 lr=1.00e-04 data=0.0s comp=0.4s
2026-02-19 18:01:38,302 - INFO - Epoch 38/150 | loss=1762.4753 style_swd=31.3847 mom=0.5951 struct=3.9650 tv=0.0000 idt=0.1198 steps=1.0 h=1.00 s=1.00 lr=1.00e-04 data=0.0s comp=0.4s
2026-02-19 18:01:38,729 - INFO - Epoch 39/150 | loss=1768.5792 style_swd=31.5114 mom=0.5945 struct=3.9451 tv=0.0000 idt=0.1233 steps=1.0 h=1.00 s=1.00 lr=1.00e-04 data=0.0s comp=0.4s
2026-02-19 18:01:39,165 - INFO - Epoch 40/150 | loss=1855.6321 style_swd=33.1491 mom=0.6068 struct=4.0119 tv=0.0000 idt=0.1237 steps=1.0 h=1.00 s=1.00 lr=1.00e-04 data=0.0s comp=0.4s
2026-02-19 18:01:39,594 - INFO - Epoch 41/150 | loss=1808.6469 style_swd=32.2620 mom=0.6055 struct=3.9723 tv=0.0000 idt=0.1194 steps=1.0 h=1.00 s=1.00 lr=1.00e-04 data=0.0s comp=0.4s
2026-02-19 18:01:40,040 - INFO - Epoch 42/150 | loss=1813.2933 style_swd=32.4175 mom=0.5754 struct=3.9203 tv=0.0000 idt=0.1180 steps=1.0 h=1.00 s=1.00 lr=1.00e-04 data=0.0s comp=0.4s
2026-02-19 18:01:40,468 - INFO - Epoch 43/150 | loss=1886.4047 style_swd=33.7927 mom=0.6034 struct=3.9303 tv=0.0000 idt=0.1167 steps=1.0 h=1.00 s=1.00 lr=1.00e-04 data=0.0s comp=0.4s
2026-02-19 18:01:40,895 - INFO - Epoch 44/150 | loss=1782.5643 style_swd=31.8032 mom=0.5853 struct=3.9242 tv=0.0000 idt=0.1260 steps=1.0 h=1.00 s=1.00 lr=1.00e-04 data=0.0s comp=0.4s
2026-02-19 18:01:41,329 - INFO - Epoch 45/150 | loss=1784.1495 style_swd=31.7994 mom=0.5938 struct=3.9727 tv=0.0000 idt=0.1259 steps=1.0 h=1.00 s=1.00 lr=1.00e-04 data=0.0s comp=0.4s
2026-02-19 18:01:41,764 - INFO - Epoch 46/150 | loss=1844.6799 style_swd=32.9555 mom=0.6045 struct=3.9738 tv=0.0000 idt=0.1292 steps=1.0 h=1.00 s=1.00 lr=1.00e-04 data=0.0s comp=0.4s
2026-02-19 18:01:42,197 - INFO - Epoch 47/150 | loss=1763.2395 style_swd=31.4094 mom=0.5818 struct=3.9687 tv=0.0000 idt=0.1312 steps=1.0 h=1.00 s=1.00 lr=1.00e-04 data=0.0s comp=0.4s
2026-02-19 18:01:42,623 - INFO - Epoch 48/150 | loss=2030.7035 style_swd=36.5469 mom=0.6068 struct=3.9862 tv=0.0000 idt=0.1354 steps=1.0 h=1.00 s=1.00 lr=1.00e-04 data=0.0s comp=0.4s
2026-02-19 18:01:43,057 - INFO - Epoch 49/150 | loss=2019.8053 style_swd=36.3141 mom=0.6142 struct=4.0075 tv=0.0000 idt=0.1387 steps=1.0 h=1.00 s=1.00 lr=1.00e-04 data=0.0s comp=0.4s
2026-02-19 18:01:43,486 - INFO - Epoch 50/150 | loss=1838.0088 style_swd=32.8596 mom=0.5803 struct=3.9599 tv=0.0000 idt=0.1397 steps=1.0 h=1.00 s=1.00 lr=1.00e-04 data=0.0s comp=0.4s
2026-02-19 18:01:43,922 - INFO - Epoch 51/150 | loss=1750.7042 style_swd=31.1699 mom=0.6031 struct=3.8947 tv=0.0000 idt=0.1394 steps=1.0 h=1.00 s=1.00 lr=1.00e-04 data=0.0s comp=0.4s
2026-02-19 18:01:44,358 - INFO - Epoch 52/150 | loss=1905.6775 style_swd=34.1246 mom=0.6199 struct=3.9467 tv=0.0000 idt=0.1395 steps=1.0 h=1.00 s=1.00 lr=1.00e-04 data=0.0s comp=0.4s
2026-02-19 18:01:44,784 - INFO - Epoch 53/150 | loss=1767.3254 style_swd=31.4568 mom=0.5977 struct=3.9811 tv=0.0000 idt=0.1402 steps=1.0 h=1.00 s=1.00 lr=1.00e-04 data=0.0s comp=0.4s
2026-02-19 18:01:45,218 - INFO - Epoch 54/150 | loss=1855.8314 style_swd=33.2070 mom=0.5857 struct=3.9440 tv=0.0000 idt=0.1365 steps=1.0 h=1.00 s=1.00 lr=1.00e-04 data=0.0s comp=0.4s
2026-02-19 18:01:45,646 - INFO - Epoch 55/150 | loss=1653.5979 style_swd=29.2979 mom=0.5811 struct=3.9308 tv=0.0000 idt=0.1441 steps=1.0 h=1.00 s=1.00 lr=1.00e-04 data=0.0s comp=0.4s
2026-02-19 18:01:46,091 - INFO - Epoch 56/150 | loss=1789.0021 style_swd=31.8603 mom=0.6198 struct=3.9470 tv=0.0000 idt=0.1475 steps=1.0 h=1.00 s=1.00 lr=1.00e-04 data=0.0s comp=0.4s
2026-02-19 18:01:46,519 - INFO - Epoch 57/150 | loss=1762.8171 style_swd=31.4347 mom=0.5726 struct=3.9089 tv=0.0000 idt=0.1458 steps=1.0 h=1.00 s=1.00 lr=1.00e-04 data=0.0s comp=0.4s
2026-02-19 18:01:46,947 - INFO - Epoch 58/150 | loss=1949.8773 style_swd=34.9569 mom=0.6261 struct=3.9675 tv=0.0000 idt=0.1504 steps=1.0 h=1.00 s=1.00 lr=1.00e-04 data=0.0s comp=0.4s
2026-02-19 18:01:47,378 - INFO - Epoch 59/150 | loss=1945.6061 style_swd=34.9417 mom=0.6048 struct=3.8887 tv=0.0000 idt=0.1477 steps=1.0 h=1.00 s=1.00 lr=1.00e-04 data=0.0s comp=0.4s
2026-02-19 18:01:47,816 - INFO - Epoch 60/150 | loss=1627.0762 style_swd=28.7923 mom=0.5690 struct=3.9409 tv=0.0000 idt=0.1501 steps=1.0 h=1.00 s=1.00 lr=1.00e-04 data=0.0s comp=0.4s
2026-02-19 18:01:48,252 - INFO - Epoch 61/150 | loss=1838.2869 style_swd=32.8282 mom=0.6040 struct=3.9560 tv=0.0000 idt=0.1542 steps=1.0 h=1.00 s=1.00 lr=1.00e-04 data=0.0s comp=0.4s
2026-02-19 18:01:48,678 - INFO - Epoch 62/150 | loss=1901.4814 style_swd=34.0309 mom=0.6411 struct=3.8925 tv=0.0000 idt=0.1600 steps=1.0 h=1.00 s=1.00 lr=1.00e-04 data=0.0s comp=0.4s
2026-02-19 18:01:49,113 - INFO - Epoch 63/150 | loss=1807.8230 style_swd=32.2847 mom=0.5809 struct=3.9140 tv=0.0000 idt=0.1619 steps=1.0 h=1.00 s=1.00 lr=1.00e-04 data=0.0s comp=0.4s
2026-02-19 18:01:49,541 - INFO - Epoch 64/150 | loss=1681.7339 style_swd=29.8491 mom=0.5791 struct=3.9091 tv=0.0000 idt=0.1579 steps=1.0 h=1.00 s=1.00 lr=1.00e-04 data=0.0s comp=0.4s
2026-02-19 18:01:49,981 - INFO - Epoch 65/150 | loss=1797.0518 style_swd=32.0314 mom=0.6081 struct=3.9355 tv=0.0000 idt=0.1590 steps=1.0 h=1.00 s=1.00 lr=1.00e-04 data=0.0s comp=0.4s
2026-02-19 18:01:50,410 - INFO - Epoch 66/150 | loss=1981.0750 style_swd=35.5747 mom=0.6105 struct=3.9727 tv=0.0000 idt=0.1595 steps=1.0 h=1.00 s=1.00 lr=1.00e-04 data=0.0s comp=0.4s
2026-02-19 18:01:50,837 - INFO - Epoch 67/150 | loss=1651.2559 style_swd=29.2220 mom=0.6029 struct=3.9171 tv=0.0000 idt=0.1606 steps=1.0 h=1.00 s=1.00 lr=1.00e-04 data=0.0s comp=0.4s
2026-02-19 18:01:51,271 - INFO - Epoch 68/150 | loss=1652.9305 style_swd=29.2564 mom=0.5949 struct=3.9343 tv=0.0000 idt=0.1610 steps=1.0 h=1.00 s=1.00 lr=1.00e-04 data=0.0s comp=0.4s
2026-02-19 18:01:51,705 - INFO - Epoch 69/150 | loss=1704.2532 style_swd=30.2777 mom=0.5701 struct=3.9378 tv=0.0000 idt=0.1689 steps=1.0 h=1.00 s=1.00 lr=1.00e-04 data=0.0s comp=0.4s
2026-02-19 18:01:52,144 - INFO - Epoch 70/150 | loss=1801.9055 style_swd=32.1976 mom=0.5709 struct=3.8752 tv=0.0000 idt=0.1703 steps=1.0 h=1.00 s=1.00 lr=1.00e-04 data=0.0s comp=0.4s
2026-02-19 18:01:52,569 - INFO - Epoch 71/150 | loss=1772.0051 style_swd=31.5565 mom=0.5798 struct=3.9720 tv=0.0000 idt=0.1773 steps=1.0 h=1.00 s=1.00 lr=1.00e-04 data=0.0s comp=0.4s
2026-02-19 18:01:53,000 - INFO - Epoch 72/150 | loss=1743.3253 style_swd=31.0132 mom=0.5959 struct=3.9026 tv=0.0000 idt=0.1771 steps=1.0 h=1.00 s=1.00 lr=1.00e-04 data=0.0s comp=0.4s
2026-02-19 18:01:53,428 - INFO - Epoch 73/150 | loss=1923.9583 style_swd=34.4722 mom=0.6175 struct=3.9230 tv=0.0000 idt=0.1806 steps=1.0 h=1.00 s=1.00 lr=1.00e-04 data=0.0s comp=0.4s
2026-02-19 18:01:53,865 - INFO - Epoch 74/150 | loss=1689.2109 style_swd=29.9886 mom=0.5642 struct=3.9420 tv=0.0000 idt=0.1757 steps=1.0 h=1.00 s=1.00 lr=1.00e-04 data=0.0s comp=0.4s
2026-02-19 18:01:54,300 - INFO - Epoch 75/150 | loss=1814.9324 style_swd=32.4003 mom=0.5877 struct=3.9241 tv=0.0000 idt=0.1780 steps=1.0 h=1.00 s=1.00 lr=1.00e-04 data=0.0s comp=0.4s
2026-02-19 18:01:54,727 - INFO - Epoch 76/150 | loss=1720.8143 style_swd=30.6061 mom=0.5549 struct=3.9447 tv=0.0000 idt=0.1866 steps=1.0 h=1.00 s=1.00 lr=1.00e-04 data=0.0s comp=0.4s
2026-02-19 18:01:55,163 - INFO - Epoch 77/150 | loss=1824.7729 style_swd=32.5973 mom=0.5957 struct=3.8854 tv=0.0000 idt=0.1816 steps=1.0 h=1.00 s=1.00 lr=1.00e-04 data=0.0s comp=0.4s
2026-02-19 18:01:55,590 - INFO - Epoch 78/150 | loss=1754.4187 style_swd=31.2407 mom=0.5678 struct=3.9483 tv=0.0000 idt=0.1819 steps=1.0 h=1.00 s=1.00 lr=1.00e-04 data=0.0s comp=0.4s
2026-02-19 18:01:56,030 - INFO - Epoch 79/150 | loss=1814.9929 style_swd=32.3364 mom=0.6078 struct=3.9987 tv=0.0000 idt=0.1832 steps=1.0 h=1.00 s=1.00 lr=1.00e-04 data=0.0s comp=0.4s
2026-02-19 18:01:56,462 - INFO - Epoch 80/150 | loss=1706.2312 style_swd=30.2891 mom=0.5822 struct=3.9393 tv=0.0000 idt=0.1886 steps=1.0 h=1.00 s=1.00 lr=1.00e-04 data=0.0s comp=0.4s
2026-02-19 18:01:56,885 - INFO - Epoch 81/150 | loss=1843.1401 style_swd=32.8936 mom=0.6095 struct=3.9515 tv=0.0000 idt=0.1998 steps=1.0 h=1.00 s=1.00 lr=1.00e-04 data=0.0s comp=0.4s
2026-02-19 18:01:57,322 - INFO - Epoch 82/150 | loss=1727.8297 style_swd=30.6928 mom=0.5901 struct=3.9456 tv=0.0000 idt=0.1910 steps=1.0 h=1.00 s=1.00 lr=1.00e-04 data=0.0s comp=0.4s
2026-02-19 18:01:57,758 - INFO - Epoch 83/150 | loss=1696.6315 style_swd=30.0986 mom=0.5746 struct=3.9620 tv=0.0000 idt=0.1958 steps=1.0 h=1.00 s=1.00 lr=1.00e-04 data=0.0s comp=0.4s
2026-02-19 18:01:58,197 - INFO - Epoch 84/150 | loss=1712.8344 style_swd=30.4189 mom=0.5821 struct=3.9277 tv=0.0000 idt=0.1960 steps=1.0 h=1.00 s=1.00 lr=1.00e-04 data=0.0s comp=0.4s
2026-02-19 18:01:58,624 - INFO - Epoch 85/150 | loss=1902.4680 style_swd=34.0628 mom=0.6081 struct=3.9224 tv=0.0000 idt=0.1918 steps=1.0 h=1.00 s=1.00 lr=1.00e-04 data=0.0s comp=0.4s
2026-02-19 18:01:59,058 - INFO - Epoch 86/150 | loss=1787.0612 style_swd=31.8384 mom=0.5983 struct=3.9243 tv=0.0000 idt=0.1934 steps=1.0 h=1.00 s=1.00 lr=1.00e-04 data=0.0s comp=0.4s
2026-02-19 18:01:59,484 - INFO - Epoch 87/150 | loss=1761.6315 style_swd=31.3831 mom=0.5765 struct=3.9054 tv=0.0000 idt=0.1947 steps=1.0 h=1.00 s=1.00 lr=1.00e-04 data=0.0s comp=0.4s
2026-02-19 18:01:59,920 - INFO - Epoch 88/150 | loss=1978.7729 style_swd=35.5015 mom=0.6200 struct=3.9617 tv=0.0000 idt=0.2013 steps=1.0 h=1.00 s=1.00 lr=1.00e-04 data=0.0s comp=0.4s
2026-02-19 18:02:00,357 - INFO - Epoch 89/150 | loss=1473.1230 style_swd=25.8704 mom=0.5288 struct=3.8658 tv=0.0000 idt=0.2062 steps=1.0 h=1.00 s=1.00 lr=1.00e-04 data=0.0s comp=0.4s
2026-02-19 18:02:00,787 - INFO - Epoch 90/150 | loss=1708.0471 style_swd=30.3334 mom=0.5865 struct=3.8947 tv=0.0000 idt=0.2018 steps=1.0 h=1.00 s=1.00 lr=1.00e-04 data=0.0s comp=0.4s
2026-02-19 18:02:01,220 - INFO - Epoch 91/150 | loss=1773.1095 style_swd=31.5579 mom=0.5985 struct=3.9352 tv=0.0000 idt=0.2027 steps=1.0 h=1.00 s=1.00 lr=1.00e-04 data=0.0s comp=0.4s
2026-02-19 18:02:01,648 - INFO - Epoch 92/150 | loss=1803.8768 style_swd=32.1624 mom=0.5849 struct=3.9595 tv=0.0000 idt=0.1982 steps=1.0 h=1.00 s=1.00 lr=1.00e-04 data=0.0s comp=0.4s
2026-02-19 18:02:02,090 - INFO - Epoch 93/150 | loss=1601.9064 style_swd=28.2986 mom=0.5606 struct=3.9156 tv=0.0000 idt=0.2072 steps=1.0 h=1.00 s=1.00 lr=1.00e-04 data=0.0s comp=0.4s
2026-02-19 18:02:02,520 - INFO - Epoch 94/150 | loss=1759.6500 style_swd=31.2851 mom=0.5966 struct=3.9458 tv=0.0000 idt=0.2211 steps=1.0 h=1.00 s=1.00 lr=1.00e-04 data=0.0s comp=0.4s
2026-02-19 18:02:02,948 - INFO - Epoch 95/150 | loss=1690.0656 style_swd=29.9744 mom=0.5856 struct=3.8957 tv=0.0000 idt=0.2239 steps=1.0 h=1.00 s=1.00 lr=1.00e-04 data=0.0s comp=0.4s
2026-02-19 18:02:03,387 - INFO - Epoch 96/150 | loss=1615.8795 style_swd=28.6223 mom=0.5262 struct=3.9012 tv=0.0000 idt=0.2059 steps=1.0 h=1.00 s=1.00 lr=1.00e-04 data=0.0s comp=0.4s
2026-02-19 18:02:03,824 - INFO - Epoch 97/150 | loss=1646.0931 style_swd=29.1800 mom=0.5503 struct=3.8890 tv=0.0000 idt=0.2090 steps=1.0 h=1.00 s=1.00 lr=1.00e-04 data=0.0s comp=0.4s
2026-02-19 18:02:04,256 - INFO - Epoch 98/150 | loss=1641.2625 style_swd=28.9957 mom=0.5986 struct=3.9351 tv=0.0000 idt=0.2184 steps=1.0 h=1.00 s=1.00 lr=1.00e-04 data=0.0s comp=0.4s
2026-02-19 18:02:04,686 - INFO - Epoch 99/150 | loss=1703.0085 style_swd=30.2135 mom=0.5752 struct=3.9369 tv=0.0000 idt=0.2345 steps=1.0 h=1.00 s=1.00 lr=1.00e-04 data=0.0s comp=0.4s
2026-02-19 18:02:05,120 - INFO - Epoch 100/150 | loss=1758.0071 style_swd=31.2670 mom=0.5950 struct=3.9069 tv=0.0000 idt=0.2350 steps=1.0 h=1.00 s=1.00 lr=1.00e-04 data=0.0s comp=0.4s
2026-02-19 18:02:05,548 - INFO - Epoch 101/150 | loss=1658.6378 style_swd=29.3855 mom=0.5732 struct=3.8892 tv=0.0000 idt=0.2232 steps=1.0 h=1.00 s=1.00 lr=1.00e-04 data=0.0s comp=0.4s
2026-02-19 18:02:05,988 - INFO - Epoch 102/150 | loss=1673.6967 style_swd=29.6335 mom=0.5869 struct=3.9559 tv=0.0000 idt=0.2104 steps=1.0 h=1.00 s=1.00 lr=1.00e-04 data=0.0s comp=0.4s
2026-02-19 18:02:06,415 - INFO - Epoch 103/150 | loss=1776.4224 style_swd=31.6125 mom=0.5906 struct=3.9564 tv=0.0000 idt=0.2218 steps=1.0 h=1.00 s=1.00 lr=1.00e-04 data=0.0s comp=0.4s
2026-02-19 18:02:06,842 - INFO - Epoch 104/150 | loss=1915.3407 style_swd=34.3063 mom=0.5762 struct=3.9860 tv=0.0000 idt=0.2257 steps=1.0 h=1.00 s=1.00 lr=1.00e-04 data=0.0s comp=0.4s
2026-02-19 18:02:07,272 - INFO - Epoch 105/150 | loss=1765.0018 style_swd=31.3529 mom=0.5912 struct=4.0062 tv=0.0000 idt=0.2482 steps=1.0 h=1.00 s=1.00 lr=1.00e-04 data=0.0s comp=0.4s
2026-02-19 18:02:07,707 - INFO - Epoch 106/150 | loss=1886.4319 style_swd=33.6674 mom=0.6224 struct=4.0065 tv=0.0000 idt=0.2412 steps=1.0 h=1.00 s=1.00 lr=1.00e-04 data=0.0s comp=0.4s
2026-02-19 18:02:08,144 - INFO - Epoch 107/150 | loss=1876.9161 style_swd=33.5196 mom=0.6038 struct=3.9869 tv=0.0000 idt=0.2365 steps=1.0 h=1.00 s=1.00 lr=1.00e-04 data=0.0s comp=0.4s
2026-02-19 18:02:08,574 - INFO - Epoch 108/150 | loss=1732.2527 style_swd=30.7869 mom=0.5910 struct=3.8947 tv=0.0000 idt=0.2200 steps=1.0 h=1.00 s=1.00 lr=1.00e-04 data=0.0s comp=0.4s
2026-02-19 18:02:09,008 - INFO - Epoch 109/150 | loss=1900.7241 style_swd=33.9676 mom=0.6288 struct=3.9465 tv=0.0000 idt=0.2358 steps=1.0 h=1.00 s=1.00 lr=1.00e-04 data=0.0s comp=0.4s
2026-02-19 18:02:09,436 - INFO - Epoch 110/150 | loss=1730.1962 style_swd=30.7141 mom=0.5882 struct=3.9566 tv=0.0000 idt=0.2334 steps=1.0 h=1.00 s=1.00 lr=1.00e-04 data=0.0s comp=0.4s
2026-02-19 18:02:09,873 - INFO - Epoch 111/150 | loss=1859.1536 style_swd=33.1800 mom=0.6053 struct=3.9761 tv=0.0000 idt=0.2340 steps=1.0 h=1.00 s=1.00 lr=1.00e-04 data=0.0s comp=0.4s
2026-02-19 18:02:10,338 - INFO - Epoch 112/150 | loss=1725.2148 style_swd=30.5275 mom=0.6314 struct=4.0053 tv=0.0000 idt=0.2521 steps=1.0 h=1.00 s=1.00 lr=1.00e-04 data=0.0s comp=0.5s
2026-02-19 18:02:10,784 - INFO - Epoch 113/150 | loss=1676.8381 style_swd=29.7264 mom=0.5604 struct=3.9265 tv=0.0000 idt=0.2439 steps=1.0 h=1.00 s=1.00 lr=1.00e-04 data=0.0s comp=0.4s
2026-02-19 18:02:11,295 - INFO - Epoch 114/150 | loss=1700.7107 style_swd=30.1303 mom=0.5932 struct=3.9600 tv=0.0000 idt=0.2418 steps=1.0 h=1.00 s=1.00 lr=1.00e-04 data=0.0s comp=0.5s
2026-02-19 18:02:11,784 - INFO - Epoch 115/150 | loss=1678.6713 style_swd=29.7138 mom=0.5986 struct=3.9286 tv=0.0000 idt=0.2372 steps=1.0 h=1.00 s=1.00 lr=1.00e-04 data=0.0s comp=0.5s
Traceback (most recent call last):
