CWD: /mnt/i/Github/Latent_Style/Cycle-NCE/src
Command:
/home/xy/miniconda3/envs/cu128/bin/python /mnt/i/Github/Latent_Style/Cycle-NCE/src/run.py --config /mnt/i/Github/Latent_Style/Cycle-NCE/style_ablation-50/configs/baseline_50e.json

Start: 2026-02-14T08:57:19.888327

2026-02-14 08:57:23,009 - INFO - Device: cuda
2026-02-14 08:57:23,010 - INFO - Seed: 42
2026-02-14 08:57:23,010 - INFO - Loading latent dataset from ../../latent-256
2026-02-14 08:57:49,511 - INFO -   style=photo id=0 count=6187
2026-02-14 08:57:56,768 - INFO -   style=Hayao id=1 count=1752
2026-02-14 08:57:57,152 - INFO - Preloaded all latents to GPU: cuda
2026-02-14 08:57:57,161 - INFO - DataLoader | batch=160 workers=0 pin_memory=False persistent_workers=False preload_to_gpu=True
2026-02-14 08:57:59,694 - INFO - torch.compile enabled (backend=inductor mode=default fullgraph=False cudagraphs=off cache=/mnt/i/Github/Latent_Style/Cycle-NCE/style_ablation-50/baseline_50e/torch_compile_cache)
2026-02-14 08:57:59,694 - INFO - Model params: 9,003,273
2026-02-14 08:57:59,694 - INFO - Infra | channels_last=True tf32=True grad_ckpt=False compile=True mode=default
2026-02-14 08:57:59,695 - INFO - Precision | amp=True amp_dtype=bf16 grad_scaler=False fused_adamw=True
2026-02-14 08:58:00,439 - WARNING - Checkpoint loaded with non-strict mode due to key mismatch: Error(s) in loading state_dict for OptimizedModule:
	Missing key(s) in state_dict: "_orig_mod.style_spatial_id_32", "_orig_mod.style_spatial_id_16", "_orig_mod.style_enc.0.weight", "_orig_mod.style_enc.0.bias", "_orig_mod.style_enc.2.weight", "_orig_mod.style_enc.2.bias", "_orig_mod.style_enc.4.weight", "_orig_mod.style_enc.4.bias", "_orig_mod.style_proj.weight", "_orig_mod.style_proj.bias", "_orig_mod.style_emb.weight", "_orig_mod.enc_in.weight", "_orig_mod.enc_in.bias", "_orig_mod.hires_body.0.norm1.proj.weight", "_orig_mod.hires_body.0.norm1.proj.bias", "_orig_mod.hires_body.0.conv1.weight", "_orig_mod.hires_body.0.conv1.bias", "_orig_mod.hires_body.0.norm2.proj.weight", "_orig_mod.hires_body.0.norm2.proj.bias", "_orig_mod.hires_body.0.conv2.weight", "_orig_mod.hires_body.0.conv2.bias", "_orig_mod.hires_body.1.norm1.proj.weight", "_orig_mod.hires_body.1.norm1.proj.bias", "_orig_mod.hires_body.1.conv1.weight", "_orig_mod.hires_body.1.conv1.bias", "_orig_mod.hires_body.1.norm2.proj.weight", "_orig_mod.hires_body.1.norm2.proj.bias", "_orig_mod.hires_body.1.conv2.weight", "_orig_mod.hires_body.1.conv2.bias", "_orig_mod.hires_body.2.norm1.proj.weight", "_orig_mod.hires_body.2.norm1.proj.bias", "_orig_mod.hires_body.2.conv1.weight", "_orig_mod.hires_body.2.conv1.bias", "_orig_mod.hires_body.2.norm2.proj.weight", "_orig_mod.hires_body.2.norm2.proj.bias", "_orig_mod.hires_body.2.conv2.weight", "_orig_mod.hires_body.2.conv2.bias", "_orig_mod.hires_body.3.norm1.proj.weight", "_orig_mod.hires_body.3.norm1.proj.bias", "_orig_mod.hires_body.3.conv1.weight", "_orig_mod.hires_body.3.conv1.bias", "_orig_mod.hires_body.3.norm2.proj.weight", "_orig_mod.hires_body.3.norm2.proj.bias", "_orig_mod.hires_body.3.conv2.weight", "_orig_mod.hires_body.3.conv2.bias", "_orig_mod.down.weight", "_orig_mod.down.bias", "_orig_mod.body.0.norm1.proj.weight", "_orig_mod.body.0.norm1.proj.bias", "_orig_mod.body.0.conv1.weight", "_orig_mod.body.0.conv1.bias", "_orig_mod.body.0.norm2.proj.weight", "_orig_mod.body.0.norm2.proj.bias", "_orig_mod.body.0.conv2.weight", "_orig_mod.body.0.conv2.bias", "_orig_mod.body.1.norm1.proj.weight", "_orig_mod.body.1.norm1.proj.bias", "_orig_mod.body.1.conv1.weight", "_orig_mod.body.1.conv1.bias", "_orig_mod.body.1.norm2.proj.weight", "_orig_mod.body.1.norm2.proj.bias", "_orig_mod.body.1.conv2.weight", "_orig_mod.body.1.conv2.bias", "_orig_mod.dec_conv.weight", "_orig_mod.dec_conv.bias", "_orig_mod.dec_norm.proj.weight", "_orig_mod.dec_norm.proj.bias", "_orig_mod.dec_out.weight", "_orig_mod.dec_out.bias", "_orig_mod.style_texture_head.0.weight", "_orig_mod.style_texture_head.0.bias", "_orig_mod.style_texture_head.2.weight", "_orig_mod.style_texture_head.2.bias", "_orig_mod.projector.0.weight", "_orig_mod.projector.0.bias", "_orig_mod.projector.2.weight", "_orig_mod.projector.2.bias", "_orig_mod.style_delta_gate.weight", "_orig_mod.style_delta_gate.bias". 
	Unexpected key(s) in state_dict: "style_spatial_id_32", "style_spatial_id_16", "style_enc.0.weight", "style_enc.0.bias", "style_enc.2.weight", "style_enc.2.bias", "style_enc.4.weight", "style_enc.4.bias", "style_proj.weight", "style_proj.bias", "style_emb.weight", "enc_in.weight", "enc_in.bias", "hires_body.0.norm1.proj.weight", "hires_body.0.norm1.proj.bias", "hires_body.0.conv1.weight", "hires_body.0.conv1.bias", "hires_body.0.norm2.proj.weight", "hires_body.0.norm2.proj.bias", "hires_body.0.conv2.weight", "hires_body.0.conv2.bias", "hires_body.1.norm1.proj.weight", "hires_body.1.norm1.proj.bias", "hires_body.1.conv1.weight", "hires_body.1.conv1.bias", "hires_body.1.norm2.proj.weight", "hires_body.1.norm2.proj.bias", "hires_body.1.conv2.weight", "hires_body.1.conv2.bias", "hires_body.2.norm1.proj.weight", "hires_body.2.norm1.proj.bias", "hires_body.2.conv1.weight", "hires_body.2.conv1.bias", "hires_body.2.norm2.proj.weight", "hires_body.2.norm2.proj.bias", "hires_body.2.conv2.weight", "hires_body.2.conv2.bias", "hires_body.3.norm1.proj.weight", "hires_body.3.norm1.proj.bias", "hires_body.3.conv1.weight", "hires_body.3.conv1.bias", "hires_body.3.norm2.proj.weight", "hires_body.3.norm2.proj.bias", "hires_body.3.conv2.weight", "hires_body.3.conv2.bias", "down.weight", "down.bias", "body.0.norm1.proj.weight", "body.0.norm1.proj.bias", "body.0.conv1.weight", "body.0.conv1.bias", "body.0.norm2.proj.weight", "body.0.norm2.proj.bias", "body.0.conv2.weight", "body.0.conv2.bias", "body.1.norm1.proj.weight", "body.1.norm1.proj.bias", "body.1.conv1.weight", "body.1.conv1.bias", "body.1.norm2.proj.weight", "body.1.norm2.proj.bias", "body.1.conv2.weight", "body.1.conv2.bias", "dec_conv.weight", "dec_conv.bias", "dec_norm.proj.weight", "dec_norm.proj.bias", "dec_out.weight", "dec_out.bias", "style_texture_head.0.weight", "style_texture_head.0.bias", "style_texture_head.2.weight", "style_texture_head.2.bias", "projector.0.weight", "projector.0.bias", "projector.2.weight", "projector.2.bias", "style_delta_gate.weight", "style_delta_gate.bias".  | missing=79 unexpected=79
2026-02-14 08:58:00,439 - WARNING - Missing keys (first 12): ['_orig_mod.style_spatial_id_32', '_orig_mod.style_spatial_id_16', '_orig_mod.style_enc.0.weight', '_orig_mod.style_enc.0.bias', '_orig_mod.style_enc.2.weight', '_orig_mod.style_enc.2.bias', '_orig_mod.style_enc.4.weight', '_orig_mod.style_enc.4.bias', '_orig_mod.style_proj.weight', '_orig_mod.style_proj.bias', '_orig_mod.style_emb.weight', '_orig_mod.enc_in.weight']
2026-02-14 08:58:00,440 - WARNING - Unexpected keys (first 12): ['style_spatial_id_32', 'style_spatial_id_16', 'style_enc.0.weight', 'style_enc.0.bias', 'style_enc.2.weight', 'style_enc.2.bias', 'style_enc.4.weight', 'style_enc.4.bias', 'style_proj.weight', 'style_proj.bias', 'style_emb.weight', 'enc_in.weight']
2026-02-14 08:58:00,440 - INFO - Resumed from /mnt/i/Github/Latent_Style/Cycle-NCE/style_ablation-50/baseline_50e/epoch_0050.pt at epoch=51 global_step=2450
2026-02-14 08:58:00,441 - INFO - Training completed.


End: 2026-02-14T08:58:01.377190
Exit code: 0
Duration: 0:00:41.488863
