CWD: /mnt/i/Github/Latent_Style/Cycle-NCE/src
Command:
/home/xy/miniconda3/envs/cu128/bin/python /mnt/i/Github/Latent_Style/Cycle-NCE/src/run.py --config /mnt/i/Github/Latent_Style/Cycle-NCE/style_ablation-50/configs/dyn_num_steps_1_to_3.json

Start: 2026-02-14T12:27:12.991235

2026-02-14 12:27:14,664 - INFO - Device: cuda
2026-02-14 12:27:14,664 - INFO - Seed: 42
2026-02-14 12:27:14,664 - INFO - Loading latent dataset from ../../latent-256
2026-02-14 12:27:39,524 - INFO -   style=photo id=0 count=6187
2026-02-14 12:27:46,642 - INFO -   style=Hayao id=1 count=1752
2026-02-14 12:27:46,649 - INFO - DataLoader | batch=64 workers=0 pin_memory=False persistent_workers=False preload_to_gpu=False
2026-02-14 12:27:46,973 - INFO - Model params: 9,003,273
2026-02-14 12:27:46,973 - INFO - Infra | channels_last=False tf32=True grad_ckpt=False compile=False mode=off
2026-02-14 12:27:47,738 - INFO - Precision | amp=False amp_dtype=bf16 grad_scaler=False fused_adamw=False
2026-02-14 12:27:47,743 - INFO - No checkpoint found, start from scratch.

Epoch 1/50:   0%|          | 0/372 [00:00<?, ?it/s]
Epoch 1/50:   0%|          | 1/372 [00:02<16:13,  2.62s/it]
Epoch 1/50:   2%|▏         | 8/372 [00:04<03:07,  1.94it/s]
Epoch 1/50:   2%|▏         | 8/372 [00:05<03:07,  1.94it/s, comp_ms=521.4, cyc=0.0000, data_ms=3.9, eta=208.2s, h=1.09, it_s=1.74, loss=5.2730, pcy=0.00, pnce=0.00, psemi=0.00, s=1.00, semi=0.0000, semib=0.0, sgram=0.0306, steps=2.3, wnce=0.00, xfer=1.00]
Epoch 1/50:   3%|▎         | 13/372 [00:06<02:50,  2.10it/s, comp_ms=521.4, cyc=0.0000, data_ms=3.9, eta=208.2s, h=1.09, it_s=1.74, loss=5.2730, pcy=0.00, pnce=0.00, psemi=0.00, s=1.00, semi=0.0000, semib=0.0, sgram=0.0306, steps=2.3, wnce=0.00, xfer=1.00]
Epoch 1/50:   3%|▎         | 13/372 [00:08<02:50,  2.10it/s, comp_ms=428.2, cyc=0.0000, data_ms=3.8, eta=157.0s, h=1.12, it_s=2.24, loss=4.9625, pcy=0.00, pnce=0.00, psemi=0.00, s=1.00, semi=0.0000, semib=0.0, sgram=0.0305, steps=2.0, wnce=0.00, xfer=1.00]
Epoch 1/50:   5%|▌         | 20/372 [00:08<02:16,  2.58it/s, comp_ms=428.2, cyc=0.0000, data_ms=3.8, eta=157.0s, h=1.12, it_s=2.24, loss=4.9625, pcy=0.00, pnce=0.00, psemi=0.00, s=1.00, semi=0.0000, semib=0.0, sgram=0.0305, steps=2.0, wnce=0.00, xfer=1.00]
Epoch 1/50:   7%|▋         | 26/372 [00:11<02:13,  2.58it/s, comp_ms=428.2, cyc=0.0000, data_ms=3.8, eta=157.0s, h=1.12, it_s=2.24, loss=4.9625, pcy=0.00, pnce=0.00, psemi=0.00, s=1.00, semi=0.0000, semib=0.0, sgram=0.0305, steps=2.0, wnce=0.00, xfer=1.00]
Epoch 1/50:   7%|▋         | 26/372 [00:12<02:13,  2.58it/s, comp_ms=413.4, cyc=0.0000, data_ms=3.8, eta=145.6s, h=1.13, it_s=2.35, loss=4.8493, pcy=0.00, pnce=0.00, psemi=0.00, s=1.00, semi=0.0000, semib=0.0, sgram=0.0304, steps=2.1, wnce=0.00, xfer=1.00]
Epoch 1/50:   9%|▊         | 32/372 [00:13<02:09,  2.63it/s, comp_ms=413.4, cyc=0.0000, data_ms=3.8, eta=145.6s, h=1.13, it_s=2.35, loss=4.8493, pcy=0.00, pnce=0.00, psemi=0.00, s=1.00, semi=0.0000, semib=0.0, sgram=0.0304, steps=2.1, wnce=0.00, xfer=1.00]
Epoch 1/50:  10%|█         | 38/372 [00:15<02:09,  2.57it/s, comp_ms=413.4, cyc=0.0000, data_ms=3.8, eta=145.6s, h=1.13, it_s=2.35, loss=4.8493, pcy=0.00, pnce=0.00, psemi=0.00, s=1.00, semi=0.0000, semib=0.0, sgram=0.0304, steps=2.1, wnce=0.00, xfer=1.00]
Epoch 1/50:  10%|█         | 38/372 [00:16<02:09,  2.57it/s, comp_ms=405.6, cyc=0.0000, data_ms=3.8, eta=138.9s, h=1.13, it_s=2.39, loss=4.7226, pcy=0.00, pnce=0.00, psemi=0.00, s=1.00, semi=0.0000, semib=0.0, sgram=0.0303, steps=2.2, wnce=0.00, xfer=1.00]
Epoch 1/50:  12%|█▏        | 45/372 [00:17<01:55,  2.84it/s, comp_ms=405.6, cyc=0.0000, data_ms=3.8, eta=138.9s, h=1.13, it_s=2.39, loss=4.7226, pcy=0.00, pnce=0.00, psemi=0.00, s=1.00, semi=0.0000, semib=0.0, sgram=0.0303, steps=2.2, wnce=0.00, xfer=1.00]
Epoch 1/50:  12%|█▏        | 45/372 [00:20<01:55,  2.84it/s, comp_ms=387.0, cyc=0.0000, data_ms=3.8, eta=128.5s, h=1.14, it_s=2.51, loss=4.6228, pcy=0.00, pnce=0.00, psemi=0.00, s=1.00, semi=0.0000, semib=0.0, sgram=0.0302, steps=2.1, wnce=0.00, xfer=1.00]
Epoch 1/50:  14%|█▎        | 51/372 [00:20<01:57,  2.72it/s, comp_ms=387.0, cyc=0.0000, data_ms=3.8, eta=128.5s, h=1.14, it_s=2.51, loss=4.6228, pcy=0.00, pnce=0.00, psemi=0.00, s=1.00, semi=0.0000, semib=0.0, sgram=0.0302, steps=2.1, wnce=0.00, xfer=1.00]
Epoch 1/50:  16%|█▌        | 59/372 [00:22<01:43,  3.03it/s, comp_ms=387.0, cyc=0.0000, data_ms=3.8, eta=128.5s, h=1.14, it_s=2.51, loss=4.6228, pcy=0.00, pnce=0.00, psemi=0.00, s=1.00, semi=0.0000, semib=0.0, sgram=0.0302, steps=2.1, wnce=0.00, xfer=1.00]
Epoch 1/50:  16%|█▌        | 59/372 [00:22<01:43,  3.03it/s, comp_ms=370.9, cyc=0.0000, data_ms=3.9, eta=118.7s, h=1.14, it_s=2.63, loss=4.5278, pcy=0.00, pnce=0.00, psemi=0.00, s=1.00, semi=0.0000, semib=0.0, sgram=0.0299, steps=2.0, wnce=0.00, xfer=1.00]
Epoch 1/50:  18%|█▊        | 66/372 [00:25<01:43,  2.94it/s, comp_ms=370.9, cyc=0.0000, data_ms=3.9, eta=118.7s, h=1.14, it_s=2.63, loss=4.5278, pcy=0.00, pnce=0.00, psemi=0.00, s=1.00, semi=0.0000, semib=0.0, sgram=0.0299, steps=2.0, wnce=0.00, xfer=1.00]
Epoch 1/50:  18%|█▊        | 66/372 [00:26<01:43,  2.94it/s, comp_ms=370.4, cyc=0.0000, data_ms=3.9, eta=114.2s, h=1.15, it_s=2.64, loss=4.4641, pcy=0.00, pnce=0.00, psemi=0.00, s=1.00, semi=0.0000, semib=0.0, sgram=0.0297, steps=2.0, wnce=0.00, xfer=1.00]
Epoch 1/50:  20%|█▉        | 73/372 [00:27<01:40,  2.97it/s, comp_ms=370.4, cyc=0.0000, data_ms=3.9, eta=114.2s, h=1.15, it_s=2.64, loss=4.4641, pcy=0.00, pnce=0.00, psemi=0.00, s=1.00, semi=0.0000, semib=0.0, sgram=0.0297, steps=2.0, wnce=0.00, xfer=1.00]
Epoch 1/50:  20%|█▉        | 73/372 [00:29<01:40,  2.97it/s, comp_ms=362.3, cyc=0.0000, data_ms=3.9, eta=108.2s, h=1.15, it_s=2.70, loss=4.3871, pcy=0.00, pnce=0.00, psemi=0.00, s=1.00, semi=0.0000, semib=0.0, sgram=0.0293, steps=2.0, wnce=0.00, xfer=1.00]
Epoch 1/50:  22%|██▏       | 80/372 [00:29<01:39,  2.93it/s, comp_ms=362.3, cyc=0.0000, data_ms=3.9, eta=108.2s, h=1.15, it_s=2.70, loss=4.3871, pcy=0.00, pnce=0.00, psemi=0.00, s=1.00, semi=0.0000, semib=0.0, sgram=0.0293, steps=2.0, wnce=0.00, xfer=1.00]
Epoch 1/50:  23%|██▎       | 87/372 [00:32<01:35,  3.00it/s, comp_ms=362.3, cyc=0.0000, data_ms=3.9, eta=108.2s, h=1.15, it_s=2.70, loss=4.3871, pcy=0.00, pnce=0.00, psemi=0.00, s=1.00, semi=0.0000, semib=0.0, sgram=0.0293, steps=2.0, wnce=0.00, xfer=1.00]
Epoch 1/50:  23%|██▎       | 87/372 [00:33<01:35,  3.00it/s, comp_ms=361.5, cyc=0.0000, data_ms=3.9, eta=104.6s, h=1.15, it_s=2.70, loss=4.3324, pcy=0.00, pnce=0.00, psemi=0.00, s=1.00, semi=0.0000, semib=0.0, sgram=0.0291, steps=2.0, wnce=0.00, xfer=1.00]
Epoch 1/50:  25%|██▌       | 94/372 [00:34<01:40,  2.78it/s, comp_ms=361.5, cyc=0.0000, data_ms=3.9, eta=104.6s, h=1.15, it_s=2.70, loss=4.3324, pcy=0.00, pnce=0.00, psemi=0.00, s=1.00, semi=0.0000, semib=0.0, sgram=0.0291, steps=2.0, wnce=0.00, xfer=1.00]
Epoch 1/50:  25%|██▌       | 94/372 [00:36<01:40,  2.78it/s, comp_ms=357.8, cyc=0.0000, data_ms=3.9, eta=99.4s, h=1.15, it_s=2.74, loss=4.2814, pcy=0.00, pnce=0.00, psemi=0.00, s=1.00, semi=0.0000, semib=0.0, sgram=0.0288, steps=2.0, wnce=0.00, xfer=1.00] 
Epoch 1/50:  27%|██▋       | 102/372 [00:37<01:28,  3.04it/s, comp_ms=357.8, cyc=0.0000, data_ms=3.9, eta=99.4s, h=1.15, it_s=2.74, loss=4.2814, pcy=0.00, pnce=0.00, psemi=0.00, s=1.00, semi=0.0000, semib=0.0, sgram=0.0288, steps=2.0, wnce=0.00, xfer=1.00]
Epoch 1/50:  29%|██▉       | 109/372 [00:39<01:23,  3.13it/s, comp_ms=357.8, cyc=0.0000, data_ms=3.9, eta=99.4s, h=1.15, it_s=2.74, loss=4.2814, pcy=0.00, pnce=0.00, psemi=0.00, s=1.00, semi=0.0000, semib=0.0, sgram=0.0288, steps=2.0, wnce=0.00, xfer=1.00]
Epoch 1/50:  29%|██▉       | 109/372 [00:39<01:23,  3.13it/s, comp_ms=352.0, cyc=0.0000, data_ms=3.9, eta=94.1s, h=1.15, it_s=2.79, loss=4.2334, pcy=0.00, pnce=0.00, psemi=0.00, s=1.00, semi=0.0000, semib=0.0, sgram=0.0285, steps=2.0, wnce=0.00, xfer=1.00]
Epoch 1/50:  31%|███       | 116/372 [00:41<01:19,  3.22it/s, comp_ms=352.0, cyc=0.0000, data_ms=3.9, eta=94.1s, h=1.15, it_s=2.79, loss=4.2334, pcy=0.00, pnce=0.00, psemi=0.00, s=1.00, semi=0.0000, semib=0.0, sgram=0.0285, steps=2.0, wnce=0.00, xfer=1.00]
Epoch 1/50:  31%|███       | 116/372 [00:42<01:19,  3.22it/s, comp_ms=346.5, cyc=0.0000, data_ms=3.9, eta=89.4s, h=1.15, it_s=2.82, loss=4.1907, pcy=0.00, pnce=0.00, psemi=0.00, s=1.00, semi=0.0000, semib=0.0, sgram=0.0282, steps=2.0, wnce=0.00, xfer=1.00]
Epoch 1/50:  33%|███▎      | 123/372 [00:43<01:17,  3.22it/s, comp_ms=346.5, cyc=0.0000, data_ms=3.9, eta=89.4s, h=1.15, it_s=2.82, loss=4.1907, pcy=0.00, pnce=0.00, psemi=0.00, s=1.00, semi=0.0000, semib=0.0, sgram=0.0282, steps=2.0, wnce=0.00, xfer=1.00]
Epoch 1/50:  33%|███▎      | 123/372 [00:46<01:17,  3.22it/s, comp_ms=345.9, cyc=0.0000, data_ms=3.9, eta=85.4s, h=1.15, it_s=2.83, loss=4.1553, pcy=0.00, pnce=0.00, psemi=0.00, s=1.00, semi=0.0000, semib=0.0, sgram=0.0279, steps=2.0, wnce=0.00, xfer=1.00]
Epoch 1/50:  35%|███▍      | 130/372 [00:46<01:20,  3.00it/s, comp_ms=345.9, cyc=0.0000, data_ms=3.9, eta=85.4s, h=1.15, it_s=2.83, loss=4.1553, pcy=0.00, pnce=0.00, psemi=0.00, s=1.00, semi=0.0000, semib=0.0, sgram=0.0279, steps=2.0, wnce=0.00, xfer=1.00]
Epoch 1/50:  37%|███▋      | 137/372 [00:48<01:21,  2.89it/s, comp_ms=345.9, cyc=0.0000, data_ms=3.9, eta=85.4s, h=1.15, it_s=2.83, loss=4.1553, pcy=0.00, pnce=0.00, psemi=0.00, s=1.00, semi=0.0000, semib=0.0, sgram=0.0279, steps=2.0, wnce=0.00, xfer=1.00]
Epoch 1/50:  37%|███▋      | 137/372 [00:49<01:21,  2.89it/s, comp_ms=347.9, cyc=0.0000, data_ms=3.9, eta=82.0s, h=1.15, it_s=2.83, loss=4.1201, pcy=0.00, pnce=0.00, psemi=0.00, s=1.00, semi=0.0000, semib=0.0, sgram=0.0276, steps=2.0, wnce=0.00, xfer=1.00]
Epoch 1/50:  38%|███▊      | 143/372 [00:50<01:19,  2.89it/s, comp_ms=347.9, cyc=0.0000, data_ms=3.9, eta=82.0s, h=1.15, it_s=2.83, loss=4.1201, pcy=0.00, pnce=0.00, psemi=0.00, s=1.00, semi=0.0000, semib=0.0, sgram=0.0276, steps=2.0, wnce=0.00, xfer=1.00]
Epoch 1/50:  40%|████      | 149/372 [00:52<01:18,  2.84it/s, comp_ms=347.9, cyc=0.0000, data_ms=3.9, eta=82.0s, h=1.15, it_s=2.83, loss=4.1201, pcy=0.00, pnce=0.00, psemi=0.00, s=1.00, semi=0.0000, semib=0.0, sgram=0.0276, steps=2.0, wnce=0.00, xfer=1.00]
Epoch 1/50:  40%|████      | 149/372 [00:53<01:18,  2.84it/s, comp_ms=349.1, cyc=0.0000, data_ms=4.0, eta=79.1s, h=1.15, it_s=2.81, loss=4.0865, pcy=0.00, pnce=0.00, psemi=0.00, s=1.00, semi=0.0000, semib=0.0, sgram=0.0273, steps=2.0, wnce=0.00, xfer=1.00]
Epoch 1/50:  42%|████▏     | 156/372 [00:55<01:12,  2.99it/s, comp_ms=349.1, cyc=0.0000, data_ms=4.0, eta=79.1s, h=1.15, it_s=2.81, loss=4.0865, pcy=0.00, pnce=0.00, psemi=0.00, s=1.00, semi=0.0000, semib=0.0, sgram=0.0273, steps=2.0, wnce=0.00, xfer=1.00]
Epoch 1/50:  42%|████▏     | 156/372 [00:56<01:12,  2.99it/s, comp_ms=347.0, cyc=0.0000, data_ms=3.9, eta=75.1s, h=1.15, it_s=2.82, loss=4.0621, pcy=0.00, pnce=0.00, psemi=0.00, s=1.00, semi=0.0000, semib=0.0, sgram=0.0271, steps=2.0, wnce=0.00, xfer=1.00]
Epoch 1/50:  44%|████▍     | 163/372 [00:57<01:15,  2.78it/s, comp_ms=347.0, cyc=0.0000, data_ms=3.9, eta=75.1s, h=1.15, it_s=2.82, loss=4.0621, pcy=0.00, pnce=0.00, psemi=0.00, s=1.00, semi=0.0000, semib=0.0, sgram=0.0271, steps=2.0, wnce=0.00, xfer=1.00]
Epoch 1/50:  44%|████▍     | 163/372 [01:00<01:15,  2.78it/s, comp_ms=347.7, cyc=0.0000, data_ms=4.0, eta=71.6s, h=1.15, it_s=2.82, loss=4.0342, pcy=0.00, pnce=0.00, psemi=0.00, s=1.00, semi=0.0000, semib=0.0, sgram=0.0269, steps=2.0, wnce=0.00, xfer=1.00]
Epoch 1/50:  46%|████▌     | 170/372 [01:00<01:13,  2.75it/s, comp_ms=347.7, cyc=0.0000, data_ms=4.0, eta=71.6s, h=1.15, it_s=2.82, loss=4.0342, pcy=0.00, pnce=0.00, psemi=0.00, s=1.00, semi=0.0000, semib=0.0, sgram=0.0269, steps=2.0, wnce=0.00, xfer=1.00]
Epoch 1/50:  48%|████▊     | 178/372 [01:02<01:04,  2.99it/s, comp_ms=347.7, cyc=0.0000, data_ms=4.0, eta=71.6s, h=1.15, it_s=2.82, loss=4.0342, pcy=0.00, pnce=0.00, psemi=0.00, s=1.00, semi=0.0000, semib=0.0, sgram=0.0269, steps=2.0, wnce=0.00, xfer=1.00]
Epoch 1/50:  48%|████▊     | 178/372 [01:03<01:04,  2.99it/s, comp_ms=346.8, cyc=0.0000, data_ms=4.0, eta=68.0s, h=1.15, it_s=2.82, loss=4.0123, pcy=0.00, pnce=0.00, psemi=0.00, s=1.00, semi=0.0000, semib=0.0, sgram=0.0267, steps=2.0, wnce=0.00, xfer=1.00]
Epoch 1/50:  50%|████▉     | 185/372 [01:05<01:01,  3.02it/s, comp_ms=346.8, cyc=0.0000, data_ms=4.0, eta=68.0s, h=1.15, it_s=2.82, loss=4.0123, pcy=0.00, pnce=0.00, psemi=0.00, s=1.00, semi=0.0000, semib=0.0, sgram=0.0267, steps=2.0, wnce=0.00, xfer=1.00]
Epoch 1/50:  50%|████▉     | 185/372 [01:07<01:01,  3.02it/s, comp_ms=347.8, cyc=0.0000, data_ms=4.0, eta=64.4s, h=1.15, it_s=2.83, loss=3.9954, pcy=0.00, pnce=0.00, psemi=0.00, s=1.00, semi=0.0000, semib=0.0, sgram=0.0265, steps=2.0, wnce=0.00, xfer=1.00]
Epoch 1/50:  52%|█████▏    | 192/372 [01:07<01:01,  2.92it/s, comp_ms=347.8, cyc=0.0000, data_ms=4.0, eta=64.4s, h=1.15, it_s=2.83, loss=3.9954, pcy=0.00, pnce=0.00, psemi=0.00, s=1.00, semi=0.0000, semib=0.0, sgram=0.0265, steps=2.0, wnce=0.00, xfer=1.00]
Epoch 1/50:  53%|█████▎    | 198/372 [01:09<01:01,  2.82it/s, comp_ms=347.8, cyc=0.0000, data_ms=4.0, eta=64.4s, h=1.15, it_s=2.83, loss=3.9954, pcy=0.00, pnce=0.00, psemi=0.00, s=1.00, semi=0.0000, semib=0.0, sgram=0.0265, steps=2.0, wnce=0.00, xfer=1.00]
Epoch 1/50:  53%|█████▎    | 198/372 [01:10<01:01,  2.82it/s, comp_ms=346.7, cyc=0.0000, data_ms=4.0, eta=60.5s, h=1.15, it_s=2.84, loss=3.9742, pcy=0.00, pnce=0.00, psemi=0.00, s=1.00, semi=0.0000, semib=0.0, sgram=0.0262, steps=1.9, wnce=0.00, xfer=1.00]
Epoch 1/50:  55%|█████▌    | 205/372 [01:12<00:56,  2.97it/s, comp_ms=346.7, cyc=0.0000, data_ms=4.0, eta=60.5s, h=1.15, it_s=2.84, loss=3.9742, pcy=0.00, pnce=0.00, psemi=0.00, s=1.00, semi=0.0000, semib=0.0, sgram=0.0262, steps=1.9, wnce=0.00, xfer=1.00]
Epoch 1/50:  55%|█████▌    | 205/372 [01:14<00:56,  2.97it/s, comp_ms=346.3, cyc=0.0000, data_ms=4.0, eta=57.0s, h=1.15, it_s=2.84, loss=3.9530, pcy=0.00, pnce=0.00, psemi=0.00, s=1.00, semi=0.0000, semib=0.0, sgram=0.0260, steps=1.9, wnce=0.00, xfer=1.00]
Epoch 1/50:  57%|█████▋    | 212/372 [01:14<00:57,  2.80it/s, comp_ms=346.3, cyc=0.0000, data_ms=4.0, eta=57.0s, h=1.15, it_s=2.84, loss=3.9530, pcy=0.00, pnce=0.00, psemi=0.00, s=1.00, semi=0.0000, semib=0.0, sgram=0.0260, steps=1.9, wnce=0.00, xfer=1.00]
Epoch 1/50:  59%|█████▊    | 218/372 [01:17<00:56,  2.75it/s, comp_ms=346.3, cyc=0.0000, data_ms=4.0, eta=57.0s, h=1.15, it_s=2.84, loss=3.9530, pcy=0.00, pnce=0.00, psemi=0.00, s=1.00, semi=0.0000, semib=0.0, sgram=0.0260, steps=1.9, wnce=0.00, xfer=1.00]
Epoch 1/50:  59%|█████▊    | 218/372 [01:18<00:56,  2.75it/s, comp_ms=349.0, cyc=0.0000, data_ms=4.0, eta=53.9s, h=1.15, it_s=2.82, loss=3.9350, pcy=0.00, pnce=0.00, psemi=0.00, s=1.00, semi=0.0000, semib=0.0, sgram=0.0258, steps=2.0, wnce=0.00, xfer=1.00]
Epoch 1/50:  60%|██████    | 224/372 [01:19<00:54,  2.72it/s, comp_ms=349.0, cyc=0.0000, data_ms=4.0, eta=53.9s, h=1.15, it_s=2.82, loss=3.9350, pcy=0.00, pnce=0.00, psemi=0.00, s=1.00, semi=0.0000, semib=0.0, sgram=0.0258, steps=2.0, wnce=0.00, xfer=1.00]
Epoch 1/50:  60%|██████    | 224/372 [01:22<00:54,  2.72it/s, comp_ms=350.4, cyc=0.0000, data_ms=4.0, eta=50.6s, h=1.15, it_s=2.80, loss=3.9200, pcy=0.00, pnce=0.00, psemi=0.00, s=1.00, semi=0.0000, semib=0.0, sgram=0.0257, steps=2.0, wnce=0.00, xfer=1.00]
Epoch 1/50:  62%|██████▏   | 230/372 [01:22<00:56,  2.51it/s, comp_ms=350.4, cyc=0.0000, data_ms=4.0, eta=50.6s, h=1.15, it_s=2.80, loss=3.9200, pcy=0.00, pnce=0.00, psemi=0.00, s=1.00, semi=0.0000, semib=0.0, sgram=0.0257, steps=2.0, wnce=0.00, xfer=1.00]
Epoch 1/50:  64%|██████▍   | 238/372 [01:24<00:48,  2.75it/s, comp_ms=350.4, cyc=0.0000, data_ms=4.0, eta=50.6s, h=1.15, it_s=2.80, loss=3.9200, pcy=0.00, pnce=0.00, psemi=0.00, s=1.00, semi=0.0000, semib=0.0, sgram=0.0257, steps=2.0, wnce=0.00, xfer=1.00]
Epoch 1/50:  64%|██████▍   | 238/372 [01:25<00:48,  2.75it/s, comp_ms=350.9, cyc=0.0000, data_ms=3.9, eta=47.0s, h=1.15, it_s=2.81, loss=3.9090, pcy=0.00, pnce=0.00, psemi=0.00, s=1.00, semi=0.0000, semib=0.0, sgram=0.0255, steps=2.0, wnce=0.00, xfer=1.00]
Epoch 1/50:  66%|██████▌   | 244/372 [01:26<00:46,  2.76it/s, comp_ms=350.9, cyc=0.0000, data_ms=3.9, eta=47.0s, h=1.15, it_s=2.81, loss=3.9090, pcy=0.00, pnce=0.00, psemi=0.00, s=1.00, semi=0.0000, semib=0.0, sgram=0.0255, steps=2.0, wnce=0.00, xfer=1.00]
Epoch 1/50:  66%|██████▌   | 244/372 [01:28<00:46,  2.76it/s, comp_ms=348.9, cyc=0.0000, data_ms=3.9, eta=43.3s, h=1.15, it_s=2.82, loss=3.8954, pcy=0.00, pnce=0.00, psemi=0.00, s=1.00, semi=0.0000, semib=0.0, sgram=0.0254, steps=2.0, wnce=0.00, xfer=1.00]
Epoch 1/50:  67%|██████▋   | 250/372 [01:28<00:44,  2.76it/s, comp_ms=348.9, cyc=0.0000, data_ms=3.9, eta=43.3s, h=1.15, it_s=2.82, loss=3.8954, pcy=0.00, pnce=0.00, psemi=0.00, s=1.00, semi=0.0000, semib=0.0, sgram=0.0254, steps=2.0, wnce=0.00, xfer=1.00]
Epoch 1/50:  70%|██████▉   | 259/372 [01:31<00:36,  3.14it/s, comp_ms=348.9, cyc=0.0000, data_ms=3.9, eta=43.3s, h=1.15, it_s=2.82, loss=3.8954, pcy=0.00, pnce=0.00, psemi=0.00, s=1.00, semi=0.0000, semib=0.0, sgram=0.0254, steps=2.0, wnce=0.00, xfer=1.00]
Epoch 1/50:  70%|██████▉   | 259/372 [01:31<00:36,  3.14it/s, comp_ms=346.8, cyc=0.0000, data_ms=3.9, eta=39.5s, h=1.15, it_s=2.84, loss=3.8807, pcy=0.00, pnce=0.00, psemi=0.00, s=1.00, semi=0.0000, semib=0.0, sgram=0.0252, steps=2.0, wnce=0.00, xfer=1.00]
Epoch 1/50:  72%|███████▏  | 266/372 [01:33<00:36,  2.92it/s, comp_ms=346.8, cyc=0.0000, data_ms=3.9, eta=39.5s, h=1.15, it_s=2.84, loss=3.8807, pcy=0.00, pnce=0.00, psemi=0.00, s=1.00, semi=0.0000, semib=0.0, sgram=0.0252, steps=2.0, wnce=0.00, xfer=1.00]
Epoch 1/50:  72%|███████▏  | 266/372 [01:35<00:36,  2.92it/s, comp_ms=347.7, cyc=0.0000, data_ms=3.9, eta=36.0s, h=1.15, it_s=2.83, loss=3.8643, pcy=0.00, pnce=0.00, psemi=0.00, s=1.00, semi=0.0000, semib=0.0, sgram=0.0251, steps=2.0, wnce=0.00, xfer=1.00]
Epoch 1/50:  74%|███████▎  | 274/372 [01:36<00:31,  3.09it/s, comp_ms=347.7, cyc=0.0000, data_ms=3.9, eta=36.0s, h=1.15, it_s=2.83, loss=3.8643, pcy=0.00, pnce=0.00, psemi=0.00, s=1.00, semi=0.0000, semib=0.0, sgram=0.0251, steps=2.0, wnce=0.00, xfer=1.00]
Epoch 1/50:  74%|███████▎  | 274/372 [01:37<00:31,  3.09it/s, comp_ms=344.1, cyc=0.0000, data_ms=3.9, eta=32.1s, h=1.15, it_s=2.86, loss=3.8513, pcy=0.00, pnce=0.00, psemi=0.00, s=1.00, semi=0.0000, semib=0.0, sgram=0.0249, steps=1.9, wnce=0.00, xfer=1.00]
Epoch 1/50:  76%|███████▌  | 282/372 [01:38<00:28,  3.19it/s, comp_ms=344.1, cyc=0.0000, data_ms=3.9, eta=32.1s, h=1.15, it_s=2.86, loss=3.8513, pcy=0.00, pnce=0.00, psemi=0.00, s=1.00, semi=0.0000, semib=0.0, sgram=0.0249, steps=1.9, wnce=0.00, xfer=1.00]
Epoch 1/50:  78%|███████▊  | 289/372 [01:41<00:27,  3.00it/s, comp_ms=344.1, cyc=0.0000, data_ms=3.9, eta=32.1s, h=1.15, it_s=2.86, loss=3.8513, pcy=0.00, pnce=0.00, psemi=0.00, s=1.00, semi=0.0000, semib=0.0, sgram=0.0249, steps=1.9, wnce=0.00, xfer=1.00]
Epoch 1/50:  78%|███████▊  | 289/372 [01:41<00:27,  3.00it/s, comp_ms=345.3, cyc=0.0000, data_ms=3.9, eta=28.7s, h=1.15, it_s=2.85, loss=3.8413, pcy=0.00, pnce=0.00, psemi=0.00, s=1.00, semi=0.0000, semib=0.0, sgram=0.0248, steps=2.0, wnce=0.00, xfer=1.00]
Epoch 1/50:  80%|███████▉  | 296/372 [01:44<00:27,  2.79it/s, comp_ms=345.3, cyc=0.0000, data_ms=3.9, eta=28.7s, h=1.15, it_s=2.85, loss=3.8413, pcy=0.00, pnce=0.00, psemi=0.00, s=1.00, semi=0.0000, semib=0.0, sgram=0.0248, steps=2.0, wnce=0.00, xfer=1.00]
Epoch 1/50:  80%|███████▉  | 296/372 [01:46<00:27,  2.79it/s, comp_ms=348.0, cyc=0.0000, data_ms=3.9, eta=25.4s, h=1.15, it_s=2.83, loss=3.8271, pcy=0.00, pnce=0.00, psemi=0.00, s=1.00, semi=0.0000, semib=0.0, sgram=0.0247, steps=2.0, wnce=0.00, xfer=1.00]
Epoch 1/50:  81%|████████  | 302/372 [01:46<00:25,  2.75it/s, comp_ms=348.0, cyc=0.0000, data_ms=3.9, eta=25.4s, h=1.15, it_s=2.83, loss=3.8271, pcy=0.00, pnce=0.00, psemi=0.00, s=1.00, semi=0.0000, semib=0.0, sgram=0.0247, steps=2.0, wnce=0.00, xfer=1.00]
Epoch 1/50:  83%|████████▎ | 308/372 [01:48<00:22,  2.80it/s, comp_ms=348.0, cyc=0.0000, data_ms=3.9, eta=25.4s, h=1.15, it_s=2.83, loss=3.8271, pcy=0.00, pnce=0.00, psemi=0.00, s=1.00, semi=0.0000, semib=0.0, sgram=0.0247, steps=2.0, wnce=0.00, xfer=1.00]
Epoch 1/50:  83%|████████▎ | 308/372 [01:49<00:22,  2.80it/s, comp_ms=347.2, cyc=0.0000, data_ms=3.9, eta=21.8s, h=1.15, it_s=2.84, loss=3.8203, pcy=0.00, pnce=0.00, psemi=0.00, s=1.00, semi=0.0000, semib=0.0, sgram=0.0246, steps=2.0, wnce=0.00, xfer=1.00]
Epoch 1/50:  85%|████████▍ | 316/372 [01:50<00:18,  3.02it/s, comp_ms=347.2, cyc=0.0000, data_ms=3.9, eta=21.8s, h=1.15, it_s=2.84, loss=3.8203, pcy=0.00, pnce=0.00, psemi=0.00, s=1.00, semi=0.0000, semib=0.0, sgram=0.0246, steps=2.0, wnce=0.00, xfer=1.00]
Epoch 1/50:  85%|████████▍ | 316/372 [01:52<00:18,  3.02it/s, comp_ms=345.4, cyc=0.0000, data_ms=3.9, eta=18.2s, h=1.15, it_s=2.86, loss=3.8119, pcy=0.00, pnce=0.00, psemi=0.00, s=1.00, semi=0.0000, semib=0.0, sgram=0.0245, steps=2.0, wnce=0.00, xfer=1.00]
Epoch 1/50:  87%|████████▋ | 323/372 [01:53<00:16,  3.04it/s, comp_ms=345.4, cyc=0.0000, data_ms=3.9, eta=18.2s, h=1.15, it_s=2.86, loss=3.8119, pcy=0.00, pnce=0.00, psemi=0.00, s=1.00, semi=0.0000, semib=0.0, sgram=0.0245, steps=2.0, wnce=0.00, xfer=1.00]
Epoch 1/50:  87%|████████▋ | 323/372 [01:56<00:16,  3.04it/s, comp_ms=346.9, cyc=0.0000, data_ms=3.9, eta=14.8s, h=1.15, it_s=2.84, loss=3.7997, pcy=0.00, pnce=0.00, psemi=0.00, s=1.00, semi=0.0000, semib=0.0, sgram=0.0244, steps=2.0, wnce=0.00, xfer=1.00]
Epoch 1/50:  89%|████████▊ | 330/372 [01:56<00:15,  2.68it/s, comp_ms=346.9, cyc=0.0000, data_ms=3.9, eta=14.8s, h=1.15, it_s=2.84, loss=3.7997, pcy=0.00, pnce=0.00, psemi=0.00, s=1.00, semi=0.0000, semib=0.0, sgram=0.0244, steps=2.0, wnce=0.00, xfer=1.00]
Epoch 1/50:  90%|█████████ | 336/372 [01:58<00:13,  2.73it/s, comp_ms=346.9, cyc=0.0000, data_ms=3.9, eta=14.8s, h=1.15, it_s=2.84, loss=3.7997, pcy=0.00, pnce=0.00, psemi=0.00, s=1.00, semi=0.0000, semib=0.0, sgram=0.0244, steps=2.0, wnce=0.00, xfer=1.00]
Epoch 1/50:  90%|█████████ | 336/372 [02:00<00:13,  2.73it/s, comp_ms=348.1, cyc=0.0000, data_ms=3.9, eta=11.3s, h=1.15, it_s=2.83, loss=3.7879, pcy=0.00, pnce=0.00, psemi=0.00, s=1.00, semi=0.0000, semib=0.0, sgram=0.0243, steps=2.0, wnce=0.00, xfer=1.00]
Epoch 1/50:  92%|█████████▏| 342/372 [02:00<00:11,  2.63it/s, comp_ms=348.1, cyc=0.0000, data_ms=3.9, eta=11.3s, h=1.15, it_s=2.83, loss=3.7879, pcy=0.00, pnce=0.00, psemi=0.00, s=1.00, semi=0.0000, semib=0.0, sgram=0.0243, steps=2.0, wnce=0.00, xfer=1.00]
Epoch 1/50:  94%|█████████▎| 348/372 [02:03<00:08,  2.68it/s, comp_ms=348.1, cyc=0.0000, data_ms=3.9, eta=11.3s, h=1.15, it_s=2.83, loss=3.7879, pcy=0.00, pnce=0.00, psemi=0.00, s=1.00, semi=0.0000, semib=0.0, sgram=0.0243, steps=2.0, wnce=0.00, xfer=1.00]
Epoch 1/50:  94%|█████████▎| 348/372 [02:03<00:08,  2.68it/s, comp_ms=348.5, cyc=0.0000, data_ms=3.9, eta=7.8s, h=1.15, it_s=2.83, loss=3.7796, pcy=0.00, pnce=0.00, psemi=0.00, s=1.00, semi=0.0000, semib=0.0, sgram=0.0242, steps=2.0, wnce=0.00, xfer=1.00] 
Epoch 1/50:  95%|█████████▌| 354/372 [02:05<00:06,  2.73it/s, comp_ms=348.5, cyc=0.0000, data_ms=3.9, eta=7.8s, h=1.15, it_s=2.83, loss=3.7796, pcy=0.00, pnce=0.00, psemi=0.00, s=1.00, semi=0.0000, semib=0.0, sgram=0.0242, steps=2.0, wnce=0.00, xfer=1.00]
Epoch 1/50:  95%|█████████▌| 354/372 [02:07<00:06,  2.73it/s, comp_ms=348.5, cyc=0.0000, data_ms=3.9, eta=4.2s, h=1.15, it_s=2.83, loss=3.7680, pcy=0.00, pnce=0.00, psemi=0.00, s=1.00, semi=0.0000, semib=0.0, sgram=0.0241, steps=2.0, wnce=0.00, xfer=1.00]
Epoch 1/50:  97%|█████████▋| 360/372 [02:07<00:04,  2.79it/s, comp_ms=348.5, cyc=0.0000, data_ms=3.9, eta=4.2s, h=1.15, it_s=2.83, loss=3.7680, pcy=0.00, pnce=0.00, psemi=0.00, s=1.00, semi=0.0000, semib=0.0, sgram=0.0241, steps=2.0, wnce=0.00, xfer=1.00]
Epoch 1/50:  98%|█████████▊| 366/372 [02:09<00:02,  2.75it/s, comp_ms=348.5, cyc=0.0000, data_ms=3.9, eta=4.2s, h=1.15, it_s=2.83, loss=3.7680, pcy=0.00, pnce=0.00, psemi=0.00, s=1.00, semi=0.0000, semib=0.0, sgram=0.0241, steps=2.0, wnce=0.00, xfer=1.00]
Epoch 1/50:  98%|█████████▊| 366/372 [02:10<00:02,  2.75it/s, comp_ms=348.3, cyc=0.0000, data_ms=3.9, eta=0.7s, h=1.15, it_s=2.83, loss=3.7596, pcy=0.00, pnce=0.00, psemi=0.00, s=1.00, semi=0.0000, semib=0.0, sgram=0.0240, steps=2.0, wnce=0.00, xfer=1.00]
Epoch 1/50: 100%|██████████| 372/372 [02:11<00:00,  2.80it/s, comp_ms=348.3, cyc=0.0000, data_ms=3.9, eta=0.7s, h=1.15, it_s=2.83, loss=3.7596, pcy=0.00, pnce=0.00, psemi=0.00, s=1.00, semi=0.0000, semib=0.0, sgram=0.0240, steps=2.0, wnce=0.00, xfer=1.00]
Epoch 1/50: 100%|██████████| 372/372 [02:11<00:00,  2.83it/s, comp_ms=348.3, cyc=0.0000, data_ms=3.9, eta=0.7s, h=1.15, it_s=2.83, loss=3.7596, pcy=0.00, pnce=0.00, psemi=0.00, s=1.00, semi=0.0000, semib=0.0, sgram=0.0240, steps=2.0, wnce=0.00, xfer=1.00]
2026-02-14 12:29:59,371 - INFO - Epoch 1/50 | loss=3.7584 code=0.0000 cpn=0.000 crn=0.000 cycle=0.0000 sgram=0.0240 cmoment=0.1593 push=0.0000 dtv=0.1985 stv=0.0866 nce=0.0000 semi=0.0000 semib=0.0 steps=2.0 h=1.15 s=1.00 slot=0 pth=0.00 pcy=0.00 pst=1.00 pnce=0.00 psemi=0.00 wcyc=0.00 wnce=0.00 wsemi=0.00 xfer=1.00 lr=2.00e-04 data=1.5s comp=130.1s
[Epoch 1/50] loss=3.7584 distill=0.0000 code=0.0000 cpn=0.000 crn=0.000 cycle=0.0000 sgram=0.0240 cmoment=0.1593 push=0.0000 dtv=0.1985 stv=0.0866 nce=0.0000 semi=0.0000 semib=0.0 steps=2.0 h=1.15 s=1.00 slot=0 pth=0.00 pcy=0.00 pst=1.00 pnce=0.00 psemi=0.00 wcyc=0.00 wnce=0.00 wsemi=0.00 xfer=1.00 | data=1.5s compute=130.1s total=131.5s

Epoch 2/50:   0%|          | 0/372 [00:00<?, ?it/s]
Epoch 2/50:   2%|▏         | 7/372 [00:02<01:59,  3.05it/s]
Epoch 2/50:   2%|▏         | 7/372 [00:03<01:59,  3.05it/s, comp_ms=287.1, cyc=0.0000, data_ms=4.0, eta=123.5s, h=1.17, it_s=2.93, loss=3.5243, pcy=0.00, pnce=0.00, psemi=0.00, s=1.00, semi=0.0000, semib=0.0, sgram=0.0206, steps=2.1, wnce=0.00, xfer=1.00]
Epoch 2/50:   4%|▍         | 14/372 [00:04<02:02,  2.92it/s, comp_ms=287.1, cyc=0.0000, data_ms=4.0, eta=123.5s, h=1.17, it_s=2.93, loss=3.5243, pcy=0.00, pnce=0.00, psemi=0.00, s=1.00, semi=0.0000, semib=0.0, sgram=0.0206, steps=2.1, wnce=0.00, xfer=1.00]
Epoch 2/50:   4%|▍         | 14/372 [00:06<02:02,  2.92it/s, comp_ms=301.8, cyc=0.0000, data_ms=4.0, eta=113.9s, h=1.14, it_s=3.09, loss=3.4675, pcy=0.00, pnce=0.00, psemi=0.00, s=1.00, semi=0.0000, semib=0.0, sgram=0.0205, steps=1.9, wnce=0.00, xfer=1.00]
Epoch 2/50:   6%|▌         | 22/372 [00:07<01:49,  3.20it/s, comp_ms=301.8, cyc=0.0000, data_ms=4.0, eta=113.9s, h=1.14, it_s=3.09, loss=3.4675, pcy=0.00, pnce=0.00, psemi=0.00, s=1.00, semi=0.0000, semib=0.0, sgram=0.0205, steps=1.9, wnce=0.00, xfer=1.00]
Epoch 2/50:   8%|▊         | 29/372 [00:09<01:58,  2.90it/s, comp_ms=301.8, cyc=0.0000, data_ms=4.0, eta=113.9s, h=1.14, it_s=3.09, loss=3.4675, pcy=0.00, pnce=0.00, psemi=0.00, s=1.00, semi=0.0000, semib=0.0, sgram=0.0205, steps=1.9, wnce=0.00, xfer=1.00]
Epoch 2/50:   8%|▊         | 29/372 [00:10<01:58,  2.90it/s, comp_ms=322.8, cyc=0.0000, data_ms=3.9, eta=115.5s, h=1.13, it_s=2.96, loss=3.4295, pcy=0.00, pnce=0.00, psemi=0.00, s=1.00, semi=0.0000, semib=0.0, sgram=0.0206, steps=2.0, wnce=0.00, xfer=1.00]
Epoch 2/50:  10%|▉         | 36/372 [00:12<01:54,  2.93it/s, comp_ms=322.8, cyc=0.0000, data_ms=3.9, eta=115.5s, h=1.13, it_s=2.96, loss=3.4295, pcy=0.00, pnce=0.00, psemi=0.00, s=1.00, semi=0.0000, semib=0.0, sgram=0.0206, steps=2.0, wnce=0.00, xfer=1.00]
Epoch 2/50:  10%|▉         | 36/372 [00:13<01:54,  2.93it/s, comp_ms=329.1, cyc=0.0000, data_ms=4.1, eta=113.6s, h=1.14, it_s=2.92, loss=3.4171, pcy=0.00, pnce=0.00, psemi=0.00, s=1.00, semi=0.0000, semib=0.0, sgram=0.0205, steps=2.0, wnce=0.00, xfer=1.00]
Epoch 2/50:  11%|█▏        | 42/372 [00:14<01:56,  2.84it/s, comp_ms=329.1, cyc=0.0000, data_ms=4.1, eta=113.6s, h=1.14, it_s=2.92, loss=3.4171, pcy=0.00, pnce=0.00, psemi=0.00, s=1.00, semi=0.0000, semib=0.0, sgram=0.0205, steps=2.0, wnce=0.00, xfer=1.00]
Epoch 2/50:  13%|█▎        | 49/372 [00:16<01:51,  2.91it/s, comp_ms=329.1, cyc=0.0000, data_ms=4.1, eta=113.6s, h=1.14, it_s=2.92, loss=3.4171, pcy=0.00, pnce=0.00, psemi=0.00, s=1.00, semi=0.0000, semib=0.0, sgram=0.0205, steps=2.0, wnce=0.00, xfer=1.00]
Epoch 2/50:  13%|█▎        | 49/372 [00:17<01:51,  2.91it/s, comp_ms=330.0, cyc=0.0000, data_ms=4.0, eta=110.4s, h=1.14, it_s=2.92, loss=3.4273, pcy=0.00, pnce=0.00, psemi=0.00, s=1.00, semi=0.0000, semib=0.0, sgram=0.0205, steps=2.0, wnce=0.00, xfer=1.00]
Epoch 2/50:  15%|█▍        | 55/372 [00:19<01:54,  2.77it/s, comp_ms=330.0, cyc=0.0000, data_ms=4.0, eta=110.4s, h=1.14, it_s=2.92, loss=3.4273, pcy=0.00, pnce=0.00, psemi=0.00, s=1.00, semi=0.0000, semib=0.0, sgram=0.0205, steps=2.0, wnce=0.00, xfer=1.00]
Epoch 2/50:  15%|█▍        | 55/372 [00:20<01:54,  2.77it/s, comp_ms=338.2, cyc=0.0000, data_ms=4.0, eta=108.6s, h=1.15, it_s=2.87, loss=3.4378, pcy=0.00, pnce=0.00, psemi=0.00, s=1.00, semi=0.0000, semib=0.0, sgram=0.0205, steps=2.0, wnce=0.00, xfer=1.00]
Epoch 2/50:  16%|█▋        | 61/372 [00:21<01:51,  2.79it/s, comp_ms=338.2, cyc=0.0000, data_ms=4.0, eta=108.6s, h=1.15, it_s=2.87, loss=3.4378, pcy=0.00, pnce=0.00, psemi=0.00, s=1.00, semi=0.0000, semib=0.0, sgram=0.0205, steps=2.0, wnce=0.00, xfer=1.00]
Epoch 2/50:  18%|█▊        | 67/372 [00:23<01:54,  2.66it/s, comp_ms=338.2, cyc=0.0000, data_ms=4.0, eta=108.6s, h=1.15, it_s=2.87, loss=3.4378, pcy=0.00, pnce=0.00, psemi=0.00, s=1.00, semi=0.0000, semib=0.0, sgram=0.0205, steps=2.0, wnce=0.00, xfer=1.00]
Epoch 2/50:  18%|█▊        | 67/372 [00:24<01:54,  2.66it/s, comp_ms=345.3, cyc=0.0000, data_ms=4.0, eta=106.7s, h=1.15, it_s=2.83, loss=3.4352, pcy=0.00, pnce=0.00, psemi=0.00, s=1.00, semi=0.0000, semib=0.0, sgram=0.0205, steps=2.0, wnce=0.00, xfer=1.00]
Epoch 2/50:  20%|█▉        | 74/372 [00:26<01:48,  2.74it/s, comp_ms=345.3, cyc=0.0000, data_ms=4.0, eta=106.7s, h=1.15, it_s=2.83, loss=3.4352, pcy=0.00, pnce=0.00, psemi=0.00, s=1.00, semi=0.0000, semib=0.0, sgram=0.0205, steps=2.0, wnce=0.00, xfer=1.00]
Epoch 2/50:  20%|█▉        | 74/372 [00:28<01:48,  2.74it/s, comp_ms=342.6, cyc=0.0000, data_ms=4.0, eta=102.5s, h=1.14, it_s=2.85, loss=3.4248, pcy=0.00, pnce=0.00, psemi=0.00, s=1.00, semi=0.0000, semib=0.0, sgram=0.0205, steps=2.0, wnce=0.00, xfer=1.00]
Epoch 2/50:  22%|██▏       | 80/372 [00:28<01:44,  2.80it/s, comp_ms=342.6, cyc=0.0000, data_ms=4.0, eta=102.5s, h=1.14, it_s=2.85, loss=3.4248, pcy=0.00, pnce=0.00, psemi=0.00, s=1.00, semi=0.0000, semib=0.0, sgram=0.0205, steps=2.0, wnce=0.00, xfer=1.00]
Epoch 2/50:  23%|██▎       | 86/372 [00:30<01:40,  2.84it/s, comp_ms=342.6, cyc=0.0000, data_ms=4.0, eta=102.5s, h=1.14, it_s=2.85, loss=3.4248, pcy=0.00, pnce=0.00, psemi=0.00, s=1.00, semi=0.0000, semib=0.0, sgram=0.0205, steps=2.0, wnce=0.00, xfer=1.00]
Epoch 2/50:  23%|██▎       | 86/372 [00:32<01:40,  2.84it/s, comp_ms=345.2, cyc=0.0000, data_ms=4.0, eta=100.0s, h=1.14, it_s=2.82, loss=3.4205, pcy=0.00, pnce=0.00, psemi=0.00, s=1.00, semi=0.0000, semib=0.0, sgram=0.0205, steps=2.0, wnce=0.00, xfer=1.00]
Epoch 2/50:  25%|██▍       | 92/372 [00:32<01:43,  2.72it/s, comp_ms=345.2, cyc=0.0000, data_ms=4.0, eta=100.0s, h=1.14, it_s=2.82, loss=3.4205, pcy=0.00, pnce=0.00, psemi=0.00, s=1.00, semi=0.0000, semib=0.0, sgram=0.0205, steps=2.0, wnce=0.00, xfer=1.00]
Epoch 2/50:  27%|██▋       | 99/372 [00:34<01:34,  2.88it/s, comp_ms=345.2, cyc=0.0000, data_ms=4.0, eta=100.0s, h=1.14, it_s=2.82, loss=3.4205, pcy=0.00, pnce=0.00, psemi=0.00, s=1.00, semi=0.0000, semib=0.0, sgram=0.0205, steps=2.0, wnce=0.00, xfer=1.00]
Epoch 2/50:  27%|██▋       | 99/372 [00:35<01:34,  2.88it/s, comp_ms=343.9, cyc=0.0000, data_ms=4.0, eta=95.5s, h=1.14, it_s=2.85, loss=3.4222, pcy=0.00, pnce=0.00, psemi=0.00, s=1.00, semi=0.0000, semib=0.0, sgram=0.0205, steps=2.0, wnce=0.00, xfer=1.00] 
Epoch 2/50:  28%|██▊       | 105/372 [00:36<01:33,  2.87it/s, comp_ms=343.9, cyc=0.0000, data_ms=4.0, eta=95.5s, h=1.14, it_s=2.85, loss=3.4222, pcy=0.00, pnce=0.00, psemi=0.00, s=1.00, semi=0.0000, semib=0.0, sgram=0.0205, steps=2.0, wnce=0.00, xfer=1.00]
Epoch 2/50:  28%|██▊       | 105/372 [00:38<01:33,  2.87it/s, comp_ms=344.7, cyc=0.0000, data_ms=4.0, eta=92.2s, h=1.15, it_s=2.84, loss=3.4135, pcy=0.00, pnce=0.00, psemi=0.00, s=1.00, semi=0.0000, semib=0.0, sgram=0.0204, steps=2.0, wnce=0.00, xfer=1.00]
Epoch 2/50:  30%|██▉       | 111/372 [00:39<01:33,  2.81it/s, comp_ms=344.7, cyc=0.0000, data_ms=4.0, eta=92.2s, h=1.15, it_s=2.84, loss=3.4135, pcy=0.00, pnce=0.00, psemi=0.00, s=1.00, semi=0.0000, semib=0.0, sgram=0.0204, steps=2.0, wnce=0.00, xfer=1.00]
Epoch 2/50:  31%|███▏      | 117/372 [00:41<01:35,  2.67it/s, comp_ms=344.7, cyc=0.0000, data_ms=4.0, eta=92.2s, h=1.15, it_s=2.84, loss=3.4135, pcy=0.00, pnce=0.00, psemi=0.00, s=1.00, semi=0.0000, semib=0.0, sgram=0.0204, steps=2.0, wnce=0.00, xfer=1.00]
Epoch 2/50:  31%|███▏      | 117/372 [00:43<01:35,  2.67it/s, comp_ms=350.9, cyc=0.0000, data_ms=4.0, eta=90.3s, h=1.15, it_s=2.79, loss=3.4025, pcy=0.00, pnce=0.00, psemi=0.00, s=1.00, semi=0.0000, semib=0.0, sgram=0.0204, steps=2.1, wnce=0.00, xfer=1.00]
Epoch 2/50:  33%|███▎      | 123/372 [00:44<01:34,  2.63it/s, comp_ms=350.9, cyc=0.0000, data_ms=4.0, eta=90.3s, h=1.15, it_s=2.79, loss=3.4025, pcy=0.00, pnce=0.00, psemi=0.00, s=1.00, semi=0.0000, semib=0.0, sgram=0.0204, steps=2.1, wnce=0.00, xfer=1.00]
Epoch 2/50:  33%|███▎      | 123/372 [00:46<01:34,  2.63it/s, comp_ms=348.9, cyc=0.0000, data_ms=4.0, eta=86.2s, h=1.15, it_s=2.81, loss=3.4122, pcy=0.00, pnce=0.00, psemi=0.00, s=1.00, semi=0.0000, semib=0.0, sgram=0.0204, steps=2.0, wnce=0.00, xfer=1.00]
Epoch 2/50:  35%|███▍      | 130/372 [00:46<01:30,  2.67it/s, comp_ms=348.9, cyc=0.0000, data_ms=4.0, eta=86.2s, h=1.15, it_s=2.81, loss=3.4122, pcy=0.00, pnce=0.00, psemi=0.00, s=1.00, semi=0.0000, semib=0.0, sgram=0.0204, steps=2.0, wnce=0.00, xfer=1.00]
Epoch 2/50:  37%|███▋      | 136/372 [00:48<01:25,  2.75it/s, comp_ms=348.9, cyc=0.0000, data_ms=4.0, eta=86.2s, h=1.15, it_s=2.81, loss=3.4122, pcy=0.00, pnce=0.00, psemi=0.00, s=1.00, semi=0.0000, semib=0.0, sgram=0.0204, steps=2.0, wnce=0.00, xfer=1.00]
Epoch 2/50:  37%|███▋      | 136/372 [00:49<01:25,  2.75it/s, comp_ms=349.3, cyc=0.0000, data_ms=4.0, eta=82.6s, h=1.15, it_s=2.81, loss=3.4177, pcy=0.00, pnce=0.00, psemi=0.00, s=1.00, semi=0.0000, semib=0.0, sgram=0.0204, steps=2.0, wnce=0.00, xfer=1.00]
Epoch 2/50:  38%|███▊      | 142/372 [00:50<01:22,  2.80it/s, comp_ms=349.3, cyc=0.0000, data_ms=4.0, eta=82.6s, h=1.15, it_s=2.81, loss=3.4177, pcy=0.00, pnce=0.00, psemi=0.00, s=1.00, semi=0.0000, semib=0.0, sgram=0.0204, steps=2.0, wnce=0.00, xfer=1.00]
Epoch 2/50:  40%|████      | 149/372 [00:52<01:15,  2.97it/s, comp_ms=349.3, cyc=0.0000, data_ms=4.0, eta=82.6s, h=1.15, it_s=2.81, loss=3.4177, pcy=0.00, pnce=0.00, psemi=0.00, s=1.00, semi=0.0000, semib=0.0, sgram=0.0204, steps=2.0, wnce=0.00, xfer=1.00]
Epoch 2/50:  40%|████      | 149/372 [00:52<01:15,  2.97it/s, comp_ms=347.2, cyc=0.0000, data_ms=4.0, eta=78.2s, h=1.15, it_s=2.84, loss=3.4142, pcy=0.00, pnce=0.00, psemi=0.00, s=1.00, semi=0.0000, semib=0.0, sgram=0.0204, steps=2.0, wnce=0.00, xfer=1.00]
Epoch 2/50:  42%|████▏     | 156/372 [00:54<01:10,  3.06it/s, comp_ms=347.2, cyc=0.0000, data_ms=4.0, eta=78.2s, h=1.15, it_s=2.84, loss=3.4142, pcy=0.00, pnce=0.00, psemi=0.00, s=1.00, semi=0.0000, semib=0.0, sgram=0.0204, steps=2.0, wnce=0.00, xfer=1.00]
Epoch 2/50:  42%|████▏     | 156/372 [00:56<01:10,  3.06it/s, comp_ms=345.3, cyc=0.0000, data_ms=4.0, eta=74.4s, h=1.15, it_s=2.85, loss=3.4085, pcy=0.00, pnce=0.00, psemi=0.00, s=1.00, semi=0.0000, semib=0.0, sgram=0.0204, steps=2.0, wnce=0.00, xfer=1.00]
Epoch 2/50:  44%|████▍     | 163/372 [00:57<01:09,  3.02it/s, comp_ms=345.3, cyc=0.0000, data_ms=4.0, eta=74.4s, h=1.15, it_s=2.85, loss=3.4085, pcy=0.00, pnce=0.00, psemi=0.00, s=1.00, semi=0.0000, semib=0.0, sgram=0.0204, steps=2.0, wnce=0.00, xfer=1.00]
Epoch 2/50:  44%|████▍     | 163/372 [00:59<01:09,  3.02it/s, comp_ms=346.3, cyc=0.0000, data_ms=4.0, eta=71.2s, h=1.15, it_s=2.84, loss=3.4086, pcy=0.00, pnce=0.00, psemi=0.00, s=1.00, semi=0.0000, semib=0.0, sgram=0.0204, steps=2.0, wnce=0.00, xfer=1.00]
Epoch 2/50:  46%|████▌     | 170/372 [00:59<01:11,  2.84it/s, comp_ms=346.3, cyc=0.0000, data_ms=4.0, eta=71.2s, h=1.15, it_s=2.84, loss=3.4086, pcy=0.00, pnce=0.00, psemi=0.00, s=1.00, semi=0.0000, semib=0.0, sgram=0.0204, steps=2.0, wnce=0.00, xfer=1.00]
Epoch 2/50:  48%|████▊     | 177/372 [01:02<01:06,  2.93it/s, comp_ms=346.3, cyc=0.0000, data_ms=4.0, eta=71.2s, h=1.15, it_s=2.84, loss=3.4086, pcy=0.00, pnce=0.00, psemi=0.00, s=1.00, semi=0.0000, semib=0.0, sgram=0.0204, steps=2.0, wnce=0.00, xfer=1.00]
Epoch 2/50:  48%|████▊     | 177/372 [01:03<01:06,  2.93it/s, comp_ms=346.4, cyc=0.0000, data_ms=4.0, eta=67.7s, h=1.16, it_s=2.84, loss=3.4081, pcy=0.00, pnce=0.00, psemi=0.00, s=1.00, semi=0.0000, semib=0.0, sgram=0.0204, steps=2.0, wnce=0.00, xfer=1.00]
Epoch 2/50:  49%|████▉     | 183/372 [01:04<01:06,  2.84it/s, comp_ms=346.4, cyc=0.0000, data_ms=4.0, eta=67.7s, h=1.16, it_s=2.84, loss=3.4081, pcy=0.00, pnce=0.00, psemi=0.00, s=1.00, semi=0.0000, semib=0.0, sgram=0.0204, steps=2.0, wnce=0.00, xfer=1.00]
Epoch 2/50:  51%|█████     | 189/372 [01:06<01:03,  2.88it/s, comp_ms=346.4, cyc=0.0000, data_ms=4.0, eta=67.7s, h=1.16, it_s=2.84, loss=3.4081, pcy=0.00, pnce=0.00, psemi=0.00, s=1.00, semi=0.0000, semib=0.0, sgram=0.0204, steps=2.0, wnce=0.00, xfer=1.00]
Epoch 2/50:  51%|█████     | 189/372 [01:07<01:03,  2.88it/s, comp_ms=346.1, cyc=0.0000, data_ms=3.9, eta=64.0s, h=1.16, it_s=2.84, loss=3.4094, pcy=0.00, pnce=0.00, psemi=0.00, s=1.00, semi=0.0000, semib=0.0, sgram=0.0204, steps=2.0, wnce=0.00, xfer=1.00]
Epoch 2/50:  52%|█████▏    | 195/372 [01:08<01:01,  2.90it/s, comp_ms=346.1, cyc=0.0000, data_ms=3.9, eta=64.0s, h=1.16, it_s=2.84, loss=3.4094, pcy=0.00, pnce=0.00, psemi=0.00, s=1.00, semi=0.0000, semib=0.0, sgram=0.0204, steps=2.0, wnce=0.00, xfer=1.00]
Epoch 2/50:  52%|█████▏    | 195/372 [01:10<01:01,  2.90it/s, comp_ms=345.8, cyc=0.0000, data_ms=3.9, eta=60.5s, h=1.16, it_s=2.84, loss=3.4064, pcy=0.00, pnce=0.00, psemi=0.00, s=1.00, semi=0.0000, semib=0.0, sgram=0.0203, steps=2.0, wnce=0.00, xfer=1.00]
Epoch 2/50:  54%|█████▍    | 201/372 [01:10<01:00,  2.82it/s, comp_ms=345.8, cyc=0.0000, data_ms=3.9, eta=60.5s, h=1.16, it_s=2.84, loss=3.4064, pcy=0.00, pnce=0.00, psemi=0.00, s=1.00, semi=0.0000, semib=0.0, sgram=0.0203, steps=2.0, wnce=0.00, xfer=1.00]
Epoch 2/50:  56%|█████▌    | 207/372 [01:13<00:59,  2.77it/s, comp_ms=345.8, cyc=0.0000, data_ms=3.9, eta=60.5s, h=1.16, it_s=2.84, loss=3.4064, pcy=0.00, pnce=0.00, psemi=0.00, s=1.00, semi=0.0000, semib=0.0, sgram=0.0203, steps=2.0, wnce=0.00, xfer=1.00]
Epoch 2/50:  56%|█████▌    | 207/372 [01:14<00:59,  2.77it/s, comp_ms=348.8, cyc=0.0000, data_ms=3.9, eta=57.4s, h=1.16, it_s=2.82, loss=3.4052, pcy=0.00, pnce=0.00, psemi=0.00, s=1.00, semi=0.0000, semib=0.0, sgram=0.0203, steps=2.0, wnce=0.00, xfer=1.00]
Epoch 2/50:  57%|█████▋    | 213/372 [01:15<00:58,  2.73it/s, comp_ms=348.8, cyc=0.0000, data_ms=3.9, eta=57.4s, h=1.16, it_s=2.82, loss=3.4052, pcy=0.00, pnce=0.00, psemi=0.00, s=1.00, semi=0.0000, semib=0.0, sgram=0.0203, steps=2.0, wnce=0.00, xfer=1.00]
Epoch 2/50:  57%|█████▋    | 213/372 [01:17<00:58,  2.73it/s, comp_ms=345.8, cyc=0.0000, data_ms=3.9, eta=53.5s, h=1.16, it_s=2.84, loss=3.4103, pcy=0.00, pnce=0.00, psemi=0.00, s=1.00, semi=0.0000, semib=0.0, sgram=0.0203, steps=2.0, wnce=0.00, xfer=1.00]
Epoch 2/50:  59%|█████▉    | 220/372 [01:17<00:54,  2.80it/s, comp_ms=345.8, cyc=0.0000, data_ms=3.9, eta=53.5s, h=1.16, it_s=2.84, loss=3.4103, pcy=0.00, pnce=0.00, psemi=0.00, s=1.00, semi=0.0000, semib=0.0, sgram=0.0203, steps=2.0, wnce=0.00, xfer=1.00]
Epoch 2/50:  61%|██████    | 226/372 [01:19<00:51,  2.81it/s, comp_ms=345.8, cyc=0.0000, data_ms=3.9, eta=53.5s, h=1.16, it_s=2.84, loss=3.4103, pcy=0.00, pnce=0.00, psemi=0.00, s=1.00, semi=0.0000, semib=0.0, sgram=0.0203, steps=2.0, wnce=0.00, xfer=1.00]
Epoch 2/50:  61%|██████    | 226/372 [01:21<00:51,  2.81it/s, comp_ms=348.7, cyc=0.0000, data_ms=3.9, eta=50.3s, h=1.16, it_s=2.82, loss=3.4096, pcy=0.00, pnce=0.00, psemi=0.00, s=1.00, semi=0.0000, semib=0.0, sgram=0.0203, steps=2.0, wnce=0.00, xfer=1.00]
Epoch 2/50:  62%|██████▏   | 232/372 [01:22<00:50,  2.76it/s, comp_ms=348.7, cyc=0.0000, data_ms=3.9, eta=50.3s, h=1.16, it_s=2.82, loss=3.4096, pcy=0.00, pnce=0.00, psemi=0.00, s=1.00, semi=0.0000, semib=0.0, sgram=0.0203, steps=2.0, wnce=0.00, xfer=1.00]
Epoch 2/50:  64%|██████▍   | 238/372 [01:24<00:47,  2.83it/s, comp_ms=348.7, cyc=0.0000, data_ms=3.9, eta=50.3s, h=1.16, it_s=2.82, loss=3.4096, pcy=0.00, pnce=0.00, psemi=0.00, s=1.00, semi=0.0000, semib=0.0, sgram=0.0203, steps=2.0, wnce=0.00, xfer=1.00]
Epoch 2/50:  64%|██████▍   | 238/372 [01:24<00:47,  2.83it/s, comp_ms=348.0, cyc=0.0000, data_ms=3.9, eta=46.6s, h=1.16, it_s=2.83, loss=3.4158, pcy=0.00, pnce=0.00, psemi=0.00, s=1.00, semi=0.0000, semib=0.0, sgram=0.0203, steps=2.0, wnce=0.00, xfer=1.00]
Epoch 2/50:  66%|██████▌   | 245/372 [01:26<00:43,  2.95it/s, comp_ms=348.0, cyc=0.0000, data_ms=3.9, eta=46.6s, h=1.16, it_s=2.83, loss=3.4158, pcy=0.00, pnce=0.00, psemi=0.00, s=1.00, semi=0.0000, semib=0.0, sgram=0.0203, steps=2.0, wnce=0.00, xfer=1.00]
Epoch 2/50:  66%|██████▌   | 245/372 [01:27<00:43,  2.95it/s, comp_ms=344.8, cyc=0.0000, data_ms=4.0, eta=42.6s, h=1.16, it_s=2.86, loss=3.4152, pcy=0.00, pnce=0.00, psemi=0.00, s=1.00, semi=0.0000, semib=0.0, sgram=0.0203, steps=2.0, wnce=0.00, xfer=1.00]
Epoch 2/50:  68%|██████▊   | 253/372 [01:28<00:37,  3.13it/s, comp_ms=344.8, cyc=0.0000, data_ms=4.0, eta=42.6s, h=1.16, it_s=2.86, loss=3.4152, pcy=0.00, pnce=0.00, psemi=0.00, s=1.00, semi=0.0000, semib=0.0, sgram=0.0203, steps=2.0, wnce=0.00, xfer=1.00]
Epoch 2/50:  68%|██████▊   | 253/372 [01:31<00:37,  3.13it/s, comp_ms=346.2, cyc=0.0000, data_ms=3.9, eta=39.3s, h=1.16, it_s=2.85, loss=3.4171, pcy=0.00, pnce=0.00, psemi=0.00, s=1.00, semi=0.0000, semib=0.0, sgram=0.0203, steps=2.0, wnce=0.00, xfer=1.00]
Epoch 2/50:  70%|██████▉   | 260/372 [01:31<00:39,  2.86it/s, comp_ms=346.2, cyc=0.0000, data_ms=3.9, eta=39.3s, h=1.16, it_s=2.85, loss=3.4171, pcy=0.00, pnce=0.00, psemi=0.00, s=1.00, semi=0.0000, semib=0.0, sgram=0.0203, steps=2.0, wnce=0.00, xfer=1.00]
Epoch 2/50:  72%|███████▏  | 267/372 [01:33<00:34,  3.01it/s, comp_ms=346.2, cyc=0.0000, data_ms=3.9, eta=39.3s, h=1.16, it_s=2.85, loss=3.4171, pcy=0.00, pnce=0.00, psemi=0.00, s=1.00, semi=0.0000, semib=0.0, sgram=0.0203, steps=2.0, wnce=0.00, xfer=1.00]
Epoch 2/50:  72%|███████▏  | 267/372 [01:34<00:34,  3.01it/s, comp_ms=345.6, cyc=0.0000, data_ms=3.9, eta=35.8s, h=1.15, it_s=2.85, loss=3.4135, pcy=0.00, pnce=0.00, psemi=0.00, s=1.00, semi=0.0000, semib=0.0, sgram=0.0203, steps=2.0, wnce=0.00, xfer=1.00]
Epoch 2/50:  74%|███████▎  | 274/372 [01:36<00:35,  2.73it/s, comp_ms=345.6, cyc=0.0000, data_ms=3.9, eta=35.8s, h=1.15, it_s=2.85, loss=3.4135, pcy=0.00, pnce=0.00, psemi=0.00, s=1.00, semi=0.0000, semib=0.0, sgram=0.0203, steps=2.0, wnce=0.00, xfer=1.00]
Epoch 2/50:  74%|███████▎  | 274/372 [01:38<00:35,  2.73it/s, comp_ms=347.1, cyc=0.0000, data_ms=3.9, eta=32.4s, h=1.15, it_s=2.84, loss=3.4135, pcy=0.00, pnce=0.00, psemi=0.00, s=1.00, semi=0.0000, semib=0.0, sgram=0.0203, steps=2.0, wnce=0.00, xfer=1.00]
Epoch 2/50:  75%|███████▌  | 280/372 [01:38<00:33,  2.73it/s, comp_ms=347.1, cyc=0.0000, data_ms=3.9, eta=32.4s, h=1.15, it_s=2.84, loss=3.4135, pcy=0.00, pnce=0.00, psemi=0.00, s=1.00, semi=0.0000, semib=0.0, sgram=0.0203, steps=2.0, wnce=0.00, xfer=1.00]
Epoch 2/50:  77%|███████▋  | 287/372 [01:40<00:29,  2.91it/s, comp_ms=347.1, cyc=0.0000, data_ms=3.9, eta=32.4s, h=1.15, it_s=2.84, loss=3.4135, pcy=0.00, pnce=0.00, psemi=0.00, s=1.00, semi=0.0000, semib=0.0, sgram=0.0203, steps=2.0, wnce=0.00, xfer=1.00]
Epoch 2/50:  77%|███████▋  | 287/372 [01:42<00:29,  2.91it/s, comp_ms=347.1, cyc=0.0000, data_ms=3.9, eta=28.9s, h=1.15, it_s=2.84, loss=3.4121, pcy=0.00, pnce=0.00, psemi=0.00, s=1.00, semi=0.0000, semib=0.0, sgram=0.0203, steps=2.0, wnce=0.00, xfer=1.00]
Epoch 2/50:  79%|███████▉  | 293/372 [01:43<00:28,  2.75it/s, comp_ms=347.1, cyc=0.0000, data_ms=3.9, eta=28.9s, h=1.15, it_s=2.84, loss=3.4121, pcy=0.00, pnce=0.00, psemi=0.00, s=1.00, semi=0.0000, semib=0.0, sgram=0.0203, steps=2.0, wnce=0.00, xfer=1.00]
Epoch 2/50:  80%|████████  | 299/372 [01:45<00:27,  2.66it/s, comp_ms=347.1, cyc=0.0000, data_ms=3.9, eta=28.9s, h=1.15, it_s=2.84, loss=3.4121, pcy=0.00, pnce=0.00, psemi=0.00, s=1.00, semi=0.0000, semib=0.0, sgram=0.0203, steps=2.0, wnce=0.00, xfer=1.00]
Epoch 2/50:  80%|████████  | 299/372 [01:46<00:27,  2.66it/s, comp_ms=348.7, cyc=0.0000, data_ms=3.9, eta=25.5s, h=1.15, it_s=2.82, loss=3.4080, pcy=0.00, pnce=0.00, psemi=0.00, s=1.00, semi=0.0000, semib=0.0, sgram=0.0203, steps=2.0, wnce=0.00, xfer=1.00]
Epoch 2/50:  82%|████████▏ | 305/372 [01:48<00:26,  2.56it/s, comp_ms=348.7, cyc=0.0000, data_ms=3.9, eta=25.5s, h=1.15, it_s=2.82, loss=3.4080, pcy=0.00, pnce=0.00, psemi=0.00, s=1.00, semi=0.0000, semib=0.0, sgram=0.0203, steps=2.0, wnce=0.00, xfer=1.00]
Epoch 2/50:  82%|████████▏ | 305/372 [01:50<00:26,  2.56it/s, comp_ms=350.0, cyc=0.0000, data_ms=3.9, eta=22.0s, h=1.15, it_s=2.82, loss=3.4063, pcy=0.00, pnce=0.00, psemi=0.00, s=1.00, semi=0.0000, semib=0.0, sgram=0.0203, steps=2.0, wnce=0.00, xfer=1.00]
Epoch 2/50:  84%|████████▎ | 311/372 [01:50<00:22,  2.66it/s, comp_ms=350.0, cyc=0.0000, data_ms=3.9, eta=22.0s, h=1.15, it_s=2.82, loss=3.4063, pcy=0.00, pnce=0.00, psemi=0.00, s=1.00, semi=0.0000, semib=0.0, sgram=0.0203, steps=2.0, wnce=0.00, xfer=1.00]
Epoch 2/50:  85%|████████▌ | 317/372 [01:52<00:20,  2.66it/s, comp_ms=350.0, cyc=0.0000, data_ms=3.9, eta=22.0s, h=1.15, it_s=2.82, loss=3.4063, pcy=0.00, pnce=0.00, psemi=0.00, s=1.00, semi=0.0000, semib=0.0, sgram=0.0203, steps=2.0, wnce=0.00, xfer=1.00]
Epoch 2/50:  85%|████████▌ | 317/372 [01:54<00:20,  2.66it/s, comp_ms=350.4, cyc=0.0000, data_ms=3.9, eta=18.5s, h=1.15, it_s=2.81, loss=3.4077, pcy=0.00, pnce=0.00, psemi=0.00, s=1.00, semi=0.0000, semib=0.0, sgram=0.0203, steps=2.0, wnce=0.00, xfer=1.00]
Epoch 2/50:  87%|████████▋ | 323/372 [01:55<00:19,  2.57it/s, comp_ms=350.4, cyc=0.0000, data_ms=3.9, eta=18.5s, h=1.15, it_s=2.81, loss=3.4077, pcy=0.00, pnce=0.00, psemi=0.00, s=1.00, semi=0.0000, semib=0.0, sgram=0.0203, steps=2.0, wnce=0.00, xfer=1.00]
Epoch 2/50:  88%|████████▊ | 329/372 [01:57<00:16,  2.65it/s, comp_ms=350.4, cyc=0.0000, data_ms=3.9, eta=18.5s, h=1.15, it_s=2.81, loss=3.4077, pcy=0.00, pnce=0.00, psemi=0.00, s=1.00, semi=0.0000, semib=0.0, sgram=0.0203, steps=2.0, wnce=0.00, xfer=1.00]
Epoch 2/50:  88%|████████▊ | 329/372 [01:57<00:16,  2.65it/s, comp_ms=351.5, cyc=0.0000, data_ms=3.9, eta=15.0s, h=1.15, it_s=2.81, loss=3.4061, pcy=0.00, pnce=0.00, psemi=0.00, s=1.00, semi=0.0000, semib=0.0, sgram=0.0203, steps=2.0, wnce=0.00, xfer=1.00]
Epoch 2/50:  90%|█████████ | 336/372 [01:59<00:12,  2.85it/s, comp_ms=351.5, cyc=0.0000, data_ms=3.9, eta=15.0s, h=1.15, it_s=2.81, loss=3.4061, pcy=0.00, pnce=0.00, psemi=0.00, s=1.00, semi=0.0000, semib=0.0, sgram=0.0203, steps=2.0, wnce=0.00, xfer=1.00]
Epoch 2/50:  90%|█████████ | 336/372 [02:00<00:12,  2.85it/s, comp_ms=350.3, cyc=0.0000, data_ms=3.9, eta=11.4s, h=1.15, it_s=2.82, loss=3.4045, pcy=0.00, pnce=0.00, psemi=0.00, s=1.00, semi=0.0000, semib=0.0, sgram=0.0203, steps=2.0, wnce=0.00, xfer=1.00]
Epoch 2/50:  92%|█████████▏| 342/372 [02:01<00:10,  2.88it/s, comp_ms=350.3, cyc=0.0000, data_ms=3.9, eta=11.4s, h=1.15, it_s=2.82, loss=3.4045, pcy=0.00, pnce=0.00, psemi=0.00, s=1.00, semi=0.0000, semib=0.0, sgram=0.0203, steps=2.0, wnce=0.00, xfer=1.00]
Epoch 2/50:  94%|█████████▎| 348/372 [02:03<00:08,  2.78it/s, comp_ms=350.3, cyc=0.0000, data_ms=3.9, eta=11.4s, h=1.15, it_s=2.82, loss=3.4045, pcy=0.00, pnce=0.00, psemi=0.00, s=1.00, semi=0.0000, semib=0.0, sgram=0.0203, steps=2.0, wnce=0.00, xfer=1.00]
Epoch 2/50:  94%|█████████▎| 348/372 [02:04<00:08,  2.78it/s, comp_ms=350.2, cyc=0.0000, data_ms=3.9, eta=7.8s, h=1.15, it_s=2.82, loss=3.4025, pcy=0.00, pnce=0.00, psemi=0.00, s=1.00, semi=0.0000, semib=0.0, sgram=0.0203, steps=2.0, wnce=0.00, xfer=1.00] 
Epoch 2/50:  96%|█████████▌| 356/372 [02:06<00:05,  2.92it/s, comp_ms=350.2, cyc=0.0000, data_ms=3.9, eta=7.8s, h=1.15, it_s=2.82, loss=3.4025, pcy=0.00, pnce=0.00, psemi=0.00, s=1.00, semi=0.0000, semib=0.0, sgram=0.0203, steps=2.0, wnce=0.00, xfer=1.00]
Epoch 2/50:  96%|█████████▌| 356/372 [02:07<00:05,  2.92it/s, comp_ms=350.1, cyc=0.0000, data_ms=3.9, eta=4.3s, h=1.15, it_s=2.82, loss=3.3999, pcy=0.00, pnce=0.00, psemi=0.00, s=1.00, semi=0.0000, semib=0.0, sgram=0.0202, steps=2.0, wnce=0.00, xfer=1.00]
Epoch 2/50:  97%|█████████▋| 362/372 [02:08<00:03,  2.78it/s, comp_ms=350.1, cyc=0.0000, data_ms=3.9, eta=4.3s, h=1.15, it_s=2.82, loss=3.3999, pcy=0.00, pnce=0.00, psemi=0.00, s=1.00, semi=0.0000, semib=0.0, sgram=0.0202, steps=2.0, wnce=0.00, xfer=1.00]
Epoch 2/50:  99%|█████████▉| 368/372 [02:11<00:01,  2.53it/s, comp_ms=350.1, cyc=0.0000, data_ms=3.9, eta=4.3s, h=1.15, it_s=2.82, loss=3.3999, pcy=0.00, pnce=0.00, psemi=0.00, s=1.00, semi=0.0000, semib=0.0, sgram=0.0202, steps=2.0, wnce=0.00, xfer=1.00]
Epoch 2/50:  99%|█████████▉| 368/372 [02:12<00:01,  2.53it/s, comp_ms=352.8, cyc=0.0000, data_ms=3.9, eta=0.7s, h=1.15, it_s=2.80, loss=3.3978, pcy=0.00, pnce=0.00, psemi=0.00, s=1.00, semi=0.0000, semib=0.0, sgram=0.0202, steps=2.0, wnce=0.00, xfer=1.00]
Epoch 2/50: 100%|██████████| 372/372 [02:13<00:00,  2.80it/s, comp_ms=352.8, cyc=0.0000, data_ms=3.9, eta=0.7s, h=1.15, it_s=2.80, loss=3.3978, pcy=0.00, pnce=0.00, psemi=0.00, s=1.00, semi=0.0000, semib=0.0, sgram=0.0202, steps=2.0, wnce=0.00, xfer=1.00]
2026-02-14 12:32:12,587 - INFO - Epoch 2/50 | loss=3.3967 code=0.0000 cpn=0.000 crn=0.000 cycle=0.0000 sgram=0.0202 cmoment=0.1427 push=0.0000 dtv=0.2845 stv=0.0827 nce=0.0000 semi=0.0000 semib=0.0 steps=2.0 h=1.15 s=1.00 slot=0 pth=0.00 pcy=0.00 pst=1.00 pnce=0.00 psemi=0.00 wcyc=0.00 wnce=0.00 wsemi=0.00 xfer=1.00 lr=2.00e-04 data=1.4s comp=131.6s
[Epoch 2/50] loss=3.3967 distill=0.0000 code=0.0000 cpn=0.000 crn=0.000 cycle=0.0000 sgram=0.0202 cmoment=0.1427 push=0.0000 dtv=0.2845 stv=0.0827 nce=0.0000 semi=0.0000 semib=0.0 steps=2.0 h=1.15 s=1.00 slot=0 pth=0.00 pcy=0.00 pst=1.00 pnce=0.00 psemi=0.00 wcyc=0.00 wnce=0.00 wsemi=0.00 xfer=1.00 | data=1.4s compute=131.6s total=133.0s

Epoch 3/50:   0%|          | 0/372 [00:00<?, ?it/s]
Epoch 3/50:   2%|▏         | 7/372 [00:02<02:04,  2.93it/s]
Epoch 3/50:   2%|▏         | 7/372 [00:03<02:04,  2.93it/s, comp_ms=321.0, cyc=0.0000, data_ms=3.9, eta=133.0s, h=1.16, it_s=2.72, loss=3.3761, pcy=0.00, pnce=0.00, psemi=0.00, s=1.00, semi=0.0000, semib=0.0, sgram=0.0199, steps=2.2, wnce=0.00, xfer=1.00]
Epoch 3/50:   3%|▎         | 13/372 [00:04<02:12,  2.72it/s, comp_ms=321.0, cyc=0.0000, data_ms=3.9, eta=133.0s, h=1.16, it_s=2.72, loss=3.3761, pcy=0.00, pnce=0.00, psemi=0.00, s=1.00, semi=0.0000, semib=0.0, sgram=0.0199, steps=2.2, wnce=0.00, xfer=1.00]
Epoch 3/50:   5%|▌         | 19/372 [00:06<02:07,  2.77it/s, comp_ms=321.0, cyc=0.0000, data_ms=3.9, eta=133.0s, h=1.16, it_s=2.72, loss=3.3761, pcy=0.00, pnce=0.00, psemi=0.00, s=1.00, semi=0.0000, semib=0.0, sgram=0.0199, steps=2.2, wnce=0.00, xfer=1.00]
Epoch 3/50:   5%|▌         | 19/372 [00:07<02:07,  2.77it/s, comp_ms=337.9, cyc=0.0000, data_ms=3.9, eta=126.5s, h=1.15, it_s=2.78, loss=3.4366, pcy=0.00, pnce=0.00, psemi=0.00, s=1.00, semi=0.0000, semib=0.0, sgram=0.0201, steps=2.1, wnce=0.00, xfer=1.00]
Epoch 3/50:   7%|▋         | 25/372 [00:09<02:05,  2.77it/s, comp_ms=337.9, cyc=0.0000, data_ms=3.9, eta=126.5s, h=1.15, it_s=2.78, loss=3.4366, pcy=0.00, pnce=0.00, psemi=0.00, s=1.00, semi=0.0000, semib=0.0, sgram=0.0201, steps=2.1, wnce=0.00, xfer=1.00]
Epoch 3/50:   7%|▋         | 25/372 [00:11<02:05,  2.77it/s, comp_ms=356.2, cyc=0.0000, data_ms=3.9, eta=128.0s, h=1.15, it_s=2.67, loss=3.4043, pcy=0.00, pnce=0.00, psemi=0.00, s=1.00, semi=0.0000, semib=0.0, sgram=0.0200, steps=2.2, wnce=0.00, xfer=1.00]
Epoch 3/50:   8%|▊         | 31/372 [00:11<02:13,  2.55it/s, comp_ms=356.2, cyc=0.0000, data_ms=3.9, eta=128.0s, h=1.15, it_s=2.67, loss=3.4043, pcy=0.00, pnce=0.00, psemi=0.00, s=1.00, semi=0.0000, semib=0.0, sgram=0.0200, steps=2.2, wnce=0.00, xfer=1.00]
Epoch 3/50:  10%|▉         | 37/372 [00:14<02:14,  2.50it/s, comp_ms=356.2, cyc=0.0000, data_ms=3.9, eta=128.0s, h=1.15, it_s=2.67, loss=3.4043, pcy=0.00, pnce=0.00, psemi=0.00, s=1.00, semi=0.0000, semib=0.0, sgram=0.0200, steps=2.2, wnce=0.00, xfer=1.00]
Epoch 3/50:  10%|▉         | 37/372 [00:15<02:14,  2.50it/s, comp_ms=372.1, cyc=0.0000, data_ms=3.9, eta=128.9s, h=1.15, it_s=2.58, loss=3.3984, pcy=0.00, pnce=0.00, psemi=0.00, s=1.00, semi=0.0000, semib=0.0, sgram=0.0199, steps=2.3, wnce=0.00, xfer=1.00]
Epoch 3/50:  12%|█▏        | 43/372 [00:16<02:12,  2.49it/s, comp_ms=372.1, cyc=0.0000, data_ms=3.9, eta=128.9s, h=1.15, it_s=2.58, loss=3.3984, pcy=0.00, pnce=0.00, psemi=0.00, s=1.00, semi=0.0000, semib=0.0, sgram=0.0199, steps=2.3, wnce=0.00, xfer=1.00]
Epoch 3/50:  12%|█▏        | 43/372 [00:19<02:12,  2.49it/s, comp_ms=367.1, cyc=0.0000, data_ms=3.9, eta=122.2s, h=1.15, it_s=2.63, loss=3.3882, pcy=0.00, pnce=0.00, psemi=0.00, s=1.00, semi=0.0000, semib=0.0, sgram=0.0198, steps=2.2, wnce=0.00, xfer=1.00]
Epoch 3/50:  13%|█▎        | 50/372 [00:19<02:04,  2.58it/s, comp_ms=367.1, cyc=0.0000, data_ms=3.9, eta=122.2s, h=1.15, it_s=2.63, loss=3.3882, pcy=0.00, pnce=0.00, psemi=0.00, s=1.00, semi=0.0000, semib=0.0, sgram=0.0198, steps=2.2, wnce=0.00, xfer=1.00]
Epoch 3/50:  15%|█▌        | 57/372 [00:21<01:54,  2.75it/s, comp_ms=367.1, cyc=0.0000, data_ms=3.9, eta=122.2s, h=1.15, it_s=2.63, loss=3.3882, pcy=0.00, pnce=0.00, psemi=0.00, s=1.00, semi=0.0000, semib=0.0, sgram=0.0198, steps=2.2, wnce=0.00, xfer=1.00]
Epoch 3/50:  15%|█▌        | 57/372 [00:22<01:54,  2.75it/s, comp_ms=366.6, cyc=0.0000, data_ms=3.9, eta=117.4s, h=1.15, it_s=2.66, loss=3.3759, pcy=0.00, pnce=0.00, psemi=0.00, s=1.00, semi=0.0000, semib=0.0, sgram=0.0197, steps=2.2, wnce=0.00, xfer=1.00]
Epoch 3/50:  17%|█▋        | 63/372 [00:23<01:51,  2.77it/s, comp_ms=366.6, cyc=0.0000, data_ms=3.9, eta=117.4s, h=1.15, it_s=2.66, loss=3.3759, pcy=0.00, pnce=0.00, psemi=0.00, s=1.00, semi=0.0000, semib=0.0, sgram=0.0197, steps=2.2, wnce=0.00, xfer=1.00]
Epoch 3/50:  17%|█▋        | 63/372 [00:25<01:51,  2.77it/s, comp_ms=359.2, cyc=0.0000, data_ms=3.9, eta=110.5s, h=1.16, it_s=2.73, loss=3.3731, pcy=0.00, pnce=0.00, psemi=0.00, s=1.00, semi=0.0000, semib=0.0, sgram=0.0197, steps=2.1, wnce=0.00, xfer=1.00]
Epoch 3/50:  19%|█▉        | 70/372 [00:25<01:44,  2.89it/s, comp_ms=359.2, cyc=0.0000, data_ms=3.9, eta=110.5s, h=1.16, it_s=2.73, loss=3.3731, pcy=0.00, pnce=0.00, psemi=0.00, s=1.00, semi=0.0000, semib=0.0, sgram=0.0197, steps=2.1, wnce=0.00, xfer=1.00]
Epoch 3/50:  21%|██        | 77/372 [00:28<01:40,  2.93it/s, comp_ms=359.2, cyc=0.0000, data_ms=3.9, eta=110.5s, h=1.16, it_s=2.73, loss=3.3731, pcy=0.00, pnce=0.00, psemi=0.00, s=1.00, semi=0.0000, semib=0.0, sgram=0.0197, steps=2.1, wnce=0.00, xfer=1.00]
Epoch 3/50:  21%|██        | 77/372 [00:29<01:40,  2.93it/s, comp_ms=352.9, cyc=0.0000, data_ms=3.9, eta=105.5s, h=1.16, it_s=2.77, loss=3.3649, pcy=0.00, pnce=0.00, psemi=0.00, s=1.00, semi=0.0000, semib=0.0, sgram=0.0197, steps=2.1, wnce=0.00, xfer=1.00]
Epoch 3/50:  22%|██▏       | 83/372 [00:30<01:39,  2.91it/s, comp_ms=352.9, cyc=0.0000, data_ms=3.9, eta=105.5s, h=1.16, it_s=2.77, loss=3.3649, pcy=0.00, pnce=0.00, psemi=0.00, s=1.00, semi=0.0000, semib=0.0, sgram=0.0197, steps=2.1, wnce=0.00, xfer=1.00]
Epoch 3/50:  24%|██▍       | 89/372 [00:32<01:36,  2.92it/s, comp_ms=352.9, cyc=0.0000, data_ms=3.9, eta=105.5s, h=1.16, it_s=2.77, loss=3.3649, pcy=0.00, pnce=0.00, psemi=0.00, s=1.00, semi=0.0000, semib=0.0, sgram=0.0197, steps=2.1, wnce=0.00, xfer=1.00]
Epoch 3/50:  24%|██▍       | 89/372 [00:32<01:36,  2.92it/s, comp_ms=353.2, cyc=0.0000, data_ms=3.9, eta=101.5s, h=1.16, it_s=2.78, loss=3.3670, pcy=0.00, pnce=0.00, psemi=0.00, s=1.00, semi=0.0000, semib=0.0, sgram=0.0197, steps=2.1, wnce=0.00, xfer=1.00]
Epoch 3/50:  26%|██▌       | 96/372 [00:34<01:30,  3.07it/s, comp_ms=353.2, cyc=0.0000, data_ms=3.9, eta=101.5s, h=1.16, it_s=2.78, loss=3.3670, pcy=0.00, pnce=0.00, psemi=0.00, s=1.00, semi=0.0000, semib=0.0, sgram=0.0197, steps=2.1, wnce=0.00, xfer=1.00]
Epoch 3/50:  26%|██▌       | 96/372 [00:35<01:30,  3.07it/s, comp_ms=347.6, cyc=0.0000, data_ms=3.9, eta=96.6s, h=1.16, it_s=2.82, loss=3.3760, pcy=0.00, pnce=0.00, psemi=0.00, s=1.00, semi=0.0000, semib=0.0, sgram=0.0197, steps=2.0, wnce=0.00, xfer=1.00] 
Epoch 3/50:  28%|██▊       | 103/372 [00:36<01:27,  3.09it/s, comp_ms=347.6, cyc=0.0000, data_ms=3.9, eta=96.6s, h=1.16, it_s=2.82, loss=3.3760, pcy=0.00, pnce=0.00, psemi=0.00, s=1.00, semi=0.0000, semib=0.0, sgram=0.0197, steps=2.0, wnce=0.00, xfer=1.00]
Epoch 3/50:  28%|██▊       | 103/372 [00:38<01:27,  3.09it/s, comp_ms=339.8, cyc=0.0000, data_ms=3.9, eta=91.1s, h=1.16, it_s=2.88, loss=3.3778, pcy=0.00, pnce=0.00, psemi=0.00, s=1.00, semi=0.0000, semib=0.0, sgram=0.0197, steps=2.0, wnce=0.00, xfer=1.00]
Epoch 3/50:  30%|██▉       | 110/372 [00:38<01:22,  3.18it/s, comp_ms=339.8, cyc=0.0000, data_ms=3.9, eta=91.1s, h=1.16, it_s=2.88, loss=3.3778, pcy=0.00, pnce=0.00, psemi=0.00, s=1.00, semi=0.0000, semib=0.0, sgram=0.0197, steps=2.0, wnce=0.00, xfer=1.00]
Epoch 3/50:  31%|███▏      | 117/372 [00:40<01:18,  3.25it/s, comp_ms=339.8, cyc=0.0000, data_ms=3.9, eta=91.1s, h=1.16, it_s=2.88, loss=3.3778, pcy=0.00, pnce=0.00, psemi=0.00, s=1.00, semi=0.0000, semib=0.0, sgram=0.0197, steps=2.0, wnce=0.00, xfer=1.00]
Epoch 3/50:  31%|███▏      | 117/372 [00:41<01:18,  3.25it/s, comp_ms=339.8, cyc=0.0000, data_ms=3.9, eta=87.4s, h=1.16, it_s=2.88, loss=3.3737, pcy=0.00, pnce=0.00, psemi=0.00, s=1.00, semi=0.0000, semib=0.0, sgram=0.0197, steps=2.0, wnce=0.00, xfer=1.00]
Epoch 3/50:  33%|███▎      | 124/372 [00:43<01:24,  2.92it/s, comp_ms=339.8, cyc=0.0000, data_ms=3.9, eta=87.4s, h=1.16, it_s=2.88, loss=3.3737, pcy=0.00, pnce=0.00, psemi=0.00, s=1.00, semi=0.0000, semib=0.0, sgram=0.0197, steps=2.0, wnce=0.00, xfer=1.00]
Epoch 3/50:  33%|███▎      | 124/372 [00:45<01:24,  2.92it/s, comp_ms=340.2, cyc=0.0000, data_ms=3.9, eta=83.8s, h=1.16, it_s=2.89, loss=3.3814, pcy=0.00, pnce=0.00, psemi=0.00, s=1.00, semi=0.0000, semib=0.0, sgram=0.0198, steps=2.0, wnce=0.00, xfer=1.00]
Epoch 3/50:  35%|███▌      | 132/372 [00:45<01:19,  3.02it/s, comp_ms=340.2, cyc=0.0000, data_ms=3.9, eta=83.8s, h=1.16, it_s=2.89, loss=3.3814, pcy=0.00, pnce=0.00, psemi=0.00, s=1.00, semi=0.0000, semib=0.0, sgram=0.0198, steps=2.0, wnce=0.00, xfer=1.00]
Epoch 3/50:  37%|███▋      | 139/372 [00:48<01:14,  3.11it/s, comp_ms=340.2, cyc=0.0000, data_ms=3.9, eta=83.8s, h=1.16, it_s=2.89, loss=3.3814, pcy=0.00, pnce=0.00, psemi=0.00, s=1.00, semi=0.0000, semib=0.0, sgram=0.0198, steps=2.0, wnce=0.00, xfer=1.00]
Epoch 3/50:  37%|███▋      | 139/372 [00:48<01:14,  3.11it/s, comp_ms=339.1, cyc=0.0000, data_ms=3.9, eta=80.0s, h=1.16, it_s=2.90, loss=3.3862, pcy=0.00, pnce=0.00, psemi=0.00, s=1.00, semi=0.0000, semib=0.0, sgram=0.0198, steps=2.0, wnce=0.00, xfer=1.00]
Epoch 3/50:  40%|███▉      | 147/372 [00:50<01:10,  3.21it/s, comp_ms=339.1, cyc=0.0000, data_ms=3.9, eta=80.0s, h=1.16, it_s=2.90, loss=3.3862, pcy=0.00, pnce=0.00, psemi=0.00, s=1.00, semi=0.0000, semib=0.0, sgram=0.0198, steps=2.0, wnce=0.00, xfer=1.00]
Epoch 3/50:  40%|███▉      | 147/372 [00:51<01:10,  3.21it/s, comp_ms=337.0, cyc=0.0000, data_ms=3.9, eta=76.4s, h=1.16, it_s=2.90, loss=3.3882, pcy=0.00, pnce=0.00, psemi=0.00, s=1.00, semi=0.0000, semib=0.0, sgram=0.0198, steps=2.0, wnce=0.00, xfer=1.00]
Epoch 3/50:  41%|████▏     | 154/372 [00:53<01:12,  3.00it/s, comp_ms=337.0, cyc=0.0000, data_ms=3.9, eta=76.4s, h=1.16, it_s=2.90, loss=3.3882, pcy=0.00, pnce=0.00, psemi=0.00, s=1.00, semi=0.0000, semib=0.0, sgram=0.0198, steps=2.0, wnce=0.00, xfer=1.00]
Epoch 3/50:  41%|████▏     | 154/372 [00:55<01:12,  3.00it/s, comp_ms=340.6, cyc=0.0000, data_ms=3.9, eta=73.6s, h=1.15, it_s=2.88, loss=3.3877, pcy=0.00, pnce=0.00, psemi=0.00, s=1.00, semi=0.0000, semib=0.0, sgram=0.0198, steps=2.0, wnce=0.00, xfer=1.00]
Epoch 3/50:  43%|████▎     | 161/372 [00:55<01:14,  2.85it/s, comp_ms=340.6, cyc=0.0000, data_ms=3.9, eta=73.6s, h=1.15, it_s=2.88, loss=3.3877, pcy=0.00, pnce=0.00, psemi=0.00, s=1.00, semi=0.0000, semib=0.0, sgram=0.0198, steps=2.0, wnce=0.00, xfer=1.00]
Epoch 3/50:  45%|████▍     | 167/372 [00:57<01:12,  2.84it/s, comp_ms=340.6, cyc=0.0000, data_ms=3.9, eta=73.6s, h=1.15, it_s=2.88, loss=3.3877, pcy=0.00, pnce=0.00, psemi=0.00, s=1.00, semi=0.0000, semib=0.0, sgram=0.0198, steps=2.0, wnce=0.00, xfer=1.00]
Epoch 3/50:  45%|████▍     | 167/372 [00:59<01:12,  2.84it/s, comp_ms=341.5, cyc=0.0000, data_ms=3.9, eta=70.1s, h=1.15, it_s=2.88, loss=3.3868, pcy=0.00, pnce=0.00, psemi=0.00, s=1.00, semi=0.0000, semib=0.0, sgram=0.0198, steps=2.0, wnce=0.00, xfer=1.00]
Epoch 3/50:  47%|████▋     | 174/372 [01:00<01:08,  2.88it/s, comp_ms=341.5, cyc=0.0000, data_ms=3.9, eta=70.1s, h=1.15, it_s=2.88, loss=3.3868, pcy=0.00, pnce=0.00, psemi=0.00, s=1.00, semi=0.0000, semib=0.0, sgram=0.0198, steps=2.0, wnce=0.00, xfer=1.00]
Epoch 3/50:  47%|████▋     | 174/372 [01:02<01:08,  2.88it/s, comp_ms=339.3, cyc=0.0000, data_ms=3.9, eta=66.4s, h=1.15, it_s=2.89, loss=3.3896, pcy=0.00, pnce=0.00, psemi=0.00, s=1.00, semi=0.0000, semib=0.0, sgram=0.0198, steps=2.0, wnce=0.00, xfer=1.00]
Epoch 3/50:  48%|████▊     | 180/372 [01:02<01:07,  2.86it/s, comp_ms=339.3, cyc=0.0000, data_ms=3.9, eta=66.4s, h=1.15, it_s=2.89, loss=3.3896, pcy=0.00, pnce=0.00, psemi=0.00, s=1.00, semi=0.0000, semib=0.0, sgram=0.0198, steps=2.0, wnce=0.00, xfer=1.00]
Epoch 3/50:  50%|█████     | 186/372 [01:04<01:05,  2.83it/s, comp_ms=339.3, cyc=0.0000, data_ms=3.9, eta=66.4s, h=1.15, it_s=2.89, loss=3.3896, pcy=0.00, pnce=0.00, psemi=0.00, s=1.00, semi=0.0000, semib=0.0, sgram=0.0198, steps=2.0, wnce=0.00, xfer=1.00]
Epoch 3/50:  50%|█████     | 186/372 [01:06<01:05,  2.83it/s, comp_ms=342.6, cyc=0.0000, data_ms=3.9, eta=63.2s, h=1.15, it_s=2.88, loss=3.3865, pcy=0.00, pnce=0.00, psemi=0.00, s=1.00, semi=0.0000, semib=0.0, sgram=0.0198, steps=2.0, wnce=0.00, xfer=1.00]
Epoch 3/50:  52%|█████▏    | 192/372 [01:06<01:03,  2.83it/s, comp_ms=342.6, cyc=0.0000, data_ms=3.9, eta=63.2s, h=1.15, it_s=2.88, loss=3.3865, pcy=0.00, pnce=0.00, psemi=0.00, s=1.00, semi=0.0000, semib=0.0, sgram=0.0198, steps=2.0, wnce=0.00, xfer=1.00]
Epoch 3/50:  53%|█████▎    | 198/372 [01:09<01:03,  2.75it/s, comp_ms=342.6, cyc=0.0000, data_ms=3.9, eta=63.2s, h=1.15, it_s=2.88, loss=3.3865, pcy=0.00, pnce=0.00, psemi=0.00, s=1.00, semi=0.0000, semib=0.0, sgram=0.0198, steps=2.0, wnce=0.00, xfer=1.00]
Epoch 3/50:  53%|█████▎    | 198/372 [01:10<01:03,  2.75it/s, comp_ms=343.5, cyc=0.0000, data_ms=3.9, eta=60.1s, h=1.15, it_s=2.86, loss=3.3822, pcy=0.00, pnce=0.00, psemi=0.00, s=1.00, semi=0.0000, semib=0.0, sgram=0.0198, steps=2.0, wnce=0.00, xfer=1.00]
Epoch 3/50:  55%|█████▍    | 204/372 [01:11<01:03,  2.63it/s, comp_ms=343.5, cyc=0.0000, data_ms=3.9, eta=60.1s, h=1.15, it_s=2.86, loss=3.3822, pcy=0.00, pnce=0.00, psemi=0.00, s=1.00, semi=0.0000, semib=0.0, sgram=0.0198, steps=2.0, wnce=0.00, xfer=1.00]
Epoch 3/50:  55%|█████▍    | 204/372 [01:13<01:03,  2.63it/s, comp_ms=343.7, cyc=0.0000, data_ms=3.9, eta=56.7s, h=1.15, it_s=2.86, loss=3.3835, pcy=0.00, pnce=0.00, psemi=0.00, s=1.00, semi=0.0000, semib=0.0, sgram=0.0198, steps=2.0, wnce=0.00, xfer=1.00]
Epoch 3/50:  56%|█████▋    | 210/372 [01:13<01:00,  2.67it/s, comp_ms=343.7, cyc=0.0000, data_ms=3.9, eta=56.7s, h=1.15, it_s=2.86, loss=3.3835, pcy=0.00, pnce=0.00, psemi=0.00, s=1.00, semi=0.0000, semib=0.0, sgram=0.0198, steps=2.0, wnce=0.00, xfer=1.00]
Epoch 3/50:  58%|█████▊    | 217/372 [01:15<00:53,  2.88it/s, comp_ms=343.7, cyc=0.0000, data_ms=3.9, eta=56.7s, h=1.15, it_s=2.86, loss=3.3835, pcy=0.00, pnce=0.00, psemi=0.00, s=1.00, semi=0.0000, semib=0.0, sgram=0.0198, steps=2.0, wnce=0.00, xfer=1.00]
Epoch 3/50:  58%|█████▊    | 217/372 [01:17<00:53,  2.88it/s, comp_ms=345.3, cyc=0.0000, data_ms=3.9, eta=53.4s, h=1.15, it_s=2.85, loss=3.3806, pcy=0.00, pnce=0.00, psemi=0.00, s=1.00, semi=0.0000, semib=0.0, sgram=0.0198, steps=2.0, wnce=0.00, xfer=1.00]
Epoch 3/50:  60%|█████▉    | 223/372 [01:18<00:55,  2.66it/s, comp_ms=345.3, cyc=0.0000, data_ms=3.9, eta=53.4s, h=1.15, it_s=2.85, loss=3.3806, pcy=0.00, pnce=0.00, psemi=0.00, s=1.00, semi=0.0000, semib=0.0, sgram=0.0198, steps=2.0, wnce=0.00, xfer=1.00]
Epoch 3/50:  62%|██████▏   | 229/372 [01:21<00:57,  2.48it/s, comp_ms=345.3, cyc=0.0000, data_ms=3.9, eta=53.4s, h=1.15, it_s=2.85, loss=3.3806, pcy=0.00, pnce=0.00, psemi=0.00, s=1.00, semi=0.0000, semib=0.0, sgram=0.0198, steps=2.0, wnce=0.00, xfer=1.00]
Epoch 3/50:  62%|██████▏   | 229/372 [01:21<00:57,  2.48it/s, comp_ms=349.5, cyc=0.0000, data_ms=3.9, eta=50.5s, h=1.15, it_s=2.81, loss=3.3779, pcy=0.00, pnce=0.00, psemi=0.00, s=1.00, semi=0.0000, semib=0.0, sgram=0.0198, steps=2.0, wnce=0.00, xfer=1.00]
Epoch 3/50:  63%|██████▎   | 236/372 [01:23<00:50,  2.67it/s, comp_ms=349.5, cyc=0.0000, data_ms=3.9, eta=50.5s, h=1.15, it_s=2.81, loss=3.3779, pcy=0.00, pnce=0.00, psemi=0.00, s=1.00, semi=0.0000, semib=0.0, sgram=0.0198, steps=2.0, wnce=0.00, xfer=1.00]
Epoch 3/50:  63%|██████▎   | 236/372 [01:24<00:50,  2.67it/s, comp_ms=348.4, cyc=0.0000, data_ms=3.9, eta=46.7s, h=1.15, it_s=2.83, loss=3.3782, pcy=0.00, pnce=0.00, psemi=0.00, s=1.00, semi=0.0000, semib=0.0, sgram=0.0197, steps=2.0, wnce=0.00, xfer=1.00]
Epoch 3/50:  66%|██████▌   | 244/372 [01:25<00:44,  2.89it/s, comp_ms=348.4, cyc=0.0000, data_ms=3.9, eta=46.7s, h=1.15, it_s=2.83, loss=3.3782, pcy=0.00, pnce=0.00, psemi=0.00, s=1.00, semi=0.0000, semib=0.0, sgram=0.0197, steps=2.0, wnce=0.00, xfer=1.00]
Epoch 3/50:  66%|██████▌   | 244/372 [01:27<00:44,  2.89it/s, comp_ms=345.9, cyc=0.0000, data_ms=3.9, eta=42.8s, h=1.15, it_s=2.85, loss=3.3786, pcy=0.00, pnce=0.00, psemi=0.00, s=1.00, semi=0.0000, semib=0.0, sgram=0.0197, steps=2.0, wnce=0.00, xfer=1.00]
Epoch 3/50:  67%|██████▋   | 250/372 [01:27<00:42,  2.88it/s, comp_ms=345.9, cyc=0.0000, data_ms=3.9, eta=42.8s, h=1.15, it_s=2.85, loss=3.3786, pcy=0.00, pnce=0.00, psemi=0.00, s=1.00, semi=0.0000, semib=0.0, sgram=0.0197, steps=2.0, wnce=0.00, xfer=1.00]
Epoch 3/50:  69%|██████▉   | 257/372 [01:30<00:39,  2.93it/s, comp_ms=345.9, cyc=0.0000, data_ms=3.9, eta=42.8s, h=1.15, it_s=2.85, loss=3.3786, pcy=0.00, pnce=0.00, psemi=0.00, s=1.00, semi=0.0000, semib=0.0, sgram=0.0197, steps=2.0, wnce=0.00, xfer=1.00]
Epoch 3/50:  69%|██████▉   | 257/372 [01:31<00:39,  2.93it/s, comp_ms=345.3, cyc=0.0000, data_ms=3.9, eta=39.3s, h=1.15, it_s=2.85, loss=3.3784, pcy=0.00, pnce=0.00, psemi=0.00, s=1.00, semi=0.0000, semib=0.0, sgram=0.0197, steps=2.0, wnce=0.00, xfer=1.00]
Epoch 3/50:  71%|███████   | 263/372 [01:32<00:37,  2.87it/s, comp_ms=345.3, cyc=0.0000, data_ms=3.9, eta=39.3s, h=1.15, it_s=2.85, loss=3.3784, pcy=0.00, pnce=0.00, psemi=0.00, s=1.00, semi=0.0000, semib=0.0, sgram=0.0197, steps=2.0, wnce=0.00, xfer=1.00]
Epoch 3/50:  72%|███████▏  | 269/372 [01:34<00:36,  2.84it/s, comp_ms=345.3, cyc=0.0000, data_ms=3.9, eta=39.3s, h=1.15, it_s=2.85, loss=3.3784, pcy=0.00, pnce=0.00, psemi=0.00, s=1.00, semi=0.0000, semib=0.0, sgram=0.0197, steps=2.0, wnce=0.00, xfer=1.00]
Epoch 3/50:  72%|███████▏  | 269/372 [01:35<00:36,  2.84it/s, comp_ms=346.5, cyc=0.0000, data_ms=3.9, eta=35.9s, h=1.15, it_s=2.84, loss=3.3785, pcy=0.00, pnce=0.00, psemi=0.00, s=1.00, semi=0.0000, semib=0.0, sgram=0.0197, steps=2.0, wnce=0.00, xfer=1.00]
Epoch 3/50:  74%|███████▍  | 276/372 [01:36<00:32,  2.92it/s, comp_ms=346.5, cyc=0.0000, data_ms=3.9, eta=35.9s, h=1.15, it_s=2.84, loss=3.3785, pcy=0.00, pnce=0.00, psemi=0.00, s=1.00, semi=0.0000, semib=0.0, sgram=0.0197, steps=2.0, wnce=0.00, xfer=1.00]
Epoch 3/50:  74%|███████▍  | 276/372 [01:38<00:32,  2.92it/s, comp_ms=346.6, cyc=0.0000, data_ms=3.9, eta=32.4s, h=1.15, it_s=2.84, loss=3.3762, pcy=0.00, pnce=0.00, psemi=0.00, s=1.00, semi=0.0000, semib=0.0, sgram=0.0197, steps=2.0, wnce=0.00, xfer=1.00]
Epoch 3/50:  76%|███████▌  | 282/372 [01:39<00:33,  2.68it/s, comp_ms=346.6, cyc=0.0000, data_ms=3.9, eta=32.4s, h=1.15, it_s=2.84, loss=3.3762, pcy=0.00, pnce=0.00, psemi=0.00, s=1.00, semi=0.0000, semib=0.0, sgram=0.0197, steps=2.0, wnce=0.00, xfer=1.00]
Epoch 3/50:  77%|███████▋  | 288/372 [01:42<00:32,  2.62it/s, comp_ms=346.6, cyc=0.0000, data_ms=3.9, eta=32.4s, h=1.15, it_s=2.84, loss=3.3762, pcy=0.00, pnce=0.00, psemi=0.00, s=1.00, semi=0.0000, semib=0.0, sgram=0.0197, steps=2.0, wnce=0.00, xfer=1.00]
Epoch 3/50:  77%|███████▋  | 288/372 [01:43<00:32,  2.62it/s, comp_ms=349.6, cyc=0.0000, data_ms=3.9, eta=29.1s, h=1.15, it_s=2.82, loss=3.3775, pcy=0.00, pnce=0.00, psemi=0.00, s=1.00, semi=0.0000, semib=0.0, sgram=0.0197, steps=2.0, wnce=0.00, xfer=1.00]
Epoch 3/50:  79%|███████▉  | 294/372 [01:44<00:31,  2.45it/s, comp_ms=349.6, cyc=0.0000, data_ms=3.9, eta=29.1s, h=1.15, it_s=2.82, loss=3.3775, pcy=0.00, pnce=0.00, psemi=0.00, s=1.00, semi=0.0000, semib=0.0, sgram=0.0197, steps=2.0, wnce=0.00, xfer=1.00]
Epoch 3/50:  80%|████████  | 299/372 [01:46<00:30,  2.42it/s, comp_ms=349.6, cyc=0.0000, data_ms=3.9, eta=29.1s, h=1.15, it_s=2.82, loss=3.3775, pcy=0.00, pnce=0.00, psemi=0.00, s=1.00, semi=0.0000, semib=0.0, sgram=0.0197, steps=2.0, wnce=0.00, xfer=1.00]
Epoch 3/50:  80%|████████  | 299/372 [01:47<00:30,  2.42it/s, comp_ms=352.7, cyc=0.0000, data_ms=3.9, eta=25.7s, h=1.15, it_s=2.80, loss=3.3782, pcy=0.00, pnce=0.00, psemi=0.00, s=1.00, semi=0.0000, semib=0.0, sgram=0.0197, steps=2.0, wnce=0.00, xfer=1.00]
Epoch 3/50:  82%|████████▏ | 305/372 [01:49<00:26,  2.54it/s, comp_ms=352.7, cyc=0.0000, data_ms=3.9, eta=25.7s, h=1.15, it_s=2.80, loss=3.3782, pcy=0.00, pnce=0.00, psemi=0.00, s=1.00, semi=0.0000, semib=0.0, sgram=0.0197, steps=2.0, wnce=0.00, xfer=1.00]
Epoch 3/50:  82%|████████▏ | 305/372 [01:51<00:26,  2.54it/s, comp_ms=352.5, cyc=0.0000, data_ms=3.9, eta=22.2s, h=1.15, it_s=2.80, loss=3.3748, pcy=0.00, pnce=0.00, psemi=0.00, s=1.00, semi=0.0000, semib=0.0, sgram=0.0197, steps=2.0, wnce=0.00, xfer=1.00]
Epoch 3/50:  84%|████████▎ | 311/372 [01:51<00:23,  2.60it/s, comp_ms=352.5, cyc=0.0000, data_ms=3.9, eta=22.2s, h=1.15, it_s=2.80, loss=3.3748, pcy=0.00, pnce=0.00, psemi=0.00, s=1.00, semi=0.0000, semib=0.0, sgram=0.0197, steps=2.0, wnce=0.00, xfer=1.00]
Epoch 3/50:  85%|████████▌ | 317/372 [01:53<00:21,  2.61it/s, comp_ms=352.5, cyc=0.0000, data_ms=3.9, eta=22.2s, h=1.15, it_s=2.80, loss=3.3748, pcy=0.00, pnce=0.00, psemi=0.00, s=1.00, semi=0.0000, semib=0.0, sgram=0.0197, steps=2.0, wnce=0.00, xfer=1.00]
Epoch 3/50:  85%|████████▌ | 317/372 [01:55<00:21,  2.61it/s, comp_ms=353.8, cyc=0.0000, data_ms=3.9, eta=18.7s, h=1.15, it_s=2.78, loss=3.3684, pcy=0.00, pnce=0.00, psemi=0.00, s=1.00, semi=0.0000, semib=0.0, sgram=0.0197, steps=2.1, wnce=0.00, xfer=1.00]
Epoch 3/50:  87%|████████▋ | 323/372 [01:56<00:19,  2.54it/s, comp_ms=353.8, cyc=0.0000, data_ms=3.9, eta=18.7s, h=1.15, it_s=2.78, loss=3.3684, pcy=0.00, pnce=0.00, psemi=0.00, s=1.00, semi=0.0000, semib=0.0, sgram=0.0197, steps=2.1, wnce=0.00, xfer=1.00]
Epoch 3/50:  87%|████████▋ | 323/372 [01:58<00:19,  2.54it/s, comp_ms=353.7, cyc=0.0000, data_ms=3.9, eta=15.1s, h=1.15, it_s=2.79, loss=3.3662, pcy=0.00, pnce=0.00, psemi=0.00, s=1.00, semi=0.0000, semib=0.0, sgram=0.0197, steps=2.0, wnce=0.00, xfer=1.00]
Epoch 3/50:  89%|████████▊ | 330/372 [01:58<00:15,  2.66it/s, comp_ms=353.7, cyc=0.0000, data_ms=3.9, eta=15.1s, h=1.15, it_s=2.79, loss=3.3662, pcy=0.00, pnce=0.00, psemi=0.00, s=1.00, semi=0.0000, semib=0.0, sgram=0.0197, steps=2.0, wnce=0.00, xfer=1.00]
Epoch 3/50:  90%|█████████ | 336/372 [02:00<00:13,  2.75it/s, comp_ms=353.7, cyc=0.0000, data_ms=3.9, eta=15.1s, h=1.15, it_s=2.79, loss=3.3662, pcy=0.00, pnce=0.00, psemi=0.00, s=1.00, semi=0.0000, semib=0.0, sgram=0.0197, steps=2.0, wnce=0.00, xfer=1.00]
Epoch 3/50:  90%|█████████ | 336/372 [02:01<00:13,  2.75it/s, comp_ms=353.3, cyc=0.0000, data_ms=3.9, eta=11.5s, h=1.15, it_s=2.79, loss=3.3660, pcy=0.00, pnce=0.00, psemi=0.00, s=1.00, semi=0.0000, semib=0.0, sgram=0.0197, steps=2.0, wnce=0.00, xfer=1.00]
Epoch 3/50:  92%|█████████▏| 343/372 [02:02<00:10,  2.86it/s, comp_ms=353.3, cyc=0.0000, data_ms=3.9, eta=11.5s, h=1.15, it_s=2.79, loss=3.3660, pcy=0.00, pnce=0.00, psemi=0.00, s=1.00, semi=0.0000, semib=0.0, sgram=0.0197, steps=2.0, wnce=0.00, xfer=1.00]
Epoch 3/50:  92%|█████████▏| 343/372 [02:04<00:10,  2.86it/s, comp_ms=351.9, cyc=0.0000, data_ms=3.9, eta=7.8s, h=1.15, it_s=2.80, loss=3.3649, pcy=0.00, pnce=0.00, psemi=0.00, s=1.00, semi=0.0000, semib=0.0, sgram=0.0197, steps=2.0, wnce=0.00, xfer=1.00] 
Epoch 3/50:  94%|█████████▍| 350/372 [02:04<00:07,  2.92it/s, comp_ms=351.9, cyc=0.0000, data_ms=3.9, eta=7.8s, h=1.15, it_s=2.80, loss=3.3649, pcy=0.00, pnce=0.00, psemi=0.00, s=1.00, semi=0.0000, semib=0.0, sgram=0.0197, steps=2.0, wnce=0.00, xfer=1.00]
Epoch 3/50:  97%|█████████▋| 359/372 [02:07<00:04,  3.19it/s, comp_ms=351.9, cyc=0.0000, data_ms=3.9, eta=7.8s, h=1.15, it_s=2.80, loss=3.3649, pcy=0.00, pnce=0.00, psemi=0.00, s=1.00, semi=0.0000, semib=0.0, sgram=0.0197, steps=2.0, wnce=0.00, xfer=1.00]
Epoch 3/50:  97%|█████████▋| 359/372 [02:08<00:04,  3.19it/s, comp_ms=349.8, cyc=0.0000, data_ms=3.9, eta=4.3s, h=1.15, it_s=2.82, loss=3.3646, pcy=0.00, pnce=0.00, psemi=0.00, s=1.00, semi=0.0000, semib=0.0, sgram=0.0197, steps=2.0, wnce=0.00, xfer=1.00]
Epoch 3/50:  98%|█████████▊| 366/372 [02:09<00:01,  3.09it/s, comp_ms=349.8, cyc=0.0000, data_ms=3.9, eta=4.3s, h=1.15, it_s=2.82, loss=3.3646, pcy=0.00, pnce=0.00, psemi=0.00, s=1.00, semi=0.0000, semib=0.0, sgram=0.0197, steps=2.0, wnce=0.00, xfer=1.00]
Epoch 3/50:  98%|█████████▊| 366/372 [02:11<00:01,  3.09it/s, comp_ms=349.1, cyc=0.0000, data_ms=3.9, eta=0.7s, h=1.15, it_s=2.83, loss=3.3618, pcy=0.00, pnce=0.00, psemi=0.00, s=1.00, semi=0.0000, semib=0.0, sgram=0.0197, steps=2.0, wnce=0.00, xfer=1.00]
Epoch 3/50: 100%|██████████| 372/372 [02:11<00:00,  2.83it/s, comp_ms=349.1, cyc=0.0000, data_ms=3.9, eta=0.7s, h=1.15, it_s=2.83, loss=3.3618, pcy=0.00, pnce=0.00, psemi=0.00, s=1.00, semi=0.0000, semib=0.0, sgram=0.0197, steps=2.0, wnce=0.00, xfer=1.00]
2026-02-14 12:34:24,337 - INFO - Epoch 3/50 | loss=3.3620 code=0.0000 cpn=0.000 crn=0.000 cycle=0.0000 sgram=0.0197 cmoment=0.1431 push=0.0000 dtv=0.2974 stv=0.0806 nce=0.0000 semi=0.0000 semib=0.0 steps=2.0 h=1.15 s=1.00 slot=0 pth=0.00 pcy=0.00 pst=1.00 pnce=0.00 psemi=0.00 wcyc=0.00 wnce=0.00 wsemi=0.00 xfer=1.00 lr=1.99e-04 data=1.4s comp=130.2s
[Epoch 3/50] loss=3.3620 distill=0.0000 code=0.0000 cpn=0.000 crn=0.000 cycle=0.0000 sgram=0.0197 cmoment=0.1431 push=0.0000 dtv=0.2974 stv=0.0806 nce=0.0000 semi=0.0000 semib=0.0 steps=2.0 h=1.15 s=1.00 slot=0 pth=0.00 pcy=0.00 pst=1.00 pnce=0.00 psemi=0.00 wcyc=0.00 wnce=0.00 wsemi=0.00 xfer=1.00 | data=1.4s compute=130.2s total=131.7s

Epoch 4/50:   0%|          | 0/372 [00:00<?, ?it/s]
Epoch 4/50:   2%|▏         | 8/372 [00:02<01:48,  3.34it/s]
Epoch 4/50:   2%|▏         | 8/372 [00:03<01:48,  3.34it/s, comp_ms=271.7, cyc=0.0000, data_ms=4.0, eta=106.6s, h=1.10, it_s=3.40, loss=3.4130, pcy=0.00, pnce=0.00, psemi=0.00, s=1.00, semi=0.0000, semib=0.0, sgram=0.0199, steps=1.7, wnce=0.00, xfer=1.00]
Epoch 4/50:   4%|▍         | 15/372 [00:04<01:59,  2.99it/s, comp_ms=271.7, cyc=0.0000, data_ms=4.0, eta=106.6s, h=1.10, it_s=3.40, loss=3.4130, pcy=0.00, pnce=0.00, psemi=0.00, s=1.00, semi=0.0000, semib=0.0, sgram=0.0199, steps=1.7, wnce=0.00, xfer=1.00]
Epoch 4/50:   4%|▍         | 15/372 [00:06<01:59,  2.99it/s, comp_ms=301.0, cyc=0.0000, data_ms=4.0, eta=116.1s, h=1.12, it_s=3.03, loss=3.3369, pcy=0.00, pnce=0.00, psemi=0.00, s=1.00, semi=0.0000, semib=0.0, sgram=0.0197, steps=2.0, wnce=0.00, xfer=1.00]
Epoch 4/50:   6%|▌         | 21/372 [00:07<01:59,  2.93it/s, comp_ms=301.0, cyc=0.0000, data_ms=4.0, eta=116.1s, h=1.12, it_s=3.03, loss=3.3369, pcy=0.00, pnce=0.00, psemi=0.00, s=1.00, semi=0.0000, semib=0.0, sgram=0.0197, steps=2.0, wnce=0.00, xfer=1.00]
Epoch 4/50:   7%|▋         | 27/372 [00:09<02:00,  2.86it/s, comp_ms=301.0, cyc=0.0000, data_ms=4.0, eta=116.1s, h=1.12, it_s=3.03, loss=3.3369, pcy=0.00, pnce=0.00, psemi=0.00, s=1.00, semi=0.0000, semib=0.0, sgram=0.0197, steps=2.0, wnce=0.00, xfer=1.00]
Epoch 4/50:   7%|▋         | 27/372 [00:10<02:00,  2.86it/s, comp_ms=321.7, cyc=0.0000, data_ms=3.9, eta=115.5s, h=1.15, it_s=2.96, loss=3.3530, pcy=0.00, pnce=0.00, psemi=0.00, s=1.00, semi=0.0000, semib=0.0, sgram=0.0196, steps=1.9, wnce=0.00, xfer=1.00]
Epoch 4/50:   9%|▉         | 34/372 [00:11<01:58,  2.86it/s, comp_ms=321.7, cyc=0.0000, data_ms=3.9, eta=115.5s, h=1.15, it_s=2.96, loss=3.3530, pcy=0.00, pnce=0.00, psemi=0.00, s=1.00, semi=0.0000, semib=0.0, sgram=0.0196, steps=1.9, wnce=0.00, xfer=1.00]
Epoch 4/50:   9%|▉         | 34/372 [00:14<01:58,  2.86it/s, comp_ms=341.7, cyc=0.0000, data_ms=3.9, eta=117.6s, h=1.14, it_s=2.82, loss=3.3286, pcy=0.00, pnce=0.00, psemi=0.00, s=1.00, semi=0.0000, semib=0.0, sgram=0.0196, steps=2.0, wnce=0.00, xfer=1.00]
Epoch 4/50:  11%|█         | 40/372 [00:14<02:06,  2.63it/s, comp_ms=341.7, cyc=0.0000, data_ms=3.9, eta=117.6s, h=1.14, it_s=2.82, loss=3.3286, pcy=0.00, pnce=0.00, psemi=0.00, s=1.00, semi=0.0000, semib=0.0, sgram=0.0196, steps=2.0, wnce=0.00, xfer=1.00]
Epoch 4/50:  13%|█▎        | 48/372 [00:16<01:49,  2.96it/s, comp_ms=341.7, cyc=0.0000, data_ms=3.9, eta=117.6s, h=1.14, it_s=2.82, loss=3.3286, pcy=0.00, pnce=0.00, psemi=0.00, s=1.00, semi=0.0000, semib=0.0, sgram=0.0196, steps=2.0, wnce=0.00, xfer=1.00]
Epoch 4/50:  13%|█▎        | 48/372 [00:17<01:49,  2.96it/s, comp_ms=333.2, cyc=0.0000, data_ms=3.9, eta=110.3s, h=1.14, it_s=2.92, loss=3.3347, pcy=0.00, pnce=0.00, psemi=0.00, s=1.00, semi=0.0000, semib=0.0, sgram=0.0196, steps=2.0, wnce=0.00, xfer=1.00]
Epoch 4/50:  15%|█▍        | 54/372 [00:18<01:48,  2.93it/s, comp_ms=333.2, cyc=0.0000, data_ms=3.9, eta=110.3s, h=1.14, it_s=2.92, loss=3.3347, pcy=0.00, pnce=0.00, psemi=0.00, s=1.00, semi=0.0000, semib=0.0, sgram=0.0196, steps=2.0, wnce=0.00, xfer=1.00]
Epoch 4/50:  15%|█▍        | 54/372 [00:21<01:48,  2.93it/s, comp_ms=342.2, cyc=0.0000, data_ms=3.9, eta=109.0s, h=1.15, it_s=2.86, loss=3.3276, pcy=0.00, pnce=0.00, psemi=0.00, s=1.00, semi=0.0000, semib=0.0, sgram=0.0195, steps=2.0, wnce=0.00, xfer=1.00]
Epoch 4/50:  16%|█▌        | 60/372 [00:21<01:52,  2.78it/s, comp_ms=342.2, cyc=0.0000, data_ms=3.9, eta=109.0s, h=1.15, it_s=2.86, loss=3.3276, pcy=0.00, pnce=0.00, psemi=0.00, s=1.00, semi=0.0000, semib=0.0, sgram=0.0195, steps=2.0, wnce=0.00, xfer=1.00]
Epoch 4/50:  18%|█▊        | 67/372 [00:23<01:43,  2.96it/s, comp_ms=342.2, cyc=0.0000, data_ms=3.9, eta=109.0s, h=1.15, it_s=2.86, loss=3.3276, pcy=0.00, pnce=0.00, psemi=0.00, s=1.00, semi=0.0000, semib=0.0, sgram=0.0195, steps=2.0, wnce=0.00, xfer=1.00]
Epoch 4/50:  18%|█▊        | 67/372 [00:24<01:43,  2.96it/s, comp_ms=334.8, cyc=0.0000, data_ms=3.9, eta=103.4s, h=1.15, it_s=2.92, loss=3.3338, pcy=0.00, pnce=0.00, psemi=0.00, s=1.00, semi=0.0000, semib=0.0, sgram=0.0195, steps=2.0, wnce=0.00, xfer=1.00]
Epoch 4/50:  20%|█▉        | 74/372 [00:25<01:35,  3.11it/s, comp_ms=334.8, cyc=0.0000, data_ms=3.9, eta=103.4s, h=1.15, it_s=2.92, loss=3.3338, pcy=0.00, pnce=0.00, psemi=0.00, s=1.00, semi=0.0000, semib=0.0, sgram=0.0195, steps=2.0, wnce=0.00, xfer=1.00]
Epoch 4/50:  20%|█▉        | 74/372 [00:27<01:35,  3.11it/s, comp_ms=325.5, cyc=0.0000, data_ms=3.9, eta=98.0s, h=1.15, it_s=2.98, loss=3.3354, pcy=0.00, pnce=0.00, psemi=0.00, s=1.00, semi=0.0000, semib=0.0, sgram=0.0195, steps=1.9, wnce=0.00, xfer=1.00] 
Epoch 4/50:  22%|██▏       | 81/372 [00:27<01:34,  3.09it/s, comp_ms=325.5, cyc=0.0000, data_ms=3.9, eta=98.0s, h=1.15, it_s=2.98, loss=3.3354, pcy=0.00, pnce=0.00, psemi=0.00, s=1.00, semi=0.0000, semib=0.0, sgram=0.0195, steps=1.9, wnce=0.00, xfer=1.00]
Epoch 4/50:  24%|██▎       | 88/372 [00:30<01:38,  2.88it/s, comp_ms=325.5, cyc=0.0000, data_ms=3.9, eta=98.0s, h=1.15, it_s=2.98, loss=3.3354, pcy=0.00, pnce=0.00, psemi=0.00, s=1.00, semi=0.0000, semib=0.0, sgram=0.0195, steps=1.9, wnce=0.00, xfer=1.00]
Epoch 4/50:  24%|██▎       | 88/372 [00:31<01:38,  2.88it/s, comp_ms=336.9, cyc=0.0000, data_ms=3.9, eta=97.4s, h=1.15, it_s=2.89, loss=3.3356, pcy=0.00, pnce=0.00, psemi=0.00, s=1.00, semi=0.0000, semib=0.0, sgram=0.0196, steps=2.0, wnce=0.00, xfer=1.00]
Epoch 4/50:  25%|██▌       | 94/372 [00:32<01:43,  2.68it/s, comp_ms=336.9, cyc=0.0000, data_ms=3.9, eta=97.4s, h=1.15, it_s=2.89, loss=3.3356, pcy=0.00, pnce=0.00, psemi=0.00, s=1.00, semi=0.0000, semib=0.0, sgram=0.0196, steps=2.0, wnce=0.00, xfer=1.00]
Epoch 4/50:  25%|██▌       | 94/372 [00:35<01:43,  2.68it/s, comp_ms=344.2, cyc=0.0000, data_ms=3.9, eta=95.9s, h=1.15, it_s=2.84, loss=3.3269, pcy=0.00, pnce=0.00, psemi=0.00, s=1.00, semi=0.0000, semib=0.0, sgram=0.0195, steps=2.0, wnce=0.00, xfer=1.00]
Epoch 4/50:  27%|██▋       | 100/372 [00:35<01:45,  2.57it/s, comp_ms=344.2, cyc=0.0000, data_ms=3.9, eta=95.9s, h=1.15, it_s=2.84, loss=3.3269, pcy=0.00, pnce=0.00, psemi=0.00, s=1.00, semi=0.0000, semib=0.0, sgram=0.0195, steps=2.0, wnce=0.00, xfer=1.00]
Epoch 4/50:  29%|██▉       | 108/372 [00:37<01:34,  2.80it/s, comp_ms=344.2, cyc=0.0000, data_ms=3.9, eta=95.9s, h=1.15, it_s=2.84, loss=3.3269, pcy=0.00, pnce=0.00, psemi=0.00, s=1.00, semi=0.0000, semib=0.0, sgram=0.0195, steps=2.0, wnce=0.00, xfer=1.00]
Epoch 4/50:  29%|██▉       | 108/372 [00:38<01:34,  2.80it/s, comp_ms=342.9, cyc=0.0000, data_ms=3.9, eta=91.7s, h=1.15, it_s=2.86, loss=3.3213, pcy=0.00, pnce=0.00, psemi=0.00, s=1.00, semi=0.0000, semib=0.0, sgram=0.0195, steps=2.0, wnce=0.00, xfer=1.00]
Epoch 4/50:  31%|███       | 114/372 [00:39<01:31,  2.81it/s, comp_ms=342.9, cyc=0.0000, data_ms=3.9, eta=91.7s, h=1.15, it_s=2.86, loss=3.3213, pcy=0.00, pnce=0.00, psemi=0.00, s=1.00, semi=0.0000, semib=0.0, sgram=0.0195, steps=2.0, wnce=0.00, xfer=1.00]
Epoch 4/50:  31%|███       | 114/372 [00:41<01:31,  2.81it/s, comp_ms=340.8, cyc=0.0000, data_ms=3.9, eta=87.3s, h=1.15, it_s=2.89, loss=3.3313, pcy=0.00, pnce=0.00, psemi=0.00, s=1.00, semi=0.0000, semib=0.0, sgram=0.0195, steps=2.0, wnce=0.00, xfer=1.00]
Epoch 4/50:  33%|███▎      | 122/372 [00:42<01:23,  2.98it/s, comp_ms=340.8, cyc=0.0000, data_ms=3.9, eta=87.3s, h=1.15, it_s=2.89, loss=3.3313, pcy=0.00, pnce=0.00, psemi=0.00, s=1.00, semi=0.0000, semib=0.0, sgram=0.0195, steps=2.0, wnce=0.00, xfer=1.00]
Epoch 4/50:  35%|███▍      | 129/372 [00:44<01:25,  2.85it/s, comp_ms=340.8, cyc=0.0000, data_ms=3.9, eta=87.3s, h=1.15, it_s=2.89, loss=3.3313, pcy=0.00, pnce=0.00, psemi=0.00, s=1.00, semi=0.0000, semib=0.0, sgram=0.0195, steps=2.0, wnce=0.00, xfer=1.00]
Epoch 4/50:  35%|███▍      | 129/372 [00:45<01:25,  2.85it/s, comp_ms=342.0, cyc=0.0000, data_ms=3.9, eta=84.1s, h=1.15, it_s=2.88, loss=3.3210, pcy=0.00, pnce=0.00, psemi=0.00, s=1.00, semi=0.0000, semib=0.0, sgram=0.0195, steps=2.0, wnce=0.00, xfer=1.00]
Epoch 4/50:  37%|███▋      | 137/372 [00:47<01:17,  3.05it/s, comp_ms=342.0, cyc=0.0000, data_ms=3.9, eta=84.1s, h=1.15, it_s=2.88, loss=3.3210, pcy=0.00, pnce=0.00, psemi=0.00, s=1.00, semi=0.0000, semib=0.0, sgram=0.0195, steps=2.0, wnce=0.00, xfer=1.00]
Epoch 4/50:  37%|███▋      | 137/372 [00:48<01:17,  3.05it/s, comp_ms=338.8, cyc=0.0000, data_ms=3.9, eta=80.2s, h=1.15, it_s=2.89, loss=3.3241, pcy=0.00, pnce=0.00, psemi=0.00, s=1.00, semi=0.0000, semib=0.0, sgram=0.0195, steps=2.0, wnce=0.00, xfer=1.00]
Epoch 4/50:  39%|███▊      | 144/372 [00:50<01:19,  2.87it/s, comp_ms=338.8, cyc=0.0000, data_ms=3.9, eta=80.2s, h=1.15, it_s=2.89, loss=3.3241, pcy=0.00, pnce=0.00, psemi=0.00, s=1.00, semi=0.0000, semib=0.0, sgram=0.0195, steps=2.0, wnce=0.00, xfer=1.00]
Epoch 4/50:  39%|███▊      | 144/372 [00:52<01:19,  2.87it/s, comp_ms=339.8, cyc=0.0000, data_ms=3.9, eta=76.8s, h=1.15, it_s=2.89, loss=3.3271, pcy=0.00, pnce=0.00, psemi=0.00, s=1.00, semi=0.0000, semib=0.0, sgram=0.0195, steps=2.0, wnce=0.00, xfer=1.00]
Epoch 4/50:  40%|████      | 150/372 [00:52<01:17,  2.86it/s, comp_ms=339.8, cyc=0.0000, data_ms=3.9, eta=76.8s, h=1.15, it_s=2.89, loss=3.3271, pcy=0.00, pnce=0.00, psemi=0.00, s=1.00, semi=0.0000, semib=0.0, sgram=0.0195, steps=2.0, wnce=0.00, xfer=1.00]
Epoch 4/50:  42%|████▏     | 156/372 [00:54<01:17,  2.79it/s, comp_ms=339.8, cyc=0.0000, data_ms=3.9, eta=76.8s, h=1.15, it_s=2.89, loss=3.3271, pcy=0.00, pnce=0.00, psemi=0.00, s=1.00, semi=0.0000, semib=0.0, sgram=0.0195, steps=2.0, wnce=0.00, xfer=1.00]
Epoch 4/50:  42%|████▏     | 156/372 [00:56<01:17,  2.79it/s, comp_ms=342.9, cyc=0.0000, data_ms=3.9, eta=74.2s, h=1.15, it_s=2.86, loss=3.3278, pcy=0.00, pnce=0.00, psemi=0.00, s=1.00, semi=0.0000, semib=0.0, sgram=0.0195, steps=2.0, wnce=0.00, xfer=1.00]
Epoch 4/50:  44%|████▎     | 162/372 [00:56<01:16,  2.73it/s, comp_ms=342.9, cyc=0.0000, data_ms=3.9, eta=74.2s, h=1.15, it_s=2.86, loss=3.3278, pcy=0.00, pnce=0.00, psemi=0.00, s=1.00, semi=0.0000, semib=0.0, sgram=0.0195, steps=2.0, wnce=0.00, xfer=1.00]
Epoch 4/50:  45%|████▌     | 169/372 [00:58<01:10,  2.87it/s, comp_ms=342.9, cyc=0.0000, data_ms=3.9, eta=74.2s, h=1.15, it_s=2.86, loss=3.3278, pcy=0.00, pnce=0.00, psemi=0.00, s=1.00, semi=0.0000, semib=0.0, sgram=0.0195, steps=2.0, wnce=0.00, xfer=1.00]
Epoch 4/50:  45%|████▌     | 169/372 [00:59<01:10,  2.87it/s, comp_ms=342.7, cyc=0.0000, data_ms=3.9, eta=70.4s, h=1.15, it_s=2.87, loss=3.3297, pcy=0.00, pnce=0.00, psemi=0.00, s=1.00, semi=0.0000, semib=0.0, sgram=0.0195, steps=2.0, wnce=0.00, xfer=1.00]
Epoch 4/50:  48%|████▊     | 177/372 [01:01<01:03,  3.05it/s, comp_ms=342.7, cyc=0.0000, data_ms=3.9, eta=70.4s, h=1.15, it_s=2.87, loss=3.3297, pcy=0.00, pnce=0.00, psemi=0.00, s=1.00, semi=0.0000, semib=0.0, sgram=0.0195, steps=2.0, wnce=0.00, xfer=1.00]
Epoch 4/50:  48%|████▊     | 177/372 [01:02<01:03,  3.05it/s, comp_ms=341.1, cyc=0.0000, data_ms=4.0, eta=66.8s, h=1.15, it_s=2.87, loss=3.3260, pcy=0.00, pnce=0.00, psemi=0.00, s=1.00, semi=0.0000, semib=0.0, sgram=0.0195, steps=2.0, wnce=0.00, xfer=1.00]
Epoch 4/50:  49%|████▉     | 184/372 [01:03<01:05,  2.88it/s, comp_ms=341.1, cyc=0.0000, data_ms=4.0, eta=66.8s, h=1.15, it_s=2.87, loss=3.3260, pcy=0.00, pnce=0.00, psemi=0.00, s=1.00, semi=0.0000, semib=0.0, sgram=0.0195, steps=2.0, wnce=0.00, xfer=1.00]
