2026-02-20 14:28:28,737 - WARNING - w_style=221.6007 looks high for Projected SWD loss. Recommended start range is [5, 20].
2026-02-20 14:28:28,737 - INFO - Active losses: w_style, w_moment, w_identity, w_structure
2026-02-20 14:28:28,771 - INFO - Device: cuda
2026-02-20 14:28:28,771 - INFO - Seed: 42
2026-02-20 14:28:28,771 - INFO - Loading latent dataset from ..\..\sdxl-256-overfit50
2026-02-20 14:28:28,777 - INFO -   style=photo id=0 count=10
2026-02-20 14:28:28,781 - INFO -   style=Hayao id=1 count=10
2026-02-20 14:28:28,784 - INFO -   style=monet id=2 count=10
2026-02-20 14:28:28,787 - INFO -   style=cezanne id=3 count=10
2026-02-20 14:28:28,790 - INFO -   style=vangogh id=4 count=10
2026-02-20 14:28:28,846 - INFO - Dataset preloaded to cuda: 0.00GB across 5 style pools.
2026-02-20 14:28:28,848 - INFO - DataLoader | batch=50 workers=0 pin_memory=False persistent_workers=False preload_to_gpu=True
2026-02-20 14:28:28,893 - INFO - Model params: 7,153,476
2026-02-20 14:28:28,895 - INFO - Adding NCE Projector params to optimizer: 4 tensors
2026-02-20 14:28:29,528 - INFO - No checkpoint found, start from scratch.
2026-02-20 14:28:32,207 - INFO - [Epoch 1 Step 10/1000] loss=7691.9228 style=33.2225 mom=0.5977 struct=3.9510 tv=0.0000 idt=0.0491 it/s=3.73 eta=265.3s
2026-02-20 14:28:33,850 - INFO - [Epoch 1 Step 20/1000] loss=7840.0194 style=33.8367 mom=0.6030 struct=3.9659 tv=0.0000 idt=0.0680 it/s=4.63 eta=211.8s
2026-02-20 14:28:35,484 - INFO - [Epoch 1 Step 30/1000] loss=7795.1210 style=33.5899 mom=0.6031 struct=3.9699 tv=0.0000 idt=0.0856 it/s=5.04 eta=192.6s
2026-02-20 14:28:37,145 - INFO - [Epoch 1 Step 40/1000] loss=7738.7776 style=33.2970 mom=0.6020 struct=3.9639 tv=0.0000 idt=0.1022 it/s=5.25 eta=182.8s
2026-02-20 14:28:38,788 - INFO - [Epoch 1 Step 50/1000] loss=7739.9720 style=33.2535 mom=0.6039 struct=3.9630 tv=0.0000 idt=0.1215 it/s=5.40 eta=175.9s
2026-02-20 14:28:40,425 - INFO - [Epoch 1 Step 60/1000] loss=7653.2061 style=32.8065 mom=0.6037 struct=3.9704 tv=0.0000 idt=0.1435 it/s=5.51 eta=170.7s
2026-02-20 14:28:42,061 - INFO - [Epoch 1 Step 70/1000] loss=7548.2301 style=32.2762 mom=0.6014 struct=3.9746 tv=0.0000 idt=0.1669 it/s=5.59 eta=166.5s
2026-02-20 14:28:43,696 - INFO - [Epoch 1 Step 80/1000] loss=7512.9822 style=32.0352 mom=0.6023 struct=3.9818 tv=0.0000 idt=0.1993 it/s=5.65 eta=162.9s
2026-02-20 14:28:45,332 - INFO - [Epoch 1 Step 90/1000] loss=7421.1084 style=31.5347 mom=0.6018 struct=3.9880 tv=0.0000 idt=0.2339 it/s=5.69 eta=159.8s
2026-02-20 14:28:46,970 - INFO - [Epoch 1 Step 100/1000] loss=7334.5203 style=31.0614 mom=0.6021 struct=3.9959 tv=0.0000 idt=0.2667 it/s=5.73 eta=157.0s
2026-02-20 14:28:48,607 - INFO - [Epoch 1 Step 110/1000] loss=7252.8513 style=30.6546 mom=0.6005 struct=4.0031 tv=0.0000 idt=0.2822 it/s=5.77 eta=154.4s
2026-02-20 14:28:50,243 - INFO - [Epoch 1 Step 120/1000] loss=7162.8663 style=30.1989 mom=0.5998 struct=4.0101 tv=0.0000 idt=0.3021 it/s=5.79 eta=151.9s
2026-02-20 14:28:51,878 - INFO - [Epoch 1 Step 130/1000] loss=7091.4446 style=29.8282 mom=0.5977 struct=4.0183 tv=0.0000 idt=0.3218 it/s=5.82 eta=149.6s
2026-02-20 14:28:53,522 - INFO - [Epoch 1 Step 140/1000] loss=7000.9161 style=29.3839 mom=0.5964 struct=4.0238 tv=0.0000 idt=0.3363 it/s=5.83 eta=147.4s
2026-02-20 14:28:55,156 - INFO - [Epoch 1 Step 150/1000] loss=6941.2886 style=29.0611 mom=0.5956 struct=4.0309 tv=0.0000 idt=0.3579 it/s=5.85 eta=145.2s
2026-02-20 14:28:56,790 - INFO - [Epoch 1 Step 160/1000] loss=6871.2371 style=28.7005 mom=0.5936 struct=4.0401 tv=0.0000 idt=0.3759 it/s=5.87 eta=143.1s
2026-02-20 14:28:58,424 - INFO - [Epoch 1 Step 170/1000] loss=6799.3439 style=28.3113 mom=0.5914 struct=4.0503 tv=0.0000 idt=0.4021 it/s=5.88 eta=141.1s
2026-02-20 14:29:00,063 - INFO - [Epoch 1 Step 180/1000] loss=6724.2861 style=27.9354 mom=0.5896 struct=4.0587 tv=0.0000 idt=0.4172 it/s=5.89 eta=139.1s
2026-02-20 14:29:01,700 - INFO - [Epoch 1 Step 190/1000] loss=6661.4879 style=27.6040 mom=0.5867 struct=4.0704 tv=0.0000 idt=0.4367 it/s=5.91 eta=137.2s
2026-02-20 14:29:03,334 - INFO - [Epoch 1 Step 200/1000] loss=6601.2099 style=27.2861 mom=0.5844 struct=4.0820 tv=0.0000 idt=0.4552 it/s=5.92 eta=135.2s
2026-02-20 14:29:04,972 - INFO - [Epoch 1 Step 210/1000] loss=6532.5671 style=26.9350 mom=0.5819 struct=4.0908 tv=0.0000 idt=0.4721 it/s=5.92 eta=133.3s
2026-02-20 14:29:06,611 - INFO - [Epoch 1 Step 220/1000] loss=6463.0956 style=26.5945 mom=0.5785 struct=4.1005 tv=0.0000 idt=0.4835 it/s=5.93 eta=131.5s
2026-02-20 14:29:08,247 - INFO - [Epoch 1 Step 230/1000] loss=6407.7435 style=26.3054 mom=0.5758 struct=4.1124 tv=0.0000 idt=0.4995 it/s=5.94 eta=129.6s
2026-02-20 14:29:09,900 - INFO - [Epoch 1 Step 240/1000] loss=6357.2121 style=26.0400 mom=0.5731 struct=4.1247 tv=0.0000 idt=0.5145 it/s=5.94 eta=127.8s
2026-02-20 14:29:11,537 - INFO - [Epoch 1 Step 250/1000] loss=6313.1786 style=25.7993 mom=0.5710 struct=4.1349 tv=0.0000 idt=0.5315 it/s=5.95 eta=126.0s
2026-02-20 14:29:13,188 - INFO - [Epoch 1 Step 260/1000] loss=6276.6931 style=25.6093 mom=0.5690 struct=4.1461 tv=0.0000 idt=0.5415 it/s=5.96 eta=124.3s
2026-02-20 14:29:14,833 - INFO - [Epoch 1 Step 270/1000] loss=6235.3329 style=25.3879 mom=0.5670 struct=4.1566 tv=0.0000 idt=0.5555 it/s=5.96 eta=122.5s
2026-02-20 14:29:16,467 - INFO - [Epoch 1 Step 280/1000] loss=6194.0201 style=25.1802 mom=0.5655 struct=4.1667 tv=0.0000 idt=0.5638 it/s=5.97 eta=120.7s
2026-02-20 14:29:18,104 - INFO - [Epoch 1 Step 290/1000] loss=6155.7222 style=24.9851 mom=0.5642 struct=4.1759 tv=0.0000 idt=0.5725 it/s=5.97 eta=118.9s
2026-02-20 14:29:19,744 - INFO - [Epoch 1 Step 300/1000] loss=6119.1732 style=24.7935 mom=0.5626 struct=4.1836 tv=0.0000 idt=0.5833 it/s=5.97 eta=117.2s
2026-02-20 14:29:21,377 - INFO - [Epoch 1 Step 310/1000] loss=6094.5602 style=24.6601 mom=0.5616 struct=4.1911 tv=0.0000 idt=0.5921 it/s=5.98 eta=115.4s
2026-02-20 14:29:23,011 - INFO - [Epoch 1 Step 320/1000] loss=6057.6394 style=24.4654 mom=0.5599 struct=4.2024 tv=0.0000 idt=0.6032 it/s=5.98 eta=113.7s
2026-02-20 14:29:24,648 - INFO - [Epoch 1 Step 330/1000] loss=6023.3584 style=24.3011 mom=0.5583 struct=4.2094 tv=0.0000 idt=0.6070 it/s=5.99 eta=111.9s
2026-02-20 14:29:26,288 - INFO - [Epoch 1 Step 340/1000] loss=5994.6762 style=24.1530 mom=0.5575 struct=4.2173 tv=0.0000 idt=0.6142 it/s=5.99 eta=110.2s
2026-02-20 14:29:27,922 - INFO - [Epoch 1 Step 350/1000] loss=5967.5583 style=24.0109 mom=0.5567 struct=4.2258 tv=0.0000 idt=0.6218 it/s=5.99 eta=108.4s
2026-02-20 14:29:29,571 - INFO - [Epoch 1 Step 360/1000] loss=5934.5465 style=23.8464 mom=0.5555 struct=4.2338 tv=0.0000 idt=0.6279 it/s=6.00 eta=106.7s
2026-02-20 14:29:31,207 - INFO - [Epoch 1 Step 370/1000] loss=5905.9755 style=23.7085 mom=0.5541 struct=4.2412 tv=0.0000 idt=0.6314 it/s=6.00 eta=105.0s
2026-02-20 14:29:32,843 - INFO - [Epoch 1 Step 380/1000] loss=5876.4919 style=23.5700 mom=0.5528 struct=4.2489 tv=0.0000 idt=0.6334 it/s=6.00 eta=103.3s
2026-02-20 14:29:34,500 - INFO - [Epoch 1 Step 390/1000] loss=5851.6517 style=23.4404 mom=0.5518 struct=4.2565 tv=0.0000 idt=0.6402 it/s=6.00 eta=101.6s
2026-02-20 14:29:36,149 - INFO - [Epoch 1 Step 400/1000] loss=5829.1273 style=23.3292 mom=0.5507 struct=4.2623 tv=0.0000 idt=0.6440 it/s=6.00 eta=99.9s
2026-02-20 14:29:37,785 - INFO - [Epoch 1 Step 410/1000] loss=5806.6306 style=23.2208 mom=0.5496 struct=4.2696 tv=0.0000 idt=0.6465 it/s=6.01 eta=98.2s
2026-02-20 14:29:39,420 - INFO - [Epoch 1 Step 420/1000] loss=5788.5175 style=23.1238 mom=0.5487 struct=4.2771 tv=0.0000 idt=0.6524 it/s=6.01 eta=96.5s
2026-02-20 14:29:41,057 - INFO - [Epoch 1 Step 430/1000] loss=5774.1144 style=23.0572 mom=0.5478 struct=4.2823 tv=0.0000 idt=0.6529 it/s=6.01 eta=94.8s
2026-02-20 14:29:42,692 - INFO - [Epoch 1 Step 440/1000] loss=5760.2514 style=22.9775 mom=0.5470 struct=4.2889 tv=0.0000 idt=0.6596 it/s=6.01 eta=93.1s
2026-02-20 14:29:44,327 - INFO - [Epoch 1 Step 450/1000] loss=5740.1125 style=22.8740 mom=0.5459 struct=4.2947 tv=0.0000 idt=0.6646 it/s=6.02 eta=91.4s
2026-02-20 14:29:45,963 - INFO - [Epoch 1 Step 460/1000] loss=5717.9922 style=22.7786 mom=0.5453 struct=4.2994 tv=0.0000 idt=0.6627 it/s=6.02 eta=89.7s
2026-02-20 14:29:47,598 - INFO - [Epoch 1 Step 470/1000] loss=5698.7042 style=22.6887 mom=0.5443 struct=4.3044 tv=0.0000 idt=0.6638 it/s=6.02 eta=88.0s
2026-02-20 14:29:49,258 - INFO - [Epoch 1 Step 480/1000] loss=5678.3380 style=22.5880 mom=0.5435 struct=4.3104 tv=0.0000 idt=0.6671 it/s=6.02 eta=86.4s
2026-02-20 14:29:50,894 - INFO - [Epoch 1 Step 490/1000] loss=5658.8550 style=22.4903 mom=0.5425 struct=4.3164 tv=0.0000 idt=0.6709 it/s=6.02 eta=84.7s
2026-02-20 14:29:52,532 - INFO - [Epoch 1 Step 500/1000] loss=5639.1902 style=22.3957 mom=0.5413 struct=4.3225 tv=0.0000 idt=0.6732 it/s=6.02 eta=83.0s
2026-02-20 14:29:54,190 - INFO - [Epoch 1 Step 510/1000] loss=5618.0893 style=22.2960 mom=0.5401 struct=4.3274 tv=0.0000 idt=0.6750 it/s=6.02 eta=81.3s
2026-02-20 14:29:55,832 - INFO - [Epoch 1 Step 520/1000] loss=5606.3631 style=22.2408 mom=0.5399 struct=4.3313 tv=0.0000 idt=0.6757 it/s=6.03 eta=79.7s
2026-02-20 14:29:57,465 - INFO - [Epoch 1 Step 530/1000] loss=5593.3873 style=22.1783 mom=0.5393 struct=4.3356 tv=0.0000 idt=0.6771 it/s=6.03 eta=78.0s
2026-02-20 14:29:59,102 - INFO - [Epoch 1 Step 540/1000] loss=5575.6560 style=22.0975 mom=0.5388 struct=4.3414 tv=0.0000 idt=0.6771 it/s=6.03 eta=76.3s
2026-02-20 14:30:00,760 - INFO - [Epoch 1 Step 550/1000] loss=5559.5928 style=22.0239 mom=0.5382 struct=4.3468 tv=0.0000 idt=0.6773 it/s=6.03 eta=74.6s
2026-02-20 14:30:02,415 - INFO - [Epoch 1 Step 560/1000] loss=5542.8392 style=21.9491 mom=0.5375 struct=4.3532 tv=0.0000 idt=0.6767 it/s=6.03 eta=73.0s
2026-02-20 14:30:04,051 - INFO - [Epoch 1 Step 570/1000] loss=5526.1475 style=21.8717 mom=0.5368 struct=4.3572 tv=0.0000 idt=0.6774 it/s=6.03 eta=71.3s
2026-02-20 14:30:05,700 - INFO - [Epoch 1 Step 580/1000] loss=5510.3315 style=21.7964 mom=0.5360 struct=4.3617 tv=0.0000 idt=0.6789 it/s=6.03 eta=69.6s
2026-02-20 14:30:07,342 - INFO - [Epoch 1 Step 590/1000] loss=5493.7134 style=21.7259 mom=0.5353 struct=4.3648 tv=0.0000 idt=0.6771 it/s=6.03 eta=68.0s
2026-02-20 14:30:08,978 - INFO - [Epoch 1 Step 600/1000] loss=5479.6791 style=21.6578 mom=0.5345 struct=4.3694 tv=0.0000 idt=0.6789 it/s=6.03 eta=66.3s
2026-02-20 14:30:10,615 - INFO - [Epoch 1 Step 610/1000] loss=5464.4681 style=21.5916 mom=0.5340 struct=4.3740 tv=0.0000 idt=0.6777 it/s=6.03 eta=64.6s
2026-02-20 14:30:12,250 - INFO - [Epoch 1 Step 620/1000] loss=5449.7886 style=21.5253 mom=0.5331 struct=4.3796 tv=0.0000 idt=0.6776 it/s=6.04 eta=63.0s
2026-02-20 14:30:13,883 - INFO - [Epoch 1 Step 630/1000] loss=5437.0860 style=21.4732 mom=0.5328 struct=4.3836 tv=0.0000 idt=0.6752 it/s=6.04 eta=61.3s
2026-02-20 14:30:15,519 - INFO - [Epoch 1 Step 640/1000] loss=5420.8396 style=21.3998 mom=0.5320 struct=4.3878 tv=0.0000 idt=0.6751 it/s=6.04 eta=59.6s
2026-02-20 14:30:17,154 - INFO - [Epoch 1 Step 650/1000] loss=5405.9311 style=21.3366 mom=0.5313 struct=4.3908 tv=0.0000 idt=0.6735 it/s=6.04 eta=58.0s
2026-02-20 14:30:18,790 - INFO - [Epoch 1 Step 660/1000] loss=5389.9289 style=21.2677 mom=0.5305 struct=4.3945 tv=0.0000 idt=0.6721 it/s=6.04 eta=56.3s
2026-02-20 14:30:20,421 - INFO - [Epoch 1 Step 670/1000] loss=5378.0700 style=21.2125 mom=0.5301 struct=4.3991 tv=0.0000 idt=0.6725 it/s=6.04 eta=54.6s
2026-02-20 14:30:22,056 - INFO - [Epoch 1 Step 680/1000] loss=5367.3615 style=21.1656 mom=0.5297 struct=4.4020 tv=0.0000 idt=0.6718 it/s=6.04 eta=53.0s
2026-02-20 14:30:23,689 - INFO - [Epoch 1 Step 690/1000] loss=5353.8150 style=21.1056 mom=0.5290 struct=4.4048 tv=0.0000 idt=0.6714 it/s=6.04 eta=51.3s
2026-02-20 14:30:25,324 - INFO - [Epoch 1 Step 700/1000] loss=5339.4490 style=21.0441 mom=0.5282 struct=4.4069 tv=0.0000 idt=0.6701 it/s=6.05 eta=49.6s
2026-02-20 14:30:26,957 - INFO - [Epoch 1 Step 710/1000] loss=5329.9527 style=21.0007 mom=0.5279 struct=4.4118 tv=0.0000 idt=0.6701 it/s=6.05 eta=48.0s
2026-02-20 14:30:28,590 - INFO - [Epoch 1 Step 720/1000] loss=5313.3368 style=20.9305 mom=0.5274 struct=4.4149 tv=0.0000 idt=0.6680 it/s=6.05 eta=46.3s
2026-02-20 14:30:30,222 - INFO - [Epoch 1 Step 730/1000] loss=5301.6468 style=20.8827 mom=0.5268 struct=4.4171 tv=0.0000 idt=0.6660 it/s=6.05 eta=44.6s
2026-02-20 14:30:31,858 - INFO - [Epoch 1 Step 740/1000] loss=5291.7019 style=20.8385 mom=0.5263 struct=4.4205 tv=0.0000 idt=0.6656 it/s=6.05 eta=43.0s
2026-02-20 14:30:33,491 - INFO - [Epoch 1 Step 750/1000] loss=5279.0810 style=20.7876 mom=0.5255 struct=4.4239 tv=0.0000 idt=0.6632 it/s=6.05 eta=41.3s
2026-02-20 14:30:35,128 - INFO - [Epoch 1 Step 760/1000] loss=5270.1666 style=20.7494 mom=0.5251 struct=4.4275 tv=0.0000 idt=0.6621 it/s=6.05 eta=39.7s
2026-02-20 14:30:36,763 - INFO - [Epoch 1 Step 770/1000] loss=5258.4834 style=20.7008 mom=0.5245 struct=4.4304 tv=0.0000 idt=0.6604 it/s=6.05 eta=38.0s
2026-02-20 14:30:38,413 - INFO - [Epoch 1 Step 780/1000] loss=5246.8930 style=20.6520 mom=0.5239 struct=4.4332 tv=0.0000 idt=0.6590 it/s=6.05 eta=36.4s
2026-02-20 14:30:40,049 - INFO - [Epoch 1 Step 790/1000] loss=5235.3972 style=20.6060 mom=0.5232 struct=4.4367 tv=0.0000 idt=0.6566 it/s=6.05 eta=34.7s
2026-02-20 14:30:41,685 - INFO - [Epoch 1 Step 800/1000] loss=5224.5736 style=20.5586 mom=0.5227 struct=4.4398 tv=0.0000 idt=0.6559 it/s=6.05 eta=33.0s
2026-02-20 14:30:43,321 - INFO - [Epoch 1 Step 810/1000] loss=5214.0727 style=20.5136 mom=0.5221 struct=4.4431 tv=0.0000 idt=0.6549 it/s=6.05 eta=31.4s
2026-02-20 14:30:44,961 - INFO - [Epoch 1 Step 820/1000] loss=5204.5706 style=20.4716 mom=0.5217 struct=4.4458 tv=0.0000 idt=0.6544 it/s=6.05 eta=29.7s
2026-02-20 14:30:46,595 - INFO - [Epoch 1 Step 830/1000] loss=5194.5599 style=20.4301 mom=0.5212 struct=4.4488 tv=0.0000 idt=0.6528 it/s=6.06 eta=28.1s
2026-02-20 14:30:48,233 - INFO - [Epoch 1 Step 840/1000] loss=5184.1159 style=20.3876 mom=0.5207 struct=4.4515 tv=0.0000 idt=0.6509 it/s=6.06 eta=26.4s
2026-02-20 14:30:49,870 - INFO - [Epoch 1 Step 850/1000] loss=5174.0562 style=20.3478 mom=0.5203 struct=4.4550 tv=0.0000 idt=0.6484 it/s=6.06 eta=24.8s
2026-02-20 14:30:51,505 - INFO - [Epoch 1 Step 860/1000] loss=5164.0561 style=20.3092 mom=0.5200 struct=4.4582 tv=0.0000 idt=0.6456 it/s=6.06 eta=23.1s
2026-02-20 14:30:53,142 - INFO - [Epoch 1 Step 870/1000] loss=5156.1873 style=20.2785 mom=0.5199 struct=4.4609 tv=0.0000 idt=0.6435 it/s=6.06 eta=21.5s
2026-02-20 14:30:54,775 - INFO - [Epoch 1 Step 880/1000] loss=5147.4417 style=20.2436 mom=0.5195 struct=4.4643 tv=0.0000 idt=0.6415 it/s=6.06 eta=19.8s
2026-02-20 14:30:56,411 - INFO - [Epoch 1 Step 890/1000] loss=5136.2849 style=20.1955 mom=0.5189 struct=4.4663 tv=0.0000 idt=0.6406 it/s=6.06 eta=18.2s
2026-02-20 14:30:58,042 - INFO - [Epoch 1 Step 900/1000] loss=5126.9271 style=20.1564 mom=0.5185 struct=4.4692 tv=0.0000 idt=0.6392 it/s=6.06 eta=16.5s
2026-02-20 14:30:59,680 - INFO - [Epoch 1 Step 910/1000] loss=5117.7563 style=20.1181 mom=0.5180 struct=4.4710 tv=0.0000 idt=0.6380 it/s=6.06 eta=14.9s
2026-02-20 14:31:01,337 - INFO - [Epoch 1 Step 920/1000] loss=5110.6718 style=20.0907 mom=0.5176 struct=4.4738 tv=0.0000 idt=0.6360 it/s=6.06 eta=13.2s
2026-02-20 14:31:02,975 - INFO - [Epoch 1 Step 930/1000] loss=5101.7830 style=20.0569 mom=0.5173 struct=4.4758 tv=0.0000 idt=0.6333 it/s=6.06 eta=11.5s
2026-02-20 14:31:04,608 - INFO - [Epoch 1 Step 940/1000] loss=5093.8091 style=20.0247 mom=0.5170 struct=4.4787 tv=0.0000 idt=0.6317 it/s=6.06 eta=9.9s
2026-02-20 14:31:06,254 - INFO - [Epoch 1 Step 950/1000] loss=5085.6678 style=19.9931 mom=0.5167 struct=4.4806 tv=0.0000 idt=0.6295 it/s=6.06 eta=8.2s
2026-02-20 14:31:07,888 - INFO - [Epoch 1 Step 960/1000] loss=5077.0985 style=19.9608 mom=0.5164 struct=4.4828 tv=0.0000 idt=0.6269 it/s=6.06 eta=6.6s
2026-02-20 14:31:09,520 - INFO - [Epoch 1 Step 970/1000] loss=5070.4546 style=19.9315 mom=0.5160 struct=4.4857 tv=0.0000 idt=0.6265 it/s=6.06 eta=4.9s
2026-02-20 14:31:11,154 - INFO - [Epoch 1 Step 980/1000] loss=5064.8229 style=19.9097 mom=0.5157 struct=4.4883 tv=0.0000 idt=0.6249 it/s=6.06 eta=3.3s
2026-02-20 14:31:12,790 - INFO - [Epoch 1 Step 990/1000] loss=5058.9507 style=19.8878 mom=0.5155 struct=4.4914 tv=0.0000 idt=0.6228 it/s=6.06 eta=1.6s
2026-02-20 14:31:14,424 - INFO - [Epoch 1 Step 1000/1000] loss=5049.6413 style=19.8482 mom=0.5151 struct=4.4945 tv=0.0000 idt=0.6217 it/s=6.06 eta=0.0s
2026-02-20 14:31:14,426 - INFO - Epoch 1/1 | loss=5049.6413 style_swd=19.8482 mom=0.5151 struct=4.4945 tv=0.0000 idt=0.6217 steps=1.0 h=1.00 s=1.00 lr=5.00e-04 data=1.2s comp=163.7s
2026-02-20 14:31:14,508 - INFO - Saved checkpoint: G:\GitHub\Latent_Style\Cycle-NCE\ssim-optun-nce\trial_0249\epoch_0001.pt (step=1000)
2026-02-20 14:31:14,509 - INFO - Running full eval for epoch 1 -> G:\GitHub\Latent_Style\Cycle-NCE\ssim-optun-nce\trial_0249\full_eval\epoch_0001
2026-02-20 14:32:08,107 - INFO - Full eval completed for epoch 1. Log: G:\GitHub\Latent_Style\Cycle-NCE\ssim-optun-nce\trial_0249\logs\full_eval_epoch_0001.log
2026-02-20 14:32:08,107 - INFO - Training completed.
